12:20:23.044 [main                     ] DEBUG Logger               - Configured Logger
12:20:23.079 [main                     ] DEBUG GameApplication      - Logging settings
Title: Nuclear Throne Atomic
Version: 0.0
Width: 800
Height: 600
Fullscreen: true
Intro: false
Profiling: false
Single step:false
App Mode: DEVELOPER
Menu Key: ESCAPE
Stage Style: DECORATED
Scene Factory: class com.almasb.fxgl.app.scene.SceneFactory

12:20:24.151 [JavaFX Application Thread] DEBUG FXGLApplication      - Initializing FXGL
12:20:24.159 [JavaFX Application Thread] INFO  Engine               - FXGL-17.2 (20.08.2022 16.50) on WINDOWS (J:19.0.2 FX:19.0.2.1)
12:20:24.160 [JavaFX Application Thread] DEBUG Engine               - JRE Vendor Name: Oracle Corporation
12:20:24.160 [JavaFX Application Thread] DEBUG Engine               - Running on OS: Windows 10 version 10.0
12:20:24.161 [JavaFX Application Thread] DEBUG Engine               - Architecture: amd64
12:20:24.161 [JavaFX Application Thread] INFO  Engine               - Source code and latest versions at: https://github.com/AlmasB/FXGL
12:20:24.161 [JavaFX Application Thread] INFO  Engine               -       Ask questions and discuss at: https://github.com/AlmasB/FXGL/discussions
12:20:24.161 [JavaFX Application Thread] INFO  Engine               -              Join the FXGL chat at: https://gitter.im/AlmasB/FXGL
12:20:24.293 [JavaFX Application Thread] DEBUG PrimaryStageWindow   - Creating a JavaFX scene
12:20:24.369 [JavaFX Application Thread] DEBUG PrimaryStageWindow   - Target settings size: 800.0 x 600.0
12:20:24.369 [JavaFX Application Thread] DEBUG PrimaryStageWindow   - Scaled scene size:    800.0 x 600.0
12:20:24.371 [JavaFX Application Thread] DEBUG PrimaryStageWindow   - Scaled ratio: (1.0, 1.0)
12:20:24.373 [JavaFX Application Thread] DEBUG PrimaryStageWindow   - Set initial scene to FXGLStartupScene
12:20:24.381 [JavaFX Application Thread] DEBUG PrimaryStageWindow   - Opening main window
12:20:24.544 [JavaFX Application Thread] DEBUG PrimaryStageWindow   - Window border size: (16.0, 39.0)
12:20:24.544 [JavaFX Application Thread] DEBUG PrimaryStageWindow   - Scaled size: 800.0 x 600.0
12:20:24.544 [JavaFX Application Thread] DEBUG PrimaryStageWindow   - Scaled ratio: (1.0, 1.0)
12:20:24.545 [JavaFX Application Thread] DEBUG PrimaryStageWindow   - Scene size: 800.0 x 600.0
12:20:24.545 [JavaFX Application Thread] DEBUG PrimaryStageWindow   - Stage size: 816.0 x 639.0
12:20:24.650 [JavaFX Application Thread] DEBUG PrimaryStageWindow   - Going fullscreen
12:20:24.677 [FXGL Background Thread 1 ] DEBUG Engine               - Initializing environment variables
12:20:24.776 [FXGL Background Thread 1 ] DEBUG FXGLAssetLoaderServi - User app class for loading assets: class com.example.nuclearthroneatomic.Controller
12:20:24.777 [FXGL Background Thread 1 ] DEBUG GameApplicationServi - Applying CSS: fxgl_dark.css
12:20:24.779 [FXGL Background Thread 1 ] DEBUG FXGLAssetLoaderServi - Loading from file system: jar:file:///C:/Users/Juan/.m2/repository/com/github/almasb/fxgl/17.2/fxgl-17.2.jar!/fxglassets/ui/css/fxgl_dark.css
12:20:24.844 [FXGL Background Thread 1 ] DEBUG GameApplicationServi - Initializing application scenes
12:20:24.998 [FXGL Background Thread 1 ] DEBUG GameWorld            - Game world initialized
12:20:25.087 [FXGL Background Thread 1 ] DEBUG PhysicsWorld         - Physics world initialized: appHeight=600, physics.ppm=50,0
12:20:25.087 [FXGL Background Thread 1 ] DEBUG PhysicsWorld         - Using strategy: BRUTE_FORCE
12:20:25.093 [FXGL Background Thread 1 ] DEBUG GameScene            - Game scene initialized: 800x600
12:20:25.122 [FXGL Background Thread 1 ] DEBUG FXGL.DefaultMenu     - createMenuBodyMainMenu()
12:20:25.174 [FXGL Background Thread 1 ] DEBUG FXGL.DefaultMenu     - createOptionsMenu()
12:20:25.185 [FXGL Background Thread 1 ] DEBUG FXGL.DefaultMenu     - createExtraMenu()
12:20:25.201 [FXGL Background Thread 1 ] DEBUG FXGLAssetLoaderServi - Loading from file system: jar:file:///C:/Users/Juan/.m2/repository/com/github/almasb/fxgl/17.2/fxgl-17.2.jar!/fxglassets/textures/particles/smoke.png
12:20:25.483 [FXGL Background Thread 1 ] DEBUG FXGLAssetLoaderServi - Loading from file system: jar:file:///C:/Users/Juan/.m2/repository/com/github/almasb/fxgl/17.2/fxgl-17.2.jar!/fxglassets/textures/particles/trace_horizontal.png
12:20:25.532 [FXGL Background Thread 1 ] DEBUG FXGL.DefaultMenu     - createMenuBodyGameMenu()
12:20:25.534 [FXGL Background Thread 1 ] DEBUG FXGL.DefaultMenu     - createOptionsMenu()
12:20:25.536 [FXGL Background Thread 1 ] DEBUG FXGL.DefaultMenu     - createExtraMenu()
12:20:25.555 [FXGL Background Thread 1 ] DEBUG GameApplicationServi - Application scenes initialized
12:20:25.576 [FXGL Background Thread 1 ] DEBUG SystemBundleService  - Loading FXGL system data
12:20:25.615 [FXGL Background Thread 1 ] DEBUG FileSystemAccess     - Reading from: C:\Users\Juan\Desktop\APOOOO\NuclearThroneAtomic\src\nuclearthroneatomic\system\fxgl.bundle
12:20:25.641 [FXGL Background Thread 1 ] DEBUG SystemBundleService  - Bundle FXGL: {}
12:20:25.642 [FXGL Background Thread 1 ] DEBUG UpdaterService       - Checking for updates
12:20:25.650 [FXGL Background Thread 4 ] DEBUG FXGLApplication      - Loading fonts
12:20:25.651 [FXGL Background Thread 4 ] DEBUG FXGLAssetLoaderServi - Loading from file system: jar:file:///C:/Users/Juan/.m2/repository/com/github/almasb/fxgl/17.2/fxgl-17.2.jar!/fxglassets/ui/fonts/VarelaRound-Regular.ttf
12:20:25.652 [FXGL Background Thread 1 ] DEBUG FXGLAssetLoaderServi - Loading from file system: jar:file:///C:/Users/Juan/.m2/repository/com/github/almasb/fxgl/17.2/fxgl-17.2.jar!/fxglassets/languages/english.lang
12:20:25.694 [FXGL Background Thread 1 ] INFO  FXGLApplication      - FXGL initialization took: 1,018 sec
12:20:25.706 [JavaFX Application Thread] DEBUG Input                - Registered new binding: lucky - Q
12:20:25.706 [JavaFX Application Thread] DEBUG Input                - Registered new binding: health - F
12:20:25.706 [JavaFX Application Thread] DEBUG Input                - Registered new binding: Right - D
12:20:25.706 [JavaFX Application Thread] DEBUG Input                - Registered new binding: Left - A
12:20:25.706 [JavaFX Application Thread] DEBUG Input                - Registered new binding: Up - W
12:20:25.706 [JavaFX Application Thread] DEBUG Input                - Registered new binding: Down - S
12:20:25.708 [JavaFX Application Thread] DEBUG Input                - Registered new binding: Reload - RMB
12:20:25.709 [JavaFX Application Thread] DEBUG Input                - Registered new binding: Shoot - LMB
12:20:25.709 [JavaFX Application Thread] DEBUG FXGLAssetLoaderServi - Loading from file system: file:/C:/Users/Juan/Desktop/APOOOO/NuclearThroneAtomic/src/nuclearthroneatomic/target/classes/assets/music/muiscformenus.mp3
12:20:25.742 [FXGL Background Thread 4 ] DEBUG FXGLAssetLoaderServi - Loading from file system: jar:file:///C:/Users/Juan/.m2/repository/com/github/almasb/fxgl/17.2/fxgl-17.2.jar!/fxglassets/ui/fonts/Abel-Regular.ttf
12:20:25.749 [FXGL Background Thread 4 ] DEBUG FXGLAssetLoaderServi - Loading from file system: jar:file:///C:/Users/Juan/.m2/repository/com/github/almasb/fxgl/17.2/fxgl-17.2.jar!/fxglassets/ui/fonts/TerminalLandMono-Regular.otf
12:20:25.763 [FXGL Background Thread 4 ] DEBUG FXGLAssetLoaderServi - Loading from file system: jar:file:///C:/Users/Juan/.m2/repository/com/github/almasb/fxgl/17.2/fxgl-17.2.jar!/fxglassets/ui/fonts/Courier-Prime.ttf
12:20:26.113 [JavaFX Application Thread] DEBUG AudioPlayer          - Playing music com.almasb.fxgl.audio.Music@317e40a5
12:20:26.114 [JavaFX Application Thread] DEBUG FXGLAssetLoaderServi - Loading from file system: jar:file:///C:/Users/Juan/.m2/repository/com/github/almasb/fxgl/17.2/fxgl-17.2.jar!/fxglassets/textures/fxgl_icon.png
12:20:26.158 [JavaFX Application Thread] DEBUG FXGLAssetLoaderServi - Loading from file system: jar:file:///C:/Users/Juan/.m2/repository/com/github/almasb/fxgl/17.2/fxgl-17.2.jar!/fxglassets/textures/fxgl_default_cursor.png
12:20:26.168 [JavaFX Application Thread] DEBUG Input                - Registered new binding: Screenshot - CTRL+8
12:20:26.172 [JavaFX Application Thread] DEBUG Input                - Registered new binding: System info dump - CTRL+9
12:20:26.173 [JavaFX Application Thread] DEBUG Input                - Registered new binding: Restart - CTRL+R
12:20:26.174 [JavaFX Application Thread] DEBUG Input                - Registered new binding: Toggle Debug Camera - CTRL+7
12:20:26.176 [JavaFX Application Thread] DEBUG LoopRunner           - Starting loop
12:20:26.176 [JavaFX Application Thread] DEBUG LoopRunner           - Initializing JavaFX AnimationTimerLoop
12:20:26.180 [JavaFX Application Thread] DEBUG Input                - Clearing active input actions
12:20:26.193 [JavaFX Application Thread] DEBUG GameApplicationServi - Removing overlay from FXGLStartupScene and adding to FXGLMainMenuDummyScene
12:20:26.194 [JavaFX Application Thread] DEBUG PrimaryStageWindow   - FXGLStartupScene -> FXGLMainMenuDummyScene
12:20:26.194 [JavaFX Application Thread] DEBUG PrimaryStageWindow   - Push state: FXGLDefaultMenu
12:20:26.201 [JavaFX Application Thread] DEBUG Input                - Clearing active input actions
12:20:26.212 [JavaFX Application Thread] DEBUG GameApplicationServi - Removing overlay from FXGLMainMenuDummyScene and adding to FXGLDefaultMenu
12:20:26.213 [JavaFX Application Thread] DEBUG PrimaryStageWindow   - FXGLMainMenuDummyScene -> FXGLDefaultMenu
12:20:26.213 [JavaFX Application Thread] DEBUG FXGLApplication      - Registering font factories with UI factory
12:20:27.236 [FXGL Background Thread 2 ] INFO  UpdaterService       - Your current version:  17.2
12:20:27.237 [FXGL Background Thread 2 ] INFO  UpdaterService       - Latest stable version: 17.3
12:20:27.973 [JavaFX Application Thread] DEBUG Menu                 - fireNewGame()
12:20:27.973 [JavaFX Application Thread] DEBUG GameApplicationServi - Starting new game
12:20:27.983 [JavaFX Application Thread] DEBUG PrimaryStageWindow   - Pop state: FXGLDefaultMenu
12:20:27.984 [JavaFX Application Thread] DEBUG Input                - Clearing active input actions
12:20:27.987 [JavaFX Application Thread] DEBUG GameApplicationServi - Removing overlay from FXGLDefaultMenu and adding to FXGLMainMenuDummyScene
12:20:27.990 [JavaFX Application Thread] DEBUG PrimaryStageWindow   - FXGLMainMenuDummyScene <- FXGLDefaultMenu
12:20:27.990 [JavaFX Application Thread] DEBUG Input                - Clearing active input actions
12:20:27.999 [JavaFX Application Thread] DEBUG GameApplicationServi - Removing overlay from FXGLMainMenuDummyScene and adding to FXGLLoadingScene
12:20:28.000 [JavaFX Application Thread] DEBUG PrimaryStageWindow   - FXGLMainMenuDummyScene -> FXGLLoadingScene
12:20:28.000 [JavaFX Application Thread] DEBUG GameApplicationServi - Clearing previous game
12:20:28.000 [JavaFX Application Thread] DEBUG GameScene            - Clearing game scene
12:20:28.000 [JavaFX Application Thread] DEBUG GameWorld            - Clearing game world
12:20:28.000 [JavaFX Application Thread] DEBUG PhysicsWorld         - Clearing physics world
12:20:28.004 [FXGL Background Thread 2 ] DEBUG FXGLApplication      - Initializing game
12:20:28.016 [FXGL Background Thread 2 ] DEBUG FXGLAssetLoaderServi - Loading from file system: file:/C:/Users/Juan/Desktop/APOOOO/NuclearThroneAtomic/src/nuclearthroneatomic/target/classes/assets/textures/Background/libraryYesOMG.png
12:20:28.031 [FXGL Background Thread 2 ] DEBUG FXGLAssetLoaderServi - Loading from file system: file:/C:/Users/Juan/Desktop/APOOOO/NuclearThroneAtomic/src/nuclearthroneatomic/target/classes/assets/textures/Avatar/1-Idle/1.png
12:20:28.039 [FXGL Background Thread 2 ] DEBUG FXGLAssetLoaderServi - Loading from file system: file:/C:/Users/Juan/Desktop/APOOOO/NuclearThroneAtomic/src/nuclearthroneatomic/target/classes/assets/textures/Avatar/1-Idle/2.png
12:20:28.042 [FXGL Background Thread 2 ] DEBUG FXGLAssetLoaderServi - Loading from file system: file:/C:/Users/Juan/Desktop/APOOOO/NuclearThroneAtomic/src/nuclearthroneatomic/target/classes/assets/textures/Avatar/1-Idle/3.png
12:20:28.047 [FXGL Background Thread 2 ] DEBUG FXGLAssetLoaderServi - Loading from file system: file:/C:/Users/Juan/Desktop/APOOOO/NuclearThroneAtomic/src/nuclearthroneatomic/target/classes/assets/textures/Avatar/1-Idle/4.png
12:20:28.099 [FXGL Background Thread 2 ] DEBUG FXGLAssetLoaderServi - Loading from file system: file:/C:/Users/Juan/Desktop/APOOOO/NuclearThroneAtomic/src/nuclearthroneatomic/target/classes/assets/textures/Avatar/2-Run/1.png
12:20:28.107 [FXGL Background Thread 2 ] DEBUG FXGLAssetLoaderServi - Loading from file system: file:/C:/Users/Juan/Desktop/APOOOO/NuclearThroneAtomic/src/nuclearthroneatomic/target/classes/assets/textures/Avatar/2-Run/2.png
12:20:28.109 [FXGL Background Thread 2 ] DEBUG FXGLAssetLoaderServi - Loading from file system: file:/C:/Users/Juan/Desktop/APOOOO/NuclearThroneAtomic/src/nuclearthroneatomic/target/classes/assets/textures/Avatar/2-Run/3.png
12:20:28.116 [FXGL Background Thread 2 ] DEBUG FXGLAssetLoaderServi - Loading from file system: file:/C:/Users/Juan/Desktop/APOOOO/NuclearThroneAtomic/src/nuclearthroneatomic/target/classes/assets/textures/Avatar/2-Run/4.png
12:20:28.122 [FXGL Background Thread 2 ] DEBUG FXGLAssetLoaderServi - Loading from file system: file:/C:/Users/Juan/Desktop/APOOOO/NuclearThroneAtomic/src/nuclearthroneatomic/target/classes/assets/textures/Avatar/2-Run/5.png
12:20:28.127 [FXGL Background Thread 2 ] DEBUG FXGLAssetLoaderServi - Loading from file system: file:/C:/Users/Juan/Desktop/APOOOO/NuclearThroneAtomic/src/nuclearthroneatomic/target/classes/assets/textures/Avatar/2-Run/6.png
12:20:28.146 [FXGL Background Thread 2 ] DEBUG FXGLAssetLoaderServi - Loading from file system: file:/C:/Users/Juan/Desktop/APOOOO/NuclearThroneAtomic/src/nuclearthroneatomic/target/classes/assets/textures/Munition/1.png
12:20:28.200 [FXGL Background Thread 2 ] DEBUG FXGLAssetLoaderServi - Loading from file system: file:/C:/Users/Juan/Desktop/APOOOO/NuclearThroneAtomic/src/nuclearthroneatomic/target/classes/assets/textures/hud/lifeplayer.png
12:20:28.224 [FXGL Background Thread 2 ] DEBUG FXGLAssetLoaderServi - Loading from file system: file:/C:/Users/Juan/Desktop/APOOOO/NuclearThroneAtomic/src/nuclearthroneatomic/target/classes/assets/textures/hud/medkit.png
12:20:28.247 [FXGL Background Thread 2 ] DEBUG FXGLAssetLoaderServi - Loading from file system: file:/C:/Users/Juan/Desktop/APOOOO/NuclearThroneAtomic/src/nuclearthroneatomic/target/classes/assets/textures/hud/trebol.png
12:20:28.252 [FXGL Background Thread 2 ] DEBUG FXGLAssetLoaderServi - Loading from file system: file:/C:/Users/Juan/Desktop/APOOOO/NuclearThroneAtomic/src/nuclearthroneatomic/target/classes/assets/textures/Guns/2.png
12:20:28.271 [FXGL Background Thread 2 ] DEBUG FXGLAssetLoaderServi - Loading from file system: file:/C:/Users/Juan/Desktop/APOOOO/NuclearThroneAtomic/src/nuclearthroneatomic/target/classes/assets/textures/enemy/1-Idle/1.png
12:20:28.279 [FXGL Background Thread 2 ] DEBUG FXGLAssetLoaderServi - Loading from file system: file:/C:/Users/Juan/Desktop/APOOOO/NuclearThroneAtomic/src/nuclearthroneatomic/target/classes/assets/textures/enemy/1-Idle/2.png
12:20:28.281 [FXGL Background Thread 2 ] DEBUG FXGLAssetLoaderServi - Loading from file system: file:/C:/Users/Juan/Desktop/APOOOO/NuclearThroneAtomic/src/nuclearthroneatomic/target/classes/assets/textures/enemy/1-Idle/3.png
12:20:28.282 [FXGL Background Thread 2 ] DEBUG FXGLAssetLoaderServi - Loading from file system: file:/C:/Users/Juan/Desktop/APOOOO/NuclearThroneAtomic/src/nuclearthroneatomic/target/classes/assets/textures/enemy/1-Idle/4.png
12:20:28.298 [FXGL Background Thread 2 ] DEBUG FXGLAssetLoaderServi - Loading from file system: file:/C:/Users/Juan/Desktop/APOOOO/NuclearThroneAtomic/src/nuclearthroneatomic/target/classes/assets/textures/enemy/2-Run/1.png
12:20:28.300 [FXGL Background Thread 2 ] DEBUG FXGLAssetLoaderServi - Loading from file system: file:/C:/Users/Juan/Desktop/APOOOO/NuclearThroneAtomic/src/nuclearthroneatomic/target/classes/assets/textures/enemy/2-Run/2.png
12:20:28.309 [FXGL Background Thread 2 ] DEBUG FXGLAssetLoaderServi - Loading from file system: file:/C:/Users/Juan/Desktop/APOOOO/NuclearThroneAtomic/src/nuclearthroneatomic/target/classes/assets/textures/enemy/2-Run/3.png
12:20:28.312 [FXGL Background Thread 2 ] DEBUG FXGLAssetLoaderServi - Loading from file system: file:/C:/Users/Juan/Desktop/APOOOO/NuclearThroneAtomic/src/nuclearthroneatomic/target/classes/assets/textures/enemy/2-Run/4.png
12:20:28.315 [FXGL Background Thread 2 ] DEBUG FXGLAssetLoaderServi - Loading from file system: file:/C:/Users/Juan/Desktop/APOOOO/NuclearThroneAtomic/src/nuclearthroneatomic/target/classes/assets/textures/enemy/2-Run/5.png
12:20:28.317 [FXGL Background Thread 2 ] DEBUG FXGLAssetLoaderServi - Loading from file system: file:/C:/Users/Juan/Desktop/APOOOO/NuclearThroneAtomic/src/nuclearthroneatomic/target/classes/assets/textures/enemy/2-Run/6.png
12:20:28.327 [FXGL Background Thread 2 ] DEBUG FXGLAssetLoaderServi - Loading from file system: file:/C:/Users/Juan/Desktop/APOOOO/NuclearThroneAtomic/src/nuclearthroneatomic/target/classes/assets/textures/Guns/1.png
12:20:28.348 [FXGL Background Thread 2 ] DEBUG FXGLAssetLoaderServi - Loading from file system: file:/C:/Users/Juan/Desktop/APOOOO/NuclearThroneAtomic/src/nuclearthroneatomic/target/classes/assets/textures/mouse/mousecomplete.png
12:20:28.352 [FXGL Background Thread 2 ] DEBUG FXGLAssetLoaderServi - Loading from file system: file:/C:/Users/Juan/Desktop/APOOOO/NuclearThroneAtomic/src/nuclearthroneatomic/target/classes/assets/textures/Wall/1.png
12:20:28.595 [FXGL Background Thread 2 ] INFO  FXGLApplication      - Game initialization took: 0,591 sec
12:20:28.596 [JavaFX Application Thread] DEBUG Input                - Clearing active input actions
12:20:28.611 [JavaFX Application Thread] DEBUG GameApplicationServi - Removing overlay from FXGLLoadingScene and adding to GameScene
12:20:28.611 [JavaFX Application Thread] DEBUG PrimaryStageWindow   - FXGLLoadingScene -> GameScene
12:20:28.653 [FXGL Background Thread 3 ] DEBUG Engine               - Logging environment variables
12:20:28.653 [FXGL Background Thread 3 ] DEBUG Engine               - achievements: []
12:20:28.654 [FXGL Background Thread 3 ] DEBUG Engine               - actualHeight: 768.0
12:20:28.654 [FXGL Background Thread 3 ] DEBUG Engine               - actualHeightProperty: ReadOnlyDoubleProperty [value: 768.0]
12:20:28.654 [FXGL Background Thread 3 ] DEBUG Engine               - actualWidth: 1366.0
12:20:28.654 [FXGL Background Thread 3 ] DEBUG Engine               - actualWidthProperty: ReadOnlyDoubleProperty [value: 1366.0]
12:20:28.655 [FXGL Background Thread 3 ] DEBUG Engine               - appIcon: fxgl_icon.png
12:20:28.655 [FXGL Background Thread 3 ] DEBUG Engine               - applicationMode: DEVELOPER
12:20:28.655 [FXGL Background Thread 3 ] DEBUG Engine               - cSSList: [fxgl_dark.css]
12:20:28.655 [FXGL Background Thread 3 ] DEBUG Engine               - collisionDetectionStrategy: BRUTE_FORCE
12:20:28.655 [FXGL Background Thread 3 ] DEBUG Engine               - configClass: Optional.empty
12:20:28.655 [FXGL Background Thread 3 ] DEBUG Engine               - credits: [Designer . . . . . . . Johan Daniel Aguirre, Program Team . . . . . . Juan Sebastián Libreros,                           Juan Jose Barrera,                           Johan Daniel Aguirre, El mas lindo . . . . . . Juan Sebastián Libreros, Master Thief . . . . . . Johan Daniel Aguirre]
12:20:28.656 [FXGL Background Thread 3 ] DEBUG Engine               - defaultCursor: CursorInfo(imageName=fxgl_default_cursor.png, hotspotX=7.0, hotspotY=6.0)
12:20:28.657 [FXGL Background Thread 3 ] DEBUG Engine               - devBBoxColorProperty: ObjectProperty [value: 0xff0000ff]
12:20:28.657 [FXGL Background Thread 3 ] DEBUG Engine               - devEnableDebugCameraProperty: BooleanProperty [value: false]
12:20:28.657 [FXGL Background Thread 3 ] DEBUG Engine               - devSensorColorProperty: ObjectProperty [value: 0xffff00ff]
12:20:28.657 [FXGL Background Thread 3 ] DEBUG Engine               - devShowBBoxProperty: BooleanProperty [value: false]
12:20:28.657 [FXGL Background Thread 3 ] DEBUG Engine               - devShowPositionProperty: BooleanProperty [value: false]
12:20:28.657 [FXGL Background Thread 3 ] DEBUG Engine               - enabledMenuItems: [EXTRA]
12:20:28.657 [FXGL Background Thread 3 ] DEBUG Engine               - engineServices: [class com.almasb.fxgl.app.services.FXGLAssetLoaderService, class com.almasb.fxgl.app.FXGLApplication$GameApplicationService, class com.almasb.fxgl.app.services.FXGLDialogService, class com.almasb.fxgl.app.services.IOTaskExecutorService, class com.almasb.fxgl.io.FileSystemService, class com.almasb.fxgl.localization.LocalizationService, class com.almasb.fxgl.app.services.SystemBundleService, class com.almasb.fxgl.profile.SaveLoadService, class com.almasb.fxgl.ui.FXGLUIFactoryServiceProvider, class com.almasb.fxgl.ui.FXGLDialogFactoryServiceProvider, class com.almasb.fxgl.audio.AudioPlayer, class com.almasb.fxgl.notification.impl.NotificationServiceProvider, class com.almasb.fxgl.achievement.AchievementService, class com.almasb.fxgl.cutscene.CutsceneService, class com.almasb.fxgl.minigames.MiniGameService, class com.almasb.fxgl.net.NetService, class com.almasb.fxgl.app.services.UpdaterService, class com.almasb.fxgl.dev.DevService]
12:20:28.657 [FXGL Background Thread 3 ] DEBUG Engine               - fontGame: Abel-Regular.ttf
12:20:28.657 [FXGL Background Thread 3 ] DEBUG Engine               - fontMono: TerminalLandMono-Regular.otf
12:20:28.657 [FXGL Background Thread 3 ] DEBUG Engine               - fontText: Courier-Prime.ttf
12:20:28.657 [FXGL Background Thread 3 ] DEBUG Engine               - fontUI: VarelaRound-Regular.ttf
12:20:28.657 [FXGL Background Thread 3 ] DEBUG Engine               - fullScreen: BooleanProperty [value: true]
12:20:28.657 [FXGL Background Thread 3 ] DEBUG Engine               - gameDifficulty: MEDIUM
12:20:28.657 [FXGL Background Thread 3 ] DEBUG Engine               - gameDifficultyProperty: ObjectProperty [value: MEDIUM]
12:20:28.658 [FXGL Background Thread 3 ] DEBUG Engine               - globalMusicVolume: 0.5
12:20:28.658 [FXGL Background Thread 3 ] DEBUG Engine               - globalMusicVolumeProperty: DoubleProperty [value: 1.0]
12:20:28.658 [FXGL Background Thread 3 ] DEBUG Engine               - globalSoundVolume: 0.5
12:20:28.658 [FXGL Background Thread 3 ] DEBUG Engine               - globalSoundVolumeProperty: DoubleProperty [value: 0.1]
12:20:28.659 [FXGL Background Thread 3 ] DEBUG Engine               - height: 600
12:20:28.659 [FXGL Background Thread 3 ] DEBUG Engine               - is3D: false
12:20:28.659 [FXGL Background Thread 3 ] DEBUG Engine               - isAndroid: false
12:20:28.659 [FXGL Background Thread 3 ] DEBUG Engine               - isBrowser: false
12:20:28.659 [FXGL Background Thread 3 ] DEBUG Engine               - isClickFeedbackEnabled: false
12:20:28.659 [FXGL Background Thread 3 ] DEBUG Engine               - isCloseConfirmation: false
12:20:28.659 [FXGL Background Thread 3 ] DEBUG Engine               - isDesktop: true
12:20:28.659 [FXGL Background Thread 3 ] DEBUG Engine               - isDeveloperMenuEnabled: false
12:20:28.659 [FXGL Background Thread 3 ] DEBUG Engine               - isEmbedded: false
12:20:28.660 [FXGL Background Thread 3 ] DEBUG Engine               - isEntityPreloadEnabled: true
12:20:28.660 [FXGL Background Thread 3 ] DEBUG Engine               - isExperimentalTiledLargeMap: false
12:20:28.660 [FXGL Background Thread 3 ] DEBUG Engine               - isFileSystemWriteAllowed: true
12:20:28.660 [FXGL Background Thread 3 ] DEBUG Engine               - isFullScreenAllowed: true
12:20:28.660 [FXGL Background Thread 3 ] DEBUG Engine               - isFullScreenFromStart: true
12:20:28.660 [FXGL Background Thread 3 ] DEBUG Engine               - isGameMenuEnabled: true
12:20:28.660 [FXGL Background Thread 3 ] DEBUG Engine               - isIOS: false
12:20:28.660 [FXGL Background Thread 3 ] DEBUG Engine               - isIntroEnabled: false
12:20:28.660 [FXGL Background Thread 3 ] DEBUG Engine               - isLinux: false
12:20:28.660 [FXGL Background Thread 3 ] DEBUG Engine               - isMac: false
12:20:28.660 [FXGL Background Thread 3 ] DEBUG Engine               - isMainMenuEnabled: true
12:20:28.660 [FXGL Background Thread 3 ] DEBUG Engine               - isManualResizeEnabled: false
12:20:28.661 [FXGL Background Thread 3 ] DEBUG Engine               - isMobile: false
12:20:28.661 [FXGL Background Thread 3 ] DEBUG Engine               - isNative: false
12:20:28.661 [FXGL Background Thread 3 ] DEBUG Engine               - isPauseMusicWhenMinimized: true
12:20:28.661 [FXGL Background Thread 3 ] DEBUG Engine               - isPreserveResizeRatio: false
12:20:28.661 [FXGL Background Thread 3 ] DEBUG Engine               - isProfilingEnabled: false
12:20:28.661 [FXGL Background Thread 3 ] DEBUG Engine               - isScaleAffectedOnResize: true
12:20:28.661 [FXGL Background Thread 3 ] DEBUG Engine               - isSingleStep: false
12:20:28.661 [FXGL Background Thread 3 ] DEBUG Engine               - isUserProfileEnabled: false
12:20:28.662 [FXGL Background Thread 3 ] DEBUG Engine               - isWindows: true
12:20:28.662 [FXGL Background Thread 3 ] DEBUG Engine               - language: ObjectProperty [value: ENGLISH]
12:20:28.662 [FXGL Background Thread 3 ] DEBUG Engine               - menuKey: ESCAPE
12:20:28.662 [FXGL Background Thread 3 ] DEBUG Engine               - mouseSensitivity: 0.2
12:20:28.662 [FXGL Background Thread 3 ] DEBUG Engine               - notificationViewClass: class com.almasb.fxgl.notification.view.XboxNotificationView
12:20:28.662 [FXGL Background Thread 3 ] DEBUG Engine               - pixelsPerMeter: 50.0
12:20:28.663 [FXGL Background Thread 3 ] DEBUG Engine               - platform: WINDOWS
12:20:28.663 [FXGL Background Thread 3 ] DEBUG Engine               - prefHeightProperty: ReadOnlyDoubleProperty [value: 600.0]
12:20:28.663 [FXGL Background Thread 3 ] DEBUG Engine               - prefWidthProperty: ReadOnlyDoubleProperty [value: 800.0]
12:20:28.663 [FXGL Background Thread 3 ] DEBUG Engine               - profileDir: profiles/
12:20:28.663 [FXGL Background Thread 3 ] DEBUG Engine               - profileName: StringProperty [value: DEFAULT]
12:20:28.663 [FXGL Background Thread 3 ] DEBUG Engine               - randomSeed: -1
12:20:28.664 [FXGL Background Thread 3 ] DEBUG Engine               - runtimeInfo: RuntimeInfo(platform=WINDOWS, version=17.2, build=20.08.2022 16.50)
12:20:28.664 [FXGL Background Thread 3 ] DEBUG Engine               - saveFileExt: sav
12:20:28.664 [FXGL Background Thread 3 ] DEBUG Engine               - scaledHeightProp$fxgl: DoubleProperty [bound, value: 768.0]
12:20:28.664 [FXGL Background Thread 3 ] DEBUG Engine               - scaledWidthProp$fxgl: DoubleProperty [bound, value: 1366.0]
12:20:28.664 [FXGL Background Thread 3 ] DEBUG Engine               - sceneFactory: com.almasb.fxgl.app.scene.SceneFactory@4b5546ba
12:20:28.664 [FXGL Background Thread 3 ] DEBUG Engine               - secondsIn24h: 60
12:20:28.664 [FXGL Background Thread 3 ] DEBUG Engine               - soundMenuBack: menu/back.wav
12:20:28.664 [FXGL Background Thread 3 ] DEBUG Engine               - soundMenuPress: menu/press.wav
12:20:28.664 [FXGL Background Thread 3 ] DEBUG Engine               - soundMenuSelect: menu/select.wav
12:20:28.664 [FXGL Background Thread 3 ] DEBUG Engine               - soundNotification: core/notification.wav
12:20:28.664 [FXGL Background Thread 3 ] DEBUG Engine               - stageStyle: DECORATED
12:20:28.664 [FXGL Background Thread 3 ] DEBUG Engine               - supportedLanguages: [ENGLISH, FRENCH, GERMAN, HUNGARIAN, RUSSIAN]
12:20:28.665 [FXGL Background Thread 3 ] DEBUG Engine               - ticksPerSecond: -1
12:20:28.665 [FXGL Background Thread 3 ] DEBUG Engine               - title: Nuclear Throne Atomic
12:20:28.665 [FXGL Background Thread 3 ] DEBUG Engine               - urlGithub: https://github.com/AlmasB/FXGL
12:20:28.665 [FXGL Background Thread 3 ] DEBUG Engine               - urlLeaderboard: http://fxgl-top.herokuapp.com/
12:20:28.665 [FXGL Background Thread 3 ] DEBUG Engine               - urlPOM: https://raw.githubusercontent.com/AlmasB/FXGL/release/README.md
12:20:28.665 [FXGL Background Thread 3 ] DEBUG Engine               - userAppClass: class com.example.nuclearthroneatomic.Controller
12:20:28.665 [FXGL Background Thread 3 ] DEBUG Engine               - version: 0.0
12:20:28.665 [FXGL Background Thread 3 ] DEBUG Engine               - versionCheckDays: 7
12:20:28.665 [FXGL Background Thread 3 ] DEBUG Engine               - width: 800
12:20:28.665 [FXGL Background Thread 3 ] DEBUG Engine               - Logging services
12:20:28.665 [FXGL Background Thread 3 ] DEBUG Engine               - class com.almasb.fxgl.app.services.FXGLAssetLoaderService
12:20:28.666 [FXGL Background Thread 3 ] DEBUG Engine               - class com.almasb.fxgl.app.FXGLApplication$GameApplicationService
12:20:28.666 [FXGL Background Thread 3 ] DEBUG Engine               - class com.almasb.fxgl.app.services.FXGLDialogService
12:20:28.666 [FXGL Background Thread 3 ] DEBUG Engine               - class com.almasb.fxgl.app.services.IOTaskExecutorService
12:20:28.666 [FXGL Background Thread 3 ] DEBUG Engine               - class com.almasb.fxgl.io.FileSystemService
12:20:28.666 [FXGL Background Thread 3 ] DEBUG Engine               - class com.almasb.fxgl.localization.LocalizationService
12:20:28.666 [FXGL Background Thread 3 ] DEBUG Engine               - class com.almasb.fxgl.app.services.SystemBundleService
12:20:28.666 [FXGL Background Thread 3 ] DEBUG Engine               - class com.almasb.fxgl.profile.SaveLoadService
12:20:28.666 [FXGL Background Thread 3 ] DEBUG Engine               - class com.almasb.fxgl.ui.FXGLUIFactoryServiceProvider
12:20:28.666 [FXGL Background Thread 3 ] DEBUG Engine               - class com.almasb.fxgl.ui.FXGLDialogFactoryServiceProvider
12:20:28.666 [FXGL Background Thread 3 ] DEBUG Engine               - class com.almasb.fxgl.audio.AudioPlayer
12:20:28.666 [FXGL Background Thread 3 ] DEBUG Engine               - class com.almasb.fxgl.notification.impl.NotificationServiceProvider
12:20:28.666 [FXGL Background Thread 3 ] DEBUG Engine               - class com.almasb.fxgl.achievement.AchievementService
12:20:28.666 [FXGL Background Thread 3 ] DEBUG Engine               - class com.almasb.fxgl.cutscene.CutsceneService
12:20:28.666 [FXGL Background Thread 3 ] DEBUG Engine               - class com.almasb.fxgl.minigames.MiniGameService
12:20:28.666 [FXGL Background Thread 3 ] DEBUG Engine               - class com.almasb.fxgl.net.NetService
12:20:28.666 [FXGL Background Thread 3 ] DEBUG Engine               - class com.almasb.fxgl.app.services.UpdaterService
12:20:28.667 [FXGL Background Thread 3 ] DEBUG Engine               - class com.almasb.fxgl.dev.DevService
12:20:29.414 [JavaFX Application Thread] DEBUG FXGLAssetLoaderServi - Loading from file system: file:/C:/Users/Juan/Desktop/APOOOO/NuclearThroneAtomic/src/nuclearthroneatomic/target/classes/assets/textures/Munition/2.png
12:20:30.089 [JavaFX Application Thread] DEBUG FXGLAssetLoaderServi - Loading from file system: file:/C:/Users/Juan/Desktop/APOOOO/NuclearThroneAtomic/src/nuclearthroneatomic/target/classes/assets/textures/Bullet/2.png
12:20:31.255 [JavaFX Application Thread] DEBUG FXGLAssetLoaderServi - Loading from file system: file:/C:/Users/Juan/Desktop/APOOOO/NuclearThroneAtomic/src/nuclearthroneatomic/target/classes/assets/textures/Bullet/1.png
12:20:44.187 [JavaFX Application Thread] DEBUG FXGLAssetLoaderServi - Loading from file system: file:/C:/Users/Juan/Desktop/APOOOO/NuclearThroneAtomic/src/nuclearthroneatomic/target/classes/assets/textures/portal/1.png
12:20:44.194 [JavaFX Application Thread] DEBUG FXGLAssetLoaderServi - Loading from file system: file:/C:/Users/Juan/Desktop/APOOOO/NuclearThroneAtomic/src/nuclearthroneatomic/target/classes/assets/textures/portal/2.png
12:20:44.198 [JavaFX Application Thread] DEBUG FXGLAssetLoaderServi - Loading from file system: file:/C:/Users/Juan/Desktop/APOOOO/NuclearThroneAtomic/src/nuclearthroneatomic/target/classes/assets/textures/portal/3.png
12:20:44.202 [JavaFX Application Thread] DEBUG FXGLAssetLoaderServi - Loading from file system: file:/C:/Users/Juan/Desktop/APOOOO/NuclearThroneAtomic/src/nuclearthroneatomic/target/classes/assets/textures/portal/4.png
12:20:53.865 [JavaFX Application Thread] DEBUG PrimaryStageWindow   - Push state: DialogSubScene
12:20:53.865 [JavaFX Application Thread] DEBUG Input                - Clearing active input actions
12:20:53.866 [JavaFX Application Thread] DEBUG GameApplicationServi - Removing overlay from GameScene and adding to DialogSubScene
12:20:53.866 [JavaFX Application Thread] DEBUG PrimaryStageWindow   - GameScene -> DialogSubScene
12:20:57.535 [JavaFX Application Thread] DEBUG PrimaryStageWindow   - Pop state: DialogSubScene
12:20:57.535 [JavaFX Application Thread] DEBUG Input                - Clearing active input actions
12:20:57.536 [JavaFX Application Thread] DEBUG GameApplicationServi - Removing overlay from DialogSubScene and adding to GameScene
12:20:57.537 [JavaFX Application Thread] DEBUG PrimaryStageWindow   - GameScene <- DialogSubScene
12:21:12.985 [JavaFX Application Thread] DEBUG PrimaryStageWindow   - Push state: DialogSubScene
12:21:12.985 [JavaFX Application Thread] DEBUG Input                - Clearing active input actions
12:21:12.987 [JavaFX Application Thread] DEBUG GameApplicationServi - Removing overlay from GameScene and adding to DialogSubScene
12:21:12.987 [JavaFX Application Thread] DEBUG PrimaryStageWindow   - GameScene -> DialogSubScene
12:21:14.766 [JavaFX Application Thread] DEBUG PrimaryStageWindow   - Pop state: DialogSubScene
12:21:14.766 [JavaFX Application Thread] DEBUG Input                - Clearing active input actions
12:21:14.767 [JavaFX Application Thread] DEBUG GameApplicationServi - Removing overlay from DialogSubScene and adding to GameScene
12:21:14.768 [JavaFX Application Thread] DEBUG PrimaryStageWindow   - GameScene <- DialogSubScene
12:21:42.009 [JavaFX Application Thread] DEBUG PrimaryStageWindow   - Push state: DialogSubScene
12:21:42.009 [JavaFX Application Thread] DEBUG Input                - Clearing active input actions
12:21:42.010 [JavaFX Application Thread] DEBUG GameApplicationServi - Removing overlay from GameScene and adding to DialogSubScene
12:21:42.010 [JavaFX Application Thread] DEBUG PrimaryStageWindow   - GameScene -> DialogSubScene
12:21:43.038 [JavaFX Application Thread] DEBUG PrimaryStageWindow   - Pop state: DialogSubScene
12:21:43.038 [JavaFX Application Thread] DEBUG Input                - Clearing active input actions
12:21:43.038 [JavaFX Application Thread] DEBUG GameApplicationServi - Removing overlay from DialogSubScene and adding to GameScene
12:21:43.038 [JavaFX Application Thread] DEBUG PrimaryStageWindow   - GameScene <- DialogSubScene
12:21:48.006 [JavaFX Application Thread] DEBUG PrimaryStageWindow   - Push state: DialogSubScene
12:21:48.007 [JavaFX Application Thread] DEBUG Input                - Clearing active input actions
12:21:48.007 [JavaFX Application Thread] DEBUG GameApplicationServi - Removing overlay from GameScene and adding to DialogSubScene
12:21:48.007 [JavaFX Application Thread] DEBUG PrimaryStageWindow   - GameScene -> DialogSubScene
12:21:48.790 [JavaFX Application Thread] DEBUG PrimaryStageWindow   - Pop state: DialogSubScene
12:21:48.790 [JavaFX Application Thread] DEBUG Input                - Clearing active input actions
12:21:48.791 [JavaFX Application Thread] DEBUG GameApplicationServi - Removing overlay from DialogSubScene and adding to GameScene
12:21:48.791 [JavaFX Application Thread] DEBUG PrimaryStageWindow   - GameScene <- DialogSubScene
12:21:51.703 [JavaFX Application Thread] DEBUG PrimaryStageWindow   - Push state: DialogSubScene
12:21:51.703 [JavaFX Application Thread] DEBUG Input                - Clearing active input actions
12:21:51.703 [JavaFX Application Thread] DEBUG GameApplicationServi - Removing overlay from GameScene and adding to DialogSubScene
12:21:51.703 [JavaFX Application Thread] DEBUG PrimaryStageWindow   - GameScene -> DialogSubScene
12:21:52.766 [JavaFX Application Thread] DEBUG PrimaryStageWindow   - Pop state: DialogSubScene
12:21:52.766 [JavaFX Application Thread] DEBUG Input                - Clearing active input actions
12:21:52.766 [JavaFX Application Thread] DEBUG GameApplicationServi - Removing overlay from DialogSubScene and adding to GameScene
12:21:52.766 [JavaFX Application Thread] DEBUG PrimaryStageWindow   - GameScene <- DialogSubScene
12:21:58.973 [JavaFX Application Thread] DEBUG PrimaryStageWindow   - Push state: DialogSubScene
12:21:58.973 [JavaFX Application Thread] DEBUG Input                - Clearing active input actions
12:21:58.973 [JavaFX Application Thread] DEBUG GameApplicationServi - Removing overlay from GameScene and adding to DialogSubScene
12:21:58.974 [JavaFX Application Thread] DEBUG PrimaryStageWindow   - GameScene -> DialogSubScene
12:21:59.870 [JavaFX Application Thread] DEBUG PrimaryStageWindow   - Pop state: DialogSubScene
12:21:59.870 [JavaFX Application Thread] DEBUG Input                - Clearing active input actions
12:21:59.870 [JavaFX Application Thread] DEBUG GameApplicationServi - Removing overlay from DialogSubScene and adding to GameScene
12:21:59.870 [JavaFX Application Thread] DEBUG PrimaryStageWindow   - GameScene <- DialogSubScene
12:22:32.668 [JavaFX Application Thread] DEBUG PrimaryStageWindow   - Push state: DialogSubScene
12:22:32.668 [JavaFX Application Thread] DEBUG Input                - Clearing active input actions
12:22:32.668 [JavaFX Application Thread] DEBUG GameApplicationServi - Removing overlay from GameScene and adding to DialogSubScene
12:22:32.668 [JavaFX Application Thread] DEBUG PrimaryStageWindow   - GameScene -> DialogSubScene
12:22:35.462 [JavaFX Application Thread] DEBUG PrimaryStageWindow   - Pop state: DialogSubScene
12:22:35.462 [JavaFX Application Thread] DEBUG Input                - Clearing active input actions
12:22:35.462 [JavaFX Application Thread] DEBUG GameApplicationServi - Removing overlay from DialogSubScene and adding to GameScene
12:22:35.462 [JavaFX Application Thread] DEBUG PrimaryStageWindow   - GameScene <- DialogSubScene
12:22:55.691 [JavaFX Application Thread] DEBUG PrimaryStageWindow   - Push state: DialogSubScene
12:22:55.691 [JavaFX Application Thread] DEBUG Input                - Clearing active input actions
12:22:55.691 [JavaFX Application Thread] DEBUG GameApplicationServi - Removing overlay from GameScene and adding to DialogSubScene
12:22:55.691 [JavaFX Application Thread] DEBUG PrimaryStageWindow   - GameScene -> DialogSubScene
12:22:57.070 [JavaFX Application Thread] DEBUG PrimaryStageWindow   - Pop state: DialogSubScene
12:22:57.070 [JavaFX Application Thread] DEBUG Input                - Clearing active input actions
12:22:57.070 [JavaFX Application Thread] DEBUG GameApplicationServi - Removing overlay from DialogSubScene and adding to GameScene
12:22:57.070 [JavaFX Application Thread] DEBUG PrimaryStageWindow   - GameScene <- DialogSubScene
12:23:25.480 [JavaFX Application Thread] DEBUG PrimaryStageWindow   - Push state: DialogSubScene
12:23:25.480 [JavaFX Application Thread] DEBUG Input                - Clearing active input actions
12:23:25.480 [JavaFX Application Thread] DEBUG GameApplicationServi - Removing overlay from GameScene and adding to DialogSubScene
12:23:25.481 [JavaFX Application Thread] DEBUG PrimaryStageWindow   - GameScene -> DialogSubScene
12:23:28.734 [JavaFX Application Thread] DEBUG PrimaryStageWindow   - Pop state: DialogSubScene
12:23:28.734 [JavaFX Application Thread] DEBUG Input                - Clearing active input actions
12:23:28.735 [JavaFX Application Thread] DEBUG GameApplicationServi - Removing overlay from DialogSubScene and adding to GameScene
12:23:28.735 [JavaFX Application Thread] DEBUG PrimaryStageWindow   - GameScene <- DialogSubScene
12:24:00.733 [JavaFX Application Thread] DEBUG PrimaryStageWindow   - Push state: DialogSubScene
12:24:00.733 [JavaFX Application Thread] DEBUG Input                - Clearing active input actions
12:24:00.733 [JavaFX Application Thread] DEBUG GameApplicationServi - Removing overlay from GameScene and adding to DialogSubScene
12:24:00.733 [JavaFX Application Thread] DEBUG PrimaryStageWindow   - GameScene -> DialogSubScene
12:24:04.774 [JavaFX Application Thread] DEBUG PrimaryStageWindow   - Pop state: DialogSubScene
12:24:04.774 [JavaFX Application Thread] DEBUG Input                - Clearing active input actions
12:24:04.774 [JavaFX Application Thread] DEBUG GameApplicationServi - Removing overlay from DialogSubScene and adding to GameScene
12:24:04.774 [JavaFX Application Thread] DEBUG PrimaryStageWindow   - GameScene <- DialogSubScene
12:24:04.807 [JavaFX Application Thread] DEBUG PrimaryStageWindow   - Push state: DialogSubScene
12:24:04.807 [JavaFX Application Thread] DEBUG Input                - Clearing active input actions
12:24:04.808 [JavaFX Application Thread] DEBUG GameApplicationServi - Removing overlay from GameScene and adding to DialogSubScene
12:24:04.808 [JavaFX Application Thread] DEBUG PrimaryStageWindow   - GameScene -> DialogSubScene
12:24:06.310 [JavaFX Application Thread] DEBUG PrimaryStageWindow   - Pop state: DialogSubScene
12:24:06.310 [JavaFX Application Thread] DEBUG Input                - Clearing active input actions
12:24:06.311 [JavaFX Application Thread] DEBUG GameApplicationServi - Removing overlay from DialogSubScene and adding to GameScene
12:24:06.311 [JavaFX Application Thread] DEBUG PrimaryStageWindow   - GameScene <- DialogSubScene
12:24:33.081 [JavaFX Application Thread] DEBUG PrimaryStageWindow   - Push state: DialogSubScene
12:24:33.081 [JavaFX Application Thread] DEBUG Input                - Clearing active input actions
12:24:33.081 [JavaFX Application Thread] DEBUG GameApplicationServi - Removing overlay from GameScene and adding to DialogSubScene
12:24:33.081 [JavaFX Application Thread] DEBUG PrimaryStageWindow   - GameScene -> DialogSubScene
12:24:36.663 [JavaFX Application Thread] DEBUG PrimaryStageWindow   - Pop state: DialogSubScene
12:24:36.663 [JavaFX Application Thread] DEBUG Input                - Clearing active input actions
12:24:36.663 [JavaFX Application Thread] DEBUG GameApplicationServi - Removing overlay from DialogSubScene and adding to GameScene
12:24:36.663 [JavaFX Application Thread] DEBUG PrimaryStageWindow   - GameScene <- DialogSubScene
12:25:05.094 [JavaFX Application Thread] DEBUG PrimaryStageWindow   - Push state: DialogSubScene
12:25:05.095 [JavaFX Application Thread] DEBUG Input                - Clearing active input actions
12:25:05.095 [JavaFX Application Thread] DEBUG GameApplicationServi - Removing overlay from GameScene and adding to DialogSubScene
12:25:05.095 [JavaFX Application Thread] DEBUG PrimaryStageWindow   - GameScene -> DialogSubScene
12:25:06.263 [JavaFX Application Thread] DEBUG PrimaryStageWindow   - Pop state: DialogSubScene
12:25:06.263 [JavaFX Application Thread] DEBUG Input                - Clearing active input actions
12:25:06.263 [JavaFX Application Thread] DEBUG GameApplicationServi - Removing overlay from DialogSubScene and adding to GameScene
12:25:06.263 [JavaFX Application Thread] DEBUG PrimaryStageWindow   - GameScene <- DialogSubScene
12:25:31.563 [JavaFX Application Thread] DEBUG PrimaryStageWindow   - Push state: DialogSubScene
12:25:31.563 [JavaFX Application Thread] DEBUG Input                - Clearing active input actions
12:25:31.564 [JavaFX Application Thread] DEBUG GameApplicationServi - Removing overlay from GameScene and adding to DialogSubScene
12:25:31.564 [JavaFX Application Thread] DEBUG PrimaryStageWindow   - GameScene -> DialogSubScene
12:25:32.534 [JavaFX Application Thread] DEBUG PrimaryStageWindow   - Pop state: DialogSubScene
12:25:32.534 [JavaFX Application Thread] DEBUG Input                - Clearing active input actions
12:25:32.535 [JavaFX Application Thread] DEBUG GameApplicationServi - Removing overlay from DialogSubScene and adding to GameScene
12:25:32.535 [JavaFX Application Thread] DEBUG PrimaryStageWindow   - GameScene <- DialogSubScene
12:26:03.816 [JavaFX Application Thread] DEBUG PrimaryStageWindow   - Push state: DialogSubScene
12:26:03.816 [JavaFX Application Thread] DEBUG Input                - Clearing active input actions
12:26:03.816 [JavaFX Application Thread] DEBUG GameApplicationServi - Removing overlay from GameScene and adding to DialogSubScene
12:26:03.816 [JavaFX Application Thread] DEBUG PrimaryStageWindow   - GameScene -> DialogSubScene
12:26:05.582 [JavaFX Application Thread] DEBUG PrimaryStageWindow   - Pop state: DialogSubScene
12:26:05.582 [JavaFX Application Thread] DEBUG Input                - Clearing active input actions
12:26:05.582 [JavaFX Application Thread] DEBUG GameApplicationServi - Removing overlay from DialogSubScene and adding to GameScene
12:26:05.582 [JavaFX Application Thread] DEBUG PrimaryStageWindow   - GameScene <- DialogSubScene
12:26:30.812 [JavaFX Application Thread] DEBUG PrimaryStageWindow   - Push state: DialogSubScene
12:26:30.812 [JavaFX Application Thread] DEBUG Input                - Clearing active input actions
12:26:30.812 [JavaFX Application Thread] DEBUG GameApplicationServi - Removing overlay from GameScene and adding to DialogSubScene
12:26:30.812 [JavaFX Application Thread] DEBUG PrimaryStageWindow   - GameScene -> DialogSubScene
12:26:37.062 [JavaFX Application Thread] DEBUG PrimaryStageWindow   - Pop state: DialogSubScene
12:26:37.062 [JavaFX Application Thread] DEBUG Input                - Clearing active input actions
12:26:37.062 [JavaFX Application Thread] DEBUG GameApplicationServi - Removing overlay from DialogSubScene and adding to GameScene
12:26:37.062 [JavaFX Application Thread] DEBUG PrimaryStageWindow   - GameScene <- DialogSubScene
12:27:01.447 [JavaFX Application Thread] DEBUG PrimaryStageWindow   - Push state: DialogSubScene
12:27:01.447 [JavaFX Application Thread] DEBUG Input                - Clearing active input actions
12:27:01.447 [JavaFX Application Thread] DEBUG GameApplicationServi - Removing overlay from GameScene and adding to DialogSubScene
12:27:01.447 [JavaFX Application Thread] DEBUG PrimaryStageWindow   - GameScene -> DialogSubScene
12:27:02.582 [JavaFX Application Thread] DEBUG PrimaryStageWindow   - Pop state: DialogSubScene
12:27:02.582 [JavaFX Application Thread] DEBUG Input                - Clearing active input actions
12:27:02.582 [JavaFX Application Thread] DEBUG GameApplicationServi - Removing overlay from DialogSubScene and adding to GameScene
12:27:02.583 [JavaFX Application Thread] DEBUG PrimaryStageWindow   - GameScene <- DialogSubScene
12:27:25.584 [JavaFX Application Thread] DEBUG PrimaryStageWindow   - Push state: DialogSubScene
12:27:25.584 [JavaFX Application Thread] DEBUG Input                - Clearing active input actions
12:27:25.584 [JavaFX Application Thread] DEBUG GameApplicationServi - Removing overlay from GameScene and adding to DialogSubScene
12:27:25.584 [JavaFX Application Thread] DEBUG PrimaryStageWindow   - GameScene -> DialogSubScene
12:27:27.614 [JavaFX Application Thread] DEBUG PrimaryStageWindow   - Pop state: DialogSubScene
12:27:27.614 [JavaFX Application Thread] DEBUG Input                - Clearing active input actions
12:27:27.614 [JavaFX Application Thread] DEBUG GameApplicationServi - Removing overlay from DialogSubScene and adding to GameScene
12:27:27.614 [JavaFX Application Thread] DEBUG PrimaryStageWindow   - GameScene <- DialogSubScene
12:27:56.356 [JavaFX Application Thread] DEBUG PrimaryStageWindow   - Push state: DialogSubScene
12:27:56.356 [JavaFX Application Thread] DEBUG Input                - Clearing active input actions
12:27:56.356 [JavaFX Application Thread] DEBUG GameApplicationServi - Removing overlay from GameScene and adding to DialogSubScene
12:27:56.357 [JavaFX Application Thread] DEBUG PrimaryStageWindow   - GameScene -> DialogSubScene
12:27:57.406 [JavaFX Application Thread] DEBUG PrimaryStageWindow   - Pop state: DialogSubScene
12:27:57.406 [JavaFX Application Thread] DEBUG Input                - Clearing active input actions
12:27:57.406 [JavaFX Application Thread] DEBUG GameApplicationServi - Removing overlay from DialogSubScene and adding to GameScene
12:27:57.406 [JavaFX Application Thread] DEBUG PrimaryStageWindow   - GameScene <- DialogSubScene
12:28:32.586 [JavaFX Application Thread] DEBUG PrimaryStageWindow   - Push state: DialogSubScene
12:28:32.586 [JavaFX Application Thread] DEBUG Input                - Clearing active input actions
12:28:32.587 [JavaFX Application Thread] DEBUG GameApplicationServi - Removing overlay from GameScene and adding to DialogSubScene
12:28:32.587 [JavaFX Application Thread] DEBUG PrimaryStageWindow   - GameScene -> DialogSubScene
12:28:32.934 [JavaFX Application Thread] DEBUG PrimaryStageWindow   - Pop state: DialogSubScene
12:28:32.935 [JavaFX Application Thread] DEBUG Input                - Clearing active input actions
12:28:32.935 [JavaFX Application Thread] DEBUG GameApplicationServi - Removing overlay from DialogSubScene and adding to GameScene
12:28:32.935 [JavaFX Application Thread] DEBUG PrimaryStageWindow   - GameScene <- DialogSubScene
12:28:49.047 [JavaFX Application Thread] DEBUG PrimaryStageWindow   - Push state: DialogSubScene
12:28:49.047 [JavaFX Application Thread] DEBUG Input                - Clearing active input actions
12:28:49.047 [JavaFX Application Thread] DEBUG GameApplicationServi - Removing overlay from GameScene and adding to DialogSubScene
12:28:49.047 [JavaFX Application Thread] DEBUG PrimaryStageWindow   - GameScene -> DialogSubScene
12:28:49.126 [JavaFX Application Thread] DEBUG PrimaryStageWindow   - Pop state: DialogSubScene
12:28:49.127 [JavaFX Application Thread] DEBUG Input                - Clearing active input actions
12:28:49.127 [JavaFX Application Thread] DEBUG GameApplicationServi - Removing overlay from DialogSubScene and adding to GameScene
12:28:49.127 [JavaFX Application Thread] DEBUG PrimaryStageWindow   - GameScene <- DialogSubScene
12:28:49.127 [JavaFX Application Thread] DEBUG FXGLApplication      - Exiting FXGL
12:28:49.128 [JavaFX Application Thread] DEBUG LoopRunner           - Stopping loop
12:28:49.128 [JavaFX Application Thread] DEBUG SystemBundleService  - Saving FXGL system data
12:28:49.140 [JavaFX Application Thread] DEBUG FileSystemAccess     - Writing to: C:\Users\Juan\Desktop\APOOOO\NuclearThroneAtomic\src\nuclearthroneatomic\system\fxgl.bundle
12:28:49.147 [JavaFX Application Thread] DEBUG Async                - Shutting down background threads
12:28:49.147 [JavaFX Application Thread] DEBUG PrimaryStageWindow   - Closing main window
12:28:49.170 [JavaFX Application Thread] DEBUG Logger               - Closing Logger
