11:05:27.729 [main                     ] DEBUG Logger               - Configured Logger
11:05:27.765 [main                     ] DEBUG GameApplication      - Logging settings
Title: Nuclear Throne Atomic
Version: 0.0
Width: 800
Height: 600
Fullscreen: true
Intro: false
Profiling: false
Single step:false
App Mode: DEVELOPER
Menu Key: ESCAPE
Stage Style: DECORATED
Scene Factory: class com.almasb.fxgl.app.scene.SceneFactory

11:05:28.304 [JavaFX Application Thread] DEBUG FXGLApplication      - Initializing FXGL
11:05:28.315 [JavaFX Application Thread] INFO  Engine               - FXGL-17.2 (20.08.2022 16.50) on WINDOWS (J:19.0.2 FX:19.0.2.1)
11:05:28.315 [JavaFX Application Thread] DEBUG Engine               - JRE Vendor Name: Oracle Corporation
11:05:28.316 [JavaFX Application Thread] DEBUG Engine               - Running on OS: Windows 10 version 10.0
11:05:28.316 [JavaFX Application Thread] DEBUG Engine               - Architecture: amd64
11:05:28.316 [JavaFX Application Thread] INFO  Engine               - Source code and latest versions at: https://github.com/AlmasB/FXGL
11:05:28.316 [JavaFX Application Thread] INFO  Engine               -       Ask questions and discuss at: https://github.com/AlmasB/FXGL/discussions
11:05:28.316 [JavaFX Application Thread] INFO  Engine               -              Join the FXGL chat at: https://gitter.im/AlmasB/FXGL
11:05:28.463 [JavaFX Application Thread] DEBUG PrimaryStageWindow   - Creating a JavaFX scene
11:05:28.586 [JavaFX Application Thread] DEBUG PrimaryStageWindow   - Target settings size: 800.0 x 600.0
11:05:28.587 [JavaFX Application Thread] DEBUG PrimaryStageWindow   - Scaled scene size:    800.0 x 600.0
11:05:28.587 [JavaFX Application Thread] DEBUG PrimaryStageWindow   - Scaled ratio: (1.0, 1.0)
11:05:28.589 [JavaFX Application Thread] DEBUG PrimaryStageWindow   - Set initial scene to FXGLStartupScene
11:05:28.595 [JavaFX Application Thread] DEBUG PrimaryStageWindow   - Opening main window
11:05:28.718 [JavaFX Application Thread] DEBUG PrimaryStageWindow   - Window border size: (16.0, 39.0)
11:05:28.718 [JavaFX Application Thread] DEBUG PrimaryStageWindow   - Scaled size: 800.0 x 600.0
11:05:28.719 [JavaFX Application Thread] DEBUG PrimaryStageWindow   - Scaled ratio: (1.0, 1.0)
11:05:28.719 [JavaFX Application Thread] DEBUG PrimaryStageWindow   - Scene size: 800.0 x 600.0
11:05:28.720 [JavaFX Application Thread] DEBUG PrimaryStageWindow   - Stage size: 816.0 x 639.0
11:05:28.825 [JavaFX Application Thread] DEBUG PrimaryStageWindow   - Going fullscreen
11:05:28.847 [FXGL Background Thread 1 ] DEBUG Engine               - Initializing environment variables
11:05:28.932 [FXGL Background Thread 1 ] DEBUG FXGLAssetLoaderServi - User app class for loading assets: class com.example.nuclearthroneatomic.Controller
11:05:28.932 [FXGL Background Thread 1 ] DEBUG GameApplicationServi - Applying CSS: fxgl_dark.css
11:05:28.934 [FXGL Background Thread 1 ] DEBUG FXGLAssetLoaderServi - Loading from file system: jar:file:///C:/Users/Juan/.m2/repository/com/github/almasb/fxgl/17.2/fxgl-17.2.jar!/fxglassets/ui/css/fxgl_dark.css
11:05:29.006 [FXGL Background Thread 1 ] DEBUG GameApplicationServi - Initializing application scenes
11:05:29.618 [FXGL Background Thread 1 ] DEBUG GameWorld            - Game world initialized
11:05:29.996 [FXGL Background Thread 1 ] DEBUG PhysicsWorld         - Physics world initialized: appHeight=600, physics.ppm=50,0
11:05:29.996 [FXGL Background Thread 1 ] DEBUG PhysicsWorld         - Using strategy: BRUTE_FORCE
11:05:30.002 [FXGL Background Thread 1 ] DEBUG GameScene            - Game scene initialized: 800x600
11:05:30.020 [FXGL Background Thread 1 ] DEBUG FXGL.DefaultMenu     - createMenuBodyMainMenu()
11:05:30.057 [FXGL Background Thread 1 ] DEBUG FXGL.DefaultMenu     - createOptionsMenu()
11:05:30.067 [FXGL Background Thread 1 ] DEBUG FXGL.DefaultMenu     - createExtraMenu()
11:05:30.094 [FXGL Background Thread 1 ] DEBUG FXGLAssetLoaderServi - Loading from file system: jar:file:///C:/Users/Juan/.m2/repository/com/github/almasb/fxgl/17.2/fxgl-17.2.jar!/fxglassets/textures/particles/smoke.png
11:05:31.419 [FXGL Background Thread 1 ] DEBUG FXGLAssetLoaderServi - Loading from file system: jar:file:///C:/Users/Juan/.m2/repository/com/github/almasb/fxgl/17.2/fxgl-17.2.jar!/fxglassets/textures/particles/trace_horizontal.png
11:05:31.460 [FXGL Background Thread 1 ] DEBUG FXGL.DefaultMenu     - createMenuBodyGameMenu()
11:05:31.462 [FXGL Background Thread 1 ] DEBUG FXGL.DefaultMenu     - createOptionsMenu()
11:05:31.464 [FXGL Background Thread 1 ] DEBUG FXGL.DefaultMenu     - createExtraMenu()
11:05:31.490 [FXGL Background Thread 1 ] DEBUG GameApplicationServi - Application scenes initialized
11:05:31.537 [FXGL Background Thread 1 ] DEBUG SystemBundleService  - Loading FXGL system data
11:05:31.551 [FXGL Background Thread 1 ] DEBUG FileSystemAccess     - Reading from: C:\Users\Juan\Desktop\APOOOO\NuclearThroneAtomic\src\nuclearthroneatomic\system\fxgl.bundle
11:05:31.578 [FXGL Background Thread 1 ] DEBUG SystemBundleService  - Bundle FXGL: {}
11:05:31.578 [FXGL Background Thread 1 ] DEBUG UpdaterService       - Checking for updates
11:05:31.585 [FXGL Background Thread 4 ] DEBUG FXGLApplication      - Loading fonts
11:05:31.585 [FXGL Background Thread 4 ] DEBUG FXGLAssetLoaderServi - Loading from file system: jar:file:///C:/Users/Juan/.m2/repository/com/github/almasb/fxgl/17.2/fxgl-17.2.jar!/fxglassets/ui/fonts/VarelaRound-Regular.ttf
11:05:31.588 [FXGL Background Thread 1 ] DEBUG FXGLApplication      - Loading default localization
11:05:31.589 [FXGL Background Thread 1 ] DEBUG FXGLAssetLoaderServi - Loading from file system: jar:file:///C:/Users/Juan/.m2/repository/com/github/almasb/fxgl/17.2/fxgl-17.2.jar!/fxglassets/languages/english.lang
11:05:31.656 [FXGL Background Thread 1 ] INFO  FXGLApplication      - FXGL initialization took: 2,809 sec
11:05:31.667 [JavaFX Application Thread] DEBUG Input                - Registered new binding: lucky - Q
11:05:31.667 [JavaFX Application Thread] DEBUG Input                - Registered new binding: health - F
11:05:31.668 [JavaFX Application Thread] DEBUG Input                - Registered new binding: Right - D
11:05:31.669 [JavaFX Application Thread] DEBUG Input                - Registered new binding: Left - A
11:05:31.669 [JavaFX Application Thread] DEBUG Input                - Registered new binding: Up - W
11:05:31.670 [JavaFX Application Thread] DEBUG Input                - Registered new binding: Down - S
11:05:31.671 [JavaFX Application Thread] DEBUG Input                - Registered new binding: Reload - RMB
11:05:31.671 [JavaFX Application Thread] DEBUG Input                - Registered new binding: Shoot - LMB
11:05:31.672 [JavaFX Application Thread] DEBUG FXGLAssetLoaderServi - Loading from file system: file:/C:/Users/Juan/Desktop/APOOOO/NuclearThroneAtomic/src/nuclearthroneatomic/target/classes/assets/music/muiscformenus.mp3
11:05:31.701 [FXGL Background Thread 4 ] DEBUG FXGLAssetLoaderServi - Loading from file system: jar:file:///C:/Users/Juan/.m2/repository/com/github/almasb/fxgl/17.2/fxgl-17.2.jar!/fxglassets/ui/fonts/Abel-Regular.ttf
11:05:31.710 [FXGL Background Thread 4 ] DEBUG FXGLAssetLoaderServi - Loading from file system: jar:file:///C:/Users/Juan/.m2/repository/com/github/almasb/fxgl/17.2/fxgl-17.2.jar!/fxglassets/ui/fonts/TerminalLandMono-Regular.otf
11:05:34.168 [FXGL Background Thread 4 ] DEBUG FXGLAssetLoaderServi - Loading from file system: jar:file:///C:/Users/Juan/.m2/repository/com/github/almasb/fxgl/17.2/fxgl-17.2.jar!/fxglassets/ui/fonts/Courier-Prime.ttf
11:05:34.351 [JavaFX Application Thread] DEBUG AudioPlayer          - Playing music com.almasb.fxgl.audio.Music@7eef7339
11:05:34.352 [JavaFX Application Thread] DEBUG FXGLAssetLoaderServi - Loading from file system: jar:file:///C:/Users/Juan/.m2/repository/com/github/almasb/fxgl/17.2/fxgl-17.2.jar!/fxglassets/textures/fxgl_icon.png
11:05:34.383 [JavaFX Application Thread] DEBUG FXGLAssetLoaderServi - Loading from file system: jar:file:///C:/Users/Juan/.m2/repository/com/github/almasb/fxgl/17.2/fxgl-17.2.jar!/fxglassets/textures/fxgl_default_cursor.png
11:05:34.386 [JavaFX Application Thread] DEBUG Input                - Registered new binding: Screenshot - CTRL+8
11:05:34.387 [JavaFX Application Thread] DEBUG Input                - Registered new binding: System info dump - CTRL+9
11:05:34.387 [JavaFX Application Thread] DEBUG Input                - Registered new binding: Restart - CTRL+R
11:05:34.387 [JavaFX Application Thread] DEBUG Input                - Registered new binding: Toggle Debug Camera - CTRL+7
11:05:34.390 [JavaFX Application Thread] DEBUG LoopRunner           - Starting loop
11:05:34.391 [JavaFX Application Thread] DEBUG LoopRunner           - Initializing JavaFX AnimationTimerLoop
11:05:34.393 [JavaFX Application Thread] DEBUG Input                - Clearing active input actions
11:05:34.407 [JavaFX Application Thread] DEBUG GameApplicationServi - Removing overlay from FXGLStartupScene and adding to FXGLMainMenuDummyScene
11:05:34.408 [JavaFX Application Thread] DEBUG PrimaryStageWindow   - FXGLStartupScene -> FXGLMainMenuDummyScene
11:05:34.408 [JavaFX Application Thread] DEBUG PrimaryStageWindow   - Push state: FXGLDefaultMenu
11:05:34.417 [JavaFX Application Thread] DEBUG Input                - Clearing active input actions
11:05:34.425 [JavaFX Application Thread] DEBUG GameApplicationServi - Removing overlay from FXGLMainMenuDummyScene and adding to FXGLDefaultMenu
11:05:34.426 [JavaFX Application Thread] DEBUG PrimaryStageWindow   - FXGLMainMenuDummyScene -> FXGLDefaultMenu
11:05:34.440 [JavaFX Application Thread] DEBUG FXGLApplication      - Registering font factories with UI factory
11:05:34.585 [FXGL Background Thread 3 ] DEBUG Engine               - Logging environment variables
11:05:34.585 [FXGL Background Thread 3 ] DEBUG Engine               - achievements: []
11:05:34.586 [FXGL Background Thread 3 ] DEBUG Engine               - actualHeight: 768.0
11:05:34.586 [FXGL Background Thread 3 ] DEBUG Engine               - actualHeightProperty: ReadOnlyDoubleProperty [value: 768.0]
11:05:34.586 [FXGL Background Thread 3 ] DEBUG Engine               - actualWidth: 1366.0
11:05:34.586 [FXGL Background Thread 3 ] DEBUG Engine               - actualWidthProperty: ReadOnlyDoubleProperty [value: 1366.0]
11:05:34.587 [FXGL Background Thread 3 ] DEBUG Engine               - appIcon: fxgl_icon.png
11:05:34.587 [FXGL Background Thread 3 ] DEBUG Engine               - applicationMode: DEVELOPER
11:05:34.587 [FXGL Background Thread 3 ] DEBUG Engine               - cSSList: [fxgl_dark.css]
11:05:34.587 [FXGL Background Thread 3 ] DEBUG Engine               - collisionDetectionStrategy: BRUTE_FORCE
11:05:34.587 [FXGL Background Thread 3 ] DEBUG Engine               - configClass: Optional.empty
11:05:34.587 [FXGL Background Thread 3 ] DEBUG Engine               - credits: [Designer . . . . . . . Johan Daniel Aguirre, Program Team . . . . . . Juan Sebastián Libreros,                           Juan Jose Barrera,                           Johan Daniel Aguirre, El mas lindo . . . . . . Juan Sebastián Libreros, Master Thief . . . . . . Johan Daniel Aguirre]
11:05:34.588 [FXGL Background Thread 3 ] DEBUG Engine               - defaultCursor: CursorInfo(imageName=fxgl_default_cursor.png, hotspotX=7.0, hotspotY=6.0)
11:05:34.588 [FXGL Background Thread 3 ] DEBUG Engine               - devBBoxColorProperty: ObjectProperty [value: 0xff0000ff]
11:05:34.588 [FXGL Background Thread 3 ] DEBUG Engine               - devEnableDebugCameraProperty: BooleanProperty [value: false]
11:05:34.589 [FXGL Background Thread 3 ] DEBUG Engine               - devSensorColorProperty: ObjectProperty [value: 0xffff00ff]
11:05:34.589 [FXGL Background Thread 3 ] DEBUG Engine               - devShowBBoxProperty: BooleanProperty [value: false]
11:05:34.589 [FXGL Background Thread 3 ] DEBUG Engine               - devShowPositionProperty: BooleanProperty [value: false]
11:05:34.590 [FXGL Background Thread 3 ] DEBUG Engine               - enabledMenuItems: [EXTRA]
11:05:34.590 [FXGL Background Thread 3 ] DEBUG Engine               - engineServices: [class com.almasb.fxgl.app.services.FXGLAssetLoaderService, class com.almasb.fxgl.app.FXGLApplication$GameApplicationService, class com.almasb.fxgl.app.services.FXGLDialogService, class com.almasb.fxgl.app.services.IOTaskExecutorService, class com.almasb.fxgl.io.FileSystemService, class com.almasb.fxgl.localization.LocalizationService, class com.almasb.fxgl.app.services.SystemBundleService, class com.almasb.fxgl.profile.SaveLoadService, class com.almasb.fxgl.ui.FXGLUIFactoryServiceProvider, class com.almasb.fxgl.ui.FXGLDialogFactoryServiceProvider, class com.almasb.fxgl.audio.AudioPlayer, class com.almasb.fxgl.notification.impl.NotificationServiceProvider, class com.almasb.fxgl.achievement.AchievementService, class com.almasb.fxgl.cutscene.CutsceneService, class com.almasb.fxgl.minigames.MiniGameService, class com.almasb.fxgl.net.NetService, class com.almasb.fxgl.app.services.UpdaterService, class com.almasb.fxgl.dev.DevService]
11:05:34.590 [FXGL Background Thread 3 ] DEBUG Engine               - fontGame: Abel-Regular.ttf
11:05:34.590 [FXGL Background Thread 3 ] DEBUG Engine               - fontMono: TerminalLandMono-Regular.otf
11:05:34.590 [FXGL Background Thread 3 ] DEBUG Engine               - fontText: Courier-Prime.ttf
11:05:34.590 [FXGL Background Thread 3 ] DEBUG Engine               - fontUI: VarelaRound-Regular.ttf
11:05:34.590 [FXGL Background Thread 3 ] DEBUG Engine               - fullScreen: BooleanProperty [value: true]
11:05:34.590 [FXGL Background Thread 3 ] DEBUG Engine               - gameDifficulty: MEDIUM
11:05:34.590 [FXGL Background Thread 3 ] DEBUG Engine               - gameDifficultyProperty: ObjectProperty [value: MEDIUM]
11:05:34.591 [FXGL Background Thread 3 ] DEBUG Engine               - globalMusicVolume: 0.5
11:05:34.591 [FXGL Background Thread 3 ] DEBUG Engine               - globalMusicVolumeProperty: DoubleProperty [value: 1.0]
11:05:34.591 [FXGL Background Thread 3 ] DEBUG Engine               - globalSoundVolume: 0.5
11:05:34.591 [FXGL Background Thread 3 ] DEBUG Engine               - globalSoundVolumeProperty: DoubleProperty [value: 0.1]
11:05:34.591 [FXGL Background Thread 3 ] DEBUG Engine               - height: 600
11:05:34.591 [FXGL Background Thread 3 ] DEBUG Engine               - is3D: false
11:05:34.591 [FXGL Background Thread 3 ] DEBUG Engine               - isAndroid: false
11:05:34.591 [FXGL Background Thread 3 ] DEBUG Engine               - isBrowser: false
11:05:34.591 [FXGL Background Thread 3 ] DEBUG Engine               - isClickFeedbackEnabled: false
11:05:34.592 [FXGL Background Thread 3 ] DEBUG Engine               - isCloseConfirmation: false
11:05:34.592 [FXGL Background Thread 3 ] DEBUG Engine               - isDesktop: true
11:05:34.593 [FXGL Background Thread 3 ] DEBUG Engine               - isDeveloperMenuEnabled: false
11:05:34.593 [FXGL Background Thread 3 ] DEBUG Engine               - isEmbedded: false
11:05:34.593 [FXGL Background Thread 3 ] DEBUG Engine               - isEntityPreloadEnabled: true
11:05:34.593 [FXGL Background Thread 3 ] DEBUG Engine               - isExperimentalTiledLargeMap: false
11:05:34.593 [FXGL Background Thread 3 ] DEBUG Engine               - isFileSystemWriteAllowed: true
11:05:34.593 [FXGL Background Thread 3 ] DEBUG Engine               - isFullScreenAllowed: true
11:05:34.593 [FXGL Background Thread 3 ] DEBUG Engine               - isFullScreenFromStart: true
11:05:34.593 [FXGL Background Thread 3 ] DEBUG Engine               - isGameMenuEnabled: true
11:05:34.593 [FXGL Background Thread 3 ] DEBUG Engine               - isIOS: false
11:05:34.593 [FXGL Background Thread 3 ] DEBUG Engine               - isIntroEnabled: false
11:05:34.593 [FXGL Background Thread 3 ] DEBUG Engine               - isLinux: false
11:05:34.593 [FXGL Background Thread 3 ] DEBUG Engine               - isMac: false
11:05:34.593 [FXGL Background Thread 3 ] DEBUG Engine               - isMainMenuEnabled: true
11:05:34.594 [FXGL Background Thread 3 ] DEBUG Engine               - isManualResizeEnabled: false
11:05:34.594 [FXGL Background Thread 3 ] DEBUG Engine               - isMobile: false
11:05:34.594 [FXGL Background Thread 3 ] DEBUG Engine               - isNative: false
11:05:34.594 [FXGL Background Thread 3 ] DEBUG Engine               - isPauseMusicWhenMinimized: true
11:05:34.594 [FXGL Background Thread 3 ] DEBUG Engine               - isPreserveResizeRatio: false
11:05:34.594 [FXGL Background Thread 3 ] DEBUG Engine               - isProfilingEnabled: false
11:05:34.594 [FXGL Background Thread 3 ] DEBUG Engine               - isScaleAffectedOnResize: true
11:05:34.594 [FXGL Background Thread 3 ] DEBUG Engine               - isSingleStep: false
11:05:34.594 [FXGL Background Thread 3 ] DEBUG Engine               - isUserProfileEnabled: false
11:05:34.594 [FXGL Background Thread 3 ] DEBUG Engine               - isWindows: true
11:05:34.594 [FXGL Background Thread 3 ] DEBUG Engine               - language: ObjectProperty [value: ENGLISH]
11:05:34.594 [FXGL Background Thread 3 ] DEBUG Engine               - menuKey: ESCAPE
11:05:34.594 [FXGL Background Thread 3 ] DEBUG Engine               - mouseSensitivity: 0.2
11:05:34.594 [FXGL Background Thread 3 ] DEBUG Engine               - notificationViewClass: class com.almasb.fxgl.notification.view.XboxNotificationView
11:05:34.594 [FXGL Background Thread 3 ] DEBUG Engine               - pixelsPerMeter: 50.0
11:05:34.594 [FXGL Background Thread 3 ] DEBUG Engine               - platform: WINDOWS
11:05:34.594 [FXGL Background Thread 3 ] DEBUG Engine               - prefHeightProperty: ReadOnlyDoubleProperty [value: 600.0]
11:05:34.595 [FXGL Background Thread 3 ] DEBUG Engine               - prefWidthProperty: ReadOnlyDoubleProperty [value: 800.0]
11:05:34.595 [FXGL Background Thread 3 ] DEBUG Engine               - profileDir: profiles/
11:05:34.595 [FXGL Background Thread 3 ] DEBUG Engine               - profileName: StringProperty [value: DEFAULT]
11:05:34.595 [FXGL Background Thread 3 ] DEBUG Engine               - randomSeed: -1
11:05:34.595 [FXGL Background Thread 3 ] DEBUG Engine               - runtimeInfo: RuntimeInfo(platform=WINDOWS, version=17.2, build=20.08.2022 16.50)
11:05:34.595 [FXGL Background Thread 3 ] DEBUG Engine               - saveFileExt: sav
11:05:34.596 [FXGL Background Thread 3 ] DEBUG Engine               - scaledHeightProp$fxgl: DoubleProperty [bound, value: 768.0]
11:05:34.596 [FXGL Background Thread 3 ] DEBUG Engine               - scaledWidthProp$fxgl: DoubleProperty [bound, value: 1366.0]
11:05:34.596 [FXGL Background Thread 3 ] DEBUG Engine               - sceneFactory: com.almasb.fxgl.app.scene.SceneFactory@2dd858e3
11:05:34.596 [FXGL Background Thread 3 ] DEBUG Engine               - secondsIn24h: 60
11:05:34.596 [FXGL Background Thread 3 ] DEBUG Engine               - soundMenuBack: menu/back.wav
11:05:34.596 [FXGL Background Thread 3 ] DEBUG Engine               - soundMenuPress: menu/press.wav
11:05:34.596 [FXGL Background Thread 3 ] DEBUG Engine               - soundMenuSelect: menu/select.wav
11:05:34.596 [FXGL Background Thread 3 ] DEBUG Engine               - soundNotification: core/notification.wav
11:05:34.596 [FXGL Background Thread 3 ] DEBUG Engine               - stageStyle: DECORATED
11:05:34.596 [FXGL Background Thread 3 ] DEBUG Engine               - supportedLanguages: [ENGLISH, FRENCH, GERMAN, HUNGARIAN, RUSSIAN]
11:05:34.596 [FXGL Background Thread 3 ] DEBUG Engine               - ticksPerSecond: -1
11:05:34.597 [FXGL Background Thread 3 ] DEBUG Engine               - title: Nuclear Throne Atomic
11:05:34.597 [FXGL Background Thread 3 ] DEBUG Engine               - urlGithub: https://github.com/AlmasB/FXGL
11:05:34.597 [FXGL Background Thread 3 ] DEBUG Engine               - urlLeaderboard: http://fxgl-top.herokuapp.com/
11:05:34.597 [FXGL Background Thread 3 ] DEBUG Engine               - urlPOM: https://raw.githubusercontent.com/AlmasB/FXGL/release/README.md
11:05:34.597 [FXGL Background Thread 3 ] DEBUG Engine               - userAppClass: class com.example.nuclearthroneatomic.Controller
11:05:34.597 [FXGL Background Thread 3 ] DEBUG Engine               - version: 0.0
11:05:34.597 [FXGL Background Thread 3 ] DEBUG Engine               - versionCheckDays: 7
11:05:34.597 [FXGL Background Thread 3 ] DEBUG Engine               - width: 800
11:05:34.597 [FXGL Background Thread 3 ] DEBUG Engine               - Logging services
11:05:34.597 [FXGL Background Thread 3 ] DEBUG Engine               - class com.almasb.fxgl.app.services.FXGLAssetLoaderService
11:05:34.597 [FXGL Background Thread 3 ] DEBUG Engine               - class com.almasb.fxgl.app.FXGLApplication$GameApplicationService
11:05:34.597 [FXGL Background Thread 3 ] DEBUG Engine               - class com.almasb.fxgl.app.services.FXGLDialogService
11:05:34.597 [FXGL Background Thread 3 ] DEBUG Engine               - class com.almasb.fxgl.app.services.IOTaskExecutorService
11:05:34.597 [FXGL Background Thread 3 ] DEBUG Engine               - class com.almasb.fxgl.io.FileSystemService
11:05:34.597 [FXGL Background Thread 3 ] DEBUG Engine               - class com.almasb.fxgl.localization.LocalizationService
11:05:34.597 [FXGL Background Thread 3 ] DEBUG Engine               - class com.almasb.fxgl.app.services.SystemBundleService
11:05:34.597 [FXGL Background Thread 3 ] DEBUG Engine               - class com.almasb.fxgl.profile.SaveLoadService
11:05:34.597 [FXGL Background Thread 3 ] DEBUG Engine               - class com.almasb.fxgl.ui.FXGLUIFactoryServiceProvider
11:05:34.598 [FXGL Background Thread 3 ] DEBUG Engine               - class com.almasb.fxgl.ui.FXGLDialogFactoryServiceProvider
11:05:34.598 [FXGL Background Thread 3 ] DEBUG Engine               - class com.almasb.fxgl.audio.AudioPlayer
11:05:34.598 [FXGL Background Thread 3 ] DEBUG Engine               - class com.almasb.fxgl.notification.impl.NotificationServiceProvider
11:05:34.598 [FXGL Background Thread 3 ] DEBUG Engine               - class com.almasb.fxgl.achievement.AchievementService
11:05:34.598 [FXGL Background Thread 3 ] DEBUG Engine               - class com.almasb.fxgl.cutscene.CutsceneService
11:05:34.598 [FXGL Background Thread 3 ] DEBUG Engine               - class com.almasb.fxgl.minigames.MiniGameService
11:05:34.598 [FXGL Background Thread 3 ] DEBUG Engine               - class com.almasb.fxgl.net.NetService
11:05:34.598 [FXGL Background Thread 3 ] DEBUG Engine               - class com.almasb.fxgl.app.services.UpdaterService
11:05:34.598 [FXGL Background Thread 3 ] DEBUG Engine               - class com.almasb.fxgl.dev.DevService
11:05:35.102 [FXGL Background Thread 2 ] INFO  UpdaterService       - Your current version:  17.2
11:05:35.103 [FXGL Background Thread 2 ] INFO  UpdaterService       - Latest stable version: 17.3
11:05:35.815 [JavaFX Application Thread] DEBUG Menu                 - fireNewGame()
11:05:35.815 [JavaFX Application Thread] DEBUG GameApplicationServi - Starting new game
11:05:35.818 [JavaFX Application Thread] DEBUG PrimaryStageWindow   - Pop state: FXGLDefaultMenu
11:05:35.818 [JavaFX Application Thread] DEBUG Input                - Clearing active input actions
11:05:35.819 [JavaFX Application Thread] DEBUG GameApplicationServi - Removing overlay from FXGLDefaultMenu and adding to FXGLMainMenuDummyScene
11:05:35.820 [JavaFX Application Thread] DEBUG PrimaryStageWindow   - FXGLMainMenuDummyScene <- FXGLDefaultMenu
11:05:35.820 [JavaFX Application Thread] DEBUG Input                - Clearing active input actions
11:05:35.827 [JavaFX Application Thread] DEBUG GameApplicationServi - Removing overlay from FXGLMainMenuDummyScene and adding to FXGLLoadingScene
11:05:35.827 [JavaFX Application Thread] DEBUG PrimaryStageWindow   - FXGLMainMenuDummyScene -> FXGLLoadingScene
11:05:35.828 [JavaFX Application Thread] DEBUG GameApplicationServi - Clearing previous game
11:05:35.828 [JavaFX Application Thread] DEBUG GameScene            - Clearing game scene
11:05:35.828 [JavaFX Application Thread] DEBUG GameWorld            - Clearing game world
11:05:35.828 [JavaFX Application Thread] DEBUG PhysicsWorld         - Clearing physics world
11:05:35.832 [FXGL Background Thread 2 ] DEBUG FXGLApplication      - Initializing game
11:05:35.843 [FXGL Background Thread 2 ] DEBUG FXGLAssetLoaderServi - Loading from file system: file:/C:/Users/Juan/Desktop/APOOOO/NuclearThroneAtomic/src/nuclearthroneatomic/target/classes/assets/textures/Background/libraryYesOMG.png
11:05:35.858 [FXGL Background Thread 2 ] DEBUG FXGLAssetLoaderServi - Loading from file system: file:/C:/Users/Juan/Desktop/APOOOO/NuclearThroneAtomic/src/nuclearthroneatomic/target/classes/assets/textures/Avatar/1-Idle/1.png
11:05:35.862 [FXGL Background Thread 2 ] DEBUG FXGLAssetLoaderServi - Loading from file system: file:/C:/Users/Juan/Desktop/APOOOO/NuclearThroneAtomic/src/nuclearthroneatomic/target/classes/assets/textures/Avatar/1-Idle/2.png
11:05:35.866 [FXGL Background Thread 2 ] DEBUG FXGLAssetLoaderServi - Loading from file system: file:/C:/Users/Juan/Desktop/APOOOO/NuclearThroneAtomic/src/nuclearthroneatomic/target/classes/assets/textures/Avatar/1-Idle/3.png
11:05:35.868 [FXGL Background Thread 2 ] DEBUG FXGLAssetLoaderServi - Loading from file system: file:/C:/Users/Juan/Desktop/APOOOO/NuclearThroneAtomic/src/nuclearthroneatomic/target/classes/assets/textures/Avatar/1-Idle/4.png
11:05:35.893 [FXGL Background Thread 2 ] DEBUG FXGLAssetLoaderServi - Loading from file system: file:/C:/Users/Juan/Desktop/APOOOO/NuclearThroneAtomic/src/nuclearthroneatomic/target/classes/assets/textures/Avatar/2-Run/1.png
11:05:35.895 [FXGL Background Thread 2 ] DEBUG FXGLAssetLoaderServi - Loading from file system: file:/C:/Users/Juan/Desktop/APOOOO/NuclearThroneAtomic/src/nuclearthroneatomic/target/classes/assets/textures/Avatar/2-Run/2.png
11:05:35.901 [FXGL Background Thread 2 ] DEBUG FXGLAssetLoaderServi - Loading from file system: file:/C:/Users/Juan/Desktop/APOOOO/NuclearThroneAtomic/src/nuclearthroneatomic/target/classes/assets/textures/Avatar/2-Run/3.png
11:05:35.903 [FXGL Background Thread 2 ] DEBUG FXGLAssetLoaderServi - Loading from file system: file:/C:/Users/Juan/Desktop/APOOOO/NuclearThroneAtomic/src/nuclearthroneatomic/target/classes/assets/textures/Avatar/2-Run/4.png
11:05:35.905 [FXGL Background Thread 2 ] DEBUG FXGLAssetLoaderServi - Loading from file system: file:/C:/Users/Juan/Desktop/APOOOO/NuclearThroneAtomic/src/nuclearthroneatomic/target/classes/assets/textures/Avatar/2-Run/5.png
11:05:35.907 [FXGL Background Thread 2 ] DEBUG FXGLAssetLoaderServi - Loading from file system: file:/C:/Users/Juan/Desktop/APOOOO/NuclearThroneAtomic/src/nuclearthroneatomic/target/classes/assets/textures/Avatar/2-Run/6.png
11:05:35.916 [FXGL Background Thread 2 ] DEBUG FXGLAssetLoaderServi - Loading from file system: file:/C:/Users/Juan/Desktop/APOOOO/NuclearThroneAtomic/src/nuclearthroneatomic/target/classes/assets/textures/Munition/1.png
11:05:35.953 [FXGL Background Thread 2 ] DEBUG FXGLAssetLoaderServi - Loading from file system: file:/C:/Users/Juan/Desktop/APOOOO/NuclearThroneAtomic/src/nuclearthroneatomic/target/classes/assets/textures/hud/lifeplayer.png
11:05:35.960 [FXGL Background Thread 2 ] DEBUG FXGLAssetLoaderServi - Loading from file system: file:/C:/Users/Juan/Desktop/APOOOO/NuclearThroneAtomic/src/nuclearthroneatomic/target/classes/assets/textures/hud/medkit.png
11:05:35.968 [FXGL Background Thread 2 ] DEBUG FXGLAssetLoaderServi - Loading from file system: file:/C:/Users/Juan/Desktop/APOOOO/NuclearThroneAtomic/src/nuclearthroneatomic/target/classes/assets/textures/hud/trebol.png
11:05:35.971 [FXGL Background Thread 2 ] DEBUG FXGLAssetLoaderServi - Loading from file system: file:/C:/Users/Juan/Desktop/APOOOO/NuclearThroneAtomic/src/nuclearthroneatomic/target/classes/assets/textures/Guns/2.png
11:05:35.986 [FXGL Background Thread 2 ] DEBUG FXGLAssetLoaderServi - Loading from file system: file:/C:/Users/Juan/Desktop/APOOOO/NuclearThroneAtomic/src/nuclearthroneatomic/target/classes/assets/textures/enemy/1-Idle/1.png
11:05:35.988 [FXGL Background Thread 2 ] DEBUG FXGLAssetLoaderServi - Loading from file system: file:/C:/Users/Juan/Desktop/APOOOO/NuclearThroneAtomic/src/nuclearthroneatomic/target/classes/assets/textures/enemy/1-Idle/2.png
11:05:35.990 [FXGL Background Thread 2 ] DEBUG FXGLAssetLoaderServi - Loading from file system: file:/C:/Users/Juan/Desktop/APOOOO/NuclearThroneAtomic/src/nuclearthroneatomic/target/classes/assets/textures/enemy/1-Idle/3.png
11:05:35.991 [FXGL Background Thread 2 ] DEBUG FXGLAssetLoaderServi - Loading from file system: file:/C:/Users/Juan/Desktop/APOOOO/NuclearThroneAtomic/src/nuclearthroneatomic/target/classes/assets/textures/enemy/1-Idle/4.png
11:05:36.005 [FXGL Background Thread 2 ] DEBUG FXGLAssetLoaderServi - Loading from file system: file:/C:/Users/Juan/Desktop/APOOOO/NuclearThroneAtomic/src/nuclearthroneatomic/target/classes/assets/textures/enemy/2-Run/1.png
11:05:36.007 [FXGL Background Thread 2 ] DEBUG FXGLAssetLoaderServi - Loading from file system: file:/C:/Users/Juan/Desktop/APOOOO/NuclearThroneAtomic/src/nuclearthroneatomic/target/classes/assets/textures/enemy/2-Run/2.png
11:05:36.009 [FXGL Background Thread 2 ] DEBUG FXGLAssetLoaderServi - Loading from file system: file:/C:/Users/Juan/Desktop/APOOOO/NuclearThroneAtomic/src/nuclearthroneatomic/target/classes/assets/textures/enemy/2-Run/3.png
11:05:36.010 [FXGL Background Thread 2 ] DEBUG FXGLAssetLoaderServi - Loading from file system: file:/C:/Users/Juan/Desktop/APOOOO/NuclearThroneAtomic/src/nuclearthroneatomic/target/classes/assets/textures/enemy/2-Run/4.png
11:05:36.014 [FXGL Background Thread 2 ] DEBUG FXGLAssetLoaderServi - Loading from file system: file:/C:/Users/Juan/Desktop/APOOOO/NuclearThroneAtomic/src/nuclearthroneatomic/target/classes/assets/textures/enemy/2-Run/5.png
11:05:36.017 [FXGL Background Thread 2 ] DEBUG FXGLAssetLoaderServi - Loading from file system: file:/C:/Users/Juan/Desktop/APOOOO/NuclearThroneAtomic/src/nuclearthroneatomic/target/classes/assets/textures/enemy/2-Run/6.png
11:05:36.020 [FXGL Background Thread 2 ] DEBUG FXGLAssetLoaderServi - Loading from file system: file:/C:/Users/Juan/Desktop/APOOOO/NuclearThroneAtomic/src/nuclearthroneatomic/target/classes/assets/textures/Guns/1.png
11:05:36.037 [FXGL Background Thread 2 ] DEBUG FXGLAssetLoaderServi - Loading from file system: file:/C:/Users/Juan/Desktop/APOOOO/NuclearThroneAtomic/src/nuclearthroneatomic/target/classes/assets/textures/mouse/mousecomplete.png
11:05:36.039 [FXGL Background Thread 2 ] DEBUG FXGLAssetLoaderServi - Loading from file system: file:/C:/Users/Juan/Desktop/APOOOO/NuclearThroneAtomic/src/nuclearthroneatomic/target/classes/assets/textures/Wall/1.png
11:05:36.184 [FXGL Background Thread 2 ] INFO  FXGLApplication      - Game initialization took: 0,351 sec
11:05:36.185 [JavaFX Application Thread] DEBUG Input                - Clearing active input actions
11:05:36.192 [JavaFX Application Thread] DEBUG GameApplicationServi - Removing overlay from FXGLLoadingScene and adding to GameScene
11:05:36.193 [JavaFX Application Thread] DEBUG PrimaryStageWindow   - FXGLLoadingScene -> GameScene
11:05:37.330 [JavaFX Application Thread] DEBUG FXGLAssetLoaderServi - Loading from file system: file:/C:/Users/Juan/Desktop/APOOOO/NuclearThroneAtomic/src/nuclearthroneatomic/target/classes/assets/textures/Munition/2.png
11:05:38.287 [JavaFX Application Thread] DEBUG FXGLAssetLoaderServi - Loading from file system: file:/C:/Users/Juan/Desktop/APOOOO/NuclearThroneAtomic/src/nuclearthroneatomic/target/classes/assets/textures/Bullet/2.png
11:05:38.641 [JavaFX Application Thread] DEBUG FXGLAssetLoaderServi - Loading from file system: file:/C:/Users/Juan/Desktop/APOOOO/NuclearThroneAtomic/src/nuclearthroneatomic/target/classes/assets/textures/Bullet/1.png
11:05:46.787 [JavaFX Application Thread] DEBUG FXGLAssetLoaderServi - Loading from file system: file:/C:/Users/Juan/Desktop/APOOOO/NuclearThroneAtomic/src/nuclearthroneatomic/target/classes/assets/textures/portal/1.png
11:05:46.962 [JavaFX Application Thread] DEBUG FXGLAssetLoaderServi - Loading from file system: file:/C:/Users/Juan/Desktop/APOOOO/NuclearThroneAtomic/src/nuclearthroneatomic/target/classes/assets/textures/portal/2.png
11:05:46.966 [JavaFX Application Thread] DEBUG FXGLAssetLoaderServi - Loading from file system: file:/C:/Users/Juan/Desktop/APOOOO/NuclearThroneAtomic/src/nuclearthroneatomic/target/classes/assets/textures/portal/3.png
11:05:46.970 [JavaFX Application Thread] DEBUG FXGLAssetLoaderServi - Loading from file system: file:/C:/Users/Juan/Desktop/APOOOO/NuclearThroneAtomic/src/nuclearthroneatomic/target/classes/assets/textures/portal/4.png
11:06:12.177 [JavaFX Application Thread] DEBUG LoopRunner           - Stopping loop
11:06:12.183 [JavaFX Application Thread] FATAL FXGLApplication      - Uncaught Exception:
java.lang.NullPointerException: Cannot invoke "com.almasb.fxgl.entity.Entity.getComponent(java.lang.Class)" because the return value of "model.PlayerControl.getEntity()" is null
	at com.example.nuclearthroneatomic/model.PlayerControl.lambda$reload$1(PlayerControl.java:170)
	at com.almasb.fxgl.core@17.2/com.almasb.fxgl.time.TimerAction.update(TimerAction.kt:69)
	at com.almasb.fxgl.core@17.2/com.almasb.fxgl.time.Timer.update(Timer.kt:38)
	at com.almasb.fxgl.scene@17.2/com.almasb.fxgl.scene.Scene.update(Scene.kt:104)
	at com.almasb.fxgl.all@17.2/com.almasb.fxgl.app.MainWindow$update$1.invoke(MainWindow.kt:115)
	at com.almasb.fxgl.all@17.2/com.almasb.fxgl.app.MainWindow$update$1.invoke(MainWindow.kt:115)
	at com.almasb.fxgl.core@17.2/com.almasb.fxgl.core.fsm.StateMachine.runOnActiveStates(StateMachine.kt:69)
	at com.almasb.fxgl.all@17.2/com.almasb.fxgl.app.MainWindow.update(MainWindow.kt:115)
	at com.almasb.fxgl.all@17.2/com.almasb.fxgl.app.FXGLApplication$GameApplicationService.onUpdate(FXGLApplication.kt:426)
	at com.almasb.fxgl.all@17.2/com.almasb.fxgl.app.Engine.loop(Engine.kt:134)
	at com.almasb.fxgl.all@17.2/com.almasb.fxgl.app.Engine.access$loop(Engine.kt:24)
	at com.almasb.fxgl.all@17.2/com.almasb.fxgl.app.Engine$loop$1.invoke(Engine.kt:28)
	at com.almasb.fxgl.all@17.2/com.almasb.fxgl.app.Engine$loop$1.invoke(Engine.kt:28)
	at com.almasb.fxgl.all@17.2/com.almasb.fxgl.app.LoopRunner.frame(LoopRunner.kt:103)
	at com.almasb.fxgl.all@17.2/com.almasb.fxgl.app.LoopRunner.access$frame(LoopRunner.kt:23)
	at com.almasb.fxgl.all@17.2/com.almasb.fxgl.app.LoopRunner$impl$2$1.onTick(LoopRunner.kt:57)
	at com.almasb.fxgl.all@17.2/com.almasb.fxgl.app.AnimationTimerLoop$timer$1.handle(LoopRunner.kt:137)
	at javafx.graphics@19.0.2.1/javafx.animation.AnimationTimer$AnimationTimerReceiver.lambda$handle$0(AnimationTimer.java:58)
	at java.base/java.security.AccessController.doPrivileged(AccessController.java:399)
	at javafx.graphics@19.0.2.1/javafx.animation.AnimationTimer$AnimationTimerReceiver.handle(AnimationTimer.java:57)
	at javafx.graphics@19.0.2.1/com.sun.scenario.animation.AbstractPrimaryTimer.timePulseImpl(AbstractPrimaryTimer.java:356)
	at javafx.graphics@19.0.2.1/com.sun.scenario.animation.AbstractPrimaryTimer$MainLoop.run(AbstractPrimaryTimer.java:266)
	at javafx.graphics@19.0.2.1/com.sun.javafx.tk.quantum.QuantumToolkit.pulse(QuantumToolkit.java:571)
	at javafx.graphics@19.0.2.1/com.sun.javafx.tk.quantum.QuantumToolkit.pulse(QuantumToolkit.java:555)
	at javafx.graphics@19.0.2.1/com.sun.javafx.tk.quantum.QuantumToolkit.pulseFromQueue(QuantumToolkit.java:548)
	at javafx.graphics@19.0.2.1/com.sun.javafx.tk.quantum.QuantumToolkit.lambda$runToolkit$11(QuantumToolkit.java:352)
	at javafx.graphics@19.0.2.1/com.sun.glass.ui.InvokeLaterDispatcher$Future.run(InvokeLaterDispatcher.java:96)
	at javafx.graphics@19.0.2.1/com.sun.glass.ui.win.WinApplication._runLoop(Native Method)
	at javafx.graphics@19.0.2.1/com.sun.glass.ui.win.WinApplication.lambda$runLoop$3(WinApplication.java:184)
	at java.base/java.lang.Thread.run(Thread.java:1589)

11:06:12.184 [JavaFX Application Thread] FATAL FXGLApplication      - Application will now exit
11:06:12.234 [JavaFX Application Thread] DEBUG PrimaryStageWindow   - Push state: ErrorSubScene
11:06:12.234 [JavaFX Application Thread] DEBUG Input                - Clearing active input actions
11:06:12.236 [JavaFX Application Thread] DEBUG GameApplicationServi - Removing overlay from GameScene and adding to ErrorSubScene
11:06:12.236 [JavaFX Application Thread] DEBUG PrimaryStageWindow   - GameScene -> ErrorSubScene
11:06:38.822 [JavaFX Application Thread] DEBUG FXGLApplication      - Exiting FXGL
11:06:38.822 [JavaFX Application Thread] DEBUG Async                - Shutting down background threads
11:06:38.823 [JavaFX Application Thread] DEBUG PrimaryStageWindow   - Closing main window
11:06:38.844 [JavaFX Application Thread] DEBUG Logger               - Closing Logger
