04:49:59.189 [main                     ] DEBUG Logger               - Configured Logger
04:49:59.243 [main                     ] DEBUG GameApplication      - Logging settings
Title: Nuclear Throne Atomic
Version: 0.0
Width: 800
Height: 600
Fullscreen: true
Intro: false
Profiling: false
Single step:false
App Mode: DEVELOPER
Menu Key: ESCAPE
Stage Style: DECORATED
Scene Factory: class com.almasb.fxgl.app.scene.SceneFactory

04:49:59.826 [JavaFX Application Thread] DEBUG FXGLApplication      - Initializing FXGL
04:49:59.838 [JavaFX Application Thread] INFO  Engine               - FXGL-17.2 (20.08.2022 16.50) on WINDOWS (J:18.0.2 FX:19.0.2.1)
04:49:59.839 [JavaFX Application Thread] DEBUG Engine               - JRE Vendor Name: Amazon.com Inc.
04:49:59.839 [JavaFX Application Thread] DEBUG Engine               - Running on OS: Windows 10 version 10.0
04:49:59.840 [JavaFX Application Thread] DEBUG Engine               - Architecture: amd64
04:49:59.840 [JavaFX Application Thread] INFO  Engine               - Source code and latest versions at: https://github.com/AlmasB/FXGL
04:49:59.840 [JavaFX Application Thread] INFO  Engine               -       Ask questions and discuss at: https://github.com/AlmasB/FXGL/discussions
04:49:59.840 [JavaFX Application Thread] INFO  Engine               -              Join the FXGL chat at: https://gitter.im/AlmasB/FXGL
04:49:59.937 [JavaFX Application Thread] DEBUG PrimaryStageWindow   - Creating a JavaFX scene
04:49:59.986 [JavaFX Application Thread] DEBUG PrimaryStageWindow   - Target settings size: 800.0 x 600.0
04:49:59.986 [JavaFX Application Thread] DEBUG PrimaryStageWindow   - Scaled scene size:    800.0 x 600.0
04:49:59.987 [JavaFX Application Thread] DEBUG PrimaryStageWindow   - Scaled ratio: (1.0, 1.0)
04:49:59.988 [JavaFX Application Thread] DEBUG PrimaryStageWindow   - Set initial scene to FXGLStartupScene
04:49:59.994 [JavaFX Application Thread] DEBUG PrimaryStageWindow   - Opening main window
04:50:00.099 [JavaFX Application Thread] DEBUG PrimaryStageWindow   - Window border size: (16.0, 39.0)
04:50:00.099 [JavaFX Application Thread] DEBUG PrimaryStageWindow   - Scaled size: 800.0 x 600.0
04:50:00.099 [JavaFX Application Thread] DEBUG PrimaryStageWindow   - Scaled ratio: (1.0, 1.0)
04:50:00.100 [JavaFX Application Thread] DEBUG PrimaryStageWindow   - Scene size: 800.0 x 600.0
04:50:00.101 [JavaFX Application Thread] DEBUG PrimaryStageWindow   - Stage size: 816.0 x 639.0
04:50:00.115 [FXGL Background Thread 1 ] DEBUG Engine               - Initializing environment variables
04:50:00.217 [FXGL Background Thread 1 ] DEBUG FXGLAssetLoaderServi - User app class for loading assets: class com.example.nuclearthroneatomic.Controller
04:50:00.217 [FXGL Background Thread 1 ] DEBUG GameApplicationServi - Applying CSS: fxgl_dark.css
04:50:00.219 [FXGL Background Thread 1 ] DEBUG FXGLAssetLoaderServi - Loading from file system: jar:file:///C:/Users/Juan/.m2/repository/com/github/almasb/fxgl/17.2/fxgl-17.2.jar!/fxglassets/ui/css/fxgl_dark.css
04:50:00.306 [FXGL Background Thread 1 ] DEBUG GameApplicationServi - Initializing application scenes
04:50:00.375 [FXGL Background Thread 1 ] DEBUG GameWorld            - Game world initialized
04:50:00.473 [FXGL Background Thread 1 ] DEBUG PhysicsWorld         - Physics world initialized: appHeight=600, physics.ppm=50,0
04:50:00.473 [FXGL Background Thread 1 ] DEBUG PhysicsWorld         - Using strategy: BRUTE_FORCE
04:50:00.481 [FXGL Background Thread 1 ] DEBUG GameScene            - Game scene initialized: 800x600
04:50:00.505 [FXGL Background Thread 1 ] DEBUG FXGL.DefaultMenu     - createMenuBodyMainMenu()
04:50:00.527 [FXGL Background Thread 1 ] DEBUG FXGL.DefaultMenu     - createOptionsMenu()
04:50:00.543 [FXGL Background Thread 1 ] DEBUG FXGLAssetLoaderServi - Loading from file system: jar:file:///C:/Users/Juan/.m2/repository/com/github/almasb/fxgl/17.2/fxgl-17.2.jar!/fxglassets/textures/particles/smoke.png
04:50:00.661 [FXGL Background Thread 1 ] DEBUG FXGLAssetLoaderServi - Loading from file system: jar:file:///C:/Users/Juan/.m2/repository/com/github/almasb/fxgl/17.2/fxgl-17.2.jar!/fxglassets/textures/particles/trace_horizontal.png
04:50:00.692 [FXGL Background Thread 1 ] DEBUG FXGL.DefaultMenu     - createMenuBodyGameMenu()
04:50:00.694 [FXGL Background Thread 1 ] DEBUG FXGL.DefaultMenu     - createOptionsMenu()
04:50:00.721 [FXGL Background Thread 1 ] DEBUG GameApplicationServi - Application scenes initialized
04:50:00.748 [FXGL Background Thread 1 ] DEBUG SystemBundleService  - Loading FXGL system data
04:50:00.788 [FXGL Background Thread 1 ] DEBUG FileSystemAccess     - Reading from: C:\Users\Juan\Desktop\Apo Integradora 3\NuclearThroneAtomic\src\nuclearthroneatomic\system\fxgl.bundle
04:50:00.817 [FXGL Background Thread 1 ] DEBUG SystemBundleService  - Bundle FXGL: {}
04:50:00.817 [FXGL Background Thread 1 ] DEBUG UpdaterService       - Checking for updates
04:50:00.828 [FXGL Background Thread 4 ] DEBUG FXGLApplication      - Loading fonts
04:50:00.830 [FXGL Background Thread 1 ] DEBUG FXGLApplication      - Loading default localization
04:50:00.830 [FXGL Background Thread 4 ] DEBUG FXGLAssetLoaderServi - Loading from file system: jar:file:///C:/Users/Juan/.m2/repository/com/github/almasb/fxgl/17.2/fxgl-17.2.jar!/fxglassets/ui/fonts/VarelaRound-Regular.ttf
04:50:00.831 [FXGL Background Thread 1 ] DEBUG FXGLAssetLoaderServi - Loading from file system: jar:file:///C:/Users/Juan/.m2/repository/com/github/almasb/fxgl/17.2/fxgl-17.2.jar!/fxglassets/languages/english.lang
04:50:00.887 [FXGL Background Thread 1 ] INFO  FXGLApplication      - FXGL initialization took: 0,771 sec
04:50:00.900 [JavaFX Application Thread] DEBUG Input                - Registered new binding: lucky - Q
04:50:00.900 [JavaFX Application Thread] DEBUG Input                - Registered new binding: health - F
04:50:00.900 [JavaFX Application Thread] DEBUG Input                - Registered new binding: Right - D
04:50:00.900 [JavaFX Application Thread] DEBUG Input                - Registered new binding: Left - A
04:50:00.900 [JavaFX Application Thread] DEBUG Input                - Registered new binding: Up - W
04:50:00.901 [JavaFX Application Thread] DEBUG Input                - Registered new binding: Down - S
04:50:00.902 [JavaFX Application Thread] DEBUG Input                - Registered new binding: Reload - RMB
04:50:00.903 [JavaFX Application Thread] DEBUG Input                - Registered new binding: Shoot - LMB
04:50:00.903 [JavaFX Application Thread] DEBUG FXGLAssetLoaderServi - Loading from file system: jar:file:///C:/Users/Juan/.m2/repository/com/github/almasb/fxgl/17.2/fxgl-17.2.jar!/fxglassets/textures/fxgl_icon.png
04:50:00.950 [JavaFX Application Thread] DEBUG FXGLAssetLoaderServi - Loading from file system: jar:file:///C:/Users/Juan/.m2/repository/com/github/almasb/fxgl/17.2/fxgl-17.2.jar!/fxglassets/textures/fxgl_default_cursor.png
04:50:00.961 [JavaFX Application Thread] DEBUG Input                - Registered new binding: Screenshot - CTRL+8
04:50:00.962 [JavaFX Application Thread] DEBUG Input                - Registered new binding: System info dump - CTRL+9
04:50:00.962 [JavaFX Application Thread] DEBUG Input                - Registered new binding: Restart - CTRL+R
04:50:00.962 [JavaFX Application Thread] DEBUG Input                - Registered new binding: Toggle Debug Camera - CTRL+7
04:50:00.966 [JavaFX Application Thread] DEBUG LoopRunner           - Starting loop
04:50:00.966 [JavaFX Application Thread] DEBUG LoopRunner           - Initializing JavaFX AnimationTimerLoop
04:50:00.975 [JavaFX Application Thread] DEBUG Input                - Clearing active input actions
04:50:00.987 [JavaFX Application Thread] DEBUG GameApplicationServi - Removing overlay from FXGLStartupScene and adding to FXGLMainMenuDummyScene
04:50:00.988 [JavaFX Application Thread] DEBUG PrimaryStageWindow   - FXGLStartupScene -> FXGLMainMenuDummyScene
04:50:00.988 [JavaFX Application Thread] DEBUG PrimaryStageWindow   - Push state: FXGLDefaultMenu
04:50:01.010 [JavaFX Application Thread] DEBUG Input                - Clearing active input actions
04:50:01.020 [JavaFX Application Thread] DEBUG GameApplicationServi - Removing overlay from FXGLMainMenuDummyScene and adding to FXGLDefaultMenu
04:50:01.020 [JavaFX Application Thread] DEBUG PrimaryStageWindow   - FXGLMainMenuDummyScene -> FXGLDefaultMenu
04:50:01.155 [FXGL Background Thread 4 ] DEBUG FXGLAssetLoaderServi - Loading from file system: jar:file:///C:/Users/Juan/.m2/repository/com/github/almasb/fxgl/17.2/fxgl-17.2.jar!/fxglassets/ui/fonts/Abel-Regular.ttf
04:50:01.276 [FXGL Background Thread 4 ] DEBUG FXGLAssetLoaderServi - Loading from file system: jar:file:///C:/Users/Juan/.m2/repository/com/github/almasb/fxgl/17.2/fxgl-17.2.jar!/fxglassets/ui/fonts/TerminalLandMono-Regular.otf
04:50:01.407 [FXGL Background Thread 4 ] DEBUG FXGLAssetLoaderServi - Loading from file system: jar:file:///C:/Users/Juan/.m2/repository/com/github/almasb/fxgl/17.2/fxgl-17.2.jar!/fxglassets/ui/fonts/Courier-Prime.ttf
04:50:01.509 [JavaFX Application Thread] DEBUG FXGLApplication      - Registering font factories with UI factory
04:50:03.617 [JavaFX Application Thread] DEBUG Menu                 - fireNewGame()
04:50:03.617 [JavaFX Application Thread] DEBUG GameApplicationServi - Starting new game
04:50:03.620 [JavaFX Application Thread] DEBUG PrimaryStageWindow   - Pop state: FXGLDefaultMenu
04:50:03.620 [JavaFX Application Thread] DEBUG Input                - Clearing active input actions
04:50:03.621 [JavaFX Application Thread] DEBUG GameApplicationServi - Removing overlay from FXGLDefaultMenu and adding to FXGLMainMenuDummyScene
04:50:03.622 [JavaFX Application Thread] DEBUG PrimaryStageWindow   - FXGLMainMenuDummyScene <- FXGLDefaultMenu
04:50:03.622 [JavaFX Application Thread] DEBUG Input                - Clearing active input actions
04:50:03.631 [JavaFX Application Thread] DEBUG GameApplicationServi - Removing overlay from FXGLMainMenuDummyScene and adding to FXGLLoadingScene
04:50:03.631 [JavaFX Application Thread] DEBUG PrimaryStageWindow   - FXGLMainMenuDummyScene -> FXGLLoadingScene
04:50:03.633 [JavaFX Application Thread] DEBUG GameApplicationServi - Clearing previous game
04:50:03.633 [JavaFX Application Thread] DEBUG GameScene            - Clearing game scene
04:50:03.633 [JavaFX Application Thread] DEBUG GameWorld            - Clearing game world
04:50:03.633 [JavaFX Application Thread] DEBUG PhysicsWorld         - Clearing physics world
04:50:03.634 [FXGL Background Thread 4 ] DEBUG FXGLApplication      - Initializing game
04:50:03.649 [FXGL Background Thread 4 ] DEBUG FXGLAssetLoaderServi - Loading from file system: file:/C:/Users/Juan/Desktop/Apo%20Integradora%203/NuclearThroneAtomic/src/nuclearthroneatomic/target/classes/assets/textures/Avatar/1-Idle/1.png
04:50:03.653 [FXGL Background Thread 4 ] DEBUG FXGLAssetLoaderServi - Loading from file system: file:/C:/Users/Juan/Desktop/Apo%20Integradora%203/NuclearThroneAtomic/src/nuclearthroneatomic/target/classes/assets/textures/Avatar/1-Idle/2.png
04:50:03.657 [FXGL Background Thread 4 ] DEBUG FXGLAssetLoaderServi - Loading from file system: file:/C:/Users/Juan/Desktop/Apo%20Integradora%203/NuclearThroneAtomic/src/nuclearthroneatomic/target/classes/assets/textures/Avatar/1-Idle/3.png
04:50:03.667 [FXGL Background Thread 4 ] DEBUG FXGLAssetLoaderServi - Loading from file system: file:/C:/Users/Juan/Desktop/Apo%20Integradora%203/NuclearThroneAtomic/src/nuclearthroneatomic/target/classes/assets/textures/Avatar/1-Idle/4.png
04:50:03.746 [FXGL Background Thread 4 ] DEBUG FXGLAssetLoaderServi - Loading from file system: file:/C:/Users/Juan/Desktop/Apo%20Integradora%203/NuclearThroneAtomic/src/nuclearthroneatomic/target/classes/assets/textures/Avatar/2-Run/1.png
04:50:03.750 [FXGL Background Thread 4 ] DEBUG FXGLAssetLoaderServi - Loading from file system: file:/C:/Users/Juan/Desktop/Apo%20Integradora%203/NuclearThroneAtomic/src/nuclearthroneatomic/target/classes/assets/textures/Avatar/2-Run/2.png
04:50:03.762 [FXGL Background Thread 4 ] DEBUG FXGLAssetLoaderServi - Loading from file system: file:/C:/Users/Juan/Desktop/Apo%20Integradora%203/NuclearThroneAtomic/src/nuclearthroneatomic/target/classes/assets/textures/Avatar/2-Run/3.png
04:50:03.770 [FXGL Background Thread 4 ] DEBUG FXGLAssetLoaderServi - Loading from file system: file:/C:/Users/Juan/Desktop/Apo%20Integradora%203/NuclearThroneAtomic/src/nuclearthroneatomic/target/classes/assets/textures/Avatar/2-Run/4.png
04:50:03.775 [FXGL Background Thread 4 ] DEBUG FXGLAssetLoaderServi - Loading from file system: file:/C:/Users/Juan/Desktop/Apo%20Integradora%203/NuclearThroneAtomic/src/nuclearthroneatomic/target/classes/assets/textures/Avatar/2-Run/5.png
04:50:03.779 [FXGL Background Thread 4 ] DEBUG FXGLAssetLoaderServi - Loading from file system: file:/C:/Users/Juan/Desktop/Apo%20Integradora%203/NuclearThroneAtomic/src/nuclearthroneatomic/target/classes/assets/textures/Avatar/2-Run/6.png
04:50:03.807 [FXGL Background Thread 4 ] DEBUG FXGLAssetLoaderServi - Loading from file system: file:/C:/Users/Juan/Desktop/Apo%20Integradora%203/NuclearThroneAtomic/src/nuclearthroneatomic/target/classes/assets/textures/Munition/1.png
04:50:03.830 [FXGL Background Thread 3 ] DEBUG Engine               - Logging environment variables
04:50:03.830 [FXGL Background Thread 3 ] DEBUG Engine               - achievements: []
04:50:03.830 [FXGL Background Thread 3 ] DEBUG Engine               - actualHeight: 600.0
04:50:03.831 [FXGL Background Thread 3 ] DEBUG Engine               - actualHeightProperty: ReadOnlyDoubleProperty [value: 600.0]
04:50:03.831 [FXGL Background Thread 3 ] DEBUG Engine               - actualWidth: 800.0
04:50:03.832 [FXGL Background Thread 3 ] DEBUG Engine               - actualWidthProperty: ReadOnlyDoubleProperty [value: 800.0]
04:50:03.832 [FXGL Background Thread 3 ] DEBUG Engine               - appIcon: fxgl_icon.png
04:50:03.832 [FXGL Background Thread 3 ] DEBUG Engine               - applicationMode: DEVELOPER
04:50:03.832 [FXGL Background Thread 3 ] DEBUG Engine               - cSSList: [fxgl_dark.css]
04:50:03.832 [FXGL Background Thread 3 ] DEBUG Engine               - collisionDetectionStrategy: BRUTE_FORCE
04:50:03.832 [FXGL Background Thread 3 ] DEBUG Engine               - configClass: Optional.empty
04:50:03.833 [FXGL Background Thread 3 ] DEBUG Engine               - credits: []
04:50:03.834 [FXGL Background Thread 3 ] DEBUG Engine               - defaultCursor: CursorInfo(imageName=fxgl_default_cursor.png, hotspotX=7.0, hotspotY=6.0)
04:50:03.835 [FXGL Background Thread 3 ] DEBUG Engine               - devBBoxColorProperty: ObjectProperty [value: 0xff0000ff]
04:50:03.835 [FXGL Background Thread 3 ] DEBUG Engine               - devEnableDebugCameraProperty: BooleanProperty [value: false]
04:50:03.835 [FXGL Background Thread 3 ] DEBUG Engine               - devSensorColorProperty: ObjectProperty [value: 0xffff00ff]
04:50:03.835 [FXGL Background Thread 3 ] DEBUG Engine               - devShowBBoxProperty: BooleanProperty [value: false]
04:50:03.835 [FXGL Background Thread 3 ] DEBUG Engine               - devShowPositionProperty: BooleanProperty [value: false]
04:50:03.841 [FXGL Background Thread 3 ] DEBUG Engine               - enabledMenuItems: []
04:50:03.841 [FXGL Background Thread 3 ] DEBUG Engine               - engineServices: [class com.almasb.fxgl.app.services.FXGLAssetLoaderService, class com.almasb.fxgl.app.FXGLApplication$GameApplicationService, class com.almasb.fxgl.app.services.FXGLDialogService, class com.almasb.fxgl.app.services.IOTaskExecutorService, class com.almasb.fxgl.io.FileSystemService, class com.almasb.fxgl.localization.LocalizationService, class com.almasb.fxgl.app.services.SystemBundleService, class com.almasb.fxgl.profile.SaveLoadService, class com.almasb.fxgl.ui.FXGLUIFactoryServiceProvider, class com.almasb.fxgl.ui.FXGLDialogFactoryServiceProvider, class com.almasb.fxgl.audio.AudioPlayer, class com.almasb.fxgl.notification.impl.NotificationServiceProvider, class com.almasb.fxgl.achievement.AchievementService, class com.almasb.fxgl.cutscene.CutsceneService, class com.almasb.fxgl.minigames.MiniGameService, class com.almasb.fxgl.net.NetService, class com.almasb.fxgl.app.services.UpdaterService, class com.almasb.fxgl.dev.DevService]
04:50:03.841 [FXGL Background Thread 3 ] DEBUG Engine               - fontGame: Abel-Regular.ttf
04:50:03.841 [FXGL Background Thread 3 ] DEBUG Engine               - fontMono: TerminalLandMono-Regular.otf
04:50:03.841 [FXGL Background Thread 3 ] DEBUG Engine               - fontText: Courier-Prime.ttf
04:50:03.841 [FXGL Background Thread 3 ] DEBUG Engine               - fontUI: VarelaRound-Regular.ttf
04:50:03.841 [FXGL Background Thread 3 ] DEBUG Engine               - fullScreen: BooleanProperty [value: false]
04:50:03.841 [FXGL Background Thread 3 ] DEBUG Engine               - gameDifficulty: MEDIUM
04:50:03.841 [FXGL Background Thread 3 ] DEBUG Engine               - gameDifficultyProperty: ObjectProperty [value: MEDIUM]
04:50:03.841 [FXGL Background Thread 3 ] DEBUG Engine               - globalMusicVolume: 0.5
04:50:03.842 [FXGL Background Thread 3 ] DEBUG Engine               - globalMusicVolumeProperty: DoubleProperty [value: 0.5]
04:50:03.842 [FXGL Background Thread 3 ] DEBUG Engine               - globalSoundVolume: 0.5
04:50:03.842 [FXGL Background Thread 3 ] DEBUG Engine               - globalSoundVolumeProperty: DoubleProperty [value: 0.5]
04:50:03.842 [FXGL Background Thread 3 ] DEBUG Engine               - height: 600
04:50:03.842 [FXGL Background Thread 3 ] DEBUG Engine               - is3D: false
04:50:03.842 [FXGL Background Thread 3 ] DEBUG Engine               - isAndroid: false
04:50:03.842 [FXGL Background Thread 3 ] DEBUG Engine               - isBrowser: false
04:50:03.842 [FXGL Background Thread 3 ] DEBUG Engine               - isClickFeedbackEnabled: false
04:50:03.842 [FXGL Background Thread 3 ] DEBUG Engine               - isCloseConfirmation: false
04:50:03.842 [FXGL Background Thread 3 ] DEBUG Engine               - isDesktop: true
04:50:03.842 [FXGL Background Thread 3 ] DEBUG Engine               - isDeveloperMenuEnabled: false
04:50:03.842 [FXGL Background Thread 3 ] DEBUG Engine               - isEmbedded: false
04:50:03.842 [FXGL Background Thread 3 ] DEBUG Engine               - isEntityPreloadEnabled: true
04:50:03.843 [FXGL Background Thread 3 ] DEBUG Engine               - isExperimentalTiledLargeMap: false
04:50:03.843 [FXGL Background Thread 3 ] DEBUG Engine               - isFileSystemWriteAllowed: true
04:50:03.843 [FXGL Background Thread 3 ] DEBUG Engine               - isFullScreenAllowed: true
04:50:03.843 [FXGL Background Thread 3 ] DEBUG Engine               - isFullScreenFromStart: false
04:50:03.843 [FXGL Background Thread 3 ] DEBUG Engine               - isGameMenuEnabled: true
04:50:03.843 [FXGL Background Thread 3 ] DEBUG Engine               - isIOS: false
04:50:03.843 [FXGL Background Thread 3 ] DEBUG Engine               - isIntroEnabled: false
04:50:03.843 [FXGL Background Thread 3 ] DEBUG Engine               - isLinux: false
04:50:03.843 [FXGL Background Thread 3 ] DEBUG Engine               - isMac: false
04:50:03.843 [FXGL Background Thread 3 ] DEBUG Engine               - isMainMenuEnabled: true
04:50:03.843 [FXGL Background Thread 3 ] DEBUG Engine               - isManualResizeEnabled: false
04:50:03.843 [FXGL Background Thread 3 ] DEBUG Engine               - isMobile: false
04:50:03.844 [FXGL Background Thread 3 ] DEBUG Engine               - isNative: false
04:50:03.844 [FXGL Background Thread 3 ] DEBUG Engine               - isPauseMusicWhenMinimized: true
04:50:03.844 [FXGL Background Thread 3 ] DEBUG Engine               - isPreserveResizeRatio: false
04:50:03.844 [FXGL Background Thread 3 ] DEBUG Engine               - isProfilingEnabled: false
04:50:03.844 [FXGL Background Thread 3 ] DEBUG Engine               - isScaleAffectedOnResize: true
04:50:03.844 [FXGL Background Thread 3 ] DEBUG Engine               - isSingleStep: false
04:50:03.844 [FXGL Background Thread 3 ] DEBUG Engine               - isUserProfileEnabled: false
04:50:03.844 [FXGL Background Thread 3 ] DEBUG Engine               - isWindows: true
04:50:03.844 [FXGL Background Thread 3 ] DEBUG Engine               - language: ObjectProperty [value: ENGLISH]
04:50:03.844 [FXGL Background Thread 3 ] DEBUG Engine               - menuKey: ESCAPE
04:50:03.844 [FXGL Background Thread 3 ] DEBUG Engine               - mouseSensitivity: 0.2
04:50:03.844 [FXGL Background Thread 3 ] DEBUG Engine               - notificationViewClass: class com.almasb.fxgl.notification.view.XboxNotificationView
04:50:03.844 [FXGL Background Thread 3 ] DEBUG Engine               - pixelsPerMeter: 50.0
04:50:03.844 [FXGL Background Thread 3 ] DEBUG Engine               - platform: WINDOWS
04:50:03.844 [FXGL Background Thread 3 ] DEBUG Engine               - prefHeightProperty: ReadOnlyDoubleProperty [value: 600.0]
04:50:03.844 [FXGL Background Thread 3 ] DEBUG Engine               - prefWidthProperty: ReadOnlyDoubleProperty [value: 800.0]
04:50:03.845 [FXGL Background Thread 3 ] DEBUG Engine               - profileDir: profiles/
04:50:03.845 [FXGL Background Thread 3 ] DEBUG Engine               - profileName: StringProperty [value: DEFAULT]
04:50:03.845 [FXGL Background Thread 3 ] DEBUG Engine               - randomSeed: -1
04:50:03.845 [FXGL Background Thread 3 ] DEBUG Engine               - runtimeInfo: RuntimeInfo(platform=WINDOWS, version=17.2, build=20.08.2022 16.50)
04:50:03.845 [FXGL Background Thread 3 ] DEBUG Engine               - saveFileExt: sav
04:50:03.845 [FXGL Background Thread 3 ] DEBUG Engine               - scaledHeightProp$fxgl: DoubleProperty [bound, value: 600.0]
04:50:03.845 [FXGL Background Thread 3 ] DEBUG Engine               - scaledWidthProp$fxgl: DoubleProperty [bound, value: 800.0]
04:50:03.845 [FXGL Background Thread 3 ] DEBUG Engine               - sceneFactory: com.almasb.fxgl.app.scene.SceneFactory@4d7a55f0
04:50:03.845 [FXGL Background Thread 3 ] DEBUG Engine               - secondsIn24h: 60
04:50:03.845 [FXGL Background Thread 3 ] DEBUG Engine               - soundMenuBack: menu/back.wav
04:50:03.845 [FXGL Background Thread 3 ] DEBUG Engine               - soundMenuPress: menu/press.wav
04:50:03.846 [FXGL Background Thread 3 ] DEBUG Engine               - soundMenuSelect: menu/select.wav
04:50:03.846 [FXGL Background Thread 3 ] DEBUG Engine               - soundNotification: core/notification.wav
04:50:03.846 [FXGL Background Thread 3 ] DEBUG Engine               - stageStyle: DECORATED
04:50:03.846 [FXGL Background Thread 3 ] DEBUG Engine               - supportedLanguages: [ENGLISH, FRENCH, GERMAN, HUNGARIAN, RUSSIAN]
04:50:03.846 [FXGL Background Thread 3 ] DEBUG Engine               - ticksPerSecond: -1
04:50:03.846 [FXGL Background Thread 3 ] DEBUG Engine               - title: Nuclear Throne Atomic
04:50:03.846 [FXGL Background Thread 3 ] DEBUG Engine               - urlGithub: https://github.com/AlmasB/FXGL
04:50:03.846 [FXGL Background Thread 3 ] DEBUG Engine               - urlLeaderboard: http://fxgl-top.herokuapp.com/
04:50:03.846 [FXGL Background Thread 3 ] DEBUG Engine               - urlPOM: https://raw.githubusercontent.com/AlmasB/FXGL/release/README.md
04:50:03.846 [FXGL Background Thread 3 ] DEBUG Engine               - userAppClass: class com.example.nuclearthroneatomic.Controller
04:50:03.846 [FXGL Background Thread 3 ] DEBUG Engine               - version: 0.0
04:50:03.846 [FXGL Background Thread 3 ] DEBUG Engine               - versionCheckDays: 7
04:50:03.846 [FXGL Background Thread 3 ] DEBUG Engine               - width: 800
04:50:03.846 [FXGL Background Thread 3 ] DEBUG Engine               - Logging services
04:50:03.846 [FXGL Background Thread 3 ] DEBUG Engine               - class com.almasb.fxgl.app.services.FXGLAssetLoaderService
04:50:03.846 [FXGL Background Thread 3 ] DEBUG Engine               - class com.almasb.fxgl.app.FXGLApplication$GameApplicationService
04:50:03.846 [FXGL Background Thread 3 ] DEBUG Engine               - class com.almasb.fxgl.app.services.FXGLDialogService
04:50:03.846 [FXGL Background Thread 3 ] DEBUG Engine               - class com.almasb.fxgl.app.services.IOTaskExecutorService
04:50:03.847 [FXGL Background Thread 3 ] DEBUG Engine               - class com.almasb.fxgl.io.FileSystemService
04:50:03.847 [FXGL Background Thread 3 ] DEBUG Engine               - class com.almasb.fxgl.localization.LocalizationService
04:50:03.847 [FXGL Background Thread 3 ] DEBUG Engine               - class com.almasb.fxgl.app.services.SystemBundleService
04:50:03.847 [FXGL Background Thread 3 ] DEBUG Engine               - class com.almasb.fxgl.profile.SaveLoadService
04:50:03.847 [FXGL Background Thread 3 ] DEBUG Engine               - class com.almasb.fxgl.ui.FXGLUIFactoryServiceProvider
04:50:03.847 [FXGL Background Thread 3 ] DEBUG Engine               - class com.almasb.fxgl.ui.FXGLDialogFactoryServiceProvider
04:50:03.847 [FXGL Background Thread 3 ] DEBUG Engine               - class com.almasb.fxgl.audio.AudioPlayer
04:50:03.847 [FXGL Background Thread 3 ] DEBUG Engine               - class com.almasb.fxgl.notification.impl.NotificationServiceProvider
04:50:03.847 [FXGL Background Thread 3 ] DEBUG Engine               - class com.almasb.fxgl.achievement.AchievementService
04:50:03.847 [FXGL Background Thread 3 ] DEBUG Engine               - class com.almasb.fxgl.cutscene.CutsceneService
04:50:03.847 [FXGL Background Thread 3 ] DEBUG Engine               - class com.almasb.fxgl.minigames.MiniGameService
04:50:03.848 [FXGL Background Thread 3 ] DEBUG Engine               - class com.almasb.fxgl.net.NetService
04:50:03.848 [FXGL Background Thread 3 ] DEBUG Engine               - class com.almasb.fxgl.app.services.UpdaterService
04:50:03.848 [FXGL Background Thread 3 ] DEBUG Engine               - class com.almasb.fxgl.dev.DevService
04:50:03.897 [FXGL Background Thread 4 ] DEBUG FXGLAssetLoaderServi - Loading from file system: file:/C:/Users/Juan/Desktop/Apo%20Integradora%203/NuclearThroneAtomic/src/nuclearthroneatomic/target/classes/assets/textures/hud/lifeplayer.png
04:50:03.910 [FXGL Background Thread 4 ] DEBUG FXGLAssetLoaderServi - Loading from file system: file:/C:/Users/Juan/Desktop/Apo%20Integradora%203/NuclearThroneAtomic/src/nuclearthroneatomic/target/classes/assets/textures/hud/medkit.png
04:50:03.930 [FXGL Background Thread 4 ] DEBUG FXGLAssetLoaderServi - Loading from file system: file:/C:/Users/Juan/Desktop/Apo%20Integradora%203/NuclearThroneAtomic/src/nuclearthroneatomic/target/classes/assets/textures/hud/trebol.png
04:50:03.941 [FXGL Background Thread 4 ] DEBUG FXGLAssetLoaderServi - Loading from file system: file:/C:/Users/Juan/Desktop/Apo%20Integradora%203/NuclearThroneAtomic/src/nuclearthroneatomic/target/classes/assets/textures/Guns/1.png
04:50:03.956 [FXGL Background Thread 4 ] DEBUG FXGLAssetLoaderServi - Loading from file system: file:/C:/Users/Juan/Desktop/Apo%20Integradora%203/NuclearThroneAtomic/src/nuclearthroneatomic/target/classes/assets/textures/enemy/1-Idle/1.png
04:50:03.970 [FXGL Background Thread 4 ] DEBUG FXGLAssetLoaderServi - Loading from file system: file:/C:/Users/Juan/Desktop/Apo%20Integradora%203/NuclearThroneAtomic/src/nuclearthroneatomic/target/classes/assets/textures/enemy/1-Idle/2.png
04:50:03.972 [FXGL Background Thread 4 ] DEBUG FXGLAssetLoaderServi - Loading from file system: file:/C:/Users/Juan/Desktop/Apo%20Integradora%203/NuclearThroneAtomic/src/nuclearthroneatomic/target/classes/assets/textures/enemy/1-Idle/3.png
04:50:03.988 [FXGL Background Thread 4 ] DEBUG FXGLAssetLoaderServi - Loading from file system: file:/C:/Users/Juan/Desktop/Apo%20Integradora%203/NuclearThroneAtomic/src/nuclearthroneatomic/target/classes/assets/textures/enemy/1-Idle/4.png
04:50:04.006 [FXGL Background Thread 4 ] DEBUG FXGLAssetLoaderServi - Loading from file system: file:/C:/Users/Juan/Desktop/Apo%20Integradora%203/NuclearThroneAtomic/src/nuclearthroneatomic/target/classes/assets/textures/enemy/2-Run/1.png
04:50:04.012 [FXGL Background Thread 4 ] DEBUG FXGLAssetLoaderServi - Loading from file system: file:/C:/Users/Juan/Desktop/Apo%20Integradora%203/NuclearThroneAtomic/src/nuclearthroneatomic/target/classes/assets/textures/enemy/2-Run/2.png
04:50:04.015 [FXGL Background Thread 4 ] DEBUG FXGLAssetLoaderServi - Loading from file system: file:/C:/Users/Juan/Desktop/Apo%20Integradora%203/NuclearThroneAtomic/src/nuclearthroneatomic/target/classes/assets/textures/enemy/2-Run/3.png
04:50:04.019 [FXGL Background Thread 4 ] DEBUG FXGLAssetLoaderServi - Loading from file system: file:/C:/Users/Juan/Desktop/Apo%20Integradora%203/NuclearThroneAtomic/src/nuclearthroneatomic/target/classes/assets/textures/enemy/2-Run/4.png
04:50:04.028 [FXGL Background Thread 4 ] DEBUG FXGLAssetLoaderServi - Loading from file system: file:/C:/Users/Juan/Desktop/Apo%20Integradora%203/NuclearThroneAtomic/src/nuclearthroneatomic/target/classes/assets/textures/enemy/2-Run/5.png
04:50:04.037 [FXGL Background Thread 4 ] DEBUG FXGLAssetLoaderServi - Loading from file system: file:/C:/Users/Juan/Desktop/Apo%20Integradora%203/NuclearThroneAtomic/src/nuclearthroneatomic/target/classes/assets/textures/enemy/2-Run/6.png
04:50:04.059 [FXGL Background Thread 4 ] DEBUG FXGLAssetLoaderServi - Loading from file system: file:/C:/Users/Juan/Desktop/Apo%20Integradora%203/NuclearThroneAtomic/src/nuclearthroneatomic/target/classes/assets/textures/portal/1.png
04:50:04.069 [FXGL Background Thread 4 ] DEBUG FXGLAssetLoaderServi - Loading from file system: file:/C:/Users/Juan/Desktop/Apo%20Integradora%203/NuclearThroneAtomic/src/nuclearthroneatomic/target/classes/assets/textures/portal/2.png
04:50:04.079 [FXGL Background Thread 4 ] DEBUG FXGLAssetLoaderServi - Loading from file system: file:/C:/Users/Juan/Desktop/Apo%20Integradora%203/NuclearThroneAtomic/src/nuclearthroneatomic/target/classes/assets/textures/portal/3.png
04:50:04.095 [FXGL Background Thread 4 ] DEBUG FXGLAssetLoaderServi - Loading from file system: file:/C:/Users/Juan/Desktop/Apo%20Integradora%203/NuclearThroneAtomic/src/nuclearthroneatomic/target/classes/assets/textures/portal/4.png
04:50:04.130 [FXGL Background Thread 4 ] DEBUG FXGLAssetLoaderServi - Loading from file system: file:/C:/Users/Juan/Desktop/Apo%20Integradora%203/NuclearThroneAtomic/src/nuclearthroneatomic/target/classes/assets/textures/Wall/1.png
04:50:04.336 [FXGL Background Thread 4 ] INFO  FXGLApplication      - Game initialization took: 0,701 sec
04:50:04.336 [JavaFX Application Thread] DEBUG Input                - Clearing active input actions
04:50:04.346 [JavaFX Application Thread] DEBUG GameApplicationServi - Removing overlay from FXGLLoadingScene and adding to GameScene
04:50:04.347 [JavaFX Application Thread] DEBUG PrimaryStageWindow   - FXGLLoadingScene -> GameScene
04:50:04.353 [JavaFX Application Thread] DEBUG FXGLAssetLoaderServi - Loading from file system: file:/C:/Users/Juan/Desktop/Apo%20Integradora%203/NuclearThroneAtomic/src/nuclearthroneatomic/target/classes/assets/textures/Bullet/1.png
04:50:06.440 [FXGL Background Thread 2 ] INFO  UpdaterService       - Your current version:  17.2
04:50:06.440 [FXGL Background Thread 2 ] INFO  UpdaterService       - Latest stable version: 17.3
04:50:35.335 [JavaFX Application Thread] DEBUG LoopRunner           - Pausing loop
04:53:04.419 [JavaFX Application Thread] DEBUG LoopRunner           - Resuming loop
04:54:20.663 [JavaFX Application Thread] DEBUG FXGLApplication      - Exiting FXGL
04:54:20.663 [JavaFX Application Thread] DEBUG LoopRunner           - Stopping loop
04:54:20.663 [JavaFX Application Thread] DEBUG SystemBundleService  - Saving FXGL system data
04:54:20.683 [JavaFX Application Thread] DEBUG FileSystemAccess     - Writing to: C:\Users\Juan\Desktop\Apo Integradora 3\NuclearThroneAtomic\src\nuclearthroneatomic\system\fxgl.bundle
04:54:20.691 [JavaFX Application Thread] DEBUG Async                - Shutting down background threads
04:54:20.691 [JavaFX Application Thread] DEBUG PrimaryStageWindow   - Closing main window
04:54:20.727 [JavaFX Application Thread] DEBUG Logger               - Closing Logger
