14:40:22.257 [main                     ] DEBUG Logger               - Configured Logger
14:40:22.301 [main                     ] DEBUG GameApplication      - Logging settings
Title: Untitled
Version: 0.0
Width: 800
Height: 600
Fullscreen: false
Intro: false
Profiling: false
Single step:false
App Mode: DEVELOPER
Menu Key: ESCAPE
Stage Style: DECORATED
Scene Factory: class com.almasb.fxgl.app.scene.SceneFactory

14:40:23.085 [JavaFX Application Thread] DEBUG FXGLApplication      - Initializing FXGL
14:40:23.093 [JavaFX Application Thread] INFO  Engine               - FXGL-17.2 (20.08.2022 16.50) on WINDOWS (J:20.0.1 FX:18.0.2)
14:40:23.093 [JavaFX Application Thread] DEBUG Engine               - JRE Vendor Name: Oracle Corporation
14:40:23.094 [JavaFX Application Thread] DEBUG Engine               - Running on OS: Windows 10 version 10.0
14:40:23.094 [JavaFX Application Thread] DEBUG Engine               - Architecture: amd64
14:40:23.094 [JavaFX Application Thread] INFO  Engine               - Source code and latest versions at: https://github.com/AlmasB/FXGL
14:40:23.094 [JavaFX Application Thread] INFO  Engine               -       Ask questions and discuss at: https://github.com/AlmasB/FXGL/discussions
14:40:23.094 [JavaFX Application Thread] INFO  Engine               -              Join the FXGL chat at: https://gitter.im/AlmasB/FXGL
14:40:23.215 [JavaFX Application Thread] DEBUG PrimaryStageWindow   - Creating a JavaFX scene
14:40:23.280 [JavaFX Application Thread] DEBUG PrimaryStageWindow   - Target settings size: 800.0 x 600.0
14:40:23.280 [JavaFX Application Thread] DEBUG PrimaryStageWindow   - Scaled scene size:    800.0 x 600.0
14:40:23.281 [JavaFX Application Thread] DEBUG PrimaryStageWindow   - Scaled ratio: (1.0, 1.0)
14:40:23.282 [JavaFX Application Thread] DEBUG PrimaryStageWindow   - Set initial scene to FXGLStartupScene
14:40:23.292 [JavaFX Application Thread] DEBUG PrimaryStageWindow   - Opening main window
14:40:23.407 [JavaFX Application Thread] DEBUG PrimaryStageWindow   - Window border size: (16.0, 39.0)
14:40:23.408 [JavaFX Application Thread] DEBUG PrimaryStageWindow   - Scaled size: 800.0 x 600.0
14:40:23.408 [JavaFX Application Thread] DEBUG PrimaryStageWindow   - Scaled ratio: (1.0, 1.0)
14:40:23.409 [JavaFX Application Thread] DEBUG PrimaryStageWindow   - Scene size: 800.0 x 600.0
14:40:23.409 [JavaFX Application Thread] DEBUG PrimaryStageWindow   - Stage size: 816.0 x 639.0
14:40:23.426 [FXGL Background Thread 1 ] DEBUG Engine               - Initializing environment variables
14:40:23.517 [FXGL Background Thread 1 ] DEBUG FXGLAssetLoaderServi - User app class for loading assets: class com.example.nuclearthroneatomic.Controller
14:40:23.518 [FXGL Background Thread 1 ] DEBUG GameApplicationServi - Applying CSS: fxgl_dark.css
14:40:23.520 [FXGL Background Thread 1 ] DEBUG FXGLAssetLoaderServi - Loading from file system: jar:file:///C:/Users/Usuario/.m2/repository/com/github/almasb/fxgl/17.2/fxgl-17.2.jar!/fxglassets/ui/css/fxgl_dark.css
14:40:23.600 [FXGL Background Thread 1 ] DEBUG GameApplicationServi - Initializing application scenes
14:40:23.669 [FXGL Background Thread 1 ] DEBUG GameWorld            - Game world initialized
14:40:23.767 [FXGL Background Thread 1 ] DEBUG PhysicsWorld         - Physics world initialized: appHeight=600, physics.ppm=50,0
14:40:23.767 [FXGL Background Thread 1 ] DEBUG PhysicsWorld         - Using strategy: BRUTE_FORCE
14:40:23.774 [FXGL Background Thread 1 ] DEBUG GameScene            - Game scene initialized: 800x600
14:40:23.791 [FXGL Background Thread 1 ] DEBUG FXGL.DefaultMenu     - createMenuBodyMainMenu()
14:40:23.811 [FXGL Background Thread 1 ] DEBUG FXGL.DefaultMenu     - createOptionsMenu()
14:40:23.829 [FXGL Background Thread 1 ] DEBUG FXGLAssetLoaderServi - Loading from file system: jar:file:///C:/Users/Usuario/.m2/repository/com/github/almasb/fxgl/17.2/fxgl-17.2.jar!/fxglassets/textures/particles/smoke.png
14:40:23.938 [FXGL Background Thread 1 ] DEBUG FXGLAssetLoaderServi - Loading from file system: jar:file:///C:/Users/Usuario/.m2/repository/com/github/almasb/fxgl/17.2/fxgl-17.2.jar!/fxglassets/textures/particles/trace_horizontal.png
14:40:23.980 [FXGL Background Thread 1 ] DEBUG FXGL.DefaultMenu     - createMenuBodyGameMenu()
14:40:23.982 [FXGL Background Thread 1 ] DEBUG FXGL.DefaultMenu     - createOptionsMenu()
14:40:23.999 [FXGL Background Thread 1 ] DEBUG GameApplicationServi - Application scenes initialized
14:40:24.013 [FXGL Background Thread 1 ] DEBUG SystemBundleService  - Loading FXGL system data
14:40:24.019 [FXGL Background Thread 1 ] DEBUG FileSystemAccess     - Reading from: C:\Users\Usuario\OneDrive - Universidad Icesi (@icesi.edu.co)\APO2\Tareas integradoras\NuclearThroneAtomic\src\nuclearthroneatomic\system\fxgl.bundle
14:40:24.032 [FXGL Background Thread 1 ] DEBUG SystemBundleService  - Bundle FXGL: {}
14:40:24.032 [FXGL Background Thread 1 ] DEBUG UpdaterService       - Checking for updates
14:40:24.041 [FXGL Background Thread 4 ] DEBUG FXGLApplication      - Loading fonts
14:40:24.041 [FXGL Background Thread 1 ] DEBUG FXGLApplication      - Loading default localization
14:40:24.042 [FXGL Background Thread 4 ] DEBUG FXGLAssetLoaderServi - Loading from file system: jar:file:///C:/Users/Usuario/.m2/repository/com/github/almasb/fxgl/17.2/fxgl-17.2.jar!/fxglassets/ui/fonts/VarelaRound-Regular.ttf
14:40:24.043 [FXGL Background Thread 1 ] DEBUG FXGLAssetLoaderServi - Loading from file system: jar:file:///C:/Users/Usuario/.m2/repository/com/github/almasb/fxgl/17.2/fxgl-17.2.jar!/fxglassets/languages/english.lang
14:40:24.068 [FXGL Background Thread 1 ] INFO  FXGLApplication      - FXGL initialization took: 0,641 sec
14:40:24.083 [JavaFX Application Thread] DEBUG Input                - Registered new binding: lucky - Q
14:40:24.084 [JavaFX Application Thread] DEBUG Input                - Registered new binding: health - F
14:40:24.084 [JavaFX Application Thread] DEBUG Input                - Registered new binding: Right - D
14:40:24.084 [JavaFX Application Thread] DEBUG Input                - Registered new binding: Left - A
14:40:24.084 [JavaFX Application Thread] DEBUG Input                - Registered new binding: Up - W
14:40:24.085 [JavaFX Application Thread] DEBUG Input                - Registered new binding: Down - S
14:40:24.088 [JavaFX Application Thread] DEBUG Input                - Registered new binding: Reload - RMB
14:40:24.088 [JavaFX Application Thread] DEBUG Input                - Registered new binding: Shoot - LMB
14:40:24.090 [JavaFX Application Thread] DEBUG FXGLAssetLoaderServi - Loading from file system: jar:file:///C:/Users/Usuario/.m2/repository/com/github/almasb/fxgl/17.2/fxgl-17.2.jar!/fxglassets/textures/fxgl_icon.png
14:40:24.119 [JavaFX Application Thread] DEBUG FXGLAssetLoaderServi - Loading from file system: jar:file:///C:/Users/Usuario/.m2/repository/com/github/almasb/fxgl/17.2/fxgl-17.2.jar!/fxglassets/textures/fxgl_default_cursor.png
14:40:24.124 [JavaFX Application Thread] DEBUG Input                - Registered new binding: Screenshot - CTRL+8
14:40:24.125 [JavaFX Application Thread] DEBUG Input                - Registered new binding: System info dump - CTRL+9
14:40:24.126 [JavaFX Application Thread] DEBUG Input                - Registered new binding: Restart - CTRL+R
14:40:24.127 [JavaFX Application Thread] DEBUG Input                - Registered new binding: Toggle Debug Camera - CTRL+7
14:40:24.130 [JavaFX Application Thread] DEBUG LoopRunner           - Starting loop
14:40:24.130 [JavaFX Application Thread] DEBUG LoopRunner           - Initializing JavaFX AnimationTimerLoop
14:40:24.133 [JavaFX Application Thread] DEBUG Input                - Clearing active input actions
14:40:24.144 [JavaFX Application Thread] DEBUG GameApplicationServi - Removing overlay from FXGLStartupScene and adding to FXGLMainMenuDummyScene
14:40:24.145 [JavaFX Application Thread] DEBUG PrimaryStageWindow   - FXGLStartupScene -> FXGLMainMenuDummyScene
14:40:24.145 [JavaFX Application Thread] DEBUG PrimaryStageWindow   - Push state: FXGLDefaultMenu
14:40:24.153 [JavaFX Application Thread] DEBUG Input                - Clearing active input actions
14:40:24.167 [JavaFX Application Thread] DEBUG GameApplicationServi - Removing overlay from FXGLMainMenuDummyScene and adding to FXGLDefaultMenu
14:40:24.168 [JavaFX Application Thread] DEBUG PrimaryStageWindow   - FXGLMainMenuDummyScene -> FXGLDefaultMenu
14:40:24.214 [FXGL Background Thread 4 ] DEBUG FXGLAssetLoaderServi - Loading from file system: jar:file:///C:/Users/Usuario/.m2/repository/com/github/almasb/fxgl/17.2/fxgl-17.2.jar!/fxglassets/ui/fonts/Abel-Regular.ttf
14:40:24.222 [FXGL Background Thread 4 ] DEBUG FXGLAssetLoaderServi - Loading from file system: jar:file:///C:/Users/Usuario/.m2/repository/com/github/almasb/fxgl/17.2/fxgl-17.2.jar!/fxglassets/ui/fonts/TerminalLandMono-Regular.otf
14:40:24.233 [FXGL Background Thread 4 ] DEBUG FXGLAssetLoaderServi - Loading from file system: jar:file:///C:/Users/Usuario/.m2/repository/com/github/almasb/fxgl/17.2/fxgl-17.2.jar!/fxglassets/ui/fonts/Courier-Prime.ttf
14:40:24.314 [JavaFX Application Thread] DEBUG FXGLApplication      - Registering font factories with UI factory
14:40:24.893 [FXGL Background Thread 2 ] INFO  UpdaterService       - Your current version:  17.2
14:40:24.894 [FXGL Background Thread 2 ] INFO  UpdaterService       - Latest stable version: 17.3
14:40:27.038 [FXGL Background Thread 3 ] DEBUG Engine               - Logging environment variables
14:40:27.039 [FXGL Background Thread 3 ] DEBUG Engine               - achievements: []
14:40:27.039 [FXGL Background Thread 3 ] DEBUG Engine               - actualHeight: 600.0
14:40:27.039 [FXGL Background Thread 3 ] DEBUG Engine               - actualHeightProperty: ReadOnlyDoubleProperty [value: 600.0]
14:40:27.039 [FXGL Background Thread 3 ] DEBUG Engine               - actualWidth: 800.0
14:40:27.040 [FXGL Background Thread 3 ] DEBUG Engine               - actualWidthProperty: ReadOnlyDoubleProperty [value: 800.0]
14:40:27.040 [FXGL Background Thread 3 ] DEBUG Engine               - appIcon: fxgl_icon.png
14:40:27.040 [FXGL Background Thread 3 ] DEBUG Engine               - applicationMode: DEVELOPER
14:40:27.040 [FXGL Background Thread 3 ] DEBUG Engine               - cSSList: [fxgl_dark.css]
14:40:27.040 [FXGL Background Thread 3 ] DEBUG Engine               - collisionDetectionStrategy: BRUTE_FORCE
14:40:27.040 [FXGL Background Thread 3 ] DEBUG Engine               - configClass: Optional.empty
14:40:27.040 [FXGL Background Thread 3 ] DEBUG Engine               - credits: []
14:40:27.041 [FXGL Background Thread 3 ] DEBUG Engine               - defaultCursor: CursorInfo(imageName=fxgl_default_cursor.png, hotspotX=7.0, hotspotY=6.0)
14:40:27.041 [FXGL Background Thread 3 ] DEBUG Engine               - devBBoxColorProperty: ObjectProperty [value: 0xff0000ff]
14:40:27.041 [FXGL Background Thread 3 ] DEBUG Engine               - devEnableDebugCameraProperty: BooleanProperty [value: false]
14:40:27.041 [FXGL Background Thread 3 ] DEBUG Engine               - devSensorColorProperty: ObjectProperty [value: 0xffff00ff]
14:40:27.041 [FXGL Background Thread 3 ] DEBUG Engine               - devShowBBoxProperty: BooleanProperty [value: false]
14:40:27.041 [FXGL Background Thread 3 ] DEBUG Engine               - devShowPositionProperty: BooleanProperty [value: false]
14:40:27.041 [FXGL Background Thread 3 ] DEBUG Engine               - enabledMenuItems: []
14:40:27.042 [FXGL Background Thread 3 ] DEBUG Engine               - engineServices: [class com.almasb.fxgl.app.services.FXGLAssetLoaderService, class com.almasb.fxgl.app.FXGLApplication$GameApplicationService, class com.almasb.fxgl.app.services.FXGLDialogService, class com.almasb.fxgl.app.services.IOTaskExecutorService, class com.almasb.fxgl.io.FileSystemService, class com.almasb.fxgl.localization.LocalizationService, class com.almasb.fxgl.app.services.SystemBundleService, class com.almasb.fxgl.profile.SaveLoadService, class com.almasb.fxgl.ui.FXGLUIFactoryServiceProvider, class com.almasb.fxgl.ui.FXGLDialogFactoryServiceProvider, class com.almasb.fxgl.audio.AudioPlayer, class com.almasb.fxgl.notification.impl.NotificationServiceProvider, class com.almasb.fxgl.achievement.AchievementService, class com.almasb.fxgl.cutscene.CutsceneService, class com.almasb.fxgl.minigames.MiniGameService, class com.almasb.fxgl.net.NetService, class com.almasb.fxgl.app.services.UpdaterService, class com.almasb.fxgl.dev.DevService]
14:40:27.042 [FXGL Background Thread 3 ] DEBUG Engine               - fontGame: Abel-Regular.ttf
14:40:27.042 [FXGL Background Thread 3 ] DEBUG Engine               - fontMono: TerminalLandMono-Regular.otf
14:40:27.042 [FXGL Background Thread 3 ] DEBUG Engine               - fontText: Courier-Prime.ttf
14:40:27.042 [FXGL Background Thread 3 ] DEBUG Engine               - fontUI: VarelaRound-Regular.ttf
14:40:27.042 [FXGL Background Thread 3 ] DEBUG Engine               - fullScreen: BooleanProperty [value: false]
14:40:27.042 [FXGL Background Thread 3 ] DEBUG Engine               - gameDifficulty: MEDIUM
14:40:27.042 [FXGL Background Thread 3 ] DEBUG Engine               - gameDifficultyProperty: ObjectProperty [value: MEDIUM]
14:40:27.042 [FXGL Background Thread 3 ] DEBUG Engine               - globalMusicVolume: 0.5
14:40:27.042 [FXGL Background Thread 3 ] DEBUG Engine               - globalMusicVolumeProperty: DoubleProperty [value: 0.5]
14:40:27.042 [FXGL Background Thread 3 ] DEBUG Engine               - globalSoundVolume: 0.5
14:40:27.043 [FXGL Background Thread 3 ] DEBUG Engine               - globalSoundVolumeProperty: DoubleProperty [value: 0.5]
14:40:27.043 [FXGL Background Thread 3 ] DEBUG Engine               - height: 600
14:40:27.043 [FXGL Background Thread 3 ] DEBUG Engine               - is3D: false
14:40:27.043 [FXGL Background Thread 3 ] DEBUG Engine               - isAndroid: false
14:40:27.043 [FXGL Background Thread 3 ] DEBUG Engine               - isBrowser: false
14:40:27.043 [FXGL Background Thread 3 ] DEBUG Engine               - isClickFeedbackEnabled: false
14:40:27.043 [FXGL Background Thread 3 ] DEBUG Engine               - isCloseConfirmation: false
14:40:27.043 [FXGL Background Thread 3 ] DEBUG Engine               - isDesktop: true
14:40:27.043 [FXGL Background Thread 3 ] DEBUG Engine               - isDeveloperMenuEnabled: false
14:40:27.043 [FXGL Background Thread 3 ] DEBUG Engine               - isEmbedded: false
14:40:27.043 [FXGL Background Thread 3 ] DEBUG Engine               - isEntityPreloadEnabled: true
14:40:27.043 [FXGL Background Thread 3 ] DEBUG Engine               - isExperimentalTiledLargeMap: false
14:40:27.043 [FXGL Background Thread 3 ] DEBUG Engine               - isFileSystemWriteAllowed: true
14:40:27.043 [FXGL Background Thread 3 ] DEBUG Engine               - isFullScreenAllowed: false
14:40:27.043 [FXGL Background Thread 3 ] DEBUG Engine               - isFullScreenFromStart: false
14:40:27.043 [FXGL Background Thread 3 ] DEBUG Engine               - isGameMenuEnabled: true
14:40:27.043 [FXGL Background Thread 3 ] DEBUG Engine               - isIOS: false
14:40:27.044 [FXGL Background Thread 3 ] DEBUG Engine               - isIntroEnabled: false
14:40:27.044 [FXGL Background Thread 3 ] DEBUG Engine               - isLinux: false
14:40:27.044 [FXGL Background Thread 3 ] DEBUG Engine               - isMac: false
14:40:27.044 [FXGL Background Thread 3 ] DEBUG Engine               - isMainMenuEnabled: true
14:40:27.044 [FXGL Background Thread 3 ] DEBUG Engine               - isManualResizeEnabled: false
14:40:27.044 [FXGL Background Thread 3 ] DEBUG Engine               - isMobile: false
14:40:27.044 [FXGL Background Thread 3 ] DEBUG Engine               - isNative: false
14:40:27.044 [FXGL Background Thread 3 ] DEBUG Engine               - isPauseMusicWhenMinimized: true
14:40:27.044 [FXGL Background Thread 3 ] DEBUG Engine               - isPreserveResizeRatio: false
14:40:27.044 [FXGL Background Thread 3 ] DEBUG Engine               - isProfilingEnabled: false
14:40:27.044 [FXGL Background Thread 3 ] DEBUG Engine               - isScaleAffectedOnResize: true
14:40:27.044 [FXGL Background Thread 3 ] DEBUG Engine               - isSingleStep: false
14:40:27.044 [FXGL Background Thread 3 ] DEBUG Engine               - isUserProfileEnabled: false
14:40:27.044 [FXGL Background Thread 3 ] DEBUG Engine               - isWindows: true
14:40:27.044 [FXGL Background Thread 3 ] DEBUG Engine               - language: ObjectProperty [value: ENGLISH]
14:40:27.045 [FXGL Background Thread 3 ] DEBUG Engine               - menuKey: ESCAPE
14:40:27.045 [FXGL Background Thread 3 ] DEBUG Engine               - mouseSensitivity: 0.2
14:40:27.045 [FXGL Background Thread 3 ] DEBUG Engine               - notificationViewClass: class com.almasb.fxgl.notification.view.XboxNotificationView
14:40:27.045 [FXGL Background Thread 3 ] DEBUG Engine               - pixelsPerMeter: 50.0
14:40:27.045 [FXGL Background Thread 3 ] DEBUG Engine               - platform: WINDOWS
14:40:27.045 [FXGL Background Thread 3 ] DEBUG Engine               - prefHeightProperty: ReadOnlyDoubleProperty [value: 600.0]
14:40:27.045 [FXGL Background Thread 3 ] DEBUG Engine               - prefWidthProperty: ReadOnlyDoubleProperty [value: 800.0]
14:40:27.045 [FXGL Background Thread 3 ] DEBUG Engine               - profileDir: profiles/
14:40:27.045 [FXGL Background Thread 3 ] DEBUG Engine               - profileName: StringProperty [value: DEFAULT]
14:40:27.045 [FXGL Background Thread 3 ] DEBUG Engine               - randomSeed: -1
14:40:27.046 [FXGL Background Thread 3 ] DEBUG Engine               - runtimeInfo: RuntimeInfo(platform=WINDOWS, version=17.2, build=20.08.2022 16.50)
14:40:27.046 [FXGL Background Thread 3 ] DEBUG Engine               - saveFileExt: sav
14:40:27.046 [FXGL Background Thread 3 ] DEBUG Engine               - scaledHeightProp$fxgl: DoubleProperty [bound, value: 600.0]
14:40:27.046 [FXGL Background Thread 3 ] DEBUG Engine               - scaledWidthProp$fxgl: DoubleProperty [bound, value: 800.0]
14:40:27.046 [FXGL Background Thread 3 ] DEBUG Engine               - sceneFactory: com.almasb.fxgl.app.scene.SceneFactory@a17787e
14:40:27.046 [FXGL Background Thread 3 ] DEBUG Engine               - secondsIn24h: 60
14:40:27.046 [FXGL Background Thread 3 ] DEBUG Engine               - soundMenuBack: menu/back.wav
14:40:27.046 [FXGL Background Thread 3 ] DEBUG Engine               - soundMenuPress: menu/press.wav
14:40:27.046 [FXGL Background Thread 3 ] DEBUG Engine               - soundMenuSelect: menu/select.wav
14:40:27.046 [FXGL Background Thread 3 ] DEBUG Engine               - soundNotification: core/notification.wav
14:40:27.046 [FXGL Background Thread 3 ] DEBUG Engine               - stageStyle: DECORATED
14:40:27.046 [FXGL Background Thread 3 ] DEBUG Engine               - supportedLanguages: [ENGLISH, FRENCH, GERMAN, HUNGARIAN, RUSSIAN]
14:40:27.046 [FXGL Background Thread 3 ] DEBUG Engine               - ticksPerSecond: -1
14:40:27.046 [FXGL Background Thread 3 ] DEBUG Engine               - title: Untitled
14:40:27.046 [FXGL Background Thread 3 ] DEBUG Engine               - urlGithub: https://github.com/AlmasB/FXGL
14:40:27.046 [FXGL Background Thread 3 ] DEBUG Engine               - urlLeaderboard: http://fxgl-top.herokuapp.com/
14:40:27.046 [FXGL Background Thread 3 ] DEBUG Engine               - urlPOM: https://raw.githubusercontent.com/AlmasB/FXGL/release/README.md
14:40:27.046 [FXGL Background Thread 3 ] DEBUG Engine               - userAppClass: class com.example.nuclearthroneatomic.Controller
14:40:27.047 [FXGL Background Thread 3 ] DEBUG Engine               - version: 0.0
14:40:27.047 [FXGL Background Thread 3 ] DEBUG Engine               - versionCheckDays: 7
14:40:27.047 [FXGL Background Thread 3 ] DEBUG Engine               - width: 800
14:40:27.047 [FXGL Background Thread 3 ] DEBUG Engine               - Logging services
14:40:27.047 [FXGL Background Thread 3 ] DEBUG Engine               - class com.almasb.fxgl.app.services.FXGLAssetLoaderService
14:40:27.047 [FXGL Background Thread 3 ] DEBUG Engine               - class com.almasb.fxgl.app.FXGLApplication$GameApplicationService
14:40:27.047 [FXGL Background Thread 3 ] DEBUG Engine               - class com.almasb.fxgl.app.services.FXGLDialogService
14:40:27.047 [FXGL Background Thread 3 ] DEBUG Engine               - class com.almasb.fxgl.app.services.IOTaskExecutorService
14:40:27.047 [FXGL Background Thread 3 ] DEBUG Engine               - class com.almasb.fxgl.io.FileSystemService
14:40:27.047 [FXGL Background Thread 3 ] DEBUG Engine               - class com.almasb.fxgl.localization.LocalizationService
14:40:27.047 [FXGL Background Thread 3 ] DEBUG Engine               - class com.almasb.fxgl.app.services.SystemBundleService
14:40:27.047 [FXGL Background Thread 3 ] DEBUG Engine               - class com.almasb.fxgl.profile.SaveLoadService
14:40:27.047 [FXGL Background Thread 3 ] DEBUG Engine               - class com.almasb.fxgl.ui.FXGLUIFactoryServiceProvider
14:40:27.047 [FXGL Background Thread 3 ] DEBUG Engine               - class com.almasb.fxgl.ui.FXGLDialogFactoryServiceProvider
14:40:27.047 [FXGL Background Thread 3 ] DEBUG Engine               - class com.almasb.fxgl.audio.AudioPlayer
14:40:27.047 [FXGL Background Thread 3 ] DEBUG Engine               - class com.almasb.fxgl.notification.impl.NotificationServiceProvider
14:40:27.047 [FXGL Background Thread 3 ] DEBUG Engine               - class com.almasb.fxgl.achievement.AchievementService
14:40:27.047 [FXGL Background Thread 3 ] DEBUG Engine               - class com.almasb.fxgl.cutscene.CutsceneService
14:40:27.048 [FXGL Background Thread 3 ] DEBUG Engine               - class com.almasb.fxgl.minigames.MiniGameService
14:40:27.048 [FXGL Background Thread 3 ] DEBUG Engine               - class com.almasb.fxgl.net.NetService
14:40:27.048 [FXGL Background Thread 3 ] DEBUG Engine               - class com.almasb.fxgl.app.services.UpdaterService
14:40:27.048 [FXGL Background Thread 3 ] DEBUG Engine               - class com.almasb.fxgl.dev.DevService
14:40:33.420 [JavaFX Application Thread] DEBUG FXGL.DefaultMenu     - createContentControls()
14:40:38.897 [JavaFX Application Thread] DEBUG FXGLApplication      - Exiting FXGL
14:40:38.897 [JavaFX Application Thread] DEBUG LoopRunner           - Stopping loop
14:40:38.897 [JavaFX Application Thread] DEBUG SystemBundleService  - Saving FXGL system data
14:40:38.900 [JavaFX Application Thread] DEBUG FileSystemAccess     - Writing to: C:\Users\Usuario\OneDrive - Universidad Icesi (@icesi.edu.co)\APO2\Tareas integradoras\NuclearThroneAtomic\src\nuclearthroneatomic\system\fxgl.bundle
14:40:38.904 [JavaFX Application Thread] DEBUG Async                - Shutting down background threads
14:40:38.905 [JavaFX Application Thread] DEBUG PrimaryStageWindow   - Closing main window
14:40:38.917 [JavaFX Application Thread] DEBUG Logger               - Closing Logger
