22:25:25.944 [main                     ] DEBUG Logger               - Configured Logger
22:25:26.000 [main                     ] DEBUG GameApplication      - Logging settings
Title: Nuclear Throne Atomic
Version: 0.0
Width: 800
Height: 600
Fullscreen: true
Intro: false
Profiling: false
Single step:false
App Mode: DEVELOPER
Menu Key: ESCAPE
Stage Style: DECORATED
Scene Factory: class com.almasb.fxgl.app.scene.SceneFactory

22:25:27.053 [JavaFX Application Thread] DEBUG FXGLApplication      - Initializing FXGL
22:25:27.062 [JavaFX Application Thread] INFO  Engine               - FXGL-17.2 (20.08.2022 16.50) on WINDOWS (J:20.0.1 FX:18.0.2)
22:25:27.062 [JavaFX Application Thread] DEBUG Engine               - JRE Vendor Name: Oracle Corporation
22:25:27.063 [JavaFX Application Thread] DEBUG Engine               - Running on OS: Windows 10 version 10.0
22:25:27.063 [JavaFX Application Thread] DEBUG Engine               - Architecture: amd64
22:25:27.063 [JavaFX Application Thread] INFO  Engine               - Source code and latest versions at: https://github.com/AlmasB/FXGL
22:25:27.064 [JavaFX Application Thread] INFO  Engine               -       Ask questions and discuss at: https://github.com/AlmasB/FXGL/discussions
22:25:27.064 [JavaFX Application Thread] INFO  Engine               -              Join the FXGL chat at: https://gitter.im/AlmasB/FXGL
22:25:27.218 [JavaFX Application Thread] DEBUG PrimaryStageWindow   - Creating a JavaFX scene
22:25:27.294 [JavaFX Application Thread] DEBUG PrimaryStageWindow   - Target settings size: 800.0 x 600.0
22:25:27.295 [JavaFX Application Thread] DEBUG PrimaryStageWindow   - Scaled scene size:    800.0 x 600.0
22:25:27.295 [JavaFX Application Thread] DEBUG PrimaryStageWindow   - Scaled ratio: (1.0, 1.0)
22:25:27.297 [JavaFX Application Thread] DEBUG PrimaryStageWindow   - Set initial scene to FXGLStartupScene
22:25:27.312 [JavaFX Application Thread] DEBUG PrimaryStageWindow   - Opening main window
22:25:27.440 [JavaFX Application Thread] DEBUG PrimaryStageWindow   - Window border size: (16.0, 39.0)
22:25:27.440 [JavaFX Application Thread] DEBUG PrimaryStageWindow   - Scaled size: 800.0 x 600.0
22:25:27.441 [JavaFX Application Thread] DEBUG PrimaryStageWindow   - Scaled ratio: (1.0, 1.0)
22:25:27.441 [JavaFX Application Thread] DEBUG PrimaryStageWindow   - Scene size: 800.0 x 600.0
22:25:27.442 [JavaFX Application Thread] DEBUG PrimaryStageWindow   - Stage size: 816.0 x 639.0
22:25:27.454 [FXGL Background Thread 1 ] DEBUG Engine               - Initializing environment variables
22:25:27.542 [FXGL Background Thread 1 ] DEBUG FXGLAssetLoaderServi - User app class for loading assets: class com.example.nuclearthroneatomic.Controller
22:25:27.543 [FXGL Background Thread 1 ] DEBUG GameApplicationServi - Applying CSS: fxgl_dark.css
22:25:27.544 [FXGL Background Thread 1 ] DEBUG FXGLAssetLoaderServi - Loading from file system: jar:file:///C:/Users/Usuario/.m2/repository/com/github/almasb/fxgl/17.2/fxgl-17.2.jar!/fxglassets/ui/css/fxgl_dark.css
22:25:27.634 [FXGL Background Thread 1 ] DEBUG GameApplicationServi - Initializing application scenes
22:25:27.700 [FXGL Background Thread 1 ] DEBUG GameWorld            - Game world initialized
22:25:27.798 [FXGL Background Thread 1 ] DEBUG PhysicsWorld         - Physics world initialized: appHeight=600, physics.ppm=50,0
22:25:27.798 [FXGL Background Thread 1 ] DEBUG PhysicsWorld         - Using strategy: BRUTE_FORCE
22:25:27.806 [FXGL Background Thread 1 ] DEBUG GameScene            - Game scene initialized: 800x600
22:25:27.829 [FXGL Background Thread 1 ] DEBUG FXGL.DefaultMenu     - createMenuBodyMainMenu()
22:25:27.858 [FXGL Background Thread 1 ] DEBUG FXGL.DefaultMenu     - createOptionsMenu()
22:25:27.875 [FXGL Background Thread 1 ] DEBUG FXGL.DefaultMenu     - createExtraMenu()
22:25:27.891 [FXGL Background Thread 1 ] DEBUG FXGLAssetLoaderServi - Loading from file system: jar:file:///C:/Users/Usuario/.m2/repository/com/github/almasb/fxgl/17.2/fxgl-17.2.jar!/fxglassets/textures/particles/smoke.png
22:25:28.097 [FXGL Background Thread 1 ] DEBUG FXGLAssetLoaderServi - Loading from file system: jar:file:///C:/Users/Usuario/.m2/repository/com/github/almasb/fxgl/17.2/fxgl-17.2.jar!/fxglassets/textures/particles/trace_horizontal.png
22:25:28.153 [FXGL Background Thread 1 ] DEBUG FXGL.DefaultMenu     - createMenuBodyGameMenu()
22:25:28.156 [FXGL Background Thread 1 ] DEBUG FXGL.DefaultMenu     - createOptionsMenu()
22:25:28.162 [FXGL Background Thread 1 ] DEBUG FXGL.DefaultMenu     - createExtraMenu()
22:25:28.199 [FXGL Background Thread 1 ] DEBUG GameApplicationServi - Application scenes initialized
22:25:28.239 [FXGL Background Thread 1 ] DEBUG SystemBundleService  - Loading FXGL system data
22:25:28.251 [FXGL Background Thread 1 ] DEBUG FileSystemAccess     - Reading from: C:\Users\Usuario\OneDrive - Universidad Icesi (@icesi.edu.co)\APO2\Tareas integradoras\NuclearThroneAtomic\src\nuclearthroneatomic\system\fxgl.bundle
22:25:28.276 [FXGL Background Thread 1 ] DEBUG SystemBundleService  - Bundle FXGL: {}
22:25:28.277 [FXGL Background Thread 1 ] DEBUG UpdaterService       - Checking for updates
22:25:28.292 [FXGL Background Thread 1 ] DEBUG FXGLApplication      - Loading default localization
22:25:28.295 [FXGL Background Thread 4 ] DEBUG FXGLApplication      - Loading fonts
22:25:28.296 [FXGL Background Thread 1 ] DEBUG FXGLAssetLoaderServi - Loading from file system: jar:file:///C:/Users/Usuario/.m2/repository/com/github/almasb/fxgl/17.2/fxgl-17.2.jar!/fxglassets/languages/english.lang
22:25:28.298 [FXGL Background Thread 4 ] DEBUG FXGLAssetLoaderServi - Loading from file system: jar:file:///C:/Users/Usuario/.m2/repository/com/github/almasb/fxgl/17.2/fxgl-17.2.jar!/fxglassets/ui/fonts/VarelaRound-Regular.ttf
22:25:28.359 [FXGL Background Thread 1 ] INFO  FXGLApplication      - FXGL initialization took: 0,904 sec
22:25:28.377 [JavaFX Application Thread] DEBUG Input                - Registered new binding: lucky - Q
22:25:28.377 [JavaFX Application Thread] DEBUG Input                - Registered new binding: health - F
22:25:28.378 [JavaFX Application Thread] DEBUG Input                - Registered new binding: Right - D
22:25:28.378 [JavaFX Application Thread] DEBUG Input                - Registered new binding: Left - A
22:25:28.379 [JavaFX Application Thread] DEBUG Input                - Registered new binding: Up - W
22:25:28.379 [JavaFX Application Thread] DEBUG Input                - Registered new binding: Down - S
22:25:28.382 [JavaFX Application Thread] DEBUG Input                - Registered new binding: Reload - RMB
22:25:28.382 [JavaFX Application Thread] DEBUG Input                - Registered new binding: Shoot - LMB
22:25:28.386 [JavaFX Application Thread] WARN  FXGLAssetLoaderServi - Asset "/assets/music/music/musicformenus.mp3" was not found!
22:25:28.386 [JavaFX Application Thread] WARN  FXGLAssetLoaderServi - Failed to load MUSIC
22:25:28.389 [JavaFX Application Thread] DEBUG AudioPlayer          - Playing music com.almasb.fxgl.audio.Music@64492ead
22:25:28.390 [JavaFX Application Thread] DEBUG FXGLAssetLoaderServi - Loading from file system: jar:file:///C:/Users/Usuario/.m2/repository/com/github/almasb/fxgl/17.2/fxgl-17.2.jar!/fxglassets/textures/fxgl_icon.png
22:25:28.429 [JavaFX Application Thread] DEBUG FXGLAssetLoaderServi - Loading from file system: jar:file:///C:/Users/Usuario/.m2/repository/com/github/almasb/fxgl/17.2/fxgl-17.2.jar!/fxglassets/textures/fxgl_default_cursor.png
22:25:28.436 [JavaFX Application Thread] DEBUG Input                - Registered new binding: Screenshot - CTRL+8
22:25:28.437 [JavaFX Application Thread] DEBUG Input                - Registered new binding: System info dump - CTRL+9
22:25:28.438 [JavaFX Application Thread] DEBUG Input                - Registered new binding: Restart - CTRL+R
22:25:28.439 [JavaFX Application Thread] DEBUG Input                - Registered new binding: Toggle Debug Camera - CTRL+7
22:25:28.443 [JavaFX Application Thread] DEBUG LoopRunner           - Starting loop
22:25:28.444 [JavaFX Application Thread] DEBUG LoopRunner           - Initializing JavaFX AnimationTimerLoop
22:25:28.466 [JavaFX Application Thread] DEBUG Input                - Clearing active input actions
22:25:28.487 [JavaFX Application Thread] DEBUG GameApplicationServi - Removing overlay from FXGLStartupScene and adding to FXGLMainMenuDummyScene
22:25:28.488 [JavaFX Application Thread] DEBUG PrimaryStageWindow   - FXGLStartupScene -> FXGLMainMenuDummyScene
22:25:28.489 [JavaFX Application Thread] DEBUG PrimaryStageWindow   - Push state: FXGLDefaultMenu
22:25:28.500 [JavaFX Application Thread] DEBUG Input                - Clearing active input actions
22:25:28.522 [JavaFX Application Thread] DEBUG GameApplicationServi - Removing overlay from FXGLMainMenuDummyScene and adding to FXGLDefaultMenu
22:25:28.524 [JavaFX Application Thread] DEBUG PrimaryStageWindow   - FXGLMainMenuDummyScene -> FXGLDefaultMenu
22:25:29.194 [FXGL Background Thread 4 ] DEBUG FXGLAssetLoaderServi - Loading from file system: jar:file:///C:/Users/Usuario/.m2/repository/com/github/almasb/fxgl/17.2/fxgl-17.2.jar!/fxglassets/ui/fonts/Abel-Regular.ttf
22:25:29.202 [FXGL Background Thread 4 ] DEBUG FXGLAssetLoaderServi - Loading from file system: jar:file:///C:/Users/Usuario/.m2/repository/com/github/almasb/fxgl/17.2/fxgl-17.2.jar!/fxglassets/ui/fonts/TerminalLandMono-Regular.otf
22:25:29.210 [FXGL Background Thread 4 ] DEBUG FXGLAssetLoaderServi - Loading from file system: jar:file:///C:/Users/Usuario/.m2/repository/com/github/almasb/fxgl/17.2/fxgl-17.2.jar!/fxglassets/ui/fonts/Courier-Prime.ttf
22:25:29.239 [JavaFX Application Thread] DEBUG FXGLApplication      - Registering font factories with UI factory
22:25:29.960 [FXGL Background Thread 2 ] INFO  UpdaterService       - Your current version:  17.2
22:25:29.961 [FXGL Background Thread 2 ] INFO  UpdaterService       - Latest stable version: 17.3
22:25:30.381 [JavaFX Application Thread] DEBUG Menu                 - fireNewGame()
22:25:30.381 [JavaFX Application Thread] DEBUG GameApplicationServi - Starting new game
22:25:30.385 [JavaFX Application Thread] DEBUG PrimaryStageWindow   - Pop state: FXGLDefaultMenu
22:25:30.385 [JavaFX Application Thread] DEBUG Input                - Clearing active input actions
22:25:30.386 [JavaFX Application Thread] DEBUG GameApplicationServi - Removing overlay from FXGLDefaultMenu and adding to FXGLMainMenuDummyScene
22:25:30.387 [JavaFX Application Thread] DEBUG PrimaryStageWindow   - FXGLMainMenuDummyScene <- FXGLDefaultMenu
22:25:30.387 [JavaFX Application Thread] DEBUG Input                - Clearing active input actions
22:25:30.404 [JavaFX Application Thread] DEBUG GameApplicationServi - Removing overlay from FXGLMainMenuDummyScene and adding to FXGLLoadingScene
22:25:30.405 [JavaFX Application Thread] DEBUG PrimaryStageWindow   - FXGLMainMenuDummyScene -> FXGLLoadingScene
22:25:30.405 [JavaFX Application Thread] DEBUG GameApplicationServi - Clearing previous game
22:25:30.405 [JavaFX Application Thread] DEBUG GameScene            - Clearing game scene
22:25:30.405 [JavaFX Application Thread] DEBUG GameWorld            - Clearing game world
22:25:30.405 [JavaFX Application Thread] DEBUG PhysicsWorld         - Clearing physics world
22:25:30.407 [FXGL Background Thread 2 ] DEBUG FXGLApplication      - Initializing game
22:25:30.419 [FXGL Background Thread 2 ] DEBUG FXGLAssetLoaderServi - Loading from file system: file:/C:/Users/Usuario/OneDrive%20-%20Universidad%20Icesi%20(@icesi.edu.co)/APO2/Tareas%20integradoras/NuclearThroneAtomic/src/nuclearthroneatomic/target/classes/assets/textures/Avatar/1-Idle/1.png
22:25:30.422 [FXGL Background Thread 2 ] DEBUG FXGLAssetLoaderServi - Loading from file system: file:/C:/Users/Usuario/OneDrive%20-%20Universidad%20Icesi%20(@icesi.edu.co)/APO2/Tareas%20integradoras/NuclearThroneAtomic/src/nuclearthroneatomic/target/classes/assets/textures/Avatar/1-Idle/2.png
22:25:30.425 [FXGL Background Thread 2 ] DEBUG FXGLAssetLoaderServi - Loading from file system: file:/C:/Users/Usuario/OneDrive%20-%20Universidad%20Icesi%20(@icesi.edu.co)/APO2/Tareas%20integradoras/NuclearThroneAtomic/src/nuclearthroneatomic/target/classes/assets/textures/Avatar/1-Idle/3.png
22:25:30.428 [FXGL Background Thread 2 ] DEBUG FXGLAssetLoaderServi - Loading from file system: file:/C:/Users/Usuario/OneDrive%20-%20Universidad%20Icesi%20(@icesi.edu.co)/APO2/Tareas%20integradoras/NuclearThroneAtomic/src/nuclearthroneatomic/target/classes/assets/textures/Avatar/1-Idle/4.png
22:25:30.470 [FXGL Background Thread 2 ] DEBUG FXGLAssetLoaderServi - Loading from file system: file:/C:/Users/Usuario/OneDrive%20-%20Universidad%20Icesi%20(@icesi.edu.co)/APO2/Tareas%20integradoras/NuclearThroneAtomic/src/nuclearthroneatomic/target/classes/assets/textures/Avatar/2-Run/1.png
22:25:30.474 [FXGL Background Thread 2 ] DEBUG FXGLAssetLoaderServi - Loading from file system: file:/C:/Users/Usuario/OneDrive%20-%20Universidad%20Icesi%20(@icesi.edu.co)/APO2/Tareas%20integradoras/NuclearThroneAtomic/src/nuclearthroneatomic/target/classes/assets/textures/Avatar/2-Run/2.png
22:25:30.478 [FXGL Background Thread 2 ] DEBUG FXGLAssetLoaderServi - Loading from file system: file:/C:/Users/Usuario/OneDrive%20-%20Universidad%20Icesi%20(@icesi.edu.co)/APO2/Tareas%20integradoras/NuclearThroneAtomic/src/nuclearthroneatomic/target/classes/assets/textures/Avatar/2-Run/3.png
22:25:30.482 [FXGL Background Thread 2 ] DEBUG FXGLAssetLoaderServi - Loading from file system: file:/C:/Users/Usuario/OneDrive%20-%20Universidad%20Icesi%20(@icesi.edu.co)/APO2/Tareas%20integradoras/NuclearThroneAtomic/src/nuclearthroneatomic/target/classes/assets/textures/Avatar/2-Run/4.png
22:25:30.486 [FXGL Background Thread 2 ] DEBUG FXGLAssetLoaderServi - Loading from file system: file:/C:/Users/Usuario/OneDrive%20-%20Universidad%20Icesi%20(@icesi.edu.co)/APO2/Tareas%20integradoras/NuclearThroneAtomic/src/nuclearthroneatomic/target/classes/assets/textures/Avatar/2-Run/5.png
22:25:30.490 [FXGL Background Thread 2 ] DEBUG FXGLAssetLoaderServi - Loading from file system: file:/C:/Users/Usuario/OneDrive%20-%20Universidad%20Icesi%20(@icesi.edu.co)/APO2/Tareas%20integradoras/NuclearThroneAtomic/src/nuclearthroneatomic/target/classes/assets/textures/Avatar/2-Run/6.png
22:25:30.501 [FXGL Background Thread 2 ] DEBUG FXGLAssetLoaderServi - Loading from file system: file:/C:/Users/Usuario/OneDrive%20-%20Universidad%20Icesi%20(@icesi.edu.co)/APO2/Tareas%20integradoras/NuclearThroneAtomic/src/nuclearthroneatomic/target/classes/assets/textures/Munition/1.png
22:25:30.567 [FXGL Background Thread 2 ] DEBUG FXGLAssetLoaderServi - Loading from file system: file:/C:/Users/Usuario/OneDrive%20-%20Universidad%20Icesi%20(@icesi.edu.co)/APO2/Tareas%20integradoras/NuclearThroneAtomic/src/nuclearthroneatomic/target/classes/assets/textures/hud/lifeplayer.png
22:25:30.575 [FXGL Background Thread 2 ] DEBUG FXGLAssetLoaderServi - Loading from file system: file:/C:/Users/Usuario/OneDrive%20-%20Universidad%20Icesi%20(@icesi.edu.co)/APO2/Tareas%20integradoras/NuclearThroneAtomic/src/nuclearthroneatomic/target/classes/assets/textures/hud/medkit.png
22:25:30.581 [FXGL Background Thread 2 ] DEBUG FXGLAssetLoaderServi - Loading from file system: file:/C:/Users/Usuario/OneDrive%20-%20Universidad%20Icesi%20(@icesi.edu.co)/APO2/Tareas%20integradoras/NuclearThroneAtomic/src/nuclearthroneatomic/target/classes/assets/textures/hud/trebol.png
22:25:30.589 [FXGL Background Thread 2 ] DEBUG FXGLAssetLoaderServi - Loading from file system: file:/C:/Users/Usuario/OneDrive%20-%20Universidad%20Icesi%20(@icesi.edu.co)/APO2/Tareas%20integradoras/NuclearThroneAtomic/src/nuclearthroneatomic/target/classes/assets/textures/Guns/1.png
22:25:30.597 [FXGL Background Thread 2 ] DEBUG FXGLAssetLoaderServi - Loading from file system: file:/C:/Users/Usuario/OneDrive%20-%20Universidad%20Icesi%20(@icesi.edu.co)/APO2/Tareas%20integradoras/NuclearThroneAtomic/src/nuclearthroneatomic/target/classes/assets/textures/enemy/1-Idle/1.png
22:25:30.600 [FXGL Background Thread 2 ] DEBUG FXGLAssetLoaderServi - Loading from file system: file:/C:/Users/Usuario/OneDrive%20-%20Universidad%20Icesi%20(@icesi.edu.co)/APO2/Tareas%20integradoras/NuclearThroneAtomic/src/nuclearthroneatomic/target/classes/assets/textures/enemy/1-Idle/2.png
22:25:30.602 [FXGL Background Thread 2 ] DEBUG FXGLAssetLoaderServi - Loading from file system: file:/C:/Users/Usuario/OneDrive%20-%20Universidad%20Icesi%20(@icesi.edu.co)/APO2/Tareas%20integradoras/NuclearThroneAtomic/src/nuclearthroneatomic/target/classes/assets/textures/enemy/1-Idle/3.png
22:25:30.605 [FXGL Background Thread 2 ] DEBUG FXGLAssetLoaderServi - Loading from file system: file:/C:/Users/Usuario/OneDrive%20-%20Universidad%20Icesi%20(@icesi.edu.co)/APO2/Tareas%20integradoras/NuclearThroneAtomic/src/nuclearthroneatomic/target/classes/assets/textures/enemy/1-Idle/4.png
22:25:30.617 [FXGL Background Thread 2 ] DEBUG FXGLAssetLoaderServi - Loading from file system: file:/C:/Users/Usuario/OneDrive%20-%20Universidad%20Icesi%20(@icesi.edu.co)/APO2/Tareas%20integradoras/NuclearThroneAtomic/src/nuclearthroneatomic/target/classes/assets/textures/enemy/2-Run/1.png
22:25:30.620 [FXGL Background Thread 2 ] DEBUG FXGLAssetLoaderServi - Loading from file system: file:/C:/Users/Usuario/OneDrive%20-%20Universidad%20Icesi%20(@icesi.edu.co)/APO2/Tareas%20integradoras/NuclearThroneAtomic/src/nuclearthroneatomic/target/classes/assets/textures/enemy/2-Run/2.png
22:25:30.623 [FXGL Background Thread 2 ] DEBUG FXGLAssetLoaderServi - Loading from file system: file:/C:/Users/Usuario/OneDrive%20-%20Universidad%20Icesi%20(@icesi.edu.co)/APO2/Tareas%20integradoras/NuclearThroneAtomic/src/nuclearthroneatomic/target/classes/assets/textures/enemy/2-Run/3.png
22:25:30.628 [FXGL Background Thread 2 ] DEBUG FXGLAssetLoaderServi - Loading from file system: file:/C:/Users/Usuario/OneDrive%20-%20Universidad%20Icesi%20(@icesi.edu.co)/APO2/Tareas%20integradoras/NuclearThroneAtomic/src/nuclearthroneatomic/target/classes/assets/textures/enemy/2-Run/4.png
22:25:30.633 [FXGL Background Thread 2 ] DEBUG FXGLAssetLoaderServi - Loading from file system: file:/C:/Users/Usuario/OneDrive%20-%20Universidad%20Icesi%20(@icesi.edu.co)/APO2/Tareas%20integradoras/NuclearThroneAtomic/src/nuclearthroneatomic/target/classes/assets/textures/enemy/2-Run/5.png
22:25:30.636 [FXGL Background Thread 2 ] DEBUG FXGLAssetLoaderServi - Loading from file system: file:/C:/Users/Usuario/OneDrive%20-%20Universidad%20Icesi%20(@icesi.edu.co)/APO2/Tareas%20integradoras/NuclearThroneAtomic/src/nuclearthroneatomic/target/classes/assets/textures/enemy/2-Run/6.png
22:25:30.702 [FXGL Background Thread 2 ] DEBUG FXGLAssetLoaderServi - Loading from file system: file:/C:/Users/Usuario/OneDrive%20-%20Universidad%20Icesi%20(@icesi.edu.co)/APO2/Tareas%20integradoras/NuclearThroneAtomic/src/nuclearthroneatomic/target/classes/assets/textures/portal/1.png
22:25:30.710 [FXGL Background Thread 2 ] DEBUG FXGLAssetLoaderServi - Loading from file system: file:/C:/Users/Usuario/OneDrive%20-%20Universidad%20Icesi%20(@icesi.edu.co)/APO2/Tareas%20integradoras/NuclearThroneAtomic/src/nuclearthroneatomic/target/classes/assets/textures/portal/2.png
22:25:30.720 [FXGL Background Thread 2 ] DEBUG FXGLAssetLoaderServi - Loading from file system: file:/C:/Users/Usuario/OneDrive%20-%20Universidad%20Icesi%20(@icesi.edu.co)/APO2/Tareas%20integradoras/NuclearThroneAtomic/src/nuclearthroneatomic/target/classes/assets/textures/portal/3.png
22:25:30.728 [FXGL Background Thread 2 ] DEBUG FXGLAssetLoaderServi - Loading from file system: file:/C:/Users/Usuario/OneDrive%20-%20Universidad%20Icesi%20(@icesi.edu.co)/APO2/Tareas%20integradoras/NuclearThroneAtomic/src/nuclearthroneatomic/target/classes/assets/textures/portal/4.png
22:25:30.758 [FXGL Background Thread 2 ] DEBUG FXGLAssetLoaderServi - Loading from file system: file:/C:/Users/Usuario/OneDrive%20-%20Universidad%20Icesi%20(@icesi.edu.co)/APO2/Tareas%20integradoras/NuclearThroneAtomic/src/nuclearthroneatomic/target/classes/assets/textures/Wall/1.png
22:25:30.954 [FXGL Background Thread 2 ] INFO  FXGLApplication      - Game initialization took: 0,546 sec
22:25:30.955 [JavaFX Application Thread] DEBUG Input                - Clearing active input actions
22:25:30.965 [JavaFX Application Thread] DEBUG GameApplicationServi - Removing overlay from FXGLLoadingScene and adding to GameScene
22:25:30.966 [JavaFX Application Thread] DEBUG PrimaryStageWindow   - FXGLLoadingScene -> GameScene
22:25:31.288 [FXGL Background Thread 3 ] DEBUG Engine               - Logging environment variables
22:25:31.289 [FXGL Background Thread 3 ] DEBUG Engine               - achievements: []
22:25:31.290 [FXGL Background Thread 3 ] DEBUG Engine               - actualHeight: 600.0
22:25:31.290 [FXGL Background Thread 3 ] DEBUG Engine               - actualHeightProperty: ReadOnlyDoubleProperty [value: 600.0]
22:25:31.290 [FXGL Background Thread 3 ] DEBUG Engine               - actualWidth: 800.0
22:25:31.290 [FXGL Background Thread 3 ] DEBUG Engine               - actualWidthProperty: ReadOnlyDoubleProperty [value: 800.0]
22:25:31.290 [FXGL Background Thread 3 ] DEBUG Engine               - appIcon: fxgl_icon.png
22:25:31.290 [FXGL Background Thread 3 ] DEBUG Engine               - applicationMode: DEVELOPER
22:25:31.290 [FXGL Background Thread 3 ] DEBUG Engine               - cSSList: [fxgl_dark.css]
22:25:31.290 [FXGL Background Thread 3 ] DEBUG Engine               - collisionDetectionStrategy: BRUTE_FORCE
22:25:31.290 [FXGL Background Thread 3 ] DEBUG Engine               - configClass: Optional.empty
22:25:31.290 [FXGL Background Thread 3 ] DEBUG Engine               - credits: [Designer . . . . . . . Johan Daniel Aguirre, Program Team . . . . . . Juan Sebastián Libreros,                              Juan Jose Barrera,                              Johan Daniel Aguirre, El mas lindo . . . . . . Juan Sebastián Libreros, Master Thief . . . . . . Johan Daniel Aguirre]
22:25:31.291 [FXGL Background Thread 3 ] DEBUG Engine               - defaultCursor: CursorInfo(imageName=fxgl_default_cursor.png, hotspotX=7.0, hotspotY=6.0)
22:25:31.292 [FXGL Background Thread 3 ] DEBUG Engine               - devBBoxColorProperty: ObjectProperty [value: 0xff0000ff]
22:25:31.292 [FXGL Background Thread 3 ] DEBUG Engine               - devEnableDebugCameraProperty: BooleanProperty [value: false]
22:25:31.292 [FXGL Background Thread 3 ] DEBUG Engine               - devSensorColorProperty: ObjectProperty [value: 0xffff00ff]
22:25:31.292 [FXGL Background Thread 3 ] DEBUG Engine               - devShowBBoxProperty: BooleanProperty [value: false]
22:25:31.292 [FXGL Background Thread 3 ] DEBUG Engine               - devShowPositionProperty: BooleanProperty [value: false]
22:25:31.292 [FXGL Background Thread 3 ] DEBUG Engine               - enabledMenuItems: [EXTRA]
22:25:31.292 [FXGL Background Thread 3 ] DEBUG Engine               - engineServices: [class com.almasb.fxgl.app.services.FXGLAssetLoaderService, class com.almasb.fxgl.app.FXGLApplication$GameApplicationService, class com.almasb.fxgl.app.services.FXGLDialogService, class com.almasb.fxgl.app.services.IOTaskExecutorService, class com.almasb.fxgl.io.FileSystemService, class com.almasb.fxgl.localization.LocalizationService, class com.almasb.fxgl.app.services.SystemBundleService, class com.almasb.fxgl.profile.SaveLoadService, class com.almasb.fxgl.ui.FXGLUIFactoryServiceProvider, class com.almasb.fxgl.ui.FXGLDialogFactoryServiceProvider, class com.almasb.fxgl.audio.AudioPlayer, class com.almasb.fxgl.notification.impl.NotificationServiceProvider, class com.almasb.fxgl.achievement.AchievementService, class com.almasb.fxgl.cutscene.CutsceneService, class com.almasb.fxgl.minigames.MiniGameService, class com.almasb.fxgl.net.NetService, class com.almasb.fxgl.app.services.UpdaterService, class com.almasb.fxgl.dev.DevService]
22:25:31.295 [FXGL Background Thread 3 ] DEBUG Engine               - fontGame: Abel-Regular.ttf
22:25:31.295 [FXGL Background Thread 3 ] DEBUG Engine               - fontMono: TerminalLandMono-Regular.otf
22:25:31.295 [FXGL Background Thread 3 ] DEBUG Engine               - fontText: Courier-Prime.ttf
22:25:31.295 [FXGL Background Thread 3 ] DEBUG Engine               - fontUI: VarelaRound-Regular.ttf
22:25:31.295 [FXGL Background Thread 3 ] DEBUG Engine               - fullScreen: BooleanProperty [value: false]
22:25:31.295 [FXGL Background Thread 3 ] DEBUG Engine               - gameDifficulty: MEDIUM
22:25:31.295 [FXGL Background Thread 3 ] DEBUG Engine               - gameDifficultyProperty: ObjectProperty [value: MEDIUM]
22:25:31.295 [FXGL Background Thread 3 ] DEBUG Engine               - globalMusicVolume: 0.5
22:25:31.296 [FXGL Background Thread 3 ] DEBUG Engine               - globalMusicVolumeProperty: DoubleProperty [value: 1.0]
22:25:31.296 [FXGL Background Thread 3 ] DEBUG Engine               - globalSoundVolume: 0.5
22:25:31.296 [FXGL Background Thread 3 ] DEBUG Engine               - globalSoundVolumeProperty: DoubleProperty [value: 0.1]
22:25:31.296 [FXGL Background Thread 3 ] DEBUG Engine               - height: 600
22:25:31.297 [FXGL Background Thread 3 ] DEBUG Engine               - is3D: false
22:25:31.297 [FXGL Background Thread 3 ] DEBUG Engine               - isAndroid: false
22:25:31.297 [FXGL Background Thread 3 ] DEBUG Engine               - isBrowser: false
22:25:31.297 [FXGL Background Thread 3 ] DEBUG Engine               - isClickFeedbackEnabled: false
22:25:31.297 [FXGL Background Thread 3 ] DEBUG Engine               - isCloseConfirmation: false
22:25:31.297 [FXGL Background Thread 3 ] DEBUG Engine               - isDesktop: true
22:25:31.297 [FXGL Background Thread 3 ] DEBUG Engine               - isDeveloperMenuEnabled: false
22:25:31.298 [FXGL Background Thread 3 ] DEBUG Engine               - isEmbedded: false
22:25:31.298 [FXGL Background Thread 3 ] DEBUG Engine               - isEntityPreloadEnabled: true
22:25:31.298 [FXGL Background Thread 3 ] DEBUG Engine               - isExperimentalTiledLargeMap: false
22:25:31.298 [FXGL Background Thread 3 ] DEBUG Engine               - isFileSystemWriteAllowed: true
22:25:31.298 [FXGL Background Thread 3 ] DEBUG Engine               - isFullScreenAllowed: true
22:25:31.298 [FXGL Background Thread 3 ] DEBUG Engine               - isFullScreenFromStart: false
22:25:31.298 [FXGL Background Thread 3 ] DEBUG Engine               - isGameMenuEnabled: true
22:25:31.298 [FXGL Background Thread 3 ] DEBUG Engine               - isIOS: false
22:25:31.298 [FXGL Background Thread 3 ] DEBUG Engine               - isIntroEnabled: false
22:25:31.298 [FXGL Background Thread 3 ] DEBUG Engine               - isLinux: false
22:25:31.298 [FXGL Background Thread 3 ] DEBUG Engine               - isMac: false
22:25:31.298 [FXGL Background Thread 3 ] DEBUG Engine               - isMainMenuEnabled: true
22:25:31.298 [FXGL Background Thread 3 ] DEBUG Engine               - isManualResizeEnabled: false
22:25:31.298 [FXGL Background Thread 3 ] DEBUG Engine               - isMobile: false
22:25:31.298 [FXGL Background Thread 3 ] DEBUG Engine               - isNative: false
22:25:31.299 [FXGL Background Thread 3 ] DEBUG Engine               - isPauseMusicWhenMinimized: true
22:25:31.299 [FXGL Background Thread 3 ] DEBUG Engine               - isPreserveResizeRatio: false
22:25:31.299 [FXGL Background Thread 3 ] DEBUG Engine               - isProfilingEnabled: false
22:25:31.299 [FXGL Background Thread 3 ] DEBUG Engine               - isScaleAffectedOnResize: true
22:25:31.299 [FXGL Background Thread 3 ] DEBUG Engine               - isSingleStep: false
22:25:31.299 [FXGL Background Thread 3 ] DEBUG Engine               - isUserProfileEnabled: false
22:25:31.299 [FXGL Background Thread 3 ] DEBUG Engine               - isWindows: true
22:25:31.299 [FXGL Background Thread 3 ] DEBUG Engine               - language: ObjectProperty [value: ENGLISH]
22:25:31.299 [FXGL Background Thread 3 ] DEBUG Engine               - menuKey: ESCAPE
22:25:31.299 [FXGL Background Thread 3 ] DEBUG Engine               - mouseSensitivity: 0.2
22:25:31.299 [FXGL Background Thread 3 ] DEBUG Engine               - notificationViewClass: class com.almasb.fxgl.notification.view.XboxNotificationView
22:25:31.299 [FXGL Background Thread 3 ] DEBUG Engine               - pixelsPerMeter: 50.0
22:25:31.299 [FXGL Background Thread 3 ] DEBUG Engine               - platform: WINDOWS
22:25:31.300 [FXGL Background Thread 3 ] DEBUG Engine               - prefHeightProperty: ReadOnlyDoubleProperty [value: 600.0]
22:25:31.300 [FXGL Background Thread 3 ] DEBUG Engine               - prefWidthProperty: ReadOnlyDoubleProperty [value: 800.0]
22:25:31.300 [FXGL Background Thread 3 ] DEBUG Engine               - profileDir: profiles/
22:25:31.300 [FXGL Background Thread 3 ] DEBUG Engine               - profileName: StringProperty [value: DEFAULT]
22:25:31.300 [FXGL Background Thread 3 ] DEBUG Engine               - randomSeed: -1
22:25:31.300 [FXGL Background Thread 3 ] DEBUG Engine               - runtimeInfo: RuntimeInfo(platform=WINDOWS, version=17.2, build=20.08.2022 16.50)
22:25:31.301 [FXGL Background Thread 3 ] DEBUG Engine               - saveFileExt: sav
22:25:31.301 [FXGL Background Thread 3 ] DEBUG Engine               - scaledHeightProp$fxgl: DoubleProperty [bound, value: 600.0]
22:25:31.301 [FXGL Background Thread 3 ] DEBUG Engine               - scaledWidthProp$fxgl: DoubleProperty [bound, value: 800.0]
22:25:31.301 [FXGL Background Thread 3 ] DEBUG Engine               - sceneFactory: com.almasb.fxgl.app.scene.SceneFactory@4ae8a7a5
22:25:31.301 [FXGL Background Thread 3 ] DEBUG Engine               - secondsIn24h: 60
22:25:31.301 [FXGL Background Thread 3 ] DEBUG Engine               - soundMenuBack: menu/back.wav
22:25:31.302 [FXGL Background Thread 3 ] DEBUG Engine               - soundMenuPress: menu/press.wav
22:25:31.302 [FXGL Background Thread 3 ] DEBUG Engine               - soundMenuSelect: menu/select.wav
22:25:31.302 [FXGL Background Thread 3 ] DEBUG Engine               - soundNotification: core/notification.wav
22:25:31.302 [FXGL Background Thread 3 ] DEBUG Engine               - stageStyle: DECORATED
22:25:31.302 [FXGL Background Thread 3 ] DEBUG Engine               - supportedLanguages: [ENGLISH, FRENCH, GERMAN, HUNGARIAN, RUSSIAN]
22:25:31.302 [FXGL Background Thread 3 ] DEBUG Engine               - ticksPerSecond: -1
22:25:31.302 [FXGL Background Thread 3 ] DEBUG Engine               - title: Nuclear Throne Atomic
22:25:31.302 [FXGL Background Thread 3 ] DEBUG Engine               - urlGithub: https://github.com/AlmasB/FXGL
22:25:31.302 [FXGL Background Thread 3 ] DEBUG Engine               - urlLeaderboard: http://fxgl-top.herokuapp.com/
22:25:31.302 [FXGL Background Thread 3 ] DEBUG Engine               - urlPOM: https://raw.githubusercontent.com/AlmasB/FXGL/release/README.md
22:25:31.302 [FXGL Background Thread 3 ] DEBUG Engine               - userAppClass: class com.example.nuclearthroneatomic.Controller
22:25:31.302 [FXGL Background Thread 3 ] DEBUG Engine               - version: 0.0
22:25:31.303 [FXGL Background Thread 3 ] DEBUG Engine               - versionCheckDays: 7
22:25:31.303 [FXGL Background Thread 3 ] DEBUG Engine               - width: 800
22:25:31.303 [FXGL Background Thread 3 ] DEBUG Engine               - Logging services
22:25:31.303 [FXGL Background Thread 3 ] DEBUG Engine               - class com.almasb.fxgl.app.services.FXGLAssetLoaderService
22:25:31.303 [FXGL Background Thread 3 ] DEBUG Engine               - class com.almasb.fxgl.app.FXGLApplication$GameApplicationService
22:25:31.303 [FXGL Background Thread 3 ] DEBUG Engine               - class com.almasb.fxgl.app.services.FXGLDialogService
22:25:31.303 [FXGL Background Thread 3 ] DEBUG Engine               - class com.almasb.fxgl.app.services.IOTaskExecutorService
22:25:31.303 [FXGL Background Thread 3 ] DEBUG Engine               - class com.almasb.fxgl.io.FileSystemService
22:25:31.303 [FXGL Background Thread 3 ] DEBUG Engine               - class com.almasb.fxgl.localization.LocalizationService
22:25:31.303 [FXGL Background Thread 3 ] DEBUG Engine               - class com.almasb.fxgl.app.services.SystemBundleService
22:25:31.303 [FXGL Background Thread 3 ] DEBUG Engine               - class com.almasb.fxgl.profile.SaveLoadService
22:25:31.303 [FXGL Background Thread 3 ] DEBUG Engine               - class com.almasb.fxgl.ui.FXGLUIFactoryServiceProvider
22:25:31.303 [FXGL Background Thread 3 ] DEBUG Engine               - class com.almasb.fxgl.ui.FXGLDialogFactoryServiceProvider
22:25:31.303 [FXGL Background Thread 3 ] DEBUG Engine               - class com.almasb.fxgl.audio.AudioPlayer
22:25:31.303 [FXGL Background Thread 3 ] DEBUG Engine               - class com.almasb.fxgl.notification.impl.NotificationServiceProvider
22:25:31.303 [FXGL Background Thread 3 ] DEBUG Engine               - class com.almasb.fxgl.achievement.AchievementService
22:25:31.303 [FXGL Background Thread 3 ] DEBUG Engine               - class com.almasb.fxgl.cutscene.CutsceneService
22:25:31.303 [FXGL Background Thread 3 ] DEBUG Engine               - class com.almasb.fxgl.minigames.MiniGameService
22:25:31.303 [FXGL Background Thread 3 ] DEBUG Engine               - class com.almasb.fxgl.net.NetService
22:25:31.303 [FXGL Background Thread 3 ] DEBUG Engine               - class com.almasb.fxgl.app.services.UpdaterService
22:25:31.303 [FXGL Background Thread 3 ] DEBUG Engine               - class com.almasb.fxgl.dev.DevService
22:25:34.763 [JavaFX Application Thread] DEBUG FXGLAssetLoaderServi - Loading from file system: file:/C:/Users/Usuario/OneDrive%20-%20Universidad%20Icesi%20(@icesi.edu.co)/APO2/Tareas%20integradoras/NuclearThroneAtomic/src/nuclearthroneatomic/target/classes/assets/textures/Bullet/1.png
22:25:36.293 [JavaFX Application Thread] DEBUG FXGLApplication      - Exiting FXGL
22:25:36.293 [JavaFX Application Thread] DEBUG LoopRunner           - Stopping loop
22:25:36.293 [JavaFX Application Thread] DEBUG SystemBundleService  - Saving FXGL system data
22:25:36.296 [JavaFX Application Thread] DEBUG FileSystemAccess     - Writing to: C:\Users\Usuario\OneDrive - Universidad Icesi (@icesi.edu.co)\APO2\Tareas integradoras\NuclearThroneAtomic\src\nuclearthroneatomic\system\fxgl.bundle
22:25:36.299 [JavaFX Application Thread] DEBUG Async                - Shutting down background threads
22:25:36.299 [JavaFX Application Thread] DEBUG PrimaryStageWindow   - Closing main window
22:25:36.316 [JavaFX Application Thread] DEBUG Logger               - Closing Logger
