22:29:30.446 [main                     ] DEBUG Logger               - Configured Logger
22:29:30.493 [main                     ] DEBUG GameApplication      - Logging settings
Title: Nuclear Throne Atomic
Version: 0.0
Width: 800
Height: 600
Fullscreen: true
Intro: false
Profiling: false
Single step:false
App Mode: DEVELOPER
Menu Key: ESCAPE
Stage Style: DECORATED
Scene Factory: class com.almasb.fxgl.app.scene.SceneFactory

22:29:31.392 [JavaFX Application Thread] DEBUG FXGLApplication      - Initializing FXGL
22:29:31.400 [JavaFX Application Thread] INFO  Engine               - FXGL-17.2 (20.08.2022 16.50) on WINDOWS (J:20.0.1 FX:18.0.2)
22:29:31.401 [JavaFX Application Thread] DEBUG Engine               - JRE Vendor Name: Oracle Corporation
22:29:31.401 [JavaFX Application Thread] DEBUG Engine               - Running on OS: Windows 10 version 10.0
22:29:31.402 [JavaFX Application Thread] DEBUG Engine               - Architecture: amd64
22:29:31.402 [JavaFX Application Thread] INFO  Engine               - Source code and latest versions at: https://github.com/AlmasB/FXGL
22:29:31.402 [JavaFX Application Thread] INFO  Engine               -       Ask questions and discuss at: https://github.com/AlmasB/FXGL/discussions
22:29:31.402 [JavaFX Application Thread] INFO  Engine               -              Join the FXGL chat at: https://gitter.im/AlmasB/FXGL
22:29:31.526 [JavaFX Application Thread] DEBUG PrimaryStageWindow   - Creating a JavaFX scene
22:29:31.595 [JavaFX Application Thread] DEBUG PrimaryStageWindow   - Target settings size: 800.0 x 600.0
22:29:31.595 [JavaFX Application Thread] DEBUG PrimaryStageWindow   - Scaled scene size:    800.0 x 600.0
22:29:31.596 [JavaFX Application Thread] DEBUG PrimaryStageWindow   - Scaled ratio: (1.0, 1.0)
22:29:31.597 [JavaFX Application Thread] DEBUG PrimaryStageWindow   - Set initial scene to FXGLStartupScene
22:29:31.610 [JavaFX Application Thread] DEBUG PrimaryStageWindow   - Opening main window
22:29:31.738 [JavaFX Application Thread] DEBUG PrimaryStageWindow   - Window border size: (16.0, 39.0)
22:29:31.738 [JavaFX Application Thread] DEBUG PrimaryStageWindow   - Scaled size: 800.0 x 600.0
22:29:31.739 [JavaFX Application Thread] DEBUG PrimaryStageWindow   - Scaled ratio: (1.0, 1.0)
22:29:31.740 [JavaFX Application Thread] DEBUG PrimaryStageWindow   - Scene size: 800.0 x 600.0
22:29:31.741 [JavaFX Application Thread] DEBUG PrimaryStageWindow   - Stage size: 816.0 x 639.0
22:29:31.755 [FXGL Background Thread 1 ] DEBUG Engine               - Initializing environment variables
22:29:31.838 [FXGL Background Thread 1 ] DEBUG FXGLAssetLoaderServi - User app class for loading assets: class com.example.nuclearthroneatomic.Controller
22:29:31.839 [FXGL Background Thread 1 ] DEBUG GameApplicationServi - Applying CSS: fxgl_dark.css
22:29:31.841 [FXGL Background Thread 1 ] DEBUG FXGLAssetLoaderServi - Loading from file system: jar:file:///C:/Users/Usuario/.m2/repository/com/github/almasb/fxgl/17.2/fxgl-17.2.jar!/fxglassets/ui/css/fxgl_dark.css
22:29:31.930 [FXGL Background Thread 1 ] DEBUG GameApplicationServi - Initializing application scenes
22:29:31.986 [FXGL Background Thread 1 ] DEBUG GameWorld            - Game world initialized
22:29:32.101 [FXGL Background Thread 1 ] DEBUG PhysicsWorld         - Physics world initialized: appHeight=600, physics.ppm=50,0
22:29:32.101 [FXGL Background Thread 1 ] DEBUG PhysicsWorld         - Using strategy: BRUTE_FORCE
22:29:32.110 [FXGL Background Thread 1 ] DEBUG GameScene            - Game scene initialized: 800x600
22:29:32.144 [FXGL Background Thread 1 ] DEBUG FXGL.DefaultMenu     - createMenuBodyMainMenu()
22:29:32.188 [FXGL Background Thread 1 ] DEBUG FXGL.DefaultMenu     - createOptionsMenu()
22:29:32.208 [FXGL Background Thread 1 ] DEBUG FXGL.DefaultMenu     - createExtraMenu()
22:29:32.224 [FXGL Background Thread 1 ] DEBUG FXGLAssetLoaderServi - Loading from file system: jar:file:///C:/Users/Usuario/.m2/repository/com/github/almasb/fxgl/17.2/fxgl-17.2.jar!/fxglassets/textures/particles/smoke.png
22:29:32.372 [FXGL Background Thread 1 ] DEBUG FXGLAssetLoaderServi - Loading from file system: jar:file:///C:/Users/Usuario/.m2/repository/com/github/almasb/fxgl/17.2/fxgl-17.2.jar!/fxglassets/textures/particles/trace_horizontal.png
22:29:32.427 [FXGL Background Thread 1 ] DEBUG FXGL.DefaultMenu     - createMenuBodyGameMenu()
22:29:32.430 [FXGL Background Thread 1 ] DEBUG FXGL.DefaultMenu     - createOptionsMenu()
22:29:32.435 [FXGL Background Thread 1 ] DEBUG FXGL.DefaultMenu     - createExtraMenu()
22:29:32.460 [FXGL Background Thread 1 ] DEBUG GameApplicationServi - Application scenes initialized
22:29:32.494 [FXGL Background Thread 1 ] DEBUG SystemBundleService  - Loading FXGL system data
22:29:32.504 [FXGL Background Thread 1 ] DEBUG FileSystemAccess     - Reading from: C:\Users\Usuario\OneDrive - Universidad Icesi (@icesi.edu.co)\APO2\Tareas integradoras\NuclearThroneAtomic\src\nuclearthroneatomic\system\fxgl.bundle
22:29:32.530 [FXGL Background Thread 1 ] DEBUG SystemBundleService  - Bundle FXGL: {}
22:29:32.530 [FXGL Background Thread 1 ] DEBUG UpdaterService       - Checking for updates
22:29:32.543 [FXGL Background Thread 1 ] DEBUG FXGLApplication      - Loading default localization
22:29:32.546 [FXGL Background Thread 1 ] DEBUG FXGLAssetLoaderServi - Loading from file system: jar:file:///C:/Users/Usuario/.m2/repository/com/github/almasb/fxgl/17.2/fxgl-17.2.jar!/fxglassets/languages/english.lang
22:29:32.567 [FXGL Background Thread 4 ] DEBUG FXGLApplication      - Loading fonts
22:29:32.576 [FXGL Background Thread 4 ] DEBUG FXGLAssetLoaderServi - Loading from file system: jar:file:///C:/Users/Usuario/.m2/repository/com/github/almasb/fxgl/17.2/fxgl-17.2.jar!/fxglassets/ui/fonts/VarelaRound-Regular.ttf
22:29:32.579 [FXGL Background Thread 1 ] INFO  FXGLApplication      - FXGL initialization took: 0,824 sec
22:29:32.600 [JavaFX Application Thread] DEBUG Input                - Registered new binding: lucky - Q
22:29:32.600 [JavaFX Application Thread] DEBUG Input                - Registered new binding: health - F
22:29:32.600 [JavaFX Application Thread] DEBUG Input                - Registered new binding: Right - D
22:29:32.601 [JavaFX Application Thread] DEBUG Input                - Registered new binding: Left - A
22:29:32.601 [JavaFX Application Thread] DEBUG Input                - Registered new binding: Up - W
22:29:32.601 [JavaFX Application Thread] DEBUG Input                - Registered new binding: Down - S
22:29:32.604 [JavaFX Application Thread] DEBUG Input                - Registered new binding: Reload - RMB
22:29:32.605 [JavaFX Application Thread] DEBUG Input                - Registered new binding: Shoot - LMB
22:29:32.606 [JavaFX Application Thread] WARN  FXGLAssetLoaderServi - Asset "/assets/music/musicformenus.mp3" was not found!
22:29:32.607 [JavaFX Application Thread] WARN  FXGLAssetLoaderServi - Failed to load MUSIC
22:29:32.610 [JavaFX Application Thread] DEBUG AudioPlayer          - Playing music com.almasb.fxgl.audio.Music@208928f6
22:29:32.611 [JavaFX Application Thread] DEBUG FXGLAssetLoaderServi - Loading from file system: jar:file:///C:/Users/Usuario/.m2/repository/com/github/almasb/fxgl/17.2/fxgl-17.2.jar!/fxglassets/textures/fxgl_icon.png
22:29:32.647 [JavaFX Application Thread] DEBUG FXGLAssetLoaderServi - Loading from file system: jar:file:///C:/Users/Usuario/.m2/repository/com/github/almasb/fxgl/17.2/fxgl-17.2.jar!/fxglassets/textures/fxgl_default_cursor.png
22:29:32.652 [JavaFX Application Thread] DEBUG Input                - Registered new binding: Screenshot - CTRL+8
22:29:32.653 [JavaFX Application Thread] DEBUG Input                - Registered new binding: System info dump - CTRL+9
22:29:32.654 [JavaFX Application Thread] DEBUG Input                - Registered new binding: Restart - CTRL+R
22:29:32.656 [JavaFX Application Thread] DEBUG Input                - Registered new binding: Toggle Debug Camera - CTRL+7
22:29:32.661 [JavaFX Application Thread] DEBUG LoopRunner           - Starting loop
22:29:32.661 [JavaFX Application Thread] DEBUG LoopRunner           - Initializing JavaFX AnimationTimerLoop
22:29:32.667 [JavaFX Application Thread] DEBUG Input                - Clearing active input actions
22:29:32.680 [JavaFX Application Thread] DEBUG GameApplicationServi - Removing overlay from FXGLStartupScene and adding to FXGLMainMenuDummyScene
22:29:32.681 [JavaFX Application Thread] DEBUG PrimaryStageWindow   - FXGLStartupScene -> FXGLMainMenuDummyScene
22:29:32.681 [JavaFX Application Thread] DEBUG PrimaryStageWindow   - Push state: FXGLDefaultMenu
22:29:32.691 [JavaFX Application Thread] DEBUG Input                - Clearing active input actions
22:29:32.709 [JavaFX Application Thread] DEBUG GameApplicationServi - Removing overlay from FXGLMainMenuDummyScene and adding to FXGLDefaultMenu
22:29:32.711 [JavaFX Application Thread] DEBUG PrimaryStageWindow   - FXGLMainMenuDummyScene -> FXGLDefaultMenu
22:29:33.426 [FXGL Background Thread 4 ] DEBUG FXGLAssetLoaderServi - Loading from file system: jar:file:///C:/Users/Usuario/.m2/repository/com/github/almasb/fxgl/17.2/fxgl-17.2.jar!/fxglassets/ui/fonts/Abel-Regular.ttf
22:29:33.447 [FXGL Background Thread 4 ] DEBUG FXGLAssetLoaderServi - Loading from file system: jar:file:///C:/Users/Usuario/.m2/repository/com/github/almasb/fxgl/17.2/fxgl-17.2.jar!/fxglassets/ui/fonts/TerminalLandMono-Regular.otf
22:29:33.464 [FXGL Background Thread 4 ] DEBUG FXGLAssetLoaderServi - Loading from file system: jar:file:///C:/Users/Usuario/.m2/repository/com/github/almasb/fxgl/17.2/fxgl-17.2.jar!/fxglassets/ui/fonts/Courier-Prime.ttf
22:29:33.494 [JavaFX Application Thread] DEBUG FXGLApplication      - Registering font factories with UI factory
22:29:33.986 [FXGL Background Thread 2 ] INFO  UpdaterService       - Your current version:  17.2
22:29:33.986 [FXGL Background Thread 2 ] INFO  UpdaterService       - Latest stable version: 17.3
22:29:35.540 [FXGL Background Thread 3 ] DEBUG Engine               - Logging environment variables
22:29:35.541 [FXGL Background Thread 3 ] DEBUG Engine               - achievements: []
22:29:35.541 [FXGL Background Thread 3 ] DEBUG Engine               - actualHeight: 600.0
22:29:35.542 [FXGL Background Thread 3 ] DEBUG Engine               - actualHeightProperty: ReadOnlyDoubleProperty [value: 600.0]
22:29:35.542 [FXGL Background Thread 3 ] DEBUG Engine               - actualWidth: 800.0
22:29:35.542 [FXGL Background Thread 3 ] DEBUG Engine               - actualWidthProperty: ReadOnlyDoubleProperty [value: 800.0]
22:29:35.542 [FXGL Background Thread 3 ] DEBUG Engine               - appIcon: fxgl_icon.png
22:29:35.542 [FXGL Background Thread 3 ] DEBUG Engine               - applicationMode: DEVELOPER
22:29:35.542 [FXGL Background Thread 3 ] DEBUG Engine               - cSSList: [fxgl_dark.css]
22:29:35.542 [FXGL Background Thread 3 ] DEBUG Engine               - collisionDetectionStrategy: BRUTE_FORCE
22:29:35.542 [FXGL Background Thread 3 ] DEBUG Engine               - configClass: Optional.empty
22:29:35.543 [FXGL Background Thread 3 ] DEBUG Engine               - credits: [Designer . . . . . . . Johan Daniel Aguirre, Program Team . . . . . . Juan Sebastián Libreros,                              Juan Jose Barrera,                              Johan Daniel Aguirre, El mas lindo . . . . . . Juan Sebastián Libreros, Master Thief . . . . . . Johan Daniel Aguirre]
22:29:35.544 [FXGL Background Thread 3 ] DEBUG Engine               - defaultCursor: CursorInfo(imageName=fxgl_default_cursor.png, hotspotX=7.0, hotspotY=6.0)
22:29:35.544 [FXGL Background Thread 3 ] DEBUG Engine               - devBBoxColorProperty: ObjectProperty [value: 0xff0000ff]
22:29:35.544 [FXGL Background Thread 3 ] DEBUG Engine               - devEnableDebugCameraProperty: BooleanProperty [value: false]
22:29:35.544 [FXGL Background Thread 3 ] DEBUG Engine               - devSensorColorProperty: ObjectProperty [value: 0xffff00ff]
22:29:35.545 [FXGL Background Thread 3 ] DEBUG Engine               - devShowBBoxProperty: BooleanProperty [value: false]
22:29:35.545 [FXGL Background Thread 3 ] DEBUG Engine               - devShowPositionProperty: BooleanProperty [value: false]
22:29:35.545 [FXGL Background Thread 3 ] DEBUG Engine               - enabledMenuItems: [EXTRA]
22:29:35.545 [FXGL Background Thread 3 ] DEBUG Engine               - engineServices: [class com.almasb.fxgl.app.services.FXGLAssetLoaderService, class com.almasb.fxgl.app.FXGLApplication$GameApplicationService, class com.almasb.fxgl.app.services.FXGLDialogService, class com.almasb.fxgl.app.services.IOTaskExecutorService, class com.almasb.fxgl.io.FileSystemService, class com.almasb.fxgl.localization.LocalizationService, class com.almasb.fxgl.app.services.SystemBundleService, class com.almasb.fxgl.profile.SaveLoadService, class com.almasb.fxgl.ui.FXGLUIFactoryServiceProvider, class com.almasb.fxgl.ui.FXGLDialogFactoryServiceProvider, class com.almasb.fxgl.audio.AudioPlayer, class com.almasb.fxgl.notification.impl.NotificationServiceProvider, class com.almasb.fxgl.achievement.AchievementService, class com.almasb.fxgl.cutscene.CutsceneService, class com.almasb.fxgl.minigames.MiniGameService, class com.almasb.fxgl.net.NetService, class com.almasb.fxgl.app.services.UpdaterService, class com.almasb.fxgl.dev.DevService]
22:29:35.546 [FXGL Background Thread 3 ] DEBUG Engine               - fontGame: Abel-Regular.ttf
22:29:35.546 [FXGL Background Thread 3 ] DEBUG Engine               - fontMono: TerminalLandMono-Regular.otf
22:29:35.546 [FXGL Background Thread 3 ] DEBUG Engine               - fontText: Courier-Prime.ttf
22:29:35.546 [FXGL Background Thread 3 ] DEBUG Engine               - fontUI: VarelaRound-Regular.ttf
22:29:35.546 [FXGL Background Thread 3 ] DEBUG Engine               - fullScreen: BooleanProperty [value: false]
22:29:35.546 [FXGL Background Thread 3 ] DEBUG Engine               - gameDifficulty: MEDIUM
22:29:35.546 [FXGL Background Thread 3 ] DEBUG Engine               - gameDifficultyProperty: ObjectProperty [value: MEDIUM]
22:29:35.546 [FXGL Background Thread 3 ] DEBUG Engine               - globalMusicVolume: 0.5
22:29:35.546 [FXGL Background Thread 3 ] DEBUG Engine               - globalMusicVolumeProperty: DoubleProperty [value: 1.0]
22:29:35.547 [FXGL Background Thread 3 ] DEBUG Engine               - globalSoundVolume: 0.5
22:29:35.547 [FXGL Background Thread 3 ] DEBUG Engine               - globalSoundVolumeProperty: DoubleProperty [value: 0.1]
22:29:35.547 [FXGL Background Thread 3 ] DEBUG Engine               - height: 600
22:29:35.547 [FXGL Background Thread 3 ] DEBUG Engine               - is3D: false
22:29:35.547 [FXGL Background Thread 3 ] DEBUG Engine               - isAndroid: false
22:29:35.547 [FXGL Background Thread 3 ] DEBUG Engine               - isBrowser: false
22:29:35.547 [FXGL Background Thread 3 ] DEBUG Engine               - isClickFeedbackEnabled: false
22:29:35.547 [FXGL Background Thread 3 ] DEBUG Engine               - isCloseConfirmation: false
22:29:35.547 [FXGL Background Thread 3 ] DEBUG Engine               - isDesktop: true
22:29:35.547 [FXGL Background Thread 3 ] DEBUG Engine               - isDeveloperMenuEnabled: false
22:29:35.547 [FXGL Background Thread 3 ] DEBUG Engine               - isEmbedded: false
22:29:35.547 [FXGL Background Thread 3 ] DEBUG Engine               - isEntityPreloadEnabled: true
22:29:35.548 [FXGL Background Thread 3 ] DEBUG Engine               - isExperimentalTiledLargeMap: false
22:29:35.548 [FXGL Background Thread 3 ] DEBUG Engine               - isFileSystemWriteAllowed: true
22:29:35.548 [FXGL Background Thread 3 ] DEBUG Engine               - isFullScreenAllowed: true
22:29:35.548 [FXGL Background Thread 3 ] DEBUG Engine               - isFullScreenFromStart: false
22:29:35.548 [FXGL Background Thread 3 ] DEBUG Engine               - isGameMenuEnabled: true
22:29:35.548 [FXGL Background Thread 3 ] DEBUG Engine               - isIOS: false
22:29:35.548 [FXGL Background Thread 3 ] DEBUG Engine               - isIntroEnabled: false
22:29:35.548 [FXGL Background Thread 3 ] DEBUG Engine               - isLinux: false
22:29:35.548 [FXGL Background Thread 3 ] DEBUG Engine               - isMac: false
22:29:35.549 [FXGL Background Thread 3 ] DEBUG Engine               - isMainMenuEnabled: true
22:29:35.549 [FXGL Background Thread 3 ] DEBUG Engine               - isManualResizeEnabled: false
22:29:35.549 [FXGL Background Thread 3 ] DEBUG Engine               - isMobile: false
22:29:35.549 [FXGL Background Thread 3 ] DEBUG Engine               - isNative: false
22:29:35.549 [FXGL Background Thread 3 ] DEBUG Engine               - isPauseMusicWhenMinimized: true
22:29:35.549 [FXGL Background Thread 3 ] DEBUG Engine               - isPreserveResizeRatio: false
22:29:35.549 [FXGL Background Thread 3 ] DEBUG Engine               - isProfilingEnabled: false
22:29:35.549 [FXGL Background Thread 3 ] DEBUG Engine               - isScaleAffectedOnResize: true
22:29:35.549 [FXGL Background Thread 3 ] DEBUG Engine               - isSingleStep: false
22:29:35.549 [FXGL Background Thread 3 ] DEBUG Engine               - isUserProfileEnabled: false
22:29:35.549 [FXGL Background Thread 3 ] DEBUG Engine               - isWindows: true
22:29:35.549 [FXGL Background Thread 3 ] DEBUG Engine               - language: ObjectProperty [value: ENGLISH]
22:29:35.550 [FXGL Background Thread 3 ] DEBUG Engine               - menuKey: ESCAPE
22:29:35.550 [FXGL Background Thread 3 ] DEBUG Engine               - mouseSensitivity: 0.2
22:29:35.550 [FXGL Background Thread 3 ] DEBUG Engine               - notificationViewClass: class com.almasb.fxgl.notification.view.XboxNotificationView
22:29:35.550 [FXGL Background Thread 3 ] DEBUG Engine               - pixelsPerMeter: 50.0
22:29:35.550 [FXGL Background Thread 3 ] DEBUG Engine               - platform: WINDOWS
22:29:35.550 [FXGL Background Thread 3 ] DEBUG Engine               - prefHeightProperty: ReadOnlyDoubleProperty [value: 600.0]
22:29:35.550 [FXGL Background Thread 3 ] DEBUG Engine               - prefWidthProperty: ReadOnlyDoubleProperty [value: 800.0]
22:29:35.550 [FXGL Background Thread 3 ] DEBUG Engine               - profileDir: profiles/
22:29:35.550 [FXGL Background Thread 3 ] DEBUG Engine               - profileName: StringProperty [value: DEFAULT]
22:29:35.550 [FXGL Background Thread 3 ] DEBUG Engine               - randomSeed: -1
22:29:35.551 [FXGL Background Thread 3 ] DEBUG Engine               - runtimeInfo: RuntimeInfo(platform=WINDOWS, version=17.2, build=20.08.2022 16.50)
22:29:35.551 [FXGL Background Thread 3 ] DEBUG Engine               - saveFileExt: sav
22:29:35.551 [FXGL Background Thread 3 ] DEBUG Engine               - scaledHeightProp$fxgl: DoubleProperty [bound, value: 600.0]
22:29:35.551 [FXGL Background Thread 3 ] DEBUG Engine               - scaledWidthProp$fxgl: DoubleProperty [bound, value: 800.0]
22:29:35.552 [FXGL Background Thread 3 ] DEBUG Engine               - sceneFactory: com.almasb.fxgl.app.scene.SceneFactory@55ef7fdc
22:29:35.552 [FXGL Background Thread 3 ] DEBUG Engine               - secondsIn24h: 60
22:29:35.552 [FXGL Background Thread 3 ] DEBUG Engine               - soundMenuBack: menu/back.wav
22:29:35.552 [FXGL Background Thread 3 ] DEBUG Engine               - soundMenuPress: menu/press.wav
22:29:35.552 [FXGL Background Thread 3 ] DEBUG Engine               - soundMenuSelect: menu/select.wav
22:29:35.552 [FXGL Background Thread 3 ] DEBUG Engine               - soundNotification: core/notification.wav
22:29:35.552 [FXGL Background Thread 3 ] DEBUG Engine               - stageStyle: DECORATED
22:29:35.552 [FXGL Background Thread 3 ] DEBUG Engine               - supportedLanguages: [ENGLISH, FRENCH, GERMAN, HUNGARIAN, RUSSIAN]
22:29:35.552 [FXGL Background Thread 3 ] DEBUG Engine               - ticksPerSecond: -1
22:29:35.552 [FXGL Background Thread 3 ] DEBUG Engine               - title: Nuclear Throne Atomic
22:29:35.552 [FXGL Background Thread 3 ] DEBUG Engine               - urlGithub: https://github.com/AlmasB/FXGL
22:29:35.553 [FXGL Background Thread 3 ] DEBUG Engine               - urlLeaderboard: http://fxgl-top.herokuapp.com/
22:29:35.553 [FXGL Background Thread 3 ] DEBUG Engine               - urlPOM: https://raw.githubusercontent.com/AlmasB/FXGL/release/README.md
22:29:35.553 [FXGL Background Thread 3 ] DEBUG Engine               - userAppClass: class com.example.nuclearthroneatomic.Controller
22:29:35.553 [FXGL Background Thread 3 ] DEBUG Engine               - version: 0.0
22:29:35.553 [FXGL Background Thread 3 ] DEBUG Engine               - versionCheckDays: 7
22:29:35.554 [FXGL Background Thread 3 ] DEBUG Engine               - width: 800
22:29:35.554 [FXGL Background Thread 3 ] DEBUG Engine               - Logging services
22:29:35.554 [FXGL Background Thread 3 ] DEBUG Engine               - class com.almasb.fxgl.app.services.FXGLAssetLoaderService
22:29:35.554 [FXGL Background Thread 3 ] DEBUG Engine               - class com.almasb.fxgl.app.FXGLApplication$GameApplicationService
22:29:35.555 [FXGL Background Thread 3 ] DEBUG Engine               - class com.almasb.fxgl.app.services.FXGLDialogService
22:29:35.555 [FXGL Background Thread 3 ] DEBUG Engine               - class com.almasb.fxgl.app.services.IOTaskExecutorService
22:29:35.555 [FXGL Background Thread 3 ] DEBUG Engine               - class com.almasb.fxgl.io.FileSystemService
22:29:35.555 [FXGL Background Thread 3 ] DEBUG Engine               - class com.almasb.fxgl.localization.LocalizationService
22:29:35.555 [FXGL Background Thread 3 ] DEBUG Engine               - class com.almasb.fxgl.app.services.SystemBundleService
22:29:35.555 [FXGL Background Thread 3 ] DEBUG Engine               - class com.almasb.fxgl.profile.SaveLoadService
22:29:35.555 [FXGL Background Thread 3 ] DEBUG Engine               - class com.almasb.fxgl.ui.FXGLUIFactoryServiceProvider
22:29:35.555 [FXGL Background Thread 3 ] DEBUG Engine               - class com.almasb.fxgl.ui.FXGLDialogFactoryServiceProvider
22:29:35.555 [FXGL Background Thread 3 ] DEBUG Engine               - class com.almasb.fxgl.audio.AudioPlayer
22:29:35.555 [FXGL Background Thread 3 ] DEBUG Engine               - class com.almasb.fxgl.notification.impl.NotificationServiceProvider
22:29:35.555 [FXGL Background Thread 3 ] DEBUG Engine               - class com.almasb.fxgl.achievement.AchievementService
22:29:35.555 [FXGL Background Thread 3 ] DEBUG Engine               - class com.almasb.fxgl.cutscene.CutsceneService
22:29:35.555 [FXGL Background Thread 3 ] DEBUG Engine               - class com.almasb.fxgl.minigames.MiniGameService
22:29:35.555 [FXGL Background Thread 3 ] DEBUG Engine               - class com.almasb.fxgl.net.NetService
22:29:35.555 [FXGL Background Thread 3 ] DEBUG Engine               - class com.almasb.fxgl.app.services.UpdaterService
22:29:35.556 [FXGL Background Thread 3 ] DEBUG Engine               - class com.almasb.fxgl.dev.DevService
22:29:36.575 [JavaFX Application Thread] DEBUG FXGL.DefaultMenu     - createContentAudio()
22:29:44.957 [JavaFX Application Thread] DEBUG Menu                 - fireNewGame()
22:29:44.958 [JavaFX Application Thread] DEBUG GameApplicationServi - Starting new game
22:29:44.958 [JavaFX Application Thread] DEBUG PrimaryStageWindow   - Pop state: FXGLDefaultMenu
22:29:44.958 [JavaFX Application Thread] DEBUG Input                - Clearing active input actions
22:29:44.959 [JavaFX Application Thread] DEBUG GameApplicationServi - Removing overlay from FXGLDefaultMenu and adding to FXGLMainMenuDummyScene
22:29:44.960 [JavaFX Application Thread] DEBUG PrimaryStageWindow   - FXGLMainMenuDummyScene <- FXGLDefaultMenu
22:29:44.960 [JavaFX Application Thread] DEBUG Input                - Clearing active input actions
22:29:44.969 [JavaFX Application Thread] DEBUG GameApplicationServi - Removing overlay from FXGLMainMenuDummyScene and adding to FXGLLoadingScene
22:29:44.969 [JavaFX Application Thread] DEBUG PrimaryStageWindow   - FXGLMainMenuDummyScene -> FXGLLoadingScene
22:29:44.969 [JavaFX Application Thread] DEBUG GameApplicationServi - Clearing previous game
22:29:44.969 [JavaFX Application Thread] DEBUG GameScene            - Clearing game scene
22:29:44.969 [JavaFX Application Thread] DEBUG GameWorld            - Clearing game world
22:29:44.970 [JavaFX Application Thread] DEBUG PhysicsWorld         - Clearing physics world
22:29:44.972 [FXGL Background Thread 2 ] DEBUG FXGLApplication      - Initializing game
22:29:44.983 [FXGL Background Thread 2 ] DEBUG FXGLAssetLoaderServi - Loading from file system: file:/C:/Users/Usuario/OneDrive%20-%20Universidad%20Icesi%20(@icesi.edu.co)/APO2/Tareas%20integradoras/NuclearThroneAtomic/src/nuclearthroneatomic/target/classes/assets/textures/Avatar/1-Idle/1.png
22:29:44.985 [FXGL Background Thread 2 ] DEBUG FXGLAssetLoaderServi - Loading from file system: file:/C:/Users/Usuario/OneDrive%20-%20Universidad%20Icesi%20(@icesi.edu.co)/APO2/Tareas%20integradoras/NuclearThroneAtomic/src/nuclearthroneatomic/target/classes/assets/textures/Avatar/1-Idle/2.png
22:29:44.988 [FXGL Background Thread 2 ] DEBUG FXGLAssetLoaderServi - Loading from file system: file:/C:/Users/Usuario/OneDrive%20-%20Universidad%20Icesi%20(@icesi.edu.co)/APO2/Tareas%20integradoras/NuclearThroneAtomic/src/nuclearthroneatomic/target/classes/assets/textures/Avatar/1-Idle/3.png
22:29:44.990 [FXGL Background Thread 2 ] DEBUG FXGLAssetLoaderServi - Loading from file system: file:/C:/Users/Usuario/OneDrive%20-%20Universidad%20Icesi%20(@icesi.edu.co)/APO2/Tareas%20integradoras/NuclearThroneAtomic/src/nuclearthroneatomic/target/classes/assets/textures/Avatar/1-Idle/4.png
22:29:45.028 [FXGL Background Thread 2 ] DEBUG FXGLAssetLoaderServi - Loading from file system: file:/C:/Users/Usuario/OneDrive%20-%20Universidad%20Icesi%20(@icesi.edu.co)/APO2/Tareas%20integradoras/NuclearThroneAtomic/src/nuclearthroneatomic/target/classes/assets/textures/Avatar/2-Run/1.png
22:29:45.031 [FXGL Background Thread 2 ] DEBUG FXGLAssetLoaderServi - Loading from file system: file:/C:/Users/Usuario/OneDrive%20-%20Universidad%20Icesi%20(@icesi.edu.co)/APO2/Tareas%20integradoras/NuclearThroneAtomic/src/nuclearthroneatomic/target/classes/assets/textures/Avatar/2-Run/2.png
22:29:45.033 [FXGL Background Thread 2 ] DEBUG FXGLAssetLoaderServi - Loading from file system: file:/C:/Users/Usuario/OneDrive%20-%20Universidad%20Icesi%20(@icesi.edu.co)/APO2/Tareas%20integradoras/NuclearThroneAtomic/src/nuclearthroneatomic/target/classes/assets/textures/Avatar/2-Run/3.png
22:29:45.036 [FXGL Background Thread 2 ] DEBUG FXGLAssetLoaderServi - Loading from file system: file:/C:/Users/Usuario/OneDrive%20-%20Universidad%20Icesi%20(@icesi.edu.co)/APO2/Tareas%20integradoras/NuclearThroneAtomic/src/nuclearthroneatomic/target/classes/assets/textures/Avatar/2-Run/4.png
22:29:45.039 [FXGL Background Thread 2 ] DEBUG FXGLAssetLoaderServi - Loading from file system: file:/C:/Users/Usuario/OneDrive%20-%20Universidad%20Icesi%20(@icesi.edu.co)/APO2/Tareas%20integradoras/NuclearThroneAtomic/src/nuclearthroneatomic/target/classes/assets/textures/Avatar/2-Run/5.png
22:29:45.043 [FXGL Background Thread 2 ] DEBUG FXGLAssetLoaderServi - Loading from file system: file:/C:/Users/Usuario/OneDrive%20-%20Universidad%20Icesi%20(@icesi.edu.co)/APO2/Tareas%20integradoras/NuclearThroneAtomic/src/nuclearthroneatomic/target/classes/assets/textures/Avatar/2-Run/6.png
22:29:45.050 [FXGL Background Thread 2 ] DEBUG FXGLAssetLoaderServi - Loading from file system: file:/C:/Users/Usuario/OneDrive%20-%20Universidad%20Icesi%20(@icesi.edu.co)/APO2/Tareas%20integradoras/NuclearThroneAtomic/src/nuclearthroneatomic/target/classes/assets/textures/Munition/1.png
22:29:45.096 [FXGL Background Thread 2 ] DEBUG FXGLAssetLoaderServi - Loading from file system: file:/C:/Users/Usuario/OneDrive%20-%20Universidad%20Icesi%20(@icesi.edu.co)/APO2/Tareas%20integradoras/NuclearThroneAtomic/src/nuclearthroneatomic/target/classes/assets/textures/hud/lifeplayer.png
22:29:45.103 [FXGL Background Thread 2 ] DEBUG FXGLAssetLoaderServi - Loading from file system: file:/C:/Users/Usuario/OneDrive%20-%20Universidad%20Icesi%20(@icesi.edu.co)/APO2/Tareas%20integradoras/NuclearThroneAtomic/src/nuclearthroneatomic/target/classes/assets/textures/hud/medkit.png
22:29:45.108 [FXGL Background Thread 2 ] DEBUG FXGLAssetLoaderServi - Loading from file system: file:/C:/Users/Usuario/OneDrive%20-%20Universidad%20Icesi%20(@icesi.edu.co)/APO2/Tareas%20integradoras/NuclearThroneAtomic/src/nuclearthroneatomic/target/classes/assets/textures/hud/trebol.png
22:29:45.116 [FXGL Background Thread 2 ] DEBUG FXGLAssetLoaderServi - Loading from file system: file:/C:/Users/Usuario/OneDrive%20-%20Universidad%20Icesi%20(@icesi.edu.co)/APO2/Tareas%20integradoras/NuclearThroneAtomic/src/nuclearthroneatomic/target/classes/assets/textures/Guns/1.png
22:29:45.122 [FXGL Background Thread 2 ] DEBUG FXGLAssetLoaderServi - Loading from file system: file:/C:/Users/Usuario/OneDrive%20-%20Universidad%20Icesi%20(@icesi.edu.co)/APO2/Tareas%20integradoras/NuclearThroneAtomic/src/nuclearthroneatomic/target/classes/assets/textures/enemy/1-Idle/1.png
22:29:45.125 [FXGL Background Thread 2 ] DEBUG FXGLAssetLoaderServi - Loading from file system: file:/C:/Users/Usuario/OneDrive%20-%20Universidad%20Icesi%20(@icesi.edu.co)/APO2/Tareas%20integradoras/NuclearThroneAtomic/src/nuclearthroneatomic/target/classes/assets/textures/enemy/1-Idle/2.png
22:29:45.127 [FXGL Background Thread 2 ] DEBUG FXGLAssetLoaderServi - Loading from file system: file:/C:/Users/Usuario/OneDrive%20-%20Universidad%20Icesi%20(@icesi.edu.co)/APO2/Tareas%20integradoras/NuclearThroneAtomic/src/nuclearthroneatomic/target/classes/assets/textures/enemy/1-Idle/3.png
22:29:45.129 [FXGL Background Thread 2 ] DEBUG FXGLAssetLoaderServi - Loading from file system: file:/C:/Users/Usuario/OneDrive%20-%20Universidad%20Icesi%20(@icesi.edu.co)/APO2/Tareas%20integradoras/NuclearThroneAtomic/src/nuclearthroneatomic/target/classes/assets/textures/enemy/1-Idle/4.png
22:29:45.136 [FXGL Background Thread 2 ] DEBUG FXGLAssetLoaderServi - Loading from file system: file:/C:/Users/Usuario/OneDrive%20-%20Universidad%20Icesi%20(@icesi.edu.co)/APO2/Tareas%20integradoras/NuclearThroneAtomic/src/nuclearthroneatomic/target/classes/assets/textures/enemy/2-Run/1.png
22:29:45.139 [FXGL Background Thread 2 ] DEBUG FXGLAssetLoaderServi - Loading from file system: file:/C:/Users/Usuario/OneDrive%20-%20Universidad%20Icesi%20(@icesi.edu.co)/APO2/Tareas%20integradoras/NuclearThroneAtomic/src/nuclearthroneatomic/target/classes/assets/textures/enemy/2-Run/2.png
22:29:45.141 [FXGL Background Thread 2 ] DEBUG FXGLAssetLoaderServi - Loading from file system: file:/C:/Users/Usuario/OneDrive%20-%20Universidad%20Icesi%20(@icesi.edu.co)/APO2/Tareas%20integradoras/NuclearThroneAtomic/src/nuclearthroneatomic/target/classes/assets/textures/enemy/2-Run/3.png
22:29:45.143 [FXGL Background Thread 2 ] DEBUG FXGLAssetLoaderServi - Loading from file system: file:/C:/Users/Usuario/OneDrive%20-%20Universidad%20Icesi%20(@icesi.edu.co)/APO2/Tareas%20integradoras/NuclearThroneAtomic/src/nuclearthroneatomic/target/classes/assets/textures/enemy/2-Run/4.png
22:29:45.145 [FXGL Background Thread 2 ] DEBUG FXGLAssetLoaderServi - Loading from file system: file:/C:/Users/Usuario/OneDrive%20-%20Universidad%20Icesi%20(@icesi.edu.co)/APO2/Tareas%20integradoras/NuclearThroneAtomic/src/nuclearthroneatomic/target/classes/assets/textures/enemy/2-Run/5.png
22:29:45.147 [FXGL Background Thread 2 ] DEBUG FXGLAssetLoaderServi - Loading from file system: file:/C:/Users/Usuario/OneDrive%20-%20Universidad%20Icesi%20(@icesi.edu.co)/APO2/Tareas%20integradoras/NuclearThroneAtomic/src/nuclearthroneatomic/target/classes/assets/textures/enemy/2-Run/6.png
22:29:45.167 [FXGL Background Thread 2 ] DEBUG FXGLAssetLoaderServi - Loading from file system: file:/C:/Users/Usuario/OneDrive%20-%20Universidad%20Icesi%20(@icesi.edu.co)/APO2/Tareas%20integradoras/NuclearThroneAtomic/src/nuclearthroneatomic/target/classes/assets/textures/portal/1.png
22:29:45.172 [FXGL Background Thread 2 ] DEBUG FXGLAssetLoaderServi - Loading from file system: file:/C:/Users/Usuario/OneDrive%20-%20Universidad%20Icesi%20(@icesi.edu.co)/APO2/Tareas%20integradoras/NuclearThroneAtomic/src/nuclearthroneatomic/target/classes/assets/textures/portal/2.png
22:29:45.177 [FXGL Background Thread 2 ] DEBUG FXGLAssetLoaderServi - Loading from file system: file:/C:/Users/Usuario/OneDrive%20-%20Universidad%20Icesi%20(@icesi.edu.co)/APO2/Tareas%20integradoras/NuclearThroneAtomic/src/nuclearthroneatomic/target/classes/assets/textures/portal/3.png
22:29:45.181 [FXGL Background Thread 2 ] DEBUG FXGLAssetLoaderServi - Loading from file system: file:/C:/Users/Usuario/OneDrive%20-%20Universidad%20Icesi%20(@icesi.edu.co)/APO2/Tareas%20integradoras/NuclearThroneAtomic/src/nuclearthroneatomic/target/classes/assets/textures/portal/4.png
22:29:45.197 [FXGL Background Thread 2 ] DEBUG FXGLAssetLoaderServi - Loading from file system: file:/C:/Users/Usuario/OneDrive%20-%20Universidad%20Icesi%20(@icesi.edu.co)/APO2/Tareas%20integradoras/NuclearThroneAtomic/src/nuclearthroneatomic/target/classes/assets/textures/Wall/1.png
22:29:45.317 [FXGL Background Thread 2 ] INFO  FXGLApplication      - Game initialization took: 0,345 sec
22:29:45.324 [JavaFX Application Thread] DEBUG Input                - Clearing active input actions
22:29:45.331 [JavaFX Application Thread] DEBUG GameApplicationServi - Removing overlay from FXGLLoadingScene and adding to GameScene
22:29:45.332 [JavaFX Application Thread] DEBUG PrimaryStageWindow   - FXGLLoadingScene -> GameScene
22:29:50.328 [JavaFX Application Thread] DEBUG FXGLAssetLoaderServi - Loading from file system: file:/C:/Users/Usuario/OneDrive%20-%20Universidad%20Icesi%20(@icesi.edu.co)/APO2/Tareas%20integradoras/NuclearThroneAtomic/src/nuclearthroneatomic/target/classes/assets/textures/Bullet/1.png
22:30:12.208 [JavaFX Application Thread] DEBUG FXGLApplication      - Exiting FXGL
22:30:12.208 [JavaFX Application Thread] DEBUG LoopRunner           - Stopping loop
22:30:12.208 [JavaFX Application Thread] DEBUG SystemBundleService  - Saving FXGL system data
22:30:12.211 [JavaFX Application Thread] DEBUG FileSystemAccess     - Writing to: C:\Users\Usuario\OneDrive - Universidad Icesi (@icesi.edu.co)\APO2\Tareas integradoras\NuclearThroneAtomic\src\nuclearthroneatomic\system\fxgl.bundle
22:30:12.215 [JavaFX Application Thread] DEBUG Async                - Shutting down background threads
22:30:12.215 [JavaFX Application Thread] DEBUG PrimaryStageWindow   - Closing main window
22:30:12.230 [JavaFX Application Thread] DEBUG Logger               - Closing Logger
