11:00:19.844 [main                     ] DEBUG Logger               - Configured Logger
11:00:19.902 [main                     ] DEBUG GameApplication      - Logging settings
Title: Nuclear Throne Atomic
Version: 0.0
Width: 800
Height: 600
Fullscreen: true
Intro: false
Profiling: false
Single step:false
App Mode: DEVELOPER
Menu Key: ESCAPE
Stage Style: DECORATED
Scene Factory: class com.almasb.fxgl.app.scene.SceneFactory

11:00:24.657 [JavaFX Application Thread] DEBUG FXGLApplication      - Initializing FXGL
11:00:24.662 [JavaFX Application Thread] INFO  Engine               - FXGL-17.2 (20.08.2022 16.50) on WINDOWS (J:19.0.2 FX:19.0.2.1)
11:00:24.662 [JavaFX Application Thread] DEBUG Engine               - JRE Vendor Name: Oracle Corporation
11:00:24.663 [JavaFX Application Thread] DEBUG Engine               - Running on OS: Windows 10 version 10.0
11:00:24.663 [JavaFX Application Thread] DEBUG Engine               - Architecture: amd64
11:00:24.663 [JavaFX Application Thread] INFO  Engine               - Source code and latest versions at: https://github.com/AlmasB/FXGL
11:00:24.663 [JavaFX Application Thread] INFO  Engine               -       Ask questions and discuss at: https://github.com/AlmasB/FXGL/discussions
11:00:24.663 [JavaFX Application Thread] INFO  Engine               -              Join the FXGL chat at: https://gitter.im/AlmasB/FXGL
11:00:25.720 [JavaFX Application Thread] DEBUG PrimaryStageWindow   - Creating a JavaFX scene
11:00:26.189 [JavaFX Application Thread] DEBUG PrimaryStageWindow   - Target settings size: 800.0 x 600.0
11:00:26.190 [JavaFX Application Thread] DEBUG PrimaryStageWindow   - Scaled scene size:    800.0 x 600.0
11:00:26.190 [JavaFX Application Thread] DEBUG PrimaryStageWindow   - Scaled ratio: (1.0, 1.0)
11:00:26.192 [JavaFX Application Thread] DEBUG PrimaryStageWindow   - Set initial scene to FXGLStartupScene
11:00:26.197 [JavaFX Application Thread] DEBUG PrimaryStageWindow   - Opening main window
11:00:26.437 [JavaFX Application Thread] DEBUG PrimaryStageWindow   - Window border size: (16.0, 39.0)
11:00:26.437 [JavaFX Application Thread] DEBUG PrimaryStageWindow   - Scaled size: 800.0 x 600.0
11:00:26.438 [JavaFX Application Thread] DEBUG PrimaryStageWindow   - Scaled ratio: (1.0, 1.0)
11:00:26.439 [JavaFX Application Thread] DEBUG PrimaryStageWindow   - Scene size: 800.0 x 600.0
11:00:26.439 [JavaFX Application Thread] DEBUG PrimaryStageWindow   - Stage size: 816.0 x 639.0
11:00:26.519 [JavaFX Application Thread] DEBUG PrimaryStageWindow   - Going fullscreen
11:00:26.527 [FXGL Background Thread 1 ] DEBUG Engine               - Initializing environment variables
11:00:26.890 [FXGL Background Thread 1 ] DEBUG FXGLAssetLoaderServi - User app class for loading assets: class com.example.nuclearthroneatomic.Controller
11:00:26.890 [FXGL Background Thread 1 ] DEBUG GameApplicationServi - Applying CSS: fxgl_dark.css
11:00:26.891 [FXGL Background Thread 1 ] DEBUG FXGLAssetLoaderServi - Loading from file system: jar:file:///C:/Users/Juan/.m2/repository/com/github/almasb/fxgl/17.2/fxgl-17.2.jar!/fxglassets/ui/css/fxgl_dark.css
11:00:26.948 [FXGL Background Thread 1 ] DEBUG GameApplicationServi - Initializing application scenes
11:00:27.148 [FXGL Background Thread 1 ] DEBUG GameWorld            - Game world initialized
11:00:27.314 [FXGL Background Thread 1 ] DEBUG PhysicsWorld         - Physics world initialized: appHeight=600, physics.ppm=50,0
11:00:27.315 [FXGL Background Thread 1 ] DEBUG PhysicsWorld         - Using strategy: BRUTE_FORCE
11:00:27.320 [FXGL Background Thread 1 ] DEBUG GameScene            - Game scene initialized: 800x600
11:00:27.338 [FXGL Background Thread 1 ] DEBUG FXGL.DefaultMenu     - createMenuBodyMainMenu()
11:00:27.530 [FXGL Background Thread 1 ] DEBUG FXGL.DefaultMenu     - createOptionsMenu()
11:00:27.539 [FXGL Background Thread 1 ] DEBUG FXGL.DefaultMenu     - createExtraMenu()
11:00:27.548 [FXGL Background Thread 1 ] DEBUG FXGLAssetLoaderServi - Loading from file system: jar:file:///C:/Users/Juan/.m2/repository/com/github/almasb/fxgl/17.2/fxgl-17.2.jar!/fxglassets/textures/particles/smoke.png
11:00:27.730 [FXGL Background Thread 1 ] DEBUG FXGLAssetLoaderServi - Loading from file system: jar:file:///C:/Users/Juan/.m2/repository/com/github/almasb/fxgl/17.2/fxgl-17.2.jar!/fxglassets/textures/particles/trace_horizontal.png
11:00:27.764 [FXGL Background Thread 1 ] DEBUG FXGL.DefaultMenu     - createMenuBodyGameMenu()
11:00:27.766 [FXGL Background Thread 1 ] DEBUG FXGL.DefaultMenu     - createOptionsMenu()
11:00:27.769 [FXGL Background Thread 1 ] DEBUG FXGL.DefaultMenu     - createExtraMenu()
11:00:27.799 [FXGL Background Thread 1 ] DEBUG GameApplicationServi - Application scenes initialized
11:00:27.842 [FXGL Background Thread 1 ] DEBUG SystemBundleService  - Loading FXGL system data
11:00:27.876 [FXGL Background Thread 1 ] DEBUG FileSystemAccess     - Reading from: C:\Users\Juan\Desktop\APOOOO\NuclearThroneAtomic\src\nuclearthroneatomic\system\fxgl.bundle
11:00:27.905 [FXGL Background Thread 1 ] DEBUG SystemBundleService  - Bundle FXGL: {}
11:00:27.905 [FXGL Background Thread 1 ] DEBUG UpdaterService       - Checking for updates
11:00:27.910 [FXGL Background Thread 4 ] DEBUG FXGLApplication      - Loading fonts
11:00:27.911 [FXGL Background Thread 4 ] DEBUG FXGLAssetLoaderServi - Loading from file system: jar:file:///C:/Users/Juan/.m2/repository/com/github/almasb/fxgl/17.2/fxgl-17.2.jar!/fxglassets/ui/fonts/VarelaRound-Regular.ttf
11:00:27.911 [FXGL Background Thread 1 ] DEBUG FXGLApplication      - Loading default localization
11:00:27.912 [FXGL Background Thread 1 ] DEBUG FXGLAssetLoaderServi - Loading from file system: jar:file:///C:/Users/Juan/.m2/repository/com/github/almasb/fxgl/17.2/fxgl-17.2.jar!/fxglassets/languages/english.lang
11:00:27.955 [FXGL Background Thread 1 ] INFO  FXGLApplication      - FXGL initialization took: 1,428 sec
11:00:27.966 [JavaFX Application Thread] DEBUG Input                - Registered new binding: lucky - Q
11:00:27.966 [JavaFX Application Thread] DEBUG Input                - Registered new binding: health - F
11:00:27.966 [JavaFX Application Thread] DEBUG Input                - Registered new binding: Right - D
11:00:27.967 [JavaFX Application Thread] DEBUG Input                - Registered new binding: Left - A
11:00:27.967 [JavaFX Application Thread] DEBUG Input                - Registered new binding: Up - W
11:00:27.967 [JavaFX Application Thread] DEBUG Input                - Registered new binding: Down - S
11:00:27.968 [JavaFX Application Thread] DEBUG Input                - Registered new binding: Reload - RMB
11:00:27.968 [JavaFX Application Thread] DEBUG Input                - Registered new binding: Shoot - LMB
11:00:27.969 [JavaFX Application Thread] DEBUG FXGLAssetLoaderServi - Loading from file system: file:/C:/Users/Juan/Desktop/APOOOO/NuclearThroneAtomic/src/nuclearthroneatomic/target/classes/assets/music/muiscformenus.mp3
11:00:27.987 [FXGL Background Thread 4 ] DEBUG FXGLAssetLoaderServi - Loading from file system: jar:file:///C:/Users/Juan/.m2/repository/com/github/almasb/fxgl/17.2/fxgl-17.2.jar!/fxglassets/ui/fonts/Abel-Regular.ttf
11:00:27.993 [FXGL Background Thread 4 ] DEBUG FXGLAssetLoaderServi - Loading from file system: jar:file:///C:/Users/Juan/.m2/repository/com/github/almasb/fxgl/17.2/fxgl-17.2.jar!/fxglassets/ui/fonts/TerminalLandMono-Regular.otf
11:00:28.000 [FXGL Background Thread 4 ] DEBUG FXGLAssetLoaderServi - Loading from file system: jar:file:///C:/Users/Juan/.m2/repository/com/github/almasb/fxgl/17.2/fxgl-17.2.jar!/fxglassets/ui/fonts/Courier-Prime.ttf
11:00:28.267 [JavaFX Application Thread] DEBUG AudioPlayer          - Playing music com.almasb.fxgl.audio.Music@dbb0875
11:00:28.267 [JavaFX Application Thread] DEBUG FXGLAssetLoaderServi - Loading from file system: jar:file:///C:/Users/Juan/.m2/repository/com/github/almasb/fxgl/17.2/fxgl-17.2.jar!/fxglassets/textures/fxgl_icon.png
11:00:28.290 [JavaFX Application Thread] DEBUG FXGLAssetLoaderServi - Loading from file system: jar:file:///C:/Users/Juan/.m2/repository/com/github/almasb/fxgl/17.2/fxgl-17.2.jar!/fxglassets/textures/fxgl_default_cursor.png
11:00:28.294 [JavaFX Application Thread] DEBUG Input                - Registered new binding: Screenshot - CTRL+8
11:00:28.294 [JavaFX Application Thread] DEBUG Input                - Registered new binding: System info dump - CTRL+9
11:00:28.295 [JavaFX Application Thread] DEBUG Input                - Registered new binding: Restart - CTRL+R
11:00:28.296 [JavaFX Application Thread] DEBUG Input                - Registered new binding: Toggle Debug Camera - CTRL+7
11:00:28.297 [JavaFX Application Thread] DEBUG LoopRunner           - Starting loop
11:00:28.297 [JavaFX Application Thread] DEBUG LoopRunner           - Initializing JavaFX AnimationTimerLoop
11:00:28.300 [JavaFX Application Thread] DEBUG Input                - Clearing active input actions
11:00:28.310 [JavaFX Application Thread] DEBUG GameApplicationServi - Removing overlay from FXGLStartupScene and adding to FXGLMainMenuDummyScene
11:00:28.311 [JavaFX Application Thread] DEBUG PrimaryStageWindow   - FXGLStartupScene -> FXGLMainMenuDummyScene
11:00:28.311 [JavaFX Application Thread] DEBUG PrimaryStageWindow   - Push state: FXGLDefaultMenu
11:00:28.317 [JavaFX Application Thread] DEBUG Input                - Clearing active input actions
11:00:28.325 [JavaFX Application Thread] DEBUG GameApplicationServi - Removing overlay from FXGLMainMenuDummyScene and adding to FXGLDefaultMenu
11:00:28.326 [JavaFX Application Thread] DEBUG PrimaryStageWindow   - FXGLMainMenuDummyScene -> FXGLDefaultMenu
11:00:28.327 [JavaFX Application Thread] DEBUG FXGLApplication      - Registering font factories with UI factory
11:00:28.692 [FXGL Background Thread 2 ] INFO  UpdaterService       - Your current version:  17.2
11:00:28.693 [FXGL Background Thread 2 ] INFO  UpdaterService       - Latest stable version: 17.3
11:00:30.909 [FXGL Background Thread 3 ] DEBUG Engine               - Logging environment variables
11:00:30.910 [FXGL Background Thread 3 ] DEBUG Engine               - achievements: []
11:00:30.910 [FXGL Background Thread 3 ] DEBUG Engine               - actualHeight: 768.0
11:00:30.910 [FXGL Background Thread 3 ] DEBUG Engine               - actualHeightProperty: ReadOnlyDoubleProperty [value: 768.0]
11:00:30.911 [FXGL Background Thread 3 ] DEBUG Engine               - actualWidth: 1366.0
11:00:30.911 [FXGL Background Thread 3 ] DEBUG Engine               - actualWidthProperty: ReadOnlyDoubleProperty [value: 1366.0]
11:00:30.911 [FXGL Background Thread 3 ] DEBUG Engine               - appIcon: fxgl_icon.png
11:00:30.911 [FXGL Background Thread 3 ] DEBUG Engine               - applicationMode: DEVELOPER
11:00:30.911 [FXGL Background Thread 3 ] DEBUG Engine               - cSSList: [fxgl_dark.css]
11:00:30.911 [FXGL Background Thread 3 ] DEBUG Engine               - collisionDetectionStrategy: BRUTE_FORCE
11:00:30.911 [FXGL Background Thread 3 ] DEBUG Engine               - configClass: Optional.empty
11:00:30.911 [FXGL Background Thread 3 ] DEBUG Engine               - credits: [Designer . . . . . . . Johan Daniel Aguirre, Program Team . . . . . . Juan Sebastián Libreros,                           Juan Jose Barrera,                           Johan Daniel Aguirre, El mas lindo . . . . . . Juan Sebastián Libreros, Master Thief . . . . . . Johan Daniel Aguirre]
11:00:30.912 [FXGL Background Thread 3 ] DEBUG Engine               - defaultCursor: CursorInfo(imageName=fxgl_default_cursor.png, hotspotX=7.0, hotspotY=6.0)
11:00:30.912 [FXGL Background Thread 3 ] DEBUG Engine               - devBBoxColorProperty: ObjectProperty [value: 0xff0000ff]
11:00:30.913 [FXGL Background Thread 3 ] DEBUG Engine               - devEnableDebugCameraProperty: BooleanProperty [value: false]
11:00:30.913 [FXGL Background Thread 3 ] DEBUG Engine               - devSensorColorProperty: ObjectProperty [value: 0xffff00ff]
11:00:30.913 [FXGL Background Thread 3 ] DEBUG Engine               - devShowBBoxProperty: BooleanProperty [value: false]
11:00:30.913 [FXGL Background Thread 3 ] DEBUG Engine               - devShowPositionProperty: BooleanProperty [value: false]
11:00:30.913 [FXGL Background Thread 3 ] DEBUG Engine               - enabledMenuItems: [EXTRA]
11:00:30.913 [FXGL Background Thread 3 ] DEBUG Engine               - engineServices: [class com.almasb.fxgl.app.services.FXGLAssetLoaderService, class com.almasb.fxgl.app.FXGLApplication$GameApplicationService, class com.almasb.fxgl.app.services.FXGLDialogService, class com.almasb.fxgl.app.services.IOTaskExecutorService, class com.almasb.fxgl.io.FileSystemService, class com.almasb.fxgl.localization.LocalizationService, class com.almasb.fxgl.app.services.SystemBundleService, class com.almasb.fxgl.profile.SaveLoadService, class com.almasb.fxgl.ui.FXGLUIFactoryServiceProvider, class com.almasb.fxgl.ui.FXGLDialogFactoryServiceProvider, class com.almasb.fxgl.audio.AudioPlayer, class com.almasb.fxgl.notification.impl.NotificationServiceProvider, class com.almasb.fxgl.achievement.AchievementService, class com.almasb.fxgl.cutscene.CutsceneService, class com.almasb.fxgl.minigames.MiniGameService, class com.almasb.fxgl.net.NetService, class com.almasb.fxgl.app.services.UpdaterService, class com.almasb.fxgl.dev.DevService]
11:00:30.913 [FXGL Background Thread 3 ] DEBUG Engine               - fontGame: Abel-Regular.ttf
11:00:30.913 [FXGL Background Thread 3 ] DEBUG Engine               - fontMono: TerminalLandMono-Regular.otf
11:00:30.914 [FXGL Background Thread 3 ] DEBUG Engine               - fontText: Courier-Prime.ttf
11:00:30.914 [FXGL Background Thread 3 ] DEBUG Engine               - fontUI: VarelaRound-Regular.ttf
11:00:30.914 [FXGL Background Thread 3 ] DEBUG Engine               - fullScreen: BooleanProperty [value: true]
11:00:30.914 [FXGL Background Thread 3 ] DEBUG Engine               - gameDifficulty: MEDIUM
11:00:30.914 [FXGL Background Thread 3 ] DEBUG Engine               - gameDifficultyProperty: ObjectProperty [value: MEDIUM]
11:00:30.914 [FXGL Background Thread 3 ] DEBUG Engine               - globalMusicVolume: 0.5
11:00:30.915 [FXGL Background Thread 3 ] DEBUG Engine               - globalMusicVolumeProperty: DoubleProperty [value: 1.0]
11:00:30.915 [FXGL Background Thread 3 ] DEBUG Engine               - globalSoundVolume: 0.5
11:00:30.915 [FXGL Background Thread 3 ] DEBUG Engine               - globalSoundVolumeProperty: DoubleProperty [value: 0.1]
11:00:30.915 [FXGL Background Thread 3 ] DEBUG Engine               - height: 600
11:00:30.915 [FXGL Background Thread 3 ] DEBUG Engine               - is3D: false
11:00:30.915 [FXGL Background Thread 3 ] DEBUG Engine               - isAndroid: false
11:00:30.915 [FXGL Background Thread 3 ] DEBUG Engine               - isBrowser: false
11:00:30.915 [FXGL Background Thread 3 ] DEBUG Engine               - isClickFeedbackEnabled: false
11:00:30.915 [FXGL Background Thread 3 ] DEBUG Engine               - isCloseConfirmation: false
11:00:30.915 [FXGL Background Thread 3 ] DEBUG Engine               - isDesktop: true
11:00:30.916 [FXGL Background Thread 3 ] DEBUG Engine               - isDeveloperMenuEnabled: false
11:00:30.916 [FXGL Background Thread 3 ] DEBUG Engine               - isEmbedded: false
11:00:30.916 [FXGL Background Thread 3 ] DEBUG Engine               - isEntityPreloadEnabled: true
11:00:30.916 [FXGL Background Thread 3 ] DEBUG Engine               - isExperimentalTiledLargeMap: false
11:00:30.916 [FXGL Background Thread 3 ] DEBUG Engine               - isFileSystemWriteAllowed: true
11:00:30.916 [FXGL Background Thread 3 ] DEBUG Engine               - isFullScreenAllowed: true
11:00:30.916 [FXGL Background Thread 3 ] DEBUG Engine               - isFullScreenFromStart: true
11:00:30.916 [FXGL Background Thread 3 ] DEBUG Engine               - isGameMenuEnabled: true
11:00:30.916 [FXGL Background Thread 3 ] DEBUG Engine               - isIOS: false
11:00:30.916 [FXGL Background Thread 3 ] DEBUG Engine               - isIntroEnabled: false
11:00:30.916 [FXGL Background Thread 3 ] DEBUG Engine               - isLinux: false
11:00:30.916 [FXGL Background Thread 3 ] DEBUG Engine               - isMac: false
11:00:30.916 [FXGL Background Thread 3 ] DEBUG Engine               - isMainMenuEnabled: true
11:00:30.916 [FXGL Background Thread 3 ] DEBUG Engine               - isManualResizeEnabled: false
11:00:30.916 [FXGL Background Thread 3 ] DEBUG Engine               - isMobile: false
11:00:30.916 [FXGL Background Thread 3 ] DEBUG Engine               - isNative: false
11:00:30.916 [FXGL Background Thread 3 ] DEBUG Engine               - isPauseMusicWhenMinimized: true
11:00:30.916 [FXGL Background Thread 3 ] DEBUG Engine               - isPreserveResizeRatio: false
11:00:30.917 [FXGL Background Thread 3 ] DEBUG Engine               - isProfilingEnabled: false
11:00:30.917 [FXGL Background Thread 3 ] DEBUG Engine               - isScaleAffectedOnResize: true
11:00:30.917 [FXGL Background Thread 3 ] DEBUG Engine               - isSingleStep: false
11:00:30.917 [FXGL Background Thread 3 ] DEBUG Engine               - isUserProfileEnabled: false
11:00:30.917 [FXGL Background Thread 3 ] DEBUG Engine               - isWindows: true
11:00:30.917 [FXGL Background Thread 3 ] DEBUG Engine               - language: ObjectProperty [value: ENGLISH]
11:00:30.917 [FXGL Background Thread 3 ] DEBUG Engine               - menuKey: ESCAPE
11:00:30.917 [FXGL Background Thread 3 ] DEBUG Engine               - mouseSensitivity: 0.2
11:00:30.917 [FXGL Background Thread 3 ] DEBUG Engine               - notificationViewClass: class com.almasb.fxgl.notification.view.XboxNotificationView
11:00:30.917 [FXGL Background Thread 3 ] DEBUG Engine               - pixelsPerMeter: 50.0
11:00:30.917 [FXGL Background Thread 3 ] DEBUG Engine               - platform: WINDOWS
11:00:30.917 [FXGL Background Thread 3 ] DEBUG Engine               - prefHeightProperty: ReadOnlyDoubleProperty [value: 600.0]
11:00:30.917 [FXGL Background Thread 3 ] DEBUG Engine               - prefWidthProperty: ReadOnlyDoubleProperty [value: 800.0]
11:00:30.917 [FXGL Background Thread 3 ] DEBUG Engine               - profileDir: profiles/
11:00:30.917 [FXGL Background Thread 3 ] DEBUG Engine               - profileName: StringProperty [value: DEFAULT]
11:00:30.917 [FXGL Background Thread 3 ] DEBUG Engine               - randomSeed: -1
11:00:30.918 [FXGL Background Thread 3 ] DEBUG Engine               - runtimeInfo: RuntimeInfo(platform=WINDOWS, version=17.2, build=20.08.2022 16.50)
11:00:30.918 [FXGL Background Thread 3 ] DEBUG Engine               - saveFileExt: sav
11:00:30.918 [FXGL Background Thread 3 ] DEBUG Engine               - scaledHeightProp$fxgl: DoubleProperty [bound, value: 768.0]
11:00:30.918 [FXGL Background Thread 3 ] DEBUG Engine               - scaledWidthProp$fxgl: DoubleProperty [bound, value: 1366.0]
11:00:30.918 [FXGL Background Thread 3 ] DEBUG Engine               - sceneFactory: com.almasb.fxgl.app.scene.SceneFactory@20571583
11:00:30.918 [FXGL Background Thread 3 ] DEBUG Engine               - secondsIn24h: 60
11:00:30.918 [FXGL Background Thread 3 ] DEBUG Engine               - soundMenuBack: menu/back.wav
11:00:30.918 [FXGL Background Thread 3 ] DEBUG Engine               - soundMenuPress: menu/press.wav
11:00:30.918 [FXGL Background Thread 3 ] DEBUG Engine               - soundMenuSelect: menu/select.wav
11:00:30.918 [FXGL Background Thread 3 ] DEBUG Engine               - soundNotification: core/notification.wav
11:00:30.918 [FXGL Background Thread 3 ] DEBUG Engine               - stageStyle: DECORATED
11:00:30.918 [FXGL Background Thread 3 ] DEBUG Engine               - supportedLanguages: [ENGLISH, FRENCH, GERMAN, HUNGARIAN, RUSSIAN]
11:00:30.918 [FXGL Background Thread 3 ] DEBUG Engine               - ticksPerSecond: -1
11:00:30.919 [FXGL Background Thread 3 ] DEBUG Engine               - title: Nuclear Throne Atomic
11:00:30.919 [FXGL Background Thread 3 ] DEBUG Engine               - urlGithub: https://github.com/AlmasB/FXGL
11:00:30.919 [FXGL Background Thread 3 ] DEBUG Engine               - urlLeaderboard: http://fxgl-top.herokuapp.com/
11:00:30.919 [FXGL Background Thread 3 ] DEBUG Engine               - urlPOM: https://raw.githubusercontent.com/AlmasB/FXGL/release/README.md
11:00:30.919 [FXGL Background Thread 3 ] DEBUG Engine               - userAppClass: class com.example.nuclearthroneatomic.Controller
11:00:30.919 [FXGL Background Thread 3 ] DEBUG Engine               - version: 0.0
11:00:30.919 [FXGL Background Thread 3 ] DEBUG Engine               - versionCheckDays: 7
11:00:30.919 [FXGL Background Thread 3 ] DEBUG Engine               - width: 800
11:00:30.919 [FXGL Background Thread 3 ] DEBUG Engine               - Logging services
11:00:30.919 [FXGL Background Thread 3 ] DEBUG Engine               - class com.almasb.fxgl.app.services.FXGLAssetLoaderService
11:00:30.919 [FXGL Background Thread 3 ] DEBUG Engine               - class com.almasb.fxgl.app.FXGLApplication$GameApplicationService
11:00:30.919 [FXGL Background Thread 3 ] DEBUG Engine               - class com.almasb.fxgl.app.services.FXGLDialogService
11:00:30.919 [FXGL Background Thread 3 ] DEBUG Engine               - class com.almasb.fxgl.app.services.IOTaskExecutorService
11:00:30.919 [FXGL Background Thread 3 ] DEBUG Engine               - class com.almasb.fxgl.io.FileSystemService
11:00:30.919 [FXGL Background Thread 3 ] DEBUG Engine               - class com.almasb.fxgl.localization.LocalizationService
11:00:30.919 [FXGL Background Thread 3 ] DEBUG Engine               - class com.almasb.fxgl.app.services.SystemBundleService
11:00:30.919 [FXGL Background Thread 3 ] DEBUG Engine               - class com.almasb.fxgl.profile.SaveLoadService
11:00:30.919 [FXGL Background Thread 3 ] DEBUG Engine               - class com.almasb.fxgl.ui.FXGLUIFactoryServiceProvider
11:00:30.919 [FXGL Background Thread 3 ] DEBUG Engine               - class com.almasb.fxgl.ui.FXGLDialogFactoryServiceProvider
11:00:30.919 [FXGL Background Thread 3 ] DEBUG Engine               - class com.almasb.fxgl.audio.AudioPlayer
11:00:30.919 [FXGL Background Thread 3 ] DEBUG Engine               - class com.almasb.fxgl.notification.impl.NotificationServiceProvider
11:00:30.919 [FXGL Background Thread 3 ] DEBUG Engine               - class com.almasb.fxgl.achievement.AchievementService
11:00:30.919 [FXGL Background Thread 3 ] DEBUG Engine               - class com.almasb.fxgl.cutscene.CutsceneService
11:00:30.919 [FXGL Background Thread 3 ] DEBUG Engine               - class com.almasb.fxgl.minigames.MiniGameService
11:00:30.919 [FXGL Background Thread 3 ] DEBUG Engine               - class com.almasb.fxgl.net.NetService
11:00:30.919 [FXGL Background Thread 3 ] DEBUG Engine               - class com.almasb.fxgl.app.services.UpdaterService
11:00:30.919 [FXGL Background Thread 3 ] DEBUG Engine               - class com.almasb.fxgl.dev.DevService
11:00:31.713 [JavaFX Application Thread] DEBUG Menu                 - fireNewGame()
11:00:31.713 [JavaFX Application Thread] DEBUG GameApplicationServi - Starting new game
11:00:31.715 [JavaFX Application Thread] DEBUG PrimaryStageWindow   - Pop state: FXGLDefaultMenu
11:00:31.716 [JavaFX Application Thread] DEBUG Input                - Clearing active input actions
11:00:31.718 [JavaFX Application Thread] DEBUG GameApplicationServi - Removing overlay from FXGLDefaultMenu and adding to FXGLMainMenuDummyScene
11:00:31.718 [JavaFX Application Thread] DEBUG PrimaryStageWindow   - FXGLMainMenuDummyScene <- FXGLDefaultMenu
11:00:31.719 [JavaFX Application Thread] DEBUG Input                - Clearing active input actions
11:00:31.729 [JavaFX Application Thread] DEBUG GameApplicationServi - Removing overlay from FXGLMainMenuDummyScene and adding to FXGLLoadingScene
11:00:31.729 [JavaFX Application Thread] DEBUG PrimaryStageWindow   - FXGLMainMenuDummyScene -> FXGLLoadingScene
11:00:31.729 [JavaFX Application Thread] DEBUG GameApplicationServi - Clearing previous game
11:00:31.729 [JavaFX Application Thread] DEBUG GameScene            - Clearing game scene
11:00:31.730 [JavaFX Application Thread] DEBUG GameWorld            - Clearing game world
11:00:31.730 [JavaFX Application Thread] DEBUG PhysicsWorld         - Clearing physics world
11:00:31.736 [FXGL Background Thread 2 ] DEBUG FXGLApplication      - Initializing game
11:00:31.745 [FXGL Background Thread 2 ] DEBUG FXGLAssetLoaderServi - Loading from file system: file:/C:/Users/Juan/Desktop/APOOOO/NuclearThroneAtomic/src/nuclearthroneatomic/target/classes/assets/textures/Background/libraryYesOMG.png
11:00:31.760 [FXGL Background Thread 2 ] DEBUG FXGLAssetLoaderServi - Loading from file system: file:/C:/Users/Juan/Desktop/APOOOO/NuclearThroneAtomic/src/nuclearthroneatomic/target/classes/assets/textures/Avatar/1-Idle/1.png
11:00:31.764 [FXGL Background Thread 2 ] DEBUG FXGLAssetLoaderServi - Loading from file system: file:/C:/Users/Juan/Desktop/APOOOO/NuclearThroneAtomic/src/nuclearthroneatomic/target/classes/assets/textures/Avatar/1-Idle/2.png
11:00:31.767 [FXGL Background Thread 2 ] DEBUG FXGLAssetLoaderServi - Loading from file system: file:/C:/Users/Juan/Desktop/APOOOO/NuclearThroneAtomic/src/nuclearthroneatomic/target/classes/assets/textures/Avatar/1-Idle/3.png
11:00:31.769 [FXGL Background Thread 2 ] DEBUG FXGLAssetLoaderServi - Loading from file system: file:/C:/Users/Juan/Desktop/APOOOO/NuclearThroneAtomic/src/nuclearthroneatomic/target/classes/assets/textures/Avatar/1-Idle/4.png
11:00:31.807 [FXGL Background Thread 2 ] DEBUG FXGLAssetLoaderServi - Loading from file system: file:/C:/Users/Juan/Desktop/APOOOO/NuclearThroneAtomic/src/nuclearthroneatomic/target/classes/assets/textures/Avatar/2-Run/1.png
11:00:31.809 [FXGL Background Thread 2 ] DEBUG FXGLAssetLoaderServi - Loading from file system: file:/C:/Users/Juan/Desktop/APOOOO/NuclearThroneAtomic/src/nuclearthroneatomic/target/classes/assets/textures/Avatar/2-Run/2.png
11:00:31.812 [FXGL Background Thread 2 ] DEBUG FXGLAssetLoaderServi - Loading from file system: file:/C:/Users/Juan/Desktop/APOOOO/NuclearThroneAtomic/src/nuclearthroneatomic/target/classes/assets/textures/Avatar/2-Run/3.png
11:00:31.815 [FXGL Background Thread 2 ] DEBUG FXGLAssetLoaderServi - Loading from file system: file:/C:/Users/Juan/Desktop/APOOOO/NuclearThroneAtomic/src/nuclearthroneatomic/target/classes/assets/textures/Avatar/2-Run/4.png
11:00:31.819 [FXGL Background Thread 2 ] DEBUG FXGLAssetLoaderServi - Loading from file system: file:/C:/Users/Juan/Desktop/APOOOO/NuclearThroneAtomic/src/nuclearthroneatomic/target/classes/assets/textures/Avatar/2-Run/5.png
11:00:31.822 [FXGL Background Thread 2 ] DEBUG FXGLAssetLoaderServi - Loading from file system: file:/C:/Users/Juan/Desktop/APOOOO/NuclearThroneAtomic/src/nuclearthroneatomic/target/classes/assets/textures/Avatar/2-Run/6.png
11:00:31.834 [FXGL Background Thread 2 ] DEBUG FXGLAssetLoaderServi - Loading from file system: file:/C:/Users/Juan/Desktop/APOOOO/NuclearThroneAtomic/src/nuclearthroneatomic/target/classes/assets/textures/Munition/1.png
11:00:31.886 [FXGL Background Thread 2 ] DEBUG FXGLAssetLoaderServi - Loading from file system: file:/C:/Users/Juan/Desktop/APOOOO/NuclearThroneAtomic/src/nuclearthroneatomic/target/classes/assets/textures/hud/lifeplayer.png
11:00:31.902 [FXGL Background Thread 2 ] DEBUG FXGLAssetLoaderServi - Loading from file system: file:/C:/Users/Juan/Desktop/APOOOO/NuclearThroneAtomic/src/nuclearthroneatomic/target/classes/assets/textures/hud/medkit.png
11:00:31.907 [FXGL Background Thread 2 ] DEBUG FXGLAssetLoaderServi - Loading from file system: file:/C:/Users/Juan/Desktop/APOOOO/NuclearThroneAtomic/src/nuclearthroneatomic/target/classes/assets/textures/hud/trebol.png
11:00:31.916 [FXGL Background Thread 2 ] DEBUG FXGLAssetLoaderServi - Loading from file system: file:/C:/Users/Juan/Desktop/APOOOO/NuclearThroneAtomic/src/nuclearthroneatomic/target/classes/assets/textures/Guns/2.png
11:00:31.926 [FXGL Background Thread 2 ] DEBUG FXGLAssetLoaderServi - Loading from file system: file:/C:/Users/Juan/Desktop/APOOOO/NuclearThroneAtomic/src/nuclearthroneatomic/target/classes/assets/textures/enemy/1-Idle/1.png
11:00:31.934 [FXGL Background Thread 2 ] DEBUG FXGLAssetLoaderServi - Loading from file system: file:/C:/Users/Juan/Desktop/APOOOO/NuclearThroneAtomic/src/nuclearthroneatomic/target/classes/assets/textures/enemy/1-Idle/2.png
11:00:31.936 [FXGL Background Thread 2 ] DEBUG FXGLAssetLoaderServi - Loading from file system: file:/C:/Users/Juan/Desktop/APOOOO/NuclearThroneAtomic/src/nuclearthroneatomic/target/classes/assets/textures/enemy/1-Idle/3.png
11:00:31.938 [FXGL Background Thread 2 ] DEBUG FXGLAssetLoaderServi - Loading from file system: file:/C:/Users/Juan/Desktop/APOOOO/NuclearThroneAtomic/src/nuclearthroneatomic/target/classes/assets/textures/enemy/1-Idle/4.png
11:00:31.951 [FXGL Background Thread 2 ] DEBUG FXGLAssetLoaderServi - Loading from file system: file:/C:/Users/Juan/Desktop/APOOOO/NuclearThroneAtomic/src/nuclearthroneatomic/target/classes/assets/textures/enemy/2-Run/1.png
11:00:31.953 [FXGL Background Thread 2 ] DEBUG FXGLAssetLoaderServi - Loading from file system: file:/C:/Users/Juan/Desktop/APOOOO/NuclearThroneAtomic/src/nuclearthroneatomic/target/classes/assets/textures/enemy/2-Run/2.png
11:00:31.956 [FXGL Background Thread 2 ] DEBUG FXGLAssetLoaderServi - Loading from file system: file:/C:/Users/Juan/Desktop/APOOOO/NuclearThroneAtomic/src/nuclearthroneatomic/target/classes/assets/textures/enemy/2-Run/3.png
11:00:31.958 [FXGL Background Thread 2 ] DEBUG FXGLAssetLoaderServi - Loading from file system: file:/C:/Users/Juan/Desktop/APOOOO/NuclearThroneAtomic/src/nuclearthroneatomic/target/classes/assets/textures/enemy/2-Run/4.png
11:00:31.961 [FXGL Background Thread 2 ] DEBUG FXGLAssetLoaderServi - Loading from file system: file:/C:/Users/Juan/Desktop/APOOOO/NuclearThroneAtomic/src/nuclearthroneatomic/target/classes/assets/textures/enemy/2-Run/5.png
11:00:31.967 [FXGL Background Thread 2 ] DEBUG FXGLAssetLoaderServi - Loading from file system: file:/C:/Users/Juan/Desktop/APOOOO/NuclearThroneAtomic/src/nuclearthroneatomic/target/classes/assets/textures/enemy/2-Run/6.png
11:00:31.972 [FXGL Background Thread 2 ] DEBUG FXGLAssetLoaderServi - Loading from file system: file:/C:/Users/Juan/Desktop/APOOOO/NuclearThroneAtomic/src/nuclearthroneatomic/target/classes/assets/textures/Guns/1.png
11:00:32.000 [FXGL Background Thread 2 ] DEBUG FXGLAssetLoaderServi - Loading from file system: file:/C:/Users/Juan/Desktop/APOOOO/NuclearThroneAtomic/src/nuclearthroneatomic/target/classes/assets/textures/mouse/mousecomplete.png
11:00:32.004 [FXGL Background Thread 2 ] DEBUG FXGLAssetLoaderServi - Loading from file system: file:/C:/Users/Juan/Desktop/APOOOO/NuclearThroneAtomic/src/nuclearthroneatomic/target/classes/assets/textures/Wall/1.png
11:00:32.221 [FXGL Background Thread 2 ] INFO  FXGLApplication      - Game initialization took: 0,486 sec
11:00:32.228 [JavaFX Application Thread] DEBUG Input                - Clearing active input actions
11:00:32.246 [JavaFX Application Thread] DEBUG GameApplicationServi - Removing overlay from FXGLLoadingScene and adding to GameScene
11:00:32.248 [JavaFX Application Thread] DEBUG PrimaryStageWindow   - FXGLLoadingScene -> GameScene
11:00:33.596 [JavaFX Application Thread] DEBUG FXGLAssetLoaderServi - Loading from file system: file:/C:/Users/Juan/Desktop/APOOOO/NuclearThroneAtomic/src/nuclearthroneatomic/target/classes/assets/textures/Munition/2.png
11:00:34.031 [JavaFX Application Thread] DEBUG FXGLAssetLoaderServi - Loading from file system: file:/C:/Users/Juan/Desktop/APOOOO/NuclearThroneAtomic/src/nuclearthroneatomic/target/classes/assets/textures/Bullet/2.png
11:00:36.762 [JavaFX Application Thread] DEBUG FXGLAssetLoaderServi - Loading from file system: file:/C:/Users/Juan/Desktop/APOOOO/NuclearThroneAtomic/src/nuclearthroneatomic/target/classes/assets/textures/Bullet/1.png
11:00:38.812 [JavaFX Application Thread] DEBUG PrimaryStageWindow   - Push state: DialogSubScene
11:00:38.812 [JavaFX Application Thread] DEBUG Input                - Clearing active input actions
11:00:38.813 [JavaFX Application Thread] DEBUG GameApplicationServi - Removing overlay from GameScene and adding to DialogSubScene
11:00:38.813 [JavaFX Application Thread] DEBUG PrimaryStageWindow   - GameScene -> DialogSubScene
11:00:47.470 [JavaFX Application Thread] DEBUG PrimaryStageWindow   - Pop state: DialogSubScene
11:00:47.470 [JavaFX Application Thread] DEBUG Input                - Clearing active input actions
11:00:47.471 [JavaFX Application Thread] DEBUG GameApplicationServi - Removing overlay from DialogSubScene and adding to GameScene
11:00:47.472 [JavaFX Application Thread] DEBUG PrimaryStageWindow   - GameScene <- DialogSubScene
11:00:49.712 [JavaFX Application Thread] DEBUG PrimaryStageWindow   - Push state: DialogSubScene
11:00:49.712 [JavaFX Application Thread] DEBUG Input                - Clearing active input actions
11:00:49.713 [JavaFX Application Thread] DEBUG GameApplicationServi - Removing overlay from GameScene and adding to DialogSubScene
11:00:49.713 [JavaFX Application Thread] DEBUG PrimaryStageWindow   - GameScene -> DialogSubScene
11:00:54.413 [JavaFX Application Thread] DEBUG PrimaryStageWindow   - Pop state: DialogSubScene
11:00:54.413 [JavaFX Application Thread] DEBUG Input                - Clearing active input actions
11:00:54.413 [JavaFX Application Thread] DEBUG GameApplicationServi - Removing overlay from DialogSubScene and adding to GameScene
11:00:54.415 [JavaFX Application Thread] DEBUG PrimaryStageWindow   - GameScene <- DialogSubScene
11:00:54.415 [JavaFX Application Thread] DEBUG FXGLApplication      - Exiting FXGL
11:00:54.415 [JavaFX Application Thread] DEBUG LoopRunner           - Stopping loop
11:00:54.415 [JavaFX Application Thread] DEBUG SystemBundleService  - Saving FXGL system data
11:00:54.416 [JavaFX Application Thread] DEBUG FileSystemAccess     - Writing to: C:\Users\Juan\Desktop\APOOOO\NuclearThroneAtomic\src\nuclearthroneatomic\system\fxgl.bundle
11:00:54.419 [JavaFX Application Thread] DEBUG Async                - Shutting down background threads
11:00:54.420 [JavaFX Application Thread] DEBUG PrimaryStageWindow   - Closing main window
11:00:54.821 [JavaFX Application Thread] DEBUG Logger               - Closing Logger
