21:56:26.129 [main                     ] DEBUG Logger               - Configured Logger
21:56:26.164 [main                     ] DEBUG GameApplication      - Logging settings
Title: Nuclear Throne Atomic
Version: 0.0
Width: 800
Height: 600
Fullscreen: true
Intro: false
Profiling: false
Single step:false
App Mode: DEVELOPER
Menu Key: ESCAPE
Stage Style: DECORATED
Scene Factory: class com.almasb.fxgl.app.scene.SceneFactory

21:56:26.624 [JavaFX Application Thread] DEBUG FXGLApplication      - Initializing FXGL
21:56:26.633 [JavaFX Application Thread] INFO  Engine               - FXGL-17.2 (20.08.2022 16.50) on WINDOWS (J:18.0.2 FX:18.0.2)
21:56:26.634 [JavaFX Application Thread] DEBUG Engine               - JRE Vendor Name: Amazon.com Inc.
21:56:26.634 [JavaFX Application Thread] DEBUG Engine               - Running on OS: Windows 10 version 10.0
21:56:26.634 [JavaFX Application Thread] DEBUG Engine               - Architecture: amd64
21:56:26.634 [JavaFX Application Thread] INFO  Engine               - Source code and latest versions at: https://github.com/AlmasB/FXGL
21:56:26.634 [JavaFX Application Thread] INFO  Engine               -       Ask questions and discuss at: https://github.com/AlmasB/FXGL/discussions
21:56:26.634 [JavaFX Application Thread] INFO  Engine               -              Join the FXGL chat at: https://gitter.im/AlmasB/FXGL
21:56:26.751 [JavaFX Application Thread] DEBUG PrimaryStageWindow   - Creating a JavaFX scene
21:56:26.814 [JavaFX Application Thread] DEBUG PrimaryStageWindow   - Target settings size: 800.0 x 600.0
21:56:26.814 [JavaFX Application Thread] DEBUG PrimaryStageWindow   - Scaled scene size:    800.0 x 600.0
21:56:26.814 [JavaFX Application Thread] DEBUG PrimaryStageWindow   - Scaled ratio: (1.0, 1.0)
21:56:26.816 [JavaFX Application Thread] DEBUG PrimaryStageWindow   - Set initial scene to FXGLStartupScene
21:56:26.824 [JavaFX Application Thread] DEBUG PrimaryStageWindow   - Opening main window
21:56:26.917 [JavaFX Application Thread] DEBUG PrimaryStageWindow   - Window border size: (16.0, 39.0)
21:56:26.918 [JavaFX Application Thread] DEBUG PrimaryStageWindow   - Scaled size: 800.0 x 600.0
21:56:26.918 [JavaFX Application Thread] DEBUG PrimaryStageWindow   - Scaled ratio: (1.0, 1.0)
21:56:26.919 [JavaFX Application Thread] DEBUG PrimaryStageWindow   - Scene size: 800.0 x 600.0
21:56:26.919 [JavaFX Application Thread] DEBUG PrimaryStageWindow   - Stage size: 816.0 x 639.0
21:56:26.930 [FXGL Background Thread 1 ] DEBUG Engine               - Initializing environment variables
21:56:27.009 [FXGL Background Thread 1 ] DEBUG FXGLAssetLoaderServi - User app class for loading assets: class com.example.nuclearthroneatomic.Controller
21:56:27.009 [FXGL Background Thread 1 ] DEBUG GameApplicationServi - Applying CSS: fxgl_dark.css
21:56:27.011 [FXGL Background Thread 1 ] DEBUG FXGLAssetLoaderServi - Loading from file system: jar:file:///C:/Users/Juan/.m2/repository/com/github/almasb/fxgl/17.2/fxgl-17.2.jar!/fxglassets/ui/css/fxgl_dark.css
21:56:27.084 [FXGL Background Thread 1 ] DEBUG GameApplicationServi - Initializing application scenes
21:56:27.182 [FXGL Background Thread 1 ] DEBUG GameWorld            - Game world initialized
21:56:27.258 [FXGL Background Thread 1 ] DEBUG PhysicsWorld         - Physics world initialized: appHeight=600, physics.ppm=50,0
21:56:27.259 [FXGL Background Thread 1 ] DEBUG PhysicsWorld         - Using strategy: BRUTE_FORCE
21:56:27.266 [FXGL Background Thread 1 ] DEBUG GameScene            - Game scene initialized: 800x600
21:56:27.284 [FXGL Background Thread 1 ] DEBUG FXGL.DefaultMenu     - createMenuBodyMainMenu()
21:56:27.320 [FXGL Background Thread 1 ] DEBUG FXGL.DefaultMenu     - createOptionsMenu()
21:56:27.339 [FXGL Background Thread 1 ] DEBUG FXGLAssetLoaderServi - Loading from file system: jar:file:///C:/Users/Juan/.m2/repository/com/github/almasb/fxgl/17.2/fxgl-17.2.jar!/fxglassets/textures/particles/smoke.png
21:56:27.470 [FXGL Background Thread 1 ] DEBUG FXGLAssetLoaderServi - Loading from file system: jar:file:///C:/Users/Juan/.m2/repository/com/github/almasb/fxgl/17.2/fxgl-17.2.jar!/fxglassets/textures/particles/trace_horizontal.png
21:56:27.518 [FXGL Background Thread 1 ] DEBUG FXGL.DefaultMenu     - createMenuBodyGameMenu()
21:56:27.519 [FXGL Background Thread 1 ] DEBUG FXGL.DefaultMenu     - createOptionsMenu()
21:56:27.552 [FXGL Background Thread 1 ] DEBUG GameApplicationServi - Application scenes initialized
21:56:27.571 [FXGL Background Thread 1 ] DEBUG SystemBundleService  - Loading FXGL system data
21:56:27.666 [FXGL Background Thread 1 ] DEBUG FileSystemAccess     - Reading from: C:\Users\Juan\Desktop\Apo Integradora 3\NuclearThroneAtomic\src\nuclearthroneatomic\system\fxgl.bundle
21:56:27.719 [FXGL Background Thread 1 ] DEBUG SystemBundleService  - Bundle FXGL: {}
21:56:27.720 [FXGL Background Thread 1 ] DEBUG UpdaterService       - Checking for updates
21:56:27.725 [FXGL Background Thread 4 ] DEBUG FXGLApplication      - Loading fonts
21:56:27.725 [FXGL Background Thread 1 ] DEBUG FXGLApplication      - Loading default localization
21:56:27.725 [FXGL Background Thread 4 ] DEBUG FXGLAssetLoaderServi - Loading from file system: jar:file:///C:/Users/Juan/.m2/repository/com/github/almasb/fxgl/17.2/fxgl-17.2.jar!/fxglassets/ui/fonts/VarelaRound-Regular.ttf
21:56:27.726 [FXGL Background Thread 1 ] DEBUG FXGLAssetLoaderServi - Loading from file system: jar:file:///C:/Users/Juan/.m2/repository/com/github/almasb/fxgl/17.2/fxgl-17.2.jar!/fxglassets/languages/english.lang
21:56:27.754 [FXGL Background Thread 1 ] INFO  FXGLApplication      - FXGL initialization took: 0,823 sec
21:56:27.765 [JavaFX Application Thread] DEBUG Input                - Registered new binding: lucky - Q
21:56:27.766 [JavaFX Application Thread] DEBUG Input                - Registered new binding: health - F
21:56:27.766 [JavaFX Application Thread] DEBUG Input                - Registered new binding: Right - D
21:56:27.766 [JavaFX Application Thread] DEBUG Input                - Registered new binding: Left - A
21:56:27.766 [JavaFX Application Thread] DEBUG Input                - Registered new binding: Up - W
21:56:27.766 [JavaFX Application Thread] DEBUG Input                - Registered new binding: Down - S
21:56:27.769 [JavaFX Application Thread] DEBUG Input                - Registered new binding: Reload - RMB
21:56:27.770 [JavaFX Application Thread] DEBUG Input                - Registered new binding: Shoot - LMB
21:56:27.773 [JavaFX Application Thread] DEBUG FXGLAssetLoaderServi - Loading from file system: jar:file:///C:/Users/Juan/.m2/repository/com/github/almasb/fxgl/17.2/fxgl-17.2.jar!/fxglassets/textures/fxgl_icon.png
21:56:27.791 [JavaFX Application Thread] DEBUG FXGLAssetLoaderServi - Loading from file system: jar:file:///C:/Users/Juan/.m2/repository/com/github/almasb/fxgl/17.2/fxgl-17.2.jar!/fxglassets/textures/fxgl_default_cursor.png
21:56:27.796 [JavaFX Application Thread] DEBUG Input                - Registered new binding: Screenshot - CTRL+8
21:56:27.797 [JavaFX Application Thread] DEBUG Input                - Registered new binding: System info dump - CTRL+9
21:56:27.797 [JavaFX Application Thread] DEBUG Input                - Registered new binding: Restart - CTRL+R
21:56:27.798 [JavaFX Application Thread] DEBUG Input                - Registered new binding: Toggle Debug Camera - CTRL+7
21:56:27.800 [JavaFX Application Thread] DEBUG LoopRunner           - Starting loop
21:56:27.800 [JavaFX Application Thread] DEBUG LoopRunner           - Initializing JavaFX AnimationTimerLoop
21:56:27.803 [JavaFX Application Thread] DEBUG Input                - Clearing active input actions
21:56:27.811 [JavaFX Application Thread] DEBUG GameApplicationServi - Removing overlay from FXGLStartupScene and adding to FXGLMainMenuDummyScene
21:56:27.818 [JavaFX Application Thread] DEBUG PrimaryStageWindow   - FXGLStartupScene -> FXGLMainMenuDummyScene
21:56:27.818 [JavaFX Application Thread] DEBUG PrimaryStageWindow   - Push state: FXGLDefaultMenu
21:56:27.823 [JavaFX Application Thread] DEBUG Input                - Clearing active input actions
21:56:27.831 [JavaFX Application Thread] DEBUG GameApplicationServi - Removing overlay from FXGLMainMenuDummyScene and adding to FXGLDefaultMenu
21:56:27.832 [JavaFX Application Thread] DEBUG PrimaryStageWindow   - FXGLMainMenuDummyScene -> FXGLDefaultMenu
21:56:28.143 [FXGL Background Thread 4 ] DEBUG FXGLAssetLoaderServi - Loading from file system: jar:file:///C:/Users/Juan/.m2/repository/com/github/almasb/fxgl/17.2/fxgl-17.2.jar!/fxglassets/ui/fonts/Abel-Regular.ttf
21:56:28.166 [FXGL Background Thread 4 ] DEBUG FXGLAssetLoaderServi - Loading from file system: jar:file:///C:/Users/Juan/.m2/repository/com/github/almasb/fxgl/17.2/fxgl-17.2.jar!/fxglassets/ui/fonts/TerminalLandMono-Regular.otf
21:56:28.252 [FXGL Background Thread 4 ] DEBUG FXGLAssetLoaderServi - Loading from file system: jar:file:///C:/Users/Juan/.m2/repository/com/github/almasb/fxgl/17.2/fxgl-17.2.jar!/fxglassets/ui/fonts/Courier-Prime.ttf
21:56:28.518 [JavaFX Application Thread] DEBUG FXGLApplication      - Registering font factories with UI factory
21:56:30.724 [FXGL Background Thread 3 ] DEBUG Engine               - Logging environment variables
21:56:30.725 [FXGL Background Thread 3 ] DEBUG Engine               - achievements: []
21:56:30.726 [FXGL Background Thread 3 ] DEBUG Engine               - actualHeight: 600.0
21:56:30.728 [FXGL Background Thread 3 ] DEBUG Engine               - actualHeightProperty: ReadOnlyDoubleProperty [value: 600.0]
21:56:30.730 [FXGL Background Thread 3 ] DEBUG Engine               - actualWidth: 800.0
21:56:30.730 [FXGL Background Thread 3 ] DEBUG Engine               - actualWidthProperty: ReadOnlyDoubleProperty [value: 800.0]
21:56:30.730 [FXGL Background Thread 3 ] DEBUG Engine               - appIcon: fxgl_icon.png
21:56:30.731 [FXGL Background Thread 3 ] DEBUG Engine               - applicationMode: DEVELOPER
21:56:30.733 [FXGL Background Thread 3 ] DEBUG Engine               - cSSList: [fxgl_dark.css]
21:56:30.734 [FXGL Background Thread 3 ] DEBUG Engine               - collisionDetectionStrategy: BRUTE_FORCE
21:56:30.734 [FXGL Background Thread 3 ] DEBUG Engine               - configClass: Optional.empty
21:56:30.735 [FXGL Background Thread 3 ] DEBUG Engine               - credits: []
21:56:30.737 [FXGL Background Thread 3 ] DEBUG Engine               - defaultCursor: CursorInfo(imageName=fxgl_default_cursor.png, hotspotX=7.0, hotspotY=6.0)
21:56:30.738 [FXGL Background Thread 3 ] DEBUG Engine               - devBBoxColorProperty: ObjectProperty [value: 0xff0000ff]
21:56:30.738 [FXGL Background Thread 3 ] DEBUG Engine               - devEnableDebugCameraProperty: BooleanProperty [value: false]
21:56:30.738 [FXGL Background Thread 3 ] DEBUG Engine               - devSensorColorProperty: ObjectProperty [value: 0xffff00ff]
21:56:30.738 [FXGL Background Thread 3 ] DEBUG Engine               - devShowBBoxProperty: BooleanProperty [value: false]
21:56:30.738 [FXGL Background Thread 3 ] DEBUG Engine               - devShowPositionProperty: BooleanProperty [value: false]
21:56:30.740 [FXGL Background Thread 3 ] DEBUG Engine               - enabledMenuItems: []
21:56:30.741 [FXGL Background Thread 3 ] DEBUG Engine               - engineServices: [class com.almasb.fxgl.app.services.FXGLAssetLoaderService, class com.almasb.fxgl.app.FXGLApplication$GameApplicationService, class com.almasb.fxgl.app.services.FXGLDialogService, class com.almasb.fxgl.app.services.IOTaskExecutorService, class com.almasb.fxgl.io.FileSystemService, class com.almasb.fxgl.localization.LocalizationService, class com.almasb.fxgl.app.services.SystemBundleService, class com.almasb.fxgl.profile.SaveLoadService, class com.almasb.fxgl.ui.FXGLUIFactoryServiceProvider, class com.almasb.fxgl.ui.FXGLDialogFactoryServiceProvider, class com.almasb.fxgl.audio.AudioPlayer, class com.almasb.fxgl.notification.impl.NotificationServiceProvider, class com.almasb.fxgl.achievement.AchievementService, class com.almasb.fxgl.cutscene.CutsceneService, class com.almasb.fxgl.minigames.MiniGameService, class com.almasb.fxgl.net.NetService, class com.almasb.fxgl.app.services.UpdaterService, class com.almasb.fxgl.dev.DevService]
21:56:30.741 [FXGL Background Thread 3 ] DEBUG Engine               - fontGame: Abel-Regular.ttf
21:56:30.741 [FXGL Background Thread 3 ] DEBUG Engine               - fontMono: TerminalLandMono-Regular.otf
21:56:30.741 [FXGL Background Thread 3 ] DEBUG Engine               - fontText: Courier-Prime.ttf
21:56:30.742 [FXGL Background Thread 3 ] DEBUG Engine               - fontUI: VarelaRound-Regular.ttf
21:56:30.743 [FXGL Background Thread 3 ] DEBUG Engine               - fullScreen: BooleanProperty [value: false]
21:56:30.743 [FXGL Background Thread 3 ] DEBUG Engine               - gameDifficulty: MEDIUM
21:56:30.743 [FXGL Background Thread 3 ] DEBUG Engine               - gameDifficultyProperty: ObjectProperty [value: MEDIUM]
21:56:30.743 [FXGL Background Thread 3 ] DEBUG Engine               - globalMusicVolume: 0.5
21:56:30.743 [FXGL Background Thread 3 ] DEBUG Engine               - globalMusicVolumeProperty: DoubleProperty [value: 0.5]
21:56:30.743 [FXGL Background Thread 3 ] DEBUG Engine               - globalSoundVolume: 0.5
21:56:30.743 [FXGL Background Thread 3 ] DEBUG Engine               - globalSoundVolumeProperty: DoubleProperty [value: 0.5]
21:56:30.743 [FXGL Background Thread 3 ] DEBUG Engine               - height: 600
21:56:30.743 [FXGL Background Thread 3 ] DEBUG Engine               - is3D: false
21:56:30.743 [FXGL Background Thread 3 ] DEBUG Engine               - isAndroid: false
21:56:30.743 [FXGL Background Thread 3 ] DEBUG Engine               - isBrowser: false
21:56:30.743 [FXGL Background Thread 3 ] DEBUG Engine               - isClickFeedbackEnabled: false
21:56:30.743 [FXGL Background Thread 3 ] DEBUG Engine               - isCloseConfirmation: false
21:56:30.744 [FXGL Background Thread 3 ] DEBUG Engine               - isDesktop: true
21:56:30.744 [FXGL Background Thread 3 ] DEBUG Engine               - isDeveloperMenuEnabled: false
21:56:30.744 [FXGL Background Thread 3 ] DEBUG Engine               - isEmbedded: false
21:56:30.744 [FXGL Background Thread 3 ] DEBUG Engine               - isEntityPreloadEnabled: true
21:56:30.744 [FXGL Background Thread 3 ] DEBUG Engine               - isExperimentalTiledLargeMap: false
21:56:30.744 [FXGL Background Thread 3 ] DEBUG Engine               - isFileSystemWriteAllowed: true
21:56:30.744 [FXGL Background Thread 3 ] DEBUG Engine               - isFullScreenAllowed: true
21:56:30.744 [FXGL Background Thread 3 ] DEBUG Engine               - isFullScreenFromStart: false
21:56:30.744 [FXGL Background Thread 3 ] DEBUG Engine               - isGameMenuEnabled: true
21:56:30.744 [FXGL Background Thread 3 ] DEBUG Engine               - isIOS: false
21:56:30.744 [FXGL Background Thread 3 ] DEBUG Engine               - isIntroEnabled: false
21:56:30.744 [FXGL Background Thread 3 ] DEBUG Engine               - isLinux: false
21:56:30.744 [FXGL Background Thread 3 ] DEBUG Engine               - isMac: false
21:56:30.744 [FXGL Background Thread 3 ] DEBUG Engine               - isMainMenuEnabled: true
21:56:30.745 [FXGL Background Thread 3 ] DEBUG Engine               - isManualResizeEnabled: false
21:56:30.745 [FXGL Background Thread 3 ] DEBUG Engine               - isMobile: false
21:56:30.745 [FXGL Background Thread 3 ] DEBUG Engine               - isNative: false
21:56:30.745 [FXGL Background Thread 3 ] DEBUG Engine               - isPauseMusicWhenMinimized: true
21:56:30.745 [FXGL Background Thread 3 ] DEBUG Engine               - isPreserveResizeRatio: false
21:56:30.745 [FXGL Background Thread 3 ] DEBUG Engine               - isProfilingEnabled: false
21:56:30.745 [FXGL Background Thread 3 ] DEBUG Engine               - isScaleAffectedOnResize: true
21:56:30.745 [FXGL Background Thread 3 ] DEBUG Engine               - isSingleStep: false
21:56:30.745 [FXGL Background Thread 3 ] DEBUG Engine               - isUserProfileEnabled: false
21:56:30.745 [FXGL Background Thread 3 ] DEBUG Engine               - isWindows: true
21:56:30.745 [FXGL Background Thread 3 ] DEBUG Engine               - language: ObjectProperty [value: ENGLISH]
21:56:30.745 [FXGL Background Thread 3 ] DEBUG Engine               - menuKey: ESCAPE
21:56:30.745 [FXGL Background Thread 3 ] DEBUG Engine               - mouseSensitivity: 0.2
21:56:30.745 [FXGL Background Thread 3 ] DEBUG Engine               - notificationViewClass: class com.almasb.fxgl.notification.view.XboxNotificationView
21:56:30.745 [FXGL Background Thread 3 ] DEBUG Engine               - pixelsPerMeter: 50.0
21:56:30.745 [FXGL Background Thread 3 ] DEBUG Engine               - platform: WINDOWS
21:56:30.746 [FXGL Background Thread 3 ] DEBUG Engine               - prefHeightProperty: ReadOnlyDoubleProperty [value: 600.0]
21:56:30.746 [FXGL Background Thread 3 ] DEBUG Engine               - prefWidthProperty: ReadOnlyDoubleProperty [value: 800.0]
21:56:30.746 [FXGL Background Thread 3 ] DEBUG Engine               - profileDir: profiles/
21:56:30.746 [FXGL Background Thread 3 ] DEBUG Engine               - profileName: StringProperty [value: DEFAULT]
21:56:30.746 [FXGL Background Thread 3 ] DEBUG Engine               - randomSeed: -1
21:56:30.747 [FXGL Background Thread 3 ] DEBUG Engine               - runtimeInfo: RuntimeInfo(platform=WINDOWS, version=17.2, build=20.08.2022 16.50)
21:56:30.748 [FXGL Background Thread 3 ] DEBUG Engine               - saveFileExt: sav
21:56:30.748 [FXGL Background Thread 3 ] DEBUG Engine               - scaledHeightProp$fxgl: DoubleProperty [bound, value: 600.0]
21:56:30.748 [FXGL Background Thread 3 ] DEBUG Engine               - scaledWidthProp$fxgl: DoubleProperty [bound, value: 800.0]
21:56:30.748 [FXGL Background Thread 3 ] DEBUG Engine               - sceneFactory: com.almasb.fxgl.app.scene.SceneFactory@70eb9cbd
21:56:30.748 [FXGL Background Thread 3 ] DEBUG Engine               - secondsIn24h: 60
21:56:30.748 [FXGL Background Thread 3 ] DEBUG Engine               - soundMenuBack: menu/back.wav
21:56:30.748 [FXGL Background Thread 3 ] DEBUG Engine               - soundMenuPress: menu/press.wav
21:56:30.749 [FXGL Background Thread 3 ] DEBUG Engine               - soundMenuSelect: menu/select.wav
21:56:30.749 [FXGL Background Thread 3 ] DEBUG Engine               - soundNotification: core/notification.wav
21:56:30.749 [FXGL Background Thread 3 ] DEBUG Engine               - stageStyle: DECORATED
21:56:30.749 [FXGL Background Thread 3 ] DEBUG Engine               - supportedLanguages: [ENGLISH, FRENCH, GERMAN, HUNGARIAN, RUSSIAN]
21:56:30.749 [FXGL Background Thread 3 ] DEBUG Engine               - ticksPerSecond: -1
21:56:30.749 [FXGL Background Thread 3 ] DEBUG Engine               - title: Nuclear Throne Atomic
21:56:30.749 [FXGL Background Thread 3 ] DEBUG Engine               - urlGithub: https://github.com/AlmasB/FXGL
21:56:30.749 [FXGL Background Thread 3 ] DEBUG Engine               - urlLeaderboard: http://fxgl-top.herokuapp.com/
21:56:30.749 [FXGL Background Thread 3 ] DEBUG Engine               - urlPOM: https://raw.githubusercontent.com/AlmasB/FXGL/release/README.md
21:56:30.749 [FXGL Background Thread 3 ] DEBUG Engine               - userAppClass: class com.example.nuclearthroneatomic.Controller
21:56:30.749 [FXGL Background Thread 3 ] DEBUG Engine               - version: 0.0
21:56:30.749 [FXGL Background Thread 3 ] DEBUG Engine               - versionCheckDays: 7
21:56:30.749 [FXGL Background Thread 3 ] DEBUG Engine               - width: 800
21:56:30.749 [FXGL Background Thread 3 ] DEBUG Engine               - Logging services
21:56:30.750 [FXGL Background Thread 3 ] DEBUG Engine               - class com.almasb.fxgl.app.services.FXGLAssetLoaderService
21:56:30.750 [FXGL Background Thread 3 ] DEBUG Engine               - class com.almasb.fxgl.app.FXGLApplication$GameApplicationService
21:56:30.750 [FXGL Background Thread 3 ] DEBUG Engine               - class com.almasb.fxgl.app.services.FXGLDialogService
21:56:30.750 [FXGL Background Thread 3 ] DEBUG Engine               - class com.almasb.fxgl.app.services.IOTaskExecutorService
21:56:30.750 [FXGL Background Thread 3 ] DEBUG Engine               - class com.almasb.fxgl.io.FileSystemService
21:56:30.750 [FXGL Background Thread 3 ] DEBUG Engine               - class com.almasb.fxgl.localization.LocalizationService
21:56:30.750 [FXGL Background Thread 3 ] DEBUG Engine               - class com.almasb.fxgl.app.services.SystemBundleService
21:56:30.750 [FXGL Background Thread 3 ] DEBUG Engine               - class com.almasb.fxgl.profile.SaveLoadService
21:56:30.750 [FXGL Background Thread 3 ] DEBUG Engine               - class com.almasb.fxgl.ui.FXGLUIFactoryServiceProvider
21:56:30.750 [FXGL Background Thread 3 ] DEBUG Engine               - class com.almasb.fxgl.ui.FXGLDialogFactoryServiceProvider
21:56:30.750 [FXGL Background Thread 3 ] DEBUG Engine               - class com.almasb.fxgl.audio.AudioPlayer
21:56:30.750 [FXGL Background Thread 3 ] DEBUG Engine               - class com.almasb.fxgl.notification.impl.NotificationServiceProvider
21:56:30.750 [FXGL Background Thread 3 ] DEBUG Engine               - class com.almasb.fxgl.achievement.AchievementService
21:56:30.750 [FXGL Background Thread 3 ] DEBUG Engine               - class com.almasb.fxgl.cutscene.CutsceneService
21:56:30.750 [FXGL Background Thread 3 ] DEBUG Engine               - class com.almasb.fxgl.minigames.MiniGameService
21:56:30.750 [FXGL Background Thread 3 ] DEBUG Engine               - class com.almasb.fxgl.net.NetService
21:56:30.751 [FXGL Background Thread 3 ] DEBUG Engine               - class com.almasb.fxgl.app.services.UpdaterService
21:56:30.751 [FXGL Background Thread 3 ] DEBUG Engine               - class com.almasb.fxgl.dev.DevService
21:56:30.761 [JavaFX Application Thread] DEBUG Menu                 - fireNewGame()
21:56:30.761 [JavaFX Application Thread] DEBUG GameApplicationServi - Starting new game
21:56:30.763 [JavaFX Application Thread] DEBUG PrimaryStageWindow   - Pop state: FXGLDefaultMenu
21:56:30.764 [JavaFX Application Thread] DEBUG Input                - Clearing active input actions
21:56:30.765 [JavaFX Application Thread] DEBUG GameApplicationServi - Removing overlay from FXGLDefaultMenu and adding to FXGLMainMenuDummyScene
21:56:30.765 [JavaFX Application Thread] DEBUG PrimaryStageWindow   - FXGLMainMenuDummyScene <- FXGLDefaultMenu
21:56:30.766 [JavaFX Application Thread] DEBUG Input                - Clearing active input actions
21:56:30.782 [JavaFX Application Thread] DEBUG GameApplicationServi - Removing overlay from FXGLMainMenuDummyScene and adding to FXGLLoadingScene
21:56:30.782 [JavaFX Application Thread] DEBUG PrimaryStageWindow   - FXGLMainMenuDummyScene -> FXGLLoadingScene
21:56:30.782 [JavaFX Application Thread] DEBUG GameApplicationServi - Clearing previous game
21:56:30.782 [JavaFX Application Thread] DEBUG GameScene            - Clearing game scene
21:56:30.782 [JavaFX Application Thread] DEBUG GameWorld            - Clearing game world
21:56:30.782 [JavaFX Application Thread] DEBUG PhysicsWorld         - Clearing physics world
21:56:30.785 [FXGL Background Thread 4 ] DEBUG FXGLApplication      - Initializing game
21:56:30.807 [FXGL Background Thread 4 ] DEBUG FXGLAssetLoaderServi - Loading from file system: file:/C:/Users/Juan/Desktop/Apo%20Integradora%203/NuclearThroneAtomic/src/nuclearthroneatomic/target/classes/assets/textures/Avatar/1-Idle/1.png
21:56:30.833 [FXGL Background Thread 4 ] DEBUG FXGLAssetLoaderServi - Loading from file system: file:/C:/Users/Juan/Desktop/Apo%20Integradora%203/NuclearThroneAtomic/src/nuclearthroneatomic/target/classes/assets/textures/Avatar/1-Idle/2.png
21:56:30.843 [FXGL Background Thread 4 ] DEBUG FXGLAssetLoaderServi - Loading from file system: file:/C:/Users/Juan/Desktop/Apo%20Integradora%203/NuclearThroneAtomic/src/nuclearthroneatomic/target/classes/assets/textures/Avatar/1-Idle/3.png
21:56:30.848 [FXGL Background Thread 4 ] DEBUG FXGLAssetLoaderServi - Loading from file system: file:/C:/Users/Juan/Desktop/Apo%20Integradora%203/NuclearThroneAtomic/src/nuclearthroneatomic/target/classes/assets/textures/Avatar/1-Idle/4.png
21:56:30.889 [FXGL Background Thread 4 ] DEBUG FXGLAssetLoaderServi - Loading from file system: file:/C:/Users/Juan/Desktop/Apo%20Integradora%203/NuclearThroneAtomic/src/nuclearthroneatomic/target/classes/assets/textures/Avatar/2-Run/1.png
21:56:30.898 [FXGL Background Thread 4 ] DEBUG FXGLAssetLoaderServi - Loading from file system: file:/C:/Users/Juan/Desktop/Apo%20Integradora%203/NuclearThroneAtomic/src/nuclearthroneatomic/target/classes/assets/textures/Avatar/2-Run/2.png
21:56:30.902 [FXGL Background Thread 4 ] DEBUG FXGLAssetLoaderServi - Loading from file system: file:/C:/Users/Juan/Desktop/Apo%20Integradora%203/NuclearThroneAtomic/src/nuclearthroneatomic/target/classes/assets/textures/Avatar/2-Run/3.png
21:56:30.906 [FXGL Background Thread 4 ] DEBUG FXGLAssetLoaderServi - Loading from file system: file:/C:/Users/Juan/Desktop/Apo%20Integradora%203/NuclearThroneAtomic/src/nuclearthroneatomic/target/classes/assets/textures/Avatar/2-Run/4.png
21:56:30.912 [FXGL Background Thread 4 ] DEBUG FXGLAssetLoaderServi - Loading from file system: file:/C:/Users/Juan/Desktop/Apo%20Integradora%203/NuclearThroneAtomic/src/nuclearthroneatomic/target/classes/assets/textures/Avatar/2-Run/5.png
21:56:30.914 [FXGL Background Thread 4 ] DEBUG FXGLAssetLoaderServi - Loading from file system: file:/C:/Users/Juan/Desktop/Apo%20Integradora%203/NuclearThroneAtomic/src/nuclearthroneatomic/target/classes/assets/textures/Avatar/2-Run/6.png
21:56:30.921 [FXGL Background Thread 4 ] DEBUG FXGLAssetLoaderServi - Loading from file system: file:/C:/Users/Juan/Desktop/Apo%20Integradora%203/NuclearThroneAtomic/src/nuclearthroneatomic/target/classes/assets/textures/Munition/1.png
21:56:30.996 [FXGL Background Thread 4 ] DEBUG FXGLAssetLoaderServi - Loading from file system: file:/C:/Users/Juan/Desktop/Apo%20Integradora%203/NuclearThroneAtomic/src/nuclearthroneatomic/target/classes/assets/textures/hud/lifeplayer.png
21:56:31.005 [FXGL Background Thread 4 ] DEBUG FXGLAssetLoaderServi - Loading from file system: file:/C:/Users/Juan/Desktop/Apo%20Integradora%203/NuclearThroneAtomic/src/nuclearthroneatomic/target/classes/assets/textures/hud/medkit.png
21:56:31.014 [FXGL Background Thread 4 ] DEBUG FXGLAssetLoaderServi - Loading from file system: file:/C:/Users/Juan/Desktop/Apo%20Integradora%203/NuclearThroneAtomic/src/nuclearthroneatomic/target/classes/assets/textures/hud/trebol.png
21:56:31.021 [FXGL Background Thread 4 ] DEBUG FXGLAssetLoaderServi - Loading from file system: file:/C:/Users/Juan/Desktop/Apo%20Integradora%203/NuclearThroneAtomic/src/nuclearthroneatomic/target/classes/assets/textures/Guns/1.png
21:56:31.029 [FXGL Background Thread 4 ] DEBUG FXGLAssetLoaderServi - Loading from file system: file:/C:/Users/Juan/Desktop/Apo%20Integradora%203/NuclearThroneAtomic/src/nuclearthroneatomic/target/classes/assets/textures/enemy/1-Idle/1.png
21:56:31.037 [FXGL Background Thread 4 ] DEBUG FXGLAssetLoaderServi - Loading from file system: file:/C:/Users/Juan/Desktop/Apo%20Integradora%203/NuclearThroneAtomic/src/nuclearthroneatomic/target/classes/assets/textures/enemy/1-Idle/2.png
21:56:31.048 [FXGL Background Thread 4 ] DEBUG FXGLAssetLoaderServi - Loading from file system: file:/C:/Users/Juan/Desktop/Apo%20Integradora%203/NuclearThroneAtomic/src/nuclearthroneatomic/target/classes/assets/textures/enemy/1-Idle/3.png
21:56:31.051 [FXGL Background Thread 4 ] DEBUG FXGLAssetLoaderServi - Loading from file system: file:/C:/Users/Juan/Desktop/Apo%20Integradora%203/NuclearThroneAtomic/src/nuclearthroneatomic/target/classes/assets/textures/enemy/1-Idle/4.png
21:56:31.060 [FXGL Background Thread 4 ] DEBUG FXGLAssetLoaderServi - Loading from file system: file:/C:/Users/Juan/Desktop/Apo%20Integradora%203/NuclearThroneAtomic/src/nuclearthroneatomic/target/classes/assets/textures/enemy/2-Run/1.png
21:56:31.065 [FXGL Background Thread 4 ] DEBUG FXGLAssetLoaderServi - Loading from file system: file:/C:/Users/Juan/Desktop/Apo%20Integradora%203/NuclearThroneAtomic/src/nuclearthroneatomic/target/classes/assets/textures/enemy/2-Run/2.png
21:56:31.068 [FXGL Background Thread 4 ] DEBUG FXGLAssetLoaderServi - Loading from file system: file:/C:/Users/Juan/Desktop/Apo%20Integradora%203/NuclearThroneAtomic/src/nuclearthroneatomic/target/classes/assets/textures/enemy/2-Run/3.png
21:56:31.070 [FXGL Background Thread 4 ] DEBUG FXGLAssetLoaderServi - Loading from file system: file:/C:/Users/Juan/Desktop/Apo%20Integradora%203/NuclearThroneAtomic/src/nuclearthroneatomic/target/classes/assets/textures/enemy/2-Run/4.png
21:56:31.072 [FXGL Background Thread 4 ] DEBUG FXGLAssetLoaderServi - Loading from file system: file:/C:/Users/Juan/Desktop/Apo%20Integradora%203/NuclearThroneAtomic/src/nuclearthroneatomic/target/classes/assets/textures/enemy/2-Run/5.png
21:56:31.074 [FXGL Background Thread 4 ] DEBUG FXGLAssetLoaderServi - Loading from file system: file:/C:/Users/Juan/Desktop/Apo%20Integradora%203/NuclearThroneAtomic/src/nuclearthroneatomic/target/classes/assets/textures/enemy/2-Run/6.png
21:56:31.088 [FXGL Background Thread 4 ] DEBUG FXGLAssetLoaderServi - Loading from file system: file:/C:/Users/Juan/Desktop/Apo%20Integradora%203/NuclearThroneAtomic/src/nuclearthroneatomic/target/classes/assets/textures/portal/1.png
21:56:31.094 [FXGL Background Thread 4 ] DEBUG FXGLAssetLoaderServi - Loading from file system: file:/C:/Users/Juan/Desktop/Apo%20Integradora%203/NuclearThroneAtomic/src/nuclearthroneatomic/target/classes/assets/textures/portal/2.png
21:56:31.099 [FXGL Background Thread 4 ] DEBUG FXGLAssetLoaderServi - Loading from file system: file:/C:/Users/Juan/Desktop/Apo%20Integradora%203/NuclearThroneAtomic/src/nuclearthroneatomic/target/classes/assets/textures/portal/3.png
21:56:31.106 [FXGL Background Thread 4 ] DEBUG FXGLAssetLoaderServi - Loading from file system: file:/C:/Users/Juan/Desktop/Apo%20Integradora%203/NuclearThroneAtomic/src/nuclearthroneatomic/target/classes/assets/textures/portal/4.png
21:56:31.121 [FXGL Background Thread 4 ] DEBUG FXGLAssetLoaderServi - Loading from file system: file:/C:/Users/Juan/Desktop/Apo%20Integradora%203/NuclearThroneAtomic/src/nuclearthroneatomic/target/classes/assets/textures/Wall/1.png
21:56:31.342 [FXGL Background Thread 4 ] INFO  FXGLApplication      - Game initialization took: 0,555 sec
21:56:31.344 [JavaFX Application Thread] DEBUG Input                - Clearing active input actions
21:56:31.354 [JavaFX Application Thread] DEBUG GameApplicationServi - Removing overlay from FXGLLoadingScene and adding to GameScene
21:56:31.355 [JavaFX Application Thread] DEBUG PrimaryStageWindow   - FXGLLoadingScene -> GameScene
21:56:32.934 [FXGL Background Thread 2 ] INFO  UpdaterService       - Your current version:  17.2
21:56:32.934 [FXGL Background Thread 2 ] INFO  UpdaterService       - Latest stable version: 17.3
21:56:33.802 [JavaFX Application Thread] DEBUG FXGLAssetLoaderServi - Loading from file system: file:/C:/Users/Juan/Desktop/Apo%20Integradora%203/NuclearThroneAtomic/src/nuclearthroneatomic/target/classes/assets/textures/Bullet/1.png
21:56:39.072 [JavaFX Application Thread] DEBUG FXGLApplication      - Exiting FXGL
21:56:39.072 [JavaFX Application Thread] DEBUG LoopRunner           - Stopping loop
21:56:39.072 [JavaFX Application Thread] DEBUG SystemBundleService  - Saving FXGL system data
21:56:39.074 [JavaFX Application Thread] DEBUG FileSystemAccess     - Writing to: C:\Users\Juan\Desktop\Apo Integradora 3\NuclearThroneAtomic\src\nuclearthroneatomic\system\fxgl.bundle
21:56:39.077 [JavaFX Application Thread] DEBUG Async                - Shutting down background threads
21:56:39.077 [JavaFX Application Thread] DEBUG PrimaryStageWindow   - Closing main window
21:56:39.102 [JavaFX Application Thread] DEBUG Logger               - Closing Logger
