21:41:29.293 [main                     ] DEBUG Logger               - Configured Logger
21:41:29.347 [main                     ] DEBUG GameApplication      - Logging settings
Title: Nuclear Throne Atomic
Version: 0.0
Width: 800
Height: 600
Fullscreen: true
Intro: false
Profiling: false
Single step:false
App Mode: DEVELOPER
Menu Key: ESCAPE
Stage Style: DECORATED
Scene Factory: class com.almasb.fxgl.app.scene.SceneFactory

21:41:30.119 [JavaFX Application Thread] DEBUG FXGLApplication      - Initializing FXGL
21:41:30.127 [JavaFX Application Thread] INFO  Engine               - FXGL-17.2 (20.08.2022 16.50) on WINDOWS (J:18.0.2 FX:18.0.2)
21:41:30.127 [JavaFX Application Thread] DEBUG Engine               - JRE Vendor Name: Amazon.com Inc.
21:41:30.128 [JavaFX Application Thread] DEBUG Engine               - Running on OS: Windows 10 version 10.0
21:41:30.128 [JavaFX Application Thread] DEBUG Engine               - Architecture: amd64
21:41:30.128 [JavaFX Application Thread] INFO  Engine               - Source code and latest versions at: https://github.com/AlmasB/FXGL
21:41:30.128 [JavaFX Application Thread] INFO  Engine               -       Ask questions and discuss at: https://github.com/AlmasB/FXGL/discussions
21:41:30.128 [JavaFX Application Thread] INFO  Engine               -              Join the FXGL chat at: https://gitter.im/AlmasB/FXGL
21:41:30.257 [JavaFX Application Thread] DEBUG PrimaryStageWindow   - Creating a JavaFX scene
21:41:30.322 [JavaFX Application Thread] DEBUG PrimaryStageWindow   - Target settings size: 800.0 x 600.0
21:41:30.323 [JavaFX Application Thread] DEBUG PrimaryStageWindow   - Scaled scene size:    800.0 x 600.0
21:41:30.323 [JavaFX Application Thread] DEBUG PrimaryStageWindow   - Scaled ratio: (1.0, 1.0)
21:41:30.324 [JavaFX Application Thread] DEBUG PrimaryStageWindow   - Set initial scene to FXGLStartupScene
21:41:30.335 [JavaFX Application Thread] DEBUG PrimaryStageWindow   - Opening main window
21:41:30.439 [JavaFX Application Thread] DEBUG PrimaryStageWindow   - Window border size: (16.0, 39.0)
21:41:30.440 [JavaFX Application Thread] DEBUG PrimaryStageWindow   - Scaled size: 800.0 x 600.0
21:41:30.440 [JavaFX Application Thread] DEBUG PrimaryStageWindow   - Scaled ratio: (1.0, 1.0)
21:41:30.441 [JavaFX Application Thread] DEBUG PrimaryStageWindow   - Scene size: 800.0 x 600.0
21:41:30.441 [JavaFX Application Thread] DEBUG PrimaryStageWindow   - Stage size: 816.0 x 639.0
21:41:30.464 [FXGL Background Thread 1 ] DEBUG Engine               - Initializing environment variables
21:41:30.556 [FXGL Background Thread 1 ] DEBUG FXGLAssetLoaderServi - User app class for loading assets: class com.example.nuclearthroneatomic.Controller
21:41:30.557 [FXGL Background Thread 1 ] DEBUG GameApplicationServi - Applying CSS: fxgl_dark.css
21:41:30.558 [FXGL Background Thread 1 ] DEBUG FXGLAssetLoaderServi - Loading from file system: jar:file:///C:/Users/Juan/.m2/repository/com/github/almasb/fxgl/17.2/fxgl-17.2.jar!/fxglassets/ui/css/fxgl_dark.css
21:41:30.658 [FXGL Background Thread 1 ] DEBUG GameApplicationServi - Initializing application scenes
21:41:30.892 [FXGL Background Thread 1 ] DEBUG GameWorld            - Game world initialized
21:41:31.074 [FXGL Background Thread 1 ] DEBUG PhysicsWorld         - Physics world initialized: appHeight=600, physics.ppm=50,0
21:41:31.074 [FXGL Background Thread 1 ] DEBUG PhysicsWorld         - Using strategy: BRUTE_FORCE
21:41:31.080 [FXGL Background Thread 1 ] DEBUG GameScene            - Game scene initialized: 800x600
21:41:31.107 [FXGL Background Thread 1 ] DEBUG FXGL.DefaultMenu     - createMenuBodyMainMenu()
21:41:31.402 [FXGL Background Thread 1 ] DEBUG FXGL.DefaultMenu     - createOptionsMenu()
21:41:31.448 [FXGL Background Thread 1 ] DEBUG FXGLAssetLoaderServi - Loading from file system: jar:file:///C:/Users/Juan/.m2/repository/com/github/almasb/fxgl/17.2/fxgl-17.2.jar!/fxglassets/textures/particles/smoke.png
21:41:32.069 [FXGL Background Thread 1 ] DEBUG FXGLAssetLoaderServi - Loading from file system: jar:file:///C:/Users/Juan/.m2/repository/com/github/almasb/fxgl/17.2/fxgl-17.2.jar!/fxglassets/textures/particles/trace_horizontal.png
21:41:32.133 [FXGL Background Thread 1 ] DEBUG FXGL.DefaultMenu     - createMenuBodyGameMenu()
21:41:32.135 [FXGL Background Thread 1 ] DEBUG FXGL.DefaultMenu     - createOptionsMenu()
21:41:32.164 [FXGL Background Thread 1 ] DEBUG GameApplicationServi - Application scenes initialized
21:41:32.207 [FXGL Background Thread 1 ] DEBUG SystemBundleService  - Loading FXGL system data
21:41:32.218 [FXGL Background Thread 1 ] DEBUG FileSystemAccess     - Reading from: C:\Users\Juan\Desktop\Apo Integradora 3\NuclearThroneAtomic\src\nuclearthroneatomic\system\fxgl.bundle
21:41:32.421 [FXGL Background Thread 1 ] DEBUG SystemBundleService  - Bundle FXGL: {}
21:41:32.421 [FXGL Background Thread 1 ] DEBUG UpdaterService       - Checking for updates
21:41:32.427 [FXGL Background Thread 4 ] DEBUG FXGLApplication      - Loading fonts
21:41:32.429 [FXGL Background Thread 4 ] DEBUG FXGLAssetLoaderServi - Loading from file system: jar:file:///C:/Users/Juan/.m2/repository/com/github/almasb/fxgl/17.2/fxgl-17.2.jar!/fxglassets/ui/fonts/VarelaRound-Regular.ttf
21:41:32.431 [FXGL Background Thread 1 ] DEBUG FXGLApplication      - Loading default localization
21:41:32.432 [FXGL Background Thread 1 ] DEBUG FXGLAssetLoaderServi - Loading from file system: jar:file:///C:/Users/Juan/.m2/repository/com/github/almasb/fxgl/17.2/fxgl-17.2.jar!/fxglassets/languages/english.lang
21:41:32.485 [FXGL Background Thread 1 ] INFO  FXGLApplication      - FXGL initialization took: 2,021 sec
21:41:32.497 [JavaFX Application Thread] DEBUG Input                - Registered new binding: lucky - Q
21:41:32.498 [JavaFX Application Thread] DEBUG Input                - Registered new binding: health - F
21:41:32.498 [JavaFX Application Thread] DEBUG Input                - Registered new binding: Right - D
21:41:32.498 [JavaFX Application Thread] DEBUG Input                - Registered new binding: Left - A
21:41:32.498 [JavaFX Application Thread] DEBUG Input                - Registered new binding: Up - W
21:41:32.498 [JavaFX Application Thread] DEBUG Input                - Registered new binding: Down - S
21:41:32.500 [JavaFX Application Thread] DEBUG Input                - Registered new binding: Reload - RMB
21:41:32.501 [JavaFX Application Thread] DEBUG Input                - Registered new binding: Shoot - LMB
21:41:32.502 [JavaFX Application Thread] DEBUG FXGLAssetLoaderServi - Loading from file system: jar:file:///C:/Users/Juan/.m2/repository/com/github/almasb/fxgl/17.2/fxgl-17.2.jar!/fxglassets/textures/fxgl_icon.png
21:41:32.545 [JavaFX Application Thread] DEBUG FXGLAssetLoaderServi - Loading from file system: jar:file:///C:/Users/Juan/.m2/repository/com/github/almasb/fxgl/17.2/fxgl-17.2.jar!/fxglassets/textures/fxgl_default_cursor.png
21:41:32.581 [JavaFX Application Thread] DEBUG Input                - Registered new binding: Screenshot - CTRL+8
21:41:32.581 [JavaFX Application Thread] DEBUG Input                - Registered new binding: System info dump - CTRL+9
21:41:32.582 [JavaFX Application Thread] DEBUG Input                - Registered new binding: Restart - CTRL+R
21:41:32.582 [JavaFX Application Thread] DEBUG Input                - Registered new binding: Toggle Debug Camera - CTRL+7
21:41:32.584 [JavaFX Application Thread] DEBUG LoopRunner           - Starting loop
21:41:32.584 [JavaFX Application Thread] DEBUG LoopRunner           - Initializing JavaFX AnimationTimerLoop
21:41:32.594 [JavaFX Application Thread] DEBUG Input                - Clearing active input actions
21:41:32.604 [JavaFX Application Thread] DEBUG GameApplicationServi - Removing overlay from FXGLStartupScene and adding to FXGLMainMenuDummyScene
21:41:32.605 [JavaFX Application Thread] DEBUG PrimaryStageWindow   - FXGLStartupScene -> FXGLMainMenuDummyScene
21:41:32.605 [JavaFX Application Thread] DEBUG PrimaryStageWindow   - Push state: FXGLDefaultMenu
21:41:32.647 [JavaFX Application Thread] DEBUG Input                - Clearing active input actions
21:41:32.659 [JavaFX Application Thread] DEBUG GameApplicationServi - Removing overlay from FXGLMainMenuDummyScene and adding to FXGLDefaultMenu
21:41:32.660 [JavaFX Application Thread] DEBUG PrimaryStageWindow   - FXGLMainMenuDummyScene -> FXGLDefaultMenu
21:41:32.863 [FXGL Background Thread 4 ] DEBUG FXGLAssetLoaderServi - Loading from file system: jar:file:///C:/Users/Juan/.m2/repository/com/github/almasb/fxgl/17.2/fxgl-17.2.jar!/fxglassets/ui/fonts/Abel-Regular.ttf
21:41:32.902 [FXGL Background Thread 4 ] DEBUG FXGLAssetLoaderServi - Loading from file system: jar:file:///C:/Users/Juan/.m2/repository/com/github/almasb/fxgl/17.2/fxgl-17.2.jar!/fxglassets/ui/fonts/TerminalLandMono-Regular.otf
21:41:32.920 [FXGL Background Thread 4 ] DEBUG FXGLAssetLoaderServi - Loading from file system: jar:file:///C:/Users/Juan/.m2/repository/com/github/almasb/fxgl/17.2/fxgl-17.2.jar!/fxglassets/ui/fonts/Courier-Prime.ttf
21:41:33.091 [JavaFX Application Thread] DEBUG FXGLApplication      - Registering font factories with UI factory
21:41:34.888 [FXGL Background Thread 2 ] INFO  UpdaterService       - Your current version:  17.2
21:41:34.888 [FXGL Background Thread 2 ] INFO  UpdaterService       - Latest stable version: 17.3
21:41:35.431 [FXGL Background Thread 3 ] DEBUG Engine               - Logging environment variables
21:41:35.433 [FXGL Background Thread 3 ] DEBUG Engine               - achievements: []
21:41:35.434 [FXGL Background Thread 3 ] DEBUG Engine               - actualHeight: 600.0
21:41:35.434 [FXGL Background Thread 3 ] DEBUG Engine               - actualHeightProperty: ReadOnlyDoubleProperty [value: 600.0]
21:41:35.434 [FXGL Background Thread 3 ] DEBUG Engine               - actualWidth: 800.0
21:41:35.434 [FXGL Background Thread 3 ] DEBUG Engine               - actualWidthProperty: ReadOnlyDoubleProperty [value: 800.0]
21:41:35.434 [FXGL Background Thread 3 ] DEBUG Engine               - appIcon: fxgl_icon.png
21:41:35.434 [FXGL Background Thread 3 ] DEBUG Engine               - applicationMode: DEVELOPER
21:41:35.434 [FXGL Background Thread 3 ] DEBUG Engine               - cSSList: [fxgl_dark.css]
21:41:35.435 [FXGL Background Thread 3 ] DEBUG Engine               - collisionDetectionStrategy: BRUTE_FORCE
21:41:35.435 [FXGL Background Thread 3 ] DEBUG Engine               - configClass: Optional.empty
21:41:35.435 [FXGL Background Thread 3 ] DEBUG Engine               - credits: []
21:41:35.435 [FXGL Background Thread 3 ] DEBUG Engine               - defaultCursor: CursorInfo(imageName=fxgl_default_cursor.png, hotspotX=7.0, hotspotY=6.0)
21:41:35.435 [FXGL Background Thread 3 ] DEBUG Engine               - devBBoxColorProperty: ObjectProperty [value: 0xff0000ff]
21:41:35.435 [FXGL Background Thread 3 ] DEBUG Engine               - devEnableDebugCameraProperty: BooleanProperty [value: false]
21:41:35.435 [FXGL Background Thread 3 ] DEBUG Engine               - devSensorColorProperty: ObjectProperty [value: 0xffff00ff]
21:41:35.435 [FXGL Background Thread 3 ] DEBUG Engine               - devShowBBoxProperty: BooleanProperty [value: false]
21:41:35.435 [FXGL Background Thread 3 ] DEBUG Engine               - devShowPositionProperty: BooleanProperty [value: false]
21:41:35.435 [FXGL Background Thread 3 ] DEBUG Engine               - enabledMenuItems: []
21:41:35.435 [FXGL Background Thread 3 ] DEBUG Engine               - engineServices: [class com.almasb.fxgl.app.services.FXGLAssetLoaderService, class com.almasb.fxgl.app.FXGLApplication$GameApplicationService, class com.almasb.fxgl.app.services.FXGLDialogService, class com.almasb.fxgl.app.services.IOTaskExecutorService, class com.almasb.fxgl.io.FileSystemService, class com.almasb.fxgl.localization.LocalizationService, class com.almasb.fxgl.app.services.SystemBundleService, class com.almasb.fxgl.profile.SaveLoadService, class com.almasb.fxgl.ui.FXGLUIFactoryServiceProvider, class com.almasb.fxgl.ui.FXGLDialogFactoryServiceProvider, class com.almasb.fxgl.audio.AudioPlayer, class com.almasb.fxgl.notification.impl.NotificationServiceProvider, class com.almasb.fxgl.achievement.AchievementService, class com.almasb.fxgl.cutscene.CutsceneService, class com.almasb.fxgl.minigames.MiniGameService, class com.almasb.fxgl.net.NetService, class com.almasb.fxgl.app.services.UpdaterService, class com.almasb.fxgl.dev.DevService]
21:41:35.436 [FXGL Background Thread 3 ] DEBUG Engine               - fontGame: Abel-Regular.ttf
21:41:35.436 [FXGL Background Thread 3 ] DEBUG Engine               - fontMono: TerminalLandMono-Regular.otf
21:41:35.436 [FXGL Background Thread 3 ] DEBUG Engine               - fontText: Courier-Prime.ttf
21:41:35.436 [FXGL Background Thread 3 ] DEBUG Engine               - fontUI: VarelaRound-Regular.ttf
21:41:35.436 [FXGL Background Thread 3 ] DEBUG Engine               - fullScreen: BooleanProperty [value: false]
21:41:35.436 [FXGL Background Thread 3 ] DEBUG Engine               - gameDifficulty: MEDIUM
21:41:35.436 [FXGL Background Thread 3 ] DEBUG Engine               - gameDifficultyProperty: ObjectProperty [value: MEDIUM]
21:41:35.436 [FXGL Background Thread 3 ] DEBUG Engine               - globalMusicVolume: 0.5
21:41:35.436 [FXGL Background Thread 3 ] DEBUG Engine               - globalMusicVolumeProperty: DoubleProperty [value: 0.5]
21:41:35.436 [FXGL Background Thread 3 ] DEBUG Engine               - globalSoundVolume: 0.5
21:41:35.436 [FXGL Background Thread 3 ] DEBUG Engine               - globalSoundVolumeProperty: DoubleProperty [value: 0.5]
21:41:35.436 [FXGL Background Thread 3 ] DEBUG Engine               - height: 600
21:41:35.437 [FXGL Background Thread 3 ] DEBUG Engine               - is3D: false
21:41:35.437 [FXGL Background Thread 3 ] DEBUG Engine               - isAndroid: false
21:41:35.437 [FXGL Background Thread 3 ] DEBUG Engine               - isBrowser: false
21:41:35.437 [FXGL Background Thread 3 ] DEBUG Engine               - isClickFeedbackEnabled: false
21:41:35.438 [FXGL Background Thread 3 ] DEBUG Engine               - isCloseConfirmation: false
21:41:35.438 [FXGL Background Thread 3 ] DEBUG Engine               - isDesktop: true
21:41:35.438 [FXGL Background Thread 3 ] DEBUG Engine               - isDeveloperMenuEnabled: false
21:41:35.438 [FXGL Background Thread 3 ] DEBUG Engine               - isEmbedded: false
21:41:35.438 [FXGL Background Thread 3 ] DEBUG Engine               - isEntityPreloadEnabled: true
21:41:35.438 [FXGL Background Thread 3 ] DEBUG Engine               - isExperimentalTiledLargeMap: false
21:41:35.438 [FXGL Background Thread 3 ] DEBUG Engine               - isFileSystemWriteAllowed: true
21:41:35.438 [FXGL Background Thread 3 ] DEBUG Engine               - isFullScreenAllowed: true
21:41:35.438 [FXGL Background Thread 3 ] DEBUG Engine               - isFullScreenFromStart: false
21:41:35.438 [FXGL Background Thread 3 ] DEBUG Engine               - isGameMenuEnabled: true
21:41:35.438 [FXGL Background Thread 3 ] DEBUG Engine               - isIOS: false
21:41:35.438 [FXGL Background Thread 3 ] DEBUG Engine               - isIntroEnabled: false
21:41:35.438 [FXGL Background Thread 3 ] DEBUG Engine               - isLinux: false
21:41:35.438 [FXGL Background Thread 3 ] DEBUG Engine               - isMac: false
21:41:35.438 [FXGL Background Thread 3 ] DEBUG Engine               - isMainMenuEnabled: true
21:41:35.438 [FXGL Background Thread 3 ] DEBUG Engine               - isManualResizeEnabled: false
21:41:35.438 [FXGL Background Thread 3 ] DEBUG Engine               - isMobile: false
21:41:35.438 [FXGL Background Thread 3 ] DEBUG Engine               - isNative: false
21:41:35.438 [FXGL Background Thread 3 ] DEBUG Engine               - isPauseMusicWhenMinimized: true
21:41:35.438 [FXGL Background Thread 3 ] DEBUG Engine               - isPreserveResizeRatio: false
21:41:35.438 [FXGL Background Thread 3 ] DEBUG Engine               - isProfilingEnabled: false
21:41:35.438 [FXGL Background Thread 3 ] DEBUG Engine               - isScaleAffectedOnResize: true
21:41:35.438 [FXGL Background Thread 3 ] DEBUG Engine               - isSingleStep: false
21:41:35.438 [FXGL Background Thread 3 ] DEBUG Engine               - isUserProfileEnabled: false
21:41:35.438 [FXGL Background Thread 3 ] DEBUG Engine               - isWindows: true
21:41:35.438 [FXGL Background Thread 3 ] DEBUG Engine               - language: ObjectProperty [value: ENGLISH]
21:41:35.439 [FXGL Background Thread 3 ] DEBUG Engine               - menuKey: ESCAPE
21:41:35.439 [FXGL Background Thread 3 ] DEBUG Engine               - mouseSensitivity: 0.2
21:41:35.439 [FXGL Background Thread 3 ] DEBUG Engine               - notificationViewClass: class com.almasb.fxgl.notification.view.XboxNotificationView
21:41:35.439 [FXGL Background Thread 3 ] DEBUG Engine               - pixelsPerMeter: 50.0
21:41:35.440 [FXGL Background Thread 3 ] DEBUG Engine               - platform: WINDOWS
21:41:35.440 [FXGL Background Thread 3 ] DEBUG Engine               - prefHeightProperty: ReadOnlyDoubleProperty [value: 600.0]
21:41:35.440 [FXGL Background Thread 3 ] DEBUG Engine               - prefWidthProperty: ReadOnlyDoubleProperty [value: 800.0]
21:41:35.440 [FXGL Background Thread 3 ] DEBUG Engine               - profileDir: profiles/
21:41:35.440 [FXGL Background Thread 3 ] DEBUG Engine               - profileName: StringProperty [value: DEFAULT]
21:41:35.440 [FXGL Background Thread 3 ] DEBUG Engine               - randomSeed: -1
21:41:35.440 [FXGL Background Thread 3 ] DEBUG Engine               - runtimeInfo: RuntimeInfo(platform=WINDOWS, version=17.2, build=20.08.2022 16.50)
21:41:35.440 [FXGL Background Thread 3 ] DEBUG Engine               - saveFileExt: sav
21:41:35.441 [FXGL Background Thread 3 ] DEBUG Engine               - scaledHeightProp$fxgl: DoubleProperty [bound, value: 600.0]
21:41:35.441 [FXGL Background Thread 3 ] DEBUG Engine               - scaledWidthProp$fxgl: DoubleProperty [bound, value: 800.0]
21:41:35.442 [FXGL Background Thread 3 ] DEBUG Engine               - sceneFactory: com.almasb.fxgl.app.scene.SceneFactory@6ae23862
21:41:35.442 [FXGL Background Thread 3 ] DEBUG Engine               - secondsIn24h: 60
21:41:35.442 [FXGL Background Thread 3 ] DEBUG Engine               - soundMenuBack: menu/back.wav
21:41:35.442 [FXGL Background Thread 3 ] DEBUG Engine               - soundMenuPress: menu/press.wav
21:41:35.442 [FXGL Background Thread 3 ] DEBUG Engine               - soundMenuSelect: menu/select.wav
21:41:35.442 [FXGL Background Thread 3 ] DEBUG Engine               - soundNotification: core/notification.wav
21:41:35.442 [FXGL Background Thread 3 ] DEBUG Engine               - stageStyle: DECORATED
21:41:35.442 [FXGL Background Thread 3 ] DEBUG Engine               - supportedLanguages: [ENGLISH, FRENCH, GERMAN, HUNGARIAN, RUSSIAN]
21:41:35.443 [FXGL Background Thread 3 ] DEBUG Engine               - ticksPerSecond: -1
21:41:35.443 [FXGL Background Thread 3 ] DEBUG Engine               - title: Nuclear Throne Atomic
21:41:35.443 [FXGL Background Thread 3 ] DEBUG Engine               - urlGithub: https://github.com/AlmasB/FXGL
21:41:35.443 [FXGL Background Thread 3 ] DEBUG Engine               - urlLeaderboard: http://fxgl-top.herokuapp.com/
21:41:35.443 [FXGL Background Thread 3 ] DEBUG Engine               - urlPOM: https://raw.githubusercontent.com/AlmasB/FXGL/release/README.md
21:41:35.443 [FXGL Background Thread 3 ] DEBUG Engine               - userAppClass: class com.example.nuclearthroneatomic.Controller
21:41:35.443 [FXGL Background Thread 3 ] DEBUG Engine               - version: 0.0
21:41:35.443 [FXGL Background Thread 3 ] DEBUG Engine               - versionCheckDays: 7
21:41:35.443 [FXGL Background Thread 3 ] DEBUG Engine               - width: 800
21:41:35.443 [FXGL Background Thread 3 ] DEBUG Engine               - Logging services
21:41:35.443 [FXGL Background Thread 3 ] DEBUG Engine               - class com.almasb.fxgl.app.services.FXGLAssetLoaderService
21:41:35.443 [FXGL Background Thread 3 ] DEBUG Engine               - class com.almasb.fxgl.app.FXGLApplication$GameApplicationService
21:41:35.443 [FXGL Background Thread 3 ] DEBUG Engine               - class com.almasb.fxgl.app.services.FXGLDialogService
21:41:35.443 [FXGL Background Thread 3 ] DEBUG Engine               - class com.almasb.fxgl.app.services.IOTaskExecutorService
21:41:35.443 [FXGL Background Thread 3 ] DEBUG Engine               - class com.almasb.fxgl.io.FileSystemService
21:41:35.443 [FXGL Background Thread 3 ] DEBUG Engine               - class com.almasb.fxgl.localization.LocalizationService
21:41:35.443 [FXGL Background Thread 3 ] DEBUG Engine               - class com.almasb.fxgl.app.services.SystemBundleService
21:41:35.443 [FXGL Background Thread 3 ] DEBUG Engine               - class com.almasb.fxgl.profile.SaveLoadService
21:41:35.443 [FXGL Background Thread 3 ] DEBUG Engine               - class com.almasb.fxgl.ui.FXGLUIFactoryServiceProvider
21:41:35.443 [FXGL Background Thread 3 ] DEBUG Engine               - class com.almasb.fxgl.ui.FXGLDialogFactoryServiceProvider
21:41:35.444 [FXGL Background Thread 3 ] DEBUG Engine               - class com.almasb.fxgl.audio.AudioPlayer
21:41:35.444 [FXGL Background Thread 3 ] DEBUG Engine               - class com.almasb.fxgl.notification.impl.NotificationServiceProvider
21:41:35.444 [FXGL Background Thread 3 ] DEBUG Engine               - class com.almasb.fxgl.achievement.AchievementService
21:41:35.444 [FXGL Background Thread 3 ] DEBUG Engine               - class com.almasb.fxgl.cutscene.CutsceneService
21:41:35.444 [FXGL Background Thread 3 ] DEBUG Engine               - class com.almasb.fxgl.minigames.MiniGameService
21:41:35.444 [FXGL Background Thread 3 ] DEBUG Engine               - class com.almasb.fxgl.net.NetService
21:41:35.444 [FXGL Background Thread 3 ] DEBUG Engine               - class com.almasb.fxgl.app.services.UpdaterService
21:41:35.444 [FXGL Background Thread 3 ] DEBUG Engine               - class com.almasb.fxgl.dev.DevService
21:41:35.951 [JavaFX Application Thread] DEBUG Menu                 - fireNewGame()
21:41:35.952 [JavaFX Application Thread] DEBUG GameApplicationServi - Starting new game
21:41:35.954 [JavaFX Application Thread] DEBUG PrimaryStageWindow   - Pop state: FXGLDefaultMenu
21:41:35.954 [JavaFX Application Thread] DEBUG Input                - Clearing active input actions
21:41:35.955 [JavaFX Application Thread] DEBUG GameApplicationServi - Removing overlay from FXGLDefaultMenu and adding to FXGLMainMenuDummyScene
21:41:35.956 [JavaFX Application Thread] DEBUG PrimaryStageWindow   - FXGLMainMenuDummyScene <- FXGLDefaultMenu
21:41:35.956 [JavaFX Application Thread] DEBUG Input                - Clearing active input actions
21:41:35.962 [JavaFX Application Thread] DEBUG GameApplicationServi - Removing overlay from FXGLMainMenuDummyScene and adding to FXGLLoadingScene
21:41:35.963 [JavaFX Application Thread] DEBUG PrimaryStageWindow   - FXGLMainMenuDummyScene -> FXGLLoadingScene
21:41:35.963 [JavaFX Application Thread] DEBUG GameApplicationServi - Clearing previous game
21:41:35.963 [JavaFX Application Thread] DEBUG GameScene            - Clearing game scene
21:41:35.963 [JavaFX Application Thread] DEBUG GameWorld            - Clearing game world
21:41:35.963 [JavaFX Application Thread] DEBUG PhysicsWorld         - Clearing physics world
21:41:35.965 [FXGL Background Thread 2 ] DEBUG FXGLApplication      - Initializing game
21:41:35.974 [FXGL Background Thread 2 ] DEBUG FXGLAssetLoaderServi - Loading from file system: file:/C:/Users/Juan/Desktop/Apo%20Integradora%203/NuclearThroneAtomic/src/nuclearthroneatomic/target/classes/assets/textures/Avatar/1-Idle/1.png
21:41:35.976 [FXGL Background Thread 2 ] DEBUG FXGLAssetLoaderServi - Loading from file system: file:/C:/Users/Juan/Desktop/Apo%20Integradora%203/NuclearThroneAtomic/src/nuclearthroneatomic/target/classes/assets/textures/Avatar/1-Idle/2.png
21:41:35.979 [FXGL Background Thread 2 ] DEBUG FXGLAssetLoaderServi - Loading from file system: file:/C:/Users/Juan/Desktop/Apo%20Integradora%203/NuclearThroneAtomic/src/nuclearthroneatomic/target/classes/assets/textures/Avatar/1-Idle/3.png
21:41:35.982 [FXGL Background Thread 2 ] DEBUG FXGLAssetLoaderServi - Loading from file system: file:/C:/Users/Juan/Desktop/Apo%20Integradora%203/NuclearThroneAtomic/src/nuclearthroneatomic/target/classes/assets/textures/Avatar/1-Idle/4.png
21:41:36.025 [FXGL Background Thread 2 ] DEBUG FXGLAssetLoaderServi - Loading from file system: file:/C:/Users/Juan/Desktop/Apo%20Integradora%203/NuclearThroneAtomic/src/nuclearthroneatomic/target/classes/assets/textures/Avatar/2-Run/1.png
21:41:36.027 [FXGL Background Thread 2 ] DEBUG FXGLAssetLoaderServi - Loading from file system: file:/C:/Users/Juan/Desktop/Apo%20Integradora%203/NuclearThroneAtomic/src/nuclearthroneatomic/target/classes/assets/textures/Avatar/2-Run/2.png
21:41:36.029 [FXGL Background Thread 2 ] DEBUG FXGLAssetLoaderServi - Loading from file system: file:/C:/Users/Juan/Desktop/Apo%20Integradora%203/NuclearThroneAtomic/src/nuclearthroneatomic/target/classes/assets/textures/Avatar/2-Run/3.png
21:41:36.030 [FXGL Background Thread 2 ] DEBUG FXGLAssetLoaderServi - Loading from file system: file:/C:/Users/Juan/Desktop/Apo%20Integradora%203/NuclearThroneAtomic/src/nuclearthroneatomic/target/classes/assets/textures/Avatar/2-Run/4.png
21:41:36.032 [FXGL Background Thread 2 ] DEBUG FXGLAssetLoaderServi - Loading from file system: file:/C:/Users/Juan/Desktop/Apo%20Integradora%203/NuclearThroneAtomic/src/nuclearthroneatomic/target/classes/assets/textures/Avatar/2-Run/5.png
21:41:36.037 [FXGL Background Thread 2 ] DEBUG FXGLAssetLoaderServi - Loading from file system: file:/C:/Users/Juan/Desktop/Apo%20Integradora%203/NuclearThroneAtomic/src/nuclearthroneatomic/target/classes/assets/textures/Avatar/2-Run/6.png
21:41:36.060 [FXGL Background Thread 2 ] DEBUG FXGLAssetLoaderServi - Loading from file system: file:/C:/Users/Juan/Desktop/Apo%20Integradora%203/NuclearThroneAtomic/src/nuclearthroneatomic/target/classes/assets/textures/Munition/1.png
21:41:36.098 [FXGL Background Thread 2 ] DEBUG FXGLAssetLoaderServi - Loading from file system: file:/C:/Users/Juan/Desktop/Apo%20Integradora%203/NuclearThroneAtomic/src/nuclearthroneatomic/target/classes/assets/textures/hud/lifeplayer.png
21:41:36.114 [FXGL Background Thread 2 ] DEBUG FXGLAssetLoaderServi - Loading from file system: file:/C:/Users/Juan/Desktop/Apo%20Integradora%203/NuclearThroneAtomic/src/nuclearthroneatomic/target/classes/assets/textures/hud/medkit.png
21:41:36.128 [FXGL Background Thread 2 ] DEBUG FXGLAssetLoaderServi - Loading from file system: file:/C:/Users/Juan/Desktop/Apo%20Integradora%203/NuclearThroneAtomic/src/nuclearthroneatomic/target/classes/assets/textures/hud/trebol.png
21:41:36.136 [FXGL Background Thread 2 ] DEBUG FXGLAssetLoaderServi - Loading from file system: file:/C:/Users/Juan/Desktop/Apo%20Integradora%203/NuclearThroneAtomic/src/nuclearthroneatomic/target/classes/assets/textures/Guns/1.png
21:41:36.143 [FXGL Background Thread 2 ] DEBUG FXGLAssetLoaderServi - Loading from file system: file:/C:/Users/Juan/Desktop/Apo%20Integradora%203/NuclearThroneAtomic/src/nuclearthroneatomic/target/classes/assets/textures/enemy/1-Idle/1.png
21:41:36.144 [FXGL Background Thread 2 ] DEBUG FXGLAssetLoaderServi - Loading from file system: file:/C:/Users/Juan/Desktop/Apo%20Integradora%203/NuclearThroneAtomic/src/nuclearthroneatomic/target/classes/assets/textures/enemy/1-Idle/2.png
21:41:36.146 [FXGL Background Thread 2 ] DEBUG FXGLAssetLoaderServi - Loading from file system: file:/C:/Users/Juan/Desktop/Apo%20Integradora%203/NuclearThroneAtomic/src/nuclearthroneatomic/target/classes/assets/textures/enemy/1-Idle/3.png
21:41:36.147 [FXGL Background Thread 2 ] DEBUG FXGLAssetLoaderServi - Loading from file system: file:/C:/Users/Juan/Desktop/Apo%20Integradora%203/NuclearThroneAtomic/src/nuclearthroneatomic/target/classes/assets/textures/enemy/1-Idle/4.png
21:41:36.164 [FXGL Background Thread 2 ] DEBUG FXGLAssetLoaderServi - Loading from file system: file:/C:/Users/Juan/Desktop/Apo%20Integradora%203/NuclearThroneAtomic/src/nuclearthroneatomic/target/classes/assets/textures/enemy/2-Run/1.png
21:41:36.168 [FXGL Background Thread 2 ] DEBUG FXGLAssetLoaderServi - Loading from file system: file:/C:/Users/Juan/Desktop/Apo%20Integradora%203/NuclearThroneAtomic/src/nuclearthroneatomic/target/classes/assets/textures/enemy/2-Run/2.png
21:41:36.171 [FXGL Background Thread 2 ] DEBUG FXGLAssetLoaderServi - Loading from file system: file:/C:/Users/Juan/Desktop/Apo%20Integradora%203/NuclearThroneAtomic/src/nuclearthroneatomic/target/classes/assets/textures/enemy/2-Run/3.png
21:41:36.173 [FXGL Background Thread 2 ] DEBUG FXGLAssetLoaderServi - Loading from file system: file:/C:/Users/Juan/Desktop/Apo%20Integradora%203/NuclearThroneAtomic/src/nuclearthroneatomic/target/classes/assets/textures/enemy/2-Run/4.png
21:41:36.174 [FXGL Background Thread 2 ] DEBUG FXGLAssetLoaderServi - Loading from file system: file:/C:/Users/Juan/Desktop/Apo%20Integradora%203/NuclearThroneAtomic/src/nuclearthroneatomic/target/classes/assets/textures/enemy/2-Run/5.png
21:41:36.176 [FXGL Background Thread 2 ] DEBUG FXGLAssetLoaderServi - Loading from file system: file:/C:/Users/Juan/Desktop/Apo%20Integradora%203/NuclearThroneAtomic/src/nuclearthroneatomic/target/classes/assets/textures/enemy/2-Run/6.png
21:41:36.187 [FXGL Background Thread 2 ] DEBUG FXGLAssetLoaderServi - Loading from file system: file:/C:/Users/Juan/Desktop/Apo%20Integradora%203/NuclearThroneAtomic/src/nuclearthroneatomic/target/classes/assets/textures/portal/1.png
21:41:36.191 [FXGL Background Thread 2 ] DEBUG FXGLAssetLoaderServi - Loading from file system: file:/C:/Users/Juan/Desktop/Apo%20Integradora%203/NuclearThroneAtomic/src/nuclearthroneatomic/target/classes/assets/textures/portal/2.png
21:41:36.195 [FXGL Background Thread 2 ] DEBUG FXGLAssetLoaderServi - Loading from file system: file:/C:/Users/Juan/Desktop/Apo%20Integradora%203/NuclearThroneAtomic/src/nuclearthroneatomic/target/classes/assets/textures/portal/3.png
21:41:36.201 [FXGL Background Thread 2 ] DEBUG FXGLAssetLoaderServi - Loading from file system: file:/C:/Users/Juan/Desktop/Apo%20Integradora%203/NuclearThroneAtomic/src/nuclearthroneatomic/target/classes/assets/textures/portal/4.png
21:41:36.220 [FXGL Background Thread 2 ] DEBUG FXGLAssetLoaderServi - Loading from file system: file:/C:/Users/Juan/Desktop/Apo%20Integradora%203/NuclearThroneAtomic/src/nuclearthroneatomic/target/classes/assets/textures/Wall/1.png
21:41:36.295 [FXGL Background Thread 2 ] INFO  FXGLApplication      - Game initialization took: 0,329 sec
21:41:36.299 [JavaFX Application Thread] DEBUG Input                - Clearing active input actions
21:41:36.307 [JavaFX Application Thread] DEBUG GameApplicationServi - Removing overlay from FXGLLoadingScene and adding to GameScene
21:41:36.307 [JavaFX Application Thread] DEBUG PrimaryStageWindow   - FXGLLoadingScene -> GameScene
21:41:39.698 [JavaFX Application Thread] DEBUG FXGLAssetLoaderServi - Loading from file system: file:/C:/Users/Juan/Desktop/Apo%20Integradora%203/NuclearThroneAtomic/src/nuclearthroneatomic/target/classes/assets/textures/Bullet/1.png
21:42:09.385 [JavaFX Application Thread] DEBUG FXGLApplication      - Exiting FXGL
21:42:09.385 [JavaFX Application Thread] DEBUG LoopRunner           - Stopping loop
21:42:09.385 [JavaFX Application Thread] DEBUG SystemBundleService  - Saving FXGL system data
21:42:09.391 [JavaFX Application Thread] DEBUG FileSystemAccess     - Writing to: C:\Users\Juan\Desktop\Apo Integradora 3\NuclearThroneAtomic\src\nuclearthroneatomic\system\fxgl.bundle
21:42:09.395 [JavaFX Application Thread] DEBUG Async                - Shutting down background threads
21:42:09.395 [JavaFX Application Thread] DEBUG PrimaryStageWindow   - Closing main window
21:42:09.406 [JavaFX Application Thread] DEBUG Logger               - Closing Logger
