12:09:11.387 [main                     ] DEBUG Logger               - Configured Logger
12:09:11.440 [main                     ] DEBUG GameApplication      - Logging settings
Title: Nuclear Throne Atomic
Version: 0.0
Width: 800
Height: 600
Fullscreen: true
Intro: false
Profiling: false
Single step:false
App Mode: DEVELOPER
Menu Key: ESCAPE
Stage Style: DECORATED
Scene Factory: class com.almasb.fxgl.app.scene.SceneFactory

12:09:12.014 [JavaFX Application Thread] DEBUG FXGLApplication      - Initializing FXGL
12:09:12.027 [JavaFX Application Thread] INFO  Engine               - FXGL-17.2 (20.08.2022 16.50) on WINDOWS (J:19.0.2 FX:19.0.2.1)
12:09:12.030 [JavaFX Application Thread] DEBUG Engine               - JRE Vendor Name: Oracle Corporation
12:09:12.031 [JavaFX Application Thread] DEBUG Engine               - Running on OS: Windows 10 version 10.0
12:09:12.031 [JavaFX Application Thread] DEBUG Engine               - Architecture: amd64
12:09:12.031 [JavaFX Application Thread] INFO  Engine               - Source code and latest versions at: https://github.com/AlmasB/FXGL
12:09:12.032 [JavaFX Application Thread] INFO  Engine               -       Ask questions and discuss at: https://github.com/AlmasB/FXGL/discussions
12:09:12.032 [JavaFX Application Thread] INFO  Engine               -              Join the FXGL chat at: https://gitter.im/AlmasB/FXGL
12:09:12.221 [JavaFX Application Thread] DEBUG PrimaryStageWindow   - Creating a JavaFX scene
12:09:12.372 [JavaFX Application Thread] DEBUG PrimaryStageWindow   - Target settings size: 800.0 x 600.0
12:09:12.373 [JavaFX Application Thread] DEBUG PrimaryStageWindow   - Scaled scene size:    800.0 x 600.0
12:09:12.374 [JavaFX Application Thread] DEBUG PrimaryStageWindow   - Scaled ratio: (1.0, 1.0)
12:09:12.385 [JavaFX Application Thread] DEBUG PrimaryStageWindow   - Set initial scene to FXGLStartupScene
12:09:12.406 [JavaFX Application Thread] DEBUG PrimaryStageWindow   - Opening main window
12:09:13.350 [JavaFX Application Thread] DEBUG PrimaryStageWindow   - Window border size: (16.0, 39.0)
12:09:13.351 [JavaFX Application Thread] DEBUG PrimaryStageWindow   - Scaled size: 800.0 x 600.0
12:09:13.351 [JavaFX Application Thread] DEBUG PrimaryStageWindow   - Scaled ratio: (1.0, 1.0)
12:09:13.352 [JavaFX Application Thread] DEBUG PrimaryStageWindow   - Scene size: 800.0 x 600.0
12:09:13.352 [JavaFX Application Thread] DEBUG PrimaryStageWindow   - Stage size: 816.0 x 639.0
12:09:13.624 [JavaFX Application Thread] DEBUG PrimaryStageWindow   - Going fullscreen
12:09:13.650 [FXGL Background Thread 1 ] DEBUG Engine               - Initializing environment variables
12:09:13.736 [FXGL Background Thread 1 ] DEBUG FXGLAssetLoaderServi - User app class for loading assets: class com.example.nuclearthroneatomic.Controller
12:09:13.738 [FXGL Background Thread 1 ] DEBUG GameApplicationServi - Applying CSS: fxgl_dark.css
12:09:13.739 [FXGL Background Thread 1 ] DEBUG FXGLAssetLoaderServi - Loading from file system: jar:file:///C:/Users/Juan/.m2/repository/com/github/almasb/fxgl/17.2/fxgl-17.2.jar!/fxglassets/ui/css/fxgl_dark.css
12:09:13.815 [FXGL Background Thread 1 ] DEBUG GameApplicationServi - Initializing application scenes
12:09:13.900 [FXGL Background Thread 1 ] DEBUG GameWorld            - Game world initialized
12:09:14.000 [FXGL Background Thread 1 ] DEBUG PhysicsWorld         - Physics world initialized: appHeight=600, physics.ppm=50,0
12:09:14.000 [FXGL Background Thread 1 ] DEBUG PhysicsWorld         - Using strategy: BRUTE_FORCE
12:09:14.011 [FXGL Background Thread 1 ] DEBUG GameScene            - Game scene initialized: 800x600
12:09:14.032 [FXGL Background Thread 1 ] DEBUG FXGL.DefaultMenu     - createMenuBodyMainMenu()
12:09:14.061 [FXGL Background Thread 1 ] DEBUG FXGL.DefaultMenu     - createOptionsMenu()
12:09:14.074 [FXGL Background Thread 1 ] DEBUG FXGL.DefaultMenu     - createExtraMenu()
12:09:14.088 [FXGL Background Thread 1 ] DEBUG FXGLAssetLoaderServi - Loading from file system: jar:file:///C:/Users/Juan/.m2/repository/com/github/almasb/fxgl/17.2/fxgl-17.2.jar!/fxglassets/textures/particles/smoke.png
12:09:14.251 [FXGL Background Thread 1 ] DEBUG FXGLAssetLoaderServi - Loading from file system: jar:file:///C:/Users/Juan/.m2/repository/com/github/almasb/fxgl/17.2/fxgl-17.2.jar!/fxglassets/textures/particles/trace_horizontal.png
12:09:14.291 [FXGL Background Thread 1 ] DEBUG FXGL.DefaultMenu     - createMenuBodyGameMenu()
12:09:14.292 [FXGL Background Thread 1 ] DEBUG FXGL.DefaultMenu     - createOptionsMenu()
12:09:14.297 [FXGL Background Thread 1 ] DEBUG FXGL.DefaultMenu     - createExtraMenu()
12:09:14.332 [FXGL Background Thread 1 ] DEBUG GameApplicationServi - Application scenes initialized
12:09:14.690 [FXGL Background Thread 1 ] DEBUG SystemBundleService  - Loading FXGL system data
12:09:14.720 [FXGL Background Thread 1 ] DEBUG FileSystemAccess     - Reading from: C:\Users\Juan\Desktop\APOOOO\NuclearThroneAtomic\src\nuclearthroneatomic\system\fxgl.bundle
12:09:14.774 [FXGL Background Thread 1 ] DEBUG SystemBundleService  - Bundle FXGL: {}
12:09:14.775 [FXGL Background Thread 1 ] DEBUG UpdaterService       - Checking for updates
12:09:14.798 [FXGL Background Thread 1 ] DEBUG FXGLApplication      - Loading default localization
12:09:14.798 [FXGL Background Thread 4 ] DEBUG FXGLApplication      - Loading fonts
12:09:14.799 [FXGL Background Thread 1 ] DEBUG FXGLAssetLoaderServi - Loading from file system: jar:file:///C:/Users/Juan/.m2/repository/com/github/almasb/fxgl/17.2/fxgl-17.2.jar!/fxglassets/languages/english.lang
12:09:14.804 [FXGL Background Thread 4 ] DEBUG FXGLAssetLoaderServi - Loading from file system: jar:file:///C:/Users/Juan/.m2/repository/com/github/almasb/fxgl/17.2/fxgl-17.2.jar!/fxglassets/ui/fonts/VarelaRound-Regular.ttf
12:09:14.846 [FXGL Background Thread 1 ] INFO  FXGLApplication      - FXGL initialization took: 1,197 sec
12:09:14.881 [JavaFX Application Thread] DEBUG Input                - Registered new binding: lucky - Q
12:09:14.882 [JavaFX Application Thread] DEBUG Input                - Registered new binding: health - F
12:09:14.886 [JavaFX Application Thread] DEBUG Input                - Registered new binding: Right - D
12:09:14.886 [JavaFX Application Thread] DEBUG Input                - Registered new binding: Left - A
12:09:14.886 [JavaFX Application Thread] DEBUG Input                - Registered new binding: Up - W
12:09:14.887 [JavaFX Application Thread] DEBUG Input                - Registered new binding: Down - S
12:09:14.895 [JavaFX Application Thread] DEBUG Input                - Registered new binding: Reload - RMB
12:09:14.896 [JavaFX Application Thread] DEBUG Input                - Registered new binding: Shoot - LMB
12:09:14.899 [JavaFX Application Thread] DEBUG FXGLAssetLoaderServi - Loading from file system: file:/C:/Users/Juan/Desktop/APOOOO/NuclearThroneAtomic/src/nuclearthroneatomic/target/classes/assets/music/muiscformenus.mp3
12:09:15.153 [FXGL Background Thread 4 ] DEBUG FXGLAssetLoaderServi - Loading from file system: jar:file:///C:/Users/Juan/.m2/repository/com/github/almasb/fxgl/17.2/fxgl-17.2.jar!/fxglassets/ui/fonts/Abel-Regular.ttf
12:09:15.185 [FXGL Background Thread 4 ] DEBUG FXGLAssetLoaderServi - Loading from file system: jar:file:///C:/Users/Juan/.m2/repository/com/github/almasb/fxgl/17.2/fxgl-17.2.jar!/fxglassets/ui/fonts/TerminalLandMono-Regular.otf
12:09:15.193 [FXGL Background Thread 4 ] DEBUG FXGLAssetLoaderServi - Loading from file system: jar:file:///C:/Users/Juan/.m2/repository/com/github/almasb/fxgl/17.2/fxgl-17.2.jar!/fxglassets/ui/fonts/Courier-Prime.ttf
12:09:15.260 [JavaFX Application Thread] DEBUG AudioPlayer          - Playing music com.almasb.fxgl.audio.Music@20b7e164
12:09:15.261 [JavaFX Application Thread] DEBUG FXGLAssetLoaderServi - Loading from file system: jar:file:///C:/Users/Juan/.m2/repository/com/github/almasb/fxgl/17.2/fxgl-17.2.jar!/fxglassets/textures/fxgl_icon.png
12:09:15.282 [JavaFX Application Thread] DEBUG FXGLAssetLoaderServi - Loading from file system: jar:file:///C:/Users/Juan/.m2/repository/com/github/almasb/fxgl/17.2/fxgl-17.2.jar!/fxglassets/textures/fxgl_default_cursor.png
12:09:15.284 [JavaFX Application Thread] DEBUG Input                - Registered new binding: Screenshot - CTRL+8
12:09:15.284 [JavaFX Application Thread] DEBUG Input                - Registered new binding: System info dump - CTRL+9
12:09:15.285 [JavaFX Application Thread] DEBUG Input                - Registered new binding: Restart - CTRL+R
12:09:15.286 [JavaFX Application Thread] DEBUG Input                - Registered new binding: Toggle Debug Camera - CTRL+7
12:09:15.289 [JavaFX Application Thread] DEBUG LoopRunner           - Starting loop
12:09:15.289 [JavaFX Application Thread] DEBUG LoopRunner           - Initializing JavaFX AnimationTimerLoop
12:09:15.291 [JavaFX Application Thread] DEBUG Input                - Clearing active input actions
12:09:15.309 [JavaFX Application Thread] DEBUG GameApplicationServi - Removing overlay from FXGLStartupScene and adding to FXGLMainMenuDummyScene
12:09:15.312 [JavaFX Application Thread] DEBUG PrimaryStageWindow   - FXGLStartupScene -> FXGLMainMenuDummyScene
12:09:15.312 [JavaFX Application Thread] DEBUG PrimaryStageWindow   - Push state: FXGLDefaultMenu
12:09:15.327 [JavaFX Application Thread] DEBUG Input                - Clearing active input actions
12:09:15.351 [JavaFX Application Thread] DEBUG GameApplicationServi - Removing overlay from FXGLMainMenuDummyScene and adding to FXGLDefaultMenu
12:09:15.352 [JavaFX Application Thread] DEBUG PrimaryStageWindow   - FXGLMainMenuDummyScene -> FXGLDefaultMenu
12:09:15.371 [JavaFX Application Thread] DEBUG FXGLApplication      - Registering font factories with UI factory
12:09:16.897 [FXGL Background Thread 2 ] INFO  UpdaterService       - Your current version:  17.2
12:09:16.897 [FXGL Background Thread 2 ] INFO  UpdaterService       - Latest stable version: 17.3
12:09:17.799 [FXGL Background Thread 3 ] DEBUG Engine               - Logging environment variables
12:09:17.800 [FXGL Background Thread 3 ] DEBUG Engine               - achievements: []
12:09:17.800 [FXGL Background Thread 3 ] DEBUG Engine               - actualHeight: 768.0
12:09:17.800 [FXGL Background Thread 3 ] DEBUG Engine               - actualHeightProperty: ReadOnlyDoubleProperty [value: 768.0]
12:09:17.800 [FXGL Background Thread 3 ] DEBUG Engine               - actualWidth: 1366.0
12:09:17.801 [FXGL Background Thread 3 ] DEBUG Engine               - actualWidthProperty: ReadOnlyDoubleProperty [value: 1366.0]
12:09:17.801 [FXGL Background Thread 3 ] DEBUG Engine               - appIcon: fxgl_icon.png
12:09:17.801 [FXGL Background Thread 3 ] DEBUG Engine               - applicationMode: DEVELOPER
12:09:17.801 [FXGL Background Thread 3 ] DEBUG Engine               - cSSList: [fxgl_dark.css]
12:09:17.801 [FXGL Background Thread 3 ] DEBUG Engine               - collisionDetectionStrategy: BRUTE_FORCE
12:09:17.801 [FXGL Background Thread 3 ] DEBUG Engine               - configClass: Optional.empty
12:09:17.801 [FXGL Background Thread 3 ] DEBUG Engine               - credits: [Designer . . . . . . . Johan Daniel Aguirre, Program Team . . . . . . Juan Sebastián Libreros,                           Juan Jose Barrera,                           Johan Daniel Aguirre, El mas lindo . . . . . . Juan Sebastián Libreros, Master Thief . . . . . . Johan Daniel Aguirre]
12:09:17.801 [FXGL Background Thread 3 ] DEBUG Engine               - defaultCursor: CursorInfo(imageName=fxgl_default_cursor.png, hotspotX=7.0, hotspotY=6.0)
12:09:17.802 [FXGL Background Thread 3 ] DEBUG Engine               - devBBoxColorProperty: ObjectProperty [value: 0xff0000ff]
12:09:17.803 [FXGL Background Thread 3 ] DEBUG Engine               - devEnableDebugCameraProperty: BooleanProperty [value: false]
12:09:17.803 [FXGL Background Thread 3 ] DEBUG Engine               - devSensorColorProperty: ObjectProperty [value: 0xffff00ff]
12:09:17.806 [FXGL Background Thread 3 ] DEBUG Engine               - devShowBBoxProperty: BooleanProperty [value: false]
12:09:17.806 [FXGL Background Thread 3 ] DEBUG Engine               - devShowPositionProperty: BooleanProperty [value: false]
12:09:17.806 [FXGL Background Thread 3 ] DEBUG Engine               - enabledMenuItems: [EXTRA]
12:09:17.806 [FXGL Background Thread 3 ] DEBUG Engine               - engineServices: [class com.almasb.fxgl.app.services.FXGLAssetLoaderService, class com.almasb.fxgl.app.FXGLApplication$GameApplicationService, class com.almasb.fxgl.app.services.FXGLDialogService, class com.almasb.fxgl.app.services.IOTaskExecutorService, class com.almasb.fxgl.io.FileSystemService, class com.almasb.fxgl.localization.LocalizationService, class com.almasb.fxgl.app.services.SystemBundleService, class com.almasb.fxgl.profile.SaveLoadService, class com.almasb.fxgl.ui.FXGLUIFactoryServiceProvider, class com.almasb.fxgl.ui.FXGLDialogFactoryServiceProvider, class com.almasb.fxgl.audio.AudioPlayer, class com.almasb.fxgl.notification.impl.NotificationServiceProvider, class com.almasb.fxgl.achievement.AchievementService, class com.almasb.fxgl.cutscene.CutsceneService, class com.almasb.fxgl.minigames.MiniGameService, class com.almasb.fxgl.net.NetService, class com.almasb.fxgl.app.services.UpdaterService, class com.almasb.fxgl.dev.DevService]
12:09:17.807 [FXGL Background Thread 3 ] DEBUG Engine               - fontGame: Abel-Regular.ttf
12:09:17.807 [FXGL Background Thread 3 ] DEBUG Engine               - fontMono: TerminalLandMono-Regular.otf
12:09:17.807 [FXGL Background Thread 3 ] DEBUG Engine               - fontText: Courier-Prime.ttf
12:09:17.807 [FXGL Background Thread 3 ] DEBUG Engine               - fontUI: VarelaRound-Regular.ttf
12:09:17.807 [FXGL Background Thread 3 ] DEBUG Engine               - fullScreen: BooleanProperty [value: true]
12:09:17.807 [FXGL Background Thread 3 ] DEBUG Engine               - gameDifficulty: MEDIUM
12:09:17.807 [FXGL Background Thread 3 ] DEBUG Engine               - gameDifficultyProperty: ObjectProperty [value: MEDIUM]
12:09:17.807 [FXGL Background Thread 3 ] DEBUG Engine               - globalMusicVolume: 0.5
12:09:17.807 [FXGL Background Thread 3 ] DEBUG Engine               - globalMusicVolumeProperty: DoubleProperty [value: 1.0]
12:09:17.808 [FXGL Background Thread 3 ] DEBUG Engine               - globalSoundVolume: 0.5
12:09:17.808 [FXGL Background Thread 3 ] DEBUG Engine               - globalSoundVolumeProperty: DoubleProperty [value: 0.1]
12:09:17.808 [FXGL Background Thread 3 ] DEBUG Engine               - height: 600
12:09:17.808 [FXGL Background Thread 3 ] DEBUG Engine               - is3D: false
12:09:17.808 [FXGL Background Thread 3 ] DEBUG Engine               - isAndroid: false
12:09:17.808 [FXGL Background Thread 3 ] DEBUG Engine               - isBrowser: false
12:09:17.808 [FXGL Background Thread 3 ] DEBUG Engine               - isClickFeedbackEnabled: false
12:09:17.808 [FXGL Background Thread 3 ] DEBUG Engine               - isCloseConfirmation: false
12:09:17.808 [FXGL Background Thread 3 ] DEBUG Engine               - isDesktop: true
12:09:17.808 [FXGL Background Thread 3 ] DEBUG Engine               - isDeveloperMenuEnabled: false
12:09:17.808 [FXGL Background Thread 3 ] DEBUG Engine               - isEmbedded: false
12:09:17.808 [FXGL Background Thread 3 ] DEBUG Engine               - isEntityPreloadEnabled: true
12:09:17.808 [FXGL Background Thread 3 ] DEBUG Engine               - isExperimentalTiledLargeMap: false
12:09:17.808 [FXGL Background Thread 3 ] DEBUG Engine               - isFileSystemWriteAllowed: true
12:09:17.808 [FXGL Background Thread 3 ] DEBUG Engine               - isFullScreenAllowed: true
12:09:17.808 [FXGL Background Thread 3 ] DEBUG Engine               - isFullScreenFromStart: true
12:09:17.809 [FXGL Background Thread 3 ] DEBUG Engine               - isGameMenuEnabled: true
12:09:17.809 [FXGL Background Thread 3 ] DEBUG Engine               - isIOS: false
12:09:17.809 [FXGL Background Thread 3 ] DEBUG Engine               - isIntroEnabled: false
12:09:17.809 [FXGL Background Thread 3 ] DEBUG Engine               - isLinux: false
12:09:17.809 [FXGL Background Thread 3 ] DEBUG Engine               - isMac: false
12:09:17.809 [FXGL Background Thread 3 ] DEBUG Engine               - isMainMenuEnabled: true
12:09:17.809 [FXGL Background Thread 3 ] DEBUG Engine               - isManualResizeEnabled: false
12:09:17.809 [FXGL Background Thread 3 ] DEBUG Engine               - isMobile: false
12:09:17.809 [FXGL Background Thread 3 ] DEBUG Engine               - isNative: false
12:09:17.809 [FXGL Background Thread 3 ] DEBUG Engine               - isPauseMusicWhenMinimized: true
12:09:17.809 [FXGL Background Thread 3 ] DEBUG Engine               - isPreserveResizeRatio: false
12:09:17.809 [FXGL Background Thread 3 ] DEBUG Engine               - isProfilingEnabled: false
12:09:17.809 [FXGL Background Thread 3 ] DEBUG Engine               - isScaleAffectedOnResize: true
12:09:17.809 [FXGL Background Thread 3 ] DEBUG Engine               - isSingleStep: false
12:09:17.809 [FXGL Background Thread 3 ] DEBUG Engine               - isUserProfileEnabled: false
12:09:17.809 [FXGL Background Thread 3 ] DEBUG Engine               - isWindows: true
12:09:17.810 [FXGL Background Thread 3 ] DEBUG Engine               - language: ObjectProperty [value: ENGLISH]
12:09:17.810 [FXGL Background Thread 3 ] DEBUG Engine               - menuKey: ESCAPE
12:09:17.810 [FXGL Background Thread 3 ] DEBUG Engine               - mouseSensitivity: 0.2
12:09:17.810 [FXGL Background Thread 3 ] DEBUG Engine               - notificationViewClass: class com.almasb.fxgl.notification.view.XboxNotificationView
12:09:17.810 [FXGL Background Thread 3 ] DEBUG Engine               - pixelsPerMeter: 50.0
12:09:17.810 [FXGL Background Thread 3 ] DEBUG Engine               - platform: WINDOWS
12:09:17.810 [FXGL Background Thread 3 ] DEBUG Engine               - prefHeightProperty: ReadOnlyDoubleProperty [value: 600.0]
12:09:17.810 [FXGL Background Thread 3 ] DEBUG Engine               - prefWidthProperty: ReadOnlyDoubleProperty [value: 800.0]
12:09:17.811 [FXGL Background Thread 3 ] DEBUG Engine               - profileDir: profiles/
12:09:17.811 [FXGL Background Thread 3 ] DEBUG Engine               - profileName: StringProperty [value: DEFAULT]
12:09:17.811 [FXGL Background Thread 3 ] DEBUG Engine               - randomSeed: -1
12:09:17.811 [FXGL Background Thread 3 ] DEBUG Engine               - runtimeInfo: RuntimeInfo(platform=WINDOWS, version=17.2, build=20.08.2022 16.50)
12:09:17.811 [FXGL Background Thread 3 ] DEBUG Engine               - saveFileExt: sav
12:09:17.811 [FXGL Background Thread 3 ] DEBUG Engine               - scaledHeightProp$fxgl: DoubleProperty [bound, value: 768.0]
12:09:17.812 [FXGL Background Thread 3 ] DEBUG Engine               - scaledWidthProp$fxgl: DoubleProperty [bound, value: 1366.0]
12:09:17.812 [FXGL Background Thread 3 ] DEBUG Engine               - sceneFactory: com.almasb.fxgl.app.scene.SceneFactory@36ca12b4
12:09:17.812 [FXGL Background Thread 3 ] DEBUG Engine               - secondsIn24h: 60
12:09:17.812 [FXGL Background Thread 3 ] DEBUG Engine               - soundMenuBack: menu/back.wav
12:09:17.812 [FXGL Background Thread 3 ] DEBUG Engine               - soundMenuPress: menu/press.wav
12:09:17.812 [FXGL Background Thread 3 ] DEBUG Engine               - soundMenuSelect: menu/select.wav
12:09:17.812 [FXGL Background Thread 3 ] DEBUG Engine               - soundNotification: core/notification.wav
12:09:17.812 [FXGL Background Thread 3 ] DEBUG Engine               - stageStyle: DECORATED
12:09:17.812 [FXGL Background Thread 3 ] DEBUG Engine               - supportedLanguages: [ENGLISH, FRENCH, GERMAN, HUNGARIAN, RUSSIAN]
12:09:17.812 [FXGL Background Thread 3 ] DEBUG Engine               - ticksPerSecond: -1
12:09:17.812 [FXGL Background Thread 3 ] DEBUG Engine               - title: Nuclear Throne Atomic
12:09:17.812 [FXGL Background Thread 3 ] DEBUG Engine               - urlGithub: https://github.com/AlmasB/FXGL
12:09:17.812 [FXGL Background Thread 3 ] DEBUG Engine               - urlLeaderboard: http://fxgl-top.herokuapp.com/
12:09:17.812 [FXGL Background Thread 3 ] DEBUG Engine               - urlPOM: https://raw.githubusercontent.com/AlmasB/FXGL/release/README.md
12:09:17.812 [FXGL Background Thread 3 ] DEBUG Engine               - userAppClass: class com.example.nuclearthroneatomic.Controller
12:09:17.812 [FXGL Background Thread 3 ] DEBUG Engine               - version: 0.0
12:09:17.813 [FXGL Background Thread 3 ] DEBUG Engine               - versionCheckDays: 7
12:09:17.813 [FXGL Background Thread 3 ] DEBUG Engine               - width: 800
12:09:17.813 [FXGL Background Thread 3 ] DEBUG Engine               - Logging services
12:09:17.813 [FXGL Background Thread 3 ] DEBUG Engine               - class com.almasb.fxgl.app.services.FXGLAssetLoaderService
12:09:17.813 [FXGL Background Thread 3 ] DEBUG Engine               - class com.almasb.fxgl.app.FXGLApplication$GameApplicationService
12:09:17.813 [FXGL Background Thread 3 ] DEBUG Engine               - class com.almasb.fxgl.app.services.FXGLDialogService
12:09:17.813 [FXGL Background Thread 3 ] DEBUG Engine               - class com.almasb.fxgl.app.services.IOTaskExecutorService
12:09:17.813 [FXGL Background Thread 3 ] DEBUG Engine               - class com.almasb.fxgl.io.FileSystemService
12:09:17.813 [FXGL Background Thread 3 ] DEBUG Engine               - class com.almasb.fxgl.localization.LocalizationService
12:09:17.813 [FXGL Background Thread 3 ] DEBUG Engine               - class com.almasb.fxgl.app.services.SystemBundleService
12:09:17.813 [FXGL Background Thread 3 ] DEBUG Engine               - class com.almasb.fxgl.profile.SaveLoadService
12:09:17.813 [FXGL Background Thread 3 ] DEBUG Engine               - class com.almasb.fxgl.ui.FXGLUIFactoryServiceProvider
12:09:17.813 [FXGL Background Thread 3 ] DEBUG Engine               - class com.almasb.fxgl.ui.FXGLDialogFactoryServiceProvider
12:09:17.813 [FXGL Background Thread 3 ] DEBUG Engine               - class com.almasb.fxgl.audio.AudioPlayer
12:09:17.814 [FXGL Background Thread 3 ] DEBUG Engine               - class com.almasb.fxgl.notification.impl.NotificationServiceProvider
12:09:17.814 [FXGL Background Thread 3 ] DEBUG Engine               - class com.almasb.fxgl.achievement.AchievementService
12:09:17.815 [FXGL Background Thread 3 ] DEBUG Engine               - class com.almasb.fxgl.cutscene.CutsceneService
12:09:17.815 [FXGL Background Thread 3 ] DEBUG Engine               - class com.almasb.fxgl.minigames.MiniGameService
12:09:17.815 [FXGL Background Thread 3 ] DEBUG Engine               - class com.almasb.fxgl.net.NetService
12:09:17.815 [FXGL Background Thread 3 ] DEBUG Engine               - class com.almasb.fxgl.app.services.UpdaterService
12:09:17.815 [FXGL Background Thread 3 ] DEBUG Engine               - class com.almasb.fxgl.dev.DevService
12:09:20.387 [JavaFX Application Thread] DEBUG Menu                 - fireExit()
12:09:20.393 [JavaFX Application Thread] DEBUG PrimaryStageWindow   - Push state: DialogSubScene
12:09:20.393 [JavaFX Application Thread] DEBUG Input                - Clearing active input actions
12:09:20.394 [JavaFX Application Thread] DEBUG GameApplicationServi - Removing overlay from FXGLDefaultMenu and adding to DialogSubScene
12:09:20.395 [JavaFX Application Thread] DEBUG PrimaryStageWindow   - FXGLDefaultMenu -> DialogSubScene
12:09:21.615 [JavaFX Application Thread] DEBUG PrimaryStageWindow   - Pop state: DialogSubScene
12:09:21.616 [JavaFX Application Thread] DEBUG Input                - Clearing active input actions
12:09:21.617 [JavaFX Application Thread] DEBUG GameApplicationServi - Removing overlay from DialogSubScene and adding to FXGLDefaultMenu
12:09:21.617 [JavaFX Application Thread] DEBUG PrimaryStageWindow   - FXGLDefaultMenu <- DialogSubScene
12:09:21.617 [JavaFX Application Thread] DEBUG FXGLApplication      - Exiting FXGL
12:09:21.618 [JavaFX Application Thread] DEBUG LoopRunner           - Stopping loop
12:09:21.618 [JavaFX Application Thread] DEBUG SystemBundleService  - Saving FXGL system data
12:09:21.624 [JavaFX Application Thread] DEBUG FileSystemAccess     - Writing to: C:\Users\Juan\Desktop\APOOOO\NuclearThroneAtomic\src\nuclearthroneatomic\system\fxgl.bundle
12:09:21.630 [JavaFX Application Thread] DEBUG Async                - Shutting down background threads
12:09:21.631 [JavaFX Application Thread] DEBUG PrimaryStageWindow   - Closing main window
12:09:21.666 [JavaFX Application Thread] DEBUG Logger               - Closing Logger
