19:26:34.760 [main                     ] DEBUG Logger               - Configured Logger
19:26:34.815 [main                     ] DEBUG GameApplication      - Logging settings
Title: Nuclear Throne Atomic
Version: 0.0
Width: 800
Height: 600
Fullscreen: true
Intro: true
Profiling: false
Single step:false
App Mode: DEVELOPER
Menu Key: ESCAPE
Stage Style: DECORATED
Scene Factory: class com.almasb.fxgl.app.scene.SceneFactory

19:26:35.701 [JavaFX Application Thread] DEBUG FXGLApplication      - Initializing FXGL
19:26:35.707 [JavaFX Application Thread] INFO  Engine               - FXGL-17.2 (20.08.2022 16.50) on WINDOWS (J:20.0.1 FX:18.0.2)
19:26:35.708 [JavaFX Application Thread] DEBUG Engine               - JRE Vendor Name: Oracle Corporation
19:26:35.708 [JavaFX Application Thread] DEBUG Engine               - Running on OS: Windows 10 version 10.0
19:26:35.708 [JavaFX Application Thread] DEBUG Engine               - Architecture: amd64
19:26:35.708 [JavaFX Application Thread] INFO  Engine               - Source code and latest versions at: https://github.com/AlmasB/FXGL
19:26:35.709 [JavaFX Application Thread] INFO  Engine               -       Ask questions and discuss at: https://github.com/AlmasB/FXGL/discussions
19:26:35.709 [JavaFX Application Thread] INFO  Engine               -              Join the FXGL chat at: https://gitter.im/AlmasB/FXGL
19:26:35.821 [JavaFX Application Thread] DEBUG PrimaryStageWindow   - Creating a JavaFX scene
19:26:35.894 [JavaFX Application Thread] DEBUG PrimaryStageWindow   - Target settings size: 800.0 x 600.0
19:26:35.895 [JavaFX Application Thread] DEBUG PrimaryStageWindow   - Scaled scene size:    800.0 x 600.0
19:26:35.895 [JavaFX Application Thread] DEBUG PrimaryStageWindow   - Scaled ratio: (1.0, 1.0)
19:26:35.897 [JavaFX Application Thread] DEBUG PrimaryStageWindow   - Set initial scene to FXGLStartupScene
19:26:35.909 [JavaFX Application Thread] DEBUG PrimaryStageWindow   - Opening main window
19:26:36.034 [JavaFX Application Thread] DEBUG PrimaryStageWindow   - Window border size: (16.0, 39.0)
19:26:36.034 [JavaFX Application Thread] DEBUG PrimaryStageWindow   - Scaled size: 800.0 x 600.0
19:26:36.035 [JavaFX Application Thread] DEBUG PrimaryStageWindow   - Scaled ratio: (1.0, 1.0)
19:26:36.036 [JavaFX Application Thread] DEBUG PrimaryStageWindow   - Scene size: 800.0 x 600.0
19:26:36.036 [JavaFX Application Thread] DEBUG PrimaryStageWindow   - Stage size: 816.0 x 639.0
19:26:36.055 [FXGL Background Thread 1 ] DEBUG Engine               - Initializing environment variables
19:26:36.153 [FXGL Background Thread 1 ] DEBUG FXGLAssetLoaderServi - User app class for loading assets: class com.example.nuclearthroneatomic.Controller
19:26:36.154 [FXGL Background Thread 1 ] DEBUG GameApplicationServi - Applying CSS: fxgl_dark.css
19:26:36.155 [FXGL Background Thread 1 ] DEBUG FXGLAssetLoaderServi - Loading from file system: jar:file:///C:/Users/Usuario/.m2/repository/com/github/almasb/fxgl/17.2/fxgl-17.2.jar!/fxglassets/ui/css/fxgl_dark.css
19:26:36.235 [FXGL Background Thread 1 ] DEBUG GameApplicationServi - Initializing application scenes
19:26:36.313 [FXGL Background Thread 1 ] DEBUG GameWorld            - Game world initialized
19:26:36.424 [FXGL Background Thread 1 ] DEBUG PhysicsWorld         - Physics world initialized: appHeight=600, physics.ppm=50,0
19:26:36.425 [FXGL Background Thread 1 ] DEBUG PhysicsWorld         - Using strategy: BRUTE_FORCE
19:26:36.433 [FXGL Background Thread 1 ] DEBUG GameScene            - Game scene initialized: 800x600
19:26:36.439 [FXGL Background Thread 1 ] DEBUG FXGLAssetLoaderServi - Loading from file system: jar:file:///C:/Users/Usuario/.m2/repository/com/github/almasb/fxgl/17.2/fxgl-17.2.jar!/fxglassets/textures/intro/fxgl_logo.png
19:26:36.490 [FXGL Background Thread 1 ] DEBUG FXGLAssetLoaderServi - Loading from file system: jar:file:///C:/Users/Usuario/.m2/repository/com/github/almasb/fxgl/17.2/fxgl-17.2.jar!/fxglassets/textures/intro/javafx_logo.png
19:26:36.664 [FXGL Background Thread 1 ] DEBUG FXGL.DefaultMenu     - createMenuBodyMainMenu()
19:26:36.686 [FXGL Background Thread 1 ] DEBUG FXGL.DefaultMenu     - createOptionsMenu()
19:26:36.705 [FXGL Background Thread 1 ] DEBUG FXGLAssetLoaderServi - Loading from file system: jar:file:///C:/Users/Usuario/.m2/repository/com/github/almasb/fxgl/17.2/fxgl-17.2.jar!/fxglassets/textures/particles/smoke.png
19:26:36.787 [FXGL Background Thread 1 ] DEBUG FXGLAssetLoaderServi - Loading from file system: jar:file:///C:/Users/Usuario/.m2/repository/com/github/almasb/fxgl/17.2/fxgl-17.2.jar!/fxglassets/textures/particles/trace_horizontal.png
19:26:36.819 [FXGL Background Thread 1 ] DEBUG FXGL.DefaultMenu     - createMenuBodyGameMenu()
19:26:36.821 [FXGL Background Thread 1 ] DEBUG FXGL.DefaultMenu     - createOptionsMenu()
19:26:36.847 [FXGL Background Thread 1 ] DEBUG GameApplicationServi - Application scenes initialized
19:26:36.870 [FXGL Background Thread 1 ] DEBUG SystemBundleService  - Loading FXGL system data
19:26:36.877 [FXGL Background Thread 1 ] DEBUG FileSystemAccess     - Reading from: C:\Users\Usuario\OneDrive - Universidad Icesi (@icesi.edu.co)\APO2\Tareas integradoras\NuclearThroneAtomic\src\nuclearthroneatomic\system\fxgl.bundle
19:26:36.895 [FXGL Background Thread 1 ] DEBUG SystemBundleService  - Bundle FXGL: {}
19:26:36.896 [FXGL Background Thread 1 ] DEBUG UpdaterService       - Checking for updates
19:26:36.903 [FXGL Background Thread 4 ] DEBUG FXGLApplication      - Loading fonts
19:26:36.903 [FXGL Background Thread 1 ] DEBUG FXGLApplication      - Loading default localization
19:26:36.904 [FXGL Background Thread 4 ] DEBUG FXGLAssetLoaderServi - Loading from file system: jar:file:///C:/Users/Usuario/.m2/repository/com/github/almasb/fxgl/17.2/fxgl-17.2.jar!/fxglassets/ui/fonts/VarelaRound-Regular.ttf
19:26:36.905 [FXGL Background Thread 1 ] DEBUG FXGLAssetLoaderServi - Loading from file system: jar:file:///C:/Users/Usuario/.m2/repository/com/github/almasb/fxgl/17.2/fxgl-17.2.jar!/fxglassets/languages/english.lang
19:26:36.937 [FXGL Background Thread 1 ] INFO  FXGLApplication      - FXGL initialization took: 0,883 sec
19:26:36.954 [JavaFX Application Thread] DEBUG Input                - Registered new binding: lucky - Q
19:26:36.955 [JavaFX Application Thread] DEBUG Input                - Registered new binding: health - F
19:26:36.955 [JavaFX Application Thread] DEBUG Input                - Registered new binding: Right - D
19:26:36.955 [JavaFX Application Thread] DEBUG Input                - Registered new binding: Left - A
19:26:36.955 [JavaFX Application Thread] DEBUG Input                - Registered new binding: Up - W
19:26:36.955 [JavaFX Application Thread] DEBUG Input                - Registered new binding: Down - S
19:26:36.957 [JavaFX Application Thread] DEBUG Input                - Registered new binding: Reload - RMB
19:26:36.958 [JavaFX Application Thread] DEBUG Input                - Registered new binding: Shoot - LMB
19:26:36.958 [JavaFX Application Thread] DEBUG FXGLAssetLoaderServi - Loading from file system: jar:file:///C:/Users/Usuario/.m2/repository/com/github/almasb/fxgl/17.2/fxgl-17.2.jar!/fxglassets/textures/fxgl_icon.png
19:26:36.972 [JavaFX Application Thread] DEBUG FXGLAssetLoaderServi - Loading from file system: jar:file:///C:/Users/Usuario/.m2/repository/com/github/almasb/fxgl/17.2/fxgl-17.2.jar!/fxglassets/textures/fxgl_default_cursor.png
19:26:36.975 [JavaFX Application Thread] DEBUG Input                - Registered new binding: Screenshot - CTRL+8
19:26:36.976 [JavaFX Application Thread] DEBUG Input                - Registered new binding: System info dump - CTRL+9
19:26:36.977 [JavaFX Application Thread] DEBUG Input                - Registered new binding: Restart - CTRL+R
19:26:36.978 [JavaFX Application Thread] DEBUG Input                - Registered new binding: Toggle Debug Camera - CTRL+7
19:26:36.982 [JavaFX Application Thread] DEBUG LoopRunner           - Starting loop
19:26:36.983 [JavaFX Application Thread] DEBUG LoopRunner           - Initializing JavaFX AnimationTimerLoop
19:26:37.056 [JavaFX Application Thread] DEBUG Input                - Clearing active input actions
19:26:37.070 [JavaFX Application Thread] DEBUG GameApplicationServi - Removing overlay from FXGLStartupScene and adding to FXGLIntroScene
19:26:37.071 [JavaFX Application Thread] DEBUG PrimaryStageWindow   - FXGLStartupScene -> FXGLIntroScene
19:26:37.199 [FXGL Background Thread 4 ] DEBUG FXGLAssetLoaderServi - Loading from file system: jar:file:///C:/Users/Usuario/.m2/repository/com/github/almasb/fxgl/17.2/fxgl-17.2.jar!/fxglassets/ui/fonts/Abel-Regular.ttf
19:26:37.208 [FXGL Background Thread 4 ] DEBUG FXGLAssetLoaderServi - Loading from file system: jar:file:///C:/Users/Usuario/.m2/repository/com/github/almasb/fxgl/17.2/fxgl-17.2.jar!/fxglassets/ui/fonts/TerminalLandMono-Regular.otf
19:26:37.218 [FXGL Background Thread 4 ] DEBUG FXGLAssetLoaderServi - Loading from file system: jar:file:///C:/Users/Usuario/.m2/repository/com/github/almasb/fxgl/17.2/fxgl-17.2.jar!/fxglassets/ui/fonts/Courier-Prime.ttf
19:26:37.231 [JavaFX Application Thread] DEBUG FXGLApplication      - Registering font factories with UI factory
19:26:38.064 [FXGL Background Thread 2 ] INFO  UpdaterService       - Your current version:  17.2
19:26:38.065 [FXGL Background Thread 2 ] INFO  UpdaterService       - Latest stable version: 17.3
19:26:39.901 [FXGL Background Thread 3 ] DEBUG Engine               - Logging environment variables
19:26:39.902 [FXGL Background Thread 3 ] DEBUG Engine               - achievements: []
19:26:39.902 [FXGL Background Thread 3 ] DEBUG Engine               - actualHeight: 600.0
19:26:39.902 [FXGL Background Thread 3 ] DEBUG Engine               - actualHeightProperty: ReadOnlyDoubleProperty [value: 600.0]
19:26:39.902 [FXGL Background Thread 3 ] DEBUG Engine               - actualWidth: 800.0
19:26:39.902 [FXGL Background Thread 3 ] DEBUG Engine               - actualWidthProperty: ReadOnlyDoubleProperty [value: 800.0]
19:26:39.902 [FXGL Background Thread 3 ] DEBUG Engine               - appIcon: fxgl_icon.png
19:26:39.902 [FXGL Background Thread 3 ] DEBUG Engine               - applicationMode: DEVELOPER
19:26:39.902 [FXGL Background Thread 3 ] DEBUG Engine               - cSSList: [fxgl_dark.css]
19:26:39.902 [FXGL Background Thread 3 ] DEBUG Engine               - collisionDetectionStrategy: BRUTE_FORCE
19:26:39.903 [FXGL Background Thread 3 ] DEBUG Engine               - configClass: Optional.empty
19:26:39.903 [FXGL Background Thread 3 ] DEBUG Engine               - credits: []
19:26:39.903 [FXGL Background Thread 3 ] DEBUG Engine               - defaultCursor: CursorInfo(imageName=fxgl_default_cursor.png, hotspotX=7.0, hotspotY=6.0)
19:26:39.903 [FXGL Background Thread 3 ] DEBUG Engine               - devBBoxColorProperty: ObjectProperty [value: 0xff0000ff]
19:26:39.903 [FXGL Background Thread 3 ] DEBUG Engine               - devEnableDebugCameraProperty: BooleanProperty [value: false]
19:26:39.904 [FXGL Background Thread 3 ] DEBUG Engine               - devSensorColorProperty: ObjectProperty [value: 0xffff00ff]
19:26:39.904 [FXGL Background Thread 3 ] DEBUG Engine               - devShowBBoxProperty: BooleanProperty [value: false]
19:26:39.904 [FXGL Background Thread 3 ] DEBUG Engine               - devShowPositionProperty: BooleanProperty [value: false]
19:26:39.904 [FXGL Background Thread 3 ] DEBUG Engine               - enabledMenuItems: []
19:26:39.904 [FXGL Background Thread 3 ] DEBUG Engine               - engineServices: [class com.almasb.fxgl.app.services.FXGLAssetLoaderService, class com.almasb.fxgl.app.FXGLApplication$GameApplicationService, class com.almasb.fxgl.app.services.FXGLDialogService, class com.almasb.fxgl.app.services.IOTaskExecutorService, class com.almasb.fxgl.io.FileSystemService, class com.almasb.fxgl.localization.LocalizationService, class com.almasb.fxgl.app.services.SystemBundleService, class com.almasb.fxgl.profile.SaveLoadService, class com.almasb.fxgl.ui.FXGLUIFactoryServiceProvider, class com.almasb.fxgl.ui.FXGLDialogFactoryServiceProvider, class com.almasb.fxgl.audio.AudioPlayer, class com.almasb.fxgl.notification.impl.NotificationServiceProvider, class com.almasb.fxgl.achievement.AchievementService, class com.almasb.fxgl.cutscene.CutsceneService, class com.almasb.fxgl.minigames.MiniGameService, class com.almasb.fxgl.net.NetService, class com.almasb.fxgl.app.services.UpdaterService, class com.almasb.fxgl.dev.DevService]
19:26:39.904 [FXGL Background Thread 3 ] DEBUG Engine               - fontGame: Abel-Regular.ttf
19:26:39.904 [FXGL Background Thread 3 ] DEBUG Engine               - fontMono: TerminalLandMono-Regular.otf
19:26:39.904 [FXGL Background Thread 3 ] DEBUG Engine               - fontText: Courier-Prime.ttf
19:26:39.904 [FXGL Background Thread 3 ] DEBUG Engine               - fontUI: VarelaRound-Regular.ttf
19:26:39.904 [FXGL Background Thread 3 ] DEBUG Engine               - fullScreen: BooleanProperty [value: false]
19:26:39.904 [FXGL Background Thread 3 ] DEBUG Engine               - gameDifficulty: MEDIUM
19:26:39.904 [FXGL Background Thread 3 ] DEBUG Engine               - gameDifficultyProperty: ObjectProperty [value: MEDIUM]
19:26:39.904 [FXGL Background Thread 3 ] DEBUG Engine               - globalMusicVolume: 0.5
19:26:39.905 [FXGL Background Thread 3 ] DEBUG Engine               - globalMusicVolumeProperty: DoubleProperty [value: 0.5]
19:26:39.905 [FXGL Background Thread 3 ] DEBUG Engine               - globalSoundVolume: 0.5
19:26:39.905 [FXGL Background Thread 3 ] DEBUG Engine               - globalSoundVolumeProperty: DoubleProperty [value: 0.5]
19:26:39.905 [FXGL Background Thread 3 ] DEBUG Engine               - height: 600
19:26:39.905 [FXGL Background Thread 3 ] DEBUG Engine               - is3D: false
19:26:39.905 [FXGL Background Thread 3 ] DEBUG Engine               - isAndroid: false
19:26:39.905 [FXGL Background Thread 3 ] DEBUG Engine               - isBrowser: false
19:26:39.905 [FXGL Background Thread 3 ] DEBUG Engine               - isClickFeedbackEnabled: false
19:26:39.905 [FXGL Background Thread 3 ] DEBUG Engine               - isCloseConfirmation: false
19:26:39.905 [FXGL Background Thread 3 ] DEBUG Engine               - isDesktop: true
19:26:39.905 [FXGL Background Thread 3 ] DEBUG Engine               - isDeveloperMenuEnabled: false
19:26:39.905 [FXGL Background Thread 3 ] DEBUG Engine               - isEmbedded: false
19:26:39.905 [FXGL Background Thread 3 ] DEBUG Engine               - isEntityPreloadEnabled: true
19:26:39.905 [FXGL Background Thread 3 ] DEBUG Engine               - isExperimentalTiledLargeMap: false
19:26:39.906 [FXGL Background Thread 3 ] DEBUG Engine               - isFileSystemWriteAllowed: true
19:26:39.906 [FXGL Background Thread 3 ] DEBUG Engine               - isFullScreenAllowed: true
19:26:39.906 [FXGL Background Thread 3 ] DEBUG Engine               - isFullScreenFromStart: false
19:26:39.906 [FXGL Background Thread 3 ] DEBUG Engine               - isGameMenuEnabled: true
19:26:39.906 [FXGL Background Thread 3 ] DEBUG Engine               - isIOS: false
19:26:39.906 [FXGL Background Thread 3 ] DEBUG Engine               - isIntroEnabled: true
19:26:39.906 [FXGL Background Thread 3 ] DEBUG Engine               - isLinux: false
19:26:39.906 [FXGL Background Thread 3 ] DEBUG Engine               - isMac: false
19:26:39.906 [FXGL Background Thread 3 ] DEBUG Engine               - isMainMenuEnabled: true
19:26:39.906 [FXGL Background Thread 3 ] DEBUG Engine               - isManualResizeEnabled: false
19:26:39.906 [FXGL Background Thread 3 ] DEBUG Engine               - isMobile: false
19:26:39.906 [FXGL Background Thread 3 ] DEBUG Engine               - isNative: false
19:26:39.906 [FXGL Background Thread 3 ] DEBUG Engine               - isPauseMusicWhenMinimized: true
19:26:39.906 [FXGL Background Thread 3 ] DEBUG Engine               - isPreserveResizeRatio: false
19:26:39.906 [FXGL Background Thread 3 ] DEBUG Engine               - isProfilingEnabled: false
19:26:39.906 [FXGL Background Thread 3 ] DEBUG Engine               - isScaleAffectedOnResize: true
19:26:39.906 [FXGL Background Thread 3 ] DEBUG Engine               - isSingleStep: false
19:26:39.907 [FXGL Background Thread 3 ] DEBUG Engine               - isUserProfileEnabled: false
19:26:39.907 [FXGL Background Thread 3 ] DEBUG Engine               - isWindows: true
19:26:39.907 [FXGL Background Thread 3 ] DEBUG Engine               - language: ObjectProperty [value: ENGLISH]
19:26:39.907 [FXGL Background Thread 3 ] DEBUG Engine               - menuKey: ESCAPE
19:26:39.907 [FXGL Background Thread 3 ] DEBUG Engine               - mouseSensitivity: 0.2
19:26:39.907 [FXGL Background Thread 3 ] DEBUG Engine               - notificationViewClass: class com.almasb.fxgl.notification.view.XboxNotificationView
19:26:39.907 [FXGL Background Thread 3 ] DEBUG Engine               - pixelsPerMeter: 50.0
19:26:39.907 [FXGL Background Thread 3 ] DEBUG Engine               - platform: WINDOWS
19:26:39.907 [FXGL Background Thread 3 ] DEBUG Engine               - prefHeightProperty: ReadOnlyDoubleProperty [value: 600.0]
19:26:39.907 [FXGL Background Thread 3 ] DEBUG Engine               - prefWidthProperty: ReadOnlyDoubleProperty [value: 800.0]
19:26:39.907 [FXGL Background Thread 3 ] DEBUG Engine               - profileDir: profiles/
19:26:39.907 [FXGL Background Thread 3 ] DEBUG Engine               - profileName: StringProperty [value: DEFAULT]
19:26:39.907 [FXGL Background Thread 3 ] DEBUG Engine               - randomSeed: -1
19:26:39.908 [FXGL Background Thread 3 ] DEBUG Engine               - runtimeInfo: RuntimeInfo(platform=WINDOWS, version=17.2, build=20.08.2022 16.50)
19:26:39.908 [FXGL Background Thread 3 ] DEBUG Engine               - saveFileExt: sav
19:26:39.908 [FXGL Background Thread 3 ] DEBUG Engine               - scaledHeightProp$fxgl: DoubleProperty [bound, value: 600.0]
19:26:39.908 [FXGL Background Thread 3 ] DEBUG Engine               - scaledWidthProp$fxgl: DoubleProperty [bound, value: 800.0]
19:26:39.908 [FXGL Background Thread 3 ] DEBUG Engine               - sceneFactory: com.almasb.fxgl.app.scene.SceneFactory@73d8ce4d
19:26:39.908 [FXGL Background Thread 3 ] DEBUG Engine               - secondsIn24h: 60
19:26:39.908 [FXGL Background Thread 3 ] DEBUG Engine               - soundMenuBack: menu/back.wav
19:26:39.908 [FXGL Background Thread 3 ] DEBUG Engine               - soundMenuPress: menu/press.wav
19:26:39.908 [FXGL Background Thread 3 ] DEBUG Engine               - soundMenuSelect: menu/select.wav
19:26:39.908 [FXGL Background Thread 3 ] DEBUG Engine               - soundNotification: core/notification.wav
19:26:39.908 [FXGL Background Thread 3 ] DEBUG Engine               - stageStyle: DECORATED
19:26:39.908 [FXGL Background Thread 3 ] DEBUG Engine               - supportedLanguages: [ENGLISH, FRENCH, GERMAN, HUNGARIAN, RUSSIAN]
19:26:39.908 [FXGL Background Thread 3 ] DEBUG Engine               - ticksPerSecond: -1
19:26:39.908 [FXGL Background Thread 3 ] DEBUG Engine               - title: Nuclear Throne Atomic
19:26:39.909 [FXGL Background Thread 3 ] DEBUG Engine               - urlGithub: https://github.com/AlmasB/FXGL
19:26:39.909 [FXGL Background Thread 3 ] DEBUG Engine               - urlLeaderboard: http://fxgl-top.herokuapp.com/
19:26:39.909 [FXGL Background Thread 3 ] DEBUG Engine               - urlPOM: https://raw.githubusercontent.com/AlmasB/FXGL/release/README.md
19:26:39.909 [FXGL Background Thread 3 ] DEBUG Engine               - userAppClass: class com.example.nuclearthroneatomic.Controller
19:26:39.909 [FXGL Background Thread 3 ] DEBUG Engine               - version: 0.0
19:26:39.909 [FXGL Background Thread 3 ] DEBUG Engine               - versionCheckDays: 7
19:26:39.909 [FXGL Background Thread 3 ] DEBUG Engine               - width: 800
19:26:39.909 [FXGL Background Thread 3 ] DEBUG Engine               - Logging services
19:26:39.909 [FXGL Background Thread 3 ] DEBUG Engine               - class com.almasb.fxgl.app.services.FXGLAssetLoaderService
19:26:39.909 [FXGL Background Thread 3 ] DEBUG Engine               - class com.almasb.fxgl.app.FXGLApplication$GameApplicationService
19:26:39.909 [FXGL Background Thread 3 ] DEBUG Engine               - class com.almasb.fxgl.app.services.FXGLDialogService
19:26:39.909 [FXGL Background Thread 3 ] DEBUG Engine               - class com.almasb.fxgl.app.services.IOTaskExecutorService
19:26:39.910 [FXGL Background Thread 3 ] DEBUG Engine               - class com.almasb.fxgl.io.FileSystemService
19:26:39.910 [FXGL Background Thread 3 ] DEBUG Engine               - class com.almasb.fxgl.localization.LocalizationService
19:26:39.910 [FXGL Background Thread 3 ] DEBUG Engine               - class com.almasb.fxgl.app.services.SystemBundleService
19:26:39.910 [FXGL Background Thread 3 ] DEBUG Engine               - class com.almasb.fxgl.profile.SaveLoadService
19:26:39.910 [FXGL Background Thread 3 ] DEBUG Engine               - class com.almasb.fxgl.ui.FXGLUIFactoryServiceProvider
19:26:39.910 [FXGL Background Thread 3 ] DEBUG Engine               - class com.almasb.fxgl.ui.FXGLDialogFactoryServiceProvider
19:26:39.910 [FXGL Background Thread 3 ] DEBUG Engine               - class com.almasb.fxgl.audio.AudioPlayer
19:26:39.910 [FXGL Background Thread 3 ] DEBUG Engine               - class com.almasb.fxgl.notification.impl.NotificationServiceProvider
19:26:39.910 [FXGL Background Thread 3 ] DEBUG Engine               - class com.almasb.fxgl.achievement.AchievementService
19:26:39.910 [FXGL Background Thread 3 ] DEBUG Engine               - class com.almasb.fxgl.cutscene.CutsceneService
19:26:39.910 [FXGL Background Thread 3 ] DEBUG Engine               - class com.almasb.fxgl.minigames.MiniGameService
19:26:39.910 [FXGL Background Thread 3 ] DEBUG Engine               - class com.almasb.fxgl.net.NetService
19:26:39.910 [FXGL Background Thread 3 ] DEBUG Engine               - class com.almasb.fxgl.app.services.UpdaterService
19:26:39.910 [FXGL Background Thread 3 ] DEBUG Engine               - class com.almasb.fxgl.dev.DevService
19:26:44.948 [JavaFX Application Thread] DEBUG Input                - Clearing active input actions
19:26:44.959 [JavaFX Application Thread] DEBUG GameApplicationServi - Removing overlay from FXGLIntroScene and adding to FXGLMainMenuDummyScene
19:26:44.959 [JavaFX Application Thread] DEBUG PrimaryStageWindow   - FXGLIntroScene -> FXGLMainMenuDummyScene
19:26:44.960 [JavaFX Application Thread] DEBUG PrimaryStageWindow   - Push state: FXGLDefaultMenu
19:26:44.963 [JavaFX Application Thread] DEBUG Input                - Clearing active input actions
19:26:44.972 [JavaFX Application Thread] DEBUG GameApplicationServi - Removing overlay from FXGLMainMenuDummyScene and adding to FXGLDefaultMenu
19:26:44.972 [JavaFX Application Thread] DEBUG PrimaryStageWindow   - FXGLMainMenuDummyScene -> FXGLDefaultMenu
19:26:45.905 [JavaFX Application Thread] DEBUG Menu                 - fireNewGame()
19:26:45.905 [JavaFX Application Thread] DEBUG GameApplicationServi - Starting new game
19:26:45.908 [JavaFX Application Thread] DEBUG PrimaryStageWindow   - Pop state: FXGLDefaultMenu
19:26:45.908 [JavaFX Application Thread] DEBUG Input                - Clearing active input actions
19:26:45.910 [JavaFX Application Thread] DEBUG GameApplicationServi - Removing overlay from FXGLDefaultMenu and adding to FXGLMainMenuDummyScene
19:26:45.911 [JavaFX Application Thread] DEBUG PrimaryStageWindow   - FXGLMainMenuDummyScene <- FXGLDefaultMenu
19:26:45.911 [JavaFX Application Thread] DEBUG Input                - Clearing active input actions
19:26:45.918 [JavaFX Application Thread] DEBUG GameApplicationServi - Removing overlay from FXGLMainMenuDummyScene and adding to FXGLLoadingScene
19:26:45.919 [JavaFX Application Thread] DEBUG PrimaryStageWindow   - FXGLMainMenuDummyScene -> FXGLLoadingScene
19:26:45.919 [JavaFX Application Thread] DEBUG GameApplicationServi - Clearing previous game
19:26:45.919 [JavaFX Application Thread] DEBUG GameScene            - Clearing game scene
19:26:45.919 [JavaFX Application Thread] DEBUG GameWorld            - Clearing game world
19:26:45.919 [JavaFX Application Thread] DEBUG PhysicsWorld         - Clearing physics world
19:26:45.922 [FXGL Background Thread 2 ] DEBUG FXGLApplication      - Initializing game
19:26:45.932 [FXGL Background Thread 2 ] DEBUG FXGLAssetLoaderServi - Loading from file system: file:/C:/Users/Usuario/OneDrive%20-%20Universidad%20Icesi%20(@icesi.edu.co)/APO2/Tareas%20integradoras/NuclearThroneAtomic/src/nuclearthroneatomic/target/classes/assets/textures/Avatar/1-Idle/1.png
19:26:45.936 [FXGL Background Thread 2 ] DEBUG FXGLAssetLoaderServi - Loading from file system: file:/C:/Users/Usuario/OneDrive%20-%20Universidad%20Icesi%20(@icesi.edu.co)/APO2/Tareas%20integradoras/NuclearThroneAtomic/src/nuclearthroneatomic/target/classes/assets/textures/Avatar/1-Idle/2.png
19:26:45.939 [FXGL Background Thread 2 ] DEBUG FXGLAssetLoaderServi - Loading from file system: file:/C:/Users/Usuario/OneDrive%20-%20Universidad%20Icesi%20(@icesi.edu.co)/APO2/Tareas%20integradoras/NuclearThroneAtomic/src/nuclearthroneatomic/target/classes/assets/textures/Avatar/1-Idle/3.png
19:26:45.941 [FXGL Background Thread 2 ] DEBUG FXGLAssetLoaderServi - Loading from file system: file:/C:/Users/Usuario/OneDrive%20-%20Universidad%20Icesi%20(@icesi.edu.co)/APO2/Tareas%20integradoras/NuclearThroneAtomic/src/nuclearthroneatomic/target/classes/assets/textures/Avatar/1-Idle/4.png
19:26:45.984 [FXGL Background Thread 2 ] DEBUG FXGLAssetLoaderServi - Loading from file system: file:/C:/Users/Usuario/OneDrive%20-%20Universidad%20Icesi%20(@icesi.edu.co)/APO2/Tareas%20integradoras/NuclearThroneAtomic/src/nuclearthroneatomic/target/classes/assets/textures/Avatar/2-Run/1.png
19:26:45.988 [FXGL Background Thread 2 ] DEBUG FXGLAssetLoaderServi - Loading from file system: file:/C:/Users/Usuario/OneDrive%20-%20Universidad%20Icesi%20(@icesi.edu.co)/APO2/Tareas%20integradoras/NuclearThroneAtomic/src/nuclearthroneatomic/target/classes/assets/textures/Avatar/2-Run/2.png
19:26:45.992 [FXGL Background Thread 2 ] DEBUG FXGLAssetLoaderServi - Loading from file system: file:/C:/Users/Usuario/OneDrive%20-%20Universidad%20Icesi%20(@icesi.edu.co)/APO2/Tareas%20integradoras/NuclearThroneAtomic/src/nuclearthroneatomic/target/classes/assets/textures/Avatar/2-Run/3.png
19:26:45.996 [FXGL Background Thread 2 ] DEBUG FXGLAssetLoaderServi - Loading from file system: file:/C:/Users/Usuario/OneDrive%20-%20Universidad%20Icesi%20(@icesi.edu.co)/APO2/Tareas%20integradoras/NuclearThroneAtomic/src/nuclearthroneatomic/target/classes/assets/textures/Avatar/2-Run/4.png
19:26:45.999 [FXGL Background Thread 2 ] DEBUG FXGLAssetLoaderServi - Loading from file system: file:/C:/Users/Usuario/OneDrive%20-%20Universidad%20Icesi%20(@icesi.edu.co)/APO2/Tareas%20integradoras/NuclearThroneAtomic/src/nuclearthroneatomic/target/classes/assets/textures/Avatar/2-Run/5.png
19:26:46.002 [FXGL Background Thread 2 ] DEBUG FXGLAssetLoaderServi - Loading from file system: file:/C:/Users/Usuario/OneDrive%20-%20Universidad%20Icesi%20(@icesi.edu.co)/APO2/Tareas%20integradoras/NuclearThroneAtomic/src/nuclearthroneatomic/target/classes/assets/textures/Avatar/2-Run/6.png
19:26:46.010 [FXGL Background Thread 2 ] DEBUG FXGLAssetLoaderServi - Loading from file system: file:/C:/Users/Usuario/OneDrive%20-%20Universidad%20Icesi%20(@icesi.edu.co)/APO2/Tareas%20integradoras/NuclearThroneAtomic/src/nuclearthroneatomic/target/classes/assets/textures/Munition/1.png
19:26:46.059 [FXGL Background Thread 2 ] DEBUG FXGLAssetLoaderServi - Loading from file system: file:/C:/Users/Usuario/OneDrive%20-%20Universidad%20Icesi%20(@icesi.edu.co)/APO2/Tareas%20integradoras/NuclearThroneAtomic/src/nuclearthroneatomic/target/classes/assets/textures/hud/lifeplayer.png
19:26:46.066 [FXGL Background Thread 2 ] DEBUG FXGLAssetLoaderServi - Loading from file system: file:/C:/Users/Usuario/OneDrive%20-%20Universidad%20Icesi%20(@icesi.edu.co)/APO2/Tareas%20integradoras/NuclearThroneAtomic/src/nuclearthroneatomic/target/classes/assets/textures/hud/medkit.png
19:26:46.071 [FXGL Background Thread 2 ] DEBUG FXGLAssetLoaderServi - Loading from file system: file:/C:/Users/Usuario/OneDrive%20-%20Universidad%20Icesi%20(@icesi.edu.co)/APO2/Tareas%20integradoras/NuclearThroneAtomic/src/nuclearthroneatomic/target/classes/assets/textures/hud/trebol.png
19:26:46.079 [FXGL Background Thread 2 ] DEBUG FXGLAssetLoaderServi - Loading from file system: file:/C:/Users/Usuario/OneDrive%20-%20Universidad%20Icesi%20(@icesi.edu.co)/APO2/Tareas%20integradoras/NuclearThroneAtomic/src/nuclearthroneatomic/target/classes/assets/textures/Guns/1.png
19:26:46.085 [FXGL Background Thread 2 ] DEBUG FXGLAssetLoaderServi - Loading from file system: file:/C:/Users/Usuario/OneDrive%20-%20Universidad%20Icesi%20(@icesi.edu.co)/APO2/Tareas%20integradoras/NuclearThroneAtomic/src/nuclearthroneatomic/target/classes/assets/textures/enemy/1-Idle/1.png
19:26:46.088 [FXGL Background Thread 2 ] DEBUG FXGLAssetLoaderServi - Loading from file system: file:/C:/Users/Usuario/OneDrive%20-%20Universidad%20Icesi%20(@icesi.edu.co)/APO2/Tareas%20integradoras/NuclearThroneAtomic/src/nuclearthroneatomic/target/classes/assets/textures/enemy/1-Idle/2.png
19:26:46.091 [FXGL Background Thread 2 ] DEBUG FXGLAssetLoaderServi - Loading from file system: file:/C:/Users/Usuario/OneDrive%20-%20Universidad%20Icesi%20(@icesi.edu.co)/APO2/Tareas%20integradoras/NuclearThroneAtomic/src/nuclearthroneatomic/target/classes/assets/textures/enemy/1-Idle/3.png
19:26:46.094 [FXGL Background Thread 2 ] DEBUG FXGLAssetLoaderServi - Loading from file system: file:/C:/Users/Usuario/OneDrive%20-%20Universidad%20Icesi%20(@icesi.edu.co)/APO2/Tareas%20integradoras/NuclearThroneAtomic/src/nuclearthroneatomic/target/classes/assets/textures/enemy/1-Idle/4.png
19:26:46.124 [FXGL Background Thread 2 ] DEBUG FXGLAssetLoaderServi - Loading from file system: file:/C:/Users/Usuario/OneDrive%20-%20Universidad%20Icesi%20(@icesi.edu.co)/APO2/Tareas%20integradoras/NuclearThroneAtomic/src/nuclearthroneatomic/target/classes/assets/textures/portal/1.png
19:26:46.129 [FXGL Background Thread 2 ] DEBUG FXGLAssetLoaderServi - Loading from file system: file:/C:/Users/Usuario/OneDrive%20-%20Universidad%20Icesi%20(@icesi.edu.co)/APO2/Tareas%20integradoras/NuclearThroneAtomic/src/nuclearthroneatomic/target/classes/assets/textures/portal/2.png
19:26:46.134 [FXGL Background Thread 2 ] DEBUG FXGLAssetLoaderServi - Loading from file system: file:/C:/Users/Usuario/OneDrive%20-%20Universidad%20Icesi%20(@icesi.edu.co)/APO2/Tareas%20integradoras/NuclearThroneAtomic/src/nuclearthroneatomic/target/classes/assets/textures/portal/3.png
19:26:46.139 [FXGL Background Thread 2 ] DEBUG FXGLAssetLoaderServi - Loading from file system: file:/C:/Users/Usuario/OneDrive%20-%20Universidad%20Icesi%20(@icesi.edu.co)/APO2/Tareas%20integradoras/NuclearThroneAtomic/src/nuclearthroneatomic/target/classes/assets/textures/portal/4.png
19:26:46.159 [FXGL Background Thread 2 ] DEBUG FXGLAssetLoaderServi - Loading from file system: file:/C:/Users/Usuario/OneDrive%20-%20Universidad%20Icesi%20(@icesi.edu.co)/APO2/Tareas%20integradoras/NuclearThroneAtomic/src/nuclearthroneatomic/target/classes/assets/textures/Wall/1.png
19:26:46.332 [FXGL Background Thread 2 ] INFO  FXGLApplication      - Game initialization took: 0,410 sec
19:26:46.336 [JavaFX Application Thread] DEBUG Input                - Clearing active input actions
19:26:46.350 [JavaFX Application Thread] DEBUG GameApplicationServi - Removing overlay from FXGLLoadingScene and adding to GameScene
19:26:46.351 [JavaFX Application Thread] DEBUG PrimaryStageWindow   - FXGLLoadingScene -> GameScene
19:26:46.364 [JavaFX Application Thread] DEBUG LoopRunner           - Stopping loop
19:26:46.365 [JavaFX Application Thread] FATAL FXGLApplication      - Uncaught Exception:
java.lang.IllegalArgumentException: Component PlayerWeaponComponent not found!
	at com.almasb.fxgl.entity@17.2/com.almasb.fxgl.entity.Entity.getComponent(Entity.java:366)
	at com.example.nuclearthroneatomic/model.Enemycontrol.onUpdate(Enemycontrol.java:66)
	at com.almasb.fxgl.entity@17.2/com.almasb.fxgl.entity.Entity$ComponentMap.update(Entity.java:60)
	at com.almasb.fxgl.entity@17.2/com.almasb.fxgl.entity.Entity.update(Entity.java:248)
	at com.almasb.fxgl.entity@17.2/com.almasb.fxgl.entity.GameWorld.onUpdate(GameWorld.kt:177)
	at com.almasb.fxgl.all@17.2/com.almasb.fxgl.app.scene.GameScene.step(GameScene.kt:228)
	at com.almasb.fxgl.all@17.2/com.almasb.fxgl.app.scene.GameScene.onUpdate(GameScene.kt:224)
	at com.almasb.fxgl.scene@17.2/com.almasb.fxgl.scene.Scene.update(Scene.kt:105)
	at com.almasb.fxgl.all@17.2/com.almasb.fxgl.app.MainWindow$update$1.invoke(MainWindow.kt:115)
	at com.almasb.fxgl.all@17.2/com.almasb.fxgl.app.MainWindow$update$1.invoke(MainWindow.kt:115)
	at com.almasb.fxgl.core@17.2/com.almasb.fxgl.core.fsm.StateMachine.runOnActiveStates(StateMachine.kt:69)
	at com.almasb.fxgl.all@17.2/com.almasb.fxgl.app.MainWindow.update(MainWindow.kt:115)
	at com.almasb.fxgl.all@17.2/com.almasb.fxgl.app.FXGLApplication$GameApplicationService.onUpdate(FXGLApplication.kt:426)
	at com.almasb.fxgl.all@17.2/com.almasb.fxgl.app.Engine.loop(Engine.kt:134)
	at com.almasb.fxgl.all@17.2/com.almasb.fxgl.app.Engine.access$loop(Engine.kt:24)
	at com.almasb.fxgl.all@17.2/com.almasb.fxgl.app.Engine$loop$1.invoke(Engine.kt:28)
	at com.almasb.fxgl.all@17.2/com.almasb.fxgl.app.Engine$loop$1.invoke(Engine.kt:28)
	at com.almasb.fxgl.all@17.2/com.almasb.fxgl.app.LoopRunner.frame(LoopRunner.kt:103)
	at com.almasb.fxgl.all@17.2/com.almasb.fxgl.app.LoopRunner.access$frame(LoopRunner.kt:23)
	at com.almasb.fxgl.all@17.2/com.almasb.fxgl.app.LoopRunner$impl$2$1.onTick(LoopRunner.kt:57)
	at com.almasb.fxgl.all@17.2/com.almasb.fxgl.app.AnimationTimerLoop$timer$1.handle(LoopRunner.kt:137)
	at javafx.graphics@18.0.2/javafx.animation.AnimationTimer$AnimationTimerReceiver.lambda$handle$0(AnimationTimer.java:58)
	at java.base/java.security.AccessController.doPrivileged(AccessController.java:400)
	at javafx.graphics@18.0.2/javafx.animation.AnimationTimer$AnimationTimerReceiver.handle(AnimationTimer.java:57)
	at javafx.graphics@18.0.2/com.sun.scenario.animation.AbstractPrimaryTimer.timePulseImpl(AbstractPrimaryTimer.java:356)
	at javafx.graphics@18.0.2/com.sun.scenario.animation.AbstractPrimaryTimer$MainLoop.run(AbstractPrimaryTimer.java:266)
	at javafx.graphics@18.0.2/com.sun.javafx.tk.quantum.QuantumToolkit.pulse(QuantumToolkit.java:571)
	at javafx.graphics@18.0.2/com.sun.javafx.tk.quantum.QuantumToolkit.pulse(QuantumToolkit.java:555)
	at javafx.graphics@18.0.2/com.sun.javafx.tk.quantum.QuantumToolkit.pulseFromQueue(QuantumToolkit.java:548)
	at javafx.graphics@18.0.2/com.sun.javafx.tk.quantum.QuantumToolkit.lambda$runToolkit$11(QuantumToolkit.java:352)
	at javafx.graphics@18.0.2/com.sun.glass.ui.InvokeLaterDispatcher$Future.run(InvokeLaterDispatcher.java:96)
	at javafx.graphics@18.0.2/com.sun.glass.ui.win.WinApplication._runLoop(Native Method)
	at javafx.graphics@18.0.2/com.sun.glass.ui.win.WinApplication.lambda$runLoop$3(WinApplication.java:184)
	at java.base/java.lang.Thread.run(Thread.java:1623)

19:26:46.366 [JavaFX Application Thread] FATAL FXGLApplication      - Application will now exit
19:26:46.397 [JavaFX Application Thread] DEBUG PrimaryStageWindow   - Push state: ErrorSubScene
19:26:46.397 [JavaFX Application Thread] DEBUG Input                - Clearing active input actions
19:26:46.400 [JavaFX Application Thread] DEBUG GameApplicationServi - Removing overlay from GameScene and adding to ErrorSubScene
19:26:46.400 [JavaFX Application Thread] DEBUG PrimaryStageWindow   - GameScene -> ErrorSubScene
19:26:59.557 [JavaFX Application Thread] DEBUG FXGLApplication      - Exiting FXGL
19:26:59.557 [JavaFX Application Thread] DEBUG Async                - Shutting down background threads
19:26:59.557 [JavaFX Application Thread] DEBUG PrimaryStageWindow   - Closing main window
19:26:59.573 [JavaFX Application Thread] DEBUG Logger               - Closing Logger
