22:40:12.094 [main                     ] DEBUG Logger               - Configured Logger
22:40:12.139 [main                     ] DEBUG GameApplication      - Logging settings
Title: Nuclear Throne Atomic
Version: 0.0
Width: 800
Height: 600
Fullscreen: true
Intro: false
Profiling: false
Single step:false
App Mode: DEVELOPER
Menu Key: ESCAPE
Stage Style: DECORATED
Scene Factory: class com.almasb.fxgl.app.scene.SceneFactory

22:40:12.576 [JavaFX Application Thread] DEBUG FXGLApplication      - Initializing FXGL
22:40:12.590 [JavaFX Application Thread] INFO  Engine               - FXGL-17.2 (20.08.2022 16.50) on WINDOWS (J:18.0.2 FX:18.0.2)
22:40:12.590 [JavaFX Application Thread] DEBUG Engine               - JRE Vendor Name: Amazon.com Inc.
22:40:12.590 [JavaFX Application Thread] DEBUG Engine               - Running on OS: Windows 10 version 10.0
22:40:12.591 [JavaFX Application Thread] DEBUG Engine               - Architecture: amd64
22:40:12.591 [JavaFX Application Thread] INFO  Engine               - Source code and latest versions at: https://github.com/AlmasB/FXGL
22:40:12.591 [JavaFX Application Thread] INFO  Engine               -       Ask questions and discuss at: https://github.com/AlmasB/FXGL/discussions
22:40:12.591 [JavaFX Application Thread] INFO  Engine               -              Join the FXGL chat at: https://gitter.im/AlmasB/FXGL
22:40:12.710 [JavaFX Application Thread] DEBUG PrimaryStageWindow   - Creating a JavaFX scene
22:40:12.786 [JavaFX Application Thread] DEBUG PrimaryStageWindow   - Target settings size: 800.0 x 600.0
22:40:12.786 [JavaFX Application Thread] DEBUG PrimaryStageWindow   - Scaled scene size:    800.0 x 600.0
22:40:12.786 [JavaFX Application Thread] DEBUG PrimaryStageWindow   - Scaled ratio: (1.0, 1.0)
22:40:12.790 [JavaFX Application Thread] DEBUG PrimaryStageWindow   - Set initial scene to FXGLStartupScene
22:40:12.805 [JavaFX Application Thread] DEBUG PrimaryStageWindow   - Opening main window
22:40:12.930 [JavaFX Application Thread] DEBUG PrimaryStageWindow   - Window border size: (16.0, 39.0)
22:40:12.930 [JavaFX Application Thread] DEBUG PrimaryStageWindow   - Scaled size: 800.0 x 600.0
22:40:12.931 [JavaFX Application Thread] DEBUG PrimaryStageWindow   - Scaled ratio: (1.0, 1.0)
22:40:12.931 [JavaFX Application Thread] DEBUG PrimaryStageWindow   - Scene size: 800.0 x 600.0
22:40:12.932 [JavaFX Application Thread] DEBUG PrimaryStageWindow   - Stage size: 816.0 x 639.0
22:40:12.953 [FXGL Background Thread 1 ] DEBUG Engine               - Initializing environment variables
22:40:13.051 [FXGL Background Thread 1 ] DEBUG FXGLAssetLoaderServi - User app class for loading assets: class com.example.nuclearthroneatomic.Controller
22:40:13.051 [FXGL Background Thread 1 ] DEBUG GameApplicationServi - Applying CSS: fxgl_dark.css
22:40:13.052 [FXGL Background Thread 1 ] DEBUG FXGLAssetLoaderServi - Loading from file system: jar:file:///C:/Users/Juan/.m2/repository/com/github/almasb/fxgl/17.2/fxgl-17.2.jar!/fxglassets/ui/css/fxgl_dark.css
22:40:13.149 [FXGL Background Thread 1 ] DEBUG GameApplicationServi - Initializing application scenes
22:40:13.270 [FXGL Background Thread 1 ] DEBUG GameWorld            - Game world initialized
22:40:13.348 [FXGL Background Thread 1 ] DEBUG PhysicsWorld         - Physics world initialized: appHeight=600, physics.ppm=50,0
22:40:13.348 [FXGL Background Thread 1 ] DEBUG PhysicsWorld         - Using strategy: BRUTE_FORCE
22:40:13.378 [FXGL Background Thread 1 ] DEBUG GameScene            - Game scene initialized: 800x600
22:40:13.399 [FXGL Background Thread 1 ] DEBUG FXGL.DefaultMenu     - createMenuBodyMainMenu()
22:40:13.426 [FXGL Background Thread 1 ] DEBUG FXGL.DefaultMenu     - createOptionsMenu()
22:40:13.448 [FXGL Background Thread 1 ] DEBUG FXGLAssetLoaderServi - Loading from file system: jar:file:///C:/Users/Juan/.m2/repository/com/github/almasb/fxgl/17.2/fxgl-17.2.jar!/fxglassets/textures/particles/smoke.png
22:40:13.626 [FXGL Background Thread 1 ] DEBUG FXGLAssetLoaderServi - Loading from file system: jar:file:///C:/Users/Juan/.m2/repository/com/github/almasb/fxgl/17.2/fxgl-17.2.jar!/fxglassets/textures/particles/trace_horizontal.png
22:40:13.660 [FXGL Background Thread 1 ] DEBUG FXGL.DefaultMenu     - createMenuBodyGameMenu()
22:40:13.661 [FXGL Background Thread 1 ] DEBUG FXGL.DefaultMenu     - createOptionsMenu()
22:40:13.681 [FXGL Background Thread 1 ] DEBUG GameApplicationServi - Application scenes initialized
22:40:13.698 [FXGL Background Thread 1 ] DEBUG SystemBundleService  - Loading FXGL system data
22:40:13.718 [FXGL Background Thread 1 ] DEBUG FileSystemAccess     - Reading from: C:\Users\Juan\Desktop\Apo Integradora 3\NuclearThroneAtomic\src\nuclearthroneatomic\system\fxgl.bundle
22:40:13.746 [FXGL Background Thread 1 ] DEBUG SystemBundleService  - Bundle FXGL: {}
22:40:13.746 [FXGL Background Thread 1 ] DEBUG UpdaterService       - Checking for updates
22:40:13.753 [FXGL Background Thread 4 ] DEBUG FXGLApplication      - Loading fonts
22:40:13.754 [FXGL Background Thread 1 ] DEBUG FXGLApplication      - Loading default localization
22:40:13.754 [FXGL Background Thread 4 ] DEBUG FXGLAssetLoaderServi - Loading from file system: jar:file:///C:/Users/Juan/.m2/repository/com/github/almasb/fxgl/17.2/fxgl-17.2.jar!/fxglassets/ui/fonts/VarelaRound-Regular.ttf
22:40:13.755 [FXGL Background Thread 1 ] DEBUG FXGLAssetLoaderServi - Loading from file system: jar:file:///C:/Users/Juan/.m2/repository/com/github/almasb/fxgl/17.2/fxgl-17.2.jar!/fxglassets/languages/english.lang
22:40:13.776 [FXGL Background Thread 1 ] INFO  FXGLApplication      - FXGL initialization took: 0,822 sec
22:40:13.788 [JavaFX Application Thread] DEBUG Input                - Registered new binding: lucky - Q
22:40:13.788 [JavaFX Application Thread] DEBUG Input                - Registered new binding: health - F
22:40:13.788 [JavaFX Application Thread] DEBUG Input                - Registered new binding: Right - D
22:40:13.788 [JavaFX Application Thread] DEBUG Input                - Registered new binding: Left - A
22:40:13.788 [JavaFX Application Thread] DEBUG Input                - Registered new binding: Up - W
22:40:13.789 [JavaFX Application Thread] DEBUG Input                - Registered new binding: Down - S
22:40:13.790 [JavaFX Application Thread] DEBUG Input                - Registered new binding: Reload - RMB
22:40:13.790 [JavaFX Application Thread] DEBUG Input                - Registered new binding: Shoot - LMB
22:40:13.791 [JavaFX Application Thread] DEBUG FXGLAssetLoaderServi - Loading from file system: jar:file:///C:/Users/Juan/.m2/repository/com/github/almasb/fxgl/17.2/fxgl-17.2.jar!/fxglassets/textures/fxgl_icon.png
22:40:13.818 [JavaFX Application Thread] DEBUG FXGLAssetLoaderServi - Loading from file system: jar:file:///C:/Users/Juan/.m2/repository/com/github/almasb/fxgl/17.2/fxgl-17.2.jar!/fxglassets/textures/fxgl_default_cursor.png
22:40:13.820 [JavaFX Application Thread] DEBUG Input                - Registered new binding: Screenshot - CTRL+8
22:40:13.821 [JavaFX Application Thread] DEBUG Input                - Registered new binding: System info dump - CTRL+9
22:40:13.822 [JavaFX Application Thread] DEBUG Input                - Registered new binding: Restart - CTRL+R
22:40:13.822 [JavaFX Application Thread] DEBUG Input                - Registered new binding: Toggle Debug Camera - CTRL+7
22:40:13.824 [JavaFX Application Thread] DEBUG LoopRunner           - Starting loop
22:40:13.824 [JavaFX Application Thread] DEBUG LoopRunner           - Initializing JavaFX AnimationTimerLoop
22:40:13.826 [JavaFX Application Thread] DEBUG Input                - Clearing active input actions
22:40:13.834 [JavaFX Application Thread] DEBUG GameApplicationServi - Removing overlay from FXGLStartupScene and adding to FXGLMainMenuDummyScene
22:40:13.835 [JavaFX Application Thread] DEBUG PrimaryStageWindow   - FXGLStartupScene -> FXGLMainMenuDummyScene
22:40:13.836 [JavaFX Application Thread] DEBUG PrimaryStageWindow   - Push state: FXGLDefaultMenu
22:40:13.841 [JavaFX Application Thread] DEBUG Input                - Clearing active input actions
22:40:13.850 [JavaFX Application Thread] DEBUG GameApplicationServi - Removing overlay from FXGLMainMenuDummyScene and adding to FXGLDefaultMenu
22:40:13.850 [JavaFX Application Thread] DEBUG PrimaryStageWindow   - FXGLMainMenuDummyScene -> FXGLDefaultMenu
22:40:13.992 [FXGL Background Thread 4 ] DEBUG FXGLAssetLoaderServi - Loading from file system: jar:file:///C:/Users/Juan/.m2/repository/com/github/almasb/fxgl/17.2/fxgl-17.2.jar!/fxglassets/ui/fonts/Abel-Regular.ttf
22:40:14.026 [FXGL Background Thread 4 ] DEBUG FXGLAssetLoaderServi - Loading from file system: jar:file:///C:/Users/Juan/.m2/repository/com/github/almasb/fxgl/17.2/fxgl-17.2.jar!/fxglassets/ui/fonts/TerminalLandMono-Regular.otf
22:40:14.076 [FXGL Background Thread 4 ] DEBUG FXGLAssetLoaderServi - Loading from file system: jar:file:///C:/Users/Juan/.m2/repository/com/github/almasb/fxgl/17.2/fxgl-17.2.jar!/fxglassets/ui/fonts/Courier-Prime.ttf
22:40:14.140 [JavaFX Application Thread] DEBUG FXGLApplication      - Registering font factories with UI factory
22:40:15.917 [JavaFX Application Thread] DEBUG Menu                 - fireNewGame()
22:40:15.917 [JavaFX Application Thread] DEBUG GameApplicationServi - Starting new game
22:40:15.920 [JavaFX Application Thread] DEBUG PrimaryStageWindow   - Pop state: FXGLDefaultMenu
22:40:15.921 [JavaFX Application Thread] DEBUG Input                - Clearing active input actions
22:40:15.958 [JavaFX Application Thread] DEBUG GameApplicationServi - Removing overlay from FXGLDefaultMenu and adding to FXGLMainMenuDummyScene
22:40:15.959 [JavaFX Application Thread] DEBUG PrimaryStageWindow   - FXGLMainMenuDummyScene <- FXGLDefaultMenu
22:40:15.960 [JavaFX Application Thread] DEBUG Input                - Clearing active input actions
22:40:16.021 [JavaFX Application Thread] DEBUG GameApplicationServi - Removing overlay from FXGLMainMenuDummyScene and adding to FXGLLoadingScene
22:40:16.022 [JavaFX Application Thread] DEBUG PrimaryStageWindow   - FXGLMainMenuDummyScene -> FXGLLoadingScene
22:40:16.022 [JavaFX Application Thread] DEBUG GameApplicationServi - Clearing previous game
22:40:16.022 [JavaFX Application Thread] DEBUG GameScene            - Clearing game scene
22:40:16.022 [JavaFX Application Thread] DEBUG GameWorld            - Clearing game world
22:40:16.023 [JavaFX Application Thread] DEBUG PhysicsWorld         - Clearing physics world
22:40:16.025 [FXGL Background Thread 4 ] DEBUG FXGLApplication      - Initializing game
22:40:16.041 [FXGL Background Thread 4 ] DEBUG FXGLAssetLoaderServi - Loading from file system: file:/C:/Users/Juan/Desktop/Apo%20Integradora%203/NuclearThroneAtomic/src/nuclearthroneatomic/target/classes/assets/textures/Avatar/1-Idle/1.png
22:40:16.045 [FXGL Background Thread 4 ] DEBUG FXGLAssetLoaderServi - Loading from file system: file:/C:/Users/Juan/Desktop/Apo%20Integradora%203/NuclearThroneAtomic/src/nuclearthroneatomic/target/classes/assets/textures/Avatar/1-Idle/2.png
22:40:16.057 [FXGL Background Thread 4 ] DEBUG FXGLAssetLoaderServi - Loading from file system: file:/C:/Users/Juan/Desktop/Apo%20Integradora%203/NuclearThroneAtomic/src/nuclearthroneatomic/target/classes/assets/textures/Avatar/1-Idle/3.png
22:40:16.067 [FXGL Background Thread 4 ] DEBUG FXGLAssetLoaderServi - Loading from file system: file:/C:/Users/Juan/Desktop/Apo%20Integradora%203/NuclearThroneAtomic/src/nuclearthroneatomic/target/classes/assets/textures/Avatar/1-Idle/4.png
22:40:16.217 [FXGL Background Thread 4 ] DEBUG FXGLAssetLoaderServi - Loading from file system: file:/C:/Users/Juan/Desktop/Apo%20Integradora%203/NuclearThroneAtomic/src/nuclearthroneatomic/target/classes/assets/textures/Avatar/2-Run/1.png
22:40:16.224 [FXGL Background Thread 4 ] DEBUG FXGLAssetLoaderServi - Loading from file system: file:/C:/Users/Juan/Desktop/Apo%20Integradora%203/NuclearThroneAtomic/src/nuclearthroneatomic/target/classes/assets/textures/Avatar/2-Run/2.png
22:40:16.230 [FXGL Background Thread 4 ] DEBUG FXGLAssetLoaderServi - Loading from file system: file:/C:/Users/Juan/Desktop/Apo%20Integradora%203/NuclearThroneAtomic/src/nuclearthroneatomic/target/classes/assets/textures/Avatar/2-Run/3.png
22:40:16.262 [FXGL Background Thread 4 ] DEBUG FXGLAssetLoaderServi - Loading from file system: file:/C:/Users/Juan/Desktop/Apo%20Integradora%203/NuclearThroneAtomic/src/nuclearthroneatomic/target/classes/assets/textures/Avatar/2-Run/4.png
22:40:16.290 [FXGL Background Thread 4 ] DEBUG FXGLAssetLoaderServi - Loading from file system: file:/C:/Users/Juan/Desktop/Apo%20Integradora%203/NuclearThroneAtomic/src/nuclearthroneatomic/target/classes/assets/textures/Avatar/2-Run/5.png
22:40:16.324 [FXGL Background Thread 4 ] DEBUG FXGLAssetLoaderServi - Loading from file system: file:/C:/Users/Juan/Desktop/Apo%20Integradora%203/NuclearThroneAtomic/src/nuclearthroneatomic/target/classes/assets/textures/Avatar/2-Run/6.png
22:40:16.353 [FXGL Background Thread 4 ] DEBUG FXGLAssetLoaderServi - Loading from file system: file:/C:/Users/Juan/Desktop/Apo%20Integradora%203/NuclearThroneAtomic/src/nuclearthroneatomic/target/classes/assets/textures/Munition/1.png
22:40:16.539 [FXGL Background Thread 4 ] DEBUG FXGLAssetLoaderServi - Loading from file system: file:/C:/Users/Juan/Desktop/Apo%20Integradora%203/NuclearThroneAtomic/src/nuclearthroneatomic/target/classes/assets/textures/hud/lifeplayer.png
22:40:16.591 [FXGL Background Thread 4 ] DEBUG FXGLAssetLoaderServi - Loading from file system: file:/C:/Users/Juan/Desktop/Apo%20Integradora%203/NuclearThroneAtomic/src/nuclearthroneatomic/target/classes/assets/textures/hud/medkit.png
22:40:16.623 [FXGL Background Thread 4 ] DEBUG FXGLAssetLoaderServi - Loading from file system: file:/C:/Users/Juan/Desktop/Apo%20Integradora%203/NuclearThroneAtomic/src/nuclearthroneatomic/target/classes/assets/textures/hud/trebol.png
22:40:16.634 [FXGL Background Thread 4 ] DEBUG FXGLAssetLoaderServi - Loading from file system: file:/C:/Users/Juan/Desktop/Apo%20Integradora%203/NuclearThroneAtomic/src/nuclearthroneatomic/target/classes/assets/textures/Guns/1.png
22:40:16.652 [FXGL Background Thread 4 ] DEBUG FXGLAssetLoaderServi - Loading from file system: file:/C:/Users/Juan/Desktop/Apo%20Integradora%203/NuclearThroneAtomic/src/nuclearthroneatomic/target/classes/assets/textures/enemy/1-Idle/1.png
22:40:16.669 [FXGL Background Thread 4 ] DEBUG FXGLAssetLoaderServi - Loading from file system: file:/C:/Users/Juan/Desktop/Apo%20Integradora%203/NuclearThroneAtomic/src/nuclearthroneatomic/target/classes/assets/textures/enemy/1-Idle/2.png
22:40:16.672 [FXGL Background Thread 4 ] DEBUG FXGLAssetLoaderServi - Loading from file system: file:/C:/Users/Juan/Desktop/Apo%20Integradora%203/NuclearThroneAtomic/src/nuclearthroneatomic/target/classes/assets/textures/enemy/1-Idle/3.png
22:40:16.678 [FXGL Background Thread 4 ] DEBUG FXGLAssetLoaderServi - Loading from file system: file:/C:/Users/Juan/Desktop/Apo%20Integradora%203/NuclearThroneAtomic/src/nuclearthroneatomic/target/classes/assets/textures/enemy/1-Idle/4.png
22:40:16.699 [FXGL Background Thread 4 ] DEBUG FXGLAssetLoaderServi - Loading from file system: file:/C:/Users/Juan/Desktop/Apo%20Integradora%203/NuclearThroneAtomic/src/nuclearthroneatomic/target/classes/assets/textures/enemy/2-Run/1.png
22:40:16.720 [FXGL Background Thread 4 ] DEBUG FXGLAssetLoaderServi - Loading from file system: file:/C:/Users/Juan/Desktop/Apo%20Integradora%203/NuclearThroneAtomic/src/nuclearthroneatomic/target/classes/assets/textures/enemy/2-Run/2.png
22:40:16.737 [FXGL Background Thread 4 ] DEBUG FXGLAssetLoaderServi - Loading from file system: file:/C:/Users/Juan/Desktop/Apo%20Integradora%203/NuclearThroneAtomic/src/nuclearthroneatomic/target/classes/assets/textures/enemy/2-Run/3.png
22:40:16.753 [FXGL Background Thread 4 ] DEBUG FXGLAssetLoaderServi - Loading from file system: file:/C:/Users/Juan/Desktop/Apo%20Integradora%203/NuclearThroneAtomic/src/nuclearthroneatomic/target/classes/assets/textures/enemy/2-Run/4.png
22:40:16.755 [FXGL Background Thread 3 ] DEBUG Engine               - Logging environment variables
22:40:16.755 [FXGL Background Thread 3 ] DEBUG Engine               - achievements: []
22:40:16.756 [FXGL Background Thread 3 ] DEBUG Engine               - actualHeight: 600.0
22:40:16.756 [FXGL Background Thread 3 ] DEBUG Engine               - actualHeightProperty: ReadOnlyDoubleProperty [value: 600.0]
22:40:16.756 [FXGL Background Thread 3 ] DEBUG Engine               - actualWidth: 800.0
22:40:16.756 [FXGL Background Thread 3 ] DEBUG Engine               - actualWidthProperty: ReadOnlyDoubleProperty [value: 800.0]
22:40:16.757 [FXGL Background Thread 3 ] DEBUG Engine               - appIcon: fxgl_icon.png
22:40:16.757 [FXGL Background Thread 3 ] DEBUG Engine               - applicationMode: DEVELOPER
22:40:16.757 [FXGL Background Thread 3 ] DEBUG Engine               - cSSList: [fxgl_dark.css]
22:40:16.757 [FXGL Background Thread 3 ] DEBUG Engine               - collisionDetectionStrategy: BRUTE_FORCE
22:40:16.757 [FXGL Background Thread 3 ] DEBUG Engine               - configClass: Optional.empty
22:40:16.757 [FXGL Background Thread 3 ] DEBUG Engine               - credits: []
22:40:16.761 [FXGL Background Thread 3 ] DEBUG Engine               - defaultCursor: CursorInfo(imageName=fxgl_default_cursor.png, hotspotX=7.0, hotspotY=6.0)
22:40:16.762 [FXGL Background Thread 3 ] DEBUG Engine               - devBBoxColorProperty: ObjectProperty [value: 0xff0000ff]
22:40:16.762 [FXGL Background Thread 3 ] DEBUG Engine               - devEnableDebugCameraProperty: BooleanProperty [value: false]
22:40:16.765 [FXGL Background Thread 3 ] DEBUG Engine               - devSensorColorProperty: ObjectProperty [value: 0xffff00ff]
22:40:16.765 [FXGL Background Thread 3 ] DEBUG Engine               - devShowBBoxProperty: BooleanProperty [value: false]
22:40:16.765 [FXGL Background Thread 3 ] DEBUG Engine               - devShowPositionProperty: BooleanProperty [value: false]
22:40:16.810 [FXGL Background Thread 4 ] DEBUG FXGLAssetLoaderServi - Loading from file system: file:/C:/Users/Juan/Desktop/Apo%20Integradora%203/NuclearThroneAtomic/src/nuclearthroneatomic/target/classes/assets/textures/enemy/2-Run/5.png
22:40:16.821 [FXGL Background Thread 3 ] DEBUG Engine               - enabledMenuItems: []
22:40:16.821 [FXGL Background Thread 3 ] DEBUG Engine               - engineServices: [class com.almasb.fxgl.app.services.FXGLAssetLoaderService, class com.almasb.fxgl.app.FXGLApplication$GameApplicationService, class com.almasb.fxgl.app.services.FXGLDialogService, class com.almasb.fxgl.app.services.IOTaskExecutorService, class com.almasb.fxgl.io.FileSystemService, class com.almasb.fxgl.localization.LocalizationService, class com.almasb.fxgl.app.services.SystemBundleService, class com.almasb.fxgl.profile.SaveLoadService, class com.almasb.fxgl.ui.FXGLUIFactoryServiceProvider, class com.almasb.fxgl.ui.FXGLDialogFactoryServiceProvider, class com.almasb.fxgl.audio.AudioPlayer, class com.almasb.fxgl.notification.impl.NotificationServiceProvider, class com.almasb.fxgl.achievement.AchievementService, class com.almasb.fxgl.cutscene.CutsceneService, class com.almasb.fxgl.minigames.MiniGameService, class com.almasb.fxgl.net.NetService, class com.almasb.fxgl.app.services.UpdaterService, class com.almasb.fxgl.dev.DevService]
22:40:16.821 [FXGL Background Thread 3 ] DEBUG Engine               - fontGame: Abel-Regular.ttf
22:40:16.821 [FXGL Background Thread 3 ] DEBUG Engine               - fontMono: TerminalLandMono-Regular.otf
22:40:16.821 [FXGL Background Thread 3 ] DEBUG Engine               - fontText: Courier-Prime.ttf
22:40:16.821 [FXGL Background Thread 3 ] DEBUG Engine               - fontUI: VarelaRound-Regular.ttf
22:40:16.821 [FXGL Background Thread 3 ] DEBUG Engine               - fullScreen: BooleanProperty [value: false]
22:40:16.821 [FXGL Background Thread 3 ] DEBUG Engine               - gameDifficulty: MEDIUM
22:40:16.821 [FXGL Background Thread 3 ] DEBUG Engine               - gameDifficultyProperty: ObjectProperty [value: MEDIUM]
22:40:16.821 [FXGL Background Thread 3 ] DEBUG Engine               - globalMusicVolume: 0.5
22:40:16.822 [FXGL Background Thread 3 ] DEBUG Engine               - globalMusicVolumeProperty: DoubleProperty [value: 0.5]
22:40:16.822 [FXGL Background Thread 3 ] DEBUG Engine               - globalSoundVolume: 0.5
22:40:16.822 [FXGL Background Thread 3 ] DEBUG Engine               - globalSoundVolumeProperty: DoubleProperty [value: 0.5]
22:40:16.822 [FXGL Background Thread 3 ] DEBUG Engine               - height: 600
22:40:16.822 [FXGL Background Thread 3 ] DEBUG Engine               - is3D: false
22:40:16.822 [FXGL Background Thread 3 ] DEBUG Engine               - isAndroid: false
22:40:16.822 [FXGL Background Thread 3 ] DEBUG Engine               - isBrowser: false
22:40:16.822 [FXGL Background Thread 3 ] DEBUG Engine               - isClickFeedbackEnabled: false
22:40:16.822 [FXGL Background Thread 3 ] DEBUG Engine               - isCloseConfirmation: false
22:40:16.822 [FXGL Background Thread 3 ] DEBUG Engine               - isDesktop: true
22:40:16.822 [FXGL Background Thread 3 ] DEBUG Engine               - isDeveloperMenuEnabled: false
22:40:16.822 [FXGL Background Thread 3 ] DEBUG Engine               - isEmbedded: false
22:40:16.822 [FXGL Background Thread 3 ] DEBUG Engine               - isEntityPreloadEnabled: true
22:40:16.822 [FXGL Background Thread 3 ] DEBUG Engine               - isExperimentalTiledLargeMap: false
22:40:16.822 [FXGL Background Thread 3 ] DEBUG Engine               - isFileSystemWriteAllowed: true
22:40:16.822 [FXGL Background Thread 3 ] DEBUG Engine               - isFullScreenAllowed: true
22:40:16.822 [FXGL Background Thread 3 ] DEBUG Engine               - isFullScreenFromStart: false
22:40:16.822 [FXGL Background Thread 3 ] DEBUG Engine               - isGameMenuEnabled: true
22:40:16.822 [FXGL Background Thread 3 ] DEBUG Engine               - isIOS: false
22:40:16.822 [FXGL Background Thread 3 ] DEBUG Engine               - isIntroEnabled: false
22:40:16.822 [FXGL Background Thread 3 ] DEBUG Engine               - isLinux: false
22:40:16.822 [FXGL Background Thread 3 ] DEBUG Engine               - isMac: false
22:40:16.822 [FXGL Background Thread 3 ] DEBUG Engine               - isMainMenuEnabled: true
22:40:16.823 [FXGL Background Thread 3 ] DEBUG Engine               - isManualResizeEnabled: false
22:40:16.823 [FXGL Background Thread 3 ] DEBUG Engine               - isMobile: false
22:40:16.823 [FXGL Background Thread 3 ] DEBUG Engine               - isNative: false
22:40:16.823 [FXGL Background Thread 3 ] DEBUG Engine               - isPauseMusicWhenMinimized: true
22:40:16.823 [FXGL Background Thread 3 ] DEBUG Engine               - isPreserveResizeRatio: false
22:40:16.823 [FXGL Background Thread 3 ] DEBUG Engine               - isProfilingEnabled: false
22:40:16.823 [FXGL Background Thread 3 ] DEBUG Engine               - isScaleAffectedOnResize: true
22:40:16.823 [FXGL Background Thread 3 ] DEBUG Engine               - isSingleStep: false
22:40:16.823 [FXGL Background Thread 3 ] DEBUG Engine               - isUserProfileEnabled: false
22:40:16.823 [FXGL Background Thread 3 ] DEBUG Engine               - isWindows: true
22:40:16.823 [FXGL Background Thread 3 ] DEBUG Engine               - language: ObjectProperty [value: ENGLISH]
22:40:16.823 [FXGL Background Thread 3 ] DEBUG Engine               - menuKey: ESCAPE
22:40:16.823 [FXGL Background Thread 3 ] DEBUG Engine               - mouseSensitivity: 0.2
22:40:16.823 [FXGL Background Thread 3 ] DEBUG Engine               - notificationViewClass: class com.almasb.fxgl.notification.view.XboxNotificationView
22:40:16.823 [FXGL Background Thread 3 ] DEBUG Engine               - pixelsPerMeter: 50.0
22:40:16.823 [FXGL Background Thread 3 ] DEBUG Engine               - platform: WINDOWS
22:40:16.824 [FXGL Background Thread 3 ] DEBUG Engine               - prefHeightProperty: ReadOnlyDoubleProperty [value: 600.0]
22:40:16.824 [FXGL Background Thread 3 ] DEBUG Engine               - prefWidthProperty: ReadOnlyDoubleProperty [value: 800.0]
22:40:16.824 [FXGL Background Thread 3 ] DEBUG Engine               - profileDir: profiles/
22:40:16.824 [FXGL Background Thread 3 ] DEBUG Engine               - profileName: StringProperty [value: DEFAULT]
22:40:16.824 [FXGL Background Thread 3 ] DEBUG Engine               - randomSeed: -1
22:40:16.824 [FXGL Background Thread 3 ] DEBUG Engine               - runtimeInfo: RuntimeInfo(platform=WINDOWS, version=17.2, build=20.08.2022 16.50)
22:40:16.824 [FXGL Background Thread 3 ] DEBUG Engine               - saveFileExt: sav
22:40:16.824 [FXGL Background Thread 3 ] DEBUG Engine               - scaledHeightProp$fxgl: DoubleProperty [bound, value: 600.0]
22:40:16.824 [FXGL Background Thread 3 ] DEBUG Engine               - scaledWidthProp$fxgl: DoubleProperty [bound, value: 800.0]
22:40:16.825 [FXGL Background Thread 3 ] DEBUG Engine               - sceneFactory: com.almasb.fxgl.app.scene.SceneFactory@761a918f
22:40:16.825 [FXGL Background Thread 3 ] DEBUG Engine               - secondsIn24h: 60
22:40:16.825 [FXGL Background Thread 3 ] DEBUG Engine               - soundMenuBack: menu/back.wav
22:40:16.825 [FXGL Background Thread 3 ] DEBUG Engine               - soundMenuPress: menu/press.wav
22:40:16.825 [FXGL Background Thread 3 ] DEBUG Engine               - soundMenuSelect: menu/select.wav
22:40:16.825 [FXGL Background Thread 3 ] DEBUG Engine               - soundNotification: core/notification.wav
22:40:16.825 [FXGL Background Thread 3 ] DEBUG Engine               - stageStyle: DECORATED
22:40:16.825 [FXGL Background Thread 3 ] DEBUG Engine               - supportedLanguages: [ENGLISH, FRENCH, GERMAN, HUNGARIAN, RUSSIAN]
22:40:16.825 [FXGL Background Thread 3 ] DEBUG Engine               - ticksPerSecond: -1
22:40:16.825 [FXGL Background Thread 3 ] DEBUG Engine               - title: Nuclear Throne Atomic
22:40:16.825 [FXGL Background Thread 3 ] DEBUG Engine               - urlGithub: https://github.com/AlmasB/FXGL
22:40:16.825 [FXGL Background Thread 3 ] DEBUG Engine               - urlLeaderboard: http://fxgl-top.herokuapp.com/
22:40:16.825 [FXGL Background Thread 3 ] DEBUG Engine               - urlPOM: https://raw.githubusercontent.com/AlmasB/FXGL/release/README.md
22:40:16.825 [FXGL Background Thread 3 ] DEBUG Engine               - userAppClass: class com.example.nuclearthroneatomic.Controller
22:40:16.825 [FXGL Background Thread 3 ] DEBUG Engine               - version: 0.0
22:40:16.825 [FXGL Background Thread 3 ] DEBUG Engine               - versionCheckDays: 7
22:40:16.825 [FXGL Background Thread 3 ] DEBUG Engine               - width: 800
22:40:16.826 [FXGL Background Thread 3 ] DEBUG Engine               - Logging services
22:40:16.826 [FXGL Background Thread 3 ] DEBUG Engine               - class com.almasb.fxgl.app.services.FXGLAssetLoaderService
22:40:16.826 [FXGL Background Thread 3 ] DEBUG Engine               - class com.almasb.fxgl.app.FXGLApplication$GameApplicationService
22:40:16.826 [FXGL Background Thread 3 ] DEBUG Engine               - class com.almasb.fxgl.app.services.FXGLDialogService
22:40:16.826 [FXGL Background Thread 3 ] DEBUG Engine               - class com.almasb.fxgl.app.services.IOTaskExecutorService
22:40:16.826 [FXGL Background Thread 3 ] DEBUG Engine               - class com.almasb.fxgl.io.FileSystemService
22:40:16.826 [FXGL Background Thread 3 ] DEBUG Engine               - class com.almasb.fxgl.localization.LocalizationService
22:40:16.826 [FXGL Background Thread 3 ] DEBUG Engine               - class com.almasb.fxgl.app.services.SystemBundleService
22:40:16.826 [FXGL Background Thread 3 ] DEBUG Engine               - class com.almasb.fxgl.profile.SaveLoadService
22:40:16.826 [FXGL Background Thread 3 ] DEBUG Engine               - class com.almasb.fxgl.ui.FXGLUIFactoryServiceProvider
22:40:16.826 [FXGL Background Thread 3 ] DEBUG Engine               - class com.almasb.fxgl.ui.FXGLDialogFactoryServiceProvider
22:40:16.826 [FXGL Background Thread 3 ] DEBUG Engine               - class com.almasb.fxgl.audio.AudioPlayer
22:40:16.826 [FXGL Background Thread 3 ] DEBUG Engine               - class com.almasb.fxgl.notification.impl.NotificationServiceProvider
22:40:16.827 [FXGL Background Thread 3 ] DEBUG Engine               - class com.almasb.fxgl.achievement.AchievementService
22:40:16.827 [FXGL Background Thread 3 ] DEBUG Engine               - class com.almasb.fxgl.cutscene.CutsceneService
22:40:16.827 [FXGL Background Thread 3 ] DEBUG Engine               - class com.almasb.fxgl.minigames.MiniGameService
22:40:16.827 [FXGL Background Thread 3 ] DEBUG Engine               - class com.almasb.fxgl.net.NetService
22:40:16.827 [FXGL Background Thread 3 ] DEBUG Engine               - class com.almasb.fxgl.app.services.UpdaterService
22:40:16.827 [FXGL Background Thread 3 ] DEBUG Engine               - class com.almasb.fxgl.dev.DevService
22:40:16.899 [FXGL Background Thread 4 ] DEBUG FXGLAssetLoaderServi - Loading from file system: file:/C:/Users/Juan/Desktop/Apo%20Integradora%203/NuclearThroneAtomic/src/nuclearthroneatomic/target/classes/assets/textures/enemy/2-Run/6.png
22:40:16.925 [FXGL Background Thread 4 ] DEBUG FXGLAssetLoaderServi - Loading from file system: file:/C:/Users/Juan/Desktop/Apo%20Integradora%203/NuclearThroneAtomic/src/nuclearthroneatomic/target/classes/assets/textures/portal/1.png
22:40:16.947 [FXGL Background Thread 4 ] DEBUG FXGLAssetLoaderServi - Loading from file system: file:/C:/Users/Juan/Desktop/Apo%20Integradora%203/NuclearThroneAtomic/src/nuclearthroneatomic/target/classes/assets/textures/portal/2.png
22:40:16.955 [FXGL Background Thread 4 ] DEBUG FXGLAssetLoaderServi - Loading from file system: file:/C:/Users/Juan/Desktop/Apo%20Integradora%203/NuclearThroneAtomic/src/nuclearthroneatomic/target/classes/assets/textures/portal/3.png
22:40:16.963 [FXGL Background Thread 4 ] DEBUG FXGLAssetLoaderServi - Loading from file system: file:/C:/Users/Juan/Desktop/Apo%20Integradora%203/NuclearThroneAtomic/src/nuclearthroneatomic/target/classes/assets/textures/portal/4.png
22:40:16.992 [FXGL Background Thread 4 ] DEBUG FXGLAssetLoaderServi - Loading from file system: file:/C:/Users/Juan/Desktop/Apo%20Integradora%203/NuclearThroneAtomic/src/nuclearthroneatomic/target/classes/assets/textures/Wall/1.png
22:40:17.331 [FXGL Background Thread 4 ] INFO  FXGLApplication      - Game initialization took: 1,305 sec
22:40:17.336 [JavaFX Application Thread] DEBUG Input                - Clearing active input actions
22:40:17.347 [JavaFX Application Thread] DEBUG GameApplicationServi - Removing overlay from FXGLLoadingScene and adding to GameScene
22:40:17.347 [JavaFX Application Thread] DEBUG PrimaryStageWindow   - FXGLLoadingScene -> GameScene
22:40:18.526 [FXGL Background Thread 2 ] INFO  UpdaterService       - Your current version:  17.2
22:40:18.527 [FXGL Background Thread 2 ] INFO  UpdaterService       - Latest stable version: 17.3
22:40:26.543 [JavaFX Application Thread] DEBUG FXGLAssetLoaderServi - Loading from file system: file:/C:/Users/Juan/Desktop/Apo%20Integradora%203/NuclearThroneAtomic/src/nuclearthroneatomic/target/classes/assets/textures/Bullet/1.png
22:40:48.328 [JavaFX Application Thread] DEBUG FXGLApplication      - Exiting FXGL
22:40:48.328 [JavaFX Application Thread] DEBUG LoopRunner           - Stopping loop
22:40:48.328 [JavaFX Application Thread] DEBUG SystemBundleService  - Saving FXGL system data
22:40:48.805 [JavaFX Application Thread] DEBUG FileSystemAccess     - Writing to: C:\Users\Juan\Desktop\Apo Integradora 3\NuclearThroneAtomic\src\nuclearthroneatomic\system\fxgl.bundle
22:40:48.808 [JavaFX Application Thread] DEBUG Async                - Shutting down background threads
22:40:48.809 [JavaFX Application Thread] DEBUG PrimaryStageWindow   - Closing main window
22:40:48.827 [JavaFX Application Thread] DEBUG Logger               - Closing Logger
