10:20:52.109 [main                     ] DEBUG Logger               - Configured Logger
10:20:52.142 [main                     ] DEBUG GameApplication      - Logging settings
Title: Nuclear Throne Atomic
Version: 0.0
Width: 800
Height: 600
Fullscreen: true
Intro: false
Profiling: false
Single step:false
App Mode: DEVELOPER
Menu Key: ESCAPE
Stage Style: DECORATED
Scene Factory: class com.almasb.fxgl.app.scene.SceneFactory

10:20:53.066 [JavaFX Application Thread] DEBUG FXGLApplication      - Initializing FXGL
10:20:53.073 [JavaFX Application Thread] INFO  Engine               - FXGL-17.2 (20.08.2022 16.50) on WINDOWS (J:20.0.1 FX:19.0.2.1)
10:20:53.073 [JavaFX Application Thread] DEBUG Engine               - JRE Vendor Name: Oracle Corporation
10:20:53.074 [JavaFX Application Thread] DEBUG Engine               - Running on OS: Windows 10 version 10.0
10:20:53.074 [JavaFX Application Thread] DEBUG Engine               - Architecture: amd64
10:20:53.074 [JavaFX Application Thread] INFO  Engine               - Source code and latest versions at: https://github.com/AlmasB/FXGL
10:20:53.075 [JavaFX Application Thread] INFO  Engine               -       Ask questions and discuss at: https://github.com/AlmasB/FXGL/discussions
10:20:53.075 [JavaFX Application Thread] INFO  Engine               -              Join the FXGL chat at: https://gitter.im/AlmasB/FXGL
10:20:53.205 [JavaFX Application Thread] DEBUG PrimaryStageWindow   - Creating a JavaFX scene
10:20:53.278 [JavaFX Application Thread] DEBUG PrimaryStageWindow   - Target settings size: 800.0 x 600.0
10:20:53.279 [JavaFX Application Thread] DEBUG PrimaryStageWindow   - Scaled scene size:    800.0 x 600.0
10:20:53.279 [JavaFX Application Thread] DEBUG PrimaryStageWindow   - Scaled ratio: (1.0, 1.0)
10:20:53.281 [JavaFX Application Thread] DEBUG PrimaryStageWindow   - Set initial scene to FXGLStartupScene
10:20:53.291 [JavaFX Application Thread] DEBUG PrimaryStageWindow   - Opening main window
10:20:53.414 [JavaFX Application Thread] DEBUG PrimaryStageWindow   - Window border size: (16.0, 39.0)
10:20:53.415 [JavaFX Application Thread] DEBUG PrimaryStageWindow   - Scaled size: 800.0 x 600.0
10:20:53.416 [JavaFX Application Thread] DEBUG PrimaryStageWindow   - Scaled ratio: (1.0, 1.0)
10:20:53.416 [JavaFX Application Thread] DEBUG PrimaryStageWindow   - Scene size: 800.0 x 600.0
10:20:53.416 [JavaFX Application Thread] DEBUG PrimaryStageWindow   - Stage size: 816.0 x 639.0
10:20:53.486 [JavaFX Application Thread] DEBUG PrimaryStageWindow   - Going fullscreen
10:20:53.498 [FXGL Background Thread 1 ] DEBUG Engine               - Initializing environment variables
10:20:53.570 [FXGL Background Thread 1 ] DEBUG FXGLAssetLoaderServi - User app class for loading assets: class com.example.nuclearthroneatomic.Controller
10:20:53.570 [FXGL Background Thread 1 ] DEBUG GameApplicationServi - Applying CSS: fxgl_dark.css
10:20:53.572 [FXGL Background Thread 1 ] DEBUG FXGLAssetLoaderServi - Loading from file system: jar:file:///C:/Users/Usuario/.m2/repository/com/github/almasb/fxgl/17.2/fxgl-17.2.jar!/fxglassets/ui/css/fxgl_dark.css
10:20:53.634 [FXGL Background Thread 1 ] DEBUG GameApplicationServi - Initializing application scenes
10:20:53.701 [FXGL Background Thread 1 ] DEBUG GameWorld            - Game world initialized
10:20:53.807 [FXGL Background Thread 1 ] DEBUG PhysicsWorld         - Physics world initialized: appHeight=600, physics.ppm=50,0
10:20:53.808 [FXGL Background Thread 1 ] DEBUG PhysicsWorld         - Using strategy: BRUTE_FORCE
10:20:53.817 [FXGL Background Thread 1 ] DEBUG GameScene            - Game scene initialized: 800x600
10:20:53.841 [FXGL Background Thread 1 ] DEBUG FXGL.DefaultMenu     - createMenuBodyMainMenu()
10:20:53.864 [FXGL Background Thread 1 ] DEBUG FXGL.DefaultMenu     - createOptionsMenu()
10:20:53.874 [FXGL Background Thread 1 ] DEBUG FXGL.DefaultMenu     - createExtraMenu()
10:20:53.885 [FXGL Background Thread 1 ] DEBUG FXGLAssetLoaderServi - Loading from file system: jar:file:///C:/Users/Usuario/.m2/repository/com/github/almasb/fxgl/17.2/fxgl-17.2.jar!/fxglassets/textures/particles/smoke.png
10:20:54.006 [FXGL Background Thread 1 ] DEBUG FXGLAssetLoaderServi - Loading from file system: jar:file:///C:/Users/Usuario/.m2/repository/com/github/almasb/fxgl/17.2/fxgl-17.2.jar!/fxglassets/textures/particles/trace_horizontal.png
10:20:54.037 [FXGL Background Thread 1 ] DEBUG FXGL.DefaultMenu     - createMenuBodyGameMenu()
10:20:54.039 [FXGL Background Thread 1 ] DEBUG FXGL.DefaultMenu     - createOptionsMenu()
10:20:54.041 [FXGL Background Thread 1 ] DEBUG FXGL.DefaultMenu     - createExtraMenu()
10:20:54.055 [FXGL Background Thread 1 ] DEBUG GameApplicationServi - Application scenes initialized
10:20:54.070 [FXGL Background Thread 1 ] DEBUG SystemBundleService  - Loading FXGL system data
10:20:54.075 [FXGL Background Thread 1 ] DEBUG FileSystemAccess     - Reading from: C:\Users\Usuario\OneDrive - Universidad Icesi (@icesi.edu.co)\APO2\Tareas integradoras\NuclearThroneAtomic\src\nuclearthroneatomic\system\fxgl.bundle
10:20:54.087 [FXGL Background Thread 1 ] DEBUG SystemBundleService  - Bundle FXGL: {}
10:20:54.087 [FXGL Background Thread 1 ] DEBUG UpdaterService       - Checking for updates
10:20:54.094 [FXGL Background Thread 4 ] DEBUG FXGLApplication      - Loading fonts
10:20:54.094 [FXGL Background Thread 1 ] DEBUG FXGLApplication      - Loading default localization
10:20:54.095 [FXGL Background Thread 4 ] DEBUG FXGLAssetLoaderServi - Loading from file system: jar:file:///C:/Users/Usuario/.m2/repository/com/github/almasb/fxgl/17.2/fxgl-17.2.jar!/fxglassets/ui/fonts/VarelaRound-Regular.ttf
10:20:54.096 [FXGL Background Thread 1 ] DEBUG FXGLAssetLoaderServi - Loading from file system: jar:file:///C:/Users/Usuario/.m2/repository/com/github/almasb/fxgl/17.2/fxgl-17.2.jar!/fxglassets/languages/english.lang
10:20:54.123 [FXGL Background Thread 1 ] INFO  FXGLApplication      - FXGL initialization took: 0,624 sec
10:20:54.138 [JavaFX Application Thread] DEBUG Input                - Registered new binding: lucky - Q
10:20:54.138 [JavaFX Application Thread] DEBUG Input                - Registered new binding: health - F
10:20:54.139 [JavaFX Application Thread] DEBUG Input                - Registered new binding: Right - D
10:20:54.139 [JavaFX Application Thread] DEBUG Input                - Registered new binding: Left - A
10:20:54.140 [JavaFX Application Thread] DEBUG Input                - Registered new binding: Up - W
10:20:54.140 [JavaFX Application Thread] DEBUG Input                - Registered new binding: Down - S
10:20:54.142 [JavaFX Application Thread] DEBUG Input                - Registered new binding: Reload - RMB
10:20:54.142 [JavaFX Application Thread] DEBUG Input                - Registered new binding: Shoot - LMB
10:20:54.144 [JavaFX Application Thread] DEBUG FXGLAssetLoaderServi - Loading from file system: file:/C:/Users/Usuario/OneDrive%20-%20Universidad%20Icesi%20(@icesi.edu.co)/APO2/Tareas%20integradoras/NuclearThroneAtomic/src/nuclearthroneatomic/target/classes/assets/music/muiscformenus.mp3
10:20:54.271 [FXGL Background Thread 4 ] DEBUG FXGLAssetLoaderServi - Loading from file system: jar:file:///C:/Users/Usuario/.m2/repository/com/github/almasb/fxgl/17.2/fxgl-17.2.jar!/fxglassets/ui/fonts/Abel-Regular.ttf
10:20:54.277 [FXGL Background Thread 4 ] DEBUG FXGLAssetLoaderServi - Loading from file system: jar:file:///C:/Users/Usuario/.m2/repository/com/github/almasb/fxgl/17.2/fxgl-17.2.jar!/fxglassets/ui/fonts/TerminalLandMono-Regular.otf
10:20:54.283 [FXGL Background Thread 4 ] DEBUG FXGLAssetLoaderServi - Loading from file system: jar:file:///C:/Users/Usuario/.m2/repository/com/github/almasb/fxgl/17.2/fxgl-17.2.jar!/fxglassets/ui/fonts/Courier-Prime.ttf
10:20:54.409 [JavaFX Application Thread] DEBUG AudioPlayer          - Playing music com.almasb.fxgl.audio.Music@34521d97
10:20:54.410 [JavaFX Application Thread] DEBUG FXGLAssetLoaderServi - Loading from file system: jar:file:///C:/Users/Usuario/.m2/repository/com/github/almasb/fxgl/17.2/fxgl-17.2.jar!/fxglassets/textures/fxgl_icon.png
10:20:54.444 [JavaFX Application Thread] DEBUG FXGLAssetLoaderServi - Loading from file system: jar:file:///C:/Users/Usuario/.m2/repository/com/github/almasb/fxgl/17.2/fxgl-17.2.jar!/fxglassets/textures/fxgl_default_cursor.png
10:20:54.448 [JavaFX Application Thread] DEBUG Input                - Registered new binding: Screenshot - CTRL+8
10:20:54.448 [JavaFX Application Thread] DEBUG Input                - Registered new binding: System info dump - CTRL+9
10:20:54.449 [JavaFX Application Thread] DEBUG Input                - Registered new binding: Restart - CTRL+R
10:20:54.449 [JavaFX Application Thread] DEBUG Input                - Registered new binding: Toggle Debug Camera - CTRL+7
10:20:54.452 [JavaFX Application Thread] DEBUG LoopRunner           - Starting loop
10:20:54.452 [JavaFX Application Thread] DEBUG LoopRunner           - Initializing JavaFX AnimationTimerLoop
10:20:54.458 [JavaFX Application Thread] DEBUG Input                - Clearing active input actions
10:20:54.475 [JavaFX Application Thread] DEBUG GameApplicationServi - Removing overlay from FXGLStartupScene and adding to FXGLMainMenuDummyScene
10:20:54.477 [JavaFX Application Thread] DEBUG PrimaryStageWindow   - FXGLStartupScene -> FXGLMainMenuDummyScene
10:20:54.477 [JavaFX Application Thread] DEBUG PrimaryStageWindow   - Push state: FXGLDefaultMenu
10:20:54.483 [JavaFX Application Thread] DEBUG Input                - Clearing active input actions
10:20:54.497 [JavaFX Application Thread] DEBUG GameApplicationServi - Removing overlay from FXGLMainMenuDummyScene and adding to FXGLDefaultMenu
10:20:54.497 [JavaFX Application Thread] DEBUG PrimaryStageWindow   - FXGLMainMenuDummyScene -> FXGLDefaultMenu
10:20:54.499 [JavaFX Application Thread] DEBUG FXGLApplication      - Registering font factories with UI factory
10:20:54.771 [FXGL Background Thread 2 ] INFO  UpdaterService       - Your current version:  17.2
10:20:54.772 [FXGL Background Thread 2 ] INFO  UpdaterService       - Latest stable version: 17.3
10:20:55.720 [JavaFX Application Thread] DEBUG Menu                 - fireNewGame()
10:20:55.720 [JavaFX Application Thread] DEBUG GameApplicationServi - Starting new game
10:20:55.723 [JavaFX Application Thread] DEBUG PrimaryStageWindow   - Pop state: FXGLDefaultMenu
10:20:55.723 [JavaFX Application Thread] DEBUG Input                - Clearing active input actions
10:20:55.725 [JavaFX Application Thread] DEBUG GameApplicationServi - Removing overlay from FXGLDefaultMenu and adding to FXGLMainMenuDummyScene
10:20:55.726 [JavaFX Application Thread] DEBUG PrimaryStageWindow   - FXGLMainMenuDummyScene <- FXGLDefaultMenu
10:20:55.727 [JavaFX Application Thread] DEBUG Input                - Clearing active input actions
10:20:55.740 [JavaFX Application Thread] DEBUG GameApplicationServi - Removing overlay from FXGLMainMenuDummyScene and adding to FXGLLoadingScene
10:20:55.741 [JavaFX Application Thread] DEBUG PrimaryStageWindow   - FXGLMainMenuDummyScene -> FXGLLoadingScene
10:20:55.741 [JavaFX Application Thread] DEBUG GameApplicationServi - Clearing previous game
10:20:55.741 [JavaFX Application Thread] DEBUG GameScene            - Clearing game scene
10:20:55.741 [JavaFX Application Thread] DEBUG GameWorld            - Clearing game world
10:20:55.742 [JavaFX Application Thread] DEBUG PhysicsWorld         - Clearing physics world
10:20:55.745 [FXGL Background Thread 2 ] DEBUG FXGLApplication      - Initializing game
10:20:55.760 [FXGL Background Thread 2 ] DEBUG FXGLAssetLoaderServi - Loading from file system: file:/C:/Users/Usuario/OneDrive%20-%20Universidad%20Icesi%20(@icesi.edu.co)/APO2/Tareas%20integradoras/NuclearThroneAtomic/src/nuclearthroneatomic/target/classes/assets/textures/Background/libraryYesOMG.png
10:20:55.785 [FXGL Background Thread 2 ] DEBUG FXGLAssetLoaderServi - Loading from file system: file:/C:/Users/Usuario/OneDrive%20-%20Universidad%20Icesi%20(@icesi.edu.co)/APO2/Tareas%20integradoras/NuclearThroneAtomic/src/nuclearthroneatomic/target/classes/assets/textures/Avatar/1-Idle/1.png
10:20:55.789 [FXGL Background Thread 2 ] DEBUG FXGLAssetLoaderServi - Loading from file system: file:/C:/Users/Usuario/OneDrive%20-%20Universidad%20Icesi%20(@icesi.edu.co)/APO2/Tareas%20integradoras/NuclearThroneAtomic/src/nuclearthroneatomic/target/classes/assets/textures/Avatar/1-Idle/2.png
10:20:55.792 [FXGL Background Thread 2 ] DEBUG FXGLAssetLoaderServi - Loading from file system: file:/C:/Users/Usuario/OneDrive%20-%20Universidad%20Icesi%20(@icesi.edu.co)/APO2/Tareas%20integradoras/NuclearThroneAtomic/src/nuclearthroneatomic/target/classes/assets/textures/Avatar/1-Idle/3.png
10:20:55.795 [FXGL Background Thread 2 ] DEBUG FXGLAssetLoaderServi - Loading from file system: file:/C:/Users/Usuario/OneDrive%20-%20Universidad%20Icesi%20(@icesi.edu.co)/APO2/Tareas%20integradoras/NuclearThroneAtomic/src/nuclearthroneatomic/target/classes/assets/textures/Avatar/1-Idle/4.png
10:20:55.834 [FXGL Background Thread 2 ] DEBUG FXGLAssetLoaderServi - Loading from file system: file:/C:/Users/Usuario/OneDrive%20-%20Universidad%20Icesi%20(@icesi.edu.co)/APO2/Tareas%20integradoras/NuclearThroneAtomic/src/nuclearthroneatomic/target/classes/assets/textures/Avatar/2-Run/1.png
10:20:55.837 [FXGL Background Thread 2 ] DEBUG FXGLAssetLoaderServi - Loading from file system: file:/C:/Users/Usuario/OneDrive%20-%20Universidad%20Icesi%20(@icesi.edu.co)/APO2/Tareas%20integradoras/NuclearThroneAtomic/src/nuclearthroneatomic/target/classes/assets/textures/Avatar/2-Run/2.png
10:20:55.841 [FXGL Background Thread 2 ] DEBUG FXGLAssetLoaderServi - Loading from file system: file:/C:/Users/Usuario/OneDrive%20-%20Universidad%20Icesi%20(@icesi.edu.co)/APO2/Tareas%20integradoras/NuclearThroneAtomic/src/nuclearthroneatomic/target/classes/assets/textures/Avatar/2-Run/3.png
10:20:55.844 [FXGL Background Thread 2 ] DEBUG FXGLAssetLoaderServi - Loading from file system: file:/C:/Users/Usuario/OneDrive%20-%20Universidad%20Icesi%20(@icesi.edu.co)/APO2/Tareas%20integradoras/NuclearThroneAtomic/src/nuclearthroneatomic/target/classes/assets/textures/Avatar/2-Run/4.png
10:20:55.848 [FXGL Background Thread 2 ] DEBUG FXGLAssetLoaderServi - Loading from file system: file:/C:/Users/Usuario/OneDrive%20-%20Universidad%20Icesi%20(@icesi.edu.co)/APO2/Tareas%20integradoras/NuclearThroneAtomic/src/nuclearthroneatomic/target/classes/assets/textures/Avatar/2-Run/5.png
10:20:55.853 [FXGL Background Thread 2 ] DEBUG FXGLAssetLoaderServi - Loading from file system: file:/C:/Users/Usuario/OneDrive%20-%20Universidad%20Icesi%20(@icesi.edu.co)/APO2/Tareas%20integradoras/NuclearThroneAtomic/src/nuclearthroneatomic/target/classes/assets/textures/Avatar/2-Run/6.png
10:20:55.863 [FXGL Background Thread 2 ] DEBUG FXGLAssetLoaderServi - Loading from file system: file:/C:/Users/Usuario/OneDrive%20-%20Universidad%20Icesi%20(@icesi.edu.co)/APO2/Tareas%20integradoras/NuclearThroneAtomic/src/nuclearthroneatomic/target/classes/assets/textures/Munition/1.png
10:20:55.894 [FXGL Background Thread 2 ] DEBUG FXGLAssetLoaderServi - Loading from file system: file:/C:/Users/Usuario/OneDrive%20-%20Universidad%20Icesi%20(@icesi.edu.co)/APO2/Tareas%20integradoras/NuclearThroneAtomic/src/nuclearthroneatomic/target/classes/assets/textures/hud/lifeplayer.png
10:20:55.904 [FXGL Background Thread 2 ] DEBUG FXGLAssetLoaderServi - Loading from file system: file:/C:/Users/Usuario/OneDrive%20-%20Universidad%20Icesi%20(@icesi.edu.co)/APO2/Tareas%20integradoras/NuclearThroneAtomic/src/nuclearthroneatomic/target/classes/assets/textures/hud/medkit.png
10:20:55.909 [FXGL Background Thread 2 ] DEBUG FXGLAssetLoaderServi - Loading from file system: file:/C:/Users/Usuario/OneDrive%20-%20Universidad%20Icesi%20(@icesi.edu.co)/APO2/Tareas%20integradoras/NuclearThroneAtomic/src/nuclearthroneatomic/target/classes/assets/textures/hud/trebol.png
10:20:55.917 [FXGL Background Thread 2 ] DEBUG FXGLAssetLoaderServi - Loading from file system: file:/C:/Users/Usuario/OneDrive%20-%20Universidad%20Icesi%20(@icesi.edu.co)/APO2/Tareas%20integradoras/NuclearThroneAtomic/src/nuclearthroneatomic/target/classes/assets/textures/Guns/2.png
10:20:55.940 [FXGL Background Thread 2 ] DEBUG FXGLAssetLoaderServi - Loading from file system: file:/C:/Users/Usuario/OneDrive%20-%20Universidad%20Icesi%20(@icesi.edu.co)/APO2/Tareas%20integradoras/NuclearThroneAtomic/src/nuclearthroneatomic/target/classes/assets/textures/enemy/1-Idle/1.png
10:20:55.943 [FXGL Background Thread 2 ] DEBUG FXGLAssetLoaderServi - Loading from file system: file:/C:/Users/Usuario/OneDrive%20-%20Universidad%20Icesi%20(@icesi.edu.co)/APO2/Tareas%20integradoras/NuclearThroneAtomic/src/nuclearthroneatomic/target/classes/assets/textures/enemy/1-Idle/2.png
10:20:55.947 [FXGL Background Thread 2 ] DEBUG FXGLAssetLoaderServi - Loading from file system: file:/C:/Users/Usuario/OneDrive%20-%20Universidad%20Icesi%20(@icesi.edu.co)/APO2/Tareas%20integradoras/NuclearThroneAtomic/src/nuclearthroneatomic/target/classes/assets/textures/enemy/1-Idle/3.png
10:20:55.950 [FXGL Background Thread 2 ] DEBUG FXGLAssetLoaderServi - Loading from file system: file:/C:/Users/Usuario/OneDrive%20-%20Universidad%20Icesi%20(@icesi.edu.co)/APO2/Tareas%20integradoras/NuclearThroneAtomic/src/nuclearthroneatomic/target/classes/assets/textures/enemy/1-Idle/4.png
10:20:55.962 [FXGL Background Thread 2 ] DEBUG FXGLAssetLoaderServi - Loading from file system: file:/C:/Users/Usuario/OneDrive%20-%20Universidad%20Icesi%20(@icesi.edu.co)/APO2/Tareas%20integradoras/NuclearThroneAtomic/src/nuclearthroneatomic/target/classes/assets/textures/enemy/2-Run/1.png
10:20:55.965 [FXGL Background Thread 2 ] DEBUG FXGLAssetLoaderServi - Loading from file system: file:/C:/Users/Usuario/OneDrive%20-%20Universidad%20Icesi%20(@icesi.edu.co)/APO2/Tareas%20integradoras/NuclearThroneAtomic/src/nuclearthroneatomic/target/classes/assets/textures/enemy/2-Run/2.png
10:20:55.968 [FXGL Background Thread 2 ] DEBUG FXGLAssetLoaderServi - Loading from file system: file:/C:/Users/Usuario/OneDrive%20-%20Universidad%20Icesi%20(@icesi.edu.co)/APO2/Tareas%20integradoras/NuclearThroneAtomic/src/nuclearthroneatomic/target/classes/assets/textures/enemy/2-Run/3.png
10:20:55.972 [FXGL Background Thread 2 ] DEBUG FXGLAssetLoaderServi - Loading from file system: file:/C:/Users/Usuario/OneDrive%20-%20Universidad%20Icesi%20(@icesi.edu.co)/APO2/Tareas%20integradoras/NuclearThroneAtomic/src/nuclearthroneatomic/target/classes/assets/textures/enemy/2-Run/4.png
10:20:55.974 [FXGL Background Thread 2 ] DEBUG FXGLAssetLoaderServi - Loading from file system: file:/C:/Users/Usuario/OneDrive%20-%20Universidad%20Icesi%20(@icesi.edu.co)/APO2/Tareas%20integradoras/NuclearThroneAtomic/src/nuclearthroneatomic/target/classes/assets/textures/enemy/2-Run/5.png
10:20:55.977 [FXGL Background Thread 2 ] DEBUG FXGLAssetLoaderServi - Loading from file system: file:/C:/Users/Usuario/OneDrive%20-%20Universidad%20Icesi%20(@icesi.edu.co)/APO2/Tareas%20integradoras/NuclearThroneAtomic/src/nuclearthroneatomic/target/classes/assets/textures/enemy/2-Run/6.png
10:20:55.982 [FXGL Background Thread 2 ] DEBUG FXGLAssetLoaderServi - Loading from file system: file:/C:/Users/Usuario/OneDrive%20-%20Universidad%20Icesi%20(@icesi.edu.co)/APO2/Tareas%20integradoras/NuclearThroneAtomic/src/nuclearthroneatomic/target/classes/assets/textures/Guns/1.png
10:20:56.036 [FXGL Background Thread 2 ] DEBUG FXGLAssetLoaderServi - Loading from file system: file:/C:/Users/Usuario/OneDrive%20-%20Universidad%20Icesi%20(@icesi.edu.co)/APO2/Tareas%20integradoras/NuclearThroneAtomic/src/nuclearthroneatomic/target/classes/assets/textures/mouse/mousecomplete.png
10:20:56.047 [FXGL Background Thread 2 ] DEBUG FXGLAssetLoaderServi - Loading from file system: file:/C:/Users/Usuario/OneDrive%20-%20Universidad%20Icesi%20(@icesi.edu.co)/APO2/Tareas%20integradoras/NuclearThroneAtomic/src/nuclearthroneatomic/target/classes/assets/textures/Wall/1.png
10:20:56.319 [FXGL Background Thread 2 ] INFO  FXGLApplication      - Game initialization took: 0,574 sec
10:20:56.329 [JavaFX Application Thread] DEBUG Input                - Clearing active input actions
10:20:56.340 [JavaFX Application Thread] DEBUG GameApplicationServi - Removing overlay from FXGLLoadingScene and adding to GameScene
10:20:56.341 [JavaFX Application Thread] DEBUG PrimaryStageWindow   - FXGLLoadingScene -> GameScene
10:20:57.092 [FXGL Background Thread 3 ] DEBUG Engine               - Logging environment variables
10:20:57.093 [FXGL Background Thread 3 ] DEBUG Engine               - achievements: []
10:20:57.093 [FXGL Background Thread 3 ] DEBUG Engine               - actualHeight: 1080.0
10:20:57.093 [FXGL Background Thread 3 ] DEBUG Engine               - actualHeightProperty: ReadOnlyDoubleProperty [value: 1080.0]
10:20:57.093 [FXGL Background Thread 3 ] DEBUG Engine               - actualWidth: 1920.0
10:20:57.094 [FXGL Background Thread 3 ] DEBUG Engine               - actualWidthProperty: ReadOnlyDoubleProperty [value: 1920.0]
10:20:57.094 [FXGL Background Thread 3 ] DEBUG Engine               - appIcon: fxgl_icon.png
10:20:57.094 [FXGL Background Thread 3 ] DEBUG Engine               - applicationMode: DEVELOPER
10:20:57.094 [FXGL Background Thread 3 ] DEBUG Engine               - cSSList: [fxgl_dark.css]
10:20:57.094 [FXGL Background Thread 3 ] DEBUG Engine               - collisionDetectionStrategy: BRUTE_FORCE
10:20:57.094 [FXGL Background Thread 3 ] DEBUG Engine               - configClass: Optional.empty
10:20:57.094 [FXGL Background Thread 3 ] DEBUG Engine               - credits: [Designer . . . . . . . Johan Daniel Aguirre, Program Team . . . . . . Juan Sebastián Libreros,                           Juan Jose Barrera,                           Johan Daniel Aguirre, El mas lindo . . . . . . Juan Sebastián Libreros, Master Thief . . . . . . Johan Daniel Aguirre]
10:20:57.095 [FXGL Background Thread 3 ] DEBUG Engine               - defaultCursor: CursorInfo(imageName=fxgl_default_cursor.png, hotspotX=7.0, hotspotY=6.0)
10:20:57.096 [FXGL Background Thread 3 ] DEBUG Engine               - devBBoxColorProperty: ObjectProperty [value: 0xff0000ff]
10:20:57.096 [FXGL Background Thread 3 ] DEBUG Engine               - devEnableDebugCameraProperty: BooleanProperty [value: false]
10:20:57.096 [FXGL Background Thread 3 ] DEBUG Engine               - devSensorColorProperty: ObjectProperty [value: 0xffff00ff]
10:20:57.096 [FXGL Background Thread 3 ] DEBUG Engine               - devShowBBoxProperty: BooleanProperty [value: false]
10:20:57.096 [FXGL Background Thread 3 ] DEBUG Engine               - devShowPositionProperty: BooleanProperty [value: false]
10:20:57.096 [FXGL Background Thread 3 ] DEBUG Engine               - enabledMenuItems: [EXTRA]
10:20:57.096 [FXGL Background Thread 3 ] DEBUG Engine               - engineServices: [class com.almasb.fxgl.app.services.FXGLAssetLoaderService, class com.almasb.fxgl.app.FXGLApplication$GameApplicationService, class com.almasb.fxgl.app.services.FXGLDialogService, class com.almasb.fxgl.app.services.IOTaskExecutorService, class com.almasb.fxgl.io.FileSystemService, class com.almasb.fxgl.localization.LocalizationService, class com.almasb.fxgl.app.services.SystemBundleService, class com.almasb.fxgl.profile.SaveLoadService, class com.almasb.fxgl.ui.FXGLUIFactoryServiceProvider, class com.almasb.fxgl.ui.FXGLDialogFactoryServiceProvider, class com.almasb.fxgl.audio.AudioPlayer, class com.almasb.fxgl.notification.impl.NotificationServiceProvider, class com.almasb.fxgl.achievement.AchievementService, class com.almasb.fxgl.cutscene.CutsceneService, class com.almasb.fxgl.minigames.MiniGameService, class com.almasb.fxgl.net.NetService, class com.almasb.fxgl.app.services.UpdaterService, class com.almasb.fxgl.dev.DevService]
10:20:57.097 [FXGL Background Thread 3 ] DEBUG Engine               - fontGame: Abel-Regular.ttf
10:20:57.097 [FXGL Background Thread 3 ] DEBUG Engine               - fontMono: TerminalLandMono-Regular.otf
10:20:57.097 [FXGL Background Thread 3 ] DEBUG Engine               - fontText: Courier-Prime.ttf
10:20:57.097 [FXGL Background Thread 3 ] DEBUG Engine               - fontUI: VarelaRound-Regular.ttf
10:20:57.097 [FXGL Background Thread 3 ] DEBUG Engine               - fullScreen: BooleanProperty [value: true]
10:20:57.097 [FXGL Background Thread 3 ] DEBUG Engine               - gameDifficulty: MEDIUM
10:20:57.097 [FXGL Background Thread 3 ] DEBUG Engine               - gameDifficultyProperty: ObjectProperty [value: MEDIUM]
10:20:57.097 [FXGL Background Thread 3 ] DEBUG Engine               - globalMusicVolume: 0.5
10:20:57.097 [FXGL Background Thread 3 ] DEBUG Engine               - globalMusicVolumeProperty: DoubleProperty [value: 1.0]
10:20:57.097 [FXGL Background Thread 3 ] DEBUG Engine               - globalSoundVolume: 0.5
10:20:57.097 [FXGL Background Thread 3 ] DEBUG Engine               - globalSoundVolumeProperty: DoubleProperty [value: 0.1]
10:20:57.098 [FXGL Background Thread 3 ] DEBUG Engine               - height: 600
10:20:57.098 [FXGL Background Thread 3 ] DEBUG Engine               - is3D: false
10:20:57.098 [FXGL Background Thread 3 ] DEBUG Engine               - isAndroid: false
10:20:57.098 [FXGL Background Thread 3 ] DEBUG Engine               - isBrowser: false
10:20:57.098 [FXGL Background Thread 3 ] DEBUG Engine               - isClickFeedbackEnabled: false
10:20:57.098 [FXGL Background Thread 3 ] DEBUG Engine               - isCloseConfirmation: false
10:20:57.098 [FXGL Background Thread 3 ] DEBUG Engine               - isDesktop: true
10:20:57.098 [FXGL Background Thread 3 ] DEBUG Engine               - isDeveloperMenuEnabled: false
10:20:57.098 [FXGL Background Thread 3 ] DEBUG Engine               - isEmbedded: false
10:20:57.098 [FXGL Background Thread 3 ] DEBUG Engine               - isEntityPreloadEnabled: true
10:20:57.099 [FXGL Background Thread 3 ] DEBUG Engine               - isExperimentalTiledLargeMap: false
10:20:57.099 [FXGL Background Thread 3 ] DEBUG Engine               - isFileSystemWriteAllowed: true
10:20:57.099 [FXGL Background Thread 3 ] DEBUG Engine               - isFullScreenAllowed: true
10:20:57.099 [FXGL Background Thread 3 ] DEBUG Engine               - isFullScreenFromStart: true
10:20:57.099 [FXGL Background Thread 3 ] DEBUG Engine               - isGameMenuEnabled: true
10:20:57.099 [FXGL Background Thread 3 ] DEBUG Engine               - isIOS: false
10:20:57.099 [FXGL Background Thread 3 ] DEBUG Engine               - isIntroEnabled: false
10:20:57.099 [FXGL Background Thread 3 ] DEBUG Engine               - isLinux: false
10:20:57.099 [FXGL Background Thread 3 ] DEBUG Engine               - isMac: false
10:20:57.099 [FXGL Background Thread 3 ] DEBUG Engine               - isMainMenuEnabled: true
10:20:57.099 [FXGL Background Thread 3 ] DEBUG Engine               - isManualResizeEnabled: false
10:20:57.099 [FXGL Background Thread 3 ] DEBUG Engine               - isMobile: false
10:20:57.099 [FXGL Background Thread 3 ] DEBUG Engine               - isNative: false
10:20:57.100 [FXGL Background Thread 3 ] DEBUG Engine               - isPauseMusicWhenMinimized: true
10:20:57.100 [FXGL Background Thread 3 ] DEBUG Engine               - isPreserveResizeRatio: false
10:20:57.100 [FXGL Background Thread 3 ] DEBUG Engine               - isProfilingEnabled: false
10:20:57.100 [FXGL Background Thread 3 ] DEBUG Engine               - isScaleAffectedOnResize: true
10:20:57.100 [FXGL Background Thread 3 ] DEBUG Engine               - isSingleStep: false
10:20:57.100 [FXGL Background Thread 3 ] DEBUG Engine               - isUserProfileEnabled: false
10:20:57.100 [FXGL Background Thread 3 ] DEBUG Engine               - isWindows: true
10:20:57.100 [FXGL Background Thread 3 ] DEBUG Engine               - language: ObjectProperty [value: ENGLISH]
10:20:57.100 [FXGL Background Thread 3 ] DEBUG Engine               - menuKey: ESCAPE
10:20:57.100 [FXGL Background Thread 3 ] DEBUG Engine               - mouseSensitivity: 0.2
10:20:57.100 [FXGL Background Thread 3 ] DEBUG Engine               - notificationViewClass: class com.almasb.fxgl.notification.view.XboxNotificationView
10:20:57.100 [FXGL Background Thread 3 ] DEBUG Engine               - pixelsPerMeter: 50.0
10:20:57.100 [FXGL Background Thread 3 ] DEBUG Engine               - platform: WINDOWS
10:20:57.101 [FXGL Background Thread 3 ] DEBUG Engine               - prefHeightProperty: ReadOnlyDoubleProperty [value: 600.0]
10:20:57.101 [FXGL Background Thread 3 ] DEBUG Engine               - prefWidthProperty: ReadOnlyDoubleProperty [value: 800.0]
10:20:57.101 [FXGL Background Thread 3 ] DEBUG Engine               - profileDir: profiles/
10:20:57.101 [FXGL Background Thread 3 ] DEBUG Engine               - profileName: StringProperty [value: DEFAULT]
10:20:57.101 [FXGL Background Thread 3 ] DEBUG Engine               - randomSeed: -1
10:20:57.101 [FXGL Background Thread 3 ] DEBUG Engine               - runtimeInfo: RuntimeInfo(platform=WINDOWS, version=17.2, build=20.08.2022 16.50)
10:20:57.102 [FXGL Background Thread 3 ] DEBUG Engine               - saveFileExt: sav
10:20:57.102 [FXGL Background Thread 3 ] DEBUG Engine               - scaledHeightProp$fxgl: DoubleProperty [bound, value: 1080.0]
10:20:57.102 [FXGL Background Thread 3 ] DEBUG Engine               - scaledWidthProp$fxgl: DoubleProperty [bound, value: 1920.0]
10:20:57.102 [FXGL Background Thread 3 ] DEBUG Engine               - sceneFactory: com.almasb.fxgl.app.scene.SceneFactory@7e67dba3
10:20:57.102 [FXGL Background Thread 3 ] DEBUG Engine               - secondsIn24h: 60
10:20:57.102 [FXGL Background Thread 3 ] DEBUG Engine               - soundMenuBack: menu/back.wav
10:20:57.102 [FXGL Background Thread 3 ] DEBUG Engine               - soundMenuPress: menu/press.wav
10:20:57.102 [FXGL Background Thread 3 ] DEBUG Engine               - soundMenuSelect: menu/select.wav
10:20:57.102 [FXGL Background Thread 3 ] DEBUG Engine               - soundNotification: core/notification.wav
10:20:57.102 [FXGL Background Thread 3 ] DEBUG Engine               - stageStyle: DECORATED
10:20:57.102 [FXGL Background Thread 3 ] DEBUG Engine               - supportedLanguages: [ENGLISH, FRENCH, GERMAN, HUNGARIAN, RUSSIAN]
10:20:57.102 [FXGL Background Thread 3 ] DEBUG Engine               - ticksPerSecond: -1
10:20:57.102 [FXGL Background Thread 3 ] DEBUG Engine               - title: Nuclear Throne Atomic
10:20:57.102 [FXGL Background Thread 3 ] DEBUG Engine               - urlGithub: https://github.com/AlmasB/FXGL
10:20:57.102 [FXGL Background Thread 3 ] DEBUG Engine               - urlLeaderboard: http://fxgl-top.herokuapp.com/
10:20:57.102 [FXGL Background Thread 3 ] DEBUG Engine               - urlPOM: https://raw.githubusercontent.com/AlmasB/FXGL/release/README.md
10:20:57.103 [FXGL Background Thread 3 ] DEBUG Engine               - userAppClass: class com.example.nuclearthroneatomic.Controller
10:20:57.103 [FXGL Background Thread 3 ] DEBUG Engine               - version: 0.0
10:20:57.103 [FXGL Background Thread 3 ] DEBUG Engine               - versionCheckDays: 7
10:20:57.103 [FXGL Background Thread 3 ] DEBUG Engine               - width: 800
10:20:57.103 [FXGL Background Thread 3 ] DEBUG Engine               - Logging services
10:20:57.103 [FXGL Background Thread 3 ] DEBUG Engine               - class com.almasb.fxgl.app.services.FXGLAssetLoaderService
10:20:57.103 [FXGL Background Thread 3 ] DEBUG Engine               - class com.almasb.fxgl.app.FXGLApplication$GameApplicationService
10:20:57.103 [FXGL Background Thread 3 ] DEBUG Engine               - class com.almasb.fxgl.app.services.FXGLDialogService
10:20:57.103 [FXGL Background Thread 3 ] DEBUG Engine               - class com.almasb.fxgl.app.services.IOTaskExecutorService
10:20:57.103 [FXGL Background Thread 3 ] DEBUG Engine               - class com.almasb.fxgl.io.FileSystemService
10:20:57.103 [FXGL Background Thread 3 ] DEBUG Engine               - class com.almasb.fxgl.localization.LocalizationService
10:20:57.103 [FXGL Background Thread 3 ] DEBUG Engine               - class com.almasb.fxgl.app.services.SystemBundleService
10:20:57.103 [FXGL Background Thread 3 ] DEBUG Engine               - class com.almasb.fxgl.profile.SaveLoadService
10:20:57.103 [FXGL Background Thread 3 ] DEBUG Engine               - class com.almasb.fxgl.ui.FXGLUIFactoryServiceProvider
10:20:57.103 [FXGL Background Thread 3 ] DEBUG Engine               - class com.almasb.fxgl.ui.FXGLDialogFactoryServiceProvider
10:20:57.103 [FXGL Background Thread 3 ] DEBUG Engine               - class com.almasb.fxgl.audio.AudioPlayer
10:20:57.103 [FXGL Background Thread 3 ] DEBUG Engine               - class com.almasb.fxgl.notification.impl.NotificationServiceProvider
10:20:57.103 [FXGL Background Thread 3 ] DEBUG Engine               - class com.almasb.fxgl.achievement.AchievementService
10:20:57.104 [FXGL Background Thread 3 ] DEBUG Engine               - class com.almasb.fxgl.cutscene.CutsceneService
10:20:57.104 [FXGL Background Thread 3 ] DEBUG Engine               - class com.almasb.fxgl.minigames.MiniGameService
10:20:57.104 [FXGL Background Thread 3 ] DEBUG Engine               - class com.almasb.fxgl.net.NetService
10:20:57.104 [FXGL Background Thread 3 ] DEBUG Engine               - class com.almasb.fxgl.app.services.UpdaterService
10:20:57.104 [FXGL Background Thread 3 ] DEBUG Engine               - class com.almasb.fxgl.dev.DevService
10:20:57.260 [JavaFX Application Thread] DEBUG FXGLAssetLoaderServi - Loading from file system: file:/C:/Users/Usuario/OneDrive%20-%20Universidad%20Icesi%20(@icesi.edu.co)/APO2/Tareas%20integradoras/NuclearThroneAtomic/src/nuclearthroneatomic/target/classes/assets/textures/Munition/2.png
10:20:57.833 [JavaFX Application Thread] DEBUG FXGLAssetLoaderServi - Loading from file system: file:/C:/Users/Usuario/OneDrive%20-%20Universidad%20Icesi%20(@icesi.edu.co)/APO2/Tareas%20integradoras/NuclearThroneAtomic/src/nuclearthroneatomic/target/classes/assets/textures/Bullet/2.png
10:20:58.367 [JavaFX Application Thread] DEBUG FXGLAssetLoaderServi - Loading from file system: file:/C:/Users/Usuario/OneDrive%20-%20Universidad%20Icesi%20(@icesi.edu.co)/APO2/Tareas%20integradoras/NuclearThroneAtomic/src/nuclearthroneatomic/target/classes/assets/textures/Bullet/1.png
10:20:58.589 [JavaFX Application Thread] DEBUG LoopRunner           - Stopping loop
10:20:58.591 [JavaFX Application Thread] FATAL FXGLApplication      - Uncaught Exception:
java.lang.IllegalArgumentException: Component EnemyWeaponComponent not found!
	at com.almasb.fxgl.entity@17.2/com.almasb.fxgl.entity.Entity.getComponent(Entity.java:366)
	at com.example.nuclearthroneatomic/com.example.nuclearthroneatomic.Controller$1.onCollisionBegin(Controller.java:134)
	at com.almasb.fxgl.entity@17.2/com.almasb.fxgl.physics.CollisionPair.collisionBegin(CollisionPair.java:37)
	at com.almasb.fxgl.entity@17.2/com.almasb.fxgl.physics.PhysicsWorld.collisionBeginFor(PhysicsWorld.java:453)
	at com.almasb.fxgl.entity@17.2/com.almasb.fxgl.physics.PhysicsWorld.checkCollisionsInGroup(PhysicsWorld.java:405)
	at com.almasb.fxgl.entity@17.2/com.almasb.fxgl.physics.PhysicsWorld.checkCollisions(PhysicsWorld.java:373)
	at com.almasb.fxgl.entity@17.2/com.almasb.fxgl.physics.PhysicsWorld.onUpdate(PhysicsWorld.java:179)
	at com.almasb.fxgl.all@17.2/com.almasb.fxgl.app.scene.GameScene.step(GameScene.kt:229)
	at com.almasb.fxgl.all@17.2/com.almasb.fxgl.app.scene.GameScene.onUpdate(GameScene.kt:224)
	at com.almasb.fxgl.scene@17.2/com.almasb.fxgl.scene.Scene.update(Scene.kt:105)
	at com.almasb.fxgl.all@17.2/com.almasb.fxgl.app.MainWindow$update$1.invoke(MainWindow.kt:115)
	at com.almasb.fxgl.all@17.2/com.almasb.fxgl.app.MainWindow$update$1.invoke(MainWindow.kt:115)
	at com.almasb.fxgl.core@17.2/com.almasb.fxgl.core.fsm.StateMachine.runOnActiveStates(StateMachine.kt:69)
	at com.almasb.fxgl.all@17.2/com.almasb.fxgl.app.MainWindow.update(MainWindow.kt:115)
	at com.almasb.fxgl.all@17.2/com.almasb.fxgl.app.FXGLApplication$GameApplicationService.onUpdate(FXGLApplication.kt:426)
	at com.almasb.fxgl.all@17.2/com.almasb.fxgl.app.Engine.loop(Engine.kt:134)
	at com.almasb.fxgl.all@17.2/com.almasb.fxgl.app.Engine.access$loop(Engine.kt:24)
	at com.almasb.fxgl.all@17.2/com.almasb.fxgl.app.Engine$loop$1.invoke(Engine.kt:28)
	at com.almasb.fxgl.all@17.2/com.almasb.fxgl.app.Engine$loop$1.invoke(Engine.kt:28)
	at com.almasb.fxgl.all@17.2/com.almasb.fxgl.app.LoopRunner.frame(LoopRunner.kt:103)
	at com.almasb.fxgl.all@17.2/com.almasb.fxgl.app.LoopRunner.access$frame(LoopRunner.kt:23)
	at com.almasb.fxgl.all@17.2/com.almasb.fxgl.app.LoopRunner$impl$2$1.onTick(LoopRunner.kt:57)
	at com.almasb.fxgl.all@17.2/com.almasb.fxgl.app.AnimationTimerLoop$timer$1.handle(LoopRunner.kt:137)
	at javafx.graphics@19.0.2.1/javafx.animation.AnimationTimer$AnimationTimerReceiver.lambda$handle$0(AnimationTimer.java:58)
	at java.base/java.security.AccessController.doPrivileged(AccessController.java:400)
	at javafx.graphics@19.0.2.1/javafx.animation.AnimationTimer$AnimationTimerReceiver.handle(AnimationTimer.java:57)
	at javafx.graphics@19.0.2.1/com.sun.scenario.animation.AbstractPrimaryTimer.timePulseImpl(AbstractPrimaryTimer.java:356)
	at javafx.graphics@19.0.2.1/com.sun.scenario.animation.AbstractPrimaryTimer$MainLoop.run(AbstractPrimaryTimer.java:266)
	at javafx.graphics@19.0.2.1/com.sun.javafx.tk.quantum.QuantumToolkit.pulse(QuantumToolkit.java:571)
	at javafx.graphics@19.0.2.1/com.sun.javafx.tk.quantum.QuantumToolkit.pulse(QuantumToolkit.java:555)
	at javafx.graphics@19.0.2.1/com.sun.javafx.tk.quantum.QuantumToolkit.pulseFromQueue(QuantumToolkit.java:548)
	at javafx.graphics@19.0.2.1/com.sun.javafx.tk.quantum.QuantumToolkit.lambda$runToolkit$11(QuantumToolkit.java:352)
	at javafx.graphics@19.0.2.1/com.sun.glass.ui.InvokeLaterDispatcher$Future.run(InvokeLaterDispatcher.java:96)
	at javafx.graphics@19.0.2.1/com.sun.glass.ui.win.WinApplication._runLoop(Native Method)
	at javafx.graphics@19.0.2.1/com.sun.glass.ui.win.WinApplication.lambda$runLoop$3(WinApplication.java:184)
	at java.base/java.lang.Thread.run(Thread.java:1623)

10:20:58.591 [JavaFX Application Thread] FATAL FXGLApplication      - Application will now exit
10:20:58.611 [JavaFX Application Thread] DEBUG PrimaryStageWindow   - Push state: ErrorSubScene
10:20:58.611 [JavaFX Application Thread] DEBUG Input                - Clearing active input actions
10:20:58.613 [JavaFX Application Thread] DEBUG GameApplicationServi - Removing overlay from GameScene and adding to ErrorSubScene
10:20:58.613 [JavaFX Application Thread] DEBUG PrimaryStageWindow   - GameScene -> ErrorSubScene
10:21:02.344 [JavaFX Application Thread] DEBUG FXGLApplication      - Exiting FXGL
10:21:02.345 [JavaFX Application Thread] DEBUG Async                - Shutting down background threads
10:21:02.345 [JavaFX Application Thread] DEBUG PrimaryStageWindow   - Closing main window
10:21:02.377 [JavaFX Application Thread] DEBUG Logger               - Closing Logger
