14:41:43.520 [main                     ] DEBUG Logger               - Configured Logger
14:41:43.569 [main                     ] DEBUG GameApplication      - Logging settings
Title: Nuclear Throne Atomic
Version: 0.0
Width: 800
Height: 600
Fullscreen: false
Intro: false
Profiling: false
Single step:false
App Mode: DEVELOPER
Menu Key: ESCAPE
Stage Style: DECORATED
Scene Factory: class com.almasb.fxgl.app.scene.SceneFactory

14:41:44.292 [JavaFX Application Thread] DEBUG FXGLApplication      - Initializing FXGL
14:41:44.298 [JavaFX Application Thread] INFO  Engine               - FXGL-17.2 (20.08.2022 16.50) on WINDOWS (J:20.0.1 FX:18.0.2)
14:41:44.299 [JavaFX Application Thread] DEBUG Engine               - JRE Vendor Name: Oracle Corporation
14:41:44.300 [JavaFX Application Thread] DEBUG Engine               - Running on OS: Windows 10 version 10.0
14:41:44.300 [JavaFX Application Thread] DEBUG Engine               - Architecture: amd64
14:41:44.300 [JavaFX Application Thread] INFO  Engine               - Source code and latest versions at: https://github.com/AlmasB/FXGL
14:41:44.300 [JavaFX Application Thread] INFO  Engine               -       Ask questions and discuss at: https://github.com/AlmasB/FXGL/discussions
14:41:44.300 [JavaFX Application Thread] INFO  Engine               -              Join the FXGL chat at: https://gitter.im/AlmasB/FXGL
14:41:44.427 [JavaFX Application Thread] DEBUG PrimaryStageWindow   - Creating a JavaFX scene
14:41:44.486 [JavaFX Application Thread] DEBUG PrimaryStageWindow   - Target settings size: 800.0 x 600.0
14:41:44.486 [JavaFX Application Thread] DEBUG PrimaryStageWindow   - Scaled scene size:    800.0 x 600.0
14:41:44.487 [JavaFX Application Thread] DEBUG PrimaryStageWindow   - Scaled ratio: (1.0, 1.0)
14:41:44.488 [JavaFX Application Thread] DEBUG PrimaryStageWindow   - Set initial scene to FXGLStartupScene
14:41:44.498 [JavaFX Application Thread] DEBUG PrimaryStageWindow   - Opening main window
14:41:44.613 [JavaFX Application Thread] DEBUG PrimaryStageWindow   - Window border size: (16.0, 39.0)
14:41:44.613 [JavaFX Application Thread] DEBUG PrimaryStageWindow   - Scaled size: 800.0 x 600.0
14:41:44.613 [JavaFX Application Thread] DEBUG PrimaryStageWindow   - Scaled ratio: (1.0, 1.0)
14:41:44.614 [JavaFX Application Thread] DEBUG PrimaryStageWindow   - Scene size: 800.0 x 600.0
14:41:44.614 [JavaFX Application Thread] DEBUG PrimaryStageWindow   - Stage size: 816.0 x 639.0
14:41:44.625 [FXGL Background Thread 1 ] DEBUG Engine               - Initializing environment variables
14:41:44.704 [FXGL Background Thread 1 ] DEBUG FXGLAssetLoaderServi - User app class for loading assets: class com.example.nuclearthroneatomic.Controller
14:41:44.704 [FXGL Background Thread 1 ] DEBUG GameApplicationServi - Applying CSS: fxgl_dark.css
14:41:44.705 [FXGL Background Thread 1 ] DEBUG FXGLAssetLoaderServi - Loading from file system: jar:file:///C:/Users/Usuario/.m2/repository/com/github/almasb/fxgl/17.2/fxgl-17.2.jar!/fxglassets/ui/css/fxgl_dark.css
14:41:44.764 [FXGL Background Thread 1 ] DEBUG GameApplicationServi - Initializing application scenes
14:41:44.815 [FXGL Background Thread 1 ] DEBUG GameWorld            - Game world initialized
14:41:44.892 [FXGL Background Thread 1 ] DEBUG PhysicsWorld         - Physics world initialized: appHeight=600, physics.ppm=50,0
14:41:44.892 [FXGL Background Thread 1 ] DEBUG PhysicsWorld         - Using strategy: BRUTE_FORCE
14:41:44.898 [FXGL Background Thread 1 ] DEBUG GameScene            - Game scene initialized: 800x600
14:41:44.919 [FXGL Background Thread 1 ] DEBUG FXGL.DefaultMenu     - createMenuBodyMainMenu()
14:41:44.937 [FXGL Background Thread 1 ] DEBUG FXGL.DefaultMenu     - createOptionsMenu()
14:41:44.952 [FXGL Background Thread 1 ] DEBUG FXGLAssetLoaderServi - Loading from file system: jar:file:///C:/Users/Usuario/.m2/repository/com/github/almasb/fxgl/17.2/fxgl-17.2.jar!/fxglassets/textures/particles/smoke.png
14:41:45.075 [FXGL Background Thread 1 ] DEBUG FXGLAssetLoaderServi - Loading from file system: jar:file:///C:/Users/Usuario/.m2/repository/com/github/almasb/fxgl/17.2/fxgl-17.2.jar!/fxglassets/textures/particles/trace_horizontal.png
14:41:45.122 [FXGL Background Thread 1 ] DEBUG FXGL.DefaultMenu     - createMenuBodyGameMenu()
14:41:45.124 [FXGL Background Thread 1 ] DEBUG FXGL.DefaultMenu     - createOptionsMenu()
14:41:45.142 [FXGL Background Thread 1 ] DEBUG GameApplicationServi - Application scenes initialized
14:41:45.158 [FXGL Background Thread 1 ] DEBUG SystemBundleService  - Loading FXGL system data
14:41:45.166 [FXGL Background Thread 1 ] DEBUG FileSystemAccess     - Reading from: C:\Users\Usuario\OneDrive - Universidad Icesi (@icesi.edu.co)\APO2\Tareas integradoras\NuclearThroneAtomic\src\nuclearthroneatomic\system\fxgl.bundle
14:41:45.180 [FXGL Background Thread 1 ] DEBUG SystemBundleService  - Bundle FXGL: {}
14:41:45.180 [FXGL Background Thread 1 ] DEBUG UpdaterService       - Checking for updates
14:41:45.192 [FXGL Background Thread 4 ] DEBUG FXGLApplication      - Loading fonts
14:41:45.192 [FXGL Background Thread 1 ] DEBUG FXGLApplication      - Loading default localization
14:41:45.193 [FXGL Background Thread 4 ] DEBUG FXGLAssetLoaderServi - Loading from file system: jar:file:///C:/Users/Usuario/.m2/repository/com/github/almasb/fxgl/17.2/fxgl-17.2.jar!/fxglassets/ui/fonts/VarelaRound-Regular.ttf
14:41:45.194 [FXGL Background Thread 1 ] DEBUG FXGLAssetLoaderServi - Loading from file system: jar:file:///C:/Users/Usuario/.m2/repository/com/github/almasb/fxgl/17.2/fxgl-17.2.jar!/fxglassets/languages/english.lang
14:41:45.227 [FXGL Background Thread 1 ] INFO  FXGLApplication      - FXGL initialization took: 0,602 sec
14:41:45.242 [JavaFX Application Thread] DEBUG Input                - Registered new binding: lucky - Q
14:41:45.243 [JavaFX Application Thread] DEBUG Input                - Registered new binding: health - F
14:41:45.243 [JavaFX Application Thread] DEBUG Input                - Registered new binding: Right - D
14:41:45.243 [JavaFX Application Thread] DEBUG Input                - Registered new binding: Left - A
14:41:45.244 [JavaFX Application Thread] DEBUG Input                - Registered new binding: Up - W
14:41:45.244 [JavaFX Application Thread] DEBUG Input                - Registered new binding: Down - S
14:41:45.246 [JavaFX Application Thread] DEBUG Input                - Registered new binding: Reload - RMB
14:41:45.246 [JavaFX Application Thread] DEBUG Input                - Registered new binding: Shoot - LMB
14:41:45.247 [JavaFX Application Thread] DEBUG FXGLAssetLoaderServi - Loading from file system: jar:file:///C:/Users/Usuario/.m2/repository/com/github/almasb/fxgl/17.2/fxgl-17.2.jar!/fxglassets/textures/fxgl_icon.png
14:41:45.284 [JavaFX Application Thread] DEBUG FXGLAssetLoaderServi - Loading from file system: jar:file:///C:/Users/Usuario/.m2/repository/com/github/almasb/fxgl/17.2/fxgl-17.2.jar!/fxglassets/textures/fxgl_default_cursor.png
14:41:45.289 [JavaFX Application Thread] DEBUG Input                - Registered new binding: Screenshot - CTRL+8
14:41:45.290 [JavaFX Application Thread] DEBUG Input                - Registered new binding: System info dump - CTRL+9
14:41:45.291 [JavaFX Application Thread] DEBUG Input                - Registered new binding: Restart - CTRL+R
14:41:45.292 [JavaFX Application Thread] DEBUG Input                - Registered new binding: Toggle Debug Camera - CTRL+7
14:41:45.295 [JavaFX Application Thread] DEBUG LoopRunner           - Starting loop
14:41:45.295 [JavaFX Application Thread] DEBUG LoopRunner           - Initializing JavaFX AnimationTimerLoop
14:41:45.300 [JavaFX Application Thread] DEBUG Input                - Clearing active input actions
14:41:45.313 [JavaFX Application Thread] DEBUG GameApplicationServi - Removing overlay from FXGLStartupScene and adding to FXGLMainMenuDummyScene
14:41:45.314 [JavaFX Application Thread] DEBUG PrimaryStageWindow   - FXGLStartupScene -> FXGLMainMenuDummyScene
14:41:45.314 [JavaFX Application Thread] DEBUG PrimaryStageWindow   - Push state: FXGLDefaultMenu
14:41:45.322 [JavaFX Application Thread] DEBUG Input                - Clearing active input actions
14:41:45.337 [JavaFX Application Thread] DEBUG GameApplicationServi - Removing overlay from FXGLMainMenuDummyScene and adding to FXGLDefaultMenu
14:41:45.338 [JavaFX Application Thread] DEBUG PrimaryStageWindow   - FXGLMainMenuDummyScene -> FXGLDefaultMenu
14:41:45.376 [FXGL Background Thread 4 ] DEBUG FXGLAssetLoaderServi - Loading from file system: jar:file:///C:/Users/Usuario/.m2/repository/com/github/almasb/fxgl/17.2/fxgl-17.2.jar!/fxglassets/ui/fonts/Abel-Regular.ttf
14:41:45.384 [FXGL Background Thread 4 ] DEBUG FXGLAssetLoaderServi - Loading from file system: jar:file:///C:/Users/Usuario/.m2/repository/com/github/almasb/fxgl/17.2/fxgl-17.2.jar!/fxglassets/ui/fonts/TerminalLandMono-Regular.otf
14:41:45.390 [FXGL Background Thread 4 ] DEBUG FXGLAssetLoaderServi - Loading from file system: jar:file:///C:/Users/Usuario/.m2/repository/com/github/almasb/fxgl/17.2/fxgl-17.2.jar!/fxglassets/ui/fonts/Courier-Prime.ttf
14:41:45.470 [JavaFX Application Thread] DEBUG FXGLApplication      - Registering font factories with UI factory
14:41:45.886 [FXGL Background Thread 2 ] INFO  UpdaterService       - Your current version:  17.2
14:41:45.886 [FXGL Background Thread 2 ] INFO  UpdaterService       - Latest stable version: 17.3
14:41:48.191 [FXGL Background Thread 3 ] DEBUG Engine               - Logging environment variables
14:41:48.192 [FXGL Background Thread 3 ] DEBUG Engine               - achievements: []
14:41:48.192 [FXGL Background Thread 3 ] DEBUG Engine               - actualHeight: 600.0
14:41:48.192 [FXGL Background Thread 3 ] DEBUG Engine               - actualHeightProperty: ReadOnlyDoubleProperty [value: 600.0]
14:41:48.192 [FXGL Background Thread 3 ] DEBUG Engine               - actualWidth: 800.0
14:41:48.192 [FXGL Background Thread 3 ] DEBUG Engine               - actualWidthProperty: ReadOnlyDoubleProperty [value: 800.0]
14:41:48.192 [FXGL Background Thread 3 ] DEBUG Engine               - appIcon: fxgl_icon.png
14:41:48.192 [FXGL Background Thread 3 ] DEBUG Engine               - applicationMode: DEVELOPER
14:41:48.192 [FXGL Background Thread 3 ] DEBUG Engine               - cSSList: [fxgl_dark.css]
14:41:48.192 [FXGL Background Thread 3 ] DEBUG Engine               - collisionDetectionStrategy: BRUTE_FORCE
14:41:48.192 [FXGL Background Thread 3 ] DEBUG Engine               - configClass: Optional.empty
14:41:48.192 [FXGL Background Thread 3 ] DEBUG Engine               - credits: []
14:41:48.193 [FXGL Background Thread 3 ] DEBUG Engine               - defaultCursor: CursorInfo(imageName=fxgl_default_cursor.png, hotspotX=7.0, hotspotY=6.0)
14:41:48.193 [FXGL Background Thread 3 ] DEBUG Engine               - devBBoxColorProperty: ObjectProperty [value: 0xff0000ff]
14:41:48.194 [FXGL Background Thread 3 ] DEBUG Engine               - devEnableDebugCameraProperty: BooleanProperty [value: false]
14:41:48.194 [FXGL Background Thread 3 ] DEBUG Engine               - devSensorColorProperty: ObjectProperty [value: 0xffff00ff]
14:41:48.194 [FXGL Background Thread 3 ] DEBUG Engine               - devShowBBoxProperty: BooleanProperty [value: false]
14:41:48.194 [FXGL Background Thread 3 ] DEBUG Engine               - devShowPositionProperty: BooleanProperty [value: false]
14:41:48.194 [FXGL Background Thread 3 ] DEBUG Engine               - enabledMenuItems: []
14:41:48.194 [FXGL Background Thread 3 ] DEBUG Engine               - engineServices: [class com.almasb.fxgl.app.services.FXGLAssetLoaderService, class com.almasb.fxgl.app.FXGLApplication$GameApplicationService, class com.almasb.fxgl.app.services.FXGLDialogService, class com.almasb.fxgl.app.services.IOTaskExecutorService, class com.almasb.fxgl.io.FileSystemService, class com.almasb.fxgl.localization.LocalizationService, class com.almasb.fxgl.app.services.SystemBundleService, class com.almasb.fxgl.profile.SaveLoadService, class com.almasb.fxgl.ui.FXGLUIFactoryServiceProvider, class com.almasb.fxgl.ui.FXGLDialogFactoryServiceProvider, class com.almasb.fxgl.audio.AudioPlayer, class com.almasb.fxgl.notification.impl.NotificationServiceProvider, class com.almasb.fxgl.achievement.AchievementService, class com.almasb.fxgl.cutscene.CutsceneService, class com.almasb.fxgl.minigames.MiniGameService, class com.almasb.fxgl.net.NetService, class com.almasb.fxgl.app.services.UpdaterService, class com.almasb.fxgl.dev.DevService]
14:41:48.194 [FXGL Background Thread 3 ] DEBUG Engine               - fontGame: Abel-Regular.ttf
14:41:48.194 [FXGL Background Thread 3 ] DEBUG Engine               - fontMono: TerminalLandMono-Regular.otf
14:41:48.194 [FXGL Background Thread 3 ] DEBUG Engine               - fontText: Courier-Prime.ttf
14:41:48.194 [FXGL Background Thread 3 ] DEBUG Engine               - fontUI: VarelaRound-Regular.ttf
14:41:48.195 [FXGL Background Thread 3 ] DEBUG Engine               - fullScreen: BooleanProperty [value: false]
14:41:48.195 [FXGL Background Thread 3 ] DEBUG Engine               - gameDifficulty: MEDIUM
14:41:48.195 [FXGL Background Thread 3 ] DEBUG Engine               - gameDifficultyProperty: ObjectProperty [value: MEDIUM]
14:41:48.195 [FXGL Background Thread 3 ] DEBUG Engine               - globalMusicVolume: 0.5
14:41:48.195 [FXGL Background Thread 3 ] DEBUG Engine               - globalMusicVolumeProperty: DoubleProperty [value: 0.5]
14:41:48.195 [FXGL Background Thread 3 ] DEBUG Engine               - globalSoundVolume: 0.5
14:41:48.195 [FXGL Background Thread 3 ] DEBUG Engine               - globalSoundVolumeProperty: DoubleProperty [value: 0.5]
14:41:48.195 [FXGL Background Thread 3 ] DEBUG Engine               - height: 600
14:41:48.195 [FXGL Background Thread 3 ] DEBUG Engine               - is3D: false
14:41:48.195 [FXGL Background Thread 3 ] DEBUG Engine               - isAndroid: false
14:41:48.195 [FXGL Background Thread 3 ] DEBUG Engine               - isBrowser: false
14:41:48.196 [FXGL Background Thread 3 ] DEBUG Engine               - isClickFeedbackEnabled: false
14:41:48.196 [FXGL Background Thread 3 ] DEBUG Engine               - isCloseConfirmation: false
14:41:48.196 [FXGL Background Thread 3 ] DEBUG Engine               - isDesktop: true
14:41:48.196 [FXGL Background Thread 3 ] DEBUG Engine               - isDeveloperMenuEnabled: false
14:41:48.196 [FXGL Background Thread 3 ] DEBUG Engine               - isEmbedded: false
14:41:48.196 [FXGL Background Thread 3 ] DEBUG Engine               - isEntityPreloadEnabled: true
14:41:48.196 [FXGL Background Thread 3 ] DEBUG Engine               - isExperimentalTiledLargeMap: false
14:41:48.196 [FXGL Background Thread 3 ] DEBUG Engine               - isFileSystemWriteAllowed: true
14:41:48.196 [FXGL Background Thread 3 ] DEBUG Engine               - isFullScreenAllowed: false
14:41:48.196 [FXGL Background Thread 3 ] DEBUG Engine               - isFullScreenFromStart: false
14:41:48.196 [FXGL Background Thread 3 ] DEBUG Engine               - isGameMenuEnabled: true
14:41:48.196 [FXGL Background Thread 3 ] DEBUG Engine               - isIOS: false
14:41:48.197 [FXGL Background Thread 3 ] DEBUG Engine               - isIntroEnabled: false
14:41:48.197 [FXGL Background Thread 3 ] DEBUG Engine               - isLinux: false
14:41:48.197 [FXGL Background Thread 3 ] DEBUG Engine               - isMac: false
14:41:48.197 [FXGL Background Thread 3 ] DEBUG Engine               - isMainMenuEnabled: true
14:41:48.197 [FXGL Background Thread 3 ] DEBUG Engine               - isManualResizeEnabled: false
14:41:48.197 [FXGL Background Thread 3 ] DEBUG Engine               - isMobile: false
14:41:48.197 [FXGL Background Thread 3 ] DEBUG Engine               - isNative: false
14:41:48.197 [FXGL Background Thread 3 ] DEBUG Engine               - isPauseMusicWhenMinimized: true
14:41:48.197 [FXGL Background Thread 3 ] DEBUG Engine               - isPreserveResizeRatio: false
14:41:48.197 [FXGL Background Thread 3 ] DEBUG Engine               - isProfilingEnabled: false
14:41:48.198 [FXGL Background Thread 3 ] DEBUG Engine               - isScaleAffectedOnResize: true
14:41:48.198 [FXGL Background Thread 3 ] DEBUG Engine               - isSingleStep: false
14:41:48.198 [FXGL Background Thread 3 ] DEBUG Engine               - isUserProfileEnabled: false
14:41:48.198 [FXGL Background Thread 3 ] DEBUG Engine               - isWindows: true
14:41:48.198 [FXGL Background Thread 3 ] DEBUG Engine               - language: ObjectProperty [value: ENGLISH]
14:41:48.198 [FXGL Background Thread 3 ] DEBUG Engine               - menuKey: ESCAPE
14:41:48.198 [FXGL Background Thread 3 ] DEBUG Engine               - mouseSensitivity: 0.2
14:41:48.198 [FXGL Background Thread 3 ] DEBUG Engine               - notificationViewClass: class com.almasb.fxgl.notification.view.XboxNotificationView
14:41:48.198 [FXGL Background Thread 3 ] DEBUG Engine               - pixelsPerMeter: 50.0
14:41:48.198 [FXGL Background Thread 3 ] DEBUG Engine               - platform: WINDOWS
14:41:48.198 [FXGL Background Thread 3 ] DEBUG Engine               - prefHeightProperty: ReadOnlyDoubleProperty [value: 600.0]
14:41:48.198 [FXGL Background Thread 3 ] DEBUG Engine               - prefWidthProperty: ReadOnlyDoubleProperty [value: 800.0]
14:41:48.198 [FXGL Background Thread 3 ] DEBUG Engine               - profileDir: profiles/
14:41:48.198 [FXGL Background Thread 3 ] DEBUG Engine               - profileName: StringProperty [value: DEFAULT]
14:41:48.199 [FXGL Background Thread 3 ] DEBUG Engine               - randomSeed: -1
14:41:48.199 [FXGL Background Thread 3 ] DEBUG Engine               - runtimeInfo: RuntimeInfo(platform=WINDOWS, version=17.2, build=20.08.2022 16.50)
14:41:48.199 [FXGL Background Thread 3 ] DEBUG Engine               - saveFileExt: sav
14:41:48.199 [FXGL Background Thread 3 ] DEBUG Engine               - scaledHeightProp$fxgl: DoubleProperty [bound, value: 600.0]
14:41:48.199 [FXGL Background Thread 3 ] DEBUG Engine               - scaledWidthProp$fxgl: DoubleProperty [bound, value: 800.0]
14:41:48.199 [FXGL Background Thread 3 ] DEBUG Engine               - sceneFactory: com.almasb.fxgl.app.scene.SceneFactory@4d1aaf2e
14:41:48.199 [FXGL Background Thread 3 ] DEBUG Engine               - secondsIn24h: 60
14:41:48.199 [FXGL Background Thread 3 ] DEBUG Engine               - soundMenuBack: menu/back.wav
14:41:48.199 [FXGL Background Thread 3 ] DEBUG Engine               - soundMenuPress: menu/press.wav
14:41:48.199 [FXGL Background Thread 3 ] DEBUG Engine               - soundMenuSelect: menu/select.wav
14:41:48.199 [FXGL Background Thread 3 ] DEBUG Engine               - soundNotification: core/notification.wav
14:41:48.200 [FXGL Background Thread 3 ] DEBUG Engine               - stageStyle: DECORATED
14:41:48.200 [FXGL Background Thread 3 ] DEBUG Engine               - supportedLanguages: [ENGLISH, FRENCH, GERMAN, HUNGARIAN, RUSSIAN]
14:41:48.200 [FXGL Background Thread 3 ] DEBUG Engine               - ticksPerSecond: -1
14:41:48.200 [FXGL Background Thread 3 ] DEBUG Engine               - title: Nuclear Throne Atomic
14:41:48.200 [FXGL Background Thread 3 ] DEBUG Engine               - urlGithub: https://github.com/AlmasB/FXGL
14:41:48.200 [FXGL Background Thread 3 ] DEBUG Engine               - urlLeaderboard: http://fxgl-top.herokuapp.com/
14:41:48.200 [FXGL Background Thread 3 ] DEBUG Engine               - urlPOM: https://raw.githubusercontent.com/AlmasB/FXGL/release/README.md
14:41:48.200 [FXGL Background Thread 3 ] DEBUG Engine               - userAppClass: class com.example.nuclearthroneatomic.Controller
14:41:48.200 [FXGL Background Thread 3 ] DEBUG Engine               - version: 0.0
14:41:48.200 [FXGL Background Thread 3 ] DEBUG Engine               - versionCheckDays: 7
14:41:48.200 [FXGL Background Thread 3 ] DEBUG Engine               - width: 800
14:41:48.200 [FXGL Background Thread 3 ] DEBUG Engine               - Logging services
14:41:48.200 [FXGL Background Thread 3 ] DEBUG Engine               - class com.almasb.fxgl.app.services.FXGLAssetLoaderService
14:41:48.200 [FXGL Background Thread 3 ] DEBUG Engine               - class com.almasb.fxgl.app.FXGLApplication$GameApplicationService
14:41:48.201 [FXGL Background Thread 3 ] DEBUG Engine               - class com.almasb.fxgl.app.services.FXGLDialogService
14:41:48.201 [FXGL Background Thread 3 ] DEBUG Engine               - class com.almasb.fxgl.app.services.IOTaskExecutorService
14:41:48.201 [FXGL Background Thread 3 ] DEBUG Engine               - class com.almasb.fxgl.io.FileSystemService
14:41:48.201 [FXGL Background Thread 3 ] DEBUG Engine               - class com.almasb.fxgl.localization.LocalizationService
14:41:48.201 [FXGL Background Thread 3 ] DEBUG Engine               - class com.almasb.fxgl.app.services.SystemBundleService
14:41:48.201 [FXGL Background Thread 3 ] DEBUG Engine               - class com.almasb.fxgl.profile.SaveLoadService
14:41:48.201 [FXGL Background Thread 3 ] DEBUG Engine               - class com.almasb.fxgl.ui.FXGLUIFactoryServiceProvider
14:41:48.201 [FXGL Background Thread 3 ] DEBUG Engine               - class com.almasb.fxgl.ui.FXGLDialogFactoryServiceProvider
14:41:48.201 [FXGL Background Thread 3 ] DEBUG Engine               - class com.almasb.fxgl.audio.AudioPlayer
14:41:48.201 [FXGL Background Thread 3 ] DEBUG Engine               - class com.almasb.fxgl.notification.impl.NotificationServiceProvider
14:41:48.201 [FXGL Background Thread 3 ] DEBUG Engine               - class com.almasb.fxgl.achievement.AchievementService
14:41:48.201 [FXGL Background Thread 3 ] DEBUG Engine               - class com.almasb.fxgl.cutscene.CutsceneService
14:41:48.201 [FXGL Background Thread 3 ] DEBUG Engine               - class com.almasb.fxgl.minigames.MiniGameService
14:41:48.201 [FXGL Background Thread 3 ] DEBUG Engine               - class com.almasb.fxgl.net.NetService
14:41:48.201 [FXGL Background Thread 3 ] DEBUG Engine               - class com.almasb.fxgl.app.services.UpdaterService
14:41:48.201 [FXGL Background Thread 3 ] DEBUG Engine               - class com.almasb.fxgl.dev.DevService
14:41:51.685 [JavaFX Application Thread] DEBUG Menu                 - fireNewGame()
14:41:51.686 [JavaFX Application Thread] DEBUG GameApplicationServi - Starting new game
14:41:51.688 [JavaFX Application Thread] DEBUG PrimaryStageWindow   - Pop state: FXGLDefaultMenu
14:41:51.688 [JavaFX Application Thread] DEBUG Input                - Clearing active input actions
14:41:51.689 [JavaFX Application Thread] DEBUG GameApplicationServi - Removing overlay from FXGLDefaultMenu and adding to FXGLMainMenuDummyScene
14:41:51.690 [JavaFX Application Thread] DEBUG PrimaryStageWindow   - FXGLMainMenuDummyScene <- FXGLDefaultMenu
14:41:51.690 [JavaFX Application Thread] DEBUG Input                - Clearing active input actions
14:41:51.704 [JavaFX Application Thread] DEBUG GameApplicationServi - Removing overlay from FXGLMainMenuDummyScene and adding to FXGLLoadingScene
14:41:51.704 [JavaFX Application Thread] DEBUG PrimaryStageWindow   - FXGLMainMenuDummyScene -> FXGLLoadingScene
14:41:51.704 [JavaFX Application Thread] DEBUG GameApplicationServi - Clearing previous game
14:41:51.704 [JavaFX Application Thread] DEBUG GameScene            - Clearing game scene
14:41:51.704 [JavaFX Application Thread] DEBUG GameWorld            - Clearing game world
14:41:51.704 [JavaFX Application Thread] DEBUG PhysicsWorld         - Clearing physics world
14:41:51.706 [FXGL Background Thread 2 ] DEBUG FXGLApplication      - Initializing game
14:41:51.715 [FXGL Background Thread 2 ] DEBUG FXGLAssetLoaderServi - Loading from file system: file:/C:/Users/Usuario/OneDrive%20-%20Universidad%20Icesi%20(@icesi.edu.co)/APO2/Tareas%20integradoras/NuclearThroneAtomic/src/nuclearthroneatomic/target/classes/assets/textures/Avatar/1-Idle/1.png
14:41:51.717 [FXGL Background Thread 2 ] DEBUG FXGLAssetLoaderServi - Loading from file system: file:/C:/Users/Usuario/OneDrive%20-%20Universidad%20Icesi%20(@icesi.edu.co)/APO2/Tareas%20integradoras/NuclearThroneAtomic/src/nuclearthroneatomic/target/classes/assets/textures/Avatar/1-Idle/2.png
14:41:51.719 [FXGL Background Thread 2 ] DEBUG FXGLAssetLoaderServi - Loading from file system: file:/C:/Users/Usuario/OneDrive%20-%20Universidad%20Icesi%20(@icesi.edu.co)/APO2/Tareas%20integradoras/NuclearThroneAtomic/src/nuclearthroneatomic/target/classes/assets/textures/Avatar/1-Idle/3.png
14:41:51.722 [FXGL Background Thread 2 ] DEBUG FXGLAssetLoaderServi - Loading from file system: file:/C:/Users/Usuario/OneDrive%20-%20Universidad%20Icesi%20(@icesi.edu.co)/APO2/Tareas%20integradoras/NuclearThroneAtomic/src/nuclearthroneatomic/target/classes/assets/textures/Avatar/1-Idle/4.png
14:41:51.754 [FXGL Background Thread 2 ] DEBUG FXGLAssetLoaderServi - Loading from file system: file:/C:/Users/Usuario/OneDrive%20-%20Universidad%20Icesi%20(@icesi.edu.co)/APO2/Tareas%20integradoras/NuclearThroneAtomic/src/nuclearthroneatomic/target/classes/assets/textures/Avatar/2-Run/1.png
14:41:51.758 [FXGL Background Thread 2 ] DEBUG FXGLAssetLoaderServi - Loading from file system: file:/C:/Users/Usuario/OneDrive%20-%20Universidad%20Icesi%20(@icesi.edu.co)/APO2/Tareas%20integradoras/NuclearThroneAtomic/src/nuclearthroneatomic/target/classes/assets/textures/Avatar/2-Run/2.png
14:41:51.761 [FXGL Background Thread 2 ] DEBUG FXGLAssetLoaderServi - Loading from file system: file:/C:/Users/Usuario/OneDrive%20-%20Universidad%20Icesi%20(@icesi.edu.co)/APO2/Tareas%20integradoras/NuclearThroneAtomic/src/nuclearthroneatomic/target/classes/assets/textures/Avatar/2-Run/3.png
14:41:51.764 [FXGL Background Thread 2 ] DEBUG FXGLAssetLoaderServi - Loading from file system: file:/C:/Users/Usuario/OneDrive%20-%20Universidad%20Icesi%20(@icesi.edu.co)/APO2/Tareas%20integradoras/NuclearThroneAtomic/src/nuclearthroneatomic/target/classes/assets/textures/Avatar/2-Run/4.png
14:41:51.767 [FXGL Background Thread 2 ] DEBUG FXGLAssetLoaderServi - Loading from file system: file:/C:/Users/Usuario/OneDrive%20-%20Universidad%20Icesi%20(@icesi.edu.co)/APO2/Tareas%20integradoras/NuclearThroneAtomic/src/nuclearthroneatomic/target/classes/assets/textures/Avatar/2-Run/5.png
14:41:51.769 [FXGL Background Thread 2 ] DEBUG FXGLAssetLoaderServi - Loading from file system: file:/C:/Users/Usuario/OneDrive%20-%20Universidad%20Icesi%20(@icesi.edu.co)/APO2/Tareas%20integradoras/NuclearThroneAtomic/src/nuclearthroneatomic/target/classes/assets/textures/Avatar/2-Run/6.png
14:41:51.775 [FXGL Background Thread 2 ] DEBUG FXGLAssetLoaderServi - Loading from file system: file:/C:/Users/Usuario/OneDrive%20-%20Universidad%20Icesi%20(@icesi.edu.co)/APO2/Tareas%20integradoras/NuclearThroneAtomic/src/nuclearthroneatomic/target/classes/assets/textures/Munition/1.png
14:41:51.829 [FXGL Background Thread 2 ] DEBUG FXGLAssetLoaderServi - Loading from file system: file:/C:/Users/Usuario/OneDrive%20-%20Universidad%20Icesi%20(@icesi.edu.co)/APO2/Tareas%20integradoras/NuclearThroneAtomic/src/nuclearthroneatomic/target/classes/assets/textures/hud/lifeplayer.png
14:41:51.838 [FXGL Background Thread 2 ] DEBUG FXGLAssetLoaderServi - Loading from file system: file:/C:/Users/Usuario/OneDrive%20-%20Universidad%20Icesi%20(@icesi.edu.co)/APO2/Tareas%20integradoras/NuclearThroneAtomic/src/nuclearthroneatomic/target/classes/assets/textures/hud/medkit.png
14:41:51.842 [FXGL Background Thread 2 ] DEBUG FXGLAssetLoaderServi - Loading from file system: file:/C:/Users/Usuario/OneDrive%20-%20Universidad%20Icesi%20(@icesi.edu.co)/APO2/Tareas%20integradoras/NuclearThroneAtomic/src/nuclearthroneatomic/target/classes/assets/textures/hud/trebol.png
14:41:51.849 [FXGL Background Thread 2 ] DEBUG FXGLAssetLoaderServi - Loading from file system: file:/C:/Users/Usuario/OneDrive%20-%20Universidad%20Icesi%20(@icesi.edu.co)/APO2/Tareas%20integradoras/NuclearThroneAtomic/src/nuclearthroneatomic/target/classes/assets/textures/Guns/1.png
14:41:51.856 [FXGL Background Thread 2 ] DEBUG FXGLAssetLoaderServi - Loading from file system: file:/C:/Users/Usuario/OneDrive%20-%20Universidad%20Icesi%20(@icesi.edu.co)/APO2/Tareas%20integradoras/NuclearThroneAtomic/src/nuclearthroneatomic/target/classes/assets/textures/Guns/2.png
14:41:51.861 [FXGL Background Thread 2 ] DEBUG FXGLAssetLoaderServi - Loading from file system: file:/C:/Users/Usuario/OneDrive%20-%20Universidad%20Icesi%20(@icesi.edu.co)/APO2/Tareas%20integradoras/NuclearThroneAtomic/src/nuclearthroneatomic/target/classes/assets/textures/Wall/1.png
14:41:51.974 [FXGL Background Thread 2 ] INFO  FXGLApplication      - Game initialization took: 0,268 sec
14:41:51.985 [JavaFX Application Thread] DEBUG Input                - Clearing active input actions
14:41:51.992 [JavaFX Application Thread] DEBUG GameApplicationServi - Removing overlay from FXGLLoadingScene and adding to GameScene
14:41:51.992 [JavaFX Application Thread] DEBUG PrimaryStageWindow   - FXGLLoadingScene -> GameScene
14:41:54.055 [JavaFX Application Thread] DEBUG PrimaryStageWindow   - Push state: FXGLDefaultMenu
14:41:54.055 [JavaFX Application Thread] DEBUG Input                - Clearing active input actions
14:41:54.057 [JavaFX Application Thread] DEBUG GameApplicationServi - Removing overlay from GameScene and adding to FXGLDefaultMenu
14:41:54.057 [JavaFX Application Thread] DEBUG PrimaryStageWindow   - GameScene -> FXGLDefaultMenu
14:41:56.468 [JavaFX Application Thread] DEBUG Menu                 - fireExitToMainMenu()
14:41:56.471 [JavaFX Application Thread] DEBUG PrimaryStageWindow   - Push state: DialogSubScene
14:41:56.471 [JavaFX Application Thread] DEBUG Input                - Clearing active input actions
14:41:56.471 [JavaFX Application Thread] DEBUG GameApplicationServi - Removing overlay from FXGLDefaultMenu and adding to DialogSubScene
14:41:56.472 [JavaFX Application Thread] DEBUG PrimaryStageWindow   - FXGLDefaultMenu -> DialogSubScene
14:41:57.548 [JavaFX Application Thread] DEBUG PrimaryStageWindow   - Pop state: DialogSubScene
14:41:57.548 [JavaFX Application Thread] DEBUG Input                - Clearing active input actions
14:41:57.548 [JavaFX Application Thread] DEBUG GameApplicationServi - Removing overlay from DialogSubScene and adding to FXGLDefaultMenu
14:41:57.548 [JavaFX Application Thread] DEBUG PrimaryStageWindow   - FXGLDefaultMenu <- DialogSubScene
14:41:57.549 [JavaFX Application Thread] DEBUG PrimaryStageWindow   - Pop state: FXGLDefaultMenu
14:41:57.549 [JavaFX Application Thread] DEBUG Input                - Clearing active input actions
14:41:57.549 [JavaFX Application Thread] DEBUG GameApplicationServi - Removing overlay from FXGLDefaultMenu and adding to GameScene
14:41:57.549 [JavaFX Application Thread] DEBUG PrimaryStageWindow   - GameScene <- FXGLDefaultMenu
14:41:57.549 [JavaFX Application Thread] DEBUG Input                - Clearing active input actions
14:41:57.556 [JavaFX Application Thread] DEBUG GameApplicationServi - Removing overlay from GameScene and adding to FXGLMainMenuDummyScene
14:41:57.556 [JavaFX Application Thread] DEBUG PrimaryStageWindow   - GameScene -> FXGLMainMenuDummyScene
14:41:57.557 [JavaFX Application Thread] DEBUG PrimaryStageWindow   - Push state: FXGLDefaultMenu
14:41:57.557 [JavaFX Application Thread] DEBUG Input                - Clearing active input actions
14:41:57.559 [JavaFX Application Thread] DEBUG GameApplicationServi - Removing overlay from FXGLMainMenuDummyScene and adding to FXGLDefaultMenu
14:41:57.559 [JavaFX Application Thread] DEBUG PrimaryStageWindow   - FXGLMainMenuDummyScene -> FXGLDefaultMenu
14:41:58.885 [JavaFX Application Thread] DEBUG Menu                 - fireExit()
14:41:58.886 [JavaFX Application Thread] DEBUG PrimaryStageWindow   - Push state: DialogSubScene
14:41:58.886 [JavaFX Application Thread] DEBUG Input                - Clearing active input actions
14:41:58.887 [JavaFX Application Thread] DEBUG GameApplicationServi - Removing overlay from FXGLDefaultMenu and adding to DialogSubScene
14:41:58.887 [JavaFX Application Thread] DEBUG PrimaryStageWindow   - FXGLDefaultMenu -> DialogSubScene
14:42:00.073 [JavaFX Application Thread] DEBUG PrimaryStageWindow   - Pop state: DialogSubScene
14:42:00.073 [JavaFX Application Thread] DEBUG Input                - Clearing active input actions
14:42:00.073 [JavaFX Application Thread] DEBUG GameApplicationServi - Removing overlay from DialogSubScene and adding to FXGLDefaultMenu
14:42:00.073 [JavaFX Application Thread] DEBUG PrimaryStageWindow   - FXGLDefaultMenu <- DialogSubScene
14:42:00.073 [JavaFX Application Thread] DEBUG FXGLApplication      - Exiting FXGL
14:42:00.074 [JavaFX Application Thread] DEBUG LoopRunner           - Stopping loop
14:42:00.074 [JavaFX Application Thread] DEBUG SystemBundleService  - Saving FXGL system data
14:42:00.077 [JavaFX Application Thread] DEBUG FileSystemAccess     - Writing to: C:\Users\Usuario\OneDrive - Universidad Icesi (@icesi.edu.co)\APO2\Tareas integradoras\NuclearThroneAtomic\src\nuclearthroneatomic\system\fxgl.bundle
14:42:00.079 [JavaFX Application Thread] DEBUG Async                - Shutting down background threads
14:42:00.080 [JavaFX Application Thread] DEBUG PrimaryStageWindow   - Closing main window
14:42:00.094 [JavaFX Application Thread] DEBUG Logger               - Closing Logger
