22:19:46.667 [main                     ] DEBUG Logger               - Configured Logger
22:19:46.705 [main                     ] DEBUG GameApplication      - Logging settings
Title: Nuclear Throne Atomic
Version: 0.0
Width: 800
Height: 600
Fullscreen: true
Intro: false
Profiling: false
Single step:false
App Mode: DEVELOPER
Menu Key: ESCAPE
Stage Style: DECORATED
Scene Factory: class com.almasb.fxgl.app.scene.SceneFactory

22:19:47.164 [JavaFX Application Thread] DEBUG FXGLApplication      - Initializing FXGL
22:19:47.173 [JavaFX Application Thread] INFO  Engine               - FXGL-17.2 (20.08.2022 16.50) on WINDOWS (J:18.0.2 FX:18.0.2)
22:19:47.173 [JavaFX Application Thread] DEBUG Engine               - JRE Vendor Name: Amazon.com Inc.
22:19:47.173 [JavaFX Application Thread] DEBUG Engine               - Running on OS: Windows 10 version 10.0
22:19:47.174 [JavaFX Application Thread] DEBUG Engine               - Architecture: amd64
22:19:47.174 [JavaFX Application Thread] INFO  Engine               - Source code and latest versions at: https://github.com/AlmasB/FXGL
22:19:47.175 [JavaFX Application Thread] INFO  Engine               -       Ask questions and discuss at: https://github.com/AlmasB/FXGL/discussions
22:19:47.175 [JavaFX Application Thread] INFO  Engine               -              Join the FXGL chat at: https://gitter.im/AlmasB/FXGL
22:19:47.311 [JavaFX Application Thread] DEBUG PrimaryStageWindow   - Creating a JavaFX scene
22:19:47.377 [JavaFX Application Thread] DEBUG PrimaryStageWindow   - Target settings size: 800.0 x 600.0
22:19:47.377 [JavaFX Application Thread] DEBUG PrimaryStageWindow   - Scaled scene size:    800.0 x 600.0
22:19:47.377 [JavaFX Application Thread] DEBUG PrimaryStageWindow   - Scaled ratio: (1.0, 1.0)
22:19:47.380 [JavaFX Application Thread] DEBUG PrimaryStageWindow   - Set initial scene to FXGLStartupScene
22:19:47.392 [JavaFX Application Thread] DEBUG PrimaryStageWindow   - Opening main window
22:19:47.486 [JavaFX Application Thread] DEBUG PrimaryStageWindow   - Window border size: (16.0, 39.0)
22:19:47.486 [JavaFX Application Thread] DEBUG PrimaryStageWindow   - Scaled size: 800.0 x 600.0
22:19:47.487 [JavaFX Application Thread] DEBUG PrimaryStageWindow   - Scaled ratio: (1.0, 1.0)
22:19:47.487 [JavaFX Application Thread] DEBUG PrimaryStageWindow   - Scene size: 800.0 x 600.0
22:19:47.487 [JavaFX Application Thread] DEBUG PrimaryStageWindow   - Stage size: 816.0 x 639.0
22:19:47.500 [FXGL Background Thread 1 ] DEBUG Engine               - Initializing environment variables
22:19:47.582 [FXGL Background Thread 1 ] DEBUG FXGLAssetLoaderServi - User app class for loading assets: class com.example.nuclearthroneatomic.Controller
22:19:47.582 [FXGL Background Thread 1 ] DEBUG GameApplicationServi - Applying CSS: fxgl_dark.css
22:19:47.583 [FXGL Background Thread 1 ] DEBUG FXGLAssetLoaderServi - Loading from file system: jar:file:///C:/Users/Juan/.m2/repository/com/github/almasb/fxgl/17.2/fxgl-17.2.jar!/fxglassets/ui/css/fxgl_dark.css
22:19:47.670 [FXGL Background Thread 1 ] DEBUG GameApplicationServi - Initializing application scenes
22:19:47.783 [FXGL Background Thread 1 ] DEBUG GameWorld            - Game world initialized
22:19:47.860 [FXGL Background Thread 1 ] DEBUG PhysicsWorld         - Physics world initialized: appHeight=600, physics.ppm=50,0
22:19:47.861 [FXGL Background Thread 1 ] DEBUG PhysicsWorld         - Using strategy: BRUTE_FORCE
22:19:47.868 [FXGL Background Thread 1 ] DEBUG GameScene            - Game scene initialized: 800x600
22:19:47.888 [FXGL Background Thread 1 ] DEBUG FXGL.DefaultMenu     - createMenuBodyMainMenu()
22:19:47.913 [FXGL Background Thread 1 ] DEBUG FXGL.DefaultMenu     - createOptionsMenu()
22:19:47.930 [FXGL Background Thread 1 ] DEBUG FXGLAssetLoaderServi - Loading from file system: jar:file:///C:/Users/Juan/.m2/repository/com/github/almasb/fxgl/17.2/fxgl-17.2.jar!/fxglassets/textures/particles/smoke.png
22:19:48.073 [FXGL Background Thread 1 ] DEBUG FXGLAssetLoaderServi - Loading from file system: jar:file:///C:/Users/Juan/.m2/repository/com/github/almasb/fxgl/17.2/fxgl-17.2.jar!/fxglassets/textures/particles/trace_horizontal.png
22:19:48.148 [FXGL Background Thread 1 ] DEBUG FXGL.DefaultMenu     - createMenuBodyGameMenu()
22:19:48.150 [FXGL Background Thread 1 ] DEBUG FXGL.DefaultMenu     - createOptionsMenu()
22:19:48.171 [FXGL Background Thread 1 ] DEBUG GameApplicationServi - Application scenes initialized
22:19:48.223 [FXGL Background Thread 1 ] DEBUG SystemBundleService  - Loading FXGL system data
22:19:48.268 [FXGL Background Thread 1 ] DEBUG FileSystemAccess     - Reading from: C:\Users\Juan\Desktop\Apo Integradora 3\NuclearThroneAtomic\src\nuclearthroneatomic\system\fxgl.bundle
22:19:48.362 [FXGL Background Thread 1 ] DEBUG SystemBundleService  - Bundle FXGL: {}
22:19:48.363 [FXGL Background Thread 1 ] DEBUG UpdaterService       - Checking for updates
22:19:48.368 [FXGL Background Thread 4 ] DEBUG FXGLApplication      - Loading fonts
22:19:48.369 [FXGL Background Thread 4 ] DEBUG FXGLAssetLoaderServi - Loading from file system: jar:file:///C:/Users/Juan/.m2/repository/com/github/almasb/fxgl/17.2/fxgl-17.2.jar!/fxglassets/ui/fonts/VarelaRound-Regular.ttf
22:19:48.369 [FXGL Background Thread 1 ] DEBUG FXGLApplication      - Loading default localization
22:19:48.370 [FXGL Background Thread 1 ] DEBUG FXGLAssetLoaderServi - Loading from file system: jar:file:///C:/Users/Juan/.m2/repository/com/github/almasb/fxgl/17.2/fxgl-17.2.jar!/fxglassets/languages/english.lang
22:19:48.387 [FXGL Background Thread 1 ] INFO  FXGLApplication      - FXGL initialization took: 0,887 sec
22:19:48.399 [JavaFX Application Thread] DEBUG Input                - Registered new binding: lucky - Q
22:19:48.399 [JavaFX Application Thread] DEBUG Input                - Registered new binding: health - F
22:19:48.399 [JavaFX Application Thread] DEBUG Input                - Registered new binding: Right - D
22:19:48.400 [JavaFX Application Thread] DEBUG Input                - Registered new binding: Left - A
22:19:48.400 [JavaFX Application Thread] DEBUG Input                - Registered new binding: Up - W
22:19:48.400 [JavaFX Application Thread] DEBUG Input                - Registered new binding: Down - S
22:19:48.401 [JavaFX Application Thread] DEBUG Input                - Registered new binding: Reload - RMB
22:19:48.402 [JavaFX Application Thread] DEBUG Input                - Registered new binding: Shoot - LMB
22:19:48.403 [JavaFX Application Thread] DEBUG FXGLAssetLoaderServi - Loading from file system: jar:file:///C:/Users/Juan/.m2/repository/com/github/almasb/fxgl/17.2/fxgl-17.2.jar!/fxglassets/textures/fxgl_icon.png
22:19:48.477 [JavaFX Application Thread] DEBUG FXGLAssetLoaderServi - Loading from file system: jar:file:///C:/Users/Juan/.m2/repository/com/github/almasb/fxgl/17.2/fxgl-17.2.jar!/fxglassets/textures/fxgl_default_cursor.png
22:19:48.479 [JavaFX Application Thread] DEBUG Input                - Registered new binding: Screenshot - CTRL+8
22:19:48.479 [JavaFX Application Thread] DEBUG Input                - Registered new binding: System info dump - CTRL+9
22:19:48.480 [JavaFX Application Thread] DEBUG Input                - Registered new binding: Restart - CTRL+R
22:19:48.480 [JavaFX Application Thread] DEBUG Input                - Registered new binding: Toggle Debug Camera - CTRL+7
22:19:48.483 [JavaFX Application Thread] DEBUG LoopRunner           - Starting loop
22:19:48.483 [JavaFX Application Thread] DEBUG LoopRunner           - Initializing JavaFX AnimationTimerLoop
22:19:48.485 [JavaFX Application Thread] DEBUG Input                - Clearing active input actions
22:19:48.495 [JavaFX Application Thread] DEBUG GameApplicationServi - Removing overlay from FXGLStartupScene and adding to FXGLMainMenuDummyScene
22:19:48.496 [JavaFX Application Thread] DEBUG PrimaryStageWindow   - FXGLStartupScene -> FXGLMainMenuDummyScene
22:19:48.496 [JavaFX Application Thread] DEBUG PrimaryStageWindow   - Push state: FXGLDefaultMenu
22:19:48.501 [JavaFX Application Thread] DEBUG Input                - Clearing active input actions
22:19:48.509 [JavaFX Application Thread] DEBUG GameApplicationServi - Removing overlay from FXGLMainMenuDummyScene and adding to FXGLDefaultMenu
22:19:48.515 [JavaFX Application Thread] DEBUG PrimaryStageWindow   - FXGLMainMenuDummyScene -> FXGLDefaultMenu
22:19:48.782 [FXGL Background Thread 4 ] DEBUG FXGLAssetLoaderServi - Loading from file system: jar:file:///C:/Users/Juan/.m2/repository/com/github/almasb/fxgl/17.2/fxgl-17.2.jar!/fxglassets/ui/fonts/Abel-Regular.ttf
22:19:48.819 [FXGL Background Thread 4 ] DEBUG FXGLAssetLoaderServi - Loading from file system: jar:file:///C:/Users/Juan/.m2/repository/com/github/almasb/fxgl/17.2/fxgl-17.2.jar!/fxglassets/ui/fonts/TerminalLandMono-Regular.otf
22:19:48.842 [FXGL Background Thread 4 ] DEBUG FXGLAssetLoaderServi - Loading from file system: jar:file:///C:/Users/Juan/.m2/repository/com/github/almasb/fxgl/17.2/fxgl-17.2.jar!/fxglassets/ui/fonts/Courier-Prime.ttf
22:19:48.997 [JavaFX Application Thread] DEBUG FXGLApplication      - Registering font factories with UI factory
22:19:50.648 [FXGL Background Thread 2 ] INFO  UpdaterService       - Your current version:  17.2
22:19:50.649 [FXGL Background Thread 2 ] INFO  UpdaterService       - Latest stable version: 17.3
22:19:50.894 [JavaFX Application Thread] DEBUG LoopRunner           - Pausing loop
22:19:51.382 [FXGL Background Thread 3 ] DEBUG Engine               - Logging environment variables
22:19:51.383 [FXGL Background Thread 3 ] DEBUG Engine               - achievements: []
22:19:51.384 [FXGL Background Thread 3 ] DEBUG Engine               - actualHeight: 600.0
22:19:51.384 [FXGL Background Thread 3 ] DEBUG Engine               - actualHeightProperty: ReadOnlyDoubleProperty [value: 600.0]
22:19:51.385 [FXGL Background Thread 3 ] DEBUG Engine               - actualWidth: 800.0
22:19:51.385 [FXGL Background Thread 3 ] DEBUG Engine               - actualWidthProperty: ReadOnlyDoubleProperty [value: 800.0]
22:19:51.385 [FXGL Background Thread 3 ] DEBUG Engine               - appIcon: fxgl_icon.png
22:19:51.385 [FXGL Background Thread 3 ] DEBUG Engine               - applicationMode: DEVELOPER
22:19:51.385 [FXGL Background Thread 3 ] DEBUG Engine               - cSSList: [fxgl_dark.css]
22:19:51.386 [FXGL Background Thread 3 ] DEBUG Engine               - collisionDetectionStrategy: BRUTE_FORCE
22:19:51.386 [FXGL Background Thread 3 ] DEBUG Engine               - configClass: Optional.empty
22:19:51.386 [FXGL Background Thread 3 ] DEBUG Engine               - credits: []
22:19:51.389 [FXGL Background Thread 3 ] DEBUG Engine               - defaultCursor: CursorInfo(imageName=fxgl_default_cursor.png, hotspotX=7.0, hotspotY=6.0)
22:19:51.390 [FXGL Background Thread 3 ] DEBUG Engine               - devBBoxColorProperty: ObjectProperty [value: 0xff0000ff]
22:19:51.390 [FXGL Background Thread 3 ] DEBUG Engine               - devEnableDebugCameraProperty: BooleanProperty [value: false]
22:19:51.390 [FXGL Background Thread 3 ] DEBUG Engine               - devSensorColorProperty: ObjectProperty [value: 0xffff00ff]
22:19:51.391 [FXGL Background Thread 3 ] DEBUG Engine               - devShowBBoxProperty: BooleanProperty [value: false]
22:19:51.391 [FXGL Background Thread 3 ] DEBUG Engine               - devShowPositionProperty: BooleanProperty [value: false]
22:19:51.391 [FXGL Background Thread 3 ] DEBUG Engine               - enabledMenuItems: []
22:19:51.391 [FXGL Background Thread 3 ] DEBUG Engine               - engineServices: [class com.almasb.fxgl.app.services.FXGLAssetLoaderService, class com.almasb.fxgl.app.FXGLApplication$GameApplicationService, class com.almasb.fxgl.app.services.FXGLDialogService, class com.almasb.fxgl.app.services.IOTaskExecutorService, class com.almasb.fxgl.io.FileSystemService, class com.almasb.fxgl.localization.LocalizationService, class com.almasb.fxgl.app.services.SystemBundleService, class com.almasb.fxgl.profile.SaveLoadService, class com.almasb.fxgl.ui.FXGLUIFactoryServiceProvider, class com.almasb.fxgl.ui.FXGLDialogFactoryServiceProvider, class com.almasb.fxgl.audio.AudioPlayer, class com.almasb.fxgl.notification.impl.NotificationServiceProvider, class com.almasb.fxgl.achievement.AchievementService, class com.almasb.fxgl.cutscene.CutsceneService, class com.almasb.fxgl.minigames.MiniGameService, class com.almasb.fxgl.net.NetService, class com.almasb.fxgl.app.services.UpdaterService, class com.almasb.fxgl.dev.DevService]
22:19:51.391 [FXGL Background Thread 3 ] DEBUG Engine               - fontGame: Abel-Regular.ttf
22:19:51.392 [FXGL Background Thread 3 ] DEBUG Engine               - fontMono: TerminalLandMono-Regular.otf
22:19:51.392 [FXGL Background Thread 3 ] DEBUG Engine               - fontText: Courier-Prime.ttf
22:19:51.393 [FXGL Background Thread 3 ] DEBUG Engine               - fontUI: VarelaRound-Regular.ttf
22:19:51.393 [FXGL Background Thread 3 ] DEBUG Engine               - fullScreen: BooleanProperty [value: false]
22:19:51.393 [FXGL Background Thread 3 ] DEBUG Engine               - gameDifficulty: MEDIUM
22:19:51.393 [FXGL Background Thread 3 ] DEBUG Engine               - gameDifficultyProperty: ObjectProperty [value: MEDIUM]
22:19:51.394 [FXGL Background Thread 3 ] DEBUG Engine               - globalMusicVolume: 0.5
22:19:51.394 [FXGL Background Thread 3 ] DEBUG Engine               - globalMusicVolumeProperty: DoubleProperty [value: 0.5]
22:19:51.394 [FXGL Background Thread 3 ] DEBUG Engine               - globalSoundVolume: 0.5
22:19:51.395 [FXGL Background Thread 3 ] DEBUG Engine               - globalSoundVolumeProperty: DoubleProperty [value: 0.5]
22:19:51.395 [FXGL Background Thread 3 ] DEBUG Engine               - height: 600
22:19:51.395 [FXGL Background Thread 3 ] DEBUG Engine               - is3D: false
22:19:51.395 [FXGL Background Thread 3 ] DEBUG Engine               - isAndroid: false
22:19:51.395 [FXGL Background Thread 3 ] DEBUG Engine               - isBrowser: false
22:19:51.396 [FXGL Background Thread 3 ] DEBUG Engine               - isClickFeedbackEnabled: false
22:19:51.396 [FXGL Background Thread 3 ] DEBUG Engine               - isCloseConfirmation: false
22:19:51.396 [FXGL Background Thread 3 ] DEBUG Engine               - isDesktop: true
22:19:51.396 [FXGL Background Thread 3 ] DEBUG Engine               - isDeveloperMenuEnabled: false
22:19:51.396 [FXGL Background Thread 3 ] DEBUG Engine               - isEmbedded: false
22:19:51.397 [FXGL Background Thread 3 ] DEBUG Engine               - isEntityPreloadEnabled: true
22:19:51.397 [FXGL Background Thread 3 ] DEBUG Engine               - isExperimentalTiledLargeMap: false
22:19:51.397 [FXGL Background Thread 3 ] DEBUG Engine               - isFileSystemWriteAllowed: true
22:19:51.398 [FXGL Background Thread 3 ] DEBUG Engine               - isFullScreenAllowed: true
22:19:51.398 [FXGL Background Thread 3 ] DEBUG Engine               - isFullScreenFromStart: false
22:19:51.398 [FXGL Background Thread 3 ] DEBUG Engine               - isGameMenuEnabled: true
22:19:51.398 [FXGL Background Thread 3 ] DEBUG Engine               - isIOS: false
22:19:51.398 [FXGL Background Thread 3 ] DEBUG Engine               - isIntroEnabled: false
22:19:51.398 [FXGL Background Thread 3 ] DEBUG Engine               - isLinux: false
22:19:51.399 [FXGL Background Thread 3 ] DEBUG Engine               - isMac: false
22:19:51.399 [FXGL Background Thread 3 ] DEBUG Engine               - isMainMenuEnabled: true
22:19:51.399 [FXGL Background Thread 3 ] DEBUG Engine               - isManualResizeEnabled: false
22:19:51.400 [FXGL Background Thread 3 ] DEBUG Engine               - isMobile: false
22:19:51.400 [FXGL Background Thread 3 ] DEBUG Engine               - isNative: false
22:19:51.401 [FXGL Background Thread 3 ] DEBUG Engine               - isPauseMusicWhenMinimized: true
22:19:51.401 [FXGL Background Thread 3 ] DEBUG Engine               - isPreserveResizeRatio: false
22:19:51.401 [FXGL Background Thread 3 ] DEBUG Engine               - isProfilingEnabled: false
22:19:51.401 [FXGL Background Thread 3 ] DEBUG Engine               - isScaleAffectedOnResize: true
22:19:51.401 [FXGL Background Thread 3 ] DEBUG Engine               - isSingleStep: false
22:19:51.401 [FXGL Background Thread 3 ] DEBUG Engine               - isUserProfileEnabled: false
22:19:51.401 [FXGL Background Thread 3 ] DEBUG Engine               - isWindows: true
22:19:51.402 [FXGL Background Thread 3 ] DEBUG Engine               - language: ObjectProperty [value: ENGLISH]
22:19:51.402 [FXGL Background Thread 3 ] DEBUG Engine               - menuKey: ESCAPE
22:19:51.402 [FXGL Background Thread 3 ] DEBUG Engine               - mouseSensitivity: 0.2
22:19:51.405 [FXGL Background Thread 3 ] DEBUG Engine               - notificationViewClass: class com.almasb.fxgl.notification.view.XboxNotificationView
22:19:51.406 [FXGL Background Thread 3 ] DEBUG Engine               - pixelsPerMeter: 50.0
22:19:51.406 [FXGL Background Thread 3 ] DEBUG Engine               - platform: WINDOWS
22:19:51.406 [FXGL Background Thread 3 ] DEBUG Engine               - prefHeightProperty: ReadOnlyDoubleProperty [value: 600.0]
22:19:51.406 [FXGL Background Thread 3 ] DEBUG Engine               - prefWidthProperty: ReadOnlyDoubleProperty [value: 800.0]
22:19:51.406 [FXGL Background Thread 3 ] DEBUG Engine               - profileDir: profiles/
22:19:51.406 [FXGL Background Thread 3 ] DEBUG Engine               - profileName: StringProperty [value: DEFAULT]
22:19:51.406 [FXGL Background Thread 3 ] DEBUG Engine               - randomSeed: -1
22:19:51.406 [FXGL Background Thread 3 ] DEBUG Engine               - runtimeInfo: RuntimeInfo(platform=WINDOWS, version=17.2, build=20.08.2022 16.50)
22:19:51.407 [FXGL Background Thread 3 ] DEBUG Engine               - saveFileExt: sav
22:19:51.407 [FXGL Background Thread 3 ] DEBUG Engine               - scaledHeightProp$fxgl: DoubleProperty [bound, value: 600.0]
22:19:51.407 [FXGL Background Thread 3 ] DEBUG Engine               - scaledWidthProp$fxgl: DoubleProperty [bound, value: 800.0]
22:19:51.407 [FXGL Background Thread 3 ] DEBUG Engine               - sceneFactory: com.almasb.fxgl.app.scene.SceneFactory@1c9833fe
22:19:51.407 [FXGL Background Thread 3 ] DEBUG Engine               - secondsIn24h: 60
22:19:51.407 [FXGL Background Thread 3 ] DEBUG Engine               - soundMenuBack: menu/back.wav
22:19:51.407 [FXGL Background Thread 3 ] DEBUG Engine               - soundMenuPress: menu/press.wav
22:19:51.407 [FXGL Background Thread 3 ] DEBUG Engine               - soundMenuSelect: menu/select.wav
22:19:51.407 [FXGL Background Thread 3 ] DEBUG Engine               - soundNotification: core/notification.wav
22:19:51.408 [FXGL Background Thread 3 ] DEBUG Engine               - stageStyle: DECORATED
22:19:51.408 [FXGL Background Thread 3 ] DEBUG Engine               - supportedLanguages: [ENGLISH, FRENCH, GERMAN, HUNGARIAN, RUSSIAN]
22:19:51.408 [FXGL Background Thread 3 ] DEBUG Engine               - ticksPerSecond: -1
22:19:51.408 [FXGL Background Thread 3 ] DEBUG Engine               - title: Nuclear Throne Atomic
22:19:51.408 [FXGL Background Thread 3 ] DEBUG Engine               - urlGithub: https://github.com/AlmasB/FXGL
22:19:51.408 [FXGL Background Thread 3 ] DEBUG Engine               - urlLeaderboard: http://fxgl-top.herokuapp.com/
22:19:51.408 [FXGL Background Thread 3 ] DEBUG Engine               - urlPOM: https://raw.githubusercontent.com/AlmasB/FXGL/release/README.md
22:19:51.408 [FXGL Background Thread 3 ] DEBUG Engine               - userAppClass: class com.example.nuclearthroneatomic.Controller
22:19:51.408 [FXGL Background Thread 3 ] DEBUG Engine               - version: 0.0
22:19:51.408 [FXGL Background Thread 3 ] DEBUG Engine               - versionCheckDays: 7
22:19:51.408 [FXGL Background Thread 3 ] DEBUG Engine               - width: 800
22:19:51.408 [FXGL Background Thread 3 ] DEBUG Engine               - Logging services
22:19:51.409 [FXGL Background Thread 3 ] DEBUG Engine               - class com.almasb.fxgl.app.services.FXGLAssetLoaderService
22:19:51.409 [FXGL Background Thread 3 ] DEBUG Engine               - class com.almasb.fxgl.app.FXGLApplication$GameApplicationService
22:19:51.409 [FXGL Background Thread 3 ] DEBUG Engine               - class com.almasb.fxgl.app.services.FXGLDialogService
22:19:51.409 [FXGL Background Thread 3 ] DEBUG Engine               - class com.almasb.fxgl.app.services.IOTaskExecutorService
22:19:51.409 [FXGL Background Thread 3 ] DEBUG Engine               - class com.almasb.fxgl.io.FileSystemService
22:19:51.409 [FXGL Background Thread 3 ] DEBUG Engine               - class com.almasb.fxgl.localization.LocalizationService
22:19:51.409 [FXGL Background Thread 3 ] DEBUG Engine               - class com.almasb.fxgl.app.services.SystemBundleService
22:19:51.409 [FXGL Background Thread 3 ] DEBUG Engine               - class com.almasb.fxgl.profile.SaveLoadService
22:19:51.409 [FXGL Background Thread 3 ] DEBUG Engine               - class com.almasb.fxgl.ui.FXGLUIFactoryServiceProvider
22:19:51.409 [FXGL Background Thread 3 ] DEBUG Engine               - class com.almasb.fxgl.ui.FXGLDialogFactoryServiceProvider
22:19:51.409 [FXGL Background Thread 3 ] DEBUG Engine               - class com.almasb.fxgl.audio.AudioPlayer
22:19:51.409 [FXGL Background Thread 3 ] DEBUG Engine               - class com.almasb.fxgl.notification.impl.NotificationServiceProvider
22:19:51.409 [FXGL Background Thread 3 ] DEBUG Engine               - class com.almasb.fxgl.achievement.AchievementService
22:19:51.410 [FXGL Background Thread 3 ] DEBUG Engine               - class com.almasb.fxgl.cutscene.CutsceneService
22:19:51.410 [FXGL Background Thread 3 ] DEBUG Engine               - class com.almasb.fxgl.minigames.MiniGameService
22:19:51.410 [FXGL Background Thread 3 ] DEBUG Engine               - class com.almasb.fxgl.net.NetService
22:19:51.410 [FXGL Background Thread 3 ] DEBUG Engine               - class com.almasb.fxgl.app.services.UpdaterService
22:19:51.410 [FXGL Background Thread 3 ] DEBUG Engine               - class com.almasb.fxgl.dev.DevService
22:20:53.620 [JavaFX Application Thread] DEBUG LoopRunner           - Resuming loop
22:20:56.528 [JavaFX Application Thread] DEBUG LoopRunner           - Pausing loop
22:21:02.248 [JavaFX Application Thread] DEBUG LoopRunner           - Resuming loop
22:21:03.680 [JavaFX Application Thread] DEBUG Menu                 - fireNewGame()
22:21:03.680 [JavaFX Application Thread] DEBUG GameApplicationServi - Starting new game
22:21:03.684 [JavaFX Application Thread] DEBUG PrimaryStageWindow   - Pop state: FXGLDefaultMenu
22:21:03.684 [JavaFX Application Thread] DEBUG Input                - Clearing active input actions
22:21:03.692 [JavaFX Application Thread] DEBUG GameApplicationServi - Removing overlay from FXGLDefaultMenu and adding to FXGLMainMenuDummyScene
22:21:03.693 [JavaFX Application Thread] DEBUG PrimaryStageWindow   - FXGLMainMenuDummyScene <- FXGLDefaultMenu
22:21:03.695 [JavaFX Application Thread] DEBUG Input                - Clearing active input actions
22:21:03.743 [JavaFX Application Thread] DEBUG GameApplicationServi - Removing overlay from FXGLMainMenuDummyScene and adding to FXGLLoadingScene
22:21:03.743 [JavaFX Application Thread] DEBUG PrimaryStageWindow   - FXGLMainMenuDummyScene -> FXGLLoadingScene
22:21:03.743 [JavaFX Application Thread] DEBUG GameApplicationServi - Clearing previous game
22:21:03.744 [JavaFX Application Thread] DEBUG GameScene            - Clearing game scene
22:21:03.745 [JavaFX Application Thread] DEBUG GameWorld            - Clearing game world
22:21:03.746 [JavaFX Application Thread] DEBUG PhysicsWorld         - Clearing physics world
22:21:03.751 [FXGL Background Thread 5 ] DEBUG FXGLApplication      - Initializing game
22:21:03.874 [FXGL Background Thread 5 ] DEBUG FXGLAssetLoaderServi - Loading from file system: file:/C:/Users/Juan/Desktop/Apo%20Integradora%203/NuclearThroneAtomic/src/nuclearthroneatomic/target/classes/assets/textures/Avatar/1-Idle/1.png
22:21:03.895 [FXGL Background Thread 5 ] DEBUG FXGLAssetLoaderServi - Loading from file system: file:/C:/Users/Juan/Desktop/Apo%20Integradora%203/NuclearThroneAtomic/src/nuclearthroneatomic/target/classes/assets/textures/Avatar/1-Idle/2.png
22:21:03.898 [FXGL Background Thread 5 ] DEBUG FXGLAssetLoaderServi - Loading from file system: file:/C:/Users/Juan/Desktop/Apo%20Integradora%203/NuclearThroneAtomic/src/nuclearthroneatomic/target/classes/assets/textures/Avatar/1-Idle/3.png
22:21:03.900 [FXGL Background Thread 5 ] DEBUG FXGLAssetLoaderServi - Loading from file system: file:/C:/Users/Juan/Desktop/Apo%20Integradora%203/NuclearThroneAtomic/src/nuclearthroneatomic/target/classes/assets/textures/Avatar/1-Idle/4.png
22:21:03.951 [FXGL Background Thread 5 ] DEBUG FXGLAssetLoaderServi - Loading from file system: file:/C:/Users/Juan/Desktop/Apo%20Integradora%203/NuclearThroneAtomic/src/nuclearthroneatomic/target/classes/assets/textures/Avatar/2-Run/1.png
22:21:03.963 [FXGL Background Thread 5 ] DEBUG FXGLAssetLoaderServi - Loading from file system: file:/C:/Users/Juan/Desktop/Apo%20Integradora%203/NuclearThroneAtomic/src/nuclearthroneatomic/target/classes/assets/textures/Avatar/2-Run/2.png
22:21:03.965 [FXGL Background Thread 5 ] DEBUG FXGLAssetLoaderServi - Loading from file system: file:/C:/Users/Juan/Desktop/Apo%20Integradora%203/NuclearThroneAtomic/src/nuclearthroneatomic/target/classes/assets/textures/Avatar/2-Run/3.png
22:21:03.967 [FXGL Background Thread 5 ] DEBUG FXGLAssetLoaderServi - Loading from file system: file:/C:/Users/Juan/Desktop/Apo%20Integradora%203/NuclearThroneAtomic/src/nuclearthroneatomic/target/classes/assets/textures/Avatar/2-Run/4.png
22:21:03.969 [FXGL Background Thread 5 ] DEBUG FXGLAssetLoaderServi - Loading from file system: file:/C:/Users/Juan/Desktop/Apo%20Integradora%203/NuclearThroneAtomic/src/nuclearthroneatomic/target/classes/assets/textures/Avatar/2-Run/5.png
22:21:03.978 [FXGL Background Thread 5 ] DEBUG FXGLAssetLoaderServi - Loading from file system: file:/C:/Users/Juan/Desktop/Apo%20Integradora%203/NuclearThroneAtomic/src/nuclearthroneatomic/target/classes/assets/textures/Avatar/2-Run/6.png
22:21:03.984 [FXGL Background Thread 5 ] DEBUG FXGLAssetLoaderServi - Loading from file system: file:/C:/Users/Juan/Desktop/Apo%20Integradora%203/NuclearThroneAtomic/src/nuclearthroneatomic/target/classes/assets/textures/Munition/1.png
22:21:04.063 [FXGL Background Thread 5 ] DEBUG FXGLAssetLoaderServi - Loading from file system: file:/C:/Users/Juan/Desktop/Apo%20Integradora%203/NuclearThroneAtomic/src/nuclearthroneatomic/target/classes/assets/textures/hud/lifeplayer.png
22:21:04.075 [FXGL Background Thread 5 ] DEBUG FXGLAssetLoaderServi - Loading from file system: file:/C:/Users/Juan/Desktop/Apo%20Integradora%203/NuclearThroneAtomic/src/nuclearthroneatomic/target/classes/assets/textures/hud/medkit.png
22:21:04.081 [FXGL Background Thread 5 ] DEBUG FXGLAssetLoaderServi - Loading from file system: file:/C:/Users/Juan/Desktop/Apo%20Integradora%203/NuclearThroneAtomic/src/nuclearthroneatomic/target/classes/assets/textures/hud/trebol.png
22:21:04.098 [FXGL Background Thread 5 ] DEBUG FXGLAssetLoaderServi - Loading from file system: file:/C:/Users/Juan/Desktop/Apo%20Integradora%203/NuclearThroneAtomic/src/nuclearthroneatomic/target/classes/assets/textures/Guns/1.png
22:21:04.108 [FXGL Background Thread 5 ] DEBUG FXGLAssetLoaderServi - Loading from file system: file:/C:/Users/Juan/Desktop/Apo%20Integradora%203/NuclearThroneAtomic/src/nuclearthroneatomic/target/classes/assets/textures/enemy/1-Idle/1.png
22:21:04.114 [FXGL Background Thread 5 ] DEBUG FXGLAssetLoaderServi - Loading from file system: file:/C:/Users/Juan/Desktop/Apo%20Integradora%203/NuclearThroneAtomic/src/nuclearthroneatomic/target/classes/assets/textures/enemy/1-Idle/2.png
22:21:04.116 [FXGL Background Thread 5 ] DEBUG FXGLAssetLoaderServi - Loading from file system: file:/C:/Users/Juan/Desktop/Apo%20Integradora%203/NuclearThroneAtomic/src/nuclearthroneatomic/target/classes/assets/textures/enemy/1-Idle/3.png
22:21:04.118 [FXGL Background Thread 5 ] DEBUG FXGLAssetLoaderServi - Loading from file system: file:/C:/Users/Juan/Desktop/Apo%20Integradora%203/NuclearThroneAtomic/src/nuclearthroneatomic/target/classes/assets/textures/enemy/1-Idle/4.png
22:21:04.130 [FXGL Background Thread 5 ] DEBUG FXGLAssetLoaderServi - Loading from file system: file:/C:/Users/Juan/Desktop/Apo%20Integradora%203/NuclearThroneAtomic/src/nuclearthroneatomic/target/classes/assets/textures/enemy/2-Run/1.png
22:21:04.214 [FXGL Background Thread 5 ] DEBUG FXGLAssetLoaderServi - Loading from file system: file:/C:/Users/Juan/Desktop/Apo%20Integradora%203/NuclearThroneAtomic/src/nuclearthroneatomic/target/classes/assets/textures/enemy/2-Run/2.png
22:21:04.219 [FXGL Background Thread 5 ] DEBUG FXGLAssetLoaderServi - Loading from file system: file:/C:/Users/Juan/Desktop/Apo%20Integradora%203/NuclearThroneAtomic/src/nuclearthroneatomic/target/classes/assets/textures/enemy/2-Run/3.png
22:21:04.229 [FXGL Background Thread 5 ] DEBUG FXGLAssetLoaderServi - Loading from file system: file:/C:/Users/Juan/Desktop/Apo%20Integradora%203/NuclearThroneAtomic/src/nuclearthroneatomic/target/classes/assets/textures/enemy/2-Run/4.png
22:21:04.231 [FXGL Background Thread 5 ] DEBUG FXGLAssetLoaderServi - Loading from file system: file:/C:/Users/Juan/Desktop/Apo%20Integradora%203/NuclearThroneAtomic/src/nuclearthroneatomic/target/classes/assets/textures/enemy/2-Run/5.png
22:21:04.233 [FXGL Background Thread 5 ] DEBUG FXGLAssetLoaderServi - Loading from file system: file:/C:/Users/Juan/Desktop/Apo%20Integradora%203/NuclearThroneAtomic/src/nuclearthroneatomic/target/classes/assets/textures/enemy/2-Run/6.png
22:21:04.283 [FXGL Background Thread 5 ] DEBUG FXGLAssetLoaderServi - Loading from file system: file:/C:/Users/Juan/Desktop/Apo%20Integradora%203/NuclearThroneAtomic/src/nuclearthroneatomic/target/classes/assets/textures/portal/1.png
22:21:04.311 [FXGL Background Thread 5 ] DEBUG FXGLAssetLoaderServi - Loading from file system: file:/C:/Users/Juan/Desktop/Apo%20Integradora%203/NuclearThroneAtomic/src/nuclearthroneatomic/target/classes/assets/textures/portal/2.png
22:21:04.317 [FXGL Background Thread 5 ] DEBUG FXGLAssetLoaderServi - Loading from file system: file:/C:/Users/Juan/Desktop/Apo%20Integradora%203/NuclearThroneAtomic/src/nuclearthroneatomic/target/classes/assets/textures/portal/3.png
22:21:04.326 [FXGL Background Thread 5 ] DEBUG FXGLAssetLoaderServi - Loading from file system: file:/C:/Users/Juan/Desktop/Apo%20Integradora%203/NuclearThroneAtomic/src/nuclearthroneatomic/target/classes/assets/textures/portal/4.png
22:21:04.414 [FXGL Background Thread 5 ] DEBUG FXGLAssetLoaderServi - Loading from file system: file:/C:/Users/Juan/Desktop/Apo%20Integradora%203/NuclearThroneAtomic/src/nuclearthroneatomic/target/classes/assets/textures/Wall/1.png
22:21:04.830 [FXGL Background Thread 5 ] INFO  FXGLApplication      - Game initialization took: 1,075 sec
22:21:04.839 [JavaFX Application Thread] DEBUG Input                - Clearing active input actions
22:21:04.855 [JavaFX Application Thread] DEBUG GameApplicationServi - Removing overlay from FXGLLoadingScene and adding to GameScene
22:21:04.856 [JavaFX Application Thread] DEBUG PrimaryStageWindow   - FXGLLoadingScene -> GameScene
22:21:10.236 [JavaFX Application Thread] DEBUG FXGLAssetLoaderServi - Loading from file system: file:/C:/Users/Juan/Desktop/Apo%20Integradora%203/NuclearThroneAtomic/src/nuclearthroneatomic/target/classes/assets/textures/Bullet/1.png
22:21:29.884 [JavaFX Application Thread] DEBUG FXGLApplication      - Exiting FXGL
22:21:29.885 [JavaFX Application Thread] DEBUG LoopRunner           - Stopping loop
22:21:29.886 [JavaFX Application Thread] DEBUG SystemBundleService  - Saving FXGL system data
22:21:29.899 [JavaFX Application Thread] DEBUG FileSystemAccess     - Writing to: C:\Users\Juan\Desktop\Apo Integradora 3\NuclearThroneAtomic\src\nuclearthroneatomic\system\fxgl.bundle
22:21:29.903 [JavaFX Application Thread] DEBUG Async                - Shutting down background threads
22:21:29.903 [JavaFX Application Thread] DEBUG PrimaryStageWindow   - Closing main window
22:21:29.919 [JavaFX Application Thread] DEBUG Logger               - Closing Logger
