22:24:35.554 [main                     ] DEBUG Logger               - Configured Logger
22:24:35.609 [main                     ] DEBUG GameApplication      - Logging settings
Title: Nuclear Throne Atomic
Version: 0.0
Width: 800
Height: 600
Fullscreen: true
Intro: false
Profiling: false
Single step:false
App Mode: DEVELOPER
Menu Key: ESCAPE
Stage Style: DECORATED
Scene Factory: class com.almasb.fxgl.app.scene.SceneFactory

22:24:36.150 [JavaFX Application Thread] DEBUG FXGLApplication      - Initializing FXGL
22:24:36.170 [JavaFX Application Thread] INFO  Engine               - FXGL-17.2 (20.08.2022 16.50) on WINDOWS (J:18.0.2 FX:18.0.2)
22:24:36.170 [JavaFX Application Thread] DEBUG Engine               - JRE Vendor Name: Amazon.com Inc.
22:24:36.171 [JavaFX Application Thread] DEBUG Engine               - Running on OS: Windows 10 version 10.0
22:24:36.171 [JavaFX Application Thread] DEBUG Engine               - Architecture: amd64
22:24:36.171 [JavaFX Application Thread] INFO  Engine               - Source code and latest versions at: https://github.com/AlmasB/FXGL
22:24:36.171 [JavaFX Application Thread] INFO  Engine               -       Ask questions and discuss at: https://github.com/AlmasB/FXGL/discussions
22:24:36.171 [JavaFX Application Thread] INFO  Engine               -              Join the FXGL chat at: https://gitter.im/AlmasB/FXGL
22:24:36.325 [JavaFX Application Thread] DEBUG PrimaryStageWindow   - Creating a JavaFX scene
22:24:36.414 [JavaFX Application Thread] DEBUG PrimaryStageWindow   - Target settings size: 800.0 x 600.0
22:24:36.415 [JavaFX Application Thread] DEBUG PrimaryStageWindow   - Scaled scene size:    800.0 x 600.0
22:24:36.415 [JavaFX Application Thread] DEBUG PrimaryStageWindow   - Scaled ratio: (1.0, 1.0)
22:24:36.417 [JavaFX Application Thread] DEBUG PrimaryStageWindow   - Set initial scene to FXGLStartupScene
22:24:36.431 [JavaFX Application Thread] DEBUG PrimaryStageWindow   - Opening main window
22:24:36.648 [JavaFX Application Thread] DEBUG PrimaryStageWindow   - Window border size: (16.0, 39.0)
22:24:36.649 [JavaFX Application Thread] DEBUG PrimaryStageWindow   - Scaled size: 800.0 x 600.0
22:24:36.649 [JavaFX Application Thread] DEBUG PrimaryStageWindow   - Scaled ratio: (1.0, 1.0)
22:24:36.649 [JavaFX Application Thread] DEBUG PrimaryStageWindow   - Scene size: 800.0 x 600.0
22:24:36.650 [JavaFX Application Thread] DEBUG PrimaryStageWindow   - Stage size: 816.0 x 639.0
22:24:36.668 [FXGL Background Thread 1 ] DEBUG Engine               - Initializing environment variables
22:24:36.753 [FXGL Background Thread 1 ] DEBUG FXGLAssetLoaderServi - User app class for loading assets: class com.example.nuclearthroneatomic.Controller
22:24:36.753 [FXGL Background Thread 1 ] DEBUG GameApplicationServi - Applying CSS: fxgl_dark.css
22:24:36.755 [FXGL Background Thread 1 ] DEBUG FXGLAssetLoaderServi - Loading from file system: jar:file:///C:/Users/Juan/.m2/repository/com/github/almasb/fxgl/17.2/fxgl-17.2.jar!/fxglassets/ui/css/fxgl_dark.css
22:24:36.853 [FXGL Background Thread 1 ] DEBUG GameApplicationServi - Initializing application scenes
22:24:36.994 [FXGL Background Thread 1 ] DEBUG GameWorld            - Game world initialized
22:24:37.089 [FXGL Background Thread 1 ] DEBUG PhysicsWorld         - Physics world initialized: appHeight=600, physics.ppm=50,0
22:24:37.090 [FXGL Background Thread 1 ] DEBUG PhysicsWorld         - Using strategy: BRUTE_FORCE
22:24:37.096 [FXGL Background Thread 1 ] DEBUG GameScene            - Game scene initialized: 800x600
22:24:37.114 [FXGL Background Thread 1 ] DEBUG FXGL.DefaultMenu     - createMenuBodyMainMenu()
22:24:37.143 [FXGL Background Thread 1 ] DEBUG FXGL.DefaultMenu     - createOptionsMenu()
22:24:37.164 [FXGL Background Thread 1 ] DEBUG FXGLAssetLoaderServi - Loading from file system: jar:file:///C:/Users/Juan/.m2/repository/com/github/almasb/fxgl/17.2/fxgl-17.2.jar!/fxglassets/textures/particles/smoke.png
22:24:37.556 [FXGL Background Thread 1 ] DEBUG FXGLAssetLoaderServi - Loading from file system: jar:file:///C:/Users/Juan/.m2/repository/com/github/almasb/fxgl/17.2/fxgl-17.2.jar!/fxglassets/textures/particles/trace_horizontal.png
22:24:37.606 [FXGL Background Thread 1 ] DEBUG FXGL.DefaultMenu     - createMenuBodyGameMenu()
22:24:37.609 [FXGL Background Thread 1 ] DEBUG FXGL.DefaultMenu     - createOptionsMenu()
22:24:37.632 [FXGL Background Thread 1 ] DEBUG GameApplicationServi - Application scenes initialized
22:24:37.711 [FXGL Background Thread 1 ] DEBUG SystemBundleService  - Loading FXGL system data
22:24:37.787 [FXGL Background Thread 1 ] DEBUG FileSystemAccess     - Reading from: C:\Users\Juan\Desktop\Apo Integradora 3\NuclearThroneAtomic\src\nuclearthroneatomic\system\fxgl.bundle
22:24:37.865 [FXGL Background Thread 1 ] DEBUG SystemBundleService  - Bundle FXGL: {}
22:24:37.865 [FXGL Background Thread 1 ] DEBUG UpdaterService       - Checking for updates
22:24:37.871 [FXGL Background Thread 4 ] DEBUG FXGLApplication      - Loading fonts
22:24:37.872 [FXGL Background Thread 4 ] DEBUG FXGLAssetLoaderServi - Loading from file system: jar:file:///C:/Users/Juan/.m2/repository/com/github/almasb/fxgl/17.2/fxgl-17.2.jar!/fxglassets/ui/fonts/VarelaRound-Regular.ttf
22:24:37.881 [FXGL Background Thread 1 ] DEBUG FXGLApplication      - Loading default localization
22:24:37.882 [FXGL Background Thread 1 ] DEBUG FXGLAssetLoaderServi - Loading from file system: jar:file:///C:/Users/Juan/.m2/repository/com/github/almasb/fxgl/17.2/fxgl-17.2.jar!/fxglassets/languages/english.lang
22:24:37.980 [FXGL Background Thread 1 ] INFO  FXGLApplication      - FXGL initialization took: 1,312 sec
22:24:37.993 [JavaFX Application Thread] DEBUG Input                - Registered new binding: lucky - Q
22:24:37.993 [JavaFX Application Thread] DEBUG Input                - Registered new binding: health - F
22:24:37.993 [JavaFX Application Thread] DEBUG Input                - Registered new binding: Right - D
22:24:37.993 [JavaFX Application Thread] DEBUG Input                - Registered new binding: Left - A
22:24:37.993 [JavaFX Application Thread] DEBUG Input                - Registered new binding: Up - W
22:24:37.993 [JavaFX Application Thread] DEBUG Input                - Registered new binding: Down - S
22:24:37.995 [JavaFX Application Thread] DEBUG Input                - Registered new binding: Reload - RMB
22:24:37.995 [JavaFX Application Thread] DEBUG Input                - Registered new binding: Shoot - LMB
22:24:37.996 [JavaFX Application Thread] DEBUG FXGLAssetLoaderServi - Loading from file system: jar:file:///C:/Users/Juan/.m2/repository/com/github/almasb/fxgl/17.2/fxgl-17.2.jar!/fxglassets/textures/fxgl_icon.png
22:24:38.033 [JavaFX Application Thread] DEBUG FXGLAssetLoaderServi - Loading from file system: jar:file:///C:/Users/Juan/.m2/repository/com/github/almasb/fxgl/17.2/fxgl-17.2.jar!/fxglassets/textures/fxgl_default_cursor.png
22:24:38.040 [JavaFX Application Thread] DEBUG Input                - Registered new binding: Screenshot - CTRL+8
22:24:38.040 [JavaFX Application Thread] DEBUG Input                - Registered new binding: System info dump - CTRL+9
22:24:38.041 [JavaFX Application Thread] DEBUG Input                - Registered new binding: Restart - CTRL+R
22:24:38.043 [JavaFX Application Thread] DEBUG Input                - Registered new binding: Toggle Debug Camera - CTRL+7
22:24:38.046 [JavaFX Application Thread] DEBUG LoopRunner           - Starting loop
22:24:38.046 [JavaFX Application Thread] DEBUG LoopRunner           - Initializing JavaFX AnimationTimerLoop
22:24:38.054 [JavaFX Application Thread] DEBUG Input                - Clearing active input actions
22:24:38.064 [JavaFX Application Thread] DEBUG GameApplicationServi - Removing overlay from FXGLStartupScene and adding to FXGLMainMenuDummyScene
22:24:38.079 [JavaFX Application Thread] DEBUG PrimaryStageWindow   - FXGLStartupScene -> FXGLMainMenuDummyScene
22:24:38.079 [JavaFX Application Thread] DEBUG PrimaryStageWindow   - Push state: FXGLDefaultMenu
22:24:38.122 [JavaFX Application Thread] DEBUG Input                - Clearing active input actions
22:24:38.133 [JavaFX Application Thread] DEBUG GameApplicationServi - Removing overlay from FXGLMainMenuDummyScene and adding to FXGLDefaultMenu
22:24:38.133 [JavaFX Application Thread] DEBUG PrimaryStageWindow   - FXGLMainMenuDummyScene -> FXGLDefaultMenu
22:24:38.195 [FXGL Background Thread 4 ] DEBUG FXGLAssetLoaderServi - Loading from file system: jar:file:///C:/Users/Juan/.m2/repository/com/github/almasb/fxgl/17.2/fxgl-17.2.jar!/fxglassets/ui/fonts/Abel-Regular.ttf
22:24:38.426 [FXGL Background Thread 4 ] DEBUG FXGLAssetLoaderServi - Loading from file system: jar:file:///C:/Users/Juan/.m2/repository/com/github/almasb/fxgl/17.2/fxgl-17.2.jar!/fxglassets/ui/fonts/TerminalLandMono-Regular.otf
22:24:38.537 [FXGL Background Thread 4 ] DEBUG FXGLAssetLoaderServi - Loading from file system: jar:file:///C:/Users/Juan/.m2/repository/com/github/almasb/fxgl/17.2/fxgl-17.2.jar!/fxglassets/ui/fonts/Courier-Prime.ttf
22:24:38.862 [JavaFX Application Thread] DEBUG FXGLApplication      - Registering font factories with UI factory
22:24:40.881 [FXGL Background Thread 3 ] DEBUG Engine               - Logging environment variables
22:24:40.882 [FXGL Background Thread 3 ] DEBUG Engine               - achievements: []
22:24:40.882 [FXGL Background Thread 3 ] DEBUG Engine               - actualHeight: 600.0
22:24:40.882 [FXGL Background Thread 3 ] DEBUG Engine               - actualHeightProperty: ReadOnlyDoubleProperty [value: 600.0]
22:24:40.883 [FXGL Background Thread 3 ] DEBUG Engine               - actualWidth: 800.0
22:24:40.883 [FXGL Background Thread 3 ] DEBUG Engine               - actualWidthProperty: ReadOnlyDoubleProperty [value: 800.0]
22:24:40.883 [FXGL Background Thread 3 ] DEBUG Engine               - appIcon: fxgl_icon.png
22:24:40.883 [FXGL Background Thread 3 ] DEBUG Engine               - applicationMode: DEVELOPER
22:24:40.883 [FXGL Background Thread 3 ] DEBUG Engine               - cSSList: [fxgl_dark.css]
22:24:40.883 [FXGL Background Thread 3 ] DEBUG Engine               - collisionDetectionStrategy: BRUTE_FORCE
22:24:40.883 [FXGL Background Thread 3 ] DEBUG Engine               - configClass: Optional.empty
22:24:40.884 [FXGL Background Thread 3 ] DEBUG Engine               - credits: []
22:24:40.884 [FXGL Background Thread 3 ] DEBUG Engine               - defaultCursor: CursorInfo(imageName=fxgl_default_cursor.png, hotspotX=7.0, hotspotY=6.0)
22:24:40.885 [FXGL Background Thread 3 ] DEBUG Engine               - devBBoxColorProperty: ObjectProperty [value: 0xff0000ff]
22:24:40.885 [FXGL Background Thread 3 ] DEBUG Engine               - devEnableDebugCameraProperty: BooleanProperty [value: false]
22:24:40.885 [FXGL Background Thread 3 ] DEBUG Engine               - devSensorColorProperty: ObjectProperty [value: 0xffff00ff]
22:24:40.885 [FXGL Background Thread 3 ] DEBUG Engine               - devShowBBoxProperty: BooleanProperty [value: false]
22:24:40.885 [FXGL Background Thread 3 ] DEBUG Engine               - devShowPositionProperty: BooleanProperty [value: false]
22:24:40.886 [FXGL Background Thread 3 ] DEBUG Engine               - enabledMenuItems: []
22:24:40.886 [FXGL Background Thread 3 ] DEBUG Engine               - engineServices: [class com.almasb.fxgl.app.services.FXGLAssetLoaderService, class com.almasb.fxgl.app.FXGLApplication$GameApplicationService, class com.almasb.fxgl.app.services.FXGLDialogService, class com.almasb.fxgl.app.services.IOTaskExecutorService, class com.almasb.fxgl.io.FileSystemService, class com.almasb.fxgl.localization.LocalizationService, class com.almasb.fxgl.app.services.SystemBundleService, class com.almasb.fxgl.profile.SaveLoadService, class com.almasb.fxgl.ui.FXGLUIFactoryServiceProvider, class com.almasb.fxgl.ui.FXGLDialogFactoryServiceProvider, class com.almasb.fxgl.audio.AudioPlayer, class com.almasb.fxgl.notification.impl.NotificationServiceProvider, class com.almasb.fxgl.achievement.AchievementService, class com.almasb.fxgl.cutscene.CutsceneService, class com.almasb.fxgl.minigames.MiniGameService, class com.almasb.fxgl.net.NetService, class com.almasb.fxgl.app.services.UpdaterService, class com.almasb.fxgl.dev.DevService]
22:24:40.886 [FXGL Background Thread 3 ] DEBUG Engine               - fontGame: Abel-Regular.ttf
22:24:40.886 [FXGL Background Thread 3 ] DEBUG Engine               - fontMono: TerminalLandMono-Regular.otf
22:24:40.886 [FXGL Background Thread 3 ] DEBUG Engine               - fontText: Courier-Prime.ttf
22:24:40.886 [FXGL Background Thread 3 ] DEBUG Engine               - fontUI: VarelaRound-Regular.ttf
22:24:40.886 [FXGL Background Thread 3 ] DEBUG Engine               - fullScreen: BooleanProperty [value: false]
22:24:40.886 [FXGL Background Thread 3 ] DEBUG Engine               - gameDifficulty: MEDIUM
22:24:40.887 [FXGL Background Thread 3 ] DEBUG Engine               - gameDifficultyProperty: ObjectProperty [value: MEDIUM]
22:24:40.887 [FXGL Background Thread 3 ] DEBUG Engine               - globalMusicVolume: 0.5
22:24:40.887 [FXGL Background Thread 3 ] DEBUG Engine               - globalMusicVolumeProperty: DoubleProperty [value: 0.5]
22:24:40.887 [FXGL Background Thread 3 ] DEBUG Engine               - globalSoundVolume: 0.5
22:24:40.887 [FXGL Background Thread 3 ] DEBUG Engine               - globalSoundVolumeProperty: DoubleProperty [value: 0.5]
22:24:40.887 [FXGL Background Thread 3 ] DEBUG Engine               - height: 600
22:24:40.887 [FXGL Background Thread 3 ] DEBUG Engine               - is3D: false
22:24:40.887 [FXGL Background Thread 3 ] DEBUG Engine               - isAndroid: false
22:24:40.887 [FXGL Background Thread 3 ] DEBUG Engine               - isBrowser: false
22:24:40.887 [FXGL Background Thread 3 ] DEBUG Engine               - isClickFeedbackEnabled: false
22:24:40.887 [FXGL Background Thread 3 ] DEBUG Engine               - isCloseConfirmation: false
22:24:40.887 [FXGL Background Thread 3 ] DEBUG Engine               - isDesktop: true
22:24:40.888 [FXGL Background Thread 3 ] DEBUG Engine               - isDeveloperMenuEnabled: false
22:24:40.888 [FXGL Background Thread 3 ] DEBUG Engine               - isEmbedded: false
22:24:40.888 [FXGL Background Thread 3 ] DEBUG Engine               - isEntityPreloadEnabled: true
22:24:40.888 [FXGL Background Thread 3 ] DEBUG Engine               - isExperimentalTiledLargeMap: false
22:24:40.888 [FXGL Background Thread 3 ] DEBUG Engine               - isFileSystemWriteAllowed: true
22:24:40.888 [FXGL Background Thread 3 ] DEBUG Engine               - isFullScreenAllowed: true
22:24:40.888 [FXGL Background Thread 3 ] DEBUG Engine               - isFullScreenFromStart: false
22:24:40.888 [FXGL Background Thread 3 ] DEBUG Engine               - isGameMenuEnabled: true
22:24:40.888 [FXGL Background Thread 3 ] DEBUG Engine               - isIOS: false
22:24:40.888 [FXGL Background Thread 3 ] DEBUG Engine               - isIntroEnabled: false
22:24:40.888 [FXGL Background Thread 3 ] DEBUG Engine               - isLinux: false
22:24:40.888 [FXGL Background Thread 3 ] DEBUG Engine               - isMac: false
22:24:40.888 [FXGL Background Thread 3 ] DEBUG Engine               - isMainMenuEnabled: true
22:24:40.889 [FXGL Background Thread 3 ] DEBUG Engine               - isManualResizeEnabled: false
22:24:40.889 [FXGL Background Thread 3 ] DEBUG Engine               - isMobile: false
22:24:40.889 [FXGL Background Thread 3 ] DEBUG Engine               - isNative: false
22:24:40.889 [FXGL Background Thread 3 ] DEBUG Engine               - isPauseMusicWhenMinimized: true
22:24:40.889 [FXGL Background Thread 3 ] DEBUG Engine               - isPreserveResizeRatio: false
22:24:40.889 [FXGL Background Thread 3 ] DEBUG Engine               - isProfilingEnabled: false
22:24:40.889 [FXGL Background Thread 3 ] DEBUG Engine               - isScaleAffectedOnResize: true
22:24:40.889 [FXGL Background Thread 3 ] DEBUG Engine               - isSingleStep: false
22:24:40.889 [FXGL Background Thread 3 ] DEBUG Engine               - isUserProfileEnabled: false
22:24:40.889 [FXGL Background Thread 3 ] DEBUG Engine               - isWindows: true
22:24:40.889 [FXGL Background Thread 3 ] DEBUG Engine               - language: ObjectProperty [value: ENGLISH]
22:24:40.889 [FXGL Background Thread 3 ] DEBUG Engine               - menuKey: ESCAPE
22:24:40.889 [FXGL Background Thread 3 ] DEBUG Engine               - mouseSensitivity: 0.2
22:24:40.890 [FXGL Background Thread 3 ] DEBUG Engine               - notificationViewClass: class com.almasb.fxgl.notification.view.XboxNotificationView
22:24:40.890 [FXGL Background Thread 3 ] DEBUG Engine               - pixelsPerMeter: 50.0
22:24:40.890 [FXGL Background Thread 3 ] DEBUG Engine               - platform: WINDOWS
22:24:40.890 [FXGL Background Thread 3 ] DEBUG Engine               - prefHeightProperty: ReadOnlyDoubleProperty [value: 600.0]
22:24:40.890 [FXGL Background Thread 3 ] DEBUG Engine               - prefWidthProperty: ReadOnlyDoubleProperty [value: 800.0]
22:24:40.890 [FXGL Background Thread 3 ] DEBUG Engine               - profileDir: profiles/
22:24:40.890 [FXGL Background Thread 3 ] DEBUG Engine               - profileName: StringProperty [value: DEFAULT]
22:24:40.890 [FXGL Background Thread 3 ] DEBUG Engine               - randomSeed: -1
22:24:40.890 [FXGL Background Thread 3 ] DEBUG Engine               - runtimeInfo: RuntimeInfo(platform=WINDOWS, version=17.2, build=20.08.2022 16.50)
22:24:40.891 [FXGL Background Thread 3 ] DEBUG Engine               - saveFileExt: sav
22:24:40.891 [FXGL Background Thread 3 ] DEBUG Engine               - scaledHeightProp$fxgl: DoubleProperty [bound, value: 600.0]
22:24:40.891 [FXGL Background Thread 3 ] DEBUG Engine               - scaledWidthProp$fxgl: DoubleProperty [bound, value: 800.0]
22:24:40.891 [FXGL Background Thread 3 ] DEBUG Engine               - sceneFactory: com.almasb.fxgl.app.scene.SceneFactory@7fd8849d
22:24:40.891 [FXGL Background Thread 3 ] DEBUG Engine               - secondsIn24h: 60
22:24:40.891 [FXGL Background Thread 3 ] DEBUG Engine               - soundMenuBack: menu/back.wav
22:24:40.891 [FXGL Background Thread 3 ] DEBUG Engine               - soundMenuPress: menu/press.wav
22:24:40.891 [FXGL Background Thread 3 ] DEBUG Engine               - soundMenuSelect: menu/select.wav
22:24:40.891 [FXGL Background Thread 3 ] DEBUG Engine               - soundNotification: core/notification.wav
22:24:40.891 [FXGL Background Thread 3 ] DEBUG Engine               - stageStyle: DECORATED
22:24:40.891 [FXGL Background Thread 3 ] DEBUG Engine               - supportedLanguages: [ENGLISH, FRENCH, GERMAN, HUNGARIAN, RUSSIAN]
22:24:40.891 [FXGL Background Thread 3 ] DEBUG Engine               - ticksPerSecond: -1
22:24:40.891 [FXGL Background Thread 3 ] DEBUG Engine               - title: Nuclear Throne Atomic
22:24:40.891 [FXGL Background Thread 3 ] DEBUG Engine               - urlGithub: https://github.com/AlmasB/FXGL
22:24:40.892 [FXGL Background Thread 3 ] DEBUG Engine               - urlLeaderboard: http://fxgl-top.herokuapp.com/
22:24:40.892 [FXGL Background Thread 3 ] DEBUG Engine               - urlPOM: https://raw.githubusercontent.com/AlmasB/FXGL/release/README.md
22:24:40.892 [FXGL Background Thread 3 ] DEBUG Engine               - userAppClass: class com.example.nuclearthroneatomic.Controller
22:24:40.892 [FXGL Background Thread 3 ] DEBUG Engine               - version: 0.0
22:24:40.892 [FXGL Background Thread 3 ] DEBUG Engine               - versionCheckDays: 7
22:24:40.892 [FXGL Background Thread 3 ] DEBUG Engine               - width: 800
22:24:40.892 [FXGL Background Thread 3 ] DEBUG Engine               - Logging services
22:24:40.892 [FXGL Background Thread 3 ] DEBUG Engine               - class com.almasb.fxgl.app.services.FXGLAssetLoaderService
22:24:40.892 [FXGL Background Thread 3 ] DEBUG Engine               - class com.almasb.fxgl.app.FXGLApplication$GameApplicationService
22:24:40.892 [FXGL Background Thread 3 ] DEBUG Engine               - class com.almasb.fxgl.app.services.FXGLDialogService
22:24:40.892 [FXGL Background Thread 3 ] DEBUG Engine               - class com.almasb.fxgl.app.services.IOTaskExecutorService
22:24:40.892 [FXGL Background Thread 3 ] DEBUG Engine               - class com.almasb.fxgl.io.FileSystemService
22:24:40.892 [FXGL Background Thread 3 ] DEBUG Engine               - class com.almasb.fxgl.localization.LocalizationService
22:24:40.892 [FXGL Background Thread 3 ] DEBUG Engine               - class com.almasb.fxgl.app.services.SystemBundleService
22:24:40.892 [FXGL Background Thread 3 ] DEBUG Engine               - class com.almasb.fxgl.profile.SaveLoadService
22:24:40.893 [FXGL Background Thread 3 ] DEBUG Engine               - class com.almasb.fxgl.ui.FXGLUIFactoryServiceProvider
22:24:40.893 [FXGL Background Thread 3 ] DEBUG Engine               - class com.almasb.fxgl.ui.FXGLDialogFactoryServiceProvider
22:24:40.893 [FXGL Background Thread 3 ] DEBUG Engine               - class com.almasb.fxgl.audio.AudioPlayer
22:24:40.893 [FXGL Background Thread 3 ] DEBUG Engine               - class com.almasb.fxgl.notification.impl.NotificationServiceProvider
22:24:40.893 [FXGL Background Thread 3 ] DEBUG Engine               - class com.almasb.fxgl.achievement.AchievementService
22:24:40.893 [FXGL Background Thread 3 ] DEBUG Engine               - class com.almasb.fxgl.cutscene.CutsceneService
22:24:40.893 [FXGL Background Thread 3 ] DEBUG Engine               - class com.almasb.fxgl.minigames.MiniGameService
22:24:40.893 [FXGL Background Thread 3 ] DEBUG Engine               - class com.almasb.fxgl.net.NetService
22:24:40.893 [FXGL Background Thread 3 ] DEBUG Engine               - class com.almasb.fxgl.app.services.UpdaterService
22:24:40.893 [FXGL Background Thread 3 ] DEBUG Engine               - class com.almasb.fxgl.dev.DevService
22:24:41.342 [JavaFX Application Thread] DEBUG Menu                 - fireNewGame()
22:24:41.343 [JavaFX Application Thread] DEBUG GameApplicationServi - Starting new game
22:24:41.346 [JavaFX Application Thread] DEBUG PrimaryStageWindow   - Pop state: FXGLDefaultMenu
22:24:41.346 [JavaFX Application Thread] DEBUG Input                - Clearing active input actions
22:24:41.347 [JavaFX Application Thread] DEBUG GameApplicationServi - Removing overlay from FXGLDefaultMenu and adding to FXGLMainMenuDummyScene
22:24:41.348 [JavaFX Application Thread] DEBUG PrimaryStageWindow   - FXGLMainMenuDummyScene <- FXGLDefaultMenu
22:24:41.348 [JavaFX Application Thread] DEBUG Input                - Clearing active input actions
22:24:41.358 [JavaFX Application Thread] DEBUG GameApplicationServi - Removing overlay from FXGLMainMenuDummyScene and adding to FXGLLoadingScene
22:24:41.359 [JavaFX Application Thread] DEBUG PrimaryStageWindow   - FXGLMainMenuDummyScene -> FXGLLoadingScene
22:24:41.359 [JavaFX Application Thread] DEBUG GameApplicationServi - Clearing previous game
22:24:41.359 [JavaFX Application Thread] DEBUG GameScene            - Clearing game scene
22:24:41.359 [JavaFX Application Thread] DEBUG GameWorld            - Clearing game world
22:24:41.359 [JavaFX Application Thread] DEBUG PhysicsWorld         - Clearing physics world
22:24:41.361 [FXGL Background Thread 4 ] DEBUG FXGLApplication      - Initializing game
22:24:41.367 [FXGL Background Thread 4 ] DEBUG FXGLAssetLoaderServi - Loading from file system: file:/C:/Users/Juan/Desktop/Apo%20Integradora%203/NuclearThroneAtomic/src/nuclearthroneatomic/target/classes/assets/textures/Avatar/1-Idle/1.png
22:24:41.600 [FXGL Background Thread 4 ] DEBUG FXGLAssetLoaderServi - Loading from file system: file:/C:/Users/Juan/Desktop/Apo%20Integradora%203/NuclearThroneAtomic/src/nuclearthroneatomic/target/classes/assets/textures/Avatar/1-Idle/2.png
22:24:41.603 [FXGL Background Thread 4 ] DEBUG FXGLAssetLoaderServi - Loading from file system: file:/C:/Users/Juan/Desktop/Apo%20Integradora%203/NuclearThroneAtomic/src/nuclearthroneatomic/target/classes/assets/textures/Avatar/1-Idle/3.png
22:24:41.834 [FXGL Background Thread 4 ] DEBUG FXGLAssetLoaderServi - Loading from file system: file:/C:/Users/Juan/Desktop/Apo%20Integradora%203/NuclearThroneAtomic/src/nuclearthroneatomic/target/classes/assets/textures/Avatar/1-Idle/4.png
22:24:42.035 [FXGL Background Thread 4 ] DEBUG FXGLAssetLoaderServi - Loading from file system: file:/C:/Users/Juan/Desktop/Apo%20Integradora%203/NuclearThroneAtomic/src/nuclearthroneatomic/target/classes/assets/textures/Avatar/2-Run/1.png
22:24:42.042 [FXGL Background Thread 4 ] DEBUG FXGLAssetLoaderServi - Loading from file system: file:/C:/Users/Juan/Desktop/Apo%20Integradora%203/NuclearThroneAtomic/src/nuclearthroneatomic/target/classes/assets/textures/Avatar/2-Run/2.png
22:24:42.044 [FXGL Background Thread 4 ] DEBUG FXGLAssetLoaderServi - Loading from file system: file:/C:/Users/Juan/Desktop/Apo%20Integradora%203/NuclearThroneAtomic/src/nuclearthroneatomic/target/classes/assets/textures/Avatar/2-Run/3.png
22:24:42.046 [FXGL Background Thread 4 ] DEBUG FXGLAssetLoaderServi - Loading from file system: file:/C:/Users/Juan/Desktop/Apo%20Integradora%203/NuclearThroneAtomic/src/nuclearthroneatomic/target/classes/assets/textures/Avatar/2-Run/4.png
22:24:42.049 [FXGL Background Thread 4 ] DEBUG FXGLAssetLoaderServi - Loading from file system: file:/C:/Users/Juan/Desktop/Apo%20Integradora%203/NuclearThroneAtomic/src/nuclearthroneatomic/target/classes/assets/textures/Avatar/2-Run/5.png
22:24:42.051 [FXGL Background Thread 4 ] DEBUG FXGLAssetLoaderServi - Loading from file system: file:/C:/Users/Juan/Desktop/Apo%20Integradora%203/NuclearThroneAtomic/src/nuclearthroneatomic/target/classes/assets/textures/Avatar/2-Run/6.png
22:24:42.064 [FXGL Background Thread 4 ] DEBUG FXGLAssetLoaderServi - Loading from file system: file:/C:/Users/Juan/Desktop/Apo%20Integradora%203/NuclearThroneAtomic/src/nuclearthroneatomic/target/classes/assets/textures/Munition/1.png
22:24:42.342 [FXGL Background Thread 4 ] DEBUG FXGLAssetLoaderServi - Loading from file system: file:/C:/Users/Juan/Desktop/Apo%20Integradora%203/NuclearThroneAtomic/src/nuclearthroneatomic/target/classes/assets/textures/hud/lifeplayer.png
22:24:42.354 [FXGL Background Thread 4 ] DEBUG FXGLAssetLoaderServi - Loading from file system: file:/C:/Users/Juan/Desktop/Apo%20Integradora%203/NuclearThroneAtomic/src/nuclearthroneatomic/target/classes/assets/textures/hud/medkit.png
22:24:42.363 [FXGL Background Thread 4 ] DEBUG FXGLAssetLoaderServi - Loading from file system: file:/C:/Users/Juan/Desktop/Apo%20Integradora%203/NuclearThroneAtomic/src/nuclearthroneatomic/target/classes/assets/textures/hud/trebol.png
22:24:42.371 [FXGL Background Thread 4 ] DEBUG FXGLAssetLoaderServi - Loading from file system: file:/C:/Users/Juan/Desktop/Apo%20Integradora%203/NuclearThroneAtomic/src/nuclearthroneatomic/target/classes/assets/textures/Guns/1.png
22:24:42.381 [FXGL Background Thread 4 ] DEBUG FXGLAssetLoaderServi - Loading from file system: file:/C:/Users/Juan/Desktop/Apo%20Integradora%203/NuclearThroneAtomic/src/nuclearthroneatomic/target/classes/assets/textures/enemy/1-Idle/1.png
22:24:42.384 [FXGL Background Thread 4 ] DEBUG FXGLAssetLoaderServi - Loading from file system: file:/C:/Users/Juan/Desktop/Apo%20Integradora%203/NuclearThroneAtomic/src/nuclearthroneatomic/target/classes/assets/textures/enemy/1-Idle/2.png
22:24:42.387 [FXGL Background Thread 4 ] DEBUG FXGLAssetLoaderServi - Loading from file system: file:/C:/Users/Juan/Desktop/Apo%20Integradora%203/NuclearThroneAtomic/src/nuclearthroneatomic/target/classes/assets/textures/enemy/1-Idle/3.png
22:24:42.392 [FXGL Background Thread 4 ] DEBUG FXGLAssetLoaderServi - Loading from file system: file:/C:/Users/Juan/Desktop/Apo%20Integradora%203/NuclearThroneAtomic/src/nuclearthroneatomic/target/classes/assets/textures/enemy/1-Idle/4.png
22:24:42.400 [FXGL Background Thread 4 ] DEBUG FXGLAssetLoaderServi - Loading from file system: file:/C:/Users/Juan/Desktop/Apo%20Integradora%203/NuclearThroneAtomic/src/nuclearthroneatomic/target/classes/assets/textures/enemy/2-Run/1.png
22:24:42.402 [FXGL Background Thread 4 ] DEBUG FXGLAssetLoaderServi - Loading from file system: file:/C:/Users/Juan/Desktop/Apo%20Integradora%203/NuclearThroneAtomic/src/nuclearthroneatomic/target/classes/assets/textures/enemy/2-Run/2.png
22:24:42.404 [FXGL Background Thread 4 ] DEBUG FXGLAssetLoaderServi - Loading from file system: file:/C:/Users/Juan/Desktop/Apo%20Integradora%203/NuclearThroneAtomic/src/nuclearthroneatomic/target/classes/assets/textures/enemy/2-Run/3.png
22:24:42.411 [FXGL Background Thread 4 ] DEBUG FXGLAssetLoaderServi - Loading from file system: file:/C:/Users/Juan/Desktop/Apo%20Integradora%203/NuclearThroneAtomic/src/nuclearthroneatomic/target/classes/assets/textures/enemy/2-Run/4.png
22:24:42.415 [FXGL Background Thread 4 ] DEBUG FXGLAssetLoaderServi - Loading from file system: file:/C:/Users/Juan/Desktop/Apo%20Integradora%203/NuclearThroneAtomic/src/nuclearthroneatomic/target/classes/assets/textures/enemy/2-Run/5.png
22:24:42.419 [FXGL Background Thread 4 ] DEBUG FXGLAssetLoaderServi - Loading from file system: file:/C:/Users/Juan/Desktop/Apo%20Integradora%203/NuclearThroneAtomic/src/nuclearthroneatomic/target/classes/assets/textures/enemy/2-Run/6.png
22:24:42.441 [FXGL Background Thread 4 ] DEBUG FXGLAssetLoaderServi - Loading from file system: file:/C:/Users/Juan/Desktop/Apo%20Integradora%203/NuclearThroneAtomic/src/nuclearthroneatomic/target/classes/assets/textures/portal/1.png
22:24:42.449 [FXGL Background Thread 4 ] DEBUG FXGLAssetLoaderServi - Loading from file system: file:/C:/Users/Juan/Desktop/Apo%20Integradora%203/NuclearThroneAtomic/src/nuclearthroneatomic/target/classes/assets/textures/portal/2.png
22:24:42.455 [FXGL Background Thread 4 ] DEBUG FXGLAssetLoaderServi - Loading from file system: file:/C:/Users/Juan/Desktop/Apo%20Integradora%203/NuclearThroneAtomic/src/nuclearthroneatomic/target/classes/assets/textures/portal/3.png
22:24:42.464 [FXGL Background Thread 4 ] DEBUG FXGLAssetLoaderServi - Loading from file system: file:/C:/Users/Juan/Desktop/Apo%20Integradora%203/NuclearThroneAtomic/src/nuclearthroneatomic/target/classes/assets/textures/portal/4.png
22:24:42.495 [FXGL Background Thread 4 ] DEBUG FXGLAssetLoaderServi - Loading from file system: file:/C:/Users/Juan/Desktop/Apo%20Integradora%203/NuclearThroneAtomic/src/nuclearthroneatomic/target/classes/assets/textures/Wall/1.png
22:24:42.820 [FXGL Background Thread 4 ] INFO  FXGLApplication      - Game initialization took: 1,459 sec
22:24:42.823 [JavaFX Application Thread] DEBUG Input                - Clearing active input actions
22:24:42.832 [JavaFX Application Thread] DEBUG GameApplicationServi - Removing overlay from FXGLLoadingScene and adding to GameScene
22:24:42.833 [JavaFX Application Thread] DEBUG PrimaryStageWindow   - FXGLLoadingScene -> GameScene
22:24:43.352 [FXGL Background Thread 2 ] INFO  UpdaterService       - Your current version:  17.2
22:24:43.352 [FXGL Background Thread 2 ] INFO  UpdaterService       - Latest stable version: 17.3
22:24:49.081 [JavaFX Application Thread] DEBUG PrimaryStageWindow   - Push state: FXGLDefaultMenu
22:24:49.082 [JavaFX Application Thread] DEBUG Input                - Clearing active input actions
22:24:49.084 [JavaFX Application Thread] DEBUG GameApplicationServi - Removing overlay from GameScene and adding to FXGLDefaultMenu
22:24:49.084 [JavaFX Application Thread] DEBUG PrimaryStageWindow   - GameScene -> FXGLDefaultMenu
22:24:50.879 [JavaFX Application Thread] DEBUG Menu                 - fireExitToMainMenu()
22:24:50.885 [JavaFX Application Thread] DEBUG PrimaryStageWindow   - Push state: DialogSubScene
22:24:50.885 [JavaFX Application Thread] DEBUG Input                - Clearing active input actions
22:24:50.886 [JavaFX Application Thread] DEBUG GameApplicationServi - Removing overlay from FXGLDefaultMenu and adding to DialogSubScene
22:24:50.886 [JavaFX Application Thread] DEBUG PrimaryStageWindow   - FXGLDefaultMenu -> DialogSubScene
22:24:51.949 [JavaFX Application Thread] DEBUG PrimaryStageWindow   - Pop state: DialogSubScene
22:24:51.949 [JavaFX Application Thread] DEBUG Input                - Clearing active input actions
22:24:51.950 [JavaFX Application Thread] DEBUG GameApplicationServi - Removing overlay from DialogSubScene and adding to FXGLDefaultMenu
22:24:51.951 [JavaFX Application Thread] DEBUG PrimaryStageWindow   - FXGLDefaultMenu <- DialogSubScene
22:24:51.951 [JavaFX Application Thread] DEBUG PrimaryStageWindow   - Pop state: FXGLDefaultMenu
22:24:51.951 [JavaFX Application Thread] DEBUG Input                - Clearing active input actions
22:24:51.951 [JavaFX Application Thread] DEBUG GameApplicationServi - Removing overlay from FXGLDefaultMenu and adding to GameScene
22:24:51.951 [JavaFX Application Thread] DEBUG PrimaryStageWindow   - GameScene <- FXGLDefaultMenu
22:24:51.951 [JavaFX Application Thread] DEBUG Input                - Clearing active input actions
22:24:51.964 [JavaFX Application Thread] DEBUG GameApplicationServi - Removing overlay from GameScene and adding to FXGLMainMenuDummyScene
22:24:51.965 [JavaFX Application Thread] DEBUG PrimaryStageWindow   - GameScene -> FXGLMainMenuDummyScene
22:24:51.965 [JavaFX Application Thread] DEBUG PrimaryStageWindow   - Push state: FXGLDefaultMenu
22:24:51.965 [JavaFX Application Thread] DEBUG Input                - Clearing active input actions
22:24:51.967 [JavaFX Application Thread] DEBUG GameApplicationServi - Removing overlay from FXGLMainMenuDummyScene and adding to FXGLDefaultMenu
22:24:51.967 [JavaFX Application Thread] DEBUG PrimaryStageWindow   - FXGLMainMenuDummyScene -> FXGLDefaultMenu
22:24:52.893 [JavaFX Application Thread] DEBUG Menu                 - fireNewGame()
22:24:52.893 [JavaFX Application Thread] DEBUG GameApplicationServi - Starting new game
22:24:52.893 [JavaFX Application Thread] DEBUG PrimaryStageWindow   - Pop state: FXGLDefaultMenu
22:24:52.893 [JavaFX Application Thread] DEBUG Input                - Clearing active input actions
22:24:52.894 [JavaFX Application Thread] DEBUG GameApplicationServi - Removing overlay from FXGLDefaultMenu and adding to FXGLMainMenuDummyScene
22:24:52.895 [JavaFX Application Thread] DEBUG PrimaryStageWindow   - FXGLMainMenuDummyScene <- FXGLDefaultMenu
22:24:52.895 [JavaFX Application Thread] DEBUG Input                - Clearing active input actions
22:24:52.906 [JavaFX Application Thread] DEBUG GameApplicationServi - Removing overlay from FXGLMainMenuDummyScene and adding to FXGLLoadingScene
22:24:52.906 [JavaFX Application Thread] DEBUG PrimaryStageWindow   - FXGLMainMenuDummyScene -> FXGLLoadingScene
22:24:52.906 [JavaFX Application Thread] DEBUG GameApplicationServi - Clearing previous game
22:24:52.906 [JavaFX Application Thread] DEBUG GameScene            - Clearing game scene
22:24:52.906 [JavaFX Application Thread] DEBUG GameWorld            - Clearing game world
22:24:52.916 [JavaFX Application Thread] DEBUG PhysicsWorld         - Clearing physics world
22:24:52.917 [FXGL Background Thread 2 ] DEBUG FXGLApplication      - Initializing game
22:24:53.015 [FXGL Background Thread 2 ] INFO  FXGLApplication      - Game initialization took: 0,097 sec
22:24:53.015 [JavaFX Application Thread] DEBUG Input                - Clearing active input actions
22:24:53.023 [JavaFX Application Thread] DEBUG GameApplicationServi - Removing overlay from FXGLLoadingScene and adding to GameScene
22:24:53.023 [JavaFX Application Thread] DEBUG PrimaryStageWindow   - FXGLLoadingScene -> GameScene
22:25:05.808 [JavaFX Application Thread] DEBUG FXGLApplication      - Exiting FXGL
22:25:05.808 [JavaFX Application Thread] DEBUG LoopRunner           - Stopping loop
22:25:05.808 [JavaFX Application Thread] DEBUG SystemBundleService  - Saving FXGL system data
22:25:05.811 [JavaFX Application Thread] DEBUG FileSystemAccess     - Writing to: C:\Users\Juan\Desktop\Apo Integradora 3\NuclearThroneAtomic\src\nuclearthroneatomic\system\fxgl.bundle
22:25:05.814 [JavaFX Application Thread] DEBUG Async                - Shutting down background threads
22:25:05.814 [JavaFX Application Thread] DEBUG PrimaryStageWindow   - Closing main window
22:25:05.831 [JavaFX Application Thread] DEBUG Logger               - Closing Logger
