10:40:45.643 [main                     ] DEBUG Logger               - Configured Logger
10:40:45.684 [main                     ] DEBUG GameApplication      - Logging settings
Title: Nuclear Throne Atomic
Version: 0.0
Width: 800
Height: 600
Fullscreen: true
Intro: false
Profiling: false
Single step:false
App Mode: DEVELOPER
Menu Key: ESCAPE
Stage Style: DECORATED
Scene Factory: class com.almasb.fxgl.app.scene.SceneFactory

10:40:46.668 [JavaFX Application Thread] DEBUG FXGLApplication      - Initializing FXGL
10:40:46.676 [JavaFX Application Thread] INFO  Engine               - FXGL-17.2 (20.08.2022 16.50) on WINDOWS (J:20.0.1 FX:19.0.2.1)
10:40:46.677 [JavaFX Application Thread] DEBUG Engine               - JRE Vendor Name: Oracle Corporation
10:40:46.678 [JavaFX Application Thread] DEBUG Engine               - Running on OS: Windows 10 version 10.0
10:40:46.678 [JavaFX Application Thread] DEBUG Engine               - Architecture: amd64
10:40:46.678 [JavaFX Application Thread] INFO  Engine               - Source code and latest versions at: https://github.com/AlmasB/FXGL
10:40:46.678 [JavaFX Application Thread] INFO  Engine               -       Ask questions and discuss at: https://github.com/AlmasB/FXGL/discussions
10:40:46.678 [JavaFX Application Thread] INFO  Engine               -              Join the FXGL chat at: https://gitter.im/AlmasB/FXGL
10:40:46.845 [JavaFX Application Thread] DEBUG PrimaryStageWindow   - Creating a JavaFX scene
10:40:46.927 [JavaFX Application Thread] DEBUG PrimaryStageWindow   - Target settings size: 800.0 x 600.0
10:40:46.928 [JavaFX Application Thread] DEBUG PrimaryStageWindow   - Scaled scene size:    800.0 x 600.0
10:40:46.928 [JavaFX Application Thread] DEBUG PrimaryStageWindow   - Scaled ratio: (1.0, 1.0)
10:40:46.930 [JavaFX Application Thread] DEBUG PrimaryStageWindow   - Set initial scene to FXGLStartupScene
10:40:46.942 [JavaFX Application Thread] DEBUG PrimaryStageWindow   - Opening main window
10:40:47.114 [JavaFX Application Thread] DEBUG PrimaryStageWindow   - Window border size: (16.0, 39.0)
10:40:47.114 [JavaFX Application Thread] DEBUG PrimaryStageWindow   - Scaled size: 800.0 x 600.0
10:40:47.115 [JavaFX Application Thread] DEBUG PrimaryStageWindow   - Scaled ratio: (1.0, 1.0)
10:40:47.116 [JavaFX Application Thread] DEBUG PrimaryStageWindow   - Scene size: 800.0 x 600.0
10:40:47.117 [JavaFX Application Thread] DEBUG PrimaryStageWindow   - Stage size: 816.0 x 639.0
10:40:47.202 [JavaFX Application Thread] DEBUG PrimaryStageWindow   - Going fullscreen
10:40:47.214 [FXGL Background Thread 1 ] DEBUG Engine               - Initializing environment variables
10:40:47.303 [FXGL Background Thread 1 ] DEBUG FXGLAssetLoaderServi - User app class for loading assets: class com.example.nuclearthroneatomic.Controller
10:40:47.303 [FXGL Background Thread 1 ] DEBUG GameApplicationServi - Applying CSS: fxgl_dark.css
10:40:47.305 [FXGL Background Thread 1 ] DEBUG FXGLAssetLoaderServi - Loading from file system: jar:file:///C:/Users/Usuario/.m2/repository/com/github/almasb/fxgl/17.2/fxgl-17.2.jar!/fxglassets/ui/css/fxgl_dark.css
10:40:47.371 [FXGL Background Thread 1 ] DEBUG GameApplicationServi - Initializing application scenes
10:40:47.436 [FXGL Background Thread 1 ] DEBUG GameWorld            - Game world initialized
10:40:47.549 [FXGL Background Thread 1 ] DEBUG PhysicsWorld         - Physics world initialized: appHeight=600, physics.ppm=50,0
10:40:47.550 [FXGL Background Thread 1 ] DEBUG PhysicsWorld         - Using strategy: BRUTE_FORCE
10:40:47.557 [FXGL Background Thread 1 ] DEBUG GameScene            - Game scene initialized: 800x600
10:40:47.573 [FXGL Background Thread 1 ] DEBUG FXGL.DefaultMenu     - createMenuBodyMainMenu()
10:40:47.602 [FXGL Background Thread 1 ] DEBUG FXGL.DefaultMenu     - createOptionsMenu()
10:40:47.618 [FXGL Background Thread 1 ] DEBUG FXGL.DefaultMenu     - createExtraMenu()
10:40:47.634 [FXGL Background Thread 1 ] DEBUG FXGLAssetLoaderServi - Loading from file system: jar:file:///C:/Users/Usuario/.m2/repository/com/github/almasb/fxgl/17.2/fxgl-17.2.jar!/fxglassets/textures/particles/smoke.png
10:40:47.799 [FXGL Background Thread 1 ] DEBUG FXGLAssetLoaderServi - Loading from file system: jar:file:///C:/Users/Usuario/.m2/repository/com/github/almasb/fxgl/17.2/fxgl-17.2.jar!/fxglassets/textures/particles/trace_horizontal.png
10:40:47.850 [FXGL Background Thread 1 ] DEBUG FXGL.DefaultMenu     - createMenuBodyGameMenu()
10:40:47.853 [FXGL Background Thread 1 ] DEBUG FXGL.DefaultMenu     - createOptionsMenu()
10:40:47.859 [FXGL Background Thread 1 ] DEBUG FXGL.DefaultMenu     - createExtraMenu()
10:40:47.884 [FXGL Background Thread 1 ] DEBUG GameApplicationServi - Application scenes initialized
10:40:47.913 [FXGL Background Thread 1 ] DEBUG SystemBundleService  - Loading FXGL system data
10:40:47.922 [FXGL Background Thread 1 ] DEBUG FileSystemAccess     - Reading from: C:\Users\Usuario\OneDrive - Universidad Icesi (@icesi.edu.co)\APO2\Tareas integradoras\NuclearThroneAtomic\src\nuclearthroneatomic\system\fxgl.bundle
10:40:47.943 [FXGL Background Thread 1 ] DEBUG SystemBundleService  - Bundle FXGL: {}
10:40:47.943 [FXGL Background Thread 1 ] DEBUG UpdaterService       - Checking for updates
10:40:47.956 [FXGL Background Thread 1 ] DEBUG FXGLApplication      - Loading default localization
10:40:47.958 [FXGL Background Thread 1 ] DEBUG FXGLAssetLoaderServi - Loading from file system: jar:file:///C:/Users/Usuario/.m2/repository/com/github/almasb/fxgl/17.2/fxgl-17.2.jar!/fxglassets/languages/english.lang
10:40:47.959 [FXGL Background Thread 4 ] DEBUG FXGLApplication      - Loading fonts
10:40:47.960 [FXGL Background Thread 4 ] DEBUG FXGLAssetLoaderServi - Loading from file system: jar:file:///C:/Users/Usuario/.m2/repository/com/github/almasb/fxgl/17.2/fxgl-17.2.jar!/fxglassets/ui/fonts/VarelaRound-Regular.ttf
10:40:47.991 [FXGL Background Thread 1 ] INFO  FXGLApplication      - FXGL initialization took: 0,778 sec
10:40:48.009 [JavaFX Application Thread] DEBUG Input                - Registered new binding: lucky - Q
10:40:48.010 [JavaFX Application Thread] DEBUG Input                - Registered new binding: health - F
10:40:48.010 [JavaFX Application Thread] DEBUG Input                - Registered new binding: Right - D
10:40:48.010 [JavaFX Application Thread] DEBUG Input                - Registered new binding: Left - A
10:40:48.010 [JavaFX Application Thread] DEBUG Input                - Registered new binding: Up - W
10:40:48.011 [JavaFX Application Thread] DEBUG Input                - Registered new binding: Down - S
10:40:48.013 [JavaFX Application Thread] DEBUG Input                - Registered new binding: Reload - RMB
10:40:48.013 [JavaFX Application Thread] DEBUG Input                - Registered new binding: Shoot - LMB
10:40:48.015 [JavaFX Application Thread] DEBUG FXGLAssetLoaderServi - Loading from file system: file:/C:/Users/Usuario/OneDrive%20-%20Universidad%20Icesi%20(@icesi.edu.co)/APO2/Tareas%20integradoras/NuclearThroneAtomic/src/nuclearthroneatomic/target/classes/assets/music/muiscformenus.mp3
10:40:48.317 [JavaFX Application Thread] DEBUG AudioPlayer          - Playing music com.almasb.fxgl.audio.Music@1351eb04
10:40:48.318 [JavaFX Application Thread] DEBUG FXGLAssetLoaderServi - Loading from file system: jar:file:///C:/Users/Usuario/.m2/repository/com/github/almasb/fxgl/17.2/fxgl-17.2.jar!/fxglassets/textures/fxgl_icon.png
10:40:48.339 [FXGL Background Thread 4 ] DEBUG FXGLAssetLoaderServi - Loading from file system: jar:file:///C:/Users/Usuario/.m2/repository/com/github/almasb/fxgl/17.2/fxgl-17.2.jar!/fxglassets/ui/fonts/Abel-Regular.ttf
10:40:48.351 [FXGL Background Thread 4 ] DEBUG FXGLAssetLoaderServi - Loading from file system: jar:file:///C:/Users/Usuario/.m2/repository/com/github/almasb/fxgl/17.2/fxgl-17.2.jar!/fxglassets/ui/fonts/TerminalLandMono-Regular.otf
10:40:48.364 [FXGL Background Thread 4 ] DEBUG FXGLAssetLoaderServi - Loading from file system: jar:file:///C:/Users/Usuario/.m2/repository/com/github/almasb/fxgl/17.2/fxgl-17.2.jar!/fxglassets/ui/fonts/Courier-Prime.ttf
10:40:48.377 [JavaFX Application Thread] DEBUG FXGLAssetLoaderServi - Loading from file system: jar:file:///C:/Users/Usuario/.m2/repository/com/github/almasb/fxgl/17.2/fxgl-17.2.jar!/fxglassets/textures/fxgl_default_cursor.png
10:40:48.381 [JavaFX Application Thread] DEBUG Input                - Registered new binding: Screenshot - CTRL+8
10:40:48.382 [JavaFX Application Thread] DEBUG Input                - Registered new binding: System info dump - CTRL+9
10:40:48.382 [JavaFX Application Thread] DEBUG Input                - Registered new binding: Restart - CTRL+R
10:40:48.383 [JavaFX Application Thread] DEBUG Input                - Registered new binding: Toggle Debug Camera - CTRL+7
10:40:48.387 [JavaFX Application Thread] DEBUG LoopRunner           - Starting loop
10:40:48.387 [JavaFX Application Thread] DEBUG LoopRunner           - Initializing JavaFX AnimationTimerLoop
10:40:48.391 [JavaFX Application Thread] DEBUG Input                - Clearing active input actions
10:40:48.409 [JavaFX Application Thread] DEBUG GameApplicationServi - Removing overlay from FXGLStartupScene and adding to FXGLMainMenuDummyScene
10:40:48.410 [JavaFX Application Thread] DEBUG PrimaryStageWindow   - FXGLStartupScene -> FXGLMainMenuDummyScene
10:40:48.411 [JavaFX Application Thread] DEBUG PrimaryStageWindow   - Push state: FXGLDefaultMenu
10:40:48.418 [JavaFX Application Thread] DEBUG Input                - Clearing active input actions
10:40:48.432 [JavaFX Application Thread] DEBUG GameApplicationServi - Removing overlay from FXGLMainMenuDummyScene and adding to FXGLDefaultMenu
10:40:48.433 [JavaFX Application Thread] DEBUG PrimaryStageWindow   - FXGLMainMenuDummyScene -> FXGLDefaultMenu
10:40:48.452 [JavaFX Application Thread] DEBUG FXGLApplication      - Registering font factories with UI factory
10:40:48.973 [FXGL Background Thread 2 ] INFO  UpdaterService       - Your current version:  17.2
10:40:48.974 [FXGL Background Thread 2 ] INFO  UpdaterService       - Latest stable version: 17.3
10:40:49.825 [JavaFX Application Thread] DEBUG Menu                 - fireExit()
10:40:49.832 [JavaFX Application Thread] DEBUG PrimaryStageWindow   - Push state: DialogSubScene
10:40:49.832 [JavaFX Application Thread] DEBUG Input                - Clearing active input actions
10:40:49.834 [JavaFX Application Thread] DEBUG GameApplicationServi - Removing overlay from FXGLDefaultMenu and adding to DialogSubScene
10:40:49.834 [JavaFX Application Thread] DEBUG PrimaryStageWindow   - FXGLDefaultMenu -> DialogSubScene
10:40:50.392 [JavaFX Application Thread] DEBUG PrimaryStageWindow   - Pop state: DialogSubScene
10:40:50.392 [JavaFX Application Thread] DEBUG Input                - Clearing active input actions
10:40:50.393 [JavaFX Application Thread] DEBUG GameApplicationServi - Removing overlay from DialogSubScene and adding to FXGLDefaultMenu
10:40:50.393 [JavaFX Application Thread] DEBUG PrimaryStageWindow   - FXGLDefaultMenu <- DialogSubScene
10:40:50.394 [JavaFX Application Thread] DEBUG FXGLApplication      - Exiting FXGL
10:40:50.394 [JavaFX Application Thread] DEBUG LoopRunner           - Stopping loop
10:40:50.394 [JavaFX Application Thread] DEBUG SystemBundleService  - Saving FXGL system data
10:40:50.398 [JavaFX Application Thread] DEBUG FileSystemAccess     - Writing to: C:\Users\Usuario\OneDrive - Universidad Icesi (@icesi.edu.co)\APO2\Tareas integradoras\NuclearThroneAtomic\src\nuclearthroneatomic\system\fxgl.bundle
10:40:50.402 [JavaFX Application Thread] DEBUG Async                - Shutting down background threads
10:40:50.402 [JavaFX Application Thread] DEBUG PrimaryStageWindow   - Closing main window
10:40:50.433 [JavaFX Application Thread] DEBUG Logger               - Closing Logger
