10:41:45.103 [main                     ] DEBUG Logger               - Configured Logger
10:41:45.167 [main                     ] DEBUG GameApplication      - Logging settings
Title: Nuclear Throne Atomic
Version: 0.0
Width: 800
Height: 600
Fullscreen: true
Intro: false
Profiling: false
Single step:false
App Mode: DEVELOPER
Menu Key: ESCAPE
Stage Style: DECORATED
Scene Factory: class com.almasb.fxgl.app.scene.SceneFactory

10:41:46.182 [JavaFX Application Thread] DEBUG FXGLApplication      - Initializing FXGL
10:41:46.191 [JavaFX Application Thread] INFO  Engine               - FXGL-17.2 (20.08.2022 16.50) on WINDOWS (J:20.0.1 FX:19.0.2.1)
10:41:46.191 [JavaFX Application Thread] DEBUG Engine               - JRE Vendor Name: Oracle Corporation
10:41:46.192 [JavaFX Application Thread] DEBUG Engine               - Running on OS: Windows 10 version 10.0
10:41:46.192 [JavaFX Application Thread] DEBUG Engine               - Architecture: amd64
10:41:46.192 [JavaFX Application Thread] INFO  Engine               - Source code and latest versions at: https://github.com/AlmasB/FXGL
10:41:46.192 [JavaFX Application Thread] INFO  Engine               -       Ask questions and discuss at: https://github.com/AlmasB/FXGL/discussions
10:41:46.193 [JavaFX Application Thread] INFO  Engine               -              Join the FXGL chat at: https://gitter.im/AlmasB/FXGL
10:41:46.325 [JavaFX Application Thread] DEBUG PrimaryStageWindow   - Creating a JavaFX scene
10:41:46.409 [JavaFX Application Thread] DEBUG PrimaryStageWindow   - Target settings size: 800.0 x 600.0
10:41:46.409 [JavaFX Application Thread] DEBUG PrimaryStageWindow   - Scaled scene size:    800.0 x 600.0
10:41:46.410 [JavaFX Application Thread] DEBUG PrimaryStageWindow   - Scaled ratio: (1.0, 1.0)
10:41:46.411 [JavaFX Application Thread] DEBUG PrimaryStageWindow   - Set initial scene to FXGLStartupScene
10:41:46.418 [JavaFX Application Thread] DEBUG PrimaryStageWindow   - Opening main window
10:41:46.544 [JavaFX Application Thread] DEBUG PrimaryStageWindow   - Window border size: (16.0, 39.0)
10:41:46.545 [JavaFX Application Thread] DEBUG PrimaryStageWindow   - Scaled size: 800.0 x 600.0
10:41:46.546 [JavaFX Application Thread] DEBUG PrimaryStageWindow   - Scaled ratio: (1.0, 1.0)
10:41:46.547 [JavaFX Application Thread] DEBUG PrimaryStageWindow   - Scene size: 800.0 x 600.0
10:41:46.547 [JavaFX Application Thread] DEBUG PrimaryStageWindow   - Stage size: 816.0 x 639.0
10:41:46.621 [JavaFX Application Thread] DEBUG PrimaryStageWindow   - Going fullscreen
10:41:46.636 [FXGL Background Thread 1 ] DEBUG Engine               - Initializing environment variables
10:41:46.721 [FXGL Background Thread 1 ] DEBUG FXGLAssetLoaderServi - User app class for loading assets: class com.example.nuclearthroneatomic.Controller
10:41:46.721 [FXGL Background Thread 1 ] DEBUG GameApplicationServi - Applying CSS: fxgl_dark.css
10:41:46.723 [FXGL Background Thread 1 ] DEBUG FXGLAssetLoaderServi - Loading from file system: jar:file:///C:/Users/Usuario/.m2/repository/com/github/almasb/fxgl/17.2/fxgl-17.2.jar!/fxglassets/ui/css/fxgl_dark.css
10:41:46.803 [FXGL Background Thread 1 ] DEBUG GameApplicationServi - Initializing application scenes
10:41:46.878 [FXGL Background Thread 1 ] DEBUG GameWorld            - Game world initialized
10:41:46.988 [FXGL Background Thread 1 ] DEBUG PhysicsWorld         - Physics world initialized: appHeight=600, physics.ppm=50,0
10:41:46.988 [FXGL Background Thread 1 ] DEBUG PhysicsWorld         - Using strategy: BRUTE_FORCE
10:41:46.994 [FXGL Background Thread 1 ] DEBUG GameScene            - Game scene initialized: 800x600
10:41:47.012 [FXGL Background Thread 1 ] DEBUG FXGL.DefaultMenu     - createMenuBodyMainMenu()
10:41:47.034 [FXGL Background Thread 1 ] DEBUG FXGL.DefaultMenu     - createOptionsMenu()
10:41:47.045 [FXGL Background Thread 1 ] DEBUG FXGL.DefaultMenu     - createExtraMenu()
10:41:47.059 [FXGL Background Thread 1 ] DEBUG FXGLAssetLoaderServi - Loading from file system: jar:file:///C:/Users/Usuario/.m2/repository/com/github/almasb/fxgl/17.2/fxgl-17.2.jar!/fxglassets/textures/particles/smoke.png
10:41:47.174 [FXGL Background Thread 1 ] DEBUG FXGLAssetLoaderServi - Loading from file system: jar:file:///C:/Users/Usuario/.m2/repository/com/github/almasb/fxgl/17.2/fxgl-17.2.jar!/fxglassets/textures/particles/trace_horizontal.png
10:41:47.210 [FXGL Background Thread 1 ] DEBUG FXGL.DefaultMenu     - createMenuBodyGameMenu()
10:41:47.211 [FXGL Background Thread 1 ] DEBUG FXGL.DefaultMenu     - createOptionsMenu()
10:41:47.213 [FXGL Background Thread 1 ] DEBUG FXGL.DefaultMenu     - createExtraMenu()
10:41:47.230 [FXGL Background Thread 1 ] DEBUG GameApplicationServi - Application scenes initialized
10:41:47.249 [FXGL Background Thread 1 ] DEBUG SystemBundleService  - Loading FXGL system data
10:41:47.256 [FXGL Background Thread 1 ] DEBUG FileSystemAccess     - Reading from: C:\Users\Usuario\OneDrive - Universidad Icesi (@icesi.edu.co)\APO2\Tareas integradoras\NuclearThroneAtomic\src\nuclearthroneatomic\system\fxgl.bundle
10:41:47.274 [FXGL Background Thread 1 ] DEBUG SystemBundleService  - Bundle FXGL: {}
10:41:47.274 [FXGL Background Thread 1 ] DEBUG UpdaterService       - Checking for updates
10:41:47.284 [FXGL Background Thread 4 ] DEBUG FXGLApplication      - Loading fonts
10:41:47.285 [FXGL Background Thread 1 ] DEBUG FXGLApplication      - Loading default localization
10:41:47.285 [FXGL Background Thread 4 ] DEBUG FXGLAssetLoaderServi - Loading from file system: jar:file:///C:/Users/Usuario/.m2/repository/com/github/almasb/fxgl/17.2/fxgl-17.2.jar!/fxglassets/ui/fonts/VarelaRound-Regular.ttf
10:41:47.286 [FXGL Background Thread 1 ] DEBUG FXGLAssetLoaderServi - Loading from file system: jar:file:///C:/Users/Usuario/.m2/repository/com/github/almasb/fxgl/17.2/fxgl-17.2.jar!/fxglassets/languages/english.lang
10:41:47.320 [FXGL Background Thread 1 ] INFO  FXGLApplication      - FXGL initialization took: 0,684 sec
10:41:47.336 [JavaFX Application Thread] DEBUG Input                - Registered new binding: lucky - Q
10:41:47.336 [JavaFX Application Thread] DEBUG Input                - Registered new binding: health - F
10:41:47.336 [JavaFX Application Thread] DEBUG Input                - Registered new binding: Right - D
10:41:47.337 [JavaFX Application Thread] DEBUG Input                - Registered new binding: Left - A
10:41:47.337 [JavaFX Application Thread] DEBUG Input                - Registered new binding: Up - W
10:41:47.337 [JavaFX Application Thread] DEBUG Input                - Registered new binding: Down - S
10:41:47.339 [JavaFX Application Thread] DEBUG Input                - Registered new binding: Reload - RMB
10:41:47.339 [JavaFX Application Thread] DEBUG Input                - Registered new binding: Shoot - LMB
10:41:47.340 [JavaFX Application Thread] DEBUG FXGLAssetLoaderServi - Loading from file system: file:/C:/Users/Usuario/OneDrive%20-%20Universidad%20Icesi%20(@icesi.edu.co)/APO2/Tareas%20integradoras/NuclearThroneAtomic/src/nuclearthroneatomic/target/classes/assets/music/muiscformenus.mp3
10:41:47.469 [FXGL Background Thread 4 ] DEBUG FXGLAssetLoaderServi - Loading from file system: jar:file:///C:/Users/Usuario/.m2/repository/com/github/almasb/fxgl/17.2/fxgl-17.2.jar!/fxglassets/ui/fonts/Abel-Regular.ttf
10:41:47.478 [FXGL Background Thread 4 ] DEBUG FXGLAssetLoaderServi - Loading from file system: jar:file:///C:/Users/Usuario/.m2/repository/com/github/almasb/fxgl/17.2/fxgl-17.2.jar!/fxglassets/ui/fonts/TerminalLandMono-Regular.otf
10:41:47.485 [FXGL Background Thread 4 ] DEBUG FXGLAssetLoaderServi - Loading from file system: jar:file:///C:/Users/Usuario/.m2/repository/com/github/almasb/fxgl/17.2/fxgl-17.2.jar!/fxglassets/ui/fonts/Courier-Prime.ttf
10:41:47.602 [JavaFX Application Thread] DEBUG AudioPlayer          - Playing music com.almasb.fxgl.audio.Music@5cdd43e1
10:41:47.603 [JavaFX Application Thread] DEBUG FXGLAssetLoaderServi - Loading from file system: jar:file:///C:/Users/Usuario/.m2/repository/com/github/almasb/fxgl/17.2/fxgl-17.2.jar!/fxglassets/textures/fxgl_icon.png
10:41:47.637 [JavaFX Application Thread] DEBUG FXGLAssetLoaderServi - Loading from file system: jar:file:///C:/Users/Usuario/.m2/repository/com/github/almasb/fxgl/17.2/fxgl-17.2.jar!/fxglassets/textures/fxgl_default_cursor.png
10:41:47.640 [JavaFX Application Thread] DEBUG Input                - Registered new binding: Screenshot - CTRL+8
10:41:47.641 [JavaFX Application Thread] DEBUG Input                - Registered new binding: System info dump - CTRL+9
10:41:47.641 [JavaFX Application Thread] DEBUG Input                - Registered new binding: Restart - CTRL+R
10:41:47.643 [JavaFX Application Thread] DEBUG Input                - Registered new binding: Toggle Debug Camera - CTRL+7
10:41:47.645 [JavaFX Application Thread] DEBUG LoopRunner           - Starting loop
10:41:47.645 [JavaFX Application Thread] DEBUG LoopRunner           - Initializing JavaFX AnimationTimerLoop
10:41:47.648 [JavaFX Application Thread] DEBUG Input                - Clearing active input actions
10:41:47.667 [JavaFX Application Thread] DEBUG GameApplicationServi - Removing overlay from FXGLStartupScene and adding to FXGLMainMenuDummyScene
10:41:47.668 [JavaFX Application Thread] DEBUG PrimaryStageWindow   - FXGLStartupScene -> FXGLMainMenuDummyScene
10:41:47.669 [JavaFX Application Thread] DEBUG PrimaryStageWindow   - Push state: FXGLDefaultMenu
10:41:47.676 [JavaFX Application Thread] DEBUG Input                - Clearing active input actions
10:41:47.690 [JavaFX Application Thread] DEBUG GameApplicationServi - Removing overlay from FXGLMainMenuDummyScene and adding to FXGLDefaultMenu
10:41:47.691 [JavaFX Application Thread] DEBUG PrimaryStageWindow   - FXGLMainMenuDummyScene -> FXGLDefaultMenu
10:41:47.706 [JavaFX Application Thread] DEBUG FXGLApplication      - Registering font factories with UI factory
10:41:48.016 [FXGL Background Thread 2 ] INFO  UpdaterService       - Your current version:  17.2
10:41:48.016 [FXGL Background Thread 2 ] INFO  UpdaterService       - Latest stable version: 17.3
10:41:48.793 [JavaFX Application Thread] DEBUG Menu                 - fireNewGame()
10:41:48.794 [JavaFX Application Thread] DEBUG GameApplicationServi - Starting new game
10:41:48.797 [JavaFX Application Thread] DEBUG PrimaryStageWindow   - Pop state: FXGLDefaultMenu
10:41:48.798 [JavaFX Application Thread] DEBUG Input                - Clearing active input actions
10:41:48.799 [JavaFX Application Thread] DEBUG GameApplicationServi - Removing overlay from FXGLDefaultMenu and adding to FXGLMainMenuDummyScene
10:41:48.800 [JavaFX Application Thread] DEBUG PrimaryStageWindow   - FXGLMainMenuDummyScene <- FXGLDefaultMenu
10:41:48.801 [JavaFX Application Thread] DEBUG Input                - Clearing active input actions
10:41:48.816 [JavaFX Application Thread] DEBUG GameApplicationServi - Removing overlay from FXGLMainMenuDummyScene and adding to FXGLLoadingScene
10:41:48.816 [JavaFX Application Thread] DEBUG PrimaryStageWindow   - FXGLMainMenuDummyScene -> FXGLLoadingScene
10:41:48.816 [JavaFX Application Thread] DEBUG GameApplicationServi - Clearing previous game
10:41:48.816 [JavaFX Application Thread] DEBUG GameScene            - Clearing game scene
10:41:48.816 [JavaFX Application Thread] DEBUG GameWorld            - Clearing game world
10:41:48.817 [JavaFX Application Thread] DEBUG PhysicsWorld         - Clearing physics world
10:41:48.819 [FXGL Background Thread 2 ] DEBUG FXGLApplication      - Initializing game
10:41:48.834 [FXGL Background Thread 2 ] DEBUG PrimaryStageWindow   - Push state: DialogSubScene
10:41:48.834 [FXGL Background Thread 2 ] DEBUG Input                - Clearing active input actions
10:41:48.850 [JavaFX Application Thread] DEBUG LoopRunner           - Stopping loop
10:41:48.852 [JavaFX Application Thread] FATAL FXGLApplication      - Uncaught Exception:
java.lang.RuntimeException: Initialization failed
	at com.almasb.fxgl.all@17.2/com.almasb.fxgl.app.FXGLApplication$InitAppTask.failed(FXGLApplication.kt:343)
	at javafx.graphics@19.0.2.1/javafx.concurrent.Task.setState(Task.java:710)
	at javafx.graphics@19.0.2.1/javafx.concurrent.Task$TaskCallable.lambda$call$2(Task.java:1456)
	at javafx.graphics@19.0.2.1/com.sun.javafx.application.PlatformImpl.lambda$runLater$10(PlatformImpl.java:457)
	at java.base/java.security.AccessController.doPrivileged(AccessController.java:400)
	at javafx.graphics@19.0.2.1/com.sun.javafx.application.PlatformImpl.lambda$runLater$11(PlatformImpl.java:456)
	at javafx.graphics@19.0.2.1/com.sun.glass.ui.InvokeLaterDispatcher$Future.run(InvokeLaterDispatcher.java:96)
	at javafx.graphics@19.0.2.1/com.sun.glass.ui.win.WinApplication._runLoop(Native Method)
	at javafx.graphics@19.0.2.1/com.sun.glass.ui.win.WinApplication.lambda$runLoop$3(WinApplication.java:184)
	at java.base/java.lang.Thread.run(Thread.java:1623)
Caused by: java.lang.IllegalStateException: Not on FX application thread; currentThread = FXGL Background Thread 2
	at javafx.graphics@19.0.2.1/com.sun.javafx.tk.Toolkit.checkFxUserThread(Toolkit.java:299)
	at javafx.graphics@19.0.2.1/com.sun.javafx.tk.quantum.QuantumToolkit.checkFxUserThread(QuantumToolkit.java:458)
	at javafx.graphics@19.0.2.1/javafx.scene.Parent$3.onProposedChange(Parent.java:474)
	at javafx.base@19.0.2.1/com.sun.javafx.collections.VetoableListDecorator.add(VetoableListDecorator.java:205)
	at com.almasb.fxgl.all@17.2/com.almasb.fxgl.app.MainWindow.pushState(MainWindow.kt:165)
	at com.almasb.fxgl.all@17.2/com.almasb.fxgl.app.FXGLApplication$GameApplicationService.pushSubScene(FXGLApplication.kt:711)
	at com.almasb.fxgl.all@17.2/com.almasb.fxgl.app.services.FXGLDialogService.show(FXGLDialogService.kt:98)
	at com.almasb.fxgl.all@17.2/com.almasb.fxgl.app.services.FXGLDialogService.show(FXGLDialogService.kt:93)
	at com.almasb.fxgl.all@17.2/com.almasb.fxgl.app.services.FXGLDialogService.showConfirmationBox(FXGLDialogService.kt:133)
	at com.example.nuclearthroneatomic/com.example.nuclearthroneatomic.Controller.uWin(Controller.java:372)
	at com.example.nuclearthroneatomic/com.example.nuclearthroneatomic.Controller.loadLevel(Controller.java:125)
	at com.example.nuclearthroneatomic/com.example.nuclearthroneatomic.Controller.initGame(Controller.java:73)
	at com.almasb.fxgl.all@17.2/com.almasb.fxgl.app.FXGLApplication$InitAppTask.initGame(FXGLApplication.kt:339)
	at com.almasb.fxgl.all@17.2/com.almasb.fxgl.app.FXGLApplication$InitAppTask.call(FXGLApplication.kt:319)
	at com.almasb.fxgl.all@17.2/com.almasb.fxgl.app.FXGLApplication$InitAppTask.call(FXGLApplication.kt:311)
	at javafx.graphics@19.0.2.1/javafx.concurrent.Task$TaskCallable.call(Task.java:1426)
	at java.base/java.util.concurrent.FutureTask.run(FutureTask.java:317)
	at java.base/java.util.concurrent.Executors$RunnableAdapter.call(Executors.java:577)
	at java.base/java.util.concurrent.FutureTask.run(FutureTask.java:317)
	at java.base/java.util.concurrent.ThreadPoolExecutor.runWorker(ThreadPoolExecutor.java:1144)
	at java.base/java.util.concurrent.ThreadPoolExecutor$Worker.run(ThreadPoolExecutor.java:642)
	... 1 more

10:41:48.852 [JavaFX Application Thread] FATAL FXGLApplication      - Application will now exit
10:41:48.876 [JavaFX Application Thread] DEBUG PrimaryStageWindow   - Push state: ErrorSubScene
10:41:48.877 [JavaFX Application Thread] DEBUG Input                - Clearing active input actions
10:41:48.879 [JavaFX Application Thread] DEBUG GameApplicationServi - Removing overlay from FXGLLoadingScene and adding to ErrorSubScene
10:41:48.880 [JavaFX Application Thread] DEBUG PrimaryStageWindow   - DialogSubScene -> ErrorSubScene
10:41:50.282 [FXGL Background Thread 3 ] DEBUG Engine               - Logging environment variables
10:41:50.283 [FXGL Background Thread 3 ] DEBUG Engine               - achievements: []
10:41:50.283 [FXGL Background Thread 3 ] DEBUG Engine               - actualHeight: 1080.0
10:41:50.283 [FXGL Background Thread 3 ] DEBUG Engine               - actualHeightProperty: ReadOnlyDoubleProperty [value: 1080.0]
10:41:50.283 [FXGL Background Thread 3 ] DEBUG Engine               - actualWidth: 1920.0
10:41:50.283 [FXGL Background Thread 3 ] DEBUG Engine               - actualWidthProperty: ReadOnlyDoubleProperty [value: 1920.0]
10:41:50.283 [FXGL Background Thread 3 ] DEBUG Engine               - appIcon: fxgl_icon.png
10:41:50.283 [FXGL Background Thread 3 ] DEBUG Engine               - applicationMode: DEVELOPER
10:41:50.283 [FXGL Background Thread 3 ] DEBUG Engine               - cSSList: [fxgl_dark.css]
10:41:50.283 [FXGL Background Thread 3 ] DEBUG Engine               - collisionDetectionStrategy: BRUTE_FORCE
10:41:50.283 [FXGL Background Thread 3 ] DEBUG Engine               - configClass: Optional.empty
10:41:50.283 [FXGL Background Thread 3 ] DEBUG Engine               - credits: [Designer . . . . . . . Johan Daniel Aguirre, Program Team . . . . . . Juan Sebastián Libreros,                           Juan Jose Barrera,                           Johan Daniel Aguirre, El mas lindo . . . . . . Juan Sebastián Libreros, Master Thief . . . . . . Johan Daniel Aguirre]
10:41:50.284 [FXGL Background Thread 3 ] DEBUG Engine               - defaultCursor: CursorInfo(imageName=fxgl_default_cursor.png, hotspotX=7.0, hotspotY=6.0)
10:41:50.284 [FXGL Background Thread 3 ] DEBUG Engine               - devBBoxColorProperty: ObjectProperty [value: 0xff0000ff]
10:41:50.284 [FXGL Background Thread 3 ] DEBUG Engine               - devEnableDebugCameraProperty: BooleanProperty [value: false]
10:41:50.284 [FXGL Background Thread 3 ] DEBUG Engine               - devSensorColorProperty: ObjectProperty [value: 0xffff00ff]
10:41:50.284 [FXGL Background Thread 3 ] DEBUG Engine               - devShowBBoxProperty: BooleanProperty [value: false]
10:41:50.285 [FXGL Background Thread 3 ] DEBUG Engine               - devShowPositionProperty: BooleanProperty [value: false]
10:41:50.285 [FXGL Background Thread 3 ] DEBUG Engine               - enabledMenuItems: [EXTRA]
10:41:50.285 [FXGL Background Thread 3 ] DEBUG Engine               - engineServices: [class com.almasb.fxgl.app.services.FXGLAssetLoaderService, class com.almasb.fxgl.app.FXGLApplication$GameApplicationService, class com.almasb.fxgl.app.services.FXGLDialogService, class com.almasb.fxgl.app.services.IOTaskExecutorService, class com.almasb.fxgl.io.FileSystemService, class com.almasb.fxgl.localization.LocalizationService, class com.almasb.fxgl.app.services.SystemBundleService, class com.almasb.fxgl.profile.SaveLoadService, class com.almasb.fxgl.ui.FXGLUIFactoryServiceProvider, class com.almasb.fxgl.ui.FXGLDialogFactoryServiceProvider, class com.almasb.fxgl.audio.AudioPlayer, class com.almasb.fxgl.notification.impl.NotificationServiceProvider, class com.almasb.fxgl.achievement.AchievementService, class com.almasb.fxgl.cutscene.CutsceneService, class com.almasb.fxgl.minigames.MiniGameService, class com.almasb.fxgl.net.NetService, class com.almasb.fxgl.app.services.UpdaterService, class com.almasb.fxgl.dev.DevService]
10:41:50.285 [FXGL Background Thread 3 ] DEBUG Engine               - fontGame: Abel-Regular.ttf
10:41:50.285 [FXGL Background Thread 3 ] DEBUG Engine               - fontMono: TerminalLandMono-Regular.otf
10:41:50.285 [FXGL Background Thread 3 ] DEBUG Engine               - fontText: Courier-Prime.ttf
10:41:50.285 [FXGL Background Thread 3 ] DEBUG Engine               - fontUI: VarelaRound-Regular.ttf
10:41:50.285 [FXGL Background Thread 3 ] DEBUG Engine               - fullScreen: BooleanProperty [value: true]
10:41:50.285 [FXGL Background Thread 3 ] DEBUG Engine               - gameDifficulty: MEDIUM
10:41:50.285 [FXGL Background Thread 3 ] DEBUG Engine               - gameDifficultyProperty: ObjectProperty [value: MEDIUM]
10:41:50.285 [FXGL Background Thread 3 ] DEBUG Engine               - globalMusicVolume: 0.5
10:41:50.285 [FXGL Background Thread 3 ] DEBUG Engine               - globalMusicVolumeProperty: DoubleProperty [value: 1.0]
10:41:50.285 [FXGL Background Thread 3 ] DEBUG Engine               - globalSoundVolume: 0.5
10:41:50.285 [FXGL Background Thread 3 ] DEBUG Engine               - globalSoundVolumeProperty: DoubleProperty [value: 0.1]
10:41:50.286 [FXGL Background Thread 3 ] DEBUG Engine               - height: 600
10:41:50.286 [FXGL Background Thread 3 ] DEBUG Engine               - is3D: false
10:41:50.286 [FXGL Background Thread 3 ] DEBUG Engine               - isAndroid: false
10:41:50.286 [FXGL Background Thread 3 ] DEBUG Engine               - isBrowser: false
10:41:50.286 [FXGL Background Thread 3 ] DEBUG Engine               - isClickFeedbackEnabled: false
10:41:50.286 [FXGL Background Thread 3 ] DEBUG Engine               - isCloseConfirmation: false
10:41:50.286 [FXGL Background Thread 3 ] DEBUG Engine               - isDesktop: true
10:41:50.286 [FXGL Background Thread 3 ] DEBUG Engine               - isDeveloperMenuEnabled: false
10:41:50.286 [FXGL Background Thread 3 ] DEBUG Engine               - isEmbedded: false
10:41:50.286 [FXGL Background Thread 3 ] DEBUG Engine               - isEntityPreloadEnabled: true
10:41:50.286 [FXGL Background Thread 3 ] DEBUG Engine               - isExperimentalTiledLargeMap: false
10:41:50.286 [FXGL Background Thread 3 ] DEBUG Engine               - isFileSystemWriteAllowed: true
10:41:50.286 [FXGL Background Thread 3 ] DEBUG Engine               - isFullScreenAllowed: true
10:41:50.286 [FXGL Background Thread 3 ] DEBUG Engine               - isFullScreenFromStart: true
10:41:50.286 [FXGL Background Thread 3 ] DEBUG Engine               - isGameMenuEnabled: true
10:41:50.286 [FXGL Background Thread 3 ] DEBUG Engine               - isIOS: false
10:41:50.286 [FXGL Background Thread 3 ] DEBUG Engine               - isIntroEnabled: false
10:41:50.286 [FXGL Background Thread 3 ] DEBUG Engine               - isLinux: false
10:41:50.286 [FXGL Background Thread 3 ] DEBUG Engine               - isMac: false
10:41:50.287 [FXGL Background Thread 3 ] DEBUG Engine               - isMainMenuEnabled: true
10:41:50.287 [FXGL Background Thread 3 ] DEBUG Engine               - isManualResizeEnabled: false
10:41:50.287 [FXGL Background Thread 3 ] DEBUG Engine               - isMobile: false
10:41:50.287 [FXGL Background Thread 3 ] DEBUG Engine               - isNative: false
10:41:50.287 [FXGL Background Thread 3 ] DEBUG Engine               - isPauseMusicWhenMinimized: true
10:41:50.287 [FXGL Background Thread 3 ] DEBUG Engine               - isPreserveResizeRatio: false
10:41:50.287 [FXGL Background Thread 3 ] DEBUG Engine               - isProfilingEnabled: false
10:41:50.287 [FXGL Background Thread 3 ] DEBUG Engine               - isScaleAffectedOnResize: true
10:41:50.287 [FXGL Background Thread 3 ] DEBUG Engine               - isSingleStep: false
10:41:50.287 [FXGL Background Thread 3 ] DEBUG Engine               - isUserProfileEnabled: false
10:41:50.287 [FXGL Background Thread 3 ] DEBUG Engine               - isWindows: true
10:41:50.287 [FXGL Background Thread 3 ] DEBUG Engine               - language: ObjectProperty [value: ENGLISH]
10:41:50.287 [FXGL Background Thread 3 ] DEBUG Engine               - menuKey: ESCAPE
10:41:50.287 [FXGL Background Thread 3 ] DEBUG Engine               - mouseSensitivity: 0.2
10:41:50.287 [FXGL Background Thread 3 ] DEBUG Engine               - notificationViewClass: class com.almasb.fxgl.notification.view.XboxNotificationView
10:41:50.288 [FXGL Background Thread 3 ] DEBUG Engine               - pixelsPerMeter: 50.0
10:41:50.288 [FXGL Background Thread 3 ] DEBUG Engine               - platform: WINDOWS
10:41:50.288 [FXGL Background Thread 3 ] DEBUG Engine               - prefHeightProperty: ReadOnlyDoubleProperty [value: 600.0]
10:41:50.288 [FXGL Background Thread 3 ] DEBUG Engine               - prefWidthProperty: ReadOnlyDoubleProperty [value: 800.0]
10:41:50.288 [FXGL Background Thread 3 ] DEBUG Engine               - profileDir: profiles/
10:41:50.288 [FXGL Background Thread 3 ] DEBUG Engine               - profileName: StringProperty [value: DEFAULT]
10:41:50.288 [FXGL Background Thread 3 ] DEBUG Engine               - randomSeed: -1
10:41:50.289 [FXGL Background Thread 3 ] DEBUG Engine               - runtimeInfo: RuntimeInfo(platform=WINDOWS, version=17.2, build=20.08.2022 16.50)
10:41:50.289 [FXGL Background Thread 3 ] DEBUG Engine               - saveFileExt: sav
10:41:50.289 [FXGL Background Thread 3 ] DEBUG Engine               - scaledHeightProp$fxgl: DoubleProperty [bound, value: 1080.0]
10:41:50.289 [FXGL Background Thread 3 ] DEBUG Engine               - scaledWidthProp$fxgl: DoubleProperty [bound, value: 1920.0]
10:41:50.289 [FXGL Background Thread 3 ] DEBUG Engine               - sceneFactory: com.almasb.fxgl.app.scene.SceneFactory@3723c0e9
10:41:50.289 [FXGL Background Thread 3 ] DEBUG Engine               - secondsIn24h: 60
10:41:50.289 [FXGL Background Thread 3 ] DEBUG Engine               - soundMenuBack: menu/back.wav
10:41:50.289 [FXGL Background Thread 3 ] DEBUG Engine               - soundMenuPress: menu/press.wav
10:41:50.289 [FXGL Background Thread 3 ] DEBUG Engine               - soundMenuSelect: menu/select.wav
10:41:50.289 [FXGL Background Thread 3 ] DEBUG Engine               - soundNotification: core/notification.wav
10:41:50.289 [FXGL Background Thread 3 ] DEBUG Engine               - stageStyle: DECORATED
10:41:50.289 [FXGL Background Thread 3 ] DEBUG Engine               - supportedLanguages: [ENGLISH, FRENCH, GERMAN, HUNGARIAN, RUSSIAN]
10:41:50.289 [FXGL Background Thread 3 ] DEBUG Engine               - ticksPerSecond: -1
10:41:50.289 [FXGL Background Thread 3 ] DEBUG Engine               - title: Nuclear Throne Atomic
10:41:50.290 [FXGL Background Thread 3 ] DEBUG Engine               - urlGithub: https://github.com/AlmasB/FXGL
10:41:50.290 [FXGL Background Thread 3 ] DEBUG Engine               - urlLeaderboard: http://fxgl-top.herokuapp.com/
10:41:50.290 [FXGL Background Thread 3 ] DEBUG Engine               - urlPOM: https://raw.githubusercontent.com/AlmasB/FXGL/release/README.md
10:41:50.290 [FXGL Background Thread 3 ] DEBUG Engine               - userAppClass: class com.example.nuclearthroneatomic.Controller
10:41:50.290 [FXGL Background Thread 3 ] DEBUG Engine               - version: 0.0
10:41:50.290 [FXGL Background Thread 3 ] DEBUG Engine               - versionCheckDays: 7
10:41:50.290 [FXGL Background Thread 3 ] DEBUG Engine               - width: 800
10:41:50.290 [FXGL Background Thread 3 ] DEBUG Engine               - Logging services
10:41:50.290 [FXGL Background Thread 3 ] DEBUG Engine               - class com.almasb.fxgl.app.services.FXGLAssetLoaderService
10:41:50.290 [FXGL Background Thread 3 ] DEBUG Engine               - class com.almasb.fxgl.app.FXGLApplication$GameApplicationService
10:41:50.290 [FXGL Background Thread 3 ] DEBUG Engine               - class com.almasb.fxgl.app.services.FXGLDialogService
10:41:50.290 [FXGL Background Thread 3 ] DEBUG Engine               - class com.almasb.fxgl.app.services.IOTaskExecutorService
10:41:50.290 [FXGL Background Thread 3 ] DEBUG Engine               - class com.almasb.fxgl.io.FileSystemService
10:41:50.290 [FXGL Background Thread 3 ] DEBUG Engine               - class com.almasb.fxgl.localization.LocalizationService
10:41:50.290 [FXGL Background Thread 3 ] DEBUG Engine               - class com.almasb.fxgl.app.services.SystemBundleService
10:41:50.290 [FXGL Background Thread 3 ] DEBUG Engine               - class com.almasb.fxgl.profile.SaveLoadService
10:41:50.290 [FXGL Background Thread 3 ] DEBUG Engine               - class com.almasb.fxgl.ui.FXGLUIFactoryServiceProvider
10:41:50.291 [FXGL Background Thread 3 ] DEBUG Engine               - class com.almasb.fxgl.ui.FXGLDialogFactoryServiceProvider
10:41:50.291 [FXGL Background Thread 3 ] DEBUG Engine               - class com.almasb.fxgl.audio.AudioPlayer
10:41:50.291 [FXGL Background Thread 3 ] DEBUG Engine               - class com.almasb.fxgl.notification.impl.NotificationServiceProvider
10:41:50.291 [FXGL Background Thread 3 ] DEBUG Engine               - class com.almasb.fxgl.achievement.AchievementService
10:41:50.291 [FXGL Background Thread 3 ] DEBUG Engine               - class com.almasb.fxgl.cutscene.CutsceneService
10:41:50.291 [FXGL Background Thread 3 ] DEBUG Engine               - class com.almasb.fxgl.minigames.MiniGameService
10:41:50.291 [FXGL Background Thread 3 ] DEBUG Engine               - class com.almasb.fxgl.net.NetService
10:41:50.291 [FXGL Background Thread 3 ] DEBUG Engine               - class com.almasb.fxgl.app.services.UpdaterService
10:41:50.291 [FXGL Background Thread 3 ] DEBUG Engine               - class com.almasb.fxgl.dev.DevService
10:41:50.498 [JavaFX Application Thread] DEBUG FXGLApplication      - Exiting FXGL
10:41:50.499 [JavaFX Application Thread] DEBUG Async                - Shutting down background threads
10:41:50.499 [JavaFX Application Thread] DEBUG PrimaryStageWindow   - Closing main window
10:41:50.532 [JavaFX Application Thread] DEBUG Logger               - Closing Logger
