21:55:55.731 [main                     ] DEBUG Logger               - Configured Logger
21:55:55.773 [main                     ] DEBUG GameApplication      - Logging settings
Title: Nuclear Throne Atomic
Version: 0.0
Width: 800
Height: 600
Fullscreen: true
Intro: false
Profiling: false
Single step:false
App Mode: DEVELOPER
Menu Key: ESCAPE
Stage Style: DECORATED
Scene Factory: class com.almasb.fxgl.app.scene.SceneFactory

21:55:56.193 [JavaFX Application Thread] DEBUG FXGLApplication      - Initializing FXGL
21:55:56.201 [JavaFX Application Thread] INFO  Engine               - FXGL-17.2 (20.08.2022 16.50) on WINDOWS (J:18.0.2 FX:18.0.2)
21:55:56.201 [JavaFX Application Thread] DEBUG Engine               - JRE Vendor Name: Amazon.com Inc.
21:55:56.201 [JavaFX Application Thread] DEBUG Engine               - Running on OS: Windows 10 version 10.0
21:55:56.202 [JavaFX Application Thread] DEBUG Engine               - Architecture: amd64
21:55:56.202 [JavaFX Application Thread] INFO  Engine               - Source code and latest versions at: https://github.com/AlmasB/FXGL
21:55:56.202 [JavaFX Application Thread] INFO  Engine               -       Ask questions and discuss at: https://github.com/AlmasB/FXGL/discussions
21:55:56.202 [JavaFX Application Thread] INFO  Engine               -              Join the FXGL chat at: https://gitter.im/AlmasB/FXGL
21:55:56.304 [JavaFX Application Thread] DEBUG PrimaryStageWindow   - Creating a JavaFX scene
21:55:56.357 [JavaFX Application Thread] DEBUG PrimaryStageWindow   - Target settings size: 800.0 x 600.0
21:55:56.358 [JavaFX Application Thread] DEBUG PrimaryStageWindow   - Scaled scene size:    800.0 x 600.0
21:55:56.358 [JavaFX Application Thread] DEBUG PrimaryStageWindow   - Scaled ratio: (1.0, 1.0)
21:55:56.359 [JavaFX Application Thread] DEBUG PrimaryStageWindow   - Set initial scene to FXGLStartupScene
21:55:56.368 [JavaFX Application Thread] DEBUG PrimaryStageWindow   - Opening main window
21:55:56.456 [JavaFX Application Thread] DEBUG PrimaryStageWindow   - Window border size: (16.0, 39.0)
21:55:56.456 [JavaFX Application Thread] DEBUG PrimaryStageWindow   - Scaled size: 800.0 x 600.0
21:55:56.457 [JavaFX Application Thread] DEBUG PrimaryStageWindow   - Scaled ratio: (1.0, 1.0)
21:55:56.457 [JavaFX Application Thread] DEBUG PrimaryStageWindow   - Scene size: 800.0 x 600.0
21:55:56.457 [JavaFX Application Thread] DEBUG PrimaryStageWindow   - Stage size: 816.0 x 639.0
21:55:56.471 [FXGL Background Thread 1 ] DEBUG Engine               - Initializing environment variables
21:55:56.544 [FXGL Background Thread 1 ] DEBUG FXGLAssetLoaderServi - User app class for loading assets: class com.example.nuclearthroneatomic.Controller
21:55:56.544 [FXGL Background Thread 1 ] DEBUG GameApplicationServi - Applying CSS: fxgl_dark.css
21:55:56.545 [FXGL Background Thread 1 ] DEBUG FXGLAssetLoaderServi - Loading from file system: jar:file:///C:/Users/Juan/.m2/repository/com/github/almasb/fxgl/17.2/fxgl-17.2.jar!/fxglassets/ui/css/fxgl_dark.css
21:55:56.625 [FXGL Background Thread 1 ] DEBUG GameApplicationServi - Initializing application scenes
21:55:56.690 [FXGL Background Thread 1 ] DEBUG GameWorld            - Game world initialized
21:55:57.617 [FXGL Background Thread 1 ] DEBUG PhysicsWorld         - Physics world initialized: appHeight=600, physics.ppm=50,0
21:55:57.617 [FXGL Background Thread 1 ] DEBUG PhysicsWorld         - Using strategy: BRUTE_FORCE
21:55:57.623 [FXGL Background Thread 1 ] DEBUG GameScene            - Game scene initialized: 800x600
21:55:57.641 [FXGL Background Thread 1 ] DEBUG FXGL.DefaultMenu     - createMenuBodyMainMenu()
21:55:57.679 [FXGL Background Thread 1 ] DEBUG FXGL.DefaultMenu     - createOptionsMenu()
21:55:57.695 [FXGL Background Thread 1 ] DEBUG FXGLAssetLoaderServi - Loading from file system: jar:file:///C:/Users/Juan/.m2/repository/com/github/almasb/fxgl/17.2/fxgl-17.2.jar!/fxglassets/textures/particles/smoke.png
21:55:57.903 [FXGL Background Thread 1 ] DEBUG FXGLAssetLoaderServi - Loading from file system: jar:file:///C:/Users/Juan/.m2/repository/com/github/almasb/fxgl/17.2/fxgl-17.2.jar!/fxglassets/textures/particles/trace_horizontal.png
21:55:57.958 [FXGL Background Thread 1 ] DEBUG FXGL.DefaultMenu     - createMenuBodyGameMenu()
21:55:57.961 [FXGL Background Thread 1 ] DEBUG FXGL.DefaultMenu     - createOptionsMenu()
21:55:57.986 [FXGL Background Thread 1 ] DEBUG GameApplicationServi - Application scenes initialized
21:55:58.004 [FXGL Background Thread 1 ] DEBUG SystemBundleService  - Loading FXGL system data
21:55:58.018 [FXGL Background Thread 1 ] DEBUG FileSystemAccess     - Reading from: C:\Users\Juan\Desktop\Apo Integradora 3\NuclearThroneAtomic\src\nuclearthroneatomic\system\fxgl.bundle
21:55:58.052 [FXGL Background Thread 1 ] DEBUG SystemBundleService  - Bundle FXGL: {}
21:55:58.052 [FXGL Background Thread 1 ] DEBUG UpdaterService       - Checking for updates
21:55:58.058 [FXGL Background Thread 4 ] DEBUG FXGLApplication      - Loading fonts
21:55:58.058 [FXGL Background Thread 4 ] DEBUG FXGLAssetLoaderServi - Loading from file system: jar:file:///C:/Users/Juan/.m2/repository/com/github/almasb/fxgl/17.2/fxgl-17.2.jar!/fxglassets/ui/fonts/VarelaRound-Regular.ttf
21:55:58.061 [FXGL Background Thread 1 ] DEBUG FXGLApplication      - Loading default localization
21:55:58.062 [FXGL Background Thread 1 ] DEBUG FXGLAssetLoaderServi - Loading from file system: jar:file:///C:/Users/Juan/.m2/repository/com/github/almasb/fxgl/17.2/fxgl-17.2.jar!/fxglassets/languages/english.lang
21:55:58.112 [FXGL Background Thread 1 ] INFO  FXGLApplication      - FXGL initialization took: 1,640 sec
21:55:58.124 [JavaFX Application Thread] DEBUG Input                - Registered new binding: lucky - Q
21:55:58.125 [JavaFX Application Thread] DEBUG Input                - Registered new binding: health - F
21:55:58.125 [JavaFX Application Thread] DEBUG Input                - Registered new binding: Right - D
21:55:58.125 [JavaFX Application Thread] DEBUG Input                - Registered new binding: Left - A
21:55:58.125 [JavaFX Application Thread] DEBUG Input                - Registered new binding: Up - W
21:55:58.125 [JavaFX Application Thread] DEBUG Input                - Registered new binding: Down - S
21:55:58.127 [JavaFX Application Thread] DEBUG Input                - Registered new binding: Reload - RMB
21:55:58.128 [JavaFX Application Thread] DEBUG Input                - Registered new binding: Shoot - LMB
21:55:58.128 [JavaFX Application Thread] DEBUG FXGLAssetLoaderServi - Loading from file system: jar:file:///C:/Users/Juan/.m2/repository/com/github/almasb/fxgl/17.2/fxgl-17.2.jar!/fxglassets/textures/fxgl_icon.png
21:55:58.184 [JavaFX Application Thread] DEBUG FXGLAssetLoaderServi - Loading from file system: jar:file:///C:/Users/Juan/.m2/repository/com/github/almasb/fxgl/17.2/fxgl-17.2.jar!/fxglassets/textures/fxgl_default_cursor.png
21:55:58.208 [JavaFX Application Thread] DEBUG Input                - Registered new binding: Screenshot - CTRL+8
21:55:58.208 [JavaFX Application Thread] DEBUG Input                - Registered new binding: System info dump - CTRL+9
21:55:58.209 [JavaFX Application Thread] DEBUG Input                - Registered new binding: Restart - CTRL+R
21:55:58.210 [JavaFX Application Thread] DEBUG Input                - Registered new binding: Toggle Debug Camera - CTRL+7
21:55:58.212 [JavaFX Application Thread] DEBUG LoopRunner           - Starting loop
21:55:58.212 [JavaFX Application Thread] DEBUG LoopRunner           - Initializing JavaFX AnimationTimerLoop
21:55:58.237 [JavaFX Application Thread] DEBUG Input                - Clearing active input actions
21:55:58.246 [JavaFX Application Thread] DEBUG GameApplicationServi - Removing overlay from FXGLStartupScene and adding to FXGLMainMenuDummyScene
21:55:58.247 [JavaFX Application Thread] DEBUG PrimaryStageWindow   - FXGLStartupScene -> FXGLMainMenuDummyScene
21:55:58.247 [JavaFX Application Thread] DEBUG PrimaryStageWindow   - Push state: FXGLDefaultMenu
21:55:58.388 [JavaFX Application Thread] DEBUG Input                - Clearing active input actions
21:55:58.412 [JavaFX Application Thread] DEBUG GameApplicationServi - Removing overlay from FXGLMainMenuDummyScene and adding to FXGLDefaultMenu
21:55:58.413 [JavaFX Application Thread] DEBUG PrimaryStageWindow   - FXGLMainMenuDummyScene -> FXGLDefaultMenu
21:55:58.881 [FXGL Background Thread 4 ] DEBUG FXGLAssetLoaderServi - Loading from file system: jar:file:///C:/Users/Juan/.m2/repository/com/github/almasb/fxgl/17.2/fxgl-17.2.jar!/fxglassets/ui/fonts/Abel-Regular.ttf
21:55:59.007 [FXGL Background Thread 4 ] DEBUG FXGLAssetLoaderServi - Loading from file system: jar:file:///C:/Users/Juan/.m2/repository/com/github/almasb/fxgl/17.2/fxgl-17.2.jar!/fxglassets/ui/fonts/TerminalLandMono-Regular.otf
21:55:59.285 [FXGL Background Thread 4 ] DEBUG FXGLAssetLoaderServi - Loading from file system: jar:file:///C:/Users/Juan/.m2/repository/com/github/almasb/fxgl/17.2/fxgl-17.2.jar!/fxglassets/ui/fonts/Courier-Prime.ttf
21:55:59.558 [JavaFX Application Thread] DEBUG FXGLApplication      - Registering font factories with UI factory
21:56:00.582 [JavaFX Application Thread] DEBUG Menu                 - fireNewGame()
21:56:00.582 [JavaFX Application Thread] DEBUG GameApplicationServi - Starting new game
21:56:00.586 [JavaFX Application Thread] DEBUG PrimaryStageWindow   - Pop state: FXGLDefaultMenu
21:56:00.586 [JavaFX Application Thread] DEBUG Input                - Clearing active input actions
21:56:00.586 [JavaFX Application Thread] DEBUG GameApplicationServi - Removing overlay from FXGLDefaultMenu and adding to FXGLMainMenuDummyScene
21:56:00.587 [JavaFX Application Thread] DEBUG PrimaryStageWindow   - FXGLMainMenuDummyScene <- FXGLDefaultMenu
21:56:00.589 [JavaFX Application Thread] DEBUG Input                - Clearing active input actions
21:56:00.603 [JavaFX Application Thread] DEBUG GameApplicationServi - Removing overlay from FXGLMainMenuDummyScene and adding to FXGLLoadingScene
21:56:00.604 [JavaFX Application Thread] DEBUG PrimaryStageWindow   - FXGLMainMenuDummyScene -> FXGLLoadingScene
21:56:00.605 [JavaFX Application Thread] DEBUG GameApplicationServi - Clearing previous game
21:56:00.605 [JavaFX Application Thread] DEBUG GameScene            - Clearing game scene
21:56:00.605 [JavaFX Application Thread] DEBUG GameWorld            - Clearing game world
21:56:00.605 [JavaFX Application Thread] DEBUG PhysicsWorld         - Clearing physics world
21:56:00.607 [FXGL Background Thread 4 ] DEBUG FXGLApplication      - Initializing game
21:56:00.616 [FXGL Background Thread 4 ] DEBUG FXGLAssetLoaderServi - Loading from file system: file:/C:/Users/Juan/Desktop/Apo%20Integradora%203/NuclearThroneAtomic/src/nuclearthroneatomic/target/classes/assets/textures/Avatar/1-Idle/1.png
21:56:00.632 [FXGL Background Thread 4 ] DEBUG FXGLAssetLoaderServi - Loading from file system: file:/C:/Users/Juan/Desktop/Apo%20Integradora%203/NuclearThroneAtomic/src/nuclearthroneatomic/target/classes/assets/textures/Avatar/1-Idle/2.png
21:56:00.635 [FXGL Background Thread 4 ] DEBUG FXGLAssetLoaderServi - Loading from file system: file:/C:/Users/Juan/Desktop/Apo%20Integradora%203/NuclearThroneAtomic/src/nuclearthroneatomic/target/classes/assets/textures/Avatar/1-Idle/3.png
21:56:00.644 [FXGL Background Thread 4 ] DEBUG FXGLAssetLoaderServi - Loading from file system: file:/C:/Users/Juan/Desktop/Apo%20Integradora%203/NuclearThroneAtomic/src/nuclearthroneatomic/target/classes/assets/textures/Avatar/1-Idle/4.png
21:56:00.982 [FXGL Background Thread 4 ] DEBUG FXGLAssetLoaderServi - Loading from file system: file:/C:/Users/Juan/Desktop/Apo%20Integradora%203/NuclearThroneAtomic/src/nuclearthroneatomic/target/classes/assets/textures/Avatar/2-Run/1.png
21:56:00.986 [FXGL Background Thread 4 ] DEBUG FXGLAssetLoaderServi - Loading from file system: file:/C:/Users/Juan/Desktop/Apo%20Integradora%203/NuclearThroneAtomic/src/nuclearthroneatomic/target/classes/assets/textures/Avatar/2-Run/2.png
21:56:00.991 [FXGL Background Thread 4 ] DEBUG FXGLAssetLoaderServi - Loading from file system: file:/C:/Users/Juan/Desktop/Apo%20Integradora%203/NuclearThroneAtomic/src/nuclearthroneatomic/target/classes/assets/textures/Avatar/2-Run/3.png
21:56:01.001 [FXGL Background Thread 4 ] DEBUG FXGLAssetLoaderServi - Loading from file system: file:/C:/Users/Juan/Desktop/Apo%20Integradora%203/NuclearThroneAtomic/src/nuclearthroneatomic/target/classes/assets/textures/Avatar/2-Run/4.png
21:56:01.003 [FXGL Background Thread 4 ] DEBUG FXGLAssetLoaderServi - Loading from file system: file:/C:/Users/Juan/Desktop/Apo%20Integradora%203/NuclearThroneAtomic/src/nuclearthroneatomic/target/classes/assets/textures/Avatar/2-Run/5.png
21:56:01.011 [FXGL Background Thread 4 ] DEBUG FXGLAssetLoaderServi - Loading from file system: file:/C:/Users/Juan/Desktop/Apo%20Integradora%203/NuclearThroneAtomic/src/nuclearthroneatomic/target/classes/assets/textures/Avatar/2-Run/6.png
21:56:01.018 [FXGL Background Thread 4 ] DEBUG FXGLAssetLoaderServi - Loading from file system: file:/C:/Users/Juan/Desktop/Apo%20Integradora%203/NuclearThroneAtomic/src/nuclearthroneatomic/target/classes/assets/textures/Munition/1.png
21:56:01.069 [FXGL Background Thread 3 ] DEBUG Engine               - Logging environment variables
21:56:01.072 [FXGL Background Thread 3 ] DEBUG Engine               - achievements: []
21:56:01.072 [FXGL Background Thread 3 ] DEBUG Engine               - actualHeight: 600.0
21:56:01.073 [FXGL Background Thread 3 ] DEBUG Engine               - actualHeightProperty: ReadOnlyDoubleProperty [value: 600.0]
21:56:01.073 [FXGL Background Thread 3 ] DEBUG Engine               - actualWidth: 800.0
21:56:01.074 [FXGL Background Thread 3 ] DEBUG Engine               - actualWidthProperty: ReadOnlyDoubleProperty [value: 800.0]
21:56:01.079 [FXGL Background Thread 3 ] DEBUG Engine               - appIcon: fxgl_icon.png
21:56:01.079 [FXGL Background Thread 3 ] DEBUG Engine               - applicationMode: DEVELOPER
21:56:01.079 [FXGL Background Thread 3 ] DEBUG Engine               - cSSList: [fxgl_dark.css]
21:56:01.079 [FXGL Background Thread 3 ] DEBUG Engine               - collisionDetectionStrategy: BRUTE_FORCE
21:56:01.079 [FXGL Background Thread 3 ] DEBUG Engine               - configClass: Optional.empty
21:56:01.079 [FXGL Background Thread 3 ] DEBUG Engine               - credits: []
21:56:01.080 [FXGL Background Thread 3 ] DEBUG Engine               - defaultCursor: CursorInfo(imageName=fxgl_default_cursor.png, hotspotX=7.0, hotspotY=6.0)
21:56:01.080 [FXGL Background Thread 3 ] DEBUG Engine               - devBBoxColorProperty: ObjectProperty [value: 0xff0000ff]
21:56:01.080 [FXGL Background Thread 3 ] DEBUG Engine               - devEnableDebugCameraProperty: BooleanProperty [value: false]
21:56:01.080 [FXGL Background Thread 3 ] DEBUG Engine               - devSensorColorProperty: ObjectProperty [value: 0xffff00ff]
21:56:01.080 [FXGL Background Thread 3 ] DEBUG Engine               - devShowBBoxProperty: BooleanProperty [value: false]
21:56:01.081 [FXGL Background Thread 3 ] DEBUG Engine               - devShowPositionProperty: BooleanProperty [value: false]
21:56:01.081 [FXGL Background Thread 3 ] DEBUG Engine               - enabledMenuItems: []
21:56:01.081 [FXGL Background Thread 3 ] DEBUG Engine               - engineServices: [class com.almasb.fxgl.app.services.FXGLAssetLoaderService, class com.almasb.fxgl.app.FXGLApplication$GameApplicationService, class com.almasb.fxgl.app.services.FXGLDialogService, class com.almasb.fxgl.app.services.IOTaskExecutorService, class com.almasb.fxgl.io.FileSystemService, class com.almasb.fxgl.localization.LocalizationService, class com.almasb.fxgl.app.services.SystemBundleService, class com.almasb.fxgl.profile.SaveLoadService, class com.almasb.fxgl.ui.FXGLUIFactoryServiceProvider, class com.almasb.fxgl.ui.FXGLDialogFactoryServiceProvider, class com.almasb.fxgl.audio.AudioPlayer, class com.almasb.fxgl.notification.impl.NotificationServiceProvider, class com.almasb.fxgl.achievement.AchievementService, class com.almasb.fxgl.cutscene.CutsceneService, class com.almasb.fxgl.minigames.MiniGameService, class com.almasb.fxgl.net.NetService, class com.almasb.fxgl.app.services.UpdaterService, class com.almasb.fxgl.dev.DevService]
21:56:01.081 [FXGL Background Thread 3 ] DEBUG Engine               - fontGame: Abel-Regular.ttf
21:56:01.081 [FXGL Background Thread 3 ] DEBUG Engine               - fontMono: TerminalLandMono-Regular.otf
21:56:01.081 [FXGL Background Thread 3 ] DEBUG Engine               - fontText: Courier-Prime.ttf
21:56:01.081 [FXGL Background Thread 3 ] DEBUG Engine               - fontUI: VarelaRound-Regular.ttf
21:56:01.081 [FXGL Background Thread 3 ] DEBUG Engine               - fullScreen: BooleanProperty [value: false]
21:56:01.081 [FXGL Background Thread 3 ] DEBUG Engine               - gameDifficulty: MEDIUM
21:56:01.081 [FXGL Background Thread 3 ] DEBUG Engine               - gameDifficultyProperty: ObjectProperty [value: MEDIUM]
21:56:01.081 [FXGL Background Thread 3 ] DEBUG Engine               - globalMusicVolume: 0.5
21:56:01.081 [FXGL Background Thread 3 ] DEBUG Engine               - globalMusicVolumeProperty: DoubleProperty [value: 0.5]
21:56:01.082 [FXGL Background Thread 3 ] DEBUG Engine               - globalSoundVolume: 0.5
21:56:01.082 [FXGL Background Thread 3 ] DEBUG Engine               - globalSoundVolumeProperty: DoubleProperty [value: 0.5]
21:56:01.082 [FXGL Background Thread 3 ] DEBUG Engine               - height: 600
21:56:01.082 [FXGL Background Thread 3 ] DEBUG Engine               - is3D: false
21:56:01.082 [FXGL Background Thread 3 ] DEBUG Engine               - isAndroid: false
21:56:01.082 [FXGL Background Thread 3 ] DEBUG Engine               - isBrowser: false
21:56:01.082 [FXGL Background Thread 3 ] DEBUG Engine               - isClickFeedbackEnabled: false
21:56:01.082 [FXGL Background Thread 3 ] DEBUG Engine               - isCloseConfirmation: false
21:56:01.082 [FXGL Background Thread 3 ] DEBUG Engine               - isDesktop: true
21:56:01.082 [FXGL Background Thread 3 ] DEBUG Engine               - isDeveloperMenuEnabled: false
21:56:01.082 [FXGL Background Thread 3 ] DEBUG Engine               - isEmbedded: false
21:56:01.082 [FXGL Background Thread 3 ] DEBUG Engine               - isEntityPreloadEnabled: true
21:56:01.082 [FXGL Background Thread 3 ] DEBUG Engine               - isExperimentalTiledLargeMap: false
21:56:01.082 [FXGL Background Thread 3 ] DEBUG Engine               - isFileSystemWriteAllowed: true
21:56:01.083 [FXGL Background Thread 3 ] DEBUG Engine               - isFullScreenAllowed: true
21:56:01.083 [FXGL Background Thread 3 ] DEBUG Engine               - isFullScreenFromStart: false
21:56:01.083 [FXGL Background Thread 3 ] DEBUG Engine               - isGameMenuEnabled: true
21:56:01.083 [FXGL Background Thread 3 ] DEBUG Engine               - isIOS: false
21:56:01.083 [FXGL Background Thread 3 ] DEBUG Engine               - isIntroEnabled: false
21:56:01.083 [FXGL Background Thread 3 ] DEBUG Engine               - isLinux: false
21:56:01.083 [FXGL Background Thread 3 ] DEBUG Engine               - isMac: false
21:56:01.083 [FXGL Background Thread 3 ] DEBUG Engine               - isMainMenuEnabled: true
21:56:01.083 [FXGL Background Thread 3 ] DEBUG Engine               - isManualResizeEnabled: false
21:56:01.083 [FXGL Background Thread 3 ] DEBUG Engine               - isMobile: false
21:56:01.083 [FXGL Background Thread 3 ] DEBUG Engine               - isNative: false
21:56:01.083 [FXGL Background Thread 3 ] DEBUG Engine               - isPauseMusicWhenMinimized: true
21:56:01.083 [FXGL Background Thread 3 ] DEBUG Engine               - isPreserveResizeRatio: false
21:56:01.083 [FXGL Background Thread 3 ] DEBUG Engine               - isProfilingEnabled: false
21:56:01.084 [FXGL Background Thread 3 ] DEBUG Engine               - isScaleAffectedOnResize: true
21:56:01.084 [FXGL Background Thread 3 ] DEBUG Engine               - isSingleStep: false
21:56:01.084 [FXGL Background Thread 3 ] DEBUG Engine               - isUserProfileEnabled: false
21:56:01.084 [FXGL Background Thread 3 ] DEBUG Engine               - isWindows: true
21:56:01.084 [FXGL Background Thread 3 ] DEBUG Engine               - language: ObjectProperty [value: ENGLISH]
21:56:01.084 [FXGL Background Thread 3 ] DEBUG Engine               - menuKey: ESCAPE
21:56:01.084 [FXGL Background Thread 3 ] DEBUG Engine               - mouseSensitivity: 0.2
21:56:01.084 [FXGL Background Thread 3 ] DEBUG Engine               - notificationViewClass: class com.almasb.fxgl.notification.view.XboxNotificationView
21:56:01.084 [FXGL Background Thread 3 ] DEBUG Engine               - pixelsPerMeter: 50.0
21:56:01.084 [FXGL Background Thread 3 ] DEBUG Engine               - platform: WINDOWS
21:56:01.085 [FXGL Background Thread 3 ] DEBUG Engine               - prefHeightProperty: ReadOnlyDoubleProperty [value: 600.0]
21:56:01.085 [FXGL Background Thread 3 ] DEBUG Engine               - prefWidthProperty: ReadOnlyDoubleProperty [value: 800.0]
21:56:01.085 [FXGL Background Thread 3 ] DEBUG Engine               - profileDir: profiles/
21:56:01.085 [FXGL Background Thread 3 ] DEBUG Engine               - profileName: StringProperty [value: DEFAULT]
21:56:01.085 [FXGL Background Thread 3 ] DEBUG Engine               - randomSeed: -1
21:56:01.085 [FXGL Background Thread 3 ] DEBUG Engine               - runtimeInfo: RuntimeInfo(platform=WINDOWS, version=17.2, build=20.08.2022 16.50)
21:56:01.085 [FXGL Background Thread 3 ] DEBUG Engine               - saveFileExt: sav
21:56:01.086 [FXGL Background Thread 3 ] DEBUG Engine               - scaledHeightProp$fxgl: DoubleProperty [bound, value: 600.0]
21:56:01.086 [FXGL Background Thread 3 ] DEBUG Engine               - scaledWidthProp$fxgl: DoubleProperty [bound, value: 800.0]
21:56:01.086 [FXGL Background Thread 3 ] DEBUG Engine               - sceneFactory: com.almasb.fxgl.app.scene.SceneFactory@7be70f39
21:56:01.086 [FXGL Background Thread 3 ] DEBUG Engine               - secondsIn24h: 60
21:56:01.086 [FXGL Background Thread 3 ] DEBUG Engine               - soundMenuBack: menu/back.wav
21:56:01.086 [FXGL Background Thread 3 ] DEBUG Engine               - soundMenuPress: menu/press.wav
21:56:01.086 [FXGL Background Thread 3 ] DEBUG Engine               - soundMenuSelect: menu/select.wav
21:56:01.087 [FXGL Background Thread 3 ] DEBUG Engine               - soundNotification: core/notification.wav
21:56:01.087 [FXGL Background Thread 3 ] DEBUG Engine               - stageStyle: DECORATED
21:56:01.087 [FXGL Background Thread 3 ] DEBUG Engine               - supportedLanguages: [ENGLISH, FRENCH, GERMAN, HUNGARIAN, RUSSIAN]
21:56:01.087 [FXGL Background Thread 3 ] DEBUG Engine               - ticksPerSecond: -1
21:56:01.087 [FXGL Background Thread 3 ] DEBUG Engine               - title: Nuclear Throne Atomic
21:56:01.087 [FXGL Background Thread 3 ] DEBUG Engine               - urlGithub: https://github.com/AlmasB/FXGL
21:56:01.087 [FXGL Background Thread 3 ] DEBUG Engine               - urlLeaderboard: http://fxgl-top.herokuapp.com/
21:56:01.087 [FXGL Background Thread 3 ] DEBUG Engine               - urlPOM: https://raw.githubusercontent.com/AlmasB/FXGL/release/README.md
21:56:01.087 [FXGL Background Thread 3 ] DEBUG Engine               - userAppClass: class com.example.nuclearthroneatomic.Controller
21:56:01.087 [FXGL Background Thread 3 ] DEBUG Engine               - version: 0.0
21:56:01.087 [FXGL Background Thread 3 ] DEBUG Engine               - versionCheckDays: 7
21:56:01.087 [FXGL Background Thread 3 ] DEBUG Engine               - width: 800
21:56:01.087 [FXGL Background Thread 3 ] DEBUG Engine               - Logging services
21:56:01.087 [FXGL Background Thread 3 ] DEBUG Engine               - class com.almasb.fxgl.app.services.FXGLAssetLoaderService
21:56:01.087 [FXGL Background Thread 3 ] DEBUG Engine               - class com.almasb.fxgl.app.FXGLApplication$GameApplicationService
21:56:01.087 [FXGL Background Thread 3 ] DEBUG Engine               - class com.almasb.fxgl.app.services.FXGLDialogService
21:56:01.087 [FXGL Background Thread 3 ] DEBUG Engine               - class com.almasb.fxgl.app.services.IOTaskExecutorService
21:56:01.087 [FXGL Background Thread 3 ] DEBUG Engine               - class com.almasb.fxgl.io.FileSystemService
21:56:01.087 [FXGL Background Thread 3 ] DEBUG Engine               - class com.almasb.fxgl.localization.LocalizationService
21:56:01.088 [FXGL Background Thread 3 ] DEBUG Engine               - class com.almasb.fxgl.app.services.SystemBundleService
21:56:01.089 [FXGL Background Thread 3 ] DEBUG Engine               - class com.almasb.fxgl.profile.SaveLoadService
21:56:01.089 [FXGL Background Thread 3 ] DEBUG Engine               - class com.almasb.fxgl.ui.FXGLUIFactoryServiceProvider
21:56:01.089 [FXGL Background Thread 3 ] DEBUG Engine               - class com.almasb.fxgl.ui.FXGLDialogFactoryServiceProvider
21:56:01.089 [FXGL Background Thread 3 ] DEBUG Engine               - class com.almasb.fxgl.audio.AudioPlayer
21:56:01.089 [FXGL Background Thread 3 ] DEBUG Engine               - class com.almasb.fxgl.notification.impl.NotificationServiceProvider
21:56:01.089 [FXGL Background Thread 3 ] DEBUG Engine               - class com.almasb.fxgl.achievement.AchievementService
21:56:01.089 [FXGL Background Thread 3 ] DEBUG Engine               - class com.almasb.fxgl.cutscene.CutsceneService
21:56:01.089 [FXGL Background Thread 3 ] DEBUG Engine               - class com.almasb.fxgl.minigames.MiniGameService
21:56:01.089 [FXGL Background Thread 3 ] DEBUG Engine               - class com.almasb.fxgl.net.NetService
21:56:01.089 [FXGL Background Thread 3 ] DEBUG Engine               - class com.almasb.fxgl.app.services.UpdaterService
21:56:01.089 [FXGL Background Thread 3 ] DEBUG Engine               - class com.almasb.fxgl.dev.DevService
21:56:01.093 [FXGL Background Thread 4 ] DEBUG FXGLAssetLoaderServi - Loading from file system: file:/C:/Users/Juan/Desktop/Apo%20Integradora%203/NuclearThroneAtomic/src/nuclearthroneatomic/target/classes/assets/textures/hud/lifeplayer.png
21:56:01.119 [FXGL Background Thread 4 ] DEBUG FXGLAssetLoaderServi - Loading from file system: file:/C:/Users/Juan/Desktop/Apo%20Integradora%203/NuclearThroneAtomic/src/nuclearthroneatomic/target/classes/assets/textures/hud/medkit.png
21:56:01.130 [FXGL Background Thread 4 ] DEBUG FXGLAssetLoaderServi - Loading from file system: file:/C:/Users/Juan/Desktop/Apo%20Integradora%203/NuclearThroneAtomic/src/nuclearthroneatomic/target/classes/assets/textures/hud/trebol.png
21:56:01.150 [FXGL Background Thread 4 ] DEBUG FXGLAssetLoaderServi - Loading from file system: file:/C:/Users/Juan/Desktop/Apo%20Integradora%203/NuclearThroneAtomic/src/nuclearthroneatomic/target/classes/assets/textures/Guns/1.png
21:56:01.157 [FXGL Background Thread 4 ] DEBUG FXGLAssetLoaderServi - Loading from file system: file:/C:/Users/Juan/Desktop/Apo%20Integradora%203/NuclearThroneAtomic/src/nuclearthroneatomic/target/classes/assets/textures/enemy/1-Idle/1.png
21:56:01.164 [FXGL Background Thread 4 ] DEBUG FXGLAssetLoaderServi - Loading from file system: file:/C:/Users/Juan/Desktop/Apo%20Integradora%203/NuclearThroneAtomic/src/nuclearthroneatomic/target/classes/assets/textures/enemy/1-Idle/2.png
21:56:01.167 [FXGL Background Thread 4 ] DEBUG FXGLAssetLoaderServi - Loading from file system: file:/C:/Users/Juan/Desktop/Apo%20Integradora%203/NuclearThroneAtomic/src/nuclearthroneatomic/target/classes/assets/textures/enemy/1-Idle/3.png
21:56:01.169 [FXGL Background Thread 4 ] DEBUG FXGLAssetLoaderServi - Loading from file system: file:/C:/Users/Juan/Desktop/Apo%20Integradora%203/NuclearThroneAtomic/src/nuclearthroneatomic/target/classes/assets/textures/enemy/1-Idle/4.png
21:56:01.178 [FXGL Background Thread 4 ] DEBUG FXGLAssetLoaderServi - Loading from file system: file:/C:/Users/Juan/Desktop/Apo%20Integradora%203/NuclearThroneAtomic/src/nuclearthroneatomic/target/classes/assets/textures/enemy/2-Run/1.png
21:56:01.182 [FXGL Background Thread 4 ] DEBUG FXGLAssetLoaderServi - Loading from file system: file:/C:/Users/Juan/Desktop/Apo%20Integradora%203/NuclearThroneAtomic/src/nuclearthroneatomic/target/classes/assets/textures/enemy/2-Run/2.png
21:56:01.184 [FXGL Background Thread 4 ] DEBUG FXGLAssetLoaderServi - Loading from file system: file:/C:/Users/Juan/Desktop/Apo%20Integradora%203/NuclearThroneAtomic/src/nuclearthroneatomic/target/classes/assets/textures/enemy/2-Run/3.png
21:56:01.186 [FXGL Background Thread 4 ] DEBUG FXGLAssetLoaderServi - Loading from file system: file:/C:/Users/Juan/Desktop/Apo%20Integradora%203/NuclearThroneAtomic/src/nuclearthroneatomic/target/classes/assets/textures/enemy/2-Run/4.png
21:56:01.188 [FXGL Background Thread 4 ] DEBUG FXGLAssetLoaderServi - Loading from file system: file:/C:/Users/Juan/Desktop/Apo%20Integradora%203/NuclearThroneAtomic/src/nuclearthroneatomic/target/classes/assets/textures/enemy/2-Run/5.png
21:56:01.190 [FXGL Background Thread 4 ] DEBUG FXGLAssetLoaderServi - Loading from file system: file:/C:/Users/Juan/Desktop/Apo%20Integradora%203/NuclearThroneAtomic/src/nuclearthroneatomic/target/classes/assets/textures/enemy/2-Run/6.png
21:56:01.205 [FXGL Background Thread 4 ] DEBUG FXGLAssetLoaderServi - Loading from file system: file:/C:/Users/Juan/Desktop/Apo%20Integradora%203/NuclearThroneAtomic/src/nuclearthroneatomic/target/classes/assets/textures/portal/1.png
21:56:01.212 [FXGL Background Thread 4 ] DEBUG FXGLAssetLoaderServi - Loading from file system: file:/C:/Users/Juan/Desktop/Apo%20Integradora%203/NuclearThroneAtomic/src/nuclearthroneatomic/target/classes/assets/textures/portal/2.png
21:56:01.219 [FXGL Background Thread 4 ] DEBUG FXGLAssetLoaderServi - Loading from file system: file:/C:/Users/Juan/Desktop/Apo%20Integradora%203/NuclearThroneAtomic/src/nuclearthroneatomic/target/classes/assets/textures/portal/3.png
21:56:01.228 [FXGL Background Thread 4 ] DEBUG FXGLAssetLoaderServi - Loading from file system: file:/C:/Users/Juan/Desktop/Apo%20Integradora%203/NuclearThroneAtomic/src/nuclearthroneatomic/target/classes/assets/textures/portal/4.png
21:56:01.242 [FXGL Background Thread 2 ] INFO  UpdaterService       - Your current version:  17.2
21:56:01.242 [FXGL Background Thread 2 ] INFO  UpdaterService       - Latest stable version: 17.3
21:56:01.256 [FXGL Background Thread 4 ] DEBUG FXGLAssetLoaderServi - Loading from file system: file:/C:/Users/Juan/Desktop/Apo%20Integradora%203/NuclearThroneAtomic/src/nuclearthroneatomic/target/classes/assets/textures/Wall/1.png
21:56:01.431 [FXGL Background Thread 4 ] INFO  FXGLApplication      - Game initialization took: 0,824 sec
21:56:01.431 [JavaFX Application Thread] DEBUG Input                - Clearing active input actions
21:56:01.442 [JavaFX Application Thread] DEBUG GameApplicationServi - Removing overlay from FXGLLoadingScene and adding to GameScene
21:56:01.442 [JavaFX Application Thread] DEBUG PrimaryStageWindow   - FXGLLoadingScene -> GameScene
21:56:06.105 [JavaFX Application Thread] DEBUG FXGLAssetLoaderServi - Loading from file system: file:/C:/Users/Juan/Desktop/Apo%20Integradora%203/NuclearThroneAtomic/src/nuclearthroneatomic/target/classes/assets/textures/Bullet/1.png
21:56:18.408 [JavaFX Application Thread] DEBUG FXGLApplication      - Exiting FXGL
21:56:18.409 [JavaFX Application Thread] DEBUG LoopRunner           - Stopping loop
21:56:18.409 [JavaFX Application Thread] DEBUG SystemBundleService  - Saving FXGL system data
21:56:19.046 [JavaFX Application Thread] DEBUG FileSystemAccess     - Writing to: C:\Users\Juan\Desktop\Apo Integradora 3\NuclearThroneAtomic\src\nuclearthroneatomic\system\fxgl.bundle
21:56:19.049 [JavaFX Application Thread] DEBUG Async                - Shutting down background threads
21:56:19.049 [JavaFX Application Thread] DEBUG PrimaryStageWindow   - Closing main window
21:56:19.059 [JavaFX Application Thread] DEBUG Logger               - Closing Logger
