12:06:56.239 [main                     ] DEBUG Logger               - Configured Logger
12:06:56.273 [main                     ] DEBUG GameApplication      - Logging settings
Title: Nuclear Throne Atomic
Version: 0.0
Width: 800
Height: 600
Fullscreen: true
Intro: false
Profiling: false
Single step:false
App Mode: DEVELOPER
Menu Key: ESCAPE
Stage Style: DECORATED
Scene Factory: class com.almasb.fxgl.app.scene.SceneFactory

12:06:56.789 [JavaFX Application Thread] DEBUG FXGLApplication      - Initializing FXGL
12:06:56.797 [JavaFX Application Thread] INFO  Engine               - FXGL-17.2 (20.08.2022 16.50) on WINDOWS (J:19.0.2 FX:19.0.2.1)
12:06:56.797 [JavaFX Application Thread] DEBUG Engine               - JRE Vendor Name: Oracle Corporation
12:06:56.798 [JavaFX Application Thread] DEBUG Engine               - Running on OS: Windows 10 version 10.0
12:06:56.798 [JavaFX Application Thread] DEBUG Engine               - Architecture: amd64
12:06:56.798 [JavaFX Application Thread] INFO  Engine               - Source code and latest versions at: https://github.com/AlmasB/FXGL
12:06:56.798 [JavaFX Application Thread] INFO  Engine               -       Ask questions and discuss at: https://github.com/AlmasB/FXGL/discussions
12:06:56.798 [JavaFX Application Thread] INFO  Engine               -              Join the FXGL chat at: https://gitter.im/AlmasB/FXGL
12:06:56.976 [JavaFX Application Thread] DEBUG PrimaryStageWindow   - Creating a JavaFX scene
12:06:57.093 [JavaFX Application Thread] DEBUG PrimaryStageWindow   - Target settings size: 800.0 x 600.0
12:06:57.093 [JavaFX Application Thread] DEBUG PrimaryStageWindow   - Scaled scene size:    800.0 x 600.0
12:06:57.094 [JavaFX Application Thread] DEBUG PrimaryStageWindow   - Scaled ratio: (1.0, 1.0)
12:06:57.096 [JavaFX Application Thread] DEBUG PrimaryStageWindow   - Set initial scene to FXGLStartupScene
12:06:57.104 [JavaFX Application Thread] DEBUG PrimaryStageWindow   - Opening main window
12:06:57.308 [JavaFX Application Thread] DEBUG PrimaryStageWindow   - Window border size: (16.0, 39.0)
12:06:57.308 [JavaFX Application Thread] DEBUG PrimaryStageWindow   - Scaled size: 800.0 x 600.0
12:06:57.309 [JavaFX Application Thread] DEBUG PrimaryStageWindow   - Scaled ratio: (1.0, 1.0)
12:06:57.309 [JavaFX Application Thread] DEBUG PrimaryStageWindow   - Scene size: 800.0 x 600.0
12:06:57.309 [JavaFX Application Thread] DEBUG PrimaryStageWindow   - Stage size: 816.0 x 639.0
12:06:57.493 [JavaFX Application Thread] DEBUG PrimaryStageWindow   - Going fullscreen
12:06:57.520 [FXGL Background Thread 1 ] DEBUG Engine               - Initializing environment variables
12:06:57.643 [FXGL Background Thread 1 ] DEBUG FXGLAssetLoaderServi - User app class for loading assets: class com.example.nuclearthroneatomic.Controller
12:06:57.644 [FXGL Background Thread 1 ] DEBUG GameApplicationServi - Applying CSS: fxgl_dark.css
12:06:57.647 [FXGL Background Thread 1 ] DEBUG FXGLAssetLoaderServi - Loading from file system: jar:file:///C:/Users/Juan/.m2/repository/com/github/almasb/fxgl/17.2/fxgl-17.2.jar!/fxglassets/ui/css/fxgl_dark.css
12:06:57.821 [FXGL Background Thread 1 ] DEBUG GameApplicationServi - Initializing application scenes
12:06:58.038 [FXGL Background Thread 1 ] DEBUG GameWorld            - Game world initialized
12:06:58.183 [FXGL Background Thread 1 ] DEBUG PhysicsWorld         - Physics world initialized: appHeight=600, physics.ppm=50,0
12:06:58.184 [FXGL Background Thread 1 ] DEBUG PhysicsWorld         - Using strategy: BRUTE_FORCE
12:06:58.190 [FXGL Background Thread 1 ] DEBUG GameScene            - Game scene initialized: 800x600
12:06:58.225 [FXGL Background Thread 1 ] DEBUG FXGL.DefaultMenu     - createMenuBodyMainMenu()
12:06:58.258 [FXGL Background Thread 1 ] DEBUG FXGL.DefaultMenu     - createOptionsMenu()
12:06:58.276 [FXGL Background Thread 1 ] DEBUG FXGL.DefaultMenu     - createExtraMenu()
12:06:58.302 [FXGL Background Thread 1 ] DEBUG FXGLAssetLoaderServi - Loading from file system: jar:file:///C:/Users/Juan/.m2/repository/com/github/almasb/fxgl/17.2/fxgl-17.2.jar!/fxglassets/textures/particles/smoke.png
12:06:58.507 [FXGL Background Thread 1 ] DEBUG FXGLAssetLoaderServi - Loading from file system: jar:file:///C:/Users/Juan/.m2/repository/com/github/almasb/fxgl/17.2/fxgl-17.2.jar!/fxglassets/textures/particles/trace_horizontal.png
12:06:58.555 [FXGL Background Thread 1 ] DEBUG FXGL.DefaultMenu     - createMenuBodyGameMenu()
12:06:58.557 [FXGL Background Thread 1 ] DEBUG FXGL.DefaultMenu     - createOptionsMenu()
12:06:58.560 [FXGL Background Thread 1 ] DEBUG FXGL.DefaultMenu     - createExtraMenu()
12:06:58.603 [FXGL Background Thread 1 ] DEBUG GameApplicationServi - Application scenes initialized
12:06:58.642 [FXGL Background Thread 1 ] DEBUG SystemBundleService  - Loading FXGL system data
12:06:58.655 [FXGL Background Thread 1 ] DEBUG FileSystemAccess     - Reading from: C:\Users\Juan\Desktop\APOOOO\NuclearThroneAtomic\src\nuclearthroneatomic\system\fxgl.bundle
12:06:58.683 [FXGL Background Thread 1 ] DEBUG SystemBundleService  - Bundle FXGL: {}
12:06:58.684 [FXGL Background Thread 1 ] DEBUG UpdaterService       - Checking for updates
12:06:58.690 [FXGL Background Thread 4 ] DEBUG FXGLApplication      - Loading fonts
12:06:58.692 [FXGL Background Thread 1 ] DEBUG FXGLApplication      - Loading default localization
12:06:58.692 [FXGL Background Thread 1 ] DEBUG FXGLAssetLoaderServi - Loading from file system: jar:file:///C:/Users/Juan/.m2/repository/com/github/almasb/fxgl/17.2/fxgl-17.2.jar!/fxglassets/languages/english.lang
12:06:58.692 [FXGL Background Thread 4 ] DEBUG FXGLAssetLoaderServi - Loading from file system: jar:file:///C:/Users/Juan/.m2/repository/com/github/almasb/fxgl/17.2/fxgl-17.2.jar!/fxglassets/ui/fonts/VarelaRound-Regular.ttf
12:06:58.725 [FXGL Background Thread 1 ] INFO  FXGLApplication      - FXGL initialization took: 1,205 sec
12:06:58.743 [JavaFX Application Thread] DEBUG Input                - Registered new binding: lucky - Q
12:06:58.743 [JavaFX Application Thread] DEBUG Input                - Registered new binding: health - F
12:06:58.744 [JavaFX Application Thread] DEBUG Input                - Registered new binding: Right - D
12:06:58.744 [JavaFX Application Thread] DEBUG Input                - Registered new binding: Left - A
12:06:58.744 [JavaFX Application Thread] DEBUG Input                - Registered new binding: Up - W
12:06:58.744 [JavaFX Application Thread] DEBUG Input                - Registered new binding: Down - S
12:06:58.749 [JavaFX Application Thread] DEBUG Input                - Registered new binding: Reload - RMB
12:06:58.749 [JavaFX Application Thread] DEBUG Input                - Registered new binding: Shoot - LMB
12:06:58.750 [JavaFX Application Thread] DEBUG FXGLAssetLoaderServi - Loading from file system: file:/C:/Users/Juan/Desktop/APOOOO/NuclearThroneAtomic/src/nuclearthroneatomic/target/classes/assets/music/muiscformenus.mp3
12:06:58.854 [FXGL Background Thread 4 ] DEBUG FXGLAssetLoaderServi - Loading from file system: jar:file:///C:/Users/Juan/.m2/repository/com/github/almasb/fxgl/17.2/fxgl-17.2.jar!/fxglassets/ui/fonts/Abel-Regular.ttf
12:06:58.860 [FXGL Background Thread 4 ] DEBUG FXGLAssetLoaderServi - Loading from file system: jar:file:///C:/Users/Juan/.m2/repository/com/github/almasb/fxgl/17.2/fxgl-17.2.jar!/fxglassets/ui/fonts/TerminalLandMono-Regular.otf
12:06:58.871 [FXGL Background Thread 4 ] DEBUG FXGLAssetLoaderServi - Loading from file system: jar:file:///C:/Users/Juan/.m2/repository/com/github/almasb/fxgl/17.2/fxgl-17.2.jar!/fxglassets/ui/fonts/Courier-Prime.ttf
12:06:59.056 [JavaFX Application Thread] DEBUG AudioPlayer          - Playing music com.almasb.fxgl.audio.Music@703cf161
12:06:59.057 [JavaFX Application Thread] DEBUG FXGLAssetLoaderServi - Loading from file system: jar:file:///C:/Users/Juan/.m2/repository/com/github/almasb/fxgl/17.2/fxgl-17.2.jar!/fxglassets/textures/fxgl_icon.png
12:06:59.089 [JavaFX Application Thread] DEBUG FXGLAssetLoaderServi - Loading from file system: jar:file:///C:/Users/Juan/.m2/repository/com/github/almasb/fxgl/17.2/fxgl-17.2.jar!/fxglassets/textures/fxgl_default_cursor.png
12:06:59.092 [JavaFX Application Thread] DEBUG Input                - Registered new binding: Screenshot - CTRL+8
12:06:59.093 [JavaFX Application Thread] DEBUG Input                - Registered new binding: System info dump - CTRL+9
12:06:59.093 [JavaFX Application Thread] DEBUG Input                - Registered new binding: Restart - CTRL+R
12:06:59.094 [JavaFX Application Thread] DEBUG Input                - Registered new binding: Toggle Debug Camera - CTRL+7
12:06:59.103 [JavaFX Application Thread] DEBUG LoopRunner           - Starting loop
12:06:59.103 [JavaFX Application Thread] DEBUG LoopRunner           - Initializing JavaFX AnimationTimerLoop
12:06:59.110 [JavaFX Application Thread] DEBUG Input                - Clearing active input actions
12:06:59.137 [JavaFX Application Thread] DEBUG GameApplicationServi - Removing overlay from FXGLStartupScene and adding to FXGLMainMenuDummyScene
12:06:59.137 [JavaFX Application Thread] DEBUG PrimaryStageWindow   - FXGLStartupScene -> FXGLMainMenuDummyScene
12:06:59.138 [JavaFX Application Thread] DEBUG PrimaryStageWindow   - Push state: FXGLDefaultMenu
12:06:59.144 [JavaFX Application Thread] DEBUG Input                - Clearing active input actions
12:06:59.177 [JavaFX Application Thread] DEBUG GameApplicationServi - Removing overlay from FXGLMainMenuDummyScene and adding to FXGLDefaultMenu
12:06:59.178 [JavaFX Application Thread] DEBUG PrimaryStageWindow   - FXGLMainMenuDummyScene -> FXGLDefaultMenu
12:06:59.203 [JavaFX Application Thread] DEBUG FXGLApplication      - Registering font factories with UI factory
12:07:00.608 [FXGL Background Thread 2 ] INFO  UpdaterService       - Your current version:  17.2
12:07:00.609 [FXGL Background Thread 2 ] INFO  UpdaterService       - Latest stable version: 17.3
12:07:01.318 [JavaFX Application Thread] DEBUG Menu                 - fireExit()
12:07:01.323 [JavaFX Application Thread] DEBUG PrimaryStageWindow   - Push state: DialogSubScene
12:07:01.324 [JavaFX Application Thread] DEBUG Input                - Clearing active input actions
12:07:01.325 [JavaFX Application Thread] DEBUG GameApplicationServi - Removing overlay from FXGLDefaultMenu and adding to DialogSubScene
12:07:01.326 [JavaFX Application Thread] DEBUG PrimaryStageWindow   - FXGLDefaultMenu -> DialogSubScene
12:07:01.689 [FXGL Background Thread 3 ] DEBUG Engine               - Logging environment variables
12:07:01.690 [FXGL Background Thread 3 ] DEBUG Engine               - achievements: []
12:07:01.690 [FXGL Background Thread 3 ] DEBUG Engine               - actualHeight: 768.0
12:07:01.690 [FXGL Background Thread 3 ] DEBUG Engine               - actualHeightProperty: ReadOnlyDoubleProperty [value: 768.0]
12:07:01.690 [FXGL Background Thread 3 ] DEBUG Engine               - actualWidth: 1366.0
12:07:01.690 [FXGL Background Thread 3 ] DEBUG Engine               - actualWidthProperty: ReadOnlyDoubleProperty [value: 1366.0]
12:07:01.691 [FXGL Background Thread 3 ] DEBUG Engine               - appIcon: fxgl_icon.png
12:07:01.691 [FXGL Background Thread 3 ] DEBUG Engine               - applicationMode: DEVELOPER
12:07:01.691 [FXGL Background Thread 3 ] DEBUG Engine               - cSSList: [fxgl_dark.css]
12:07:01.691 [FXGL Background Thread 3 ] DEBUG Engine               - collisionDetectionStrategy: BRUTE_FORCE
12:07:01.691 [FXGL Background Thread 3 ] DEBUG Engine               - configClass: Optional.empty
12:07:01.691 [FXGL Background Thread 3 ] DEBUG Engine               - credits: [Designer . . . . . . . Johan Daniel Aguirre, Program Team . . . . . . Juan Sebastián Libreros,                           Juan Jose Barrera,                           Johan Daniel Aguirre, El mas lindo . . . . . . Juan Sebastián Libreros, Master Thief . . . . . . Johan Daniel Aguirre]
12:07:01.692 [FXGL Background Thread 3 ] DEBUG Engine               - defaultCursor: CursorInfo(imageName=fxgl_default_cursor.png, hotspotX=7.0, hotspotY=6.0)
12:07:01.692 [FXGL Background Thread 3 ] DEBUG Engine               - devBBoxColorProperty: ObjectProperty [value: 0xff0000ff]
12:07:01.692 [FXGL Background Thread 3 ] DEBUG Engine               - devEnableDebugCameraProperty: BooleanProperty [value: false]
12:07:01.692 [FXGL Background Thread 3 ] DEBUG Engine               - devSensorColorProperty: ObjectProperty [value: 0xffff00ff]
12:07:01.692 [FXGL Background Thread 3 ] DEBUG Engine               - devShowBBoxProperty: BooleanProperty [value: false]
12:07:01.692 [FXGL Background Thread 3 ] DEBUG Engine               - devShowPositionProperty: BooleanProperty [value: false]
12:07:01.692 [FXGL Background Thread 3 ] DEBUG Engine               - enabledMenuItems: [EXTRA]
12:07:01.693 [FXGL Background Thread 3 ] DEBUG Engine               - engineServices: [class com.almasb.fxgl.app.services.FXGLAssetLoaderService, class com.almasb.fxgl.app.FXGLApplication$GameApplicationService, class com.almasb.fxgl.app.services.FXGLDialogService, class com.almasb.fxgl.app.services.IOTaskExecutorService, class com.almasb.fxgl.io.FileSystemService, class com.almasb.fxgl.localization.LocalizationService, class com.almasb.fxgl.app.services.SystemBundleService, class com.almasb.fxgl.profile.SaveLoadService, class com.almasb.fxgl.ui.FXGLUIFactoryServiceProvider, class com.almasb.fxgl.ui.FXGLDialogFactoryServiceProvider, class com.almasb.fxgl.audio.AudioPlayer, class com.almasb.fxgl.notification.impl.NotificationServiceProvider, class com.almasb.fxgl.achievement.AchievementService, class com.almasb.fxgl.cutscene.CutsceneService, class com.almasb.fxgl.minigames.MiniGameService, class com.almasb.fxgl.net.NetService, class com.almasb.fxgl.app.services.UpdaterService, class com.almasb.fxgl.dev.DevService]
12:07:01.693 [FXGL Background Thread 3 ] DEBUG Engine               - fontGame: Abel-Regular.ttf
12:07:01.694 [FXGL Background Thread 3 ] DEBUG Engine               - fontMono: TerminalLandMono-Regular.otf
12:07:01.694 [FXGL Background Thread 3 ] DEBUG Engine               - fontText: Courier-Prime.ttf
12:07:01.694 [FXGL Background Thread 3 ] DEBUG Engine               - fontUI: VarelaRound-Regular.ttf
12:07:01.694 [FXGL Background Thread 3 ] DEBUG Engine               - fullScreen: BooleanProperty [value: true]
12:07:01.694 [FXGL Background Thread 3 ] DEBUG Engine               - gameDifficulty: MEDIUM
12:07:01.694 [FXGL Background Thread 3 ] DEBUG Engine               - gameDifficultyProperty: ObjectProperty [value: MEDIUM]
12:07:01.694 [FXGL Background Thread 3 ] DEBUG Engine               - globalMusicVolume: 0.5
12:07:01.694 [FXGL Background Thread 3 ] DEBUG Engine               - globalMusicVolumeProperty: DoubleProperty [value: 1.0]
12:07:01.694 [FXGL Background Thread 3 ] DEBUG Engine               - globalSoundVolume: 0.5
12:07:01.694 [FXGL Background Thread 3 ] DEBUG Engine               - globalSoundVolumeProperty: DoubleProperty [value: 0.1]
12:07:01.694 [FXGL Background Thread 3 ] DEBUG Engine               - height: 600
12:07:01.695 [FXGL Background Thread 3 ] DEBUG Engine               - is3D: false
12:07:01.695 [FXGL Background Thread 3 ] DEBUG Engine               - isAndroid: false
12:07:01.695 [FXGL Background Thread 3 ] DEBUG Engine               - isBrowser: false
12:07:01.695 [FXGL Background Thread 3 ] DEBUG Engine               - isClickFeedbackEnabled: false
12:07:01.696 [FXGL Background Thread 3 ] DEBUG Engine               - isCloseConfirmation: false
12:07:01.696 [FXGL Background Thread 3 ] DEBUG Engine               - isDesktop: true
12:07:01.696 [FXGL Background Thread 3 ] DEBUG Engine               - isDeveloperMenuEnabled: false
12:07:01.696 [FXGL Background Thread 3 ] DEBUG Engine               - isEmbedded: false
12:07:01.696 [FXGL Background Thread 3 ] DEBUG Engine               - isEntityPreloadEnabled: true
12:07:01.696 [FXGL Background Thread 3 ] DEBUG Engine               - isExperimentalTiledLargeMap: false
12:07:01.696 [FXGL Background Thread 3 ] DEBUG Engine               - isFileSystemWriteAllowed: true
12:07:01.696 [FXGL Background Thread 3 ] DEBUG Engine               - isFullScreenAllowed: true
12:07:01.696 [FXGL Background Thread 3 ] DEBUG Engine               - isFullScreenFromStart: true
12:07:01.696 [FXGL Background Thread 3 ] DEBUG Engine               - isGameMenuEnabled: true
12:07:01.696 [FXGL Background Thread 3 ] DEBUG Engine               - isIOS: false
12:07:01.696 [FXGL Background Thread 3 ] DEBUG Engine               - isIntroEnabled: false
12:07:01.696 [FXGL Background Thread 3 ] DEBUG Engine               - isLinux: false
12:07:01.696 [FXGL Background Thread 3 ] DEBUG Engine               - isMac: false
12:07:01.697 [FXGL Background Thread 3 ] DEBUG Engine               - isMainMenuEnabled: true
12:07:01.697 [FXGL Background Thread 3 ] DEBUG Engine               - isManualResizeEnabled: false
12:07:01.697 [FXGL Background Thread 3 ] DEBUG Engine               - isMobile: false
12:07:01.697 [FXGL Background Thread 3 ] DEBUG Engine               - isNative: false
12:07:01.697 [FXGL Background Thread 3 ] DEBUG Engine               - isPauseMusicWhenMinimized: true
12:07:01.697 [FXGL Background Thread 3 ] DEBUG Engine               - isPreserveResizeRatio: false
12:07:01.697 [FXGL Background Thread 3 ] DEBUG Engine               - isProfilingEnabled: false
12:07:01.697 [FXGL Background Thread 3 ] DEBUG Engine               - isScaleAffectedOnResize: true
12:07:01.697 [FXGL Background Thread 3 ] DEBUG Engine               - isSingleStep: false
12:07:01.697 [FXGL Background Thread 3 ] DEBUG Engine               - isUserProfileEnabled: false
12:07:01.697 [FXGL Background Thread 3 ] DEBUG Engine               - isWindows: true
12:07:01.697 [FXGL Background Thread 3 ] DEBUG Engine               - language: ObjectProperty [value: ENGLISH]
12:07:01.697 [FXGL Background Thread 3 ] DEBUG Engine               - menuKey: ESCAPE
12:07:01.697 [FXGL Background Thread 3 ] DEBUG Engine               - mouseSensitivity: 0.2
12:07:01.697 [FXGL Background Thread 3 ] DEBUG Engine               - notificationViewClass: class com.almasb.fxgl.notification.view.XboxNotificationView
12:07:01.697 [FXGL Background Thread 3 ] DEBUG Engine               - pixelsPerMeter: 50.0
12:07:01.697 [FXGL Background Thread 3 ] DEBUG Engine               - platform: WINDOWS
12:07:01.697 [FXGL Background Thread 3 ] DEBUG Engine               - prefHeightProperty: ReadOnlyDoubleProperty [value: 600.0]
12:07:01.698 [FXGL Background Thread 3 ] DEBUG Engine               - prefWidthProperty: ReadOnlyDoubleProperty [value: 800.0]
12:07:01.698 [FXGL Background Thread 3 ] DEBUG Engine               - profileDir: profiles/
12:07:01.698 [FXGL Background Thread 3 ] DEBUG Engine               - profileName: StringProperty [value: DEFAULT]
12:07:01.698 [FXGL Background Thread 3 ] DEBUG Engine               - randomSeed: -1
12:07:01.698 [FXGL Background Thread 3 ] DEBUG Engine               - runtimeInfo: RuntimeInfo(platform=WINDOWS, version=17.2, build=20.08.2022 16.50)
12:07:01.698 [FXGL Background Thread 3 ] DEBUG Engine               - saveFileExt: sav
12:07:01.698 [FXGL Background Thread 3 ] DEBUG Engine               - scaledHeightProp$fxgl: DoubleProperty [bound, value: 768.0]
12:07:01.698 [FXGL Background Thread 3 ] DEBUG Engine               - scaledWidthProp$fxgl: DoubleProperty [bound, value: 1366.0]
12:07:01.698 [FXGL Background Thread 3 ] DEBUG Engine               - sceneFactory: com.almasb.fxgl.app.scene.SceneFactory@7e8a155f
12:07:01.698 [FXGL Background Thread 3 ] DEBUG Engine               - secondsIn24h: 60
12:07:01.699 [FXGL Background Thread 3 ] DEBUG Engine               - soundMenuBack: menu/back.wav
12:07:01.699 [FXGL Background Thread 3 ] DEBUG Engine               - soundMenuPress: menu/press.wav
12:07:01.699 [FXGL Background Thread 3 ] DEBUG Engine               - soundMenuSelect: menu/select.wav
12:07:01.699 [FXGL Background Thread 3 ] DEBUG Engine               - soundNotification: core/notification.wav
12:07:01.699 [FXGL Background Thread 3 ] DEBUG Engine               - stageStyle: DECORATED
12:07:01.699 [FXGL Background Thread 3 ] DEBUG Engine               - supportedLanguages: [ENGLISH, FRENCH, GERMAN, HUNGARIAN, RUSSIAN]
12:07:01.699 [FXGL Background Thread 3 ] DEBUG Engine               - ticksPerSecond: -1
12:07:01.699 [FXGL Background Thread 3 ] DEBUG Engine               - title: Nuclear Throne Atomic
12:07:01.699 [FXGL Background Thread 3 ] DEBUG Engine               - urlGithub: https://github.com/AlmasB/FXGL
12:07:01.699 [FXGL Background Thread 3 ] DEBUG Engine               - urlLeaderboard: http://fxgl-top.herokuapp.com/
12:07:01.699 [FXGL Background Thread 3 ] DEBUG Engine               - urlPOM: https://raw.githubusercontent.com/AlmasB/FXGL/release/README.md
12:07:01.699 [FXGL Background Thread 3 ] DEBUG Engine               - userAppClass: class com.example.nuclearthroneatomic.Controller
12:07:01.699 [FXGL Background Thread 3 ] DEBUG Engine               - version: 0.0
12:07:01.699 [FXGL Background Thread 3 ] DEBUG Engine               - versionCheckDays: 7
12:07:01.699 [FXGL Background Thread 3 ] DEBUG Engine               - width: 800
12:07:01.699 [FXGL Background Thread 3 ] DEBUG Engine               - Logging services
12:07:01.699 [FXGL Background Thread 3 ] DEBUG Engine               - class com.almasb.fxgl.app.services.FXGLAssetLoaderService
12:07:01.699 [FXGL Background Thread 3 ] DEBUG Engine               - class com.almasb.fxgl.app.FXGLApplication$GameApplicationService
12:07:01.699 [FXGL Background Thread 3 ] DEBUG Engine               - class com.almasb.fxgl.app.services.FXGLDialogService
12:07:01.699 [FXGL Background Thread 3 ] DEBUG Engine               - class com.almasb.fxgl.app.services.IOTaskExecutorService
12:07:01.699 [FXGL Background Thread 3 ] DEBUG Engine               - class com.almasb.fxgl.io.FileSystemService
12:07:01.700 [FXGL Background Thread 3 ] DEBUG Engine               - class com.almasb.fxgl.localization.LocalizationService
12:07:01.700 [FXGL Background Thread 3 ] DEBUG Engine               - class com.almasb.fxgl.app.services.SystemBundleService
12:07:01.700 [FXGL Background Thread 3 ] DEBUG Engine               - class com.almasb.fxgl.profile.SaveLoadService
12:07:01.700 [FXGL Background Thread 3 ] DEBUG Engine               - class com.almasb.fxgl.ui.FXGLUIFactoryServiceProvider
12:07:01.700 [FXGL Background Thread 3 ] DEBUG Engine               - class com.almasb.fxgl.ui.FXGLDialogFactoryServiceProvider
12:07:01.700 [FXGL Background Thread 3 ] DEBUG Engine               - class com.almasb.fxgl.audio.AudioPlayer
12:07:01.700 [FXGL Background Thread 3 ] DEBUG Engine               - class com.almasb.fxgl.notification.impl.NotificationServiceProvider
12:07:01.700 [FXGL Background Thread 3 ] DEBUG Engine               - class com.almasb.fxgl.achievement.AchievementService
12:07:01.700 [FXGL Background Thread 3 ] DEBUG Engine               - class com.almasb.fxgl.cutscene.CutsceneService
12:07:01.700 [FXGL Background Thread 3 ] DEBUG Engine               - class com.almasb.fxgl.minigames.MiniGameService
12:07:01.700 [FXGL Background Thread 3 ] DEBUG Engine               - class com.almasb.fxgl.net.NetService
12:07:01.700 [FXGL Background Thread 3 ] DEBUG Engine               - class com.almasb.fxgl.app.services.UpdaterService
12:07:01.700 [FXGL Background Thread 3 ] DEBUG Engine               - class com.almasb.fxgl.dev.DevService
12:07:02.254 [JavaFX Application Thread] DEBUG PrimaryStageWindow   - Pop state: DialogSubScene
12:07:02.254 [JavaFX Application Thread] DEBUG Input                - Clearing active input actions
12:07:02.255 [JavaFX Application Thread] DEBUG GameApplicationServi - Removing overlay from DialogSubScene and adding to FXGLDefaultMenu
12:07:02.256 [JavaFX Application Thread] DEBUG PrimaryStageWindow   - FXGLDefaultMenu <- DialogSubScene
12:07:05.822 [JavaFX Application Thread] DEBUG Menu                 - fireExit()
12:07:05.825 [JavaFX Application Thread] DEBUG PrimaryStageWindow   - Push state: DialogSubScene
12:07:05.826 [JavaFX Application Thread] DEBUG Input                - Clearing active input actions
12:07:05.827 [JavaFX Application Thread] DEBUG GameApplicationServi - Removing overlay from FXGLDefaultMenu and adding to DialogSubScene
12:07:05.828 [JavaFX Application Thread] DEBUG PrimaryStageWindow   - FXGLDefaultMenu -> DialogSubScene
12:07:06.566 [JavaFX Application Thread] DEBUG PrimaryStageWindow   - Pop state: DialogSubScene
12:07:06.566 [JavaFX Application Thread] DEBUG Input                - Clearing active input actions
12:07:06.568 [JavaFX Application Thread] DEBUG GameApplicationServi - Removing overlay from DialogSubScene and adding to FXGLDefaultMenu
12:07:06.568 [JavaFX Application Thread] DEBUG PrimaryStageWindow   - FXGLDefaultMenu <- DialogSubScene
12:07:06.569 [JavaFX Application Thread] DEBUG FXGLApplication      - Exiting FXGL
12:07:06.569 [JavaFX Application Thread] DEBUG LoopRunner           - Stopping loop
12:07:06.569 [JavaFX Application Thread] DEBUG SystemBundleService  - Saving FXGL system data
12:07:06.574 [JavaFX Application Thread] DEBUG FileSystemAccess     - Writing to: C:\Users\Juan\Desktop\APOOOO\NuclearThroneAtomic\src\nuclearthroneatomic\system\fxgl.bundle
12:07:06.580 [JavaFX Application Thread] DEBUG Async                - Shutting down background threads
12:07:06.580 [JavaFX Application Thread] DEBUG PrimaryStageWindow   - Closing main window
12:07:06.608 [JavaFX Application Thread] DEBUG Logger               - Closing Logger
