20:14:41.274 [main                     ] DEBUG Logger               - Configured Logger
20:14:41.329 [main                     ] DEBUG GameApplication      - Logging settings
Title: Nuclear Throne Atomic
Version: 0.0
Width: 800
Height: 600
Fullscreen: true
Intro: false
Profiling: false
Single step:false
App Mode: DEVELOPER
Menu Key: ESCAPE
Stage Style: DECORATED
Scene Factory: class com.almasb.fxgl.app.scene.SceneFactory

20:14:42.509 [JavaFX Application Thread] DEBUG FXGLApplication      - Initializing FXGL
20:14:42.521 [JavaFX Application Thread] INFO  Engine               - FXGL-17.2 (20.08.2022 16.50) on WINDOWS (J:20.0.1 FX:19.0.2.1)
20:14:42.521 [JavaFX Application Thread] DEBUG Engine               - JRE Vendor Name: Oracle Corporation
20:14:42.522 [JavaFX Application Thread] DEBUG Engine               - Running on OS: Windows 10 version 10.0
20:14:42.522 [JavaFX Application Thread] DEBUG Engine               - Architecture: amd64
20:14:42.523 [JavaFX Application Thread] INFO  Engine               - Source code and latest versions at: https://github.com/AlmasB/FXGL
20:14:42.523 [JavaFX Application Thread] INFO  Engine               -       Ask questions and discuss at: https://github.com/AlmasB/FXGL/discussions
20:14:42.523 [JavaFX Application Thread] INFO  Engine               -              Join the FXGL chat at: https://gitter.im/AlmasB/FXGL
20:14:42.686 [JavaFX Application Thread] DEBUG PrimaryStageWindow   - Creating a JavaFX scene
20:14:42.775 [JavaFX Application Thread] DEBUG PrimaryStageWindow   - Target settings size: 800.0 x 600.0
20:14:42.775 [JavaFX Application Thread] DEBUG PrimaryStageWindow   - Scaled scene size:    800.0 x 600.0
20:14:42.776 [JavaFX Application Thread] DEBUG PrimaryStageWindow   - Scaled ratio: (1.0, 1.0)
20:14:42.777 [JavaFX Application Thread] DEBUG PrimaryStageWindow   - Set initial scene to FXGLStartupScene
20:14:42.788 [JavaFX Application Thread] DEBUG PrimaryStageWindow   - Opening main window
20:14:42.923 [JavaFX Application Thread] DEBUG PrimaryStageWindow   - Window border size: (16.0, 39.0)
20:14:42.924 [JavaFX Application Thread] DEBUG PrimaryStageWindow   - Scaled size: 800.0 x 600.0
20:14:42.924 [JavaFX Application Thread] DEBUG PrimaryStageWindow   - Scaled ratio: (1.0, 1.0)
20:14:42.925 [JavaFX Application Thread] DEBUG PrimaryStageWindow   - Scene size: 800.0 x 600.0
20:14:42.926 [JavaFX Application Thread] DEBUG PrimaryStageWindow   - Stage size: 816.0 x 639.0
20:14:43.009 [JavaFX Application Thread] DEBUG PrimaryStageWindow   - Going fullscreen
20:14:43.026 [FXGL Background Thread 1 ] DEBUG Engine               - Initializing environment variables
20:14:43.122 [FXGL Background Thread 1 ] DEBUG FXGLAssetLoaderServi - User app class for loading assets: class com.example.nuclearthroneatomic.Controller
20:14:43.122 [FXGL Background Thread 1 ] DEBUG GameApplicationServi - Applying CSS: fxgl_dark.css
20:14:43.124 [FXGL Background Thread 1 ] DEBUG FXGLAssetLoaderServi - Loading from file system: jar:file:///C:/Users/Usuario/.m2/repository/com/github/almasb/fxgl/17.2/fxgl-17.2.jar!/fxglassets/ui/css/fxgl_dark.css
20:14:43.195 [FXGL Background Thread 1 ] DEBUG GameApplicationServi - Initializing application scenes
20:14:43.277 [FXGL Background Thread 1 ] DEBUG GameWorld            - Game world initialized
20:14:43.416 [FXGL Background Thread 1 ] DEBUG PhysicsWorld         - Physics world initialized: appHeight=600, physics.ppm=50,0
20:14:43.417 [FXGL Background Thread 1 ] DEBUG PhysicsWorld         - Using strategy: BRUTE_FORCE
20:14:43.425 [FXGL Background Thread 1 ] DEBUG GameScene            - Game scene initialized: 800x600
20:14:43.455 [FXGL Background Thread 1 ] DEBUG FXGL.DefaultMenu     - createMenuBodyMainMenu()
20:14:43.485 [FXGL Background Thread 1 ] DEBUG FXGL.DefaultMenu     - createOptionsMenu()
20:14:43.495 [FXGL Background Thread 1 ] DEBUG FXGL.DefaultMenu     - createExtraMenu()
20:14:43.510 [FXGL Background Thread 1 ] DEBUG FXGLAssetLoaderServi - Loading from file system: jar:file:///C:/Users/Usuario/.m2/repository/com/github/almasb/fxgl/17.2/fxgl-17.2.jar!/fxglassets/textures/particles/smoke.png
20:14:43.653 [FXGL Background Thread 1 ] DEBUG FXGLAssetLoaderServi - Loading from file system: jar:file:///C:/Users/Usuario/.m2/repository/com/github/almasb/fxgl/17.2/fxgl-17.2.jar!/fxglassets/textures/particles/trace_horizontal.png
20:14:43.699 [FXGL Background Thread 1 ] DEBUG FXGL.DefaultMenu     - createMenuBodyGameMenu()
20:14:43.701 [FXGL Background Thread 1 ] DEBUG FXGL.DefaultMenu     - createOptionsMenu()
20:14:43.703 [FXGL Background Thread 1 ] DEBUG FXGL.DefaultMenu     - createExtraMenu()
20:14:43.719 [FXGL Background Thread 1 ] DEBUG GameApplicationServi - Application scenes initialized
20:14:43.735 [FXGL Background Thread 1 ] DEBUG SystemBundleService  - Loading FXGL system data
20:14:43.740 [FXGL Background Thread 1 ] DEBUG FileSystemAccess     - Reading from: C:\Users\Usuario\OneDrive - Universidad Icesi (@icesi.edu.co)\APO2\Tareas integradoras\NuclearThroneAtomic\src\nuclearthroneatomic\system\fxgl.bundle
20:14:43.752 [FXGL Background Thread 1 ] DEBUG SystemBundleService  - Bundle FXGL: {}
20:14:43.752 [FXGL Background Thread 1 ] DEBUG UpdaterService       - Checking for updates
20:14:43.758 [FXGL Background Thread 4 ] DEBUG FXGLApplication      - Loading fonts
20:14:43.759 [FXGL Background Thread 1 ] DEBUG FXGLApplication      - Loading default localization
20:14:43.760 [FXGL Background Thread 4 ] DEBUG FXGLAssetLoaderServi - Loading from file system: jar:file:///C:/Users/Usuario/.m2/repository/com/github/almasb/fxgl/17.2/fxgl-17.2.jar!/fxglassets/ui/fonts/VarelaRound-Regular.ttf
20:14:43.761 [FXGL Background Thread 1 ] DEBUG FXGLAssetLoaderServi - Loading from file system: jar:file:///C:/Users/Usuario/.m2/repository/com/github/almasb/fxgl/17.2/fxgl-17.2.jar!/fxglassets/languages/english.lang
20:14:43.792 [FXGL Background Thread 1 ] INFO  FXGLApplication      - FXGL initialization took: 0,766 sec
20:14:43.808 [JavaFX Application Thread] DEBUG Input                - Registered new binding: lucky - Q
20:14:43.808 [JavaFX Application Thread] DEBUG Input                - Registered new binding: health - F
20:14:43.808 [JavaFX Application Thread] DEBUG Input                - Registered new binding: Right - D
20:14:43.809 [JavaFX Application Thread] DEBUG Input                - Registered new binding: Left - A
20:14:43.809 [JavaFX Application Thread] DEBUG Input                - Registered new binding: Up - W
20:14:43.809 [JavaFX Application Thread] DEBUG Input                - Registered new binding: Down - S
20:14:43.811 [JavaFX Application Thread] DEBUG Input                - Registered new binding: Reload - RMB
20:14:43.812 [JavaFX Application Thread] DEBUG Input                - Registered new binding: Shoot - LMB
20:14:43.813 [JavaFX Application Thread] DEBUG FXGLAssetLoaderServi - Loading from file system: file:/C:/Users/Usuario/OneDrive%20-%20Universidad%20Icesi%20(@icesi.edu.co)/APO2/Tareas%20integradoras/NuclearThroneAtomic/src/nuclearthroneatomic/target/classes/assets/music/muiscformenus.mp3
20:14:43.928 [FXGL Background Thread 4 ] DEBUG FXGLAssetLoaderServi - Loading from file system: jar:file:///C:/Users/Usuario/.m2/repository/com/github/almasb/fxgl/17.2/fxgl-17.2.jar!/fxglassets/ui/fonts/Abel-Regular.ttf
20:14:43.935 [FXGL Background Thread 4 ] DEBUG FXGLAssetLoaderServi - Loading from file system: jar:file:///C:/Users/Usuario/.m2/repository/com/github/almasb/fxgl/17.2/fxgl-17.2.jar!/fxglassets/ui/fonts/TerminalLandMono-Regular.otf
20:14:43.945 [FXGL Background Thread 4 ] DEBUG FXGLAssetLoaderServi - Loading from file system: jar:file:///C:/Users/Usuario/.m2/repository/com/github/almasb/fxgl/17.2/fxgl-17.2.jar!/fxglassets/ui/fonts/Courier-Prime.ttf
20:14:44.105 [JavaFX Application Thread] DEBUG AudioPlayer          - Playing music com.almasb.fxgl.audio.Music@781cff85
20:14:44.106 [JavaFX Application Thread] DEBUG FXGLAssetLoaderServi - Loading from file system: jar:file:///C:/Users/Usuario/.m2/repository/com/github/almasb/fxgl/17.2/fxgl-17.2.jar!/fxglassets/textures/fxgl_icon.png
20:14:44.141 [JavaFX Application Thread] DEBUG FXGLAssetLoaderServi - Loading from file system: jar:file:///C:/Users/Usuario/.m2/repository/com/github/almasb/fxgl/17.2/fxgl-17.2.jar!/fxglassets/textures/fxgl_default_cursor.png
20:14:44.147 [JavaFX Application Thread] DEBUG Input                - Registered new binding: Screenshot - CTRL+8
20:14:44.148 [JavaFX Application Thread] DEBUG Input                - Registered new binding: System info dump - CTRL+9
20:14:44.148 [JavaFX Application Thread] DEBUG Input                - Registered new binding: Restart - CTRL+R
20:14:44.149 [JavaFX Application Thread] DEBUG Input                - Registered new binding: Toggle Debug Camera - CTRL+7
20:14:44.153 [JavaFX Application Thread] DEBUG LoopRunner           - Starting loop
20:14:44.154 [JavaFX Application Thread] DEBUG LoopRunner           - Initializing JavaFX AnimationTimerLoop
20:14:44.157 [JavaFX Application Thread] DEBUG Input                - Clearing active input actions
20:14:44.178 [JavaFX Application Thread] DEBUG GameApplicationServi - Removing overlay from FXGLStartupScene and adding to FXGLMainMenuDummyScene
20:14:44.180 [JavaFX Application Thread] DEBUG PrimaryStageWindow   - FXGLStartupScene -> FXGLMainMenuDummyScene
20:14:44.181 [JavaFX Application Thread] DEBUG PrimaryStageWindow   - Push state: FXGLDefaultMenu
20:14:44.188 [JavaFX Application Thread] DEBUG Input                - Clearing active input actions
20:14:44.205 [JavaFX Application Thread] DEBUG GameApplicationServi - Removing overlay from FXGLMainMenuDummyScene and adding to FXGLDefaultMenu
20:14:44.206 [JavaFX Application Thread] DEBUG PrimaryStageWindow   - FXGLMainMenuDummyScene -> FXGLDefaultMenu
20:14:44.206 [JavaFX Application Thread] DEBUG FXGLApplication      - Registering font factories with UI factory
20:14:46.167 [JavaFX Application Thread] DEBUG Menu                 - fireNewGame()
20:14:46.168 [JavaFX Application Thread] DEBUG GameApplicationServi - Starting new game
20:14:46.170 [JavaFX Application Thread] DEBUG PrimaryStageWindow   - Pop state: FXGLDefaultMenu
20:14:46.171 [JavaFX Application Thread] DEBUG Input                - Clearing active input actions
20:14:46.172 [JavaFX Application Thread] DEBUG GameApplicationServi - Removing overlay from FXGLDefaultMenu and adding to FXGLMainMenuDummyScene
20:14:46.173 [JavaFX Application Thread] DEBUG PrimaryStageWindow   - FXGLMainMenuDummyScene <- FXGLDefaultMenu
20:14:46.174 [JavaFX Application Thread] DEBUG Input                - Clearing active input actions
20:14:46.185 [JavaFX Application Thread] DEBUG GameApplicationServi - Removing overlay from FXGLMainMenuDummyScene and adding to FXGLLoadingScene
20:14:46.185 [JavaFX Application Thread] DEBUG PrimaryStageWindow   - FXGLMainMenuDummyScene -> FXGLLoadingScene
20:14:46.185 [JavaFX Application Thread] DEBUG GameApplicationServi - Clearing previous game
20:14:46.185 [JavaFX Application Thread] DEBUG GameScene            - Clearing game scene
20:14:46.185 [JavaFX Application Thread] DEBUG GameWorld            - Clearing game world
20:14:46.185 [JavaFX Application Thread] DEBUG PhysicsWorld         - Clearing physics world
20:14:46.188 [FXGL Background Thread 4 ] DEBUG FXGLApplication      - Initializing game
20:14:46.205 [FXGL Background Thread 4 ] DEBUG FXGLAssetLoaderServi - Loading from file system: file:/C:/Users/Usuario/OneDrive%20-%20Universidad%20Icesi%20(@icesi.edu.co)/APO2/Tareas%20integradoras/NuclearThroneAtomic/src/nuclearthroneatomic/target/classes/assets/textures/Background/libraryYesOMG.png
20:14:46.255 [FXGL Background Thread 4 ] DEBUG FXGLAssetLoaderServi - Loading from file system: file:/C:/Users/Usuario/OneDrive%20-%20Universidad%20Icesi%20(@icesi.edu.co)/APO2/Tareas%20integradoras/NuclearThroneAtomic/src/nuclearthroneatomic/target/classes/assets/textures/Avatar/1-Idle/1.png
20:14:46.262 [FXGL Background Thread 4 ] DEBUG FXGLAssetLoaderServi - Loading from file system: file:/C:/Users/Usuario/OneDrive%20-%20Universidad%20Icesi%20(@icesi.edu.co)/APO2/Tareas%20integradoras/NuclearThroneAtomic/src/nuclearthroneatomic/target/classes/assets/textures/Avatar/1-Idle/2.png
20:14:46.268 [FXGL Background Thread 4 ] DEBUG FXGLAssetLoaderServi - Loading from file system: file:/C:/Users/Usuario/OneDrive%20-%20Universidad%20Icesi%20(@icesi.edu.co)/APO2/Tareas%20integradoras/NuclearThroneAtomic/src/nuclearthroneatomic/target/classes/assets/textures/Avatar/1-Idle/3.png
20:14:46.273 [FXGL Background Thread 4 ] DEBUG FXGLAssetLoaderServi - Loading from file system: file:/C:/Users/Usuario/OneDrive%20-%20Universidad%20Icesi%20(@icesi.edu.co)/APO2/Tareas%20integradoras/NuclearThroneAtomic/src/nuclearthroneatomic/target/classes/assets/textures/Avatar/1-Idle/4.png
20:14:46.308 [FXGL Background Thread 4 ] DEBUG FXGLAssetLoaderServi - Loading from file system: file:/C:/Users/Usuario/OneDrive%20-%20Universidad%20Icesi%20(@icesi.edu.co)/APO2/Tareas%20integradoras/NuclearThroneAtomic/src/nuclearthroneatomic/target/classes/assets/textures/Avatar/2-Run/1.png
20:14:46.310 [FXGL Background Thread 4 ] DEBUG FXGLAssetLoaderServi - Loading from file system: file:/C:/Users/Usuario/OneDrive%20-%20Universidad%20Icesi%20(@icesi.edu.co)/APO2/Tareas%20integradoras/NuclearThroneAtomic/src/nuclearthroneatomic/target/classes/assets/textures/Avatar/2-Run/2.png
20:14:46.315 [FXGL Background Thread 4 ] DEBUG FXGLAssetLoaderServi - Loading from file system: file:/C:/Users/Usuario/OneDrive%20-%20Universidad%20Icesi%20(@icesi.edu.co)/APO2/Tareas%20integradoras/NuclearThroneAtomic/src/nuclearthroneatomic/target/classes/assets/textures/Avatar/2-Run/3.png
20:14:46.319 [FXGL Background Thread 4 ] DEBUG FXGLAssetLoaderServi - Loading from file system: file:/C:/Users/Usuario/OneDrive%20-%20Universidad%20Icesi%20(@icesi.edu.co)/APO2/Tareas%20integradoras/NuclearThroneAtomic/src/nuclearthroneatomic/target/classes/assets/textures/Avatar/2-Run/4.png
20:14:46.324 [FXGL Background Thread 4 ] DEBUG FXGLAssetLoaderServi - Loading from file system: file:/C:/Users/Usuario/OneDrive%20-%20Universidad%20Icesi%20(@icesi.edu.co)/APO2/Tareas%20integradoras/NuclearThroneAtomic/src/nuclearthroneatomic/target/classes/assets/textures/Avatar/2-Run/5.png
20:14:46.328 [FXGL Background Thread 4 ] DEBUG FXGLAssetLoaderServi - Loading from file system: file:/C:/Users/Usuario/OneDrive%20-%20Universidad%20Icesi%20(@icesi.edu.co)/APO2/Tareas%20integradoras/NuclearThroneAtomic/src/nuclearthroneatomic/target/classes/assets/textures/Avatar/2-Run/6.png
20:14:46.336 [FXGL Background Thread 4 ] DEBUG FXGLAssetLoaderServi - Loading from file system: file:/C:/Users/Usuario/OneDrive%20-%20Universidad%20Icesi%20(@icesi.edu.co)/APO2/Tareas%20integradoras/NuclearThroneAtomic/src/nuclearthroneatomic/target/classes/assets/textures/Munition/1.png
20:14:46.388 [FXGL Background Thread 4 ] DEBUG FXGLAssetLoaderServi - Loading from file system: file:/C:/Users/Usuario/OneDrive%20-%20Universidad%20Icesi%20(@icesi.edu.co)/APO2/Tareas%20integradoras/NuclearThroneAtomic/src/nuclearthroneatomic/target/classes/assets/textures/hud/lifeplayer.png
20:14:46.397 [FXGL Background Thread 4 ] DEBUG FXGLAssetLoaderServi - Loading from file system: file:/C:/Users/Usuario/OneDrive%20-%20Universidad%20Icesi%20(@icesi.edu.co)/APO2/Tareas%20integradoras/NuclearThroneAtomic/src/nuclearthroneatomic/target/classes/assets/textures/hud/medkit.png
20:14:46.404 [FXGL Background Thread 4 ] DEBUG FXGLAssetLoaderServi - Loading from file system: file:/C:/Users/Usuario/OneDrive%20-%20Universidad%20Icesi%20(@icesi.edu.co)/APO2/Tareas%20integradoras/NuclearThroneAtomic/src/nuclearthroneatomic/target/classes/assets/textures/hud/trebol.png
20:14:46.410 [FXGL Background Thread 4 ] DEBUG FXGLAssetLoaderServi - Loading from file system: file:/C:/Users/Usuario/OneDrive%20-%20Universidad%20Icesi%20(@icesi.edu.co)/APO2/Tareas%20integradoras/NuclearThroneAtomic/src/nuclearthroneatomic/target/classes/assets/textures/Guns/hand.png
20:14:46.431 [FXGL Background Thread 4 ] DEBUG FXGLAssetLoaderServi - Loading from file system: file:/C:/Users/Usuario/OneDrive%20-%20Universidad%20Icesi%20(@icesi.edu.co)/APO2/Tareas%20integradoras/NuclearThroneAtomic/src/nuclearthroneatomic/target/classes/assets/textures/Guns/2.png
20:14:46.438 [FXGL Background Thread 4 ] DEBUG FXGLAssetLoaderServi - Loading from file system: file:/C:/Users/Usuario/OneDrive%20-%20Universidad%20Icesi%20(@icesi.edu.co)/APO2/Tareas%20integradoras/NuclearThroneAtomic/src/nuclearthroneatomic/target/classes/assets/textures/Wall/1.png
20:14:46.462 [FXGL Background Thread 4 ] DEBUG FXGLAssetLoaderServi - Loading from file system: file:/C:/Users/Usuario/OneDrive%20-%20Universidad%20Icesi%20(@icesi.edu.co)/APO2/Tareas%20integradoras/NuclearThroneAtomic/src/nuclearthroneatomic/target/classes/assets/textures/enemy/1-Idle/1.png
20:14:46.467 [FXGL Background Thread 4 ] DEBUG FXGLAssetLoaderServi - Loading from file system: file:/C:/Users/Usuario/OneDrive%20-%20Universidad%20Icesi%20(@icesi.edu.co)/APO2/Tareas%20integradoras/NuclearThroneAtomic/src/nuclearthroneatomic/target/classes/assets/textures/enemy/1-Idle/2.png
20:14:46.471 [FXGL Background Thread 4 ] DEBUG FXGLAssetLoaderServi - Loading from file system: file:/C:/Users/Usuario/OneDrive%20-%20Universidad%20Icesi%20(@icesi.edu.co)/APO2/Tareas%20integradoras/NuclearThroneAtomic/src/nuclearthroneatomic/target/classes/assets/textures/enemy/1-Idle/3.png
20:14:46.473 [FXGL Background Thread 4 ] DEBUG FXGLAssetLoaderServi - Loading from file system: file:/C:/Users/Usuario/OneDrive%20-%20Universidad%20Icesi%20(@icesi.edu.co)/APO2/Tareas%20integradoras/NuclearThroneAtomic/src/nuclearthroneatomic/target/classes/assets/textures/enemy/1-Idle/4.png
20:14:46.485 [FXGL Background Thread 4 ] DEBUG FXGLAssetLoaderServi - Loading from file system: file:/C:/Users/Usuario/OneDrive%20-%20Universidad%20Icesi%20(@icesi.edu.co)/APO2/Tareas%20integradoras/NuclearThroneAtomic/src/nuclearthroneatomic/target/classes/assets/textures/enemy/2-Run/1.png
20:14:46.488 [FXGL Background Thread 4 ] DEBUG FXGLAssetLoaderServi - Loading from file system: file:/C:/Users/Usuario/OneDrive%20-%20Universidad%20Icesi%20(@icesi.edu.co)/APO2/Tareas%20integradoras/NuclearThroneAtomic/src/nuclearthroneatomic/target/classes/assets/textures/enemy/2-Run/2.png
20:14:46.491 [FXGL Background Thread 4 ] DEBUG FXGLAssetLoaderServi - Loading from file system: file:/C:/Users/Usuario/OneDrive%20-%20Universidad%20Icesi%20(@icesi.edu.co)/APO2/Tareas%20integradoras/NuclearThroneAtomic/src/nuclearthroneatomic/target/classes/assets/textures/enemy/2-Run/3.png
20:14:46.494 [FXGL Background Thread 4 ] DEBUG FXGLAssetLoaderServi - Loading from file system: file:/C:/Users/Usuario/OneDrive%20-%20Universidad%20Icesi%20(@icesi.edu.co)/APO2/Tareas%20integradoras/NuclearThroneAtomic/src/nuclearthroneatomic/target/classes/assets/textures/enemy/2-Run/4.png
20:14:46.496 [FXGL Background Thread 4 ] DEBUG FXGLAssetLoaderServi - Loading from file system: file:/C:/Users/Usuario/OneDrive%20-%20Universidad%20Icesi%20(@icesi.edu.co)/APO2/Tareas%20integradoras/NuclearThroneAtomic/src/nuclearthroneatomic/target/classes/assets/textures/enemy/2-Run/5.png
20:14:46.500 [FXGL Background Thread 4 ] DEBUG FXGLAssetLoaderServi - Loading from file system: file:/C:/Users/Usuario/OneDrive%20-%20Universidad%20Icesi%20(@icesi.edu.co)/APO2/Tareas%20integradoras/NuclearThroneAtomic/src/nuclearthroneatomic/target/classes/assets/textures/enemy/2-Run/6.png
20:14:46.502 [FXGL Background Thread 2 ] INFO  UpdaterService       - Your current version:  17.2
20:14:46.502 [FXGL Background Thread 2 ] INFO  UpdaterService       - Latest stable version: 17.3
20:14:46.505 [FXGL Background Thread 4 ] DEBUG FXGLAssetLoaderServi - Loading from file system: file:/C:/Users/Usuario/OneDrive%20-%20Universidad%20Icesi%20(@icesi.edu.co)/APO2/Tareas%20integradoras/NuclearThroneAtomic/src/nuclearthroneatomic/target/classes/assets/textures/Guns/1.png
20:14:46.537 [FXGL Background Thread 4 ] DEBUG FXGLAssetLoaderServi - Loading from file system: file:/C:/Users/Usuario/OneDrive%20-%20Universidad%20Icesi%20(@icesi.edu.co)/APO2/Tareas%20integradoras/NuclearThroneAtomic/src/nuclearthroneatomic/target/classes/assets/textures/mouse/mousecomplete.png
20:14:46.758 [FXGL Background Thread 3 ] DEBUG Engine               - Logging environment variables
20:14:46.759 [FXGL Background Thread 3 ] DEBUG Engine               - achievements: []
20:14:46.759 [FXGL Background Thread 3 ] DEBUG Engine               - actualHeight: 1080.0
20:14:46.760 [FXGL Background Thread 3 ] DEBUG Engine               - actualHeightProperty: ReadOnlyDoubleProperty [value: 1080.0]
20:14:46.760 [FXGL Background Thread 3 ] DEBUG Engine               - actualWidth: 1920.0
20:14:46.760 [FXGL Background Thread 3 ] DEBUG Engine               - actualWidthProperty: ReadOnlyDoubleProperty [value: 1920.0]
20:14:46.760 [FXGL Background Thread 3 ] DEBUG Engine               - appIcon: fxgl_icon.png
20:14:46.760 [FXGL Background Thread 3 ] DEBUG Engine               - applicationMode: DEVELOPER
20:14:46.760 [FXGL Background Thread 3 ] DEBUG Engine               - cSSList: [fxgl_dark.css]
20:14:46.760 [FXGL Background Thread 3 ] DEBUG Engine               - collisionDetectionStrategy: BRUTE_FORCE
20:14:46.760 [FXGL Background Thread 3 ] DEBUG Engine               - configClass: Optional.empty
20:14:46.760 [FXGL Background Thread 3 ] DEBUG Engine               - credits: [Designer . . . . . . . Johan Daniel Aguirre, Program Team . . . . . . Juan Sebastián Libreros,                           Juan Jose Barrera,                           Johan Daniel Aguirre, El mas lindo . . . . . . Juan Sebastián Libreros, Master Thief . . . . . . Johan Daniel Aguirre]
20:14:46.761 [FXGL Background Thread 3 ] DEBUG Engine               - defaultCursor: CursorInfo(imageName=fxgl_default_cursor.png, hotspotX=7.0, hotspotY=6.0)
20:14:46.762 [FXGL Background Thread 3 ] DEBUG Engine               - devBBoxColorProperty: ObjectProperty [value: 0xff0000ff]
20:14:46.762 [FXGL Background Thread 3 ] DEBUG Engine               - devEnableDebugCameraProperty: BooleanProperty [value: false]
20:14:46.762 [FXGL Background Thread 3 ] DEBUG Engine               - devSensorColorProperty: ObjectProperty [value: 0xffff00ff]
20:14:46.762 [FXGL Background Thread 3 ] DEBUG Engine               - devShowBBoxProperty: BooleanProperty [value: false]
20:14:46.762 [FXGL Background Thread 3 ] DEBUG Engine               - devShowPositionProperty: BooleanProperty [value: false]
20:14:46.762 [FXGL Background Thread 3 ] DEBUG Engine               - enabledMenuItems: [EXTRA]
20:14:46.763 [FXGL Background Thread 3 ] DEBUG Engine               - engineServices: [class com.almasb.fxgl.app.services.FXGLAssetLoaderService, class com.almasb.fxgl.app.FXGLApplication$GameApplicationService, class com.almasb.fxgl.app.services.FXGLDialogService, class com.almasb.fxgl.app.services.IOTaskExecutorService, class com.almasb.fxgl.io.FileSystemService, class com.almasb.fxgl.localization.LocalizationService, class com.almasb.fxgl.app.services.SystemBundleService, class com.almasb.fxgl.profile.SaveLoadService, class com.almasb.fxgl.ui.FXGLUIFactoryServiceProvider, class com.almasb.fxgl.ui.FXGLDialogFactoryServiceProvider, class com.almasb.fxgl.audio.AudioPlayer, class com.almasb.fxgl.notification.impl.NotificationServiceProvider, class com.almasb.fxgl.achievement.AchievementService, class com.almasb.fxgl.cutscene.CutsceneService, class com.almasb.fxgl.minigames.MiniGameService, class com.almasb.fxgl.net.NetService, class com.almasb.fxgl.app.services.UpdaterService, class com.almasb.fxgl.dev.DevService]
20:14:46.763 [FXGL Background Thread 3 ] DEBUG Engine               - fontGame: Abel-Regular.ttf
20:14:46.763 [FXGL Background Thread 3 ] DEBUG Engine               - fontMono: TerminalLandMono-Regular.otf
20:14:46.763 [FXGL Background Thread 3 ] DEBUG Engine               - fontText: Courier-Prime.ttf
20:14:46.763 [FXGL Background Thread 3 ] DEBUG Engine               - fontUI: VarelaRound-Regular.ttf
20:14:46.763 [FXGL Background Thread 3 ] DEBUG Engine               - fullScreen: BooleanProperty [value: true]
20:14:46.763 [FXGL Background Thread 3 ] DEBUG Engine               - gameDifficulty: MEDIUM
20:14:46.763 [FXGL Background Thread 3 ] DEBUG Engine               - gameDifficultyProperty: ObjectProperty [value: MEDIUM]
20:14:46.763 [FXGL Background Thread 3 ] DEBUG Engine               - globalMusicVolume: 0.5
20:14:46.764 [FXGL Background Thread 3 ] DEBUG Engine               - globalMusicVolumeProperty: DoubleProperty [value: 1.0]
20:14:46.764 [FXGL Background Thread 3 ] DEBUG Engine               - globalSoundVolume: 0.5
20:14:46.764 [FXGL Background Thread 3 ] DEBUG Engine               - globalSoundVolumeProperty: DoubleProperty [value: 0.1]
20:14:46.764 [FXGL Background Thread 3 ] DEBUG Engine               - height: 600
20:14:46.764 [FXGL Background Thread 3 ] DEBUG Engine               - is3D: false
20:14:46.764 [FXGL Background Thread 3 ] DEBUG Engine               - isAndroid: false
20:14:46.764 [FXGL Background Thread 3 ] DEBUG Engine               - isBrowser: false
20:14:46.764 [FXGL Background Thread 3 ] DEBUG Engine               - isClickFeedbackEnabled: false
20:14:46.764 [FXGL Background Thread 3 ] DEBUG Engine               - isCloseConfirmation: false
20:14:46.764 [FXGL Background Thread 3 ] DEBUG Engine               - isDesktop: true
20:14:46.764 [FXGL Background Thread 3 ] DEBUG Engine               - isDeveloperMenuEnabled: false
20:14:46.764 [FXGL Background Thread 3 ] DEBUG Engine               - isEmbedded: false
20:14:46.764 [FXGL Background Thread 3 ] DEBUG Engine               - isEntityPreloadEnabled: true
20:14:46.764 [FXGL Background Thread 3 ] DEBUG Engine               - isExperimentalTiledLargeMap: false
20:14:46.765 [FXGL Background Thread 3 ] DEBUG Engine               - isFileSystemWriteAllowed: true
20:14:46.765 [FXGL Background Thread 3 ] DEBUG Engine               - isFullScreenAllowed: true
20:14:46.765 [FXGL Background Thread 3 ] DEBUG Engine               - isFullScreenFromStart: true
20:14:46.765 [FXGL Background Thread 3 ] DEBUG Engine               - isGameMenuEnabled: true
20:14:46.765 [FXGL Background Thread 3 ] DEBUG Engine               - isIOS: false
20:14:46.765 [FXGL Background Thread 3 ] DEBUG Engine               - isIntroEnabled: false
20:14:46.765 [FXGL Background Thread 3 ] DEBUG Engine               - isLinux: false
20:14:46.765 [FXGL Background Thread 3 ] DEBUG Engine               - isMac: false
20:14:46.765 [FXGL Background Thread 3 ] DEBUG Engine               - isMainMenuEnabled: true
20:14:46.765 [FXGL Background Thread 3 ] DEBUG Engine               - isManualResizeEnabled: false
20:14:46.765 [FXGL Background Thread 3 ] DEBUG Engine               - isMobile: false
20:14:46.765 [FXGL Background Thread 3 ] DEBUG Engine               - isNative: false
20:14:46.765 [FXGL Background Thread 3 ] DEBUG Engine               - isPauseMusicWhenMinimized: true
20:14:46.765 [FXGL Background Thread 3 ] DEBUG Engine               - isPreserveResizeRatio: false
20:14:46.765 [FXGL Background Thread 3 ] DEBUG Engine               - isProfilingEnabled: false
20:14:46.766 [FXGL Background Thread 3 ] DEBUG Engine               - isScaleAffectedOnResize: true
20:14:46.766 [FXGL Background Thread 3 ] DEBUG Engine               - isSingleStep: false
20:14:46.766 [FXGL Background Thread 3 ] DEBUG Engine               - isUserProfileEnabled: false
20:14:46.766 [FXGL Background Thread 3 ] DEBUG Engine               - isWindows: true
20:14:46.766 [FXGL Background Thread 3 ] DEBUG Engine               - language: ObjectProperty [value: ENGLISH]
20:14:46.766 [FXGL Background Thread 3 ] DEBUG Engine               - menuKey: ESCAPE
20:14:46.766 [FXGL Background Thread 3 ] DEBUG Engine               - mouseSensitivity: 0.2
20:14:46.766 [FXGL Background Thread 3 ] DEBUG Engine               - notificationViewClass: class com.almasb.fxgl.notification.view.XboxNotificationView
20:14:46.766 [FXGL Background Thread 3 ] DEBUG Engine               - pixelsPerMeter: 50.0
20:14:46.766 [FXGL Background Thread 3 ] DEBUG Engine               - platform: WINDOWS
20:14:46.766 [FXGL Background Thread 3 ] DEBUG Engine               - prefHeightProperty: ReadOnlyDoubleProperty [value: 600.0]
20:14:46.766 [FXGL Background Thread 3 ] DEBUG Engine               - prefWidthProperty: ReadOnlyDoubleProperty [value: 800.0]
20:14:46.766 [FXGL Background Thread 3 ] DEBUG Engine               - profileDir: profiles/
20:14:46.766 [FXGL Background Thread 4 ] INFO  FXGLApplication      - Game initialization took: 0,578 sec
20:14:46.766 [FXGL Background Thread 3 ] DEBUG Engine               - profileName: StringProperty [value: DEFAULT]
20:14:46.767 [FXGL Background Thread 3 ] DEBUG Engine               - randomSeed: -1
20:14:46.768 [FXGL Background Thread 3 ] DEBUG Engine               - runtimeInfo: RuntimeInfo(platform=WINDOWS, version=17.2, build=20.08.2022 16.50)
20:14:46.768 [FXGL Background Thread 3 ] DEBUG Engine               - saveFileExt: sav
20:14:46.769 [FXGL Background Thread 3 ] DEBUG Engine               - scaledHeightProp$fxgl: DoubleProperty [bound, value: 1080.0]
20:14:46.769 [FXGL Background Thread 3 ] DEBUG Engine               - scaledWidthProp$fxgl: DoubleProperty [bound, value: 1920.0]
20:14:46.769 [FXGL Background Thread 3 ] DEBUG Engine               - sceneFactory: com.almasb.fxgl.app.scene.SceneFactory@1bdd0207
20:14:46.770 [FXGL Background Thread 3 ] DEBUG Engine               - secondsIn24h: 60
20:14:46.770 [FXGL Background Thread 3 ] DEBUG Engine               - soundMenuBack: menu/back.wav
20:14:46.770 [FXGL Background Thread 3 ] DEBUG Engine               - soundMenuPress: menu/press.wav
20:14:46.770 [FXGL Background Thread 3 ] DEBUG Engine               - soundMenuSelect: menu/select.wav
20:14:46.770 [FXGL Background Thread 3 ] DEBUG Engine               - soundNotification: core/notification.wav
20:14:46.770 [FXGL Background Thread 3 ] DEBUG Engine               - stageStyle: DECORATED
20:14:46.770 [FXGL Background Thread 3 ] DEBUG Engine               - supportedLanguages: [ENGLISH, FRENCH, GERMAN, HUNGARIAN, RUSSIAN]
20:14:46.770 [FXGL Background Thread 3 ] DEBUG Engine               - ticksPerSecond: -1
20:14:46.770 [FXGL Background Thread 3 ] DEBUG Engine               - title: Nuclear Throne Atomic
20:14:46.770 [FXGL Background Thread 3 ] DEBUG Engine               - urlGithub: https://github.com/AlmasB/FXGL
20:14:46.770 [FXGL Background Thread 3 ] DEBUG Engine               - urlLeaderboard: http://fxgl-top.herokuapp.com/
20:14:46.770 [JavaFX Application Thread] DEBUG Input                - Clearing active input actions
20:14:46.771 [FXGL Background Thread 3 ] DEBUG Engine               - urlPOM: https://raw.githubusercontent.com/AlmasB/FXGL/release/README.md
20:14:46.771 [FXGL Background Thread 3 ] DEBUG Engine               - userAppClass: class com.example.nuclearthroneatomic.Controller
20:14:46.771 [FXGL Background Thread 3 ] DEBUG Engine               - version: 0.0
20:14:46.771 [FXGL Background Thread 3 ] DEBUG Engine               - versionCheckDays: 7
20:14:46.771 [FXGL Background Thread 3 ] DEBUG Engine               - width: 800
20:14:46.771 [FXGL Background Thread 3 ] DEBUG Engine               - Logging services
20:14:46.771 [FXGL Background Thread 3 ] DEBUG Engine               - class com.almasb.fxgl.app.services.FXGLAssetLoaderService
20:14:46.771 [FXGL Background Thread 3 ] DEBUG Engine               - class com.almasb.fxgl.app.FXGLApplication$GameApplicationService
20:14:46.771 [FXGL Background Thread 3 ] DEBUG Engine               - class com.almasb.fxgl.app.services.FXGLDialogService
20:14:46.771 [FXGL Background Thread 3 ] DEBUG Engine               - class com.almasb.fxgl.app.services.IOTaskExecutorService
20:14:46.771 [FXGL Background Thread 3 ] DEBUG Engine               - class com.almasb.fxgl.io.FileSystemService
20:14:46.771 [FXGL Background Thread 3 ] DEBUG Engine               - class com.almasb.fxgl.localization.LocalizationService
20:14:46.771 [FXGL Background Thread 3 ] DEBUG Engine               - class com.almasb.fxgl.app.services.SystemBundleService
20:14:46.771 [FXGL Background Thread 3 ] DEBUG Engine               - class com.almasb.fxgl.profile.SaveLoadService
20:14:46.771 [FXGL Background Thread 3 ] DEBUG Engine               - class com.almasb.fxgl.ui.FXGLUIFactoryServiceProvider
20:14:46.771 [FXGL Background Thread 3 ] DEBUG Engine               - class com.almasb.fxgl.ui.FXGLDialogFactoryServiceProvider
20:14:46.771 [FXGL Background Thread 3 ] DEBUG Engine               - class com.almasb.fxgl.audio.AudioPlayer
20:14:46.772 [FXGL Background Thread 3 ] DEBUG Engine               - class com.almasb.fxgl.notification.impl.NotificationServiceProvider
20:14:46.772 [FXGL Background Thread 3 ] DEBUG Engine               - class com.almasb.fxgl.achievement.AchievementService
20:14:46.772 [FXGL Background Thread 3 ] DEBUG Engine               - class com.almasb.fxgl.cutscene.CutsceneService
20:14:46.772 [FXGL Background Thread 3 ] DEBUG Engine               - class com.almasb.fxgl.minigames.MiniGameService
20:14:46.772 [FXGL Background Thread 3 ] DEBUG Engine               - class com.almasb.fxgl.net.NetService
20:14:46.772 [FXGL Background Thread 3 ] DEBUG Engine               - class com.almasb.fxgl.app.services.UpdaterService
20:14:46.772 [FXGL Background Thread 3 ] DEBUG Engine               - class com.almasb.fxgl.dev.DevService
20:14:46.784 [JavaFX Application Thread] DEBUG GameApplicationServi - Removing overlay from FXGLLoadingScene and adding to GameScene
20:14:46.785 [JavaFX Application Thread] DEBUG PrimaryStageWindow   - FXGLLoadingScene -> GameScene
20:14:48.200 [JavaFX Application Thread] DEBUG FXGLAssetLoaderServi - Loading from file system: file:/C:/Users/Usuario/OneDrive%20-%20Universidad%20Icesi%20(@icesi.edu.co)/APO2/Tareas%20integradoras/NuclearThroneAtomic/src/nuclearthroneatomic/target/classes/assets/textures/Munition/2.png
20:14:48.600 [JavaFX Application Thread] DEBUG FXGLAssetLoaderServi - Loading from file system: file:/C:/Users/Usuario/OneDrive%20-%20Universidad%20Icesi%20(@icesi.edu.co)/APO2/Tareas%20integradoras/NuclearThroneAtomic/src/nuclearthroneatomic/target/classes/assets/textures/Bullet/2.png
20:14:50.473 [JavaFX Application Thread] DEBUG FXGLAssetLoaderServi - Loading from file system: file:/C:/Users/Usuario/OneDrive%20-%20Universidad%20Icesi%20(@icesi.edu.co)/APO2/Tareas%20integradoras/NuclearThroneAtomic/src/nuclearthroneatomic/target/classes/assets/textures/Bullet/1.png
20:14:56.666 [JavaFX Application Thread] DEBUG FXGLAssetLoaderServi - Loading from file system: file:/C:/Users/Usuario/OneDrive%20-%20Universidad%20Icesi%20(@icesi.edu.co)/APO2/Tareas%20integradoras/NuclearThroneAtomic/src/nuclearthroneatomic/target/classes/assets/textures/portal/1.png
20:14:56.670 [JavaFX Application Thread] DEBUG FXGLAssetLoaderServi - Loading from file system: file:/C:/Users/Usuario/OneDrive%20-%20Universidad%20Icesi%20(@icesi.edu.co)/APO2/Tareas%20integradoras/NuclearThroneAtomic/src/nuclearthroneatomic/target/classes/assets/textures/portal/2.png
20:14:56.675 [JavaFX Application Thread] DEBUG FXGLAssetLoaderServi - Loading from file system: file:/C:/Users/Usuario/OneDrive%20-%20Universidad%20Icesi%20(@icesi.edu.co)/APO2/Tareas%20integradoras/NuclearThroneAtomic/src/nuclearthroneatomic/target/classes/assets/textures/portal/3.png
20:14:56.680 [JavaFX Application Thread] DEBUG FXGLAssetLoaderServi - Loading from file system: file:/C:/Users/Usuario/OneDrive%20-%20Universidad%20Icesi%20(@icesi.edu.co)/APO2/Tareas%20integradoras/NuclearThroneAtomic/src/nuclearthroneatomic/target/classes/assets/textures/portal/4.png
20:15:00.093 [JavaFX Application Thread] DEBUG FXGLAssetLoaderServi - Loading from file system: file:/C:/Users/Usuario/OneDrive%20-%20Universidad%20Icesi%20(@icesi.edu.co)/APO2/Tareas%20integradoras/NuclearThroneAtomic/src/nuclearthroneatomic/target/classes/assets/textures/Background/blue.png
20:15:00.116 [JavaFX Application Thread] DEBUG FXGLAssetLoaderServi - Loading from file system: file:/C:/Users/Usuario/OneDrive%20-%20Universidad%20Icesi%20(@icesi.edu.co)/APO2/Tareas%20integradoras/NuclearThroneAtomic/src/nuclearthroneatomic/target/classes/assets/textures/mouse/mousepresecondlevel.png
20:15:01.548 [JavaFX Application Thread] DEBUG PrimaryStageWindow   - Push state: DialogSubScene
20:15:01.548 [JavaFX Application Thread] DEBUG Input                - Clearing active input actions
20:15:01.549 [JavaFX Application Thread] DEBUG GameApplicationServi - Removing overlay from GameScene and adding to DialogSubScene
20:15:01.550 [JavaFX Application Thread] DEBUG PrimaryStageWindow   - GameScene -> DialogSubScene
20:15:02.396 [JavaFX Application Thread] DEBUG PrimaryStageWindow   - Pop state: DialogSubScene
20:15:02.396 [JavaFX Application Thread] DEBUG Input                - Clearing active input actions
20:15:02.397 [JavaFX Application Thread] DEBUG GameApplicationServi - Removing overlay from DialogSubScene and adding to GameScene
20:15:02.397 [JavaFX Application Thread] DEBUG PrimaryStageWindow   - GameScene <- DialogSubScene
20:15:09.241 [JavaFX Application Thread] DEBUG PrimaryStageWindow   - Push state: DialogSubScene
20:15:09.242 [JavaFX Application Thread] DEBUG Input                - Clearing active input actions
20:15:09.242 [JavaFX Application Thread] DEBUG GameApplicationServi - Removing overlay from GameScene and adding to DialogSubScene
20:15:09.243 [JavaFX Application Thread] DEBUG PrimaryStageWindow   - GameScene -> DialogSubScene
20:15:10.176 [JavaFX Application Thread] DEBUG PrimaryStageWindow   - Pop state: DialogSubScene
20:15:10.176 [JavaFX Application Thread] DEBUG Input                - Clearing active input actions
20:15:10.176 [JavaFX Application Thread] DEBUG GameApplicationServi - Removing overlay from DialogSubScene and adding to GameScene
20:15:10.177 [JavaFX Application Thread] DEBUG PrimaryStageWindow   - GameScene <- DialogSubScene
20:15:15.737 [JavaFX Application Thread] DEBUG PrimaryStageWindow   - Push state: DialogSubScene
20:15:15.738 [JavaFX Application Thread] DEBUG Input                - Clearing active input actions
20:15:15.738 [JavaFX Application Thread] DEBUG GameApplicationServi - Removing overlay from GameScene and adding to DialogSubScene
20:15:15.738 [JavaFX Application Thread] DEBUG PrimaryStageWindow   - GameScene -> DialogSubScene
20:15:16.396 [JavaFX Application Thread] DEBUG PrimaryStageWindow   - Pop state: DialogSubScene
20:15:16.396 [JavaFX Application Thread] DEBUG Input                - Clearing active input actions
20:15:16.396 [JavaFX Application Thread] DEBUG GameApplicationServi - Removing overlay from DialogSubScene and adding to GameScene
20:15:16.396 [JavaFX Application Thread] DEBUG PrimaryStageWindow   - GameScene <- DialogSubScene
20:15:20.071 [JavaFX Application Thread] DEBUG PrimaryStageWindow   - Push state: DialogSubScene
20:15:20.071 [JavaFX Application Thread] DEBUG Input                - Clearing active input actions
20:15:20.071 [JavaFX Application Thread] DEBUG GameApplicationServi - Removing overlay from GameScene and adding to DialogSubScene
20:15:20.071 [JavaFX Application Thread] DEBUG PrimaryStageWindow   - GameScene -> DialogSubScene
20:15:20.840 [JavaFX Application Thread] DEBUG PrimaryStageWindow   - Pop state: DialogSubScene
20:15:20.840 [JavaFX Application Thread] DEBUG Input                - Clearing active input actions
20:15:20.841 [JavaFX Application Thread] DEBUG GameApplicationServi - Removing overlay from DialogSubScene and adding to GameScene
20:15:20.841 [JavaFX Application Thread] DEBUG PrimaryStageWindow   - GameScene <- DialogSubScene
20:15:29.256 [JavaFX Application Thread] DEBUG PrimaryStageWindow   - Push state: DialogSubScene
20:15:29.257 [JavaFX Application Thread] DEBUG Input                - Clearing active input actions
20:15:29.257 [JavaFX Application Thread] DEBUG GameApplicationServi - Removing overlay from GameScene and adding to DialogSubScene
20:15:29.257 [JavaFX Application Thread] DEBUG PrimaryStageWindow   - GameScene -> DialogSubScene
20:15:30.224 [JavaFX Application Thread] DEBUG PrimaryStageWindow   - Pop state: DialogSubScene
20:15:30.224 [JavaFX Application Thread] DEBUG Input                - Clearing active input actions
20:15:30.224 [JavaFX Application Thread] DEBUG GameApplicationServi - Removing overlay from DialogSubScene and adding to GameScene
20:15:30.224 [JavaFX Application Thread] DEBUG PrimaryStageWindow   - GameScene <- DialogSubScene
20:15:44.249 [JavaFX Application Thread] DEBUG PrimaryStageWindow   - Push state: DialogSubScene
20:15:44.250 [JavaFX Application Thread] DEBUG Input                - Clearing active input actions
20:15:44.250 [JavaFX Application Thread] DEBUG GameApplicationServi - Removing overlay from GameScene and adding to DialogSubScene
20:15:44.251 [JavaFX Application Thread] DEBUG PrimaryStageWindow   - GameScene -> DialogSubScene
20:15:44.986 [JavaFX Application Thread] DEBUG PrimaryStageWindow   - Pop state: DialogSubScene
20:15:44.986 [JavaFX Application Thread] DEBUG Input                - Clearing active input actions
20:15:44.986 [JavaFX Application Thread] DEBUG GameApplicationServi - Removing overlay from DialogSubScene and adding to GameScene
20:15:44.986 [JavaFX Application Thread] DEBUG PrimaryStageWindow   - GameScene <- DialogSubScene
20:16:08.604 [JavaFX Application Thread] DEBUG PrimaryStageWindow   - Push state: DialogSubScene
20:16:08.604 [JavaFX Application Thread] DEBUG Input                - Clearing active input actions
20:16:08.605 [JavaFX Application Thread] DEBUG GameApplicationServi - Removing overlay from GameScene and adding to DialogSubScene
20:16:08.605 [JavaFX Application Thread] DEBUG PrimaryStageWindow   - GameScene -> DialogSubScene
20:16:09.322 [JavaFX Application Thread] DEBUG PrimaryStageWindow   - Pop state: DialogSubScene
20:16:09.322 [JavaFX Application Thread] DEBUG Input                - Clearing active input actions
20:16:09.322 [JavaFX Application Thread] DEBUG GameApplicationServi - Removing overlay from DialogSubScene and adding to GameScene
20:16:09.322 [JavaFX Application Thread] DEBUG PrimaryStageWindow   - GameScene <- DialogSubScene
20:16:16.638 [JavaFX Application Thread] DEBUG PrimaryStageWindow   - Push state: DialogSubScene
20:16:16.638 [JavaFX Application Thread] DEBUG Input                - Clearing active input actions
20:16:16.638 [JavaFX Application Thread] DEBUG GameApplicationServi - Removing overlay from GameScene and adding to DialogSubScene
20:16:16.638 [JavaFX Application Thread] DEBUG PrimaryStageWindow   - GameScene -> DialogSubScene
20:16:17.436 [JavaFX Application Thread] DEBUG PrimaryStageWindow   - Pop state: DialogSubScene
20:16:17.436 [JavaFX Application Thread] DEBUG Input                - Clearing active input actions
20:16:17.436 [JavaFX Application Thread] DEBUG GameApplicationServi - Removing overlay from DialogSubScene and adding to GameScene
20:16:17.436 [JavaFX Application Thread] DEBUG PrimaryStageWindow   - GameScene <- DialogSubScene
20:16:37.609 [JavaFX Application Thread] DEBUG FXGLAssetLoaderServi - Loading from file system: file:/C:/Users/Usuario/OneDrive%20-%20Universidad%20Icesi%20(@icesi.edu.co)/APO2/Tareas%20integradoras/NuclearThroneAtomic/src/nuclearthroneatomic/target/classes/assets/textures/Background/NuclearBG2.png
20:16:37.621 [JavaFX Application Thread] DEBUG FXGLAssetLoaderServi - Loading from file system: file:/C:/Users/Usuario/OneDrive%20-%20Universidad%20Icesi%20(@icesi.edu.co)/APO2/Tareas%20integradoras/NuclearThroneAtomic/src/nuclearthroneatomic/target/classes/assets/textures/mouse/mouseprefinallevel.png
20:16:51.512 [JavaFX Application Thread] DEBUG PrimaryStageWindow   - Push state: DialogSubScene
20:16:51.513 [JavaFX Application Thread] DEBUG Input                - Clearing active input actions
20:16:51.513 [JavaFX Application Thread] DEBUG GameApplicationServi - Removing overlay from GameScene and adding to DialogSubScene
20:16:51.513 [JavaFX Application Thread] DEBUG PrimaryStageWindow   - GameScene -> DialogSubScene
20:16:53.723 [JavaFX Application Thread] DEBUG PrimaryStageWindow   - Pop state: DialogSubScene
20:16:53.724 [JavaFX Application Thread] DEBUG Input                - Clearing active input actions
20:16:53.724 [JavaFX Application Thread] DEBUG GameApplicationServi - Removing overlay from DialogSubScene and adding to GameScene
20:16:53.724 [JavaFX Application Thread] DEBUG PrimaryStageWindow   - GameScene <- DialogSubScene
20:16:58.201 [JavaFX Application Thread] DEBUG PrimaryStageWindow   - Push state: DialogSubScene
20:16:58.201 [JavaFX Application Thread] DEBUG Input                - Clearing active input actions
20:16:58.202 [JavaFX Application Thread] DEBUG GameApplicationServi - Removing overlay from GameScene and adding to DialogSubScene
20:16:58.202 [JavaFX Application Thread] DEBUG PrimaryStageWindow   - GameScene -> DialogSubScene
20:16:58.914 [JavaFX Application Thread] DEBUG PrimaryStageWindow   - Pop state: DialogSubScene
20:16:58.914 [JavaFX Application Thread] DEBUG Input                - Clearing active input actions
20:16:58.914 [JavaFX Application Thread] DEBUG GameApplicationServi - Removing overlay from DialogSubScene and adding to GameScene
20:16:58.914 [JavaFX Application Thread] DEBUG PrimaryStageWindow   - GameScene <- DialogSubScene
20:17:01.639 [JavaFX Application Thread] DEBUG PrimaryStageWindow   - Push state: DialogSubScene
20:17:01.640 [JavaFX Application Thread] DEBUG Input                - Clearing active input actions
20:17:01.640 [JavaFX Application Thread] DEBUG GameApplicationServi - Removing overlay from GameScene and adding to DialogSubScene
20:17:01.640 [JavaFX Application Thread] DEBUG PrimaryStageWindow   - GameScene -> DialogSubScene
20:17:02.227 [JavaFX Application Thread] DEBUG PrimaryStageWindow   - Pop state: DialogSubScene
20:17:02.227 [JavaFX Application Thread] DEBUG Input                - Clearing active input actions
20:17:02.227 [JavaFX Application Thread] DEBUG GameApplicationServi - Removing overlay from DialogSubScene and adding to GameScene
20:17:02.227 [JavaFX Application Thread] DEBUG PrimaryStageWindow   - GameScene <- DialogSubScene
20:17:21.081 [JavaFX Application Thread] DEBUG PrimaryStageWindow   - Push state: DialogSubScene
20:17:21.081 [JavaFX Application Thread] DEBUG Input                - Clearing active input actions
20:17:21.081 [JavaFX Application Thread] DEBUG GameApplicationServi - Removing overlay from GameScene and adding to DialogSubScene
20:17:21.081 [JavaFX Application Thread] DEBUG PrimaryStageWindow   - GameScene -> DialogSubScene
20:17:21.757 [JavaFX Application Thread] DEBUG PrimaryStageWindow   - Pop state: DialogSubScene
20:17:21.757 [JavaFX Application Thread] DEBUG Input                - Clearing active input actions
20:17:21.757 [JavaFX Application Thread] DEBUG GameApplicationServi - Removing overlay from DialogSubScene and adding to GameScene
20:17:21.757 [JavaFX Application Thread] DEBUG PrimaryStageWindow   - GameScene <- DialogSubScene
20:17:36.413 [JavaFX Application Thread] DEBUG PrimaryStageWindow   - Push state: DialogSubScene
20:17:36.413 [JavaFX Application Thread] DEBUG Input                - Clearing active input actions
20:17:36.413 [JavaFX Application Thread] DEBUG GameApplicationServi - Removing overlay from GameScene and adding to DialogSubScene
20:17:36.413 [JavaFX Application Thread] DEBUG PrimaryStageWindow   - GameScene -> DialogSubScene
20:17:37.172 [JavaFX Application Thread] DEBUG PrimaryStageWindow   - Pop state: DialogSubScene
20:17:37.172 [JavaFX Application Thread] DEBUG Input                - Clearing active input actions
20:17:37.172 [JavaFX Application Thread] DEBUG GameApplicationServi - Removing overlay from DialogSubScene and adding to GameScene
20:17:37.172 [JavaFX Application Thread] DEBUG PrimaryStageWindow   - GameScene <- DialogSubScene
20:17:41.037 [JavaFX Application Thread] DEBUG PrimaryStageWindow   - Push state: DialogSubScene
20:17:41.037 [JavaFX Application Thread] DEBUG Input                - Clearing active input actions
20:17:41.038 [JavaFX Application Thread] DEBUG GameApplicationServi - Removing overlay from GameScene and adding to DialogSubScene
20:17:41.038 [JavaFX Application Thread] DEBUG PrimaryStageWindow   - GameScene -> DialogSubScene
20:17:41.136 [JavaFX Application Thread] DEBUG PrimaryStageWindow   - Pop state: DialogSubScene
20:17:41.136 [JavaFX Application Thread] DEBUG Input                - Clearing active input actions
20:17:41.136 [JavaFX Application Thread] DEBUG GameApplicationServi - Removing overlay from DialogSubScene and adding to GameScene
20:17:41.137 [JavaFX Application Thread] DEBUG PrimaryStageWindow   - GameScene <- DialogSubScene
20:17:41.137 [JavaFX Application Thread] DEBUG FXGLApplication      - Exiting FXGL
20:17:41.137 [JavaFX Application Thread] DEBUG LoopRunner           - Stopping loop
20:17:41.137 [JavaFX Application Thread] DEBUG SystemBundleService  - Saving FXGL system data
20:17:41.140 [JavaFX Application Thread] DEBUG FileSystemAccess     - Writing to: C:\Users\Usuario\OneDrive - Universidad Icesi (@icesi.edu.co)\APO2\Tareas integradoras\NuclearThroneAtomic\src\nuclearthroneatomic\system\fxgl.bundle
20:17:41.144 [JavaFX Application Thread] DEBUG Async                - Shutting down background threads
20:17:41.144 [JavaFX Application Thread] DEBUG PrimaryStageWindow   - Closing main window
20:17:41.188 [JavaFX Application Thread] DEBUG Logger               - Closing Logger
