09:19:59.371 [main                     ] DEBUG Logger               - Configured Logger
09:19:59.429 [main                     ] DEBUG GameApplication      - Logging settings
Title: Nuclear Throne Atomic
Version: 0.0
Width: 800
Height: 600
Fullscreen: true
Intro: false
Profiling: false
Single step:false
App Mode: DEVELOPER
Menu Key: ESCAPE
Stage Style: DECORATED
Scene Factory: class com.almasb.fxgl.app.scene.SceneFactory

09:20:00.481 [JavaFX Application Thread] DEBUG FXGLApplication      - Initializing FXGL
09:20:00.487 [JavaFX Application Thread] INFO  Engine               - FXGL-17.2 (20.08.2022 16.50) on WINDOWS (J:20.0.1 FX:19.0.2.1)
09:20:00.487 [JavaFX Application Thread] DEBUG Engine               - JRE Vendor Name: Oracle Corporation
09:20:00.487 [JavaFX Application Thread] DEBUG Engine               - Running on OS: Windows 10 version 10.0
09:20:00.488 [JavaFX Application Thread] DEBUG Engine               - Architecture: amd64
09:20:00.488 [JavaFX Application Thread] INFO  Engine               - Source code and latest versions at: https://github.com/AlmasB/FXGL
09:20:00.488 [JavaFX Application Thread] INFO  Engine               -       Ask questions and discuss at: https://github.com/AlmasB/FXGL/discussions
09:20:00.488 [JavaFX Application Thread] INFO  Engine               -              Join the FXGL chat at: https://gitter.im/AlmasB/FXGL
09:20:00.600 [JavaFX Application Thread] DEBUG PrimaryStageWindow   - Creating a JavaFX scene
09:20:00.651 [JavaFX Application Thread] DEBUG PrimaryStageWindow   - Target settings size: 800.0 x 600.0
09:20:00.651 [JavaFX Application Thread] DEBUG PrimaryStageWindow   - Scaled scene size:    800.0 x 600.0
09:20:00.652 [JavaFX Application Thread] DEBUG PrimaryStageWindow   - Scaled ratio: (1.0, 1.0)
09:20:00.653 [JavaFX Application Thread] DEBUG PrimaryStageWindow   - Set initial scene to FXGLStartupScene
09:20:00.659 [JavaFX Application Thread] DEBUG PrimaryStageWindow   - Opening main window
09:20:00.765 [JavaFX Application Thread] DEBUG PrimaryStageWindow   - Window border size: (16.0, 39.0)
09:20:00.765 [JavaFX Application Thread] DEBUG PrimaryStageWindow   - Scaled size: 800.0 x 600.0
09:20:00.766 [JavaFX Application Thread] DEBUG PrimaryStageWindow   - Scaled ratio: (1.0, 1.0)
09:20:00.766 [JavaFX Application Thread] DEBUG PrimaryStageWindow   - Scene size: 800.0 x 600.0
09:20:00.767 [JavaFX Application Thread] DEBUG PrimaryStageWindow   - Stage size: 816.0 x 639.0
09:20:00.777 [FXGL Background Thread 1 ] DEBUG Engine               - Initializing environment variables
09:20:00.854 [FXGL Background Thread 1 ] DEBUG FXGLAssetLoaderServi - User app class for loading assets: class com.example.nuclearthroneatomic.Controller
09:20:00.854 [FXGL Background Thread 1 ] DEBUG GameApplicationServi - Applying CSS: fxgl_dark.css
09:20:00.856 [FXGL Background Thread 1 ] DEBUG FXGLAssetLoaderServi - Loading from file system: jar:file:///C:/Users/Usuario/.m2/repository/com/github/almasb/fxgl/17.2/fxgl-17.2.jar!/fxglassets/ui/css/fxgl_dark.css
09:20:00.917 [FXGL Background Thread 1 ] DEBUG GameApplicationServi - Initializing application scenes
09:20:00.964 [FXGL Background Thread 1 ] DEBUG GameWorld            - Game world initialized
09:20:01.061 [FXGL Background Thread 1 ] DEBUG PhysicsWorld         - Physics world initialized: appHeight=600, physics.ppm=50,0
09:20:01.062 [FXGL Background Thread 1 ] DEBUG PhysicsWorld         - Using strategy: BRUTE_FORCE
09:20:01.068 [FXGL Background Thread 1 ] DEBUG GameScene            - Game scene initialized: 800x600
09:20:01.087 [FXGL Background Thread 1 ] DEBUG FXGL.DefaultMenu     - createMenuBodyMainMenu()
09:20:01.109 [FXGL Background Thread 1 ] DEBUG FXGL.DefaultMenu     - createOptionsMenu()
09:20:01.123 [FXGL Background Thread 1 ] DEBUG FXGL.DefaultMenu     - createExtraMenu()
09:20:01.136 [FXGL Background Thread 1 ] DEBUG FXGLAssetLoaderServi - Loading from file system: jar:file:///C:/Users/Usuario/.m2/repository/com/github/almasb/fxgl/17.2/fxgl-17.2.jar!/fxglassets/textures/particles/smoke.png
09:20:01.268 [FXGL Background Thread 1 ] DEBUG FXGLAssetLoaderServi - Loading from file system: jar:file:///C:/Users/Usuario/.m2/repository/com/github/almasb/fxgl/17.2/fxgl-17.2.jar!/fxglassets/textures/particles/trace_horizontal.png
09:20:01.316 [FXGL Background Thread 1 ] DEBUG FXGL.DefaultMenu     - createMenuBodyGameMenu()
09:20:01.319 [FXGL Background Thread 1 ] DEBUG FXGL.DefaultMenu     - createOptionsMenu()
09:20:01.327 [FXGL Background Thread 1 ] DEBUG FXGL.DefaultMenu     - createExtraMenu()
09:20:01.360 [FXGL Background Thread 1 ] DEBUG GameApplicationServi - Application scenes initialized
09:20:01.389 [FXGL Background Thread 1 ] DEBUG SystemBundleService  - Loading FXGL system data
09:20:01.396 [FXGL Background Thread 1 ] DEBUG FileSystemAccess     - Reading from: C:\Users\Usuario\OneDrive - Universidad Icesi (@icesi.edu.co)\APO2\Tareas integradoras\NuclearThroneAtomic\src\nuclearthroneatomic\system\fxgl.bundle
09:20:01.412 [FXGL Background Thread 1 ] DEBUG SystemBundleService  - Bundle FXGL: {}
09:20:01.412 [FXGL Background Thread 1 ] DEBUG UpdaterService       - Checking for updates
09:20:01.423 [FXGL Background Thread 4 ] DEBUG FXGLApplication      - Loading fonts
09:20:01.423 [FXGL Background Thread 1 ] DEBUG FXGLApplication      - Loading default localization
09:20:01.424 [FXGL Background Thread 4 ] DEBUG FXGLAssetLoaderServi - Loading from file system: jar:file:///C:/Users/Usuario/.m2/repository/com/github/almasb/fxgl/17.2/fxgl-17.2.jar!/fxglassets/ui/fonts/VarelaRound-Regular.ttf
09:20:01.425 [FXGL Background Thread 1 ] DEBUG FXGLAssetLoaderServi - Loading from file system: jar:file:///C:/Users/Usuario/.m2/repository/com/github/almasb/fxgl/17.2/fxgl-17.2.jar!/fxglassets/languages/english.lang
09:20:01.458 [FXGL Background Thread 1 ] INFO  FXGLApplication      - FXGL initialization took: 0,681 sec
09:20:01.477 [JavaFX Application Thread] DEBUG Input                - Registered new binding: lucky - Q
09:20:01.477 [JavaFX Application Thread] DEBUG Input                - Registered new binding: health - F
09:20:01.478 [JavaFX Application Thread] DEBUG Input                - Registered new binding: Right - D
09:20:01.478 [JavaFX Application Thread] DEBUG Input                - Registered new binding: Left - A
09:20:01.478 [JavaFX Application Thread] DEBUG Input                - Registered new binding: Up - W
09:20:01.479 [JavaFX Application Thread] DEBUG Input                - Registered new binding: Down - S
09:20:01.481 [JavaFX Application Thread] DEBUG Input                - Registered new binding: Reload - RMB
09:20:01.481 [JavaFX Application Thread] DEBUG Input                - Registered new binding: Shoot - LMB
09:20:01.483 [JavaFX Application Thread] DEBUG FXGLAssetLoaderServi - Loading from file system: file:/C:/Users/Usuario/OneDrive%20-%20Universidad%20Icesi%20(@icesi.edu.co)/APO2/Tareas%20integradoras/NuclearThroneAtomic/src/nuclearthroneatomic/target/classes/assets/music/muiscformenus.mp3
09:20:01.653 [FXGL Background Thread 4 ] DEBUG FXGLAssetLoaderServi - Loading from file system: jar:file:///C:/Users/Usuario/.m2/repository/com/github/almasb/fxgl/17.2/fxgl-17.2.jar!/fxglassets/ui/fonts/Abel-Regular.ttf
09:20:01.663 [FXGL Background Thread 4 ] DEBUG FXGLAssetLoaderServi - Loading from file system: jar:file:///C:/Users/Usuario/.m2/repository/com/github/almasb/fxgl/17.2/fxgl-17.2.jar!/fxglassets/ui/fonts/TerminalLandMono-Regular.otf
09:20:01.674 [FXGL Background Thread 4 ] DEBUG FXGLAssetLoaderServi - Loading from file system: jar:file:///C:/Users/Usuario/.m2/repository/com/github/almasb/fxgl/17.2/fxgl-17.2.jar!/fxglassets/ui/fonts/Courier-Prime.ttf
09:20:01.771 [JavaFX Application Thread] DEBUG AudioPlayer          - Playing music com.almasb.fxgl.audio.Music@446543f
09:20:01.772 [JavaFX Application Thread] DEBUG FXGLAssetLoaderServi - Loading from file system: jar:file:///C:/Users/Usuario/.m2/repository/com/github/almasb/fxgl/17.2/fxgl-17.2.jar!/fxglassets/textures/fxgl_icon.png
09:20:01.808 [JavaFX Application Thread] DEBUG FXGLAssetLoaderServi - Loading from file system: jar:file:///C:/Users/Usuario/.m2/repository/com/github/almasb/fxgl/17.2/fxgl-17.2.jar!/fxglassets/textures/fxgl_default_cursor.png
09:20:01.812 [JavaFX Application Thread] DEBUG Input                - Registered new binding: Screenshot - CTRL+8
09:20:01.812 [JavaFX Application Thread] DEBUG Input                - Registered new binding: System info dump - CTRL+9
09:20:01.813 [JavaFX Application Thread] DEBUG Input                - Registered new binding: Restart - CTRL+R
09:20:01.814 [JavaFX Application Thread] DEBUG Input                - Registered new binding: Toggle Debug Camera - CTRL+7
09:20:01.817 [JavaFX Application Thread] DEBUG LoopRunner           - Starting loop
09:20:01.817 [JavaFX Application Thread] DEBUG LoopRunner           - Initializing JavaFX AnimationTimerLoop
09:20:01.822 [JavaFX Application Thread] DEBUG Input                - Clearing active input actions
09:20:01.842 [JavaFX Application Thread] DEBUG GameApplicationServi - Removing overlay from FXGLStartupScene and adding to FXGLMainMenuDummyScene
09:20:01.843 [JavaFX Application Thread] DEBUG PrimaryStageWindow   - FXGLStartupScene -> FXGLMainMenuDummyScene
09:20:01.843 [JavaFX Application Thread] DEBUG PrimaryStageWindow   - Push state: FXGLDefaultMenu
09:20:01.852 [JavaFX Application Thread] DEBUG Input                - Clearing active input actions
09:20:01.868 [JavaFX Application Thread] DEBUG GameApplicationServi - Removing overlay from FXGLMainMenuDummyScene and adding to FXGLDefaultMenu
09:20:01.870 [JavaFX Application Thread] DEBUG PrimaryStageWindow   - FXGLMainMenuDummyScene -> FXGLDefaultMenu
09:20:01.888 [JavaFX Application Thread] DEBUG FXGLApplication      - Registering font factories with UI factory
09:20:02.210 [FXGL Background Thread 2 ] INFO  UpdaterService       - Your current version:  17.2
09:20:02.210 [FXGL Background Thread 2 ] INFO  UpdaterService       - Latest stable version: 17.3
09:20:02.835 [JavaFX Application Thread] DEBUG Menu                 - fireNewGame()
09:20:02.835 [JavaFX Application Thread] DEBUG GameApplicationServi - Starting new game
09:20:02.838 [JavaFX Application Thread] DEBUG PrimaryStageWindow   - Pop state: FXGLDefaultMenu
09:20:02.838 [JavaFX Application Thread] DEBUG Input                - Clearing active input actions
09:20:02.840 [JavaFX Application Thread] DEBUG GameApplicationServi - Removing overlay from FXGLDefaultMenu and adding to FXGLMainMenuDummyScene
09:20:02.841 [JavaFX Application Thread] DEBUG PrimaryStageWindow   - FXGLMainMenuDummyScene <- FXGLDefaultMenu
09:20:02.842 [JavaFX Application Thread] DEBUG Input                - Clearing active input actions
09:20:02.854 [JavaFX Application Thread] DEBUG GameApplicationServi - Removing overlay from FXGLMainMenuDummyScene and adding to FXGLLoadingScene
09:20:02.855 [JavaFX Application Thread] DEBUG PrimaryStageWindow   - FXGLMainMenuDummyScene -> FXGLLoadingScene
09:20:02.855 [JavaFX Application Thread] DEBUG GameApplicationServi - Clearing previous game
09:20:02.855 [JavaFX Application Thread] DEBUG GameScene            - Clearing game scene
09:20:02.855 [JavaFX Application Thread] DEBUG GameWorld            - Clearing game world
09:20:02.856 [JavaFX Application Thread] DEBUG PhysicsWorld         - Clearing physics world
09:20:02.859 [FXGL Background Thread 2 ] DEBUG FXGLApplication      - Initializing game
09:20:02.874 [FXGL Background Thread 2 ] DEBUG FXGLAssetLoaderServi - Loading from file system: file:/C:/Users/Usuario/OneDrive%20-%20Universidad%20Icesi%20(@icesi.edu.co)/APO2/Tareas%20integradoras/NuclearThroneAtomic/src/nuclearthroneatomic/target/classes/assets/textures/Avatar/1-Idle/1.png
09:20:02.878 [FXGL Background Thread 2 ] DEBUG FXGLAssetLoaderServi - Loading from file system: file:/C:/Users/Usuario/OneDrive%20-%20Universidad%20Icesi%20(@icesi.edu.co)/APO2/Tareas%20integradoras/NuclearThroneAtomic/src/nuclearthroneatomic/target/classes/assets/textures/Avatar/1-Idle/2.png
09:20:02.882 [FXGL Background Thread 2 ] DEBUG FXGLAssetLoaderServi - Loading from file system: file:/C:/Users/Usuario/OneDrive%20-%20Universidad%20Icesi%20(@icesi.edu.co)/APO2/Tareas%20integradoras/NuclearThroneAtomic/src/nuclearthroneatomic/target/classes/assets/textures/Avatar/1-Idle/3.png
09:20:02.885 [FXGL Background Thread 2 ] DEBUG FXGLAssetLoaderServi - Loading from file system: file:/C:/Users/Usuario/OneDrive%20-%20Universidad%20Icesi%20(@icesi.edu.co)/APO2/Tareas%20integradoras/NuclearThroneAtomic/src/nuclearthroneatomic/target/classes/assets/textures/Avatar/1-Idle/4.png
09:20:02.929 [FXGL Background Thread 2 ] DEBUG FXGLAssetLoaderServi - Loading from file system: file:/C:/Users/Usuario/OneDrive%20-%20Universidad%20Icesi%20(@icesi.edu.co)/APO2/Tareas%20integradoras/NuclearThroneAtomic/src/nuclearthroneatomic/target/classes/assets/textures/Avatar/2-Run/1.png
09:20:02.934 [FXGL Background Thread 2 ] DEBUG FXGLAssetLoaderServi - Loading from file system: file:/C:/Users/Usuario/OneDrive%20-%20Universidad%20Icesi%20(@icesi.edu.co)/APO2/Tareas%20integradoras/NuclearThroneAtomic/src/nuclearthroneatomic/target/classes/assets/textures/Avatar/2-Run/2.png
09:20:02.938 [FXGL Background Thread 2 ] DEBUG FXGLAssetLoaderServi - Loading from file system: file:/C:/Users/Usuario/OneDrive%20-%20Universidad%20Icesi%20(@icesi.edu.co)/APO2/Tareas%20integradoras/NuclearThroneAtomic/src/nuclearthroneatomic/target/classes/assets/textures/Avatar/2-Run/3.png
09:20:02.942 [FXGL Background Thread 2 ] DEBUG FXGLAssetLoaderServi - Loading from file system: file:/C:/Users/Usuario/OneDrive%20-%20Universidad%20Icesi%20(@icesi.edu.co)/APO2/Tareas%20integradoras/NuclearThroneAtomic/src/nuclearthroneatomic/target/classes/assets/textures/Avatar/2-Run/4.png
09:20:02.945 [FXGL Background Thread 2 ] DEBUG FXGLAssetLoaderServi - Loading from file system: file:/C:/Users/Usuario/OneDrive%20-%20Universidad%20Icesi%20(@icesi.edu.co)/APO2/Tareas%20integradoras/NuclearThroneAtomic/src/nuclearthroneatomic/target/classes/assets/textures/Avatar/2-Run/5.png
09:20:02.950 [FXGL Background Thread 2 ] DEBUG FXGLAssetLoaderServi - Loading from file system: file:/C:/Users/Usuario/OneDrive%20-%20Universidad%20Icesi%20(@icesi.edu.co)/APO2/Tareas%20integradoras/NuclearThroneAtomic/src/nuclearthroneatomic/target/classes/assets/textures/Avatar/2-Run/6.png
09:20:02.961 [FXGL Background Thread 2 ] DEBUG FXGLAssetLoaderServi - Loading from file system: file:/C:/Users/Usuario/OneDrive%20-%20Universidad%20Icesi%20(@icesi.edu.co)/APO2/Tareas%20integradoras/NuclearThroneAtomic/src/nuclearthroneatomic/target/classes/assets/textures/Munition/1.png
09:20:03.016 [FXGL Background Thread 2 ] DEBUG FXGLAssetLoaderServi - Loading from file system: file:/C:/Users/Usuario/OneDrive%20-%20Universidad%20Icesi%20(@icesi.edu.co)/APO2/Tareas%20integradoras/NuclearThroneAtomic/src/nuclearthroneatomic/target/classes/assets/textures/hud/lifeplayer.png
09:20:03.025 [FXGL Background Thread 2 ] DEBUG FXGLAssetLoaderServi - Loading from file system: file:/C:/Users/Usuario/OneDrive%20-%20Universidad%20Icesi%20(@icesi.edu.co)/APO2/Tareas%20integradoras/NuclearThroneAtomic/src/nuclearthroneatomic/target/classes/assets/textures/hud/medkit.png
09:20:03.029 [FXGL Background Thread 2 ] DEBUG FXGLAssetLoaderServi - Loading from file system: file:/C:/Users/Usuario/OneDrive%20-%20Universidad%20Icesi%20(@icesi.edu.co)/APO2/Tareas%20integradoras/NuclearThroneAtomic/src/nuclearthroneatomic/target/classes/assets/textures/hud/trebol.png
09:20:03.036 [FXGL Background Thread 2 ] DEBUG FXGLAssetLoaderServi - Loading from file system: file:/C:/Users/Usuario/OneDrive%20-%20Universidad%20Icesi%20(@icesi.edu.co)/APO2/Tareas%20integradoras/NuclearThroneAtomic/src/nuclearthroneatomic/target/classes/assets/textures/Guns/1.png
09:20:03.046 [FXGL Background Thread 2 ] DEBUG FXGLAssetLoaderServi - Loading from file system: file:/C:/Users/Usuario/OneDrive%20-%20Universidad%20Icesi%20(@icesi.edu.co)/APO2/Tareas%20integradoras/NuclearThroneAtomic/src/nuclearthroneatomic/target/classes/assets/textures/enemy/1-Idle/1.png
09:20:03.048 [FXGL Background Thread 2 ] DEBUG FXGLAssetLoaderServi - Loading from file system: file:/C:/Users/Usuario/OneDrive%20-%20Universidad%20Icesi%20(@icesi.edu.co)/APO2/Tareas%20integradoras/NuclearThroneAtomic/src/nuclearthroneatomic/target/classes/assets/textures/enemy/1-Idle/2.png
09:20:03.052 [FXGL Background Thread 2 ] DEBUG FXGLAssetLoaderServi - Loading from file system: file:/C:/Users/Usuario/OneDrive%20-%20Universidad%20Icesi%20(@icesi.edu.co)/APO2/Tareas%20integradoras/NuclearThroneAtomic/src/nuclearthroneatomic/target/classes/assets/textures/enemy/1-Idle/3.png
09:20:03.055 [FXGL Background Thread 2 ] DEBUG FXGLAssetLoaderServi - Loading from file system: file:/C:/Users/Usuario/OneDrive%20-%20Universidad%20Icesi%20(@icesi.edu.co)/APO2/Tareas%20integradoras/NuclearThroneAtomic/src/nuclearthroneatomic/target/classes/assets/textures/enemy/1-Idle/4.png
09:20:03.067 [FXGL Background Thread 2 ] DEBUG FXGLAssetLoaderServi - Loading from file system: file:/C:/Users/Usuario/OneDrive%20-%20Universidad%20Icesi%20(@icesi.edu.co)/APO2/Tareas%20integradoras/NuclearThroneAtomic/src/nuclearthroneatomic/target/classes/assets/textures/enemy/2-Run/1.png
09:20:03.070 [FXGL Background Thread 2 ] DEBUG FXGLAssetLoaderServi - Loading from file system: file:/C:/Users/Usuario/OneDrive%20-%20Universidad%20Icesi%20(@icesi.edu.co)/APO2/Tareas%20integradoras/NuclearThroneAtomic/src/nuclearthroneatomic/target/classes/assets/textures/enemy/2-Run/2.png
09:20:03.073 [FXGL Background Thread 2 ] DEBUG FXGLAssetLoaderServi - Loading from file system: file:/C:/Users/Usuario/OneDrive%20-%20Universidad%20Icesi%20(@icesi.edu.co)/APO2/Tareas%20integradoras/NuclearThroneAtomic/src/nuclearthroneatomic/target/classes/assets/textures/enemy/2-Run/3.png
09:20:03.076 [FXGL Background Thread 2 ] DEBUG FXGLAssetLoaderServi - Loading from file system: file:/C:/Users/Usuario/OneDrive%20-%20Universidad%20Icesi%20(@icesi.edu.co)/APO2/Tareas%20integradoras/NuclearThroneAtomic/src/nuclearthroneatomic/target/classes/assets/textures/enemy/2-Run/4.png
09:20:03.078 [FXGL Background Thread 2 ] DEBUG FXGLAssetLoaderServi - Loading from file system: file:/C:/Users/Usuario/OneDrive%20-%20Universidad%20Icesi%20(@icesi.edu.co)/APO2/Tareas%20integradoras/NuclearThroneAtomic/src/nuclearthroneatomic/target/classes/assets/textures/enemy/2-Run/5.png
09:20:03.081 [FXGL Background Thread 2 ] DEBUG FXGLAssetLoaderServi - Loading from file system: file:/C:/Users/Usuario/OneDrive%20-%20Universidad%20Icesi%20(@icesi.edu.co)/APO2/Tareas%20integradoras/NuclearThroneAtomic/src/nuclearthroneatomic/target/classes/assets/textures/enemy/2-Run/6.png
09:20:03.130 [FXGL Background Thread 2 ] DEBUG FXGLAssetLoaderServi - Loading from file system: file:/C:/Users/Usuario/OneDrive%20-%20Universidad%20Icesi%20(@icesi.edu.co)/APO2/Tareas%20integradoras/NuclearThroneAtomic/src/nuclearthroneatomic/target/classes/assets/textures/mouse/mousecomplete.png
09:20:03.132 [FXGL Background Thread 2 ] DEBUG FXGLAssetLoaderServi - Loading from file system: file:/C:/Users/Usuario/OneDrive%20-%20Universidad%20Icesi%20(@icesi.edu.co)/APO2/Tareas%20integradoras/NuclearThroneAtomic/src/nuclearthroneatomic/target/classes/assets/textures/Wall/1.png
09:20:03.362 [FXGL Background Thread 2 ] INFO  FXGLApplication      - Game initialization took: 0,503 sec
09:20:03.362 [JavaFX Application Thread] DEBUG Input                - Clearing active input actions
09:20:03.374 [JavaFX Application Thread] DEBUG GameApplicationServi - Removing overlay from FXGLLoadingScene and adding to GameScene
09:20:03.374 [JavaFX Application Thread] DEBUG PrimaryStageWindow   - FXGLLoadingScene -> GameScene
09:20:04.421 [FXGL Background Thread 3 ] DEBUG Engine               - Logging environment variables
09:20:04.423 [FXGL Background Thread 3 ] DEBUG Engine               - achievements: []
09:20:04.423 [FXGL Background Thread 3 ] DEBUG Engine               - actualHeight: 600.0
09:20:04.423 [FXGL Background Thread 3 ] DEBUG Engine               - actualHeightProperty: ReadOnlyDoubleProperty [value: 600.0]
09:20:04.423 [FXGL Background Thread 3 ] DEBUG Engine               - actualWidth: 800.0
09:20:04.423 [FXGL Background Thread 3 ] DEBUG Engine               - actualWidthProperty: ReadOnlyDoubleProperty [value: 800.0]
09:20:04.424 [FXGL Background Thread 3 ] DEBUG Engine               - appIcon: fxgl_icon.png
09:20:04.424 [FXGL Background Thread 3 ] DEBUG Engine               - applicationMode: DEVELOPER
09:20:04.424 [FXGL Background Thread 3 ] DEBUG Engine               - cSSList: [fxgl_dark.css]
09:20:04.424 [FXGL Background Thread 3 ] DEBUG Engine               - collisionDetectionStrategy: BRUTE_FORCE
09:20:04.424 [FXGL Background Thread 3 ] DEBUG Engine               - configClass: Optional.empty
09:20:04.424 [FXGL Background Thread 3 ] DEBUG Engine               - credits: [Designer . . . . . . . Johan Daniel Aguirre, Program Team . . . . . . Juan Sebastián Libreros,                           Juan Jose Barrera,                           Johan Daniel Aguirre, El mas lindo . . . . . . Juan Sebastián Libreros, Master Thief . . . . . . Johan Daniel Aguirre]
09:20:04.424 [FXGL Background Thread 3 ] DEBUG Engine               - defaultCursor: CursorInfo(imageName=fxgl_default_cursor.png, hotspotX=7.0, hotspotY=6.0)
09:20:04.425 [FXGL Background Thread 3 ] DEBUG Engine               - devBBoxColorProperty: ObjectProperty [value: 0xff0000ff]
09:20:04.425 [FXGL Background Thread 3 ] DEBUG Engine               - devEnableDebugCameraProperty: BooleanProperty [value: false]
09:20:04.425 [FXGL Background Thread 3 ] DEBUG Engine               - devSensorColorProperty: ObjectProperty [value: 0xffff00ff]
09:20:04.425 [FXGL Background Thread 3 ] DEBUG Engine               - devShowBBoxProperty: BooleanProperty [value: false]
09:20:04.425 [FXGL Background Thread 3 ] DEBUG Engine               - devShowPositionProperty: BooleanProperty [value: false]
09:20:04.425 [FXGL Background Thread 3 ] DEBUG Engine               - enabledMenuItems: [EXTRA]
09:20:04.425 [FXGL Background Thread 3 ] DEBUG Engine               - engineServices: [class com.almasb.fxgl.app.services.FXGLAssetLoaderService, class com.almasb.fxgl.app.FXGLApplication$GameApplicationService, class com.almasb.fxgl.app.services.FXGLDialogService, class com.almasb.fxgl.app.services.IOTaskExecutorService, class com.almasb.fxgl.io.FileSystemService, class com.almasb.fxgl.localization.LocalizationService, class com.almasb.fxgl.app.services.SystemBundleService, class com.almasb.fxgl.profile.SaveLoadService, class com.almasb.fxgl.ui.FXGLUIFactoryServiceProvider, class com.almasb.fxgl.ui.FXGLDialogFactoryServiceProvider, class com.almasb.fxgl.audio.AudioPlayer, class com.almasb.fxgl.notification.impl.NotificationServiceProvider, class com.almasb.fxgl.achievement.AchievementService, class com.almasb.fxgl.cutscene.CutsceneService, class com.almasb.fxgl.minigames.MiniGameService, class com.almasb.fxgl.net.NetService, class com.almasb.fxgl.app.services.UpdaterService, class com.almasb.fxgl.dev.DevService]
09:20:04.425 [FXGL Background Thread 3 ] DEBUG Engine               - fontGame: Abel-Regular.ttf
09:20:04.425 [FXGL Background Thread 3 ] DEBUG Engine               - fontMono: TerminalLandMono-Regular.otf
09:20:04.426 [FXGL Background Thread 3 ] DEBUG Engine               - fontText: Courier-Prime.ttf
09:20:04.426 [FXGL Background Thread 3 ] DEBUG Engine               - fontUI: VarelaRound-Regular.ttf
09:20:04.426 [FXGL Background Thread 3 ] DEBUG Engine               - fullScreen: BooleanProperty [value: false]
09:20:04.426 [FXGL Background Thread 3 ] DEBUG Engine               - gameDifficulty: MEDIUM
09:20:04.426 [FXGL Background Thread 3 ] DEBUG Engine               - gameDifficultyProperty: ObjectProperty [value: MEDIUM]
09:20:04.426 [FXGL Background Thread 3 ] DEBUG Engine               - globalMusicVolume: 0.5
09:20:04.426 [FXGL Background Thread 3 ] DEBUG Engine               - globalMusicVolumeProperty: DoubleProperty [value: 1.0]
09:20:04.426 [FXGL Background Thread 3 ] DEBUG Engine               - globalSoundVolume: 0.5
09:20:04.426 [FXGL Background Thread 3 ] DEBUG Engine               - globalSoundVolumeProperty: DoubleProperty [value: 0.1]
09:20:04.426 [FXGL Background Thread 3 ] DEBUG Engine               - height: 600
09:20:04.427 [FXGL Background Thread 3 ] DEBUG Engine               - is3D: false
09:20:04.427 [FXGL Background Thread 3 ] DEBUG Engine               - isAndroid: false
09:20:04.427 [FXGL Background Thread 3 ] DEBUG Engine               - isBrowser: false
09:20:04.427 [FXGL Background Thread 3 ] DEBUG Engine               - isClickFeedbackEnabled: false
09:20:04.427 [FXGL Background Thread 3 ] DEBUG Engine               - isCloseConfirmation: false
09:20:04.427 [FXGL Background Thread 3 ] DEBUG Engine               - isDesktop: true
09:20:04.427 [FXGL Background Thread 3 ] DEBUG Engine               - isDeveloperMenuEnabled: false
09:20:04.427 [FXGL Background Thread 3 ] DEBUG Engine               - isEmbedded: false
09:20:04.427 [FXGL Background Thread 3 ] DEBUG Engine               - isEntityPreloadEnabled: true
09:20:04.427 [FXGL Background Thread 3 ] DEBUG Engine               - isExperimentalTiledLargeMap: false
09:20:04.427 [FXGL Background Thread 3 ] DEBUG Engine               - isFileSystemWriteAllowed: true
09:20:04.427 [FXGL Background Thread 3 ] DEBUG Engine               - isFullScreenAllowed: true
09:20:04.427 [FXGL Background Thread 3 ] DEBUG Engine               - isFullScreenFromStart: false
09:20:04.428 [FXGL Background Thread 3 ] DEBUG Engine               - isGameMenuEnabled: true
09:20:04.428 [FXGL Background Thread 3 ] DEBUG Engine               - isIOS: false
09:20:04.428 [FXGL Background Thread 3 ] DEBUG Engine               - isIntroEnabled: false
09:20:04.428 [FXGL Background Thread 3 ] DEBUG Engine               - isLinux: false
09:20:04.428 [FXGL Background Thread 3 ] DEBUG Engine               - isMac: false
09:20:04.428 [FXGL Background Thread 3 ] DEBUG Engine               - isMainMenuEnabled: true
09:20:04.428 [FXGL Background Thread 3 ] DEBUG Engine               - isManualResizeEnabled: false
09:20:04.428 [FXGL Background Thread 3 ] DEBUG Engine               - isMobile: false
09:20:04.428 [FXGL Background Thread 3 ] DEBUG Engine               - isNative: false
09:20:04.428 [FXGL Background Thread 3 ] DEBUG Engine               - isPauseMusicWhenMinimized: true
09:20:04.428 [FXGL Background Thread 3 ] DEBUG Engine               - isPreserveResizeRatio: false
09:20:04.429 [FXGL Background Thread 3 ] DEBUG Engine               - isProfilingEnabled: false
09:20:04.429 [FXGL Background Thread 3 ] DEBUG Engine               - isScaleAffectedOnResize: true
09:20:04.429 [FXGL Background Thread 3 ] DEBUG Engine               - isSingleStep: false
09:20:04.429 [FXGL Background Thread 3 ] DEBUG Engine               - isUserProfileEnabled: false
09:20:04.429 [FXGL Background Thread 3 ] DEBUG Engine               - isWindows: true
09:20:04.429 [FXGL Background Thread 3 ] DEBUG Engine               - language: ObjectProperty [value: ENGLISH]
09:20:04.429 [FXGL Background Thread 3 ] DEBUG Engine               - menuKey: ESCAPE
09:20:04.429 [FXGL Background Thread 3 ] DEBUG Engine               - mouseSensitivity: 0.2
09:20:04.429 [FXGL Background Thread 3 ] DEBUG Engine               - notificationViewClass: class com.almasb.fxgl.notification.view.XboxNotificationView
09:20:04.430 [FXGL Background Thread 3 ] DEBUG Engine               - pixelsPerMeter: 50.0
09:20:04.430 [FXGL Background Thread 3 ] DEBUG Engine               - platform: WINDOWS
09:20:04.430 [FXGL Background Thread 3 ] DEBUG Engine               - prefHeightProperty: ReadOnlyDoubleProperty [value: 600.0]
09:20:04.430 [FXGL Background Thread 3 ] DEBUG Engine               - prefWidthProperty: ReadOnlyDoubleProperty [value: 800.0]
09:20:04.430 [FXGL Background Thread 3 ] DEBUG Engine               - profileDir: profiles/
09:20:04.430 [FXGL Background Thread 3 ] DEBUG Engine               - profileName: StringProperty [value: DEFAULT]
09:20:04.430 [FXGL Background Thread 3 ] DEBUG Engine               - randomSeed: -1
09:20:04.431 [FXGL Background Thread 3 ] DEBUG Engine               - runtimeInfo: RuntimeInfo(platform=WINDOWS, version=17.2, build=20.08.2022 16.50)
09:20:04.431 [FXGL Background Thread 3 ] DEBUG Engine               - saveFileExt: sav
09:20:04.433 [FXGL Background Thread 3 ] DEBUG Engine               - scaledHeightProp$fxgl: DoubleProperty [bound, value: 600.0]
09:20:04.434 [FXGL Background Thread 3 ] DEBUG Engine               - scaledWidthProp$fxgl: DoubleProperty [bound, value: 800.0]
09:20:04.434 [FXGL Background Thread 3 ] DEBUG Engine               - sceneFactory: com.almasb.fxgl.app.scene.SceneFactory@3f275566
09:20:04.434 [FXGL Background Thread 3 ] DEBUG Engine               - secondsIn24h: 60
09:20:04.434 [FXGL Background Thread 3 ] DEBUG Engine               - soundMenuBack: menu/back.wav
09:20:04.435 [FXGL Background Thread 3 ] DEBUG Engine               - soundMenuPress: menu/press.wav
09:20:04.435 [FXGL Background Thread 3 ] DEBUG Engine               - soundMenuSelect: menu/select.wav
09:20:04.435 [FXGL Background Thread 3 ] DEBUG Engine               - soundNotification: core/notification.wav
09:20:04.435 [FXGL Background Thread 3 ] DEBUG Engine               - stageStyle: DECORATED
09:20:04.435 [FXGL Background Thread 3 ] DEBUG Engine               - supportedLanguages: [ENGLISH, FRENCH, GERMAN, HUNGARIAN, RUSSIAN]
09:20:04.435 [FXGL Background Thread 3 ] DEBUG Engine               - ticksPerSecond: -1
09:20:04.435 [FXGL Background Thread 3 ] DEBUG Engine               - title: Nuclear Throne Atomic
09:20:04.436 [FXGL Background Thread 3 ] DEBUG Engine               - urlGithub: https://github.com/AlmasB/FXGL
09:20:04.436 [FXGL Background Thread 3 ] DEBUG Engine               - urlLeaderboard: http://fxgl-top.herokuapp.com/
09:20:04.436 [FXGL Background Thread 3 ] DEBUG Engine               - urlPOM: https://raw.githubusercontent.com/AlmasB/FXGL/release/README.md
09:20:04.436 [FXGL Background Thread 3 ] DEBUG Engine               - userAppClass: class com.example.nuclearthroneatomic.Controller
09:20:04.436 [FXGL Background Thread 3 ] DEBUG Engine               - version: 0.0
09:20:04.436 [FXGL Background Thread 3 ] DEBUG Engine               - versionCheckDays: 7
09:20:04.436 [FXGL Background Thread 3 ] DEBUG Engine               - width: 800
09:20:04.436 [FXGL Background Thread 3 ] DEBUG Engine               - Logging services
09:20:04.436 [FXGL Background Thread 3 ] DEBUG Engine               - class com.almasb.fxgl.app.services.FXGLAssetLoaderService
09:20:04.436 [FXGL Background Thread 3 ] DEBUG Engine               - class com.almasb.fxgl.app.FXGLApplication$GameApplicationService
09:20:04.436 [FXGL Background Thread 3 ] DEBUG Engine               - class com.almasb.fxgl.app.services.FXGLDialogService
09:20:04.436 [FXGL Background Thread 3 ] DEBUG Engine               - class com.almasb.fxgl.app.services.IOTaskExecutorService
09:20:04.436 [FXGL Background Thread 3 ] DEBUG Engine               - class com.almasb.fxgl.io.FileSystemService
09:20:04.436 [FXGL Background Thread 3 ] DEBUG Engine               - class com.almasb.fxgl.localization.LocalizationService
09:20:04.437 [FXGL Background Thread 3 ] DEBUG Engine               - class com.almasb.fxgl.app.services.SystemBundleService
09:20:04.437 [FXGL Background Thread 3 ] DEBUG Engine               - class com.almasb.fxgl.profile.SaveLoadService
09:20:04.437 [FXGL Background Thread 3 ] DEBUG Engine               - class com.almasb.fxgl.ui.FXGLUIFactoryServiceProvider
09:20:04.437 [FXGL Background Thread 3 ] DEBUG Engine               - class com.almasb.fxgl.ui.FXGLDialogFactoryServiceProvider
09:20:04.437 [FXGL Background Thread 3 ] DEBUG Engine               - class com.almasb.fxgl.audio.AudioPlayer
09:20:04.437 [FXGL Background Thread 3 ] DEBUG Engine               - class com.almasb.fxgl.notification.impl.NotificationServiceProvider
09:20:04.437 [FXGL Background Thread 3 ] DEBUG Engine               - class com.almasb.fxgl.achievement.AchievementService
09:20:04.437 [FXGL Background Thread 3 ] DEBUG Engine               - class com.almasb.fxgl.cutscene.CutsceneService
09:20:04.437 [FXGL Background Thread 3 ] DEBUG Engine               - class com.almasb.fxgl.minigames.MiniGameService
09:20:04.437 [FXGL Background Thread 3 ] DEBUG Engine               - class com.almasb.fxgl.net.NetService
09:20:04.437 [FXGL Background Thread 3 ] DEBUG Engine               - class com.almasb.fxgl.app.services.UpdaterService
09:20:04.437 [FXGL Background Thread 3 ] DEBUG Engine               - class com.almasb.fxgl.dev.DevService
09:20:05.610 [JavaFX Application Thread] DEBUG FXGLAssetLoaderServi - Loading from file system: file:/C:/Users/Usuario/OneDrive%20-%20Universidad%20Icesi%20(@icesi.edu.co)/APO2/Tareas%20integradoras/NuclearThroneAtomic/src/nuclearthroneatomic/target/classes/assets/textures/Bullet/1.png
09:20:07.192 [JavaFX Application Thread] DEBUG FXGLAssetLoaderServi - Loading from file system: file:/C:/Users/Usuario/OneDrive%20-%20Universidad%20Icesi%20(@icesi.edu.co)/APO2/Tareas%20integradoras/NuclearThroneAtomic/src/nuclearthroneatomic/target/classes/assets/textures/portal/1.png
09:20:07.198 [JavaFX Application Thread] DEBUG FXGLAssetLoaderServi - Loading from file system: file:/C:/Users/Usuario/OneDrive%20-%20Universidad%20Icesi%20(@icesi.edu.co)/APO2/Tareas%20integradoras/NuclearThroneAtomic/src/nuclearthroneatomic/target/classes/assets/textures/portal/2.png
09:20:07.203 [JavaFX Application Thread] DEBUG FXGLAssetLoaderServi - Loading from file system: file:/C:/Users/Usuario/OneDrive%20-%20Universidad%20Icesi%20(@icesi.edu.co)/APO2/Tareas%20integradoras/NuclearThroneAtomic/src/nuclearthroneatomic/target/classes/assets/textures/portal/3.png
09:20:07.208 [JavaFX Application Thread] DEBUG FXGLAssetLoaderServi - Loading from file system: file:/C:/Users/Usuario/OneDrive%20-%20Universidad%20Icesi%20(@icesi.edu.co)/APO2/Tareas%20integradoras/NuclearThroneAtomic/src/nuclearthroneatomic/target/classes/assets/textures/portal/4.png
09:20:17.956 [JavaFX Application Thread] DEBUG FXGLAssetLoaderServi - Loading from file system: file:/C:/Users/Usuario/OneDrive%20-%20Universidad%20Icesi%20(@icesi.edu.co)/APO2/Tareas%20integradoras/NuclearThroneAtomic/src/nuclearthroneatomic/target/classes/assets/textures/Guns/2.png
09:20:21.829 [JavaFX Application Thread] DEBUG FXGLAssetLoaderServi - Loading from file system: file:/C:/Users/Usuario/OneDrive%20-%20Universidad%20Icesi%20(@icesi.edu.co)/APO2/Tareas%20integradoras/NuclearThroneAtomic/src/nuclearthroneatomic/target/classes/assets/textures/Munition/2.png
09:20:23.353 [JavaFX Application Thread] DEBUG FXGLAssetLoaderServi - Loading from file system: file:/C:/Users/Usuario/OneDrive%20-%20Universidad%20Icesi%20(@icesi.edu.co)/APO2/Tareas%20integradoras/NuclearThroneAtomic/src/nuclearthroneatomic/target/classes/assets/textures/Bullet/2.png
09:20:23.826 [JavaFX Application Thread] DEBUG PrimaryStageWindow   - Push state: DialogSubScene
09:20:23.826 [JavaFX Application Thread] DEBUG Input                - Clearing active input actions
09:20:23.827 [JavaFX Application Thread] DEBUG GameApplicationServi - Removing overlay from GameScene and adding to DialogSubScene
09:20:23.827 [JavaFX Application Thread] DEBUG PrimaryStageWindow   - GameScene -> DialogSubScene
09:20:25.516 [JavaFX Application Thread] DEBUG PrimaryStageWindow   - Pop state: DialogSubScene
09:20:25.517 [JavaFX Application Thread] DEBUG Input                - Clearing active input actions
09:20:25.517 [JavaFX Application Thread] DEBUG GameApplicationServi - Removing overlay from DialogSubScene and adding to GameScene
09:20:25.517 [JavaFX Application Thread] DEBUG PrimaryStageWindow   - GameScene <- DialogSubScene
09:20:25.517 [JavaFX Application Thread] DEBUG FXGLApplication      - Exiting FXGL
09:20:25.518 [JavaFX Application Thread] DEBUG LoopRunner           - Stopping loop
09:20:25.518 [JavaFX Application Thread] DEBUG SystemBundleService  - Saving FXGL system data
09:20:25.521 [JavaFX Application Thread] DEBUG FileSystemAccess     - Writing to: C:\Users\Usuario\OneDrive - Universidad Icesi (@icesi.edu.co)\APO2\Tareas integradoras\NuclearThroneAtomic\src\nuclearthroneatomic\system\fxgl.bundle
09:20:25.524 [JavaFX Application Thread] DEBUG Async                - Shutting down background threads
09:20:25.524 [JavaFX Application Thread] DEBUG PrimaryStageWindow   - Closing main window
09:20:25.542 [JavaFX Application Thread] DEBUG Logger               - Closing Logger
