10:19:44.000 [main                     ] DEBUG Logger               - Configured Logger
10:19:44.038 [main                     ] DEBUG GameApplication      - Logging settings
Title: Nuclear Throne Atomic
Version: 0.0
Width: 800
Height: 600
Fullscreen: true
Intro: false
Profiling: false
Single step:false
App Mode: DEVELOPER
Menu Key: ESCAPE
Stage Style: DECORATED
Scene Factory: class com.almasb.fxgl.app.scene.SceneFactory

10:19:44.956 [JavaFX Application Thread] DEBUG FXGLApplication      - Initializing FXGL
10:19:44.964 [JavaFX Application Thread] INFO  Engine               - FXGL-17.2 (20.08.2022 16.50) on WINDOWS (J:20.0.1 FX:19.0.2.1)
10:19:44.965 [JavaFX Application Thread] DEBUG Engine               - JRE Vendor Name: Oracle Corporation
10:19:44.965 [JavaFX Application Thread] DEBUG Engine               - Running on OS: Windows 10 version 10.0
10:19:44.966 [JavaFX Application Thread] DEBUG Engine               - Architecture: amd64
10:19:44.966 [JavaFX Application Thread] INFO  Engine               - Source code and latest versions at: https://github.com/AlmasB/FXGL
10:19:44.966 [JavaFX Application Thread] INFO  Engine               -       Ask questions and discuss at: https://github.com/AlmasB/FXGL/discussions
10:19:44.966 [JavaFX Application Thread] INFO  Engine               -              Join the FXGL chat at: https://gitter.im/AlmasB/FXGL
10:19:45.082 [JavaFX Application Thread] DEBUG PrimaryStageWindow   - Creating a JavaFX scene
10:19:45.161 [JavaFX Application Thread] DEBUG PrimaryStageWindow   - Target settings size: 800.0 x 600.0
10:19:45.161 [JavaFX Application Thread] DEBUG PrimaryStageWindow   - Scaled scene size:    800.0 x 600.0
10:19:45.162 [JavaFX Application Thread] DEBUG PrimaryStageWindow   - Scaled ratio: (1.0, 1.0)
10:19:45.163 [JavaFX Application Thread] DEBUG PrimaryStageWindow   - Set initial scene to FXGLStartupScene
10:19:45.171 [JavaFX Application Thread] DEBUG PrimaryStageWindow   - Opening main window
10:19:45.308 [JavaFX Application Thread] DEBUG PrimaryStageWindow   - Window border size: (16.0, 39.0)
10:19:45.309 [JavaFX Application Thread] DEBUG PrimaryStageWindow   - Scaled size: 800.0 x 600.0
10:19:45.309 [JavaFX Application Thread] DEBUG PrimaryStageWindow   - Scaled ratio: (1.0, 1.0)
10:19:45.310 [JavaFX Application Thread] DEBUG PrimaryStageWindow   - Scene size: 800.0 x 600.0
10:19:45.311 [JavaFX Application Thread] DEBUG PrimaryStageWindow   - Stage size: 816.0 x 639.0
10:19:45.399 [JavaFX Application Thread] DEBUG PrimaryStageWindow   - Going fullscreen
10:19:45.416 [FXGL Background Thread 1 ] DEBUG Engine               - Initializing environment variables
10:19:45.507 [FXGL Background Thread 1 ] DEBUG FXGLAssetLoaderServi - User app class for loading assets: class com.example.nuclearthroneatomic.Controller
10:19:45.507 [FXGL Background Thread 1 ] DEBUG GameApplicationServi - Applying CSS: fxgl_dark.css
10:19:45.509 [FXGL Background Thread 1 ] DEBUG FXGLAssetLoaderServi - Loading from file system: jar:file:///C:/Users/Usuario/.m2/repository/com/github/almasb/fxgl/17.2/fxgl-17.2.jar!/fxglassets/ui/css/fxgl_dark.css
10:19:45.602 [FXGL Background Thread 1 ] DEBUG GameApplicationServi - Initializing application scenes
10:19:45.694 [FXGL Background Thread 1 ] DEBUG GameWorld            - Game world initialized
10:19:45.802 [FXGL Background Thread 1 ] DEBUG PhysicsWorld         - Physics world initialized: appHeight=600, physics.ppm=50,0
10:19:45.803 [FXGL Background Thread 1 ] DEBUG PhysicsWorld         - Using strategy: BRUTE_FORCE
10:19:45.809 [FXGL Background Thread 1 ] DEBUG GameScene            - Game scene initialized: 800x600
10:19:45.831 [FXGL Background Thread 1 ] DEBUG FXGL.DefaultMenu     - createMenuBodyMainMenu()
10:19:45.862 [FXGL Background Thread 1 ] DEBUG FXGL.DefaultMenu     - createOptionsMenu()
10:19:45.877 [FXGL Background Thread 1 ] DEBUG FXGL.DefaultMenu     - createExtraMenu()
10:19:45.893 [FXGL Background Thread 1 ] DEBUG FXGLAssetLoaderServi - Loading from file system: jar:file:///C:/Users/Usuario/.m2/repository/com/github/almasb/fxgl/17.2/fxgl-17.2.jar!/fxglassets/textures/particles/smoke.png
10:19:46.019 [FXGL Background Thread 1 ] DEBUG FXGLAssetLoaderServi - Loading from file system: jar:file:///C:/Users/Usuario/.m2/repository/com/github/almasb/fxgl/17.2/fxgl-17.2.jar!/fxglassets/textures/particles/trace_horizontal.png
10:19:46.056 [FXGL Background Thread 1 ] DEBUG FXGL.DefaultMenu     - createMenuBodyGameMenu()
10:19:46.058 [FXGL Background Thread 1 ] DEBUG FXGL.DefaultMenu     - createOptionsMenu()
10:19:46.061 [FXGL Background Thread 1 ] DEBUG FXGL.DefaultMenu     - createExtraMenu()
10:19:46.077 [FXGL Background Thread 1 ] DEBUG GameApplicationServi - Application scenes initialized
10:19:46.091 [FXGL Background Thread 1 ] DEBUG SystemBundleService  - Loading FXGL system data
10:19:46.096 [FXGL Background Thread 1 ] DEBUG FileSystemAccess     - Reading from: C:\Users\Usuario\OneDrive - Universidad Icesi (@icesi.edu.co)\APO2\Tareas integradoras\NuclearThroneAtomic\src\nuclearthroneatomic\system\fxgl.bundle
10:19:46.108 [FXGL Background Thread 1 ] DEBUG SystemBundleService  - Bundle FXGL: {}
10:19:46.108 [FXGL Background Thread 1 ] DEBUG UpdaterService       - Checking for updates
10:19:46.114 [FXGL Background Thread 4 ] DEBUG FXGLApplication      - Loading fonts
10:19:46.114 [FXGL Background Thread 1 ] DEBUG FXGLApplication      - Loading default localization
10:19:46.115 [FXGL Background Thread 4 ] DEBUG FXGLAssetLoaderServi - Loading from file system: jar:file:///C:/Users/Usuario/.m2/repository/com/github/almasb/fxgl/17.2/fxgl-17.2.jar!/fxglassets/ui/fonts/VarelaRound-Regular.ttf
10:19:46.115 [FXGL Background Thread 1 ] DEBUG FXGLAssetLoaderServi - Loading from file system: jar:file:///C:/Users/Usuario/.m2/repository/com/github/almasb/fxgl/17.2/fxgl-17.2.jar!/fxglassets/languages/english.lang
10:19:46.142 [FXGL Background Thread 1 ] INFO  FXGLApplication      - FXGL initialization took: 0,726 sec
10:19:46.157 [JavaFX Application Thread] DEBUG Input                - Registered new binding: lucky - Q
10:19:46.157 [JavaFX Application Thread] DEBUG Input                - Registered new binding: health - F
10:19:46.158 [JavaFX Application Thread] DEBUG Input                - Registered new binding: Right - D
10:19:46.158 [JavaFX Application Thread] DEBUG Input                - Registered new binding: Left - A
10:19:46.158 [JavaFX Application Thread] DEBUG Input                - Registered new binding: Up - W
10:19:46.158 [JavaFX Application Thread] DEBUG Input                - Registered new binding: Down - S
10:19:46.161 [JavaFX Application Thread] DEBUG Input                - Registered new binding: Reload - RMB
10:19:46.162 [JavaFX Application Thread] DEBUG Input                - Registered new binding: Shoot - LMB
10:19:46.163 [JavaFX Application Thread] DEBUG FXGLAssetLoaderServi - Loading from file system: file:/C:/Users/Usuario/OneDrive%20-%20Universidad%20Icesi%20(@icesi.edu.co)/APO2/Tareas%20integradoras/NuclearThroneAtomic/src/nuclearthroneatomic/target/classes/assets/music/muiscformenus.mp3
10:19:46.272 [FXGL Background Thread 4 ] DEBUG FXGLAssetLoaderServi - Loading from file system: jar:file:///C:/Users/Usuario/.m2/repository/com/github/almasb/fxgl/17.2/fxgl-17.2.jar!/fxglassets/ui/fonts/Abel-Regular.ttf
10:19:46.280 [FXGL Background Thread 4 ] DEBUG FXGLAssetLoaderServi - Loading from file system: jar:file:///C:/Users/Usuario/.m2/repository/com/github/almasb/fxgl/17.2/fxgl-17.2.jar!/fxglassets/ui/fonts/TerminalLandMono-Regular.otf
10:19:46.299 [FXGL Background Thread 4 ] DEBUG FXGLAssetLoaderServi - Loading from file system: jar:file:///C:/Users/Usuario/.m2/repository/com/github/almasb/fxgl/17.2/fxgl-17.2.jar!/fxglassets/ui/fonts/Courier-Prime.ttf
10:19:46.419 [JavaFX Application Thread] DEBUG AudioPlayer          - Playing music com.almasb.fxgl.audio.Music@7e66fa42
10:19:46.421 [JavaFX Application Thread] DEBUG FXGLAssetLoaderServi - Loading from file system: jar:file:///C:/Users/Usuario/.m2/repository/com/github/almasb/fxgl/17.2/fxgl-17.2.jar!/fxglassets/textures/fxgl_icon.png
10:19:46.459 [JavaFX Application Thread] DEBUG FXGLAssetLoaderServi - Loading from file system: jar:file:///C:/Users/Usuario/.m2/repository/com/github/almasb/fxgl/17.2/fxgl-17.2.jar!/fxglassets/textures/fxgl_default_cursor.png
10:19:46.464 [JavaFX Application Thread] DEBUG Input                - Registered new binding: Screenshot - CTRL+8
10:19:46.465 [JavaFX Application Thread] DEBUG Input                - Registered new binding: System info dump - CTRL+9
10:19:46.466 [JavaFX Application Thread] DEBUG Input                - Registered new binding: Restart - CTRL+R
10:19:46.467 [JavaFX Application Thread] DEBUG Input                - Registered new binding: Toggle Debug Camera - CTRL+7
10:19:46.470 [JavaFX Application Thread] DEBUG LoopRunner           - Starting loop
10:19:46.470 [JavaFX Application Thread] DEBUG LoopRunner           - Initializing JavaFX AnimationTimerLoop
10:19:46.475 [JavaFX Application Thread] DEBUG Input                - Clearing active input actions
10:19:46.493 [JavaFX Application Thread] DEBUG GameApplicationServi - Removing overlay from FXGLStartupScene and adding to FXGLMainMenuDummyScene
10:19:46.494 [JavaFX Application Thread] DEBUG PrimaryStageWindow   - FXGLStartupScene -> FXGLMainMenuDummyScene
10:19:46.494 [JavaFX Application Thread] DEBUG PrimaryStageWindow   - Push state: FXGLDefaultMenu
10:19:46.502 [JavaFX Application Thread] DEBUG Input                - Clearing active input actions
10:19:46.514 [JavaFX Application Thread] DEBUG GameApplicationServi - Removing overlay from FXGLMainMenuDummyScene and adding to FXGLDefaultMenu
10:19:46.515 [JavaFX Application Thread] DEBUG PrimaryStageWindow   - FXGLMainMenuDummyScene -> FXGLDefaultMenu
10:19:46.516 [JavaFX Application Thread] DEBUG FXGLApplication      - Registering font factories with UI factory
10:19:46.841 [FXGL Background Thread 2 ] INFO  UpdaterService       - Your current version:  17.2
10:19:46.842 [FXGL Background Thread 2 ] INFO  UpdaterService       - Latest stable version: 17.3
10:19:48.265 [JavaFX Application Thread] DEBUG Menu                 - fireNewGame()
10:19:48.265 [JavaFX Application Thread] DEBUG GameApplicationServi - Starting new game
10:19:48.268 [JavaFX Application Thread] DEBUG PrimaryStageWindow   - Pop state: FXGLDefaultMenu
10:19:48.268 [JavaFX Application Thread] DEBUG Input                - Clearing active input actions
10:19:48.269 [JavaFX Application Thread] DEBUG GameApplicationServi - Removing overlay from FXGLDefaultMenu and adding to FXGLMainMenuDummyScene
10:19:48.270 [JavaFX Application Thread] DEBUG PrimaryStageWindow   - FXGLMainMenuDummyScene <- FXGLDefaultMenu
10:19:48.271 [JavaFX Application Thread] DEBUG Input                - Clearing active input actions
10:19:48.281 [JavaFX Application Thread] DEBUG GameApplicationServi - Removing overlay from FXGLMainMenuDummyScene and adding to FXGLLoadingScene
10:19:48.281 [JavaFX Application Thread] DEBUG PrimaryStageWindow   - FXGLMainMenuDummyScene -> FXGLLoadingScene
10:19:48.282 [JavaFX Application Thread] DEBUG GameApplicationServi - Clearing previous game
10:19:48.282 [JavaFX Application Thread] DEBUG GameScene            - Clearing game scene
10:19:48.282 [JavaFX Application Thread] DEBUG GameWorld            - Clearing game world
10:19:48.282 [JavaFX Application Thread] DEBUG PhysicsWorld         - Clearing physics world
10:19:48.284 [FXGL Background Thread 2 ] DEBUG FXGLApplication      - Initializing game
10:19:48.298 [FXGL Background Thread 2 ] DEBUG FXGLAssetLoaderServi - Loading from file system: file:/C:/Users/Usuario/OneDrive%20-%20Universidad%20Icesi%20(@icesi.edu.co)/APO2/Tareas%20integradoras/NuclearThroneAtomic/src/nuclearthroneatomic/target/classes/assets/textures/Background/libraryYesOMG.png
10:19:48.320 [FXGL Background Thread 2 ] DEBUG FXGLAssetLoaderServi - Loading from file system: file:/C:/Users/Usuario/OneDrive%20-%20Universidad%20Icesi%20(@icesi.edu.co)/APO2/Tareas%20integradoras/NuclearThroneAtomic/src/nuclearthroneatomic/target/classes/assets/textures/Avatar/1-Idle/1.png
10:19:48.324 [FXGL Background Thread 2 ] DEBUG FXGLAssetLoaderServi - Loading from file system: file:/C:/Users/Usuario/OneDrive%20-%20Universidad%20Icesi%20(@icesi.edu.co)/APO2/Tareas%20integradoras/NuclearThroneAtomic/src/nuclearthroneatomic/target/classes/assets/textures/Avatar/1-Idle/2.png
10:19:48.339 [FXGL Background Thread 2 ] DEBUG FXGLAssetLoaderServi - Loading from file system: file:/C:/Users/Usuario/OneDrive%20-%20Universidad%20Icesi%20(@icesi.edu.co)/APO2/Tareas%20integradoras/NuclearThroneAtomic/src/nuclearthroneatomic/target/classes/assets/textures/Avatar/1-Idle/3.png
10:19:48.343 [FXGL Background Thread 2 ] DEBUG FXGLAssetLoaderServi - Loading from file system: file:/C:/Users/Usuario/OneDrive%20-%20Universidad%20Icesi%20(@icesi.edu.co)/APO2/Tareas%20integradoras/NuclearThroneAtomic/src/nuclearthroneatomic/target/classes/assets/textures/Avatar/1-Idle/4.png
10:19:48.373 [FXGL Background Thread 2 ] DEBUG FXGLAssetLoaderServi - Loading from file system: file:/C:/Users/Usuario/OneDrive%20-%20Universidad%20Icesi%20(@icesi.edu.co)/APO2/Tareas%20integradoras/NuclearThroneAtomic/src/nuclearthroneatomic/target/classes/assets/textures/Avatar/2-Run/1.png
10:19:48.375 [FXGL Background Thread 2 ] DEBUG FXGLAssetLoaderServi - Loading from file system: file:/C:/Users/Usuario/OneDrive%20-%20Universidad%20Icesi%20(@icesi.edu.co)/APO2/Tareas%20integradoras/NuclearThroneAtomic/src/nuclearthroneatomic/target/classes/assets/textures/Avatar/2-Run/2.png
10:19:48.378 [FXGL Background Thread 2 ] DEBUG FXGLAssetLoaderServi - Loading from file system: file:/C:/Users/Usuario/OneDrive%20-%20Universidad%20Icesi%20(@icesi.edu.co)/APO2/Tareas%20integradoras/NuclearThroneAtomic/src/nuclearthroneatomic/target/classes/assets/textures/Avatar/2-Run/3.png
10:19:48.381 [FXGL Background Thread 2 ] DEBUG FXGLAssetLoaderServi - Loading from file system: file:/C:/Users/Usuario/OneDrive%20-%20Universidad%20Icesi%20(@icesi.edu.co)/APO2/Tareas%20integradoras/NuclearThroneAtomic/src/nuclearthroneatomic/target/classes/assets/textures/Avatar/2-Run/4.png
10:19:48.384 [FXGL Background Thread 2 ] DEBUG FXGLAssetLoaderServi - Loading from file system: file:/C:/Users/Usuario/OneDrive%20-%20Universidad%20Icesi%20(@icesi.edu.co)/APO2/Tareas%20integradoras/NuclearThroneAtomic/src/nuclearthroneatomic/target/classes/assets/textures/Avatar/2-Run/5.png
10:19:48.386 [FXGL Background Thread 2 ] DEBUG FXGLAssetLoaderServi - Loading from file system: file:/C:/Users/Usuario/OneDrive%20-%20Universidad%20Icesi%20(@icesi.edu.co)/APO2/Tareas%20integradoras/NuclearThroneAtomic/src/nuclearthroneatomic/target/classes/assets/textures/Avatar/2-Run/6.png
10:19:48.393 [FXGL Background Thread 2 ] DEBUG FXGLAssetLoaderServi - Loading from file system: file:/C:/Users/Usuario/OneDrive%20-%20Universidad%20Icesi%20(@icesi.edu.co)/APO2/Tareas%20integradoras/NuclearThroneAtomic/src/nuclearthroneatomic/target/classes/assets/textures/Munition/1.png
10:19:48.424 [FXGL Background Thread 2 ] DEBUG FXGLAssetLoaderServi - Loading from file system: file:/C:/Users/Usuario/OneDrive%20-%20Universidad%20Icesi%20(@icesi.edu.co)/APO2/Tareas%20integradoras/NuclearThroneAtomic/src/nuclearthroneatomic/target/classes/assets/textures/hud/lifeplayer.png
10:19:48.434 [FXGL Background Thread 2 ] DEBUG FXGLAssetLoaderServi - Loading from file system: file:/C:/Users/Usuario/OneDrive%20-%20Universidad%20Icesi%20(@icesi.edu.co)/APO2/Tareas%20integradoras/NuclearThroneAtomic/src/nuclearthroneatomic/target/classes/assets/textures/hud/medkit.png
10:19:48.438 [FXGL Background Thread 2 ] DEBUG FXGLAssetLoaderServi - Loading from file system: file:/C:/Users/Usuario/OneDrive%20-%20Universidad%20Icesi%20(@icesi.edu.co)/APO2/Tareas%20integradoras/NuclearThroneAtomic/src/nuclearthroneatomic/target/classes/assets/textures/hud/trebol.png
10:19:48.445 [FXGL Background Thread 2 ] DEBUG FXGLAssetLoaderServi - Loading from file system: file:/C:/Users/Usuario/OneDrive%20-%20Universidad%20Icesi%20(@icesi.edu.co)/APO2/Tareas%20integradoras/NuclearThroneAtomic/src/nuclearthroneatomic/target/classes/assets/textures/Guns/2.png
10:19:48.452 [FXGL Background Thread 2 ] DEBUG FXGLAssetLoaderServi - Loading from file system: file:/C:/Users/Usuario/OneDrive%20-%20Universidad%20Icesi%20(@icesi.edu.co)/APO2/Tareas%20integradoras/NuclearThroneAtomic/src/nuclearthroneatomic/target/classes/assets/textures/enemy/1-Idle/1.png
10:19:48.454 [FXGL Background Thread 2 ] DEBUG FXGLAssetLoaderServi - Loading from file system: file:/C:/Users/Usuario/OneDrive%20-%20Universidad%20Icesi%20(@icesi.edu.co)/APO2/Tareas%20integradoras/NuclearThroneAtomic/src/nuclearthroneatomic/target/classes/assets/textures/enemy/1-Idle/2.png
10:19:48.457 [FXGL Background Thread 2 ] DEBUG FXGLAssetLoaderServi - Loading from file system: file:/C:/Users/Usuario/OneDrive%20-%20Universidad%20Icesi%20(@icesi.edu.co)/APO2/Tareas%20integradoras/NuclearThroneAtomic/src/nuclearthroneatomic/target/classes/assets/textures/enemy/1-Idle/3.png
10:19:48.460 [FXGL Background Thread 2 ] DEBUG FXGLAssetLoaderServi - Loading from file system: file:/C:/Users/Usuario/OneDrive%20-%20Universidad%20Icesi%20(@icesi.edu.co)/APO2/Tareas%20integradoras/NuclearThroneAtomic/src/nuclearthroneatomic/target/classes/assets/textures/enemy/1-Idle/4.png
10:19:48.471 [FXGL Background Thread 2 ] DEBUG FXGLAssetLoaderServi - Loading from file system: file:/C:/Users/Usuario/OneDrive%20-%20Universidad%20Icesi%20(@icesi.edu.co)/APO2/Tareas%20integradoras/NuclearThroneAtomic/src/nuclearthroneatomic/target/classes/assets/textures/enemy/2-Run/1.png
10:19:48.474 [FXGL Background Thread 2 ] DEBUG FXGLAssetLoaderServi - Loading from file system: file:/C:/Users/Usuario/OneDrive%20-%20Universidad%20Icesi%20(@icesi.edu.co)/APO2/Tareas%20integradoras/NuclearThroneAtomic/src/nuclearthroneatomic/target/classes/assets/textures/enemy/2-Run/2.png
10:19:48.477 [FXGL Background Thread 2 ] DEBUG FXGLAssetLoaderServi - Loading from file system: file:/C:/Users/Usuario/OneDrive%20-%20Universidad%20Icesi%20(@icesi.edu.co)/APO2/Tareas%20integradoras/NuclearThroneAtomic/src/nuclearthroneatomic/target/classes/assets/textures/enemy/2-Run/3.png
10:19:48.479 [FXGL Background Thread 2 ] DEBUG FXGLAssetLoaderServi - Loading from file system: file:/C:/Users/Usuario/OneDrive%20-%20Universidad%20Icesi%20(@icesi.edu.co)/APO2/Tareas%20integradoras/NuclearThroneAtomic/src/nuclearthroneatomic/target/classes/assets/textures/enemy/2-Run/4.png
10:19:48.482 [FXGL Background Thread 2 ] DEBUG FXGLAssetLoaderServi - Loading from file system: file:/C:/Users/Usuario/OneDrive%20-%20Universidad%20Icesi%20(@icesi.edu.co)/APO2/Tareas%20integradoras/NuclearThroneAtomic/src/nuclearthroneatomic/target/classes/assets/textures/enemy/2-Run/5.png
10:19:48.485 [FXGL Background Thread 2 ] DEBUG FXGLAssetLoaderServi - Loading from file system: file:/C:/Users/Usuario/OneDrive%20-%20Universidad%20Icesi%20(@icesi.edu.co)/APO2/Tareas%20integradoras/NuclearThroneAtomic/src/nuclearthroneatomic/target/classes/assets/textures/enemy/2-Run/6.png
10:19:48.489 [FXGL Background Thread 2 ] DEBUG FXGLAssetLoaderServi - Loading from file system: file:/C:/Users/Usuario/OneDrive%20-%20Universidad%20Icesi%20(@icesi.edu.co)/APO2/Tareas%20integradoras/NuclearThroneAtomic/src/nuclearthroneatomic/target/classes/assets/textures/Guns/1.png
10:19:48.517 [FXGL Background Thread 2 ] DEBUG FXGLAssetLoaderServi - Loading from file system: file:/C:/Users/Usuario/OneDrive%20-%20Universidad%20Icesi%20(@icesi.edu.co)/APO2/Tareas%20integradoras/NuclearThroneAtomic/src/nuclearthroneatomic/target/classes/assets/textures/mouse/mousecomplete.png
10:19:48.520 [FXGL Background Thread 2 ] DEBUG FXGLAssetLoaderServi - Loading from file system: file:/C:/Users/Usuario/OneDrive%20-%20Universidad%20Icesi%20(@icesi.edu.co)/APO2/Tareas%20integradoras/NuclearThroneAtomic/src/nuclearthroneatomic/target/classes/assets/textures/Wall/1.png
10:19:48.701 [FXGL Background Thread 2 ] INFO  FXGLApplication      - Game initialization took: 0,416 sec
10:19:48.713 [JavaFX Application Thread] DEBUG Input                - Clearing active input actions
10:19:48.723 [JavaFX Application Thread] DEBUG GameApplicationServi - Removing overlay from FXGLLoadingScene and adding to GameScene
10:19:48.724 [JavaFX Application Thread] DEBUG PrimaryStageWindow   - FXGLLoadingScene -> GameScene
10:19:49.112 [FXGL Background Thread 3 ] DEBUG Engine               - Logging environment variables
10:19:49.113 [FXGL Background Thread 3 ] DEBUG Engine               - achievements: []
10:19:49.113 [FXGL Background Thread 3 ] DEBUG Engine               - actualHeight: 1080.0
10:19:49.113 [FXGL Background Thread 3 ] DEBUG Engine               - actualHeightProperty: ReadOnlyDoubleProperty [value: 1080.0]
10:19:49.113 [FXGL Background Thread 3 ] DEBUG Engine               - actualWidth: 1920.0
10:19:49.113 [FXGL Background Thread 3 ] DEBUG Engine               - actualWidthProperty: ReadOnlyDoubleProperty [value: 1920.0]
10:19:49.113 [FXGL Background Thread 3 ] DEBUG Engine               - appIcon: fxgl_icon.png
10:19:49.113 [FXGL Background Thread 3 ] DEBUG Engine               - applicationMode: DEVELOPER
10:19:49.113 [FXGL Background Thread 3 ] DEBUG Engine               - cSSList: [fxgl_dark.css]
10:19:49.113 [FXGL Background Thread 3 ] DEBUG Engine               - collisionDetectionStrategy: BRUTE_FORCE
10:19:49.113 [FXGL Background Thread 3 ] DEBUG Engine               - configClass: Optional.empty
10:19:49.113 [FXGL Background Thread 3 ] DEBUG Engine               - credits: [Designer . . . . . . . Johan Daniel Aguirre, Program Team . . . . . . Juan Sebastián Libreros,                           Juan Jose Barrera,                           Johan Daniel Aguirre, El mas lindo . . . . . . Juan Sebastián Libreros, Master Thief . . . . . . Johan Daniel Aguirre]
10:19:49.114 [FXGL Background Thread 3 ] DEBUG Engine               - defaultCursor: CursorInfo(imageName=fxgl_default_cursor.png, hotspotX=7.0, hotspotY=6.0)
10:19:49.115 [FXGL Background Thread 3 ] DEBUG Engine               - devBBoxColorProperty: ObjectProperty [value: 0xff0000ff]
10:19:49.115 [FXGL Background Thread 3 ] DEBUG Engine               - devEnableDebugCameraProperty: BooleanProperty [value: false]
10:19:49.115 [FXGL Background Thread 3 ] DEBUG Engine               - devSensorColorProperty: ObjectProperty [value: 0xffff00ff]
10:19:49.115 [FXGL Background Thread 3 ] DEBUG Engine               - devShowBBoxProperty: BooleanProperty [value: false]
10:19:49.115 [FXGL Background Thread 3 ] DEBUG Engine               - devShowPositionProperty: BooleanProperty [value: false]
10:19:49.115 [FXGL Background Thread 3 ] DEBUG Engine               - enabledMenuItems: [EXTRA]
10:19:49.115 [FXGL Background Thread 3 ] DEBUG Engine               - engineServices: [class com.almasb.fxgl.app.services.FXGLAssetLoaderService, class com.almasb.fxgl.app.FXGLApplication$GameApplicationService, class com.almasb.fxgl.app.services.FXGLDialogService, class com.almasb.fxgl.app.services.IOTaskExecutorService, class com.almasb.fxgl.io.FileSystemService, class com.almasb.fxgl.localization.LocalizationService, class com.almasb.fxgl.app.services.SystemBundleService, class com.almasb.fxgl.profile.SaveLoadService, class com.almasb.fxgl.ui.FXGLUIFactoryServiceProvider, class com.almasb.fxgl.ui.FXGLDialogFactoryServiceProvider, class com.almasb.fxgl.audio.AudioPlayer, class com.almasb.fxgl.notification.impl.NotificationServiceProvider, class com.almasb.fxgl.achievement.AchievementService, class com.almasb.fxgl.cutscene.CutsceneService, class com.almasb.fxgl.minigames.MiniGameService, class com.almasb.fxgl.net.NetService, class com.almasb.fxgl.app.services.UpdaterService, class com.almasb.fxgl.dev.DevService]
10:19:49.115 [FXGL Background Thread 3 ] DEBUG Engine               - fontGame: Abel-Regular.ttf
10:19:49.116 [FXGL Background Thread 3 ] DEBUG Engine               - fontMono: TerminalLandMono-Regular.otf
10:19:49.116 [FXGL Background Thread 3 ] DEBUG Engine               - fontText: Courier-Prime.ttf
10:19:49.116 [FXGL Background Thread 3 ] DEBUG Engine               - fontUI: VarelaRound-Regular.ttf
10:19:49.116 [FXGL Background Thread 3 ] DEBUG Engine               - fullScreen: BooleanProperty [value: true]
10:19:49.116 [FXGL Background Thread 3 ] DEBUG Engine               - gameDifficulty: MEDIUM
10:19:49.116 [FXGL Background Thread 3 ] DEBUG Engine               - gameDifficultyProperty: ObjectProperty [value: MEDIUM]
10:19:49.116 [FXGL Background Thread 3 ] DEBUG Engine               - globalMusicVolume: 0.5
10:19:49.116 [FXGL Background Thread 3 ] DEBUG Engine               - globalMusicVolumeProperty: DoubleProperty [value: 1.0]
10:19:49.116 [FXGL Background Thread 3 ] DEBUG Engine               - globalSoundVolume: 0.5
10:19:49.116 [FXGL Background Thread 3 ] DEBUG Engine               - globalSoundVolumeProperty: DoubleProperty [value: 0.1]
10:19:49.116 [FXGL Background Thread 3 ] DEBUG Engine               - height: 600
10:19:49.116 [FXGL Background Thread 3 ] DEBUG Engine               - is3D: false
10:19:49.116 [FXGL Background Thread 3 ] DEBUG Engine               - isAndroid: false
10:19:49.116 [FXGL Background Thread 3 ] DEBUG Engine               - isBrowser: false
10:19:49.116 [FXGL Background Thread 3 ] DEBUG Engine               - isClickFeedbackEnabled: false
10:19:49.116 [FXGL Background Thread 3 ] DEBUG Engine               - isCloseConfirmation: false
10:19:49.116 [FXGL Background Thread 3 ] DEBUG Engine               - isDesktop: true
10:19:49.116 [FXGL Background Thread 3 ] DEBUG Engine               - isDeveloperMenuEnabled: false
10:19:49.117 [FXGL Background Thread 3 ] DEBUG Engine               - isEmbedded: false
10:19:49.117 [FXGL Background Thread 3 ] DEBUG Engine               - isEntityPreloadEnabled: true
10:19:49.117 [FXGL Background Thread 3 ] DEBUG Engine               - isExperimentalTiledLargeMap: false
10:19:49.117 [FXGL Background Thread 3 ] DEBUG Engine               - isFileSystemWriteAllowed: true
10:19:49.117 [FXGL Background Thread 3 ] DEBUG Engine               - isFullScreenAllowed: true
10:19:49.117 [FXGL Background Thread 3 ] DEBUG Engine               - isFullScreenFromStart: true
10:19:49.117 [FXGL Background Thread 3 ] DEBUG Engine               - isGameMenuEnabled: true
10:19:49.117 [FXGL Background Thread 3 ] DEBUG Engine               - isIOS: false
10:19:49.117 [FXGL Background Thread 3 ] DEBUG Engine               - isIntroEnabled: false
10:19:49.117 [FXGL Background Thread 3 ] DEBUG Engine               - isLinux: false
10:19:49.117 [FXGL Background Thread 3 ] DEBUG Engine               - isMac: false
10:19:49.118 [FXGL Background Thread 3 ] DEBUG Engine               - isMainMenuEnabled: true
10:19:49.118 [FXGL Background Thread 3 ] DEBUG Engine               - isManualResizeEnabled: false
10:19:49.118 [FXGL Background Thread 3 ] DEBUG Engine               - isMobile: false
10:19:49.118 [FXGL Background Thread 3 ] DEBUG Engine               - isNative: false
10:19:49.118 [FXGL Background Thread 3 ] DEBUG Engine               - isPauseMusicWhenMinimized: true
10:19:49.118 [FXGL Background Thread 3 ] DEBUG Engine               - isPreserveResizeRatio: false
10:19:49.118 [FXGL Background Thread 3 ] DEBUG Engine               - isProfilingEnabled: false
10:19:49.118 [FXGL Background Thread 3 ] DEBUG Engine               - isScaleAffectedOnResize: true
10:19:49.118 [FXGL Background Thread 3 ] DEBUG Engine               - isSingleStep: false
10:19:49.118 [FXGL Background Thread 3 ] DEBUG Engine               - isUserProfileEnabled: false
10:19:49.118 [FXGL Background Thread 3 ] DEBUG Engine               - isWindows: true
10:19:49.119 [FXGL Background Thread 3 ] DEBUG Engine               - language: ObjectProperty [value: ENGLISH]
10:19:49.119 [FXGL Background Thread 3 ] DEBUG Engine               - menuKey: ESCAPE
10:19:49.119 [FXGL Background Thread 3 ] DEBUG Engine               - mouseSensitivity: 0.2
10:19:49.119 [FXGL Background Thread 3 ] DEBUG Engine               - notificationViewClass: class com.almasb.fxgl.notification.view.XboxNotificationView
10:19:49.119 [FXGL Background Thread 3 ] DEBUG Engine               - pixelsPerMeter: 50.0
10:19:49.119 [FXGL Background Thread 3 ] DEBUG Engine               - platform: WINDOWS
10:19:49.119 [FXGL Background Thread 3 ] DEBUG Engine               - prefHeightProperty: ReadOnlyDoubleProperty [value: 600.0]
10:19:49.119 [FXGL Background Thread 3 ] DEBUG Engine               - prefWidthProperty: ReadOnlyDoubleProperty [value: 800.0]
10:19:49.119 [FXGL Background Thread 3 ] DEBUG Engine               - profileDir: profiles/
10:19:49.119 [FXGL Background Thread 3 ] DEBUG Engine               - profileName: StringProperty [value: DEFAULT]
10:19:49.119 [FXGL Background Thread 3 ] DEBUG Engine               - randomSeed: -1
10:19:49.120 [FXGL Background Thread 3 ] DEBUG Engine               - runtimeInfo: RuntimeInfo(platform=WINDOWS, version=17.2, build=20.08.2022 16.50)
10:19:49.120 [FXGL Background Thread 3 ] DEBUG Engine               - saveFileExt: sav
10:19:49.120 [FXGL Background Thread 3 ] DEBUG Engine               - scaledHeightProp$fxgl: DoubleProperty [bound, value: 1080.0]
10:19:49.120 [FXGL Background Thread 3 ] DEBUG Engine               - scaledWidthProp$fxgl: DoubleProperty [bound, value: 1920.0]
10:19:49.120 [FXGL Background Thread 3 ] DEBUG Engine               - sceneFactory: com.almasb.fxgl.app.scene.SceneFactory@1d0e5247
10:19:49.120 [FXGL Background Thread 3 ] DEBUG Engine               - secondsIn24h: 60
10:19:49.120 [FXGL Background Thread 3 ] DEBUG Engine               - soundMenuBack: menu/back.wav
10:19:49.120 [FXGL Background Thread 3 ] DEBUG Engine               - soundMenuPress: menu/press.wav
10:19:49.120 [FXGL Background Thread 3 ] DEBUG Engine               - soundMenuSelect: menu/select.wav
10:19:49.120 [FXGL Background Thread 3 ] DEBUG Engine               - soundNotification: core/notification.wav
10:19:49.120 [FXGL Background Thread 3 ] DEBUG Engine               - stageStyle: DECORATED
10:19:49.120 [FXGL Background Thread 3 ] DEBUG Engine               - supportedLanguages: [ENGLISH, FRENCH, GERMAN, HUNGARIAN, RUSSIAN]
10:19:49.120 [FXGL Background Thread 3 ] DEBUG Engine               - ticksPerSecond: -1
10:19:49.120 [FXGL Background Thread 3 ] DEBUG Engine               - title: Nuclear Throne Atomic
10:19:49.120 [FXGL Background Thread 3 ] DEBUG Engine               - urlGithub: https://github.com/AlmasB/FXGL
10:19:49.121 [FXGL Background Thread 3 ] DEBUG Engine               - urlLeaderboard: http://fxgl-top.herokuapp.com/
10:19:49.121 [FXGL Background Thread 3 ] DEBUG Engine               - urlPOM: https://raw.githubusercontent.com/AlmasB/FXGL/release/README.md
10:19:49.121 [FXGL Background Thread 3 ] DEBUG Engine               - userAppClass: class com.example.nuclearthroneatomic.Controller
10:19:49.121 [FXGL Background Thread 3 ] DEBUG Engine               - version: 0.0
10:19:49.121 [FXGL Background Thread 3 ] DEBUG Engine               - versionCheckDays: 7
10:19:49.121 [FXGL Background Thread 3 ] DEBUG Engine               - width: 800
10:19:49.121 [FXGL Background Thread 3 ] DEBUG Engine               - Logging services
10:19:49.121 [FXGL Background Thread 3 ] DEBUG Engine               - class com.almasb.fxgl.app.services.FXGLAssetLoaderService
10:19:49.121 [FXGL Background Thread 3 ] DEBUG Engine               - class com.almasb.fxgl.app.FXGLApplication$GameApplicationService
10:19:49.121 [FXGL Background Thread 3 ] DEBUG Engine               - class com.almasb.fxgl.app.services.FXGLDialogService
10:19:49.121 [FXGL Background Thread 3 ] DEBUG Engine               - class com.almasb.fxgl.app.services.IOTaskExecutorService
10:19:49.121 [FXGL Background Thread 3 ] DEBUG Engine               - class com.almasb.fxgl.io.FileSystemService
10:19:49.121 [FXGL Background Thread 3 ] DEBUG Engine               - class com.almasb.fxgl.localization.LocalizationService
10:19:49.121 [FXGL Background Thread 3 ] DEBUG Engine               - class com.almasb.fxgl.app.services.SystemBundleService
10:19:49.121 [FXGL Background Thread 3 ] DEBUG Engine               - class com.almasb.fxgl.profile.SaveLoadService
10:19:49.121 [FXGL Background Thread 3 ] DEBUG Engine               - class com.almasb.fxgl.ui.FXGLUIFactoryServiceProvider
10:19:49.121 [FXGL Background Thread 3 ] DEBUG Engine               - class com.almasb.fxgl.ui.FXGLDialogFactoryServiceProvider
10:19:49.121 [FXGL Background Thread 3 ] DEBUG Engine               - class com.almasb.fxgl.audio.AudioPlayer
10:19:49.121 [FXGL Background Thread 3 ] DEBUG Engine               - class com.almasb.fxgl.notification.impl.NotificationServiceProvider
10:19:49.121 [FXGL Background Thread 3 ] DEBUG Engine               - class com.almasb.fxgl.achievement.AchievementService
10:19:49.121 [FXGL Background Thread 3 ] DEBUG Engine               - class com.almasb.fxgl.cutscene.CutsceneService
10:19:49.121 [FXGL Background Thread 3 ] DEBUG Engine               - class com.almasb.fxgl.minigames.MiniGameService
10:19:49.122 [FXGL Background Thread 3 ] DEBUG Engine               - class com.almasb.fxgl.net.NetService
10:19:49.122 [FXGL Background Thread 3 ] DEBUG Engine               - class com.almasb.fxgl.app.services.UpdaterService
10:19:49.122 [FXGL Background Thread 3 ] DEBUG Engine               - class com.almasb.fxgl.dev.DevService
10:19:50.235 [JavaFX Application Thread] DEBUG FXGLAssetLoaderServi - Loading from file system: file:/C:/Users/Usuario/OneDrive%20-%20Universidad%20Icesi%20(@icesi.edu.co)/APO2/Tareas%20integradoras/NuclearThroneAtomic/src/nuclearthroneatomic/target/classes/assets/textures/Munition/2.png
10:19:50.838 [JavaFX Application Thread] DEBUG FXGLAssetLoaderServi - Loading from file system: file:/C:/Users/Usuario/OneDrive%20-%20Universidad%20Icesi%20(@icesi.edu.co)/APO2/Tareas%20integradoras/NuclearThroneAtomic/src/nuclearthroneatomic/target/classes/assets/textures/Bullet/2.png
10:19:51.516 [JavaFX Application Thread] DEBUG FXGLAssetLoaderServi - Loading from file system: file:/C:/Users/Usuario/OneDrive%20-%20Universidad%20Icesi%20(@icesi.edu.co)/APO2/Tareas%20integradoras/NuclearThroneAtomic/src/nuclearthroneatomic/target/classes/assets/textures/Bullet/1.png
10:19:51.711 [JavaFX Application Thread] DEBUG PrimaryStageWindow   - Push state: DialogSubScene
10:19:51.711 [JavaFX Application Thread] DEBUG Input                - Clearing active input actions
10:19:51.711 [JavaFX Application Thread] DEBUG GameApplicationServi - Removing overlay from GameScene and adding to DialogSubScene
10:19:51.712 [JavaFX Application Thread] DEBUG PrimaryStageWindow   - GameScene -> DialogSubScene
10:19:52.763 [JavaFX Application Thread] DEBUG PrimaryStageWindow   - Pop state: DialogSubScene
10:19:52.763 [JavaFX Application Thread] DEBUG Input                - Clearing active input actions
10:19:52.764 [JavaFX Application Thread] DEBUG GameApplicationServi - Removing overlay from DialogSubScene and adding to GameScene
10:19:52.764 [JavaFX Application Thread] DEBUG PrimaryStageWindow   - GameScene <- DialogSubScene
10:19:52.764 [JavaFX Application Thread] DEBUG FXGLApplication      - Exiting FXGL
10:19:52.764 [JavaFX Application Thread] DEBUG LoopRunner           - Stopping loop
10:19:52.765 [JavaFX Application Thread] DEBUG SystemBundleService  - Saving FXGL system data
10:19:52.767 [JavaFX Application Thread] DEBUG FileSystemAccess     - Writing to: C:\Users\Usuario\OneDrive - Universidad Icesi (@icesi.edu.co)\APO2\Tareas integradoras\NuclearThroneAtomic\src\nuclearthroneatomic\system\fxgl.bundle
10:19:52.770 [JavaFX Application Thread] DEBUG Async                - Shutting down background threads
10:19:52.770 [JavaFX Application Thread] DEBUG PrimaryStageWindow   - Closing main window
10:19:52.797 [JavaFX Application Thread] DEBUG Logger               - Closing Logger
