04:44:39.768 [main                     ] DEBUG Logger               - Configured Logger
04:44:39.802 [main                     ] DEBUG GameApplication      - Logging settings
Title: Nuclear Throne Atomic
Version: 0.0
Width: 800
Height: 600
Fullscreen: true
Intro: false
Profiling: false
Single step:false
App Mode: DEVELOPER
Menu Key: ESCAPE
Stage Style: DECORATED
Scene Factory: class com.almasb.fxgl.app.scene.SceneFactory

04:44:40.398 [JavaFX Application Thread] DEBUG FXGLApplication      - Initializing FXGL
04:44:40.412 [JavaFX Application Thread] INFO  Engine               - FXGL-17.2 (20.08.2022 16.50) on WINDOWS (J:18.0.2 FX:19.0.2.1)
04:44:40.413 [JavaFX Application Thread] DEBUG Engine               - JRE Vendor Name: Amazon.com Inc.
04:44:40.413 [JavaFX Application Thread] DEBUG Engine               - Running on OS: Windows 10 version 10.0
04:44:40.413 [JavaFX Application Thread] DEBUG Engine               - Architecture: amd64
04:44:40.413 [JavaFX Application Thread] INFO  Engine               - Source code and latest versions at: https://github.com/AlmasB/FXGL
04:44:40.413 [JavaFX Application Thread] INFO  Engine               -       Ask questions and discuss at: https://github.com/AlmasB/FXGL/discussions
04:44:40.413 [JavaFX Application Thread] INFO  Engine               -              Join the FXGL chat at: https://gitter.im/AlmasB/FXGL
04:44:40.546 [JavaFX Application Thread] DEBUG PrimaryStageWindow   - Creating a JavaFX scene
04:44:40.611 [JavaFX Application Thread] DEBUG PrimaryStageWindow   - Target settings size: 800.0 x 600.0
04:44:40.612 [JavaFX Application Thread] DEBUG PrimaryStageWindow   - Scaled scene size:    800.0 x 600.0
04:44:40.612 [JavaFX Application Thread] DEBUG PrimaryStageWindow   - Scaled ratio: (1.0, 1.0)
04:44:40.614 [JavaFX Application Thread] DEBUG PrimaryStageWindow   - Set initial scene to FXGLStartupScene
04:44:40.622 [JavaFX Application Thread] DEBUG PrimaryStageWindow   - Opening main window
04:44:40.746 [JavaFX Application Thread] DEBUG PrimaryStageWindow   - Window border size: (16.0, 39.0)
04:44:40.746 [JavaFX Application Thread] DEBUG PrimaryStageWindow   - Scaled size: 800.0 x 600.0
04:44:40.747 [JavaFX Application Thread] DEBUG PrimaryStageWindow   - Scaled ratio: (1.0, 1.0)
04:44:40.747 [JavaFX Application Thread] DEBUG PrimaryStageWindow   - Scene size: 800.0 x 600.0
04:44:40.747 [JavaFX Application Thread] DEBUG PrimaryStageWindow   - Stage size: 816.0 x 639.0
04:44:40.766 [FXGL Background Thread 1 ] DEBUG Engine               - Initializing environment variables
04:44:40.846 [FXGL Background Thread 1 ] DEBUG FXGLAssetLoaderServi - User app class for loading assets: class com.example.nuclearthroneatomic.Controller
04:44:40.847 [FXGL Background Thread 1 ] DEBUG GameApplicationServi - Applying CSS: fxgl_dark.css
04:44:40.849 [FXGL Background Thread 1 ] DEBUG FXGLAssetLoaderServi - Loading from file system: jar:file:///C:/Users/Juan/.m2/repository/com/github/almasb/fxgl/17.2/fxgl-17.2.jar!/fxglassets/ui/css/fxgl_dark.css
04:44:40.928 [FXGL Background Thread 1 ] DEBUG GameApplicationServi - Initializing application scenes
04:44:41.060 [FXGL Background Thread 1 ] DEBUG GameWorld            - Game world initialized
04:44:41.200 [FXGL Background Thread 1 ] DEBUG PhysicsWorld         - Physics world initialized: appHeight=600, physics.ppm=50,0
04:44:41.201 [FXGL Background Thread 1 ] DEBUG PhysicsWorld         - Using strategy: BRUTE_FORCE
04:44:41.206 [FXGL Background Thread 1 ] DEBUG GameScene            - Game scene initialized: 800x600
04:44:41.414 [FXGL Background Thread 1 ] DEBUG FXGL.DefaultMenu     - createMenuBodyMainMenu()
04:44:41.477 [FXGL Background Thread 1 ] DEBUG FXGL.DefaultMenu     - createOptionsMenu()
04:44:41.498 [FXGL Background Thread 1 ] DEBUG FXGLAssetLoaderServi - Loading from file system: jar:file:///C:/Users/Juan/.m2/repository/com/github/almasb/fxgl/17.2/fxgl-17.2.jar!/fxglassets/textures/particles/smoke.png
04:44:41.746 [FXGL Background Thread 1 ] DEBUG FXGLAssetLoaderServi - Loading from file system: jar:file:///C:/Users/Juan/.m2/repository/com/github/almasb/fxgl/17.2/fxgl-17.2.jar!/fxglassets/textures/particles/trace_horizontal.png
04:44:41.797 [FXGL Background Thread 1 ] DEBUG FXGL.DefaultMenu     - createMenuBodyGameMenu()
04:44:41.799 [FXGL Background Thread 1 ] DEBUG FXGL.DefaultMenu     - createOptionsMenu()
04:44:41.819 [FXGL Background Thread 1 ] DEBUG GameApplicationServi - Application scenes initialized
04:44:41.865 [FXGL Background Thread 1 ] DEBUG SystemBundleService  - Loading FXGL system data
04:44:41.929 [FXGL Background Thread 1 ] DEBUG FileSystemAccess     - Reading from: C:\Users\Juan\Desktop\Apo Integradora 3\NuclearThroneAtomic\src\nuclearthroneatomic\system\fxgl.bundle
04:44:42.029 [FXGL Background Thread 1 ] DEBUG SystemBundleService  - Bundle FXGL: {}
04:44:42.029 [FXGL Background Thread 1 ] DEBUG UpdaterService       - Checking for updates
04:44:42.049 [FXGL Background Thread 1 ] DEBUG FXGLApplication      - Loading default localization
04:44:42.049 [FXGL Background Thread 1 ] DEBUG FXGLAssetLoaderServi - Loading from file system: jar:file:///C:/Users/Juan/.m2/repository/com/github/almasb/fxgl/17.2/fxgl-17.2.jar!/fxglassets/languages/english.lang
04:44:42.055 [FXGL Background Thread 4 ] DEBUG FXGLApplication      - Loading fonts
04:44:42.055 [FXGL Background Thread 4 ] DEBUG FXGLAssetLoaderServi - Loading from file system: jar:file:///C:/Users/Juan/.m2/repository/com/github/almasb/fxgl/17.2/fxgl-17.2.jar!/fxglassets/ui/fonts/VarelaRound-Regular.ttf
04:44:42.160 [FXGL Background Thread 1 ] INFO  FXGLApplication      - FXGL initialization took: 1,394 sec
04:44:42.171 [JavaFX Application Thread] DEBUG Input                - Registered new binding: lucky - Q
04:44:42.172 [JavaFX Application Thread] DEBUG Input                - Registered new binding: health - F
04:44:42.172 [JavaFX Application Thread] DEBUG Input                - Registered new binding: Right - D
04:44:42.172 [JavaFX Application Thread] DEBUG Input                - Registered new binding: Left - A
04:44:42.172 [JavaFX Application Thread] DEBUG Input                - Registered new binding: Up - W
04:44:42.172 [JavaFX Application Thread] DEBUG Input                - Registered new binding: Down - S
04:44:42.174 [JavaFX Application Thread] DEBUG Input                - Registered new binding: Reload - RMB
04:44:42.174 [JavaFX Application Thread] DEBUG Input                - Registered new binding: Shoot - LMB
04:44:42.175 [JavaFX Application Thread] DEBUG FXGLAssetLoaderServi - Loading from file system: jar:file:///C:/Users/Juan/.m2/repository/com/github/almasb/fxgl/17.2/fxgl-17.2.jar!/fxglassets/textures/fxgl_icon.png
04:44:42.235 [JavaFX Application Thread] DEBUG FXGLAssetLoaderServi - Loading from file system: jar:file:///C:/Users/Juan/.m2/repository/com/github/almasb/fxgl/17.2/fxgl-17.2.jar!/fxglassets/textures/fxgl_default_cursor.png
04:44:42.257 [JavaFX Application Thread] DEBUG Input                - Registered new binding: Screenshot - CTRL+8
04:44:42.258 [JavaFX Application Thread] DEBUG Input                - Registered new binding: System info dump - CTRL+9
04:44:42.259 [JavaFX Application Thread] DEBUG Input                - Registered new binding: Restart - CTRL+R
04:44:42.259 [JavaFX Application Thread] DEBUG Input                - Registered new binding: Toggle Debug Camera - CTRL+7
04:44:42.261 [JavaFX Application Thread] DEBUG LoopRunner           - Starting loop
04:44:42.262 [JavaFX Application Thread] DEBUG LoopRunner           - Initializing JavaFX AnimationTimerLoop
04:44:42.269 [JavaFX Application Thread] DEBUG Input                - Clearing active input actions
04:44:42.278 [JavaFX Application Thread] DEBUG GameApplicationServi - Removing overlay from FXGLStartupScene and adding to FXGLMainMenuDummyScene
04:44:42.279 [JavaFX Application Thread] DEBUG PrimaryStageWindow   - FXGLStartupScene -> FXGLMainMenuDummyScene
04:44:42.279 [JavaFX Application Thread] DEBUG PrimaryStageWindow   - Push state: FXGLDefaultMenu
04:44:42.307 [JavaFX Application Thread] DEBUG Input                - Clearing active input actions
04:44:42.322 [JavaFX Application Thread] DEBUG GameApplicationServi - Removing overlay from FXGLMainMenuDummyScene and adding to FXGLDefaultMenu
04:44:42.323 [JavaFX Application Thread] DEBUG PrimaryStageWindow   - FXGLMainMenuDummyScene -> FXGLDefaultMenu
04:44:42.397 [FXGL Background Thread 4 ] DEBUG FXGLAssetLoaderServi - Loading from file system: jar:file:///C:/Users/Juan/.m2/repository/com/github/almasb/fxgl/17.2/fxgl-17.2.jar!/fxglassets/ui/fonts/Abel-Regular.ttf
04:44:42.434 [FXGL Background Thread 4 ] DEBUG FXGLAssetLoaderServi - Loading from file system: jar:file:///C:/Users/Juan/.m2/repository/com/github/almasb/fxgl/17.2/fxgl-17.2.jar!/fxglassets/ui/fonts/TerminalLandMono-Regular.otf
04:44:42.469 [FXGL Background Thread 4 ] DEBUG FXGLAssetLoaderServi - Loading from file system: jar:file:///C:/Users/Juan/.m2/repository/com/github/almasb/fxgl/17.2/fxgl-17.2.jar!/fxglassets/ui/fonts/Courier-Prime.ttf
04:44:42.504 [JavaFX Application Thread] DEBUG FXGLApplication      - Registering font factories with UI factory
04:44:43.752 [JavaFX Application Thread] DEBUG Menu                 - fireNewGame()
04:44:43.753 [JavaFX Application Thread] DEBUG GameApplicationServi - Starting new game
04:44:43.756 [JavaFX Application Thread] DEBUG PrimaryStageWindow   - Pop state: FXGLDefaultMenu
04:44:43.756 [JavaFX Application Thread] DEBUG Input                - Clearing active input actions
04:44:43.758 [JavaFX Application Thread] DEBUG GameApplicationServi - Removing overlay from FXGLDefaultMenu and adding to FXGLMainMenuDummyScene
04:44:43.759 [JavaFX Application Thread] DEBUG PrimaryStageWindow   - FXGLMainMenuDummyScene <- FXGLDefaultMenu
04:44:43.760 [JavaFX Application Thread] DEBUG Input                - Clearing active input actions
04:44:43.773 [JavaFX Application Thread] DEBUG GameApplicationServi - Removing overlay from FXGLMainMenuDummyScene and adding to FXGLLoadingScene
04:44:43.773 [JavaFX Application Thread] DEBUG PrimaryStageWindow   - FXGLMainMenuDummyScene -> FXGLLoadingScene
04:44:43.774 [JavaFX Application Thread] DEBUG GameApplicationServi - Clearing previous game
04:44:43.774 [JavaFX Application Thread] DEBUG GameScene            - Clearing game scene
04:44:43.774 [JavaFX Application Thread] DEBUG GameWorld            - Clearing game world
04:44:43.774 [JavaFX Application Thread] DEBUG PhysicsWorld         - Clearing physics world
04:44:43.775 [FXGL Background Thread 4 ] DEBUG FXGLApplication      - Initializing game
04:44:43.784 [FXGL Background Thread 4 ] DEBUG FXGLAssetLoaderServi - Loading from file system: file:/C:/Users/Juan/Desktop/Apo%20Integradora%203/NuclearThroneAtomic/src/nuclearthroneatomic/target/classes/assets/textures/Avatar/1-Idle/1.png
04:44:43.788 [FXGL Background Thread 4 ] DEBUG FXGLAssetLoaderServi - Loading from file system: file:/C:/Users/Juan/Desktop/Apo%20Integradora%203/NuclearThroneAtomic/src/nuclearthroneatomic/target/classes/assets/textures/Avatar/1-Idle/2.png
04:44:43.792 [FXGL Background Thread 4 ] DEBUG FXGLAssetLoaderServi - Loading from file system: file:/C:/Users/Juan/Desktop/Apo%20Integradora%203/NuclearThroneAtomic/src/nuclearthroneatomic/target/classes/assets/textures/Avatar/1-Idle/3.png
04:44:43.805 [FXGL Background Thread 4 ] DEBUG FXGLAssetLoaderServi - Loading from file system: file:/C:/Users/Juan/Desktop/Apo%20Integradora%203/NuclearThroneAtomic/src/nuclearthroneatomic/target/classes/assets/textures/Avatar/1-Idle/4.png
04:44:43.859 [FXGL Background Thread 4 ] DEBUG FXGLAssetLoaderServi - Loading from file system: file:/C:/Users/Juan/Desktop/Apo%20Integradora%203/NuclearThroneAtomic/src/nuclearthroneatomic/target/classes/assets/textures/Avatar/2-Run/1.png
04:44:43.863 [FXGL Background Thread 4 ] DEBUG FXGLAssetLoaderServi - Loading from file system: file:/C:/Users/Juan/Desktop/Apo%20Integradora%203/NuclearThroneAtomic/src/nuclearthroneatomic/target/classes/assets/textures/Avatar/2-Run/2.png
04:44:43.868 [FXGL Background Thread 4 ] DEBUG FXGLAssetLoaderServi - Loading from file system: file:/C:/Users/Juan/Desktop/Apo%20Integradora%203/NuclearThroneAtomic/src/nuclearthroneatomic/target/classes/assets/textures/Avatar/2-Run/3.png
04:44:43.872 [FXGL Background Thread 4 ] DEBUG FXGLAssetLoaderServi - Loading from file system: file:/C:/Users/Juan/Desktop/Apo%20Integradora%203/NuclearThroneAtomic/src/nuclearthroneatomic/target/classes/assets/textures/Avatar/2-Run/4.png
04:44:43.876 [FXGL Background Thread 4 ] DEBUG FXGLAssetLoaderServi - Loading from file system: file:/C:/Users/Juan/Desktop/Apo%20Integradora%203/NuclearThroneAtomic/src/nuclearthroneatomic/target/classes/assets/textures/Avatar/2-Run/5.png
04:44:43.886 [FXGL Background Thread 4 ] DEBUG FXGLAssetLoaderServi - Loading from file system: file:/C:/Users/Juan/Desktop/Apo%20Integradora%203/NuclearThroneAtomic/src/nuclearthroneatomic/target/classes/assets/textures/Avatar/2-Run/6.png
04:44:43.894 [FXGL Background Thread 4 ] DEBUG FXGLAssetLoaderServi - Loading from file system: file:/C:/Users/Juan/Desktop/Apo%20Integradora%203/NuclearThroneAtomic/src/nuclearthroneatomic/target/classes/assets/textures/Munition/1.png
04:44:43.944 [FXGL Background Thread 4 ] DEBUG FXGLAssetLoaderServi - Loading from file system: file:/C:/Users/Juan/Desktop/Apo%20Integradora%203/NuclearThroneAtomic/src/nuclearthroneatomic/target/classes/assets/textures/hud/lifeplayer.png
04:44:43.956 [FXGL Background Thread 4 ] DEBUG FXGLAssetLoaderServi - Loading from file system: file:/C:/Users/Juan/Desktop/Apo%20Integradora%203/NuclearThroneAtomic/src/nuclearthroneatomic/target/classes/assets/textures/hud/medkit.png
04:44:43.962 [FXGL Background Thread 4 ] DEBUG FXGLAssetLoaderServi - Loading from file system: file:/C:/Users/Juan/Desktop/Apo%20Integradora%203/NuclearThroneAtomic/src/nuclearthroneatomic/target/classes/assets/textures/hud/trebol.png
04:44:43.974 [FXGL Background Thread 4 ] DEBUG FXGLAssetLoaderServi - Loading from file system: file:/C:/Users/Juan/Desktop/Apo%20Integradora%203/NuclearThroneAtomic/src/nuclearthroneatomic/target/classes/assets/textures/Guns/1.png
04:44:43.987 [FXGL Background Thread 4 ] DEBUG FXGLAssetLoaderServi - Loading from file system: file:/C:/Users/Juan/Desktop/Apo%20Integradora%203/NuclearThroneAtomic/src/nuclearthroneatomic/target/classes/assets/textures/enemy/1-Idle/1.png
04:44:43.990 [FXGL Background Thread 4 ] DEBUG FXGLAssetLoaderServi - Loading from file system: file:/C:/Users/Juan/Desktop/Apo%20Integradora%203/NuclearThroneAtomic/src/nuclearthroneatomic/target/classes/assets/textures/enemy/1-Idle/2.png
04:44:43.993 [FXGL Background Thread 4 ] DEBUG FXGLAssetLoaderServi - Loading from file system: file:/C:/Users/Juan/Desktop/Apo%20Integradora%203/NuclearThroneAtomic/src/nuclearthroneatomic/target/classes/assets/textures/enemy/1-Idle/3.png
04:44:43.996 [FXGL Background Thread 4 ] DEBUG FXGLAssetLoaderServi - Loading from file system: file:/C:/Users/Juan/Desktop/Apo%20Integradora%203/NuclearThroneAtomic/src/nuclearthroneatomic/target/classes/assets/textures/enemy/1-Idle/4.png
04:44:44.007 [FXGL Background Thread 4 ] DEBUG FXGLAssetLoaderServi - Loading from file system: file:/C:/Users/Juan/Desktop/Apo%20Integradora%203/NuclearThroneAtomic/src/nuclearthroneatomic/target/classes/assets/textures/enemy/2-Run/1.png
04:44:44.010 [FXGL Background Thread 4 ] DEBUG FXGLAssetLoaderServi - Loading from file system: file:/C:/Users/Juan/Desktop/Apo%20Integradora%203/NuclearThroneAtomic/src/nuclearthroneatomic/target/classes/assets/textures/enemy/2-Run/2.png
04:44:44.012 [FXGL Background Thread 4 ] DEBUG FXGLAssetLoaderServi - Loading from file system: file:/C:/Users/Juan/Desktop/Apo%20Integradora%203/NuclearThroneAtomic/src/nuclearthroneatomic/target/classes/assets/textures/enemy/2-Run/3.png
04:44:44.014 [FXGL Background Thread 4 ] DEBUG FXGLAssetLoaderServi - Loading from file system: file:/C:/Users/Juan/Desktop/Apo%20Integradora%203/NuclearThroneAtomic/src/nuclearthroneatomic/target/classes/assets/textures/enemy/2-Run/4.png
04:44:44.019 [FXGL Background Thread 4 ] DEBUG FXGLAssetLoaderServi - Loading from file system: file:/C:/Users/Juan/Desktop/Apo%20Integradora%203/NuclearThroneAtomic/src/nuclearthroneatomic/target/classes/assets/textures/enemy/2-Run/5.png
04:44:44.021 [FXGL Background Thread 4 ] DEBUG FXGLAssetLoaderServi - Loading from file system: file:/C:/Users/Juan/Desktop/Apo%20Integradora%203/NuclearThroneAtomic/src/nuclearthroneatomic/target/classes/assets/textures/enemy/2-Run/6.png
04:44:44.045 [FXGL Background Thread 4 ] DEBUG FXGLAssetLoaderServi - Loading from file system: file:/C:/Users/Juan/Desktop/Apo%20Integradora%203/NuclearThroneAtomic/src/nuclearthroneatomic/target/classes/assets/textures/portal/1.png
04:44:44.053 [FXGL Background Thread 4 ] DEBUG FXGLAssetLoaderServi - Loading from file system: file:/C:/Users/Juan/Desktop/Apo%20Integradora%203/NuclearThroneAtomic/src/nuclearthroneatomic/target/classes/assets/textures/portal/2.png
04:44:44.059 [FXGL Background Thread 4 ] DEBUG FXGLAssetLoaderServi - Loading from file system: file:/C:/Users/Juan/Desktop/Apo%20Integradora%203/NuclearThroneAtomic/src/nuclearthroneatomic/target/classes/assets/textures/portal/3.png
04:44:44.067 [FXGL Background Thread 4 ] DEBUG FXGLAssetLoaderServi - Loading from file system: file:/C:/Users/Juan/Desktop/Apo%20Integradora%203/NuclearThroneAtomic/src/nuclearthroneatomic/target/classes/assets/textures/portal/4.png
04:44:44.089 [FXGL Background Thread 4 ] DEBUG FXGLAssetLoaderServi - Loading from file system: file:/C:/Users/Juan/Desktop/Apo%20Integradora%203/NuclearThroneAtomic/src/nuclearthroneatomic/target/classes/assets/textures/Wall/1.png
04:44:44.153 [FXGL Background Thread 2 ] INFO  UpdaterService       - Your current version:  17.2
04:44:44.154 [FXGL Background Thread 2 ] INFO  UpdaterService       - Latest stable version: 17.3
04:44:44.306 [FXGL Background Thread 4 ] INFO  FXGLApplication      - Game initialization took: 0,530 sec
04:44:44.317 [JavaFX Application Thread] DEBUG Input                - Clearing active input actions
04:44:44.329 [JavaFX Application Thread] DEBUG GameApplicationServi - Removing overlay from FXGLLoadingScene and adding to GameScene
04:44:44.329 [JavaFX Application Thread] DEBUG PrimaryStageWindow   - FXGLLoadingScene -> GameScene
04:44:44.340 [JavaFX Application Thread] DEBUG FXGLAssetLoaderServi - Loading from file system: file:/C:/Users/Juan/Desktop/Apo%20Integradora%203/NuclearThroneAtomic/src/nuclearthroneatomic/target/classes/assets/textures/Bullet/1.png
04:44:45.045 [FXGL Background Thread 3 ] DEBUG Engine               - Logging environment variables
04:44:45.046 [FXGL Background Thread 3 ] DEBUG Engine               - achievements: []
04:44:45.046 [FXGL Background Thread 3 ] DEBUG Engine               - actualHeight: 600.0
04:44:45.046 [FXGL Background Thread 3 ] DEBUG Engine               - actualHeightProperty: ReadOnlyDoubleProperty [value: 600.0]
04:44:45.046 [FXGL Background Thread 3 ] DEBUG Engine               - actualWidth: 800.0
04:44:45.047 [FXGL Background Thread 3 ] DEBUG Engine               - actualWidthProperty: ReadOnlyDoubleProperty [value: 800.0]
04:44:45.047 [FXGL Background Thread 3 ] DEBUG Engine               - appIcon: fxgl_icon.png
04:44:45.047 [FXGL Background Thread 3 ] DEBUG Engine               - applicationMode: DEVELOPER
04:44:45.047 [FXGL Background Thread 3 ] DEBUG Engine               - cSSList: [fxgl_dark.css]
04:44:45.047 [FXGL Background Thread 3 ] DEBUG Engine               - collisionDetectionStrategy: BRUTE_FORCE
04:44:45.047 [FXGL Background Thread 3 ] DEBUG Engine               - configClass: Optional.empty
04:44:45.047 [FXGL Background Thread 3 ] DEBUG Engine               - credits: []
04:44:45.048 [FXGL Background Thread 3 ] DEBUG Engine               - defaultCursor: CursorInfo(imageName=fxgl_default_cursor.png, hotspotX=7.0, hotspotY=6.0)
04:44:45.048 [FXGL Background Thread 3 ] DEBUG Engine               - devBBoxColorProperty: ObjectProperty [value: 0xff0000ff]
04:44:45.048 [FXGL Background Thread 3 ] DEBUG Engine               - devEnableDebugCameraProperty: BooleanProperty [value: false]
04:44:45.048 [FXGL Background Thread 3 ] DEBUG Engine               - devSensorColorProperty: ObjectProperty [value: 0xffff00ff]
04:44:45.049 [FXGL Background Thread 3 ] DEBUG Engine               - devShowBBoxProperty: BooleanProperty [value: false]
04:44:45.049 [FXGL Background Thread 3 ] DEBUG Engine               - devShowPositionProperty: BooleanProperty [value: false]
04:44:45.049 [FXGL Background Thread 3 ] DEBUG Engine               - enabledMenuItems: []
04:44:45.049 [FXGL Background Thread 3 ] DEBUG Engine               - engineServices: [class com.almasb.fxgl.app.services.FXGLAssetLoaderService, class com.almasb.fxgl.app.FXGLApplication$GameApplicationService, class com.almasb.fxgl.app.services.FXGLDialogService, class com.almasb.fxgl.app.services.IOTaskExecutorService, class com.almasb.fxgl.io.FileSystemService, class com.almasb.fxgl.localization.LocalizationService, class com.almasb.fxgl.app.services.SystemBundleService, class com.almasb.fxgl.profile.SaveLoadService, class com.almasb.fxgl.ui.FXGLUIFactoryServiceProvider, class com.almasb.fxgl.ui.FXGLDialogFactoryServiceProvider, class com.almasb.fxgl.audio.AudioPlayer, class com.almasb.fxgl.notification.impl.NotificationServiceProvider, class com.almasb.fxgl.achievement.AchievementService, class com.almasb.fxgl.cutscene.CutsceneService, class com.almasb.fxgl.minigames.MiniGameService, class com.almasb.fxgl.net.NetService, class com.almasb.fxgl.app.services.UpdaterService, class com.almasb.fxgl.dev.DevService]
04:44:45.049 [FXGL Background Thread 3 ] DEBUG Engine               - fontGame: Abel-Regular.ttf
04:44:45.049 [FXGL Background Thread 3 ] DEBUG Engine               - fontMono: TerminalLandMono-Regular.otf
04:44:45.049 [FXGL Background Thread 3 ] DEBUG Engine               - fontText: Courier-Prime.ttf
04:44:45.049 [FXGL Background Thread 3 ] DEBUG Engine               - fontUI: VarelaRound-Regular.ttf
04:44:45.049 [FXGL Background Thread 3 ] DEBUG Engine               - fullScreen: BooleanProperty [value: false]
04:44:45.049 [FXGL Background Thread 3 ] DEBUG Engine               - gameDifficulty: MEDIUM
04:44:45.049 [FXGL Background Thread 3 ] DEBUG Engine               - gameDifficultyProperty: ObjectProperty [value: MEDIUM]
04:44:45.049 [FXGL Background Thread 3 ] DEBUG Engine               - globalMusicVolume: 0.5
04:44:45.050 [FXGL Background Thread 3 ] DEBUG Engine               - globalMusicVolumeProperty: DoubleProperty [value: 0.5]
04:44:45.050 [FXGL Background Thread 3 ] DEBUG Engine               - globalSoundVolume: 0.5
04:44:45.050 [FXGL Background Thread 3 ] DEBUG Engine               - globalSoundVolumeProperty: DoubleProperty [value: 0.5]
04:44:45.050 [FXGL Background Thread 3 ] DEBUG Engine               - height: 600
04:44:45.050 [FXGL Background Thread 3 ] DEBUG Engine               - is3D: false
04:44:45.050 [FXGL Background Thread 3 ] DEBUG Engine               - isAndroid: false
04:44:45.050 [FXGL Background Thread 3 ] DEBUG Engine               - isBrowser: false
04:44:45.050 [FXGL Background Thread 3 ] DEBUG Engine               - isClickFeedbackEnabled: false
04:44:45.050 [FXGL Background Thread 3 ] DEBUG Engine               - isCloseConfirmation: false
04:44:45.050 [FXGL Background Thread 3 ] DEBUG Engine               - isDesktop: true
04:44:45.050 [FXGL Background Thread 3 ] DEBUG Engine               - isDeveloperMenuEnabled: false
04:44:45.050 [FXGL Background Thread 3 ] DEBUG Engine               - isEmbedded: false
04:44:45.050 [FXGL Background Thread 3 ] DEBUG Engine               - isEntityPreloadEnabled: true
04:44:45.051 [FXGL Background Thread 3 ] DEBUG Engine               - isExperimentalTiledLargeMap: false
04:44:45.051 [FXGL Background Thread 3 ] DEBUG Engine               - isFileSystemWriteAllowed: true
04:44:45.051 [FXGL Background Thread 3 ] DEBUG Engine               - isFullScreenAllowed: true
04:44:45.051 [FXGL Background Thread 3 ] DEBUG Engine               - isFullScreenFromStart: false
04:44:45.051 [FXGL Background Thread 3 ] DEBUG Engine               - isGameMenuEnabled: true
04:44:45.051 [FXGL Background Thread 3 ] DEBUG Engine               - isIOS: false
04:44:45.051 [FXGL Background Thread 3 ] DEBUG Engine               - isIntroEnabled: false
04:44:45.051 [FXGL Background Thread 3 ] DEBUG Engine               - isLinux: false
04:44:45.052 [FXGL Background Thread 3 ] DEBUG Engine               - isMac: false
04:44:45.052 [FXGL Background Thread 3 ] DEBUG Engine               - isMainMenuEnabled: true
04:44:45.052 [FXGL Background Thread 3 ] DEBUG Engine               - isManualResizeEnabled: false
04:44:45.052 [FXGL Background Thread 3 ] DEBUG Engine               - isMobile: false
04:44:45.052 [FXGL Background Thread 3 ] DEBUG Engine               - isNative: false
04:44:45.052 [FXGL Background Thread 3 ] DEBUG Engine               - isPauseMusicWhenMinimized: true
04:44:45.052 [FXGL Background Thread 3 ] DEBUG Engine               - isPreserveResizeRatio: false
04:44:45.052 [FXGL Background Thread 3 ] DEBUG Engine               - isProfilingEnabled: false
04:44:45.052 [FXGL Background Thread 3 ] DEBUG Engine               - isScaleAffectedOnResize: true
04:44:45.052 [FXGL Background Thread 3 ] DEBUG Engine               - isSingleStep: false
04:44:45.052 [FXGL Background Thread 3 ] DEBUG Engine               - isUserProfileEnabled: false
04:44:45.052 [FXGL Background Thread 3 ] DEBUG Engine               - isWindows: true
04:44:45.052 [FXGL Background Thread 3 ] DEBUG Engine               - language: ObjectProperty [value: ENGLISH]
04:44:45.052 [FXGL Background Thread 3 ] DEBUG Engine               - menuKey: ESCAPE
04:44:45.053 [FXGL Background Thread 3 ] DEBUG Engine               - mouseSensitivity: 0.2
04:44:45.053 [FXGL Background Thread 3 ] DEBUG Engine               - notificationViewClass: class com.almasb.fxgl.notification.view.XboxNotificationView
04:44:45.053 [FXGL Background Thread 3 ] DEBUG Engine               - pixelsPerMeter: 50.0
04:44:45.053 [FXGL Background Thread 3 ] DEBUG Engine               - platform: WINDOWS
04:44:45.053 [FXGL Background Thread 3 ] DEBUG Engine               - prefHeightProperty: ReadOnlyDoubleProperty [value: 600.0]
04:44:45.053 [FXGL Background Thread 3 ] DEBUG Engine               - prefWidthProperty: ReadOnlyDoubleProperty [value: 800.0]
04:44:45.053 [FXGL Background Thread 3 ] DEBUG Engine               - profileDir: profiles/
04:44:45.053 [FXGL Background Thread 3 ] DEBUG Engine               - profileName: StringProperty [value: DEFAULT]
04:44:45.053 [FXGL Background Thread 3 ] DEBUG Engine               - randomSeed: -1
04:44:45.054 [FXGL Background Thread 3 ] DEBUG Engine               - runtimeInfo: RuntimeInfo(platform=WINDOWS, version=17.2, build=20.08.2022 16.50)
04:44:45.054 [FXGL Background Thread 3 ] DEBUG Engine               - saveFileExt: sav
04:44:45.054 [FXGL Background Thread 3 ] DEBUG Engine               - scaledHeightProp$fxgl: DoubleProperty [bound, value: 600.0]
04:44:45.054 [FXGL Background Thread 3 ] DEBUG Engine               - scaledWidthProp$fxgl: DoubleProperty [bound, value: 800.0]
04:44:45.054 [FXGL Background Thread 3 ] DEBUG Engine               - sceneFactory: com.almasb.fxgl.app.scene.SceneFactory@ea72039
04:44:45.054 [FXGL Background Thread 3 ] DEBUG Engine               - secondsIn24h: 60
04:44:45.054 [FXGL Background Thread 3 ] DEBUG Engine               - soundMenuBack: menu/back.wav
04:44:45.054 [FXGL Background Thread 3 ] DEBUG Engine               - soundMenuPress: menu/press.wav
04:44:45.054 [FXGL Background Thread 3 ] DEBUG Engine               - soundMenuSelect: menu/select.wav
04:44:45.054 [FXGL Background Thread 3 ] DEBUG Engine               - soundNotification: core/notification.wav
04:44:45.054 [FXGL Background Thread 3 ] DEBUG Engine               - stageStyle: DECORATED
04:44:45.054 [FXGL Background Thread 3 ] DEBUG Engine               - supportedLanguages: [ENGLISH, FRENCH, GERMAN, HUNGARIAN, RUSSIAN]
04:44:45.054 [FXGL Background Thread 3 ] DEBUG Engine               - ticksPerSecond: -1
04:44:45.054 [FXGL Background Thread 3 ] DEBUG Engine               - title: Nuclear Throne Atomic
04:44:45.054 [FXGL Background Thread 3 ] DEBUG Engine               - urlGithub: https://github.com/AlmasB/FXGL
04:44:45.055 [FXGL Background Thread 3 ] DEBUG Engine               - urlLeaderboard: http://fxgl-top.herokuapp.com/
04:44:45.055 [FXGL Background Thread 3 ] DEBUG Engine               - urlPOM: https://raw.githubusercontent.com/AlmasB/FXGL/release/README.md
04:44:45.055 [FXGL Background Thread 3 ] DEBUG Engine               - userAppClass: class com.example.nuclearthroneatomic.Controller
04:44:45.055 [FXGL Background Thread 3 ] DEBUG Engine               - version: 0.0
04:44:45.055 [FXGL Background Thread 3 ] DEBUG Engine               - versionCheckDays: 7
04:44:45.055 [FXGL Background Thread 3 ] DEBUG Engine               - width: 800
04:44:45.055 [FXGL Background Thread 3 ] DEBUG Engine               - Logging services
04:44:45.056 [FXGL Background Thread 3 ] DEBUG Engine               - class com.almasb.fxgl.app.services.FXGLAssetLoaderService
04:44:45.056 [FXGL Background Thread 3 ] DEBUG Engine               - class com.almasb.fxgl.app.FXGLApplication$GameApplicationService
04:44:45.056 [FXGL Background Thread 3 ] DEBUG Engine               - class com.almasb.fxgl.app.services.FXGLDialogService
04:44:45.056 [FXGL Background Thread 3 ] DEBUG Engine               - class com.almasb.fxgl.app.services.IOTaskExecutorService
04:44:45.056 [FXGL Background Thread 3 ] DEBUG Engine               - class com.almasb.fxgl.io.FileSystemService
04:44:45.056 [FXGL Background Thread 3 ] DEBUG Engine               - class com.almasb.fxgl.localization.LocalizationService
04:44:45.056 [FXGL Background Thread 3 ] DEBUG Engine               - class com.almasb.fxgl.app.services.SystemBundleService
04:44:45.056 [FXGL Background Thread 3 ] DEBUG Engine               - class com.almasb.fxgl.profile.SaveLoadService
04:44:45.056 [FXGL Background Thread 3 ] DEBUG Engine               - class com.almasb.fxgl.ui.FXGLUIFactoryServiceProvider
04:44:45.056 [FXGL Background Thread 3 ] DEBUG Engine               - class com.almasb.fxgl.ui.FXGLDialogFactoryServiceProvider
04:44:45.056 [FXGL Background Thread 3 ] DEBUG Engine               - class com.almasb.fxgl.audio.AudioPlayer
04:44:45.056 [FXGL Background Thread 3 ] DEBUG Engine               - class com.almasb.fxgl.notification.impl.NotificationServiceProvider
04:44:45.056 [FXGL Background Thread 3 ] DEBUG Engine               - class com.almasb.fxgl.achievement.AchievementService
04:44:45.056 [FXGL Background Thread 3 ] DEBUG Engine               - class com.almasb.fxgl.cutscene.CutsceneService
04:44:45.056 [FXGL Background Thread 3 ] DEBUG Engine               - class com.almasb.fxgl.minigames.MiniGameService
04:44:45.056 [FXGL Background Thread 3 ] DEBUG Engine               - class com.almasb.fxgl.net.NetService
04:44:45.056 [FXGL Background Thread 3 ] DEBUG Engine               - class com.almasb.fxgl.app.services.UpdaterService
04:44:45.057 [FXGL Background Thread 3 ] DEBUG Engine               - class com.almasb.fxgl.dev.DevService
04:44:56.368 [JavaFX Application Thread] DEBUG FXGLApplication      - Exiting FXGL
04:44:56.368 [JavaFX Application Thread] DEBUG LoopRunner           - Stopping loop
04:44:56.368 [JavaFX Application Thread] DEBUG SystemBundleService  - Saving FXGL system data
04:44:56.372 [JavaFX Application Thread] DEBUG FileSystemAccess     - Writing to: C:\Users\Juan\Desktop\Apo Integradora 3\NuclearThroneAtomic\src\nuclearthroneatomic\system\fxgl.bundle
04:44:56.376 [JavaFX Application Thread] DEBUG Async                - Shutting down background threads
04:44:56.376 [JavaFX Application Thread] DEBUG PrimaryStageWindow   - Closing main window
04:44:56.387 [JavaFX Application Thread] DEBUG Logger               - Closing Logger
