05:03:40.412 [main                     ] DEBUG Logger               - Configured Logger
05:03:40.465 [main                     ] DEBUG GameApplication      - Logging settings
Title: Nuclear Throne Atomic
Version: 0.0
Width: 800
Height: 600
Fullscreen: true
Intro: false
Profiling: false
Single step:false
App Mode: DEVELOPER
Menu Key: ESCAPE
Stage Style: DECORATED
Scene Factory: class com.almasb.fxgl.app.scene.SceneFactory

05:03:40.953 [JavaFX Application Thread] DEBUG FXGLApplication      - Initializing FXGL
05:03:40.966 [JavaFX Application Thread] INFO  Engine               - FXGL-17.2 (20.08.2022 16.50) on WINDOWS (J:18.0.2 FX:19.0.2.1)
05:03:40.967 [JavaFX Application Thread] DEBUG Engine               - JRE Vendor Name: Amazon.com Inc.
05:03:40.967 [JavaFX Application Thread] DEBUG Engine               - Running on OS: Windows 10 version 10.0
05:03:40.967 [JavaFX Application Thread] DEBUG Engine               - Architecture: amd64
05:03:40.967 [JavaFX Application Thread] INFO  Engine               - Source code and latest versions at: https://github.com/AlmasB/FXGL
05:03:40.968 [JavaFX Application Thread] INFO  Engine               -       Ask questions and discuss at: https://github.com/AlmasB/FXGL/discussions
05:03:40.968 [JavaFX Application Thread] INFO  Engine               -              Join the FXGL chat at: https://gitter.im/AlmasB/FXGL
05:03:41.130 [JavaFX Application Thread] DEBUG PrimaryStageWindow   - Creating a JavaFX scene
05:03:41.205 [JavaFX Application Thread] DEBUG PrimaryStageWindow   - Target settings size: 800.0 x 600.0
05:03:41.205 [JavaFX Application Thread] DEBUG PrimaryStageWindow   - Scaled scene size:    800.0 x 600.0
05:03:41.206 [JavaFX Application Thread] DEBUG PrimaryStageWindow   - Scaled ratio: (1.0, 1.0)
05:03:41.207 [JavaFX Application Thread] DEBUG PrimaryStageWindow   - Set initial scene to FXGLStartupScene
05:03:41.215 [JavaFX Application Thread] DEBUG PrimaryStageWindow   - Opening main window
05:03:41.348 [JavaFX Application Thread] DEBUG PrimaryStageWindow   - Window border size: (16.0, 39.0)
05:03:41.348 [JavaFX Application Thread] DEBUG PrimaryStageWindow   - Scaled size: 800.0 x 600.0
05:03:41.350 [JavaFX Application Thread] DEBUG PrimaryStageWindow   - Scaled ratio: (1.0, 1.0)
05:03:41.350 [JavaFX Application Thread] DEBUG PrimaryStageWindow   - Scene size: 800.0 x 600.0
05:03:41.351 [JavaFX Application Thread] DEBUG PrimaryStageWindow   - Stage size: 816.0 x 639.0
05:03:41.368 [FXGL Background Thread 1 ] DEBUG Engine               - Initializing environment variables
05:03:41.442 [FXGL Background Thread 1 ] DEBUG FXGLAssetLoaderServi - User app class for loading assets: class com.example.nuclearthroneatomic.Controller
05:03:41.442 [FXGL Background Thread 1 ] DEBUG GameApplicationServi - Applying CSS: fxgl_dark.css
05:03:41.444 [FXGL Background Thread 1 ] DEBUG FXGLAssetLoaderServi - Loading from file system: jar:file:///C:/Users/Juan/.m2/repository/com/github/almasb/fxgl/17.2/fxgl-17.2.jar!/fxglassets/ui/css/fxgl_dark.css
05:03:41.527 [FXGL Background Thread 1 ] DEBUG GameApplicationServi - Initializing application scenes
05:03:41.655 [FXGL Background Thread 1 ] DEBUG GameWorld            - Game world initialized
05:03:41.745 [FXGL Background Thread 1 ] DEBUG PhysicsWorld         - Physics world initialized: appHeight=600, physics.ppm=50,0
05:03:41.745 [FXGL Background Thread 1 ] DEBUG PhysicsWorld         - Using strategy: BRUTE_FORCE
05:03:41.751 [FXGL Background Thread 1 ] DEBUG GameScene            - Game scene initialized: 800x600
05:03:41.767 [FXGL Background Thread 1 ] DEBUG FXGL.DefaultMenu     - createMenuBodyMainMenu()
05:03:41.823 [FXGL Background Thread 1 ] DEBUG FXGL.DefaultMenu     - createOptionsMenu()
05:03:41.843 [FXGL Background Thread 1 ] DEBUG FXGLAssetLoaderServi - Loading from file system: jar:file:///C:/Users/Juan/.m2/repository/com/github/almasb/fxgl/17.2/fxgl-17.2.jar!/fxglassets/textures/particles/smoke.png
05:03:42.442 [FXGL Background Thread 1 ] DEBUG FXGLAssetLoaderServi - Loading from file system: jar:file:///C:/Users/Juan/.m2/repository/com/github/almasb/fxgl/17.2/fxgl-17.2.jar!/fxglassets/textures/particles/trace_horizontal.png
05:03:42.485 [FXGL Background Thread 1 ] DEBUG FXGL.DefaultMenu     - createMenuBodyGameMenu()
05:03:42.487 [FXGL Background Thread 1 ] DEBUG FXGL.DefaultMenu     - createOptionsMenu()
05:03:42.519 [FXGL Background Thread 1 ] DEBUG GameApplicationServi - Application scenes initialized
05:03:42.613 [FXGL Background Thread 1 ] DEBUG SystemBundleService  - Loading FXGL system data
05:03:42.689 [FXGL Background Thread 1 ] DEBUG FileSystemAccess     - Reading from: C:\Users\Juan\Desktop\Apo Integradora 3\NuclearThroneAtomic\src\nuclearthroneatomic\system\fxgl.bundle
05:03:42.720 [FXGL Background Thread 1 ] DEBUG SystemBundleService  - Bundle FXGL: {}
05:03:42.721 [FXGL Background Thread 1 ] DEBUG UpdaterService       - Checking for updates
05:03:42.727 [FXGL Background Thread 4 ] DEBUG FXGLApplication      - Loading fonts
05:03:42.728 [FXGL Background Thread 1 ] DEBUG FXGLApplication      - Loading default localization
05:03:42.728 [FXGL Background Thread 4 ] DEBUG FXGLAssetLoaderServi - Loading from file system: jar:file:///C:/Users/Juan/.m2/repository/com/github/almasb/fxgl/17.2/fxgl-17.2.jar!/fxglassets/ui/fonts/VarelaRound-Regular.ttf
05:03:42.729 [FXGL Background Thread 1 ] DEBUG FXGLAssetLoaderServi - Loading from file system: jar:file:///C:/Users/Juan/.m2/repository/com/github/almasb/fxgl/17.2/fxgl-17.2.jar!/fxglassets/languages/english.lang
05:03:42.763 [FXGL Background Thread 1 ] INFO  FXGLApplication      - FXGL initialization took: 1,396 sec
05:03:42.775 [JavaFX Application Thread] DEBUG Input                - Registered new binding: lucky - Q
05:03:42.775 [JavaFX Application Thread] DEBUG Input                - Registered new binding: health - F
05:03:42.776 [JavaFX Application Thread] DEBUG Input                - Registered new binding: Right - D
05:03:42.776 [JavaFX Application Thread] DEBUG Input                - Registered new binding: Left - A
05:03:42.776 [JavaFX Application Thread] DEBUG Input                - Registered new binding: Up - W
05:03:42.776 [JavaFX Application Thread] DEBUG Input                - Registered new binding: Down - S
05:03:42.778 [JavaFX Application Thread] DEBUG Input                - Registered new binding: Reload - RMB
05:03:42.779 [JavaFX Application Thread] DEBUG Input                - Registered new binding: Shoot - LMB
05:03:42.779 [JavaFX Application Thread] DEBUG FXGLAssetLoaderServi - Loading from file system: jar:file:///C:/Users/Juan/.m2/repository/com/github/almasb/fxgl/17.2/fxgl-17.2.jar!/fxglassets/textures/fxgl_icon.png
05:03:42.847 [JavaFX Application Thread] DEBUG FXGLAssetLoaderServi - Loading from file system: jar:file:///C:/Users/Juan/.m2/repository/com/github/almasb/fxgl/17.2/fxgl-17.2.jar!/fxglassets/textures/fxgl_default_cursor.png
05:03:42.875 [JavaFX Application Thread] DEBUG Input                - Registered new binding: Screenshot - CTRL+8
05:03:42.877 [JavaFX Application Thread] DEBUG Input                - Registered new binding: System info dump - CTRL+9
05:03:42.877 [JavaFX Application Thread] DEBUG Input                - Registered new binding: Restart - CTRL+R
05:03:42.877 [JavaFX Application Thread] DEBUG Input                - Registered new binding: Toggle Debug Camera - CTRL+7
05:03:42.880 [JavaFX Application Thread] DEBUG LoopRunner           - Starting loop
05:03:42.880 [JavaFX Application Thread] DEBUG LoopRunner           - Initializing JavaFX AnimationTimerLoop
05:03:42.885 [JavaFX Application Thread] DEBUG Input                - Clearing active input actions
05:03:42.893 [JavaFX Application Thread] DEBUG GameApplicationServi - Removing overlay from FXGLStartupScene and adding to FXGLMainMenuDummyScene
05:03:42.894 [JavaFX Application Thread] DEBUG PrimaryStageWindow   - FXGLStartupScene -> FXGLMainMenuDummyScene
05:03:42.894 [JavaFX Application Thread] DEBUG PrimaryStageWindow   - Push state: FXGLDefaultMenu
05:03:42.904 [JavaFX Application Thread] DEBUG Input                - Clearing active input actions
05:03:42.917 [JavaFX Application Thread] DEBUG GameApplicationServi - Removing overlay from FXGLMainMenuDummyScene and adding to FXGLDefaultMenu
05:03:42.918 [JavaFX Application Thread] DEBUG PrimaryStageWindow   - FXGLMainMenuDummyScene -> FXGLDefaultMenu
05:03:43.103 [FXGL Background Thread 4 ] DEBUG FXGLAssetLoaderServi - Loading from file system: jar:file:///C:/Users/Juan/.m2/repository/com/github/almasb/fxgl/17.2/fxgl-17.2.jar!/fxglassets/ui/fonts/Abel-Regular.ttf
05:03:43.172 [FXGL Background Thread 4 ] DEBUG FXGLAssetLoaderServi - Loading from file system: jar:file:///C:/Users/Juan/.m2/repository/com/github/almasb/fxgl/17.2/fxgl-17.2.jar!/fxglassets/ui/fonts/TerminalLandMono-Regular.otf
05:03:43.223 [FXGL Background Thread 4 ] DEBUG FXGLAssetLoaderServi - Loading from file system: jar:file:///C:/Users/Juan/.m2/repository/com/github/almasb/fxgl/17.2/fxgl-17.2.jar!/fxglassets/ui/fonts/Courier-Prime.ttf
05:03:43.386 [JavaFX Application Thread] DEBUG FXGLApplication      - Registering font factories with UI factory
05:03:44.384 [FXGL Background Thread 2 ] INFO  UpdaterService       - Your current version:  17.2
05:03:44.384 [FXGL Background Thread 2 ] INFO  UpdaterService       - Latest stable version: 17.3
05:03:44.449 [JavaFX Application Thread] DEBUG Menu                 - fireNewGame()
05:03:44.449 [JavaFX Application Thread] DEBUG GameApplicationServi - Starting new game
05:03:44.455 [JavaFX Application Thread] DEBUG PrimaryStageWindow   - Pop state: FXGLDefaultMenu
05:03:44.455 [JavaFX Application Thread] DEBUG Input                - Clearing active input actions
05:03:44.456 [JavaFX Application Thread] DEBUG GameApplicationServi - Removing overlay from FXGLDefaultMenu and adding to FXGLMainMenuDummyScene
05:03:44.457 [JavaFX Application Thread] DEBUG PrimaryStageWindow   - FXGLMainMenuDummyScene <- FXGLDefaultMenu
05:03:44.457 [JavaFX Application Thread] DEBUG Input                - Clearing active input actions
05:03:44.467 [JavaFX Application Thread] DEBUG GameApplicationServi - Removing overlay from FXGLMainMenuDummyScene and adding to FXGLLoadingScene
05:03:44.468 [JavaFX Application Thread] DEBUG PrimaryStageWindow   - FXGLMainMenuDummyScene -> FXGLLoadingScene
05:03:44.468 [JavaFX Application Thread] DEBUG GameApplicationServi - Clearing previous game
05:03:44.468 [JavaFX Application Thread] DEBUG GameScene            - Clearing game scene
05:03:44.468 [JavaFX Application Thread] DEBUG GameWorld            - Clearing game world
05:03:44.468 [JavaFX Application Thread] DEBUG PhysicsWorld         - Clearing physics world
05:03:44.470 [FXGL Background Thread 2 ] DEBUG FXGLApplication      - Initializing game
05:03:44.480 [FXGL Background Thread 2 ] DEBUG FXGLAssetLoaderServi - Loading from file system: file:/C:/Users/Juan/Desktop/Apo%20Integradora%203/NuclearThroneAtomic/src/nuclearthroneatomic/target/classes/assets/textures/Avatar/1-Idle/1.png
05:03:44.483 [FXGL Background Thread 2 ] DEBUG FXGLAssetLoaderServi - Loading from file system: file:/C:/Users/Juan/Desktop/Apo%20Integradora%203/NuclearThroneAtomic/src/nuclearthroneatomic/target/classes/assets/textures/Avatar/1-Idle/2.png
05:03:44.486 [FXGL Background Thread 2 ] DEBUG FXGLAssetLoaderServi - Loading from file system: file:/C:/Users/Juan/Desktop/Apo%20Integradora%203/NuclearThroneAtomic/src/nuclearthroneatomic/target/classes/assets/textures/Avatar/1-Idle/3.png
05:03:44.489 [FXGL Background Thread 2 ] DEBUG FXGLAssetLoaderServi - Loading from file system: file:/C:/Users/Juan/Desktop/Apo%20Integradora%203/NuclearThroneAtomic/src/nuclearthroneatomic/target/classes/assets/textures/Avatar/1-Idle/4.png
05:03:44.535 [FXGL Background Thread 2 ] DEBUG FXGLAssetLoaderServi - Loading from file system: file:/C:/Users/Juan/Desktop/Apo%20Integradora%203/NuclearThroneAtomic/src/nuclearthroneatomic/target/classes/assets/textures/Avatar/2-Run/1.png
05:03:44.538 [FXGL Background Thread 2 ] DEBUG FXGLAssetLoaderServi - Loading from file system: file:/C:/Users/Juan/Desktop/Apo%20Integradora%203/NuclearThroneAtomic/src/nuclearthroneatomic/target/classes/assets/textures/Avatar/2-Run/2.png
05:03:44.541 [FXGL Background Thread 2 ] DEBUG FXGLAssetLoaderServi - Loading from file system: file:/C:/Users/Juan/Desktop/Apo%20Integradora%203/NuclearThroneAtomic/src/nuclearthroneatomic/target/classes/assets/textures/Avatar/2-Run/3.png
05:03:44.545 [FXGL Background Thread 2 ] DEBUG FXGLAssetLoaderServi - Loading from file system: file:/C:/Users/Juan/Desktop/Apo%20Integradora%203/NuclearThroneAtomic/src/nuclearthroneatomic/target/classes/assets/textures/Avatar/2-Run/4.png
05:03:44.548 [FXGL Background Thread 2 ] DEBUG FXGLAssetLoaderServi - Loading from file system: file:/C:/Users/Juan/Desktop/Apo%20Integradora%203/NuclearThroneAtomic/src/nuclearthroneatomic/target/classes/assets/textures/Avatar/2-Run/5.png
05:03:44.550 [FXGL Background Thread 2 ] DEBUG FXGLAssetLoaderServi - Loading from file system: file:/C:/Users/Juan/Desktop/Apo%20Integradora%203/NuclearThroneAtomic/src/nuclearthroneatomic/target/classes/assets/textures/Avatar/2-Run/6.png
05:03:44.557 [FXGL Background Thread 2 ] DEBUG FXGLAssetLoaderServi - Loading from file system: file:/C:/Users/Juan/Desktop/Apo%20Integradora%203/NuclearThroneAtomic/src/nuclearthroneatomic/target/classes/assets/textures/Munition/1.png
05:03:44.601 [FXGL Background Thread 2 ] DEBUG FXGLAssetLoaderServi - Loading from file system: file:/C:/Users/Juan/Desktop/Apo%20Integradora%203/NuclearThroneAtomic/src/nuclearthroneatomic/target/classes/assets/textures/hud/lifeplayer.png
05:03:44.609 [FXGL Background Thread 2 ] DEBUG FXGLAssetLoaderServi - Loading from file system: file:/C:/Users/Juan/Desktop/Apo%20Integradora%203/NuclearThroneAtomic/src/nuclearthroneatomic/target/classes/assets/textures/hud/medkit.png
05:03:44.617 [FXGL Background Thread 2 ] DEBUG FXGLAssetLoaderServi - Loading from file system: file:/C:/Users/Juan/Desktop/Apo%20Integradora%203/NuclearThroneAtomic/src/nuclearthroneatomic/target/classes/assets/textures/hud/trebol.png
05:03:44.624 [FXGL Background Thread 2 ] DEBUG FXGLAssetLoaderServi - Loading from file system: file:/C:/Users/Juan/Desktop/Apo%20Integradora%203/NuclearThroneAtomic/src/nuclearthroneatomic/target/classes/assets/textures/Guns/1.png
05:03:44.638 [FXGL Background Thread 2 ] DEBUG FXGLAssetLoaderServi - Loading from file system: file:/C:/Users/Juan/Desktop/Apo%20Integradora%203/NuclearThroneAtomic/src/nuclearthroneatomic/target/classes/assets/textures/enemy/1-Idle/1.png
05:03:44.640 [FXGL Background Thread 2 ] DEBUG FXGLAssetLoaderServi - Loading from file system: file:/C:/Users/Juan/Desktop/Apo%20Integradora%203/NuclearThroneAtomic/src/nuclearthroneatomic/target/classes/assets/textures/enemy/1-Idle/2.png
05:03:44.643 [FXGL Background Thread 2 ] DEBUG FXGLAssetLoaderServi - Loading from file system: file:/C:/Users/Juan/Desktop/Apo%20Integradora%203/NuclearThroneAtomic/src/nuclearthroneatomic/target/classes/assets/textures/enemy/1-Idle/3.png
05:03:44.647 [FXGL Background Thread 2 ] DEBUG FXGLAssetLoaderServi - Loading from file system: file:/C:/Users/Juan/Desktop/Apo%20Integradora%203/NuclearThroneAtomic/src/nuclearthroneatomic/target/classes/assets/textures/enemy/1-Idle/4.png
05:03:44.681 [FXGL Background Thread 2 ] DEBUG FXGLAssetLoaderServi - Loading from file system: file:/C:/Users/Juan/Desktop/Apo%20Integradora%203/NuclearThroneAtomic/src/nuclearthroneatomic/target/classes/assets/textures/enemy/2-Run/1.png
05:03:44.682 [FXGL Background Thread 2 ] DEBUG FXGLAssetLoaderServi - Loading from file system: file:/C:/Users/Juan/Desktop/Apo%20Integradora%203/NuclearThroneAtomic/src/nuclearthroneatomic/target/classes/assets/textures/enemy/2-Run/2.png
05:03:44.684 [FXGL Background Thread 2 ] DEBUG FXGLAssetLoaderServi - Loading from file system: file:/C:/Users/Juan/Desktop/Apo%20Integradora%203/NuclearThroneAtomic/src/nuclearthroneatomic/target/classes/assets/textures/enemy/2-Run/3.png
05:03:44.686 [FXGL Background Thread 2 ] DEBUG FXGLAssetLoaderServi - Loading from file system: file:/C:/Users/Juan/Desktop/Apo%20Integradora%203/NuclearThroneAtomic/src/nuclearthroneatomic/target/classes/assets/textures/enemy/2-Run/4.png
05:03:44.688 [FXGL Background Thread 2 ] DEBUG FXGLAssetLoaderServi - Loading from file system: file:/C:/Users/Juan/Desktop/Apo%20Integradora%203/NuclearThroneAtomic/src/nuclearthroneatomic/target/classes/assets/textures/enemy/2-Run/5.png
05:03:44.690 [FXGL Background Thread 2 ] DEBUG FXGLAssetLoaderServi - Loading from file system: file:/C:/Users/Juan/Desktop/Apo%20Integradora%203/NuclearThroneAtomic/src/nuclearthroneatomic/target/classes/assets/textures/enemy/2-Run/6.png
05:03:44.712 [FXGL Background Thread 2 ] DEBUG FXGLAssetLoaderServi - Loading from file system: file:/C:/Users/Juan/Desktop/Apo%20Integradora%203/NuclearThroneAtomic/src/nuclearthroneatomic/target/classes/assets/textures/portal/1.png
05:03:44.717 [FXGL Background Thread 2 ] DEBUG FXGLAssetLoaderServi - Loading from file system: file:/C:/Users/Juan/Desktop/Apo%20Integradora%203/NuclearThroneAtomic/src/nuclearthroneatomic/target/classes/assets/textures/portal/2.png
05:03:44.723 [FXGL Background Thread 2 ] DEBUG FXGLAssetLoaderServi - Loading from file system: file:/C:/Users/Juan/Desktop/Apo%20Integradora%203/NuclearThroneAtomic/src/nuclearthroneatomic/target/classes/assets/textures/portal/3.png
05:03:44.730 [FXGL Background Thread 2 ] DEBUG FXGLAssetLoaderServi - Loading from file system: file:/C:/Users/Juan/Desktop/Apo%20Integradora%203/NuclearThroneAtomic/src/nuclearthroneatomic/target/classes/assets/textures/portal/4.png
05:03:44.752 [FXGL Background Thread 2 ] DEBUG FXGLAssetLoaderServi - Loading from file system: file:/C:/Users/Juan/Desktop/Apo%20Integradora%203/NuclearThroneAtomic/src/nuclearthroneatomic/target/classes/assets/textures/Wall/1.png
05:03:44.915 [FXGL Background Thread 2 ] INFO  FXGLApplication      - Game initialization took: 0,444 sec
05:03:44.915 [JavaFX Application Thread] DEBUG Input                - Clearing active input actions
05:03:44.927 [JavaFX Application Thread] DEBUG GameApplicationServi - Removing overlay from FXGLLoadingScene and adding to GameScene
05:03:44.928 [JavaFX Application Thread] DEBUG PrimaryStageWindow   - FXGLLoadingScene -> GameScene
05:03:45.727 [FXGL Background Thread 3 ] DEBUG Engine               - Logging environment variables
05:03:45.728 [FXGL Background Thread 3 ] DEBUG Engine               - achievements: []
05:03:45.728 [FXGL Background Thread 3 ] DEBUG Engine               - actualHeight: 600.0
05:03:45.728 [FXGL Background Thread 3 ] DEBUG Engine               - actualHeightProperty: ReadOnlyDoubleProperty [value: 600.0]
05:03:45.728 [FXGL Background Thread 3 ] DEBUG Engine               - actualWidth: 800.0
05:03:45.728 [FXGL Background Thread 3 ] DEBUG Engine               - actualWidthProperty: ReadOnlyDoubleProperty [value: 800.0]
05:03:45.728 [FXGL Background Thread 3 ] DEBUG Engine               - appIcon: fxgl_icon.png
05:03:45.728 [FXGL Background Thread 3 ] DEBUG Engine               - applicationMode: DEVELOPER
05:03:45.728 [FXGL Background Thread 3 ] DEBUG Engine               - cSSList: [fxgl_dark.css]
05:03:45.729 [FXGL Background Thread 3 ] DEBUG Engine               - collisionDetectionStrategy: BRUTE_FORCE
05:03:45.729 [FXGL Background Thread 3 ] DEBUG Engine               - configClass: Optional.empty
05:03:45.729 [FXGL Background Thread 3 ] DEBUG Engine               - credits: []
05:03:45.729 [FXGL Background Thread 3 ] DEBUG Engine               - defaultCursor: CursorInfo(imageName=fxgl_default_cursor.png, hotspotX=7.0, hotspotY=6.0)
05:03:45.729 [FXGL Background Thread 3 ] DEBUG Engine               - devBBoxColorProperty: ObjectProperty [value: 0xff0000ff]
05:03:45.732 [FXGL Background Thread 3 ] DEBUG Engine               - devEnableDebugCameraProperty: BooleanProperty [value: false]
05:03:45.732 [FXGL Background Thread 3 ] DEBUG Engine               - devSensorColorProperty: ObjectProperty [value: 0xffff00ff]
05:03:45.732 [FXGL Background Thread 3 ] DEBUG Engine               - devShowBBoxProperty: BooleanProperty [value: false]
05:03:45.732 [FXGL Background Thread 3 ] DEBUG Engine               - devShowPositionProperty: BooleanProperty [value: false]
05:03:45.734 [FXGL Background Thread 3 ] DEBUG Engine               - enabledMenuItems: []
05:03:45.734 [FXGL Background Thread 3 ] DEBUG Engine               - engineServices: [class com.almasb.fxgl.app.services.FXGLAssetLoaderService, class com.almasb.fxgl.app.FXGLApplication$GameApplicationService, class com.almasb.fxgl.app.services.FXGLDialogService, class com.almasb.fxgl.app.services.IOTaskExecutorService, class com.almasb.fxgl.io.FileSystemService, class com.almasb.fxgl.localization.LocalizationService, class com.almasb.fxgl.app.services.SystemBundleService, class com.almasb.fxgl.profile.SaveLoadService, class com.almasb.fxgl.ui.FXGLUIFactoryServiceProvider, class com.almasb.fxgl.ui.FXGLDialogFactoryServiceProvider, class com.almasb.fxgl.audio.AudioPlayer, class com.almasb.fxgl.notification.impl.NotificationServiceProvider, class com.almasb.fxgl.achievement.AchievementService, class com.almasb.fxgl.cutscene.CutsceneService, class com.almasb.fxgl.minigames.MiniGameService, class com.almasb.fxgl.net.NetService, class com.almasb.fxgl.app.services.UpdaterService, class com.almasb.fxgl.dev.DevService]
05:03:45.734 [FXGL Background Thread 3 ] DEBUG Engine               - fontGame: Abel-Regular.ttf
05:03:45.734 [FXGL Background Thread 3 ] DEBUG Engine               - fontMono: TerminalLandMono-Regular.otf
05:03:45.734 [FXGL Background Thread 3 ] DEBUG Engine               - fontText: Courier-Prime.ttf
05:03:45.734 [FXGL Background Thread 3 ] DEBUG Engine               - fontUI: VarelaRound-Regular.ttf
05:03:45.734 [FXGL Background Thread 3 ] DEBUG Engine               - fullScreen: BooleanProperty [value: false]
05:03:45.734 [FXGL Background Thread 3 ] DEBUG Engine               - gameDifficulty: MEDIUM
05:03:45.735 [FXGL Background Thread 3 ] DEBUG Engine               - gameDifficultyProperty: ObjectProperty [value: MEDIUM]
05:03:45.735 [FXGL Background Thread 3 ] DEBUG Engine               - globalMusicVolume: 0.5
05:03:45.735 [FXGL Background Thread 3 ] DEBUG Engine               - globalMusicVolumeProperty: DoubleProperty [value: 0.5]
05:03:45.735 [FXGL Background Thread 3 ] DEBUG Engine               - globalSoundVolume: 0.5
05:03:45.735 [FXGL Background Thread 3 ] DEBUG Engine               - globalSoundVolumeProperty: DoubleProperty [value: 0.5]
05:03:45.735 [FXGL Background Thread 3 ] DEBUG Engine               - height: 600
05:03:45.735 [FXGL Background Thread 3 ] DEBUG Engine               - is3D: false
05:03:45.742 [FXGL Background Thread 3 ] DEBUG Engine               - isAndroid: false
05:03:45.743 [FXGL Background Thread 3 ] DEBUG Engine               - isBrowser: false
05:03:45.743 [FXGL Background Thread 3 ] DEBUG Engine               - isClickFeedbackEnabled: false
05:03:45.743 [FXGL Background Thread 3 ] DEBUG Engine               - isCloseConfirmation: false
05:03:45.743 [FXGL Background Thread 3 ] DEBUG Engine               - isDesktop: true
05:03:45.744 [FXGL Background Thread 3 ] DEBUG Engine               - isDeveloperMenuEnabled: false
05:03:45.744 [FXGL Background Thread 3 ] DEBUG Engine               - isEmbedded: false
05:03:45.744 [FXGL Background Thread 3 ] DEBUG Engine               - isEntityPreloadEnabled: true
05:03:45.744 [FXGL Background Thread 3 ] DEBUG Engine               - isExperimentalTiledLargeMap: false
05:03:45.744 [FXGL Background Thread 3 ] DEBUG Engine               - isFileSystemWriteAllowed: true
05:03:45.744 [FXGL Background Thread 3 ] DEBUG Engine               - isFullScreenAllowed: true
05:03:45.744 [FXGL Background Thread 3 ] DEBUG Engine               - isFullScreenFromStart: false
05:03:45.744 [FXGL Background Thread 3 ] DEBUG Engine               - isGameMenuEnabled: true
05:03:45.744 [FXGL Background Thread 3 ] DEBUG Engine               - isIOS: false
05:03:45.744 [FXGL Background Thread 3 ] DEBUG Engine               - isIntroEnabled: false
05:03:45.744 [FXGL Background Thread 3 ] DEBUG Engine               - isLinux: false
05:03:45.744 [FXGL Background Thread 3 ] DEBUG Engine               - isMac: false
05:03:45.744 [FXGL Background Thread 3 ] DEBUG Engine               - isMainMenuEnabled: true
05:03:45.744 [FXGL Background Thread 3 ] DEBUG Engine               - isManualResizeEnabled: false
05:03:45.744 [FXGL Background Thread 3 ] DEBUG Engine               - isMobile: false
05:03:45.744 [FXGL Background Thread 3 ] DEBUG Engine               - isNative: false
05:03:45.744 [FXGL Background Thread 3 ] DEBUG Engine               - isPauseMusicWhenMinimized: true
05:03:45.744 [FXGL Background Thread 3 ] DEBUG Engine               - isPreserveResizeRatio: false
05:03:45.744 [FXGL Background Thread 3 ] DEBUG Engine               - isProfilingEnabled: false
05:03:45.744 [FXGL Background Thread 3 ] DEBUG Engine               - isScaleAffectedOnResize: true
05:03:45.744 [FXGL Background Thread 3 ] DEBUG Engine               - isSingleStep: false
05:03:45.744 [FXGL Background Thread 3 ] DEBUG Engine               - isUserProfileEnabled: false
05:03:45.744 [FXGL Background Thread 3 ] DEBUG Engine               - isWindows: true
05:03:45.744 [FXGL Background Thread 3 ] DEBUG Engine               - language: ObjectProperty [value: ENGLISH]
05:03:45.744 [FXGL Background Thread 3 ] DEBUG Engine               - menuKey: ESCAPE
05:03:45.744 [FXGL Background Thread 3 ] DEBUG Engine               - mouseSensitivity: 0.2
05:03:45.744 [FXGL Background Thread 3 ] DEBUG Engine               - notificationViewClass: class com.almasb.fxgl.notification.view.XboxNotificationView
05:03:45.745 [FXGL Background Thread 3 ] DEBUG Engine               - pixelsPerMeter: 50.0
05:03:45.745 [FXGL Background Thread 3 ] DEBUG Engine               - platform: WINDOWS
05:03:45.745 [FXGL Background Thread 3 ] DEBUG Engine               - prefHeightProperty: ReadOnlyDoubleProperty [value: 600.0]
05:03:45.745 [FXGL Background Thread 3 ] DEBUG Engine               - prefWidthProperty: ReadOnlyDoubleProperty [value: 800.0]
05:03:45.745 [FXGL Background Thread 3 ] DEBUG Engine               - profileDir: profiles/
05:03:45.745 [FXGL Background Thread 3 ] DEBUG Engine               - profileName: StringProperty [value: DEFAULT]
05:03:45.745 [FXGL Background Thread 3 ] DEBUG Engine               - randomSeed: -1
05:03:45.745 [FXGL Background Thread 3 ] DEBUG Engine               - runtimeInfo: RuntimeInfo(platform=WINDOWS, version=17.2, build=20.08.2022 16.50)
05:03:45.745 [FXGL Background Thread 3 ] DEBUG Engine               - saveFileExt: sav
05:03:45.746 [FXGL Background Thread 3 ] DEBUG Engine               - scaledHeightProp$fxgl: DoubleProperty [bound, value: 600.0]
05:03:45.746 [FXGL Background Thread 3 ] DEBUG Engine               - scaledWidthProp$fxgl: DoubleProperty [bound, value: 800.0]
05:03:45.746 [FXGL Background Thread 3 ] DEBUG Engine               - sceneFactory: com.almasb.fxgl.app.scene.SceneFactory@33478285
05:03:45.746 [FXGL Background Thread 3 ] DEBUG Engine               - secondsIn24h: 60
05:03:45.746 [FXGL Background Thread 3 ] DEBUG Engine               - soundMenuBack: menu/back.wav
05:03:45.746 [FXGL Background Thread 3 ] DEBUG Engine               - soundMenuPress: menu/press.wav
05:03:45.746 [FXGL Background Thread 3 ] DEBUG Engine               - soundMenuSelect: menu/select.wav
05:03:45.746 [FXGL Background Thread 3 ] DEBUG Engine               - soundNotification: core/notification.wav
05:03:45.746 [FXGL Background Thread 3 ] DEBUG Engine               - stageStyle: DECORATED
05:03:45.746 [FXGL Background Thread 3 ] DEBUG Engine               - supportedLanguages: [ENGLISH, FRENCH, GERMAN, HUNGARIAN, RUSSIAN]
05:03:45.746 [FXGL Background Thread 3 ] DEBUG Engine               - ticksPerSecond: -1
05:03:45.746 [FXGL Background Thread 3 ] DEBUG Engine               - title: Nuclear Throne Atomic
05:03:45.746 [FXGL Background Thread 3 ] DEBUG Engine               - urlGithub: https://github.com/AlmasB/FXGL
05:03:45.746 [FXGL Background Thread 3 ] DEBUG Engine               - urlLeaderboard: http://fxgl-top.herokuapp.com/
05:03:45.746 [FXGL Background Thread 3 ] DEBUG Engine               - urlPOM: https://raw.githubusercontent.com/AlmasB/FXGL/release/README.md
05:03:45.747 [FXGL Background Thread 3 ] DEBUG Engine               - userAppClass: class com.example.nuclearthroneatomic.Controller
05:03:45.747 [FXGL Background Thread 3 ] DEBUG Engine               - version: 0.0
05:03:45.747 [FXGL Background Thread 3 ] DEBUG Engine               - versionCheckDays: 7
05:03:45.747 [FXGL Background Thread 3 ] DEBUG Engine               - width: 800
05:03:45.747 [FXGL Background Thread 3 ] DEBUG Engine               - Logging services
05:03:45.748 [FXGL Background Thread 3 ] DEBUG Engine               - class com.almasb.fxgl.app.services.FXGLAssetLoaderService
05:03:45.748 [FXGL Background Thread 3 ] DEBUG Engine               - class com.almasb.fxgl.app.FXGLApplication$GameApplicationService
05:03:45.748 [FXGL Background Thread 3 ] DEBUG Engine               - class com.almasb.fxgl.app.services.FXGLDialogService
05:03:45.748 [FXGL Background Thread 3 ] DEBUG Engine               - class com.almasb.fxgl.app.services.IOTaskExecutorService
05:03:45.748 [FXGL Background Thread 3 ] DEBUG Engine               - class com.almasb.fxgl.io.FileSystemService
05:03:45.748 [FXGL Background Thread 3 ] DEBUG Engine               - class com.almasb.fxgl.localization.LocalizationService
05:03:45.748 [FXGL Background Thread 3 ] DEBUG Engine               - class com.almasb.fxgl.app.services.SystemBundleService
05:03:45.748 [FXGL Background Thread 3 ] DEBUG Engine               - class com.almasb.fxgl.profile.SaveLoadService
05:03:45.748 [FXGL Background Thread 3 ] DEBUG Engine               - class com.almasb.fxgl.ui.FXGLUIFactoryServiceProvider
05:03:45.748 [FXGL Background Thread 3 ] DEBUG Engine               - class com.almasb.fxgl.ui.FXGLDialogFactoryServiceProvider
05:03:45.748 [FXGL Background Thread 3 ] DEBUG Engine               - class com.almasb.fxgl.audio.AudioPlayer
05:03:45.748 [FXGL Background Thread 3 ] DEBUG Engine               - class com.almasb.fxgl.notification.impl.NotificationServiceProvider
05:03:45.748 [FXGL Background Thread 3 ] DEBUG Engine               - class com.almasb.fxgl.achievement.AchievementService
05:03:45.748 [FXGL Background Thread 3 ] DEBUG Engine               - class com.almasb.fxgl.cutscene.CutsceneService
05:03:45.748 [FXGL Background Thread 3 ] DEBUG Engine               - class com.almasb.fxgl.minigames.MiniGameService
05:03:45.748 [FXGL Background Thread 3 ] DEBUG Engine               - class com.almasb.fxgl.net.NetService
05:03:45.748 [FXGL Background Thread 3 ] DEBUG Engine               - class com.almasb.fxgl.app.services.UpdaterService
05:03:45.748 [FXGL Background Thread 3 ] DEBUG Engine               - class com.almasb.fxgl.dev.DevService
05:03:52.070 [JavaFX Application Thread] DEBUG FXGLAssetLoaderServi - Loading from file system: file:/C:/Users/Juan/Desktop/Apo%20Integradora%203/NuclearThroneAtomic/src/nuclearthroneatomic/target/classes/assets/textures/Bullet/1.png
05:03:58.793 [JavaFX Application Thread] DEBUG FXGLApplication      - Exiting FXGL
05:03:58.793 [JavaFX Application Thread] DEBUG LoopRunner           - Stopping loop
05:03:58.793 [JavaFX Application Thread] DEBUG SystemBundleService  - Saving FXGL system data
05:03:58.802 [JavaFX Application Thread] DEBUG FileSystemAccess     - Writing to: C:\Users\Juan\Desktop\Apo Integradora 3\NuclearThroneAtomic\src\nuclearthroneatomic\system\fxgl.bundle
05:03:58.807 [JavaFX Application Thread] DEBUG Async                - Shutting down background threads
05:03:58.808 [JavaFX Application Thread] DEBUG PrimaryStageWindow   - Closing main window
05:03:58.823 [JavaFX Application Thread] DEBUG Logger               - Closing Logger
