08:56:45.095 [main                     ] DEBUG Logger               - Configured Logger
08:56:45.153 [main                     ] DEBUG GameApplication      - Logging settings
Title: Nuclear Throne Atomic
Version: 0.0
Width: 800
Height: 600
Fullscreen: true
Intro: false
Profiling: false
Single step:false
App Mode: DEVELOPER
Menu Key: ESCAPE
Stage Style: DECORATED
Scene Factory: class com.almasb.fxgl.app.scene.SceneFactory

08:56:46.161 [JavaFX Application Thread] DEBUG FXGLApplication      - Initializing FXGL
08:56:46.169 [JavaFX Application Thread] INFO  Engine               - FXGL-17.2 (20.08.2022 16.50) on WINDOWS (J:20.0.1 FX:19.0.2.1)
08:56:46.170 [JavaFX Application Thread] DEBUG Engine               - JRE Vendor Name: Oracle Corporation
08:56:46.170 [JavaFX Application Thread] DEBUG Engine               - Running on OS: Windows 10 version 10.0
08:56:46.170 [JavaFX Application Thread] DEBUG Engine               - Architecture: amd64
08:56:46.171 [JavaFX Application Thread] INFO  Engine               - Source code and latest versions at: https://github.com/AlmasB/FXGL
08:56:46.171 [JavaFX Application Thread] INFO  Engine               -       Ask questions and discuss at: https://github.com/AlmasB/FXGL/discussions
08:56:46.171 [JavaFX Application Thread] INFO  Engine               -              Join the FXGL chat at: https://gitter.im/AlmasB/FXGL
08:56:46.349 [JavaFX Application Thread] DEBUG PrimaryStageWindow   - Creating a JavaFX scene
08:56:46.419 [JavaFX Application Thread] DEBUG PrimaryStageWindow   - Target settings size: 800.0 x 600.0
08:56:46.419 [JavaFX Application Thread] DEBUG PrimaryStageWindow   - Scaled scene size:    800.0 x 600.0
08:56:46.419 [JavaFX Application Thread] DEBUG PrimaryStageWindow   - Scaled ratio: (1.0, 1.0)
08:56:46.421 [JavaFX Application Thread] DEBUG PrimaryStageWindow   - Set initial scene to FXGLStartupScene
08:56:46.429 [JavaFX Application Thread] DEBUG PrimaryStageWindow   - Opening main window
08:56:46.580 [JavaFX Application Thread] DEBUG PrimaryStageWindow   - Window border size: (16.0, 39.0)
08:56:46.581 [JavaFX Application Thread] DEBUG PrimaryStageWindow   - Scaled size: 800.0 x 600.0
08:56:46.582 [JavaFX Application Thread] DEBUG PrimaryStageWindow   - Scaled ratio: (1.0, 1.0)
08:56:46.583 [JavaFX Application Thread] DEBUG PrimaryStageWindow   - Scene size: 800.0 x 600.0
08:56:46.584 [JavaFX Application Thread] DEBUG PrimaryStageWindow   - Stage size: 816.0 x 639.0
08:56:46.603 [FXGL Background Thread 1 ] DEBUG Engine               - Initializing environment variables
08:56:46.700 [FXGL Background Thread 1 ] DEBUG FXGLAssetLoaderServi - User app class for loading assets: class com.example.nuclearthroneatomic.Controller
08:56:46.700 [FXGL Background Thread 1 ] DEBUG GameApplicationServi - Applying CSS: fxgl_dark.css
08:56:46.703 [FXGL Background Thread 1 ] DEBUG FXGLAssetLoaderServi - Loading from file system: jar:file:///C:/Users/Usuario/.m2/repository/com/github/almasb/fxgl/17.2/fxgl-17.2.jar!/fxglassets/ui/css/fxgl_dark.css
08:56:46.797 [FXGL Background Thread 1 ] DEBUG GameApplicationServi - Initializing application scenes
08:56:46.892 [FXGL Background Thread 1 ] DEBUG GameWorld            - Game world initialized
08:56:47.004 [FXGL Background Thread 1 ] DEBUG PhysicsWorld         - Physics world initialized: appHeight=600, physics.ppm=50,0
08:56:47.005 [FXGL Background Thread 1 ] DEBUG PhysicsWorld         - Using strategy: BRUTE_FORCE
08:56:47.012 [FXGL Background Thread 1 ] DEBUG GameScene            - Game scene initialized: 800x600
08:56:47.034 [FXGL Background Thread 1 ] DEBUG FXGL.DefaultMenu     - createMenuBodyMainMenu()
08:56:47.064 [FXGL Background Thread 1 ] DEBUG FXGL.DefaultMenu     - createOptionsMenu()
08:56:47.084 [FXGL Background Thread 1 ] DEBUG FXGL.DefaultMenu     - createExtraMenu()
08:56:47.100 [FXGL Background Thread 1 ] DEBUG FXGLAssetLoaderServi - Loading from file system: jar:file:///C:/Users/Usuario/.m2/repository/com/github/almasb/fxgl/17.2/fxgl-17.2.jar!/fxglassets/textures/particles/smoke.png
08:56:47.273 [FXGL Background Thread 1 ] DEBUG FXGLAssetLoaderServi - Loading from file system: jar:file:///C:/Users/Usuario/.m2/repository/com/github/almasb/fxgl/17.2/fxgl-17.2.jar!/fxglassets/textures/particles/trace_horizontal.png
08:56:47.329 [FXGL Background Thread 1 ] DEBUG FXGL.DefaultMenu     - createMenuBodyGameMenu()
08:56:47.332 [FXGL Background Thread 1 ] DEBUG FXGL.DefaultMenu     - createOptionsMenu()
08:56:47.340 [FXGL Background Thread 1 ] DEBUG FXGL.DefaultMenu     - createExtraMenu()
08:56:47.366 [FXGL Background Thread 1 ] DEBUG GameApplicationServi - Application scenes initialized
08:56:47.397 [FXGL Background Thread 1 ] DEBUG SystemBundleService  - Loading FXGL system data
08:56:47.408 [FXGL Background Thread 1 ] DEBUG FileSystemAccess     - Reading from: C:\Users\Usuario\OneDrive - Universidad Icesi (@icesi.edu.co)\Dicretas 1\NuclearThroneAtomic\src\nuclearthroneatomic\system\fxgl.bundle
08:56:47.429 [FXGL Background Thread 1 ] DEBUG SystemBundleService  - Bundle FXGL: {}
08:56:47.429 [FXGL Background Thread 1 ] DEBUG UpdaterService       - Checking for updates
08:56:47.441 [FXGL Background Thread 4 ] DEBUG FXGLApplication      - Loading fonts
08:56:47.442 [FXGL Background Thread 1 ] DEBUG FXGLApplication      - Loading default localization
08:56:47.443 [FXGL Background Thread 4 ] DEBUG FXGLAssetLoaderServi - Loading from file system: jar:file:///C:/Users/Usuario/.m2/repository/com/github/almasb/fxgl/17.2/fxgl-17.2.jar!/fxglassets/ui/fonts/VarelaRound-Regular.ttf
08:56:47.444 [FXGL Background Thread 1 ] DEBUG FXGLAssetLoaderServi - Loading from file system: jar:file:///C:/Users/Usuario/.m2/repository/com/github/almasb/fxgl/17.2/fxgl-17.2.jar!/fxglassets/languages/english.lang
08:56:47.475 [FXGL Background Thread 1 ] INFO  FXGLApplication      - FXGL initialization took: 0,870 sec
08:56:47.492 [JavaFX Application Thread] DEBUG Input                - Registered new binding: lucky - Q
08:56:47.493 [JavaFX Application Thread] DEBUG Input                - Registered new binding: health - F
08:56:47.493 [JavaFX Application Thread] DEBUG Input                - Registered new binding: Right - D
08:56:47.494 [JavaFX Application Thread] DEBUG Input                - Registered new binding: Left - A
08:56:47.494 [JavaFX Application Thread] DEBUG Input                - Registered new binding: Up - W
08:56:47.495 [JavaFX Application Thread] DEBUG Input                - Registered new binding: Down - S
08:56:47.497 [JavaFX Application Thread] DEBUG Input                - Registered new binding: Reload - RMB
08:56:47.498 [JavaFX Application Thread] DEBUG Input                - Registered new binding: Shoot - LMB
08:56:47.499 [JavaFX Application Thread] DEBUG FXGLAssetLoaderServi - Loading from file system: file:/C:/Users/Usuario/OneDrive%20-%20Universidad%20Icesi%20(@icesi.edu.co)/Dicretas%201/NuclearThroneAtomic/src/nuclearthroneatomic/target/classes/assets/music/muiscformenus.mp3
08:56:47.806 [FXGL Background Thread 4 ] DEBUG FXGLAssetLoaderServi - Loading from file system: jar:file:///C:/Users/Usuario/.m2/repository/com/github/almasb/fxgl/17.2/fxgl-17.2.jar!/fxglassets/ui/fonts/Abel-Regular.ttf
08:56:47.823 [FXGL Background Thread 4 ] DEBUG FXGLAssetLoaderServi - Loading from file system: jar:file:///C:/Users/Usuario/.m2/repository/com/github/almasb/fxgl/17.2/fxgl-17.2.jar!/fxglassets/ui/fonts/TerminalLandMono-Regular.otf
08:56:47.827 [JavaFX Application Thread] DEBUG AudioPlayer          - Playing music com.almasb.fxgl.audio.Music@7cb15172
08:56:47.829 [JavaFX Application Thread] DEBUG FXGLAssetLoaderServi - Loading from file system: jar:file:///C:/Users/Usuario/.m2/repository/com/github/almasb/fxgl/17.2/fxgl-17.2.jar!/fxglassets/textures/fxgl_icon.png
08:56:47.835 [FXGL Background Thread 4 ] DEBUG FXGLAssetLoaderServi - Loading from file system: jar:file:///C:/Users/Usuario/.m2/repository/com/github/almasb/fxgl/17.2/fxgl-17.2.jar!/fxglassets/ui/fonts/Courier-Prime.ttf
08:56:47.875 [JavaFX Application Thread] DEBUG FXGLAssetLoaderServi - Loading from file system: jar:file:///C:/Users/Usuario/.m2/repository/com/github/almasb/fxgl/17.2/fxgl-17.2.jar!/fxglassets/textures/fxgl_default_cursor.png
08:56:47.879 [JavaFX Application Thread] DEBUG Input                - Registered new binding: Screenshot - CTRL+8
08:56:47.881 [JavaFX Application Thread] DEBUG Input                - Registered new binding: System info dump - CTRL+9
08:56:47.881 [JavaFX Application Thread] DEBUG Input                - Registered new binding: Restart - CTRL+R
08:56:47.882 [JavaFX Application Thread] DEBUG Input                - Registered new binding: Toggle Debug Camera - CTRL+7
08:56:47.885 [JavaFX Application Thread] DEBUG LoopRunner           - Starting loop
08:56:47.885 [JavaFX Application Thread] DEBUG LoopRunner           - Initializing JavaFX AnimationTimerLoop
08:56:47.888 [JavaFX Application Thread] DEBUG Input                - Clearing active input actions
08:56:47.902 [JavaFX Application Thread] DEBUG GameApplicationServi - Removing overlay from FXGLStartupScene and adding to FXGLMainMenuDummyScene
08:56:47.903 [JavaFX Application Thread] DEBUG PrimaryStageWindow   - FXGLStartupScene -> FXGLMainMenuDummyScene
08:56:47.904 [JavaFX Application Thread] DEBUG PrimaryStageWindow   - Push state: FXGLDefaultMenu
08:56:47.910 [JavaFX Application Thread] DEBUG Input                - Clearing active input actions
08:56:47.921 [JavaFX Application Thread] DEBUG GameApplicationServi - Removing overlay from FXGLMainMenuDummyScene and adding to FXGLDefaultMenu
08:56:47.921 [JavaFX Application Thread] DEBUG PrimaryStageWindow   - FXGLMainMenuDummyScene -> FXGLDefaultMenu
08:56:47.939 [JavaFX Application Thread] DEBUG FXGLApplication      - Registering font factories with UI factory
08:56:48.432 [FXGL Background Thread 2 ] INFO  UpdaterService       - Your current version:  17.2
08:56:48.433 [FXGL Background Thread 2 ] INFO  UpdaterService       - Latest stable version: 17.3
08:56:49.120 [JavaFX Application Thread] DEBUG Menu                 - fireNewGame()
08:56:49.120 [JavaFX Application Thread] DEBUG GameApplicationServi - Starting new game
08:56:49.123 [JavaFX Application Thread] DEBUG PrimaryStageWindow   - Pop state: FXGLDefaultMenu
08:56:49.123 [JavaFX Application Thread] DEBUG Input                - Clearing active input actions
08:56:49.125 [JavaFX Application Thread] DEBUG GameApplicationServi - Removing overlay from FXGLDefaultMenu and adding to FXGLMainMenuDummyScene
08:56:49.126 [JavaFX Application Thread] DEBUG PrimaryStageWindow   - FXGLMainMenuDummyScene <- FXGLDefaultMenu
08:56:49.127 [JavaFX Application Thread] DEBUG Input                - Clearing active input actions
08:56:49.137 [JavaFX Application Thread] DEBUG GameApplicationServi - Removing overlay from FXGLMainMenuDummyScene and adding to FXGLLoadingScene
08:56:49.138 [JavaFX Application Thread] DEBUG PrimaryStageWindow   - FXGLMainMenuDummyScene -> FXGLLoadingScene
08:56:49.138 [JavaFX Application Thread] DEBUG GameApplicationServi - Clearing previous game
08:56:49.138 [JavaFX Application Thread] DEBUG GameScene            - Clearing game scene
08:56:49.138 [JavaFX Application Thread] DEBUG GameWorld            - Clearing game world
08:56:49.138 [JavaFX Application Thread] DEBUG PhysicsWorld         - Clearing physics world
08:56:49.143 [FXGL Background Thread 2 ] DEBUG FXGLApplication      - Initializing game
08:56:49.155 [FXGL Background Thread 2 ] DEBUG FXGLAssetLoaderServi - Loading from file system: file:/C:/Users/Usuario/OneDrive%20-%20Universidad%20Icesi%20(@icesi.edu.co)/Dicretas%201/NuclearThroneAtomic/src/nuclearthroneatomic/target/classes/assets/textures/Avatar/1-Idle/1.png
08:56:49.158 [FXGL Background Thread 2 ] DEBUG FXGLAssetLoaderServi - Loading from file system: file:/C:/Users/Usuario/OneDrive%20-%20Universidad%20Icesi%20(@icesi.edu.co)/Dicretas%201/NuclearThroneAtomic/src/nuclearthroneatomic/target/classes/assets/textures/Avatar/1-Idle/2.png
08:56:49.163 [FXGL Background Thread 2 ] DEBUG FXGLAssetLoaderServi - Loading from file system: file:/C:/Users/Usuario/OneDrive%20-%20Universidad%20Icesi%20(@icesi.edu.co)/Dicretas%201/NuclearThroneAtomic/src/nuclearthroneatomic/target/classes/assets/textures/Avatar/1-Idle/3.png
08:56:49.166 [FXGL Background Thread 2 ] DEBUG FXGLAssetLoaderServi - Loading from file system: file:/C:/Users/Usuario/OneDrive%20-%20Universidad%20Icesi%20(@icesi.edu.co)/Dicretas%201/NuclearThroneAtomic/src/nuclearthroneatomic/target/classes/assets/textures/Avatar/1-Idle/4.png
08:56:49.219 [FXGL Background Thread 2 ] DEBUG FXGLAssetLoaderServi - Loading from file system: file:/C:/Users/Usuario/OneDrive%20-%20Universidad%20Icesi%20(@icesi.edu.co)/Dicretas%201/NuclearThroneAtomic/src/nuclearthroneatomic/target/classes/assets/textures/Avatar/2-Run/1.png
08:56:49.222 [FXGL Background Thread 2 ] DEBUG FXGLAssetLoaderServi - Loading from file system: file:/C:/Users/Usuario/OneDrive%20-%20Universidad%20Icesi%20(@icesi.edu.co)/Dicretas%201/NuclearThroneAtomic/src/nuclearthroneatomic/target/classes/assets/textures/Avatar/2-Run/2.png
08:56:49.226 [FXGL Background Thread 2 ] DEBUG FXGLAssetLoaderServi - Loading from file system: file:/C:/Users/Usuario/OneDrive%20-%20Universidad%20Icesi%20(@icesi.edu.co)/Dicretas%201/NuclearThroneAtomic/src/nuclearthroneatomic/target/classes/assets/textures/Avatar/2-Run/3.png
08:56:49.230 [FXGL Background Thread 2 ] DEBUG FXGLAssetLoaderServi - Loading from file system: file:/C:/Users/Usuario/OneDrive%20-%20Universidad%20Icesi%20(@icesi.edu.co)/Dicretas%201/NuclearThroneAtomic/src/nuclearthroneatomic/target/classes/assets/textures/Avatar/2-Run/4.png
08:56:49.234 [FXGL Background Thread 2 ] DEBUG FXGLAssetLoaderServi - Loading from file system: file:/C:/Users/Usuario/OneDrive%20-%20Universidad%20Icesi%20(@icesi.edu.co)/Dicretas%201/NuclearThroneAtomic/src/nuclearthroneatomic/target/classes/assets/textures/Avatar/2-Run/5.png
08:56:49.237 [FXGL Background Thread 2 ] DEBUG FXGLAssetLoaderServi - Loading from file system: file:/C:/Users/Usuario/OneDrive%20-%20Universidad%20Icesi%20(@icesi.edu.co)/Dicretas%201/NuclearThroneAtomic/src/nuclearthroneatomic/target/classes/assets/textures/Avatar/2-Run/6.png
08:56:49.244 [FXGL Background Thread 2 ] DEBUG FXGLAssetLoaderServi - Loading from file system: file:/C:/Users/Usuario/OneDrive%20-%20Universidad%20Icesi%20(@icesi.edu.co)/Dicretas%201/NuclearThroneAtomic/src/nuclearthroneatomic/target/classes/assets/textures/Munition/1.png
08:56:49.295 [FXGL Background Thread 2 ] DEBUG FXGLAssetLoaderServi - Loading from file system: file:/C:/Users/Usuario/OneDrive%20-%20Universidad%20Icesi%20(@icesi.edu.co)/Dicretas%201/NuclearThroneAtomic/src/nuclearthroneatomic/target/classes/assets/textures/hud/lifeplayer.png
08:56:49.305 [FXGL Background Thread 2 ] DEBUG FXGLAssetLoaderServi - Loading from file system: file:/C:/Users/Usuario/OneDrive%20-%20Universidad%20Icesi%20(@icesi.edu.co)/Dicretas%201/NuclearThroneAtomic/src/nuclearthroneatomic/target/classes/assets/textures/hud/medkit.png
08:56:49.309 [FXGL Background Thread 2 ] DEBUG FXGLAssetLoaderServi - Loading from file system: file:/C:/Users/Usuario/OneDrive%20-%20Universidad%20Icesi%20(@icesi.edu.co)/Dicretas%201/NuclearThroneAtomic/src/nuclearthroneatomic/target/classes/assets/textures/hud/trebol.png
08:56:49.316 [FXGL Background Thread 2 ] DEBUG FXGLAssetLoaderServi - Loading from file system: file:/C:/Users/Usuario/OneDrive%20-%20Universidad%20Icesi%20(@icesi.edu.co)/Dicretas%201/NuclearThroneAtomic/src/nuclearthroneatomic/target/classes/assets/textures/Guns/1.png
08:56:49.322 [FXGL Background Thread 2 ] DEBUG FXGLAssetLoaderServi - Loading from file system: file:/C:/Users/Usuario/OneDrive%20-%20Universidad%20Icesi%20(@icesi.edu.co)/Dicretas%201/NuclearThroneAtomic/src/nuclearthroneatomic/target/classes/assets/textures/enemy/1-Idle/1.png
08:56:49.324 [FXGL Background Thread 2 ] DEBUG FXGLAssetLoaderServi - Loading from file system: file:/C:/Users/Usuario/OneDrive%20-%20Universidad%20Icesi%20(@icesi.edu.co)/Dicretas%201/NuclearThroneAtomic/src/nuclearthroneatomic/target/classes/assets/textures/enemy/1-Idle/2.png
08:56:49.326 [FXGL Background Thread 2 ] DEBUG FXGLAssetLoaderServi - Loading from file system: file:/C:/Users/Usuario/OneDrive%20-%20Universidad%20Icesi%20(@icesi.edu.co)/Dicretas%201/NuclearThroneAtomic/src/nuclearthroneatomic/target/classes/assets/textures/enemy/1-Idle/3.png
08:56:49.328 [FXGL Background Thread 2 ] DEBUG FXGLAssetLoaderServi - Loading from file system: file:/C:/Users/Usuario/OneDrive%20-%20Universidad%20Icesi%20(@icesi.edu.co)/Dicretas%201/NuclearThroneAtomic/src/nuclearthroneatomic/target/classes/assets/textures/enemy/1-Idle/4.png
08:56:49.338 [FXGL Background Thread 2 ] DEBUG FXGLAssetLoaderServi - Loading from file system: file:/C:/Users/Usuario/OneDrive%20-%20Universidad%20Icesi%20(@icesi.edu.co)/Dicretas%201/NuclearThroneAtomic/src/nuclearthroneatomic/target/classes/assets/textures/enemy/2-Run/1.png
08:56:49.340 [FXGL Background Thread 2 ] DEBUG FXGLAssetLoaderServi - Loading from file system: file:/C:/Users/Usuario/OneDrive%20-%20Universidad%20Icesi%20(@icesi.edu.co)/Dicretas%201/NuclearThroneAtomic/src/nuclearthroneatomic/target/classes/assets/textures/enemy/2-Run/2.png
08:56:49.342 [FXGL Background Thread 2 ] DEBUG FXGLAssetLoaderServi - Loading from file system: file:/C:/Users/Usuario/OneDrive%20-%20Universidad%20Icesi%20(@icesi.edu.co)/Dicretas%201/NuclearThroneAtomic/src/nuclearthroneatomic/target/classes/assets/textures/enemy/2-Run/3.png
08:56:49.344 [FXGL Background Thread 2 ] DEBUG FXGLAssetLoaderServi - Loading from file system: file:/C:/Users/Usuario/OneDrive%20-%20Universidad%20Icesi%20(@icesi.edu.co)/Dicretas%201/NuclearThroneAtomic/src/nuclearthroneatomic/target/classes/assets/textures/enemy/2-Run/4.png
08:56:49.347 [FXGL Background Thread 2 ] DEBUG FXGLAssetLoaderServi - Loading from file system: file:/C:/Users/Usuario/OneDrive%20-%20Universidad%20Icesi%20(@icesi.edu.co)/Dicretas%201/NuclearThroneAtomic/src/nuclearthroneatomic/target/classes/assets/textures/enemy/2-Run/5.png
08:56:49.349 [FXGL Background Thread 2 ] DEBUG FXGLAssetLoaderServi - Loading from file system: file:/C:/Users/Usuario/OneDrive%20-%20Universidad%20Icesi%20(@icesi.edu.co)/Dicretas%201/NuclearThroneAtomic/src/nuclearthroneatomic/target/classes/assets/textures/enemy/2-Run/6.png
08:56:49.383 [FXGL Background Thread 2 ] DEBUG FXGLAssetLoaderServi - Loading from file system: file:/C:/Users/Usuario/OneDrive%20-%20Universidad%20Icesi%20(@icesi.edu.co)/Dicretas%201/NuclearThroneAtomic/src/nuclearthroneatomic/target/classes/assets/textures/mouse/mousecomplete.png
08:56:49.386 [FXGL Background Thread 2 ] DEBUG FXGLAssetLoaderServi - Loading from file system: file:/C:/Users/Usuario/OneDrive%20-%20Universidad%20Icesi%20(@icesi.edu.co)/Dicretas%201/NuclearThroneAtomic/src/nuclearthroneatomic/target/classes/assets/textures/Wall/1.png
08:56:49.631 [FXGL Background Thread 2 ] INFO  FXGLApplication      - Game initialization took: 0,487 sec
08:56:49.632 [JavaFX Application Thread] DEBUG Input                - Clearing active input actions
08:56:49.645 [JavaFX Application Thread] DEBUG GameApplicationServi - Removing overlay from FXGLLoadingScene and adding to GameScene
08:56:49.646 [JavaFX Application Thread] DEBUG PrimaryStageWindow   - FXGLLoadingScene -> GameScene
08:56:50.438 [FXGL Background Thread 3 ] DEBUG Engine               - Logging environment variables
08:56:50.438 [FXGL Background Thread 3 ] DEBUG Engine               - achievements: []
08:56:50.439 [FXGL Background Thread 3 ] DEBUG Engine               - actualHeight: 600.0
08:56:50.439 [FXGL Background Thread 3 ] DEBUG Engine               - actualHeightProperty: ReadOnlyDoubleProperty [value: 600.0]
08:56:50.439 [FXGL Background Thread 3 ] DEBUG Engine               - actualWidth: 800.0
08:56:50.439 [FXGL Background Thread 3 ] DEBUG Engine               - actualWidthProperty: ReadOnlyDoubleProperty [value: 800.0]
08:56:50.439 [FXGL Background Thread 3 ] DEBUG Engine               - appIcon: fxgl_icon.png
08:56:50.439 [FXGL Background Thread 3 ] DEBUG Engine               - applicationMode: DEVELOPER
08:56:50.439 [FXGL Background Thread 3 ] DEBUG Engine               - cSSList: [fxgl_dark.css]
08:56:50.439 [FXGL Background Thread 3 ] DEBUG Engine               - collisionDetectionStrategy: BRUTE_FORCE
08:56:50.439 [FXGL Background Thread 3 ] DEBUG Engine               - configClass: Optional.empty
08:56:50.439 [FXGL Background Thread 3 ] DEBUG Engine               - credits: [Designer . . . . . . . Johan Daniel Aguirre, Program Team . . . . . . Juan Sebastián Libreros,                           Juan Jose Barrera,                           Johan Daniel Aguirre, El mas lindo . . . . . . Juan Sebastián Libreros, Master Thief . . . . . . Johan Daniel Aguirre]
08:56:50.440 [FXGL Background Thread 3 ] DEBUG Engine               - defaultCursor: CursorInfo(imageName=fxgl_default_cursor.png, hotspotX=7.0, hotspotY=6.0)
08:56:50.440 [FXGL Background Thread 3 ] DEBUG Engine               - devBBoxColorProperty: ObjectProperty [value: 0xff0000ff]
08:56:50.440 [FXGL Background Thread 3 ] DEBUG Engine               - devEnableDebugCameraProperty: BooleanProperty [value: false]
08:56:50.440 [FXGL Background Thread 3 ] DEBUG Engine               - devSensorColorProperty: ObjectProperty [value: 0xffff00ff]
08:56:50.440 [FXGL Background Thread 3 ] DEBUG Engine               - devShowBBoxProperty: BooleanProperty [value: false]
08:56:50.440 [FXGL Background Thread 3 ] DEBUG Engine               - devShowPositionProperty: BooleanProperty [value: false]
08:56:50.441 [FXGL Background Thread 3 ] DEBUG Engine               - enabledMenuItems: [EXTRA]
08:56:50.441 [FXGL Background Thread 3 ] DEBUG Engine               - engineServices: [class com.almasb.fxgl.app.services.FXGLAssetLoaderService, class com.almasb.fxgl.app.FXGLApplication$GameApplicationService, class com.almasb.fxgl.app.services.FXGLDialogService, class com.almasb.fxgl.app.services.IOTaskExecutorService, class com.almasb.fxgl.io.FileSystemService, class com.almasb.fxgl.localization.LocalizationService, class com.almasb.fxgl.app.services.SystemBundleService, class com.almasb.fxgl.profile.SaveLoadService, class com.almasb.fxgl.ui.FXGLUIFactoryServiceProvider, class com.almasb.fxgl.ui.FXGLDialogFactoryServiceProvider, class com.almasb.fxgl.audio.AudioPlayer, class com.almasb.fxgl.notification.impl.NotificationServiceProvider, class com.almasb.fxgl.achievement.AchievementService, class com.almasb.fxgl.cutscene.CutsceneService, class com.almasb.fxgl.minigames.MiniGameService, class com.almasb.fxgl.net.NetService, class com.almasb.fxgl.app.services.UpdaterService, class com.almasb.fxgl.dev.DevService]
08:56:50.441 [FXGL Background Thread 3 ] DEBUG Engine               - fontGame: Abel-Regular.ttf
08:56:50.441 [FXGL Background Thread 3 ] DEBUG Engine               - fontMono: TerminalLandMono-Regular.otf
08:56:50.441 [FXGL Background Thread 3 ] DEBUG Engine               - fontText: Courier-Prime.ttf
08:56:50.441 [FXGL Background Thread 3 ] DEBUG Engine               - fontUI: VarelaRound-Regular.ttf
08:56:50.441 [FXGL Background Thread 3 ] DEBUG Engine               - fullScreen: BooleanProperty [value: false]
08:56:50.441 [FXGL Background Thread 3 ] DEBUG Engine               - gameDifficulty: MEDIUM
08:56:50.441 [FXGL Background Thread 3 ] DEBUG Engine               - gameDifficultyProperty: ObjectProperty [value: MEDIUM]
08:56:50.441 [FXGL Background Thread 3 ] DEBUG Engine               - globalMusicVolume: 0.5
08:56:50.441 [FXGL Background Thread 3 ] DEBUG Engine               - globalMusicVolumeProperty: DoubleProperty [value: 1.0]
08:56:50.441 [FXGL Background Thread 3 ] DEBUG Engine               - globalSoundVolume: 0.5
08:56:50.441 [FXGL Background Thread 3 ] DEBUG Engine               - globalSoundVolumeProperty: DoubleProperty [value: 0.1]
08:56:50.441 [FXGL Background Thread 3 ] DEBUG Engine               - height: 600
08:56:50.441 [FXGL Background Thread 3 ] DEBUG Engine               - is3D: false
08:56:50.442 [FXGL Background Thread 3 ] DEBUG Engine               - isAndroid: false
08:56:50.442 [FXGL Background Thread 3 ] DEBUG Engine               - isBrowser: false
08:56:50.442 [FXGL Background Thread 3 ] DEBUG Engine               - isClickFeedbackEnabled: false
08:56:50.442 [FXGL Background Thread 3 ] DEBUG Engine               - isCloseConfirmation: false
08:56:50.442 [FXGL Background Thread 3 ] DEBUG Engine               - isDesktop: true
08:56:50.442 [FXGL Background Thread 3 ] DEBUG Engine               - isDeveloperMenuEnabled: false
08:56:50.442 [FXGL Background Thread 3 ] DEBUG Engine               - isEmbedded: false
08:56:50.442 [FXGL Background Thread 3 ] DEBUG Engine               - isEntityPreloadEnabled: true
08:56:50.442 [FXGL Background Thread 3 ] DEBUG Engine               - isExperimentalTiledLargeMap: false
08:56:50.442 [FXGL Background Thread 3 ] DEBUG Engine               - isFileSystemWriteAllowed: true
08:56:50.442 [FXGL Background Thread 3 ] DEBUG Engine               - isFullScreenAllowed: true
08:56:50.442 [FXGL Background Thread 3 ] DEBUG Engine               - isFullScreenFromStart: false
08:56:50.442 [FXGL Background Thread 3 ] DEBUG Engine               - isGameMenuEnabled: true
08:56:50.443 [FXGL Background Thread 3 ] DEBUG Engine               - isIOS: false
08:56:50.443 [FXGL Background Thread 3 ] DEBUG Engine               - isIntroEnabled: false
08:56:50.443 [FXGL Background Thread 3 ] DEBUG Engine               - isLinux: false
08:56:50.443 [FXGL Background Thread 3 ] DEBUG Engine               - isMac: false
08:56:50.443 [FXGL Background Thread 3 ] DEBUG Engine               - isMainMenuEnabled: true
08:56:50.443 [FXGL Background Thread 3 ] DEBUG Engine               - isManualResizeEnabled: false
08:56:50.443 [FXGL Background Thread 3 ] DEBUG Engine               - isMobile: false
08:56:50.443 [FXGL Background Thread 3 ] DEBUG Engine               - isNative: false
08:56:50.443 [FXGL Background Thread 3 ] DEBUG Engine               - isPauseMusicWhenMinimized: true
08:56:50.444 [FXGL Background Thread 3 ] DEBUG Engine               - isPreserveResizeRatio: false
08:56:50.444 [FXGL Background Thread 3 ] DEBUG Engine               - isProfilingEnabled: false
08:56:50.444 [FXGL Background Thread 3 ] DEBUG Engine               - isScaleAffectedOnResize: true
08:56:50.444 [FXGL Background Thread 3 ] DEBUG Engine               - isSingleStep: false
08:56:50.444 [FXGL Background Thread 3 ] DEBUG Engine               - isUserProfileEnabled: false
08:56:50.444 [FXGL Background Thread 3 ] DEBUG Engine               - isWindows: true
08:56:50.444 [FXGL Background Thread 3 ] DEBUG Engine               - language: ObjectProperty [value: ENGLISH]
08:56:50.444 [FXGL Background Thread 3 ] DEBUG Engine               - menuKey: ESCAPE
08:56:50.444 [FXGL Background Thread 3 ] DEBUG Engine               - mouseSensitivity: 0.2
08:56:50.444 [FXGL Background Thread 3 ] DEBUG Engine               - notificationViewClass: class com.almasb.fxgl.notification.view.XboxNotificationView
08:56:50.444 [FXGL Background Thread 3 ] DEBUG Engine               - pixelsPerMeter: 50.0
08:56:50.445 [FXGL Background Thread 3 ] DEBUG Engine               - platform: WINDOWS
08:56:50.445 [FXGL Background Thread 3 ] DEBUG Engine               - prefHeightProperty: ReadOnlyDoubleProperty [value: 600.0]
08:56:50.445 [FXGL Background Thread 3 ] DEBUG Engine               - prefWidthProperty: ReadOnlyDoubleProperty [value: 800.0]
08:56:50.445 [FXGL Background Thread 3 ] DEBUG Engine               - profileDir: profiles/
08:56:50.445 [FXGL Background Thread 3 ] DEBUG Engine               - profileName: StringProperty [value: DEFAULT]
08:56:50.445 [FXGL Background Thread 3 ] DEBUG Engine               - randomSeed: -1
08:56:50.446 [FXGL Background Thread 3 ] DEBUG Engine               - runtimeInfo: RuntimeInfo(platform=WINDOWS, version=17.2, build=20.08.2022 16.50)
08:56:50.446 [FXGL Background Thread 3 ] DEBUG Engine               - saveFileExt: sav
08:56:50.446 [FXGL Background Thread 3 ] DEBUG Engine               - scaledHeightProp$fxgl: DoubleProperty [bound, value: 600.0]
08:56:50.446 [FXGL Background Thread 3 ] DEBUG Engine               - scaledWidthProp$fxgl: DoubleProperty [bound, value: 800.0]
08:56:50.446 [FXGL Background Thread 3 ] DEBUG Engine               - sceneFactory: com.almasb.fxgl.app.scene.SceneFactory@131e4715
08:56:50.447 [FXGL Background Thread 3 ] DEBUG Engine               - secondsIn24h: 60
08:56:50.447 [FXGL Background Thread 3 ] DEBUG Engine               - soundMenuBack: menu/back.wav
08:56:50.447 [FXGL Background Thread 3 ] DEBUG Engine               - soundMenuPress: menu/press.wav
08:56:50.447 [FXGL Background Thread 3 ] DEBUG Engine               - soundMenuSelect: menu/select.wav
08:56:50.447 [FXGL Background Thread 3 ] DEBUG Engine               - soundNotification: core/notification.wav
08:56:50.447 [FXGL Background Thread 3 ] DEBUG Engine               - stageStyle: DECORATED
08:56:50.448 [FXGL Background Thread 3 ] DEBUG Engine               - supportedLanguages: [ENGLISH, FRENCH, GERMAN, HUNGARIAN, RUSSIAN]
08:56:50.448 [FXGL Background Thread 3 ] DEBUG Engine               - ticksPerSecond: -1
08:56:50.448 [FXGL Background Thread 3 ] DEBUG Engine               - title: Nuclear Throne Atomic
08:56:50.448 [FXGL Background Thread 3 ] DEBUG Engine               - urlGithub: https://github.com/AlmasB/FXGL
08:56:50.448 [FXGL Background Thread 3 ] DEBUG Engine               - urlLeaderboard: http://fxgl-top.herokuapp.com/
08:56:50.448 [FXGL Background Thread 3 ] DEBUG Engine               - urlPOM: https://raw.githubusercontent.com/AlmasB/FXGL/release/README.md
08:56:50.449 [FXGL Background Thread 3 ] DEBUG Engine               - userAppClass: class com.example.nuclearthroneatomic.Controller
08:56:50.449 [FXGL Background Thread 3 ] DEBUG Engine               - version: 0.0
08:56:50.449 [FXGL Background Thread 3 ] DEBUG Engine               - versionCheckDays: 7
08:56:50.449 [FXGL Background Thread 3 ] DEBUG Engine               - width: 800
08:56:50.449 [FXGL Background Thread 3 ] DEBUG Engine               - Logging services
08:56:50.449 [FXGL Background Thread 3 ] DEBUG Engine               - class com.almasb.fxgl.app.services.FXGLAssetLoaderService
08:56:50.449 [FXGL Background Thread 3 ] DEBUG Engine               - class com.almasb.fxgl.app.FXGLApplication$GameApplicationService
08:56:50.449 [FXGL Background Thread 3 ] DEBUG Engine               - class com.almasb.fxgl.app.services.FXGLDialogService
08:56:50.449 [FXGL Background Thread 3 ] DEBUG Engine               - class com.almasb.fxgl.app.services.IOTaskExecutorService
08:56:50.449 [FXGL Background Thread 3 ] DEBUG Engine               - class com.almasb.fxgl.io.FileSystemService
08:56:50.449 [FXGL Background Thread 3 ] DEBUG Engine               - class com.almasb.fxgl.localization.LocalizationService
08:56:50.449 [FXGL Background Thread 3 ] DEBUG Engine               - class com.almasb.fxgl.app.services.SystemBundleService
08:56:50.449 [FXGL Background Thread 3 ] DEBUG Engine               - class com.almasb.fxgl.profile.SaveLoadService
08:56:50.450 [FXGL Background Thread 3 ] DEBUG Engine               - class com.almasb.fxgl.ui.FXGLUIFactoryServiceProvider
08:56:50.450 [FXGL Background Thread 3 ] DEBUG Engine               - class com.almasb.fxgl.ui.FXGLDialogFactoryServiceProvider
08:56:50.450 [FXGL Background Thread 3 ] DEBUG Engine               - class com.almasb.fxgl.audio.AudioPlayer
08:56:50.450 [FXGL Background Thread 3 ] DEBUG Engine               - class com.almasb.fxgl.notification.impl.NotificationServiceProvider
08:56:50.450 [FXGL Background Thread 3 ] DEBUG Engine               - class com.almasb.fxgl.achievement.AchievementService
08:56:50.450 [FXGL Background Thread 3 ] DEBUG Engine               - class com.almasb.fxgl.cutscene.CutsceneService
08:56:50.450 [FXGL Background Thread 3 ] DEBUG Engine               - class com.almasb.fxgl.minigames.MiniGameService
08:56:50.450 [FXGL Background Thread 3 ] DEBUG Engine               - class com.almasb.fxgl.net.NetService
08:56:50.450 [FXGL Background Thread 3 ] DEBUG Engine               - class com.almasb.fxgl.app.services.UpdaterService
08:56:50.450 [FXGL Background Thread 3 ] DEBUG Engine               - class com.almasb.fxgl.dev.DevService
08:56:51.796 [JavaFX Application Thread] DEBUG FXGLAssetLoaderServi - Loading from file system: file:/C:/Users/Usuario/OneDrive%20-%20Universidad%20Icesi%20(@icesi.edu.co)/Dicretas%201/NuclearThroneAtomic/src/nuclearthroneatomic/target/classes/assets/textures/Bullet/1.png
08:56:53.716 [JavaFX Application Thread] DEBUG FXGLAssetLoaderServi - Loading from file system: file:/C:/Users/Usuario/OneDrive%20-%20Universidad%20Icesi%20(@icesi.edu.co)/Dicretas%201/NuclearThroneAtomic/src/nuclearthroneatomic/target/classes/assets/textures/portal/1.png
08:56:53.723 [JavaFX Application Thread] DEBUG FXGLAssetLoaderServi - Loading from file system: file:/C:/Users/Usuario/OneDrive%20-%20Universidad%20Icesi%20(@icesi.edu.co)/Dicretas%201/NuclearThroneAtomic/src/nuclearthroneatomic/target/classes/assets/textures/portal/2.png
08:56:53.728 [JavaFX Application Thread] DEBUG FXGLAssetLoaderServi - Loading from file system: file:/C:/Users/Usuario/OneDrive%20-%20Universidad%20Icesi%20(@icesi.edu.co)/Dicretas%201/NuclearThroneAtomic/src/nuclearthroneatomic/target/classes/assets/textures/portal/3.png
08:56:53.735 [JavaFX Application Thread] DEBUG FXGLAssetLoaderServi - Loading from file system: file:/C:/Users/Usuario/OneDrive%20-%20Universidad%20Icesi%20(@icesi.edu.co)/Dicretas%201/NuclearThroneAtomic/src/nuclearthroneatomic/target/classes/assets/textures/portal/4.png
08:57:01.523 [JavaFX Application Thread] DEBUG FXGLAssetLoaderServi - Loading from file system: file:/C:/Users/Usuario/OneDrive%20-%20Universidad%20Icesi%20(@icesi.edu.co)/Dicretas%201/NuclearThroneAtomic/src/nuclearthroneatomic/target/classes/assets/textures/Guns/2.png
08:57:01.670 [JavaFX Application Thread] DEBUG LoopRunner           - Stopping loop
08:57:01.672 [JavaFX Application Thread] FATAL FXGLApplication      - Uncaught Exception:
java.lang.IllegalArgumentException: Component EnemyWeaponComponent not found!
	at com.almasb.fxgl.entity@17.2/com.almasb.fxgl.entity.Entity.getComponent(Entity.java:366)
	at com.example.nuclearthroneatomic/com.example.nuclearthroneatomic.Controller$1.onCollisionBegin(Controller.java:137)
	at com.almasb.fxgl.entity@17.2/com.almasb.fxgl.physics.CollisionPair.collisionBegin(CollisionPair.java:37)
	at com.almasb.fxgl.entity@17.2/com.almasb.fxgl.physics.PhysicsWorld.collisionBeginFor(PhysicsWorld.java:453)
	at com.almasb.fxgl.entity@17.2/com.almasb.fxgl.physics.PhysicsWorld.checkCollisionsInGroup(PhysicsWorld.java:405)
	at com.almasb.fxgl.entity@17.2/com.almasb.fxgl.physics.PhysicsWorld.checkCollisions(PhysicsWorld.java:373)
	at com.almasb.fxgl.entity@17.2/com.almasb.fxgl.physics.PhysicsWorld.onUpdate(PhysicsWorld.java:179)
	at com.almasb.fxgl.all@17.2/com.almasb.fxgl.app.scene.GameScene.step(GameScene.kt:229)
	at com.almasb.fxgl.all@17.2/com.almasb.fxgl.app.scene.GameScene.onUpdate(GameScene.kt:224)
	at com.almasb.fxgl.scene@17.2/com.almasb.fxgl.scene.Scene.update(Scene.kt:105)
	at com.almasb.fxgl.all@17.2/com.almasb.fxgl.app.MainWindow$update$1.invoke(MainWindow.kt:115)
	at com.almasb.fxgl.all@17.2/com.almasb.fxgl.app.MainWindow$update$1.invoke(MainWindow.kt:115)
	at com.almasb.fxgl.core@17.2/com.almasb.fxgl.core.fsm.StateMachine.runOnActiveStates(StateMachine.kt:69)
	at com.almasb.fxgl.all@17.2/com.almasb.fxgl.app.MainWindow.update(MainWindow.kt:115)
	at com.almasb.fxgl.all@17.2/com.almasb.fxgl.app.FXGLApplication$GameApplicationService.onUpdate(FXGLApplication.kt:426)
	at com.almasb.fxgl.all@17.2/com.almasb.fxgl.app.Engine.loop(Engine.kt:134)
	at com.almasb.fxgl.all@17.2/com.almasb.fxgl.app.Engine.access$loop(Engine.kt:24)
	at com.almasb.fxgl.all@17.2/com.almasb.fxgl.app.Engine$loop$1.invoke(Engine.kt:28)
	at com.almasb.fxgl.all@17.2/com.almasb.fxgl.app.Engine$loop$1.invoke(Engine.kt:28)
	at com.almasb.fxgl.all@17.2/com.almasb.fxgl.app.LoopRunner.frame(LoopRunner.kt:103)
	at com.almasb.fxgl.all@17.2/com.almasb.fxgl.app.LoopRunner.access$frame(LoopRunner.kt:23)
	at com.almasb.fxgl.all@17.2/com.almasb.fxgl.app.LoopRunner$impl$2$1.onTick(LoopRunner.kt:57)
	at com.almasb.fxgl.all@17.2/com.almasb.fxgl.app.AnimationTimerLoop$timer$1.handle(LoopRunner.kt:137)
	at javafx.graphics@19.0.2.1/javafx.animation.AnimationTimer$AnimationTimerReceiver.lambda$handle$0(AnimationTimer.java:58)
	at java.base/java.security.AccessController.doPrivileged(AccessController.java:400)
	at javafx.graphics@19.0.2.1/javafx.animation.AnimationTimer$AnimationTimerReceiver.handle(AnimationTimer.java:57)
	at javafx.graphics@19.0.2.1/com.sun.scenario.animation.AbstractPrimaryTimer.timePulseImpl(AbstractPrimaryTimer.java:356)
	at javafx.graphics@19.0.2.1/com.sun.scenario.animation.AbstractPrimaryTimer$MainLoop.run(AbstractPrimaryTimer.java:266)
	at javafx.graphics@19.0.2.1/com.sun.javafx.tk.quantum.QuantumToolkit.pulse(QuantumToolkit.java:571)
	at javafx.graphics@19.0.2.1/com.sun.javafx.tk.quantum.QuantumToolkit.pulse(QuantumToolkit.java:555)
	at javafx.graphics@19.0.2.1/com.sun.javafx.tk.quantum.QuantumToolkit.pulseFromQueue(QuantumToolkit.java:548)
	at javafx.graphics@19.0.2.1/com.sun.javafx.tk.quantum.QuantumToolkit.lambda$runToolkit$11(QuantumToolkit.java:352)
	at javafx.graphics@19.0.2.1/com.sun.glass.ui.InvokeLaterDispatcher$Future.run(InvokeLaterDispatcher.java:96)
	at javafx.graphics@19.0.2.1/com.sun.glass.ui.win.WinApplication._runLoop(Native Method)
	at javafx.graphics@19.0.2.1/com.sun.glass.ui.win.WinApplication.lambda$runLoop$3(WinApplication.java:184)
	at java.base/java.lang.Thread.run(Thread.java:1623)

08:57:01.673 [JavaFX Application Thread] FATAL FXGLApplication      - Application will now exit
08:57:01.693 [JavaFX Application Thread] DEBUG PrimaryStageWindow   - Push state: ErrorSubScene
08:57:01.693 [JavaFX Application Thread] DEBUG Input                - Clearing active input actions
08:57:01.695 [JavaFX Application Thread] DEBUG GameApplicationServi - Removing overlay from GameScene and adding to ErrorSubScene
08:57:01.696 [JavaFX Application Thread] DEBUG PrimaryStageWindow   - GameScene -> ErrorSubScene
08:57:05.988 [JavaFX Application Thread] DEBUG FXGLApplication      - Exiting FXGL
08:57:05.988 [JavaFX Application Thread] DEBUG Async                - Shutting down background threads
08:57:05.989 [JavaFX Application Thread] DEBUG PrimaryStageWindow   - Closing main window
08:57:06.004 [JavaFX Application Thread] DEBUG Logger               - Closing Logger
