09:01:52.206 [main                     ] DEBUG Logger               - Configured Logger
09:01:52.275 [main                     ] DEBUG GameApplication      - Logging settings
Title: Nuclear Throne Atomic
Version: 0.0
Width: 800
Height: 600
Fullscreen: true
Intro: false
Profiling: false
Single step:false
App Mode: DEVELOPER
Menu Key: ESCAPE
Stage Style: DECORATED
Scene Factory: class com.almasb.fxgl.app.scene.SceneFactory

09:01:53.496 [JavaFX Application Thread] DEBUG FXGLApplication      - Initializing FXGL
09:01:53.505 [JavaFX Application Thread] INFO  Engine               - FXGL-17.2 (20.08.2022 16.50) on WINDOWS (J:20.0.1 FX:19.0.2.1)
09:01:53.506 [JavaFX Application Thread] DEBUG Engine               - JRE Vendor Name: Oracle Corporation
09:01:53.507 [JavaFX Application Thread] DEBUG Engine               - Running on OS: Windows 10 version 10.0
09:01:53.507 [JavaFX Application Thread] DEBUG Engine               - Architecture: amd64
09:01:53.507 [JavaFX Application Thread] INFO  Engine               - Source code and latest versions at: https://github.com/AlmasB/FXGL
09:01:53.508 [JavaFX Application Thread] INFO  Engine               -       Ask questions and discuss at: https://github.com/AlmasB/FXGL/discussions
09:01:53.508 [JavaFX Application Thread] INFO  Engine               -              Join the FXGL chat at: https://gitter.im/AlmasB/FXGL
09:01:53.715 [JavaFX Application Thread] DEBUG PrimaryStageWindow   - Creating a JavaFX scene
09:01:53.800 [JavaFX Application Thread] DEBUG PrimaryStageWindow   - Target settings size: 800.0 x 600.0
09:01:53.801 [JavaFX Application Thread] DEBUG PrimaryStageWindow   - Scaled scene size:    800.0 x 600.0
09:01:53.801 [JavaFX Application Thread] DEBUG PrimaryStageWindow   - Scaled ratio: (1.0, 1.0)
09:01:53.804 [JavaFX Application Thread] DEBUG PrimaryStageWindow   - Set initial scene to FXGLStartupScene
09:01:53.814 [JavaFX Application Thread] DEBUG PrimaryStageWindow   - Opening main window
09:01:53.987 [JavaFX Application Thread] DEBUG PrimaryStageWindow   - Window border size: (16.0, 39.0)
09:01:53.988 [JavaFX Application Thread] DEBUG PrimaryStageWindow   - Scaled size: 800.0 x 600.0
09:01:53.989 [JavaFX Application Thread] DEBUG PrimaryStageWindow   - Scaled ratio: (1.0, 1.0)
09:01:53.989 [JavaFX Application Thread] DEBUG PrimaryStageWindow   - Scene size: 800.0 x 600.0
09:01:53.990 [JavaFX Application Thread] DEBUG PrimaryStageWindow   - Stage size: 816.0 x 639.0
09:01:54.006 [FXGL Background Thread 1 ] DEBUG Engine               - Initializing environment variables
09:01:54.112 [FXGL Background Thread 1 ] DEBUG FXGLAssetLoaderServi - User app class for loading assets: class com.example.nuclearthroneatomic.Controller
09:01:54.113 [FXGL Background Thread 1 ] DEBUG GameApplicationServi - Applying CSS: fxgl_dark.css
09:01:54.114 [FXGL Background Thread 1 ] DEBUG FXGLAssetLoaderServi - Loading from file system: jar:file:///C:/Users/Usuario/.m2/repository/com/github/almasb/fxgl/17.2/fxgl-17.2.jar!/fxglassets/ui/css/fxgl_dark.css
09:01:54.215 [FXGL Background Thread 1 ] DEBUG GameApplicationServi - Initializing application scenes
09:01:54.300 [FXGL Background Thread 1 ] DEBUG GameWorld            - Game world initialized
09:01:54.420 [FXGL Background Thread 1 ] DEBUG PhysicsWorld         - Physics world initialized: appHeight=600, physics.ppm=50,0
09:01:54.421 [FXGL Background Thread 1 ] DEBUG PhysicsWorld         - Using strategy: BRUTE_FORCE
09:01:54.429 [FXGL Background Thread 1 ] DEBUG GameScene            - Game scene initialized: 800x600
09:01:54.454 [FXGL Background Thread 1 ] DEBUG FXGL.DefaultMenu     - createMenuBodyMainMenu()
09:01:54.493 [FXGL Background Thread 1 ] DEBUG FXGL.DefaultMenu     - createOptionsMenu()
09:01:54.512 [FXGL Background Thread 1 ] DEBUG FXGL.DefaultMenu     - createExtraMenu()
09:01:54.526 [FXGL Background Thread 1 ] DEBUG FXGLAssetLoaderServi - Loading from file system: jar:file:///C:/Users/Usuario/.m2/repository/com/github/almasb/fxgl/17.2/fxgl-17.2.jar!/fxglassets/textures/particles/smoke.png
09:01:54.693 [FXGL Background Thread 1 ] DEBUG FXGLAssetLoaderServi - Loading from file system: jar:file:///C:/Users/Usuario/.m2/repository/com/github/almasb/fxgl/17.2/fxgl-17.2.jar!/fxglassets/textures/particles/trace_horizontal.png
09:01:54.744 [FXGL Background Thread 1 ] DEBUG FXGL.DefaultMenu     - createMenuBodyGameMenu()
09:01:54.747 [FXGL Background Thread 1 ] DEBUG FXGL.DefaultMenu     - createOptionsMenu()
09:01:54.750 [FXGL Background Thread 1 ] DEBUG FXGL.DefaultMenu     - createExtraMenu()
09:01:54.771 [FXGL Background Thread 1 ] DEBUG GameApplicationServi - Application scenes initialized
09:01:54.796 [FXGL Background Thread 1 ] DEBUG SystemBundleService  - Loading FXGL system data
09:01:54.809 [FXGL Background Thread 1 ] DEBUG FileSystemAccess     - Reading from: C:\Users\Usuario\OneDrive - Universidad Icesi (@icesi.edu.co)\Dicretas 1\NuclearThroneAtomic\src\nuclearthroneatomic\system\fxgl.bundle
09:01:54.829 [FXGL Background Thread 1 ] DEBUG SystemBundleService  - Bundle FXGL: {}
09:01:54.829 [FXGL Background Thread 1 ] DEBUG UpdaterService       - Checking for updates
09:01:54.841 [FXGL Background Thread 4 ] DEBUG FXGLApplication      - Loading fonts
09:01:54.841 [FXGL Background Thread 1 ] DEBUG FXGLApplication      - Loading default localization
09:01:54.843 [FXGL Background Thread 4 ] DEBUG FXGLAssetLoaderServi - Loading from file system: jar:file:///C:/Users/Usuario/.m2/repository/com/github/almasb/fxgl/17.2/fxgl-17.2.jar!/fxglassets/ui/fonts/VarelaRound-Regular.ttf
09:01:54.879 [FXGL Background Thread 1 ] INFO  FXGLApplication      - FXGL initialization took: 0,872 sec
09:01:54.898 [JavaFX Application Thread] DEBUG Input                - Registered new binding: lucky - Q
09:01:54.898 [JavaFX Application Thread] DEBUG Input                - Registered new binding: health - F
09:01:54.899 [JavaFX Application Thread] DEBUG Input                - Registered new binding: Right - D
09:01:54.900 [JavaFX Application Thread] DEBUG Input                - Registered new binding: Left - A
09:01:54.900 [JavaFX Application Thread] DEBUG Input                - Registered new binding: Up - W
09:01:54.900 [JavaFX Application Thread] DEBUG Input                - Registered new binding: Down - S
09:01:54.903 [JavaFX Application Thread] DEBUG Input                - Registered new binding: Reload - RMB
09:01:54.904 [JavaFX Application Thread] DEBUG Input                - Registered new binding: Shoot - LMB
09:01:54.905 [JavaFX Application Thread] DEBUG FXGLAssetLoaderServi - Loading from file system: file:/C:/Users/Usuario/OneDrive%20-%20Universidad%20Icesi%20(@icesi.edu.co)/Dicretas%201/NuclearThroneAtomic/src/nuclearthroneatomic/target/classes/assets/music/muiscformenus.mp3
09:01:55.110 [FXGL Background Thread 4 ] DEBUG FXGLAssetLoaderServi - Loading from file system: jar:file:///C:/Users/Usuario/.m2/repository/com/github/almasb/fxgl/17.2/fxgl-17.2.jar!/fxglassets/ui/fonts/Abel-Regular.ttf
09:01:55.116 [FXGL Background Thread 4 ] DEBUG FXGLAssetLoaderServi - Loading from file system: jar:file:///C:/Users/Usuario/.m2/repository/com/github/almasb/fxgl/17.2/fxgl-17.2.jar!/fxglassets/ui/fonts/TerminalLandMono-Regular.otf
09:01:55.123 [FXGL Background Thread 4 ] DEBUG FXGLAssetLoaderServi - Loading from file system: jar:file:///C:/Users/Usuario/.m2/repository/com/github/almasb/fxgl/17.2/fxgl-17.2.jar!/fxglassets/ui/fonts/Courier-Prime.ttf
09:01:55.188 [JavaFX Application Thread] DEBUG AudioPlayer          - Playing music com.almasb.fxgl.audio.Music@4a5c2046
09:01:55.188 [JavaFX Application Thread] DEBUG FXGLAssetLoaderServi - Loading from file system: jar:file:///C:/Users/Usuario/.m2/repository/com/github/almasb/fxgl/17.2/fxgl-17.2.jar!/fxglassets/textures/fxgl_icon.png
09:01:55.216 [JavaFX Application Thread] DEBUG FXGLAssetLoaderServi - Loading from file system: jar:file:///C:/Users/Usuario/.m2/repository/com/github/almasb/fxgl/17.2/fxgl-17.2.jar!/fxglassets/textures/fxgl_default_cursor.png
09:01:55.221 [JavaFX Application Thread] DEBUG Input                - Registered new binding: Screenshot - CTRL+8
09:01:55.222 [JavaFX Application Thread] DEBUG Input                - Registered new binding: System info dump - CTRL+9
09:01:55.222 [JavaFX Application Thread] DEBUG Input                - Registered new binding: Restart - CTRL+R
09:01:55.224 [JavaFX Application Thread] DEBUG Input                - Registered new binding: Toggle Debug Camera - CTRL+7
09:01:55.228 [JavaFX Application Thread] DEBUG LoopRunner           - Starting loop
09:01:55.228 [JavaFX Application Thread] DEBUG LoopRunner           - Initializing JavaFX AnimationTimerLoop
09:01:55.231 [JavaFX Application Thread] DEBUG Input                - Clearing active input actions
09:01:55.250 [JavaFX Application Thread] DEBUG GameApplicationServi - Removing overlay from FXGLStartupScene and adding to FXGLMainMenuDummyScene
09:01:55.251 [JavaFX Application Thread] DEBUG PrimaryStageWindow   - FXGLStartupScene -> FXGLMainMenuDummyScene
09:01:55.252 [JavaFX Application Thread] DEBUG PrimaryStageWindow   - Push state: FXGLDefaultMenu
09:01:55.262 [JavaFX Application Thread] DEBUG Input                - Clearing active input actions
09:01:55.275 [JavaFX Application Thread] DEBUG GameApplicationServi - Removing overlay from FXGLMainMenuDummyScene and adding to FXGLDefaultMenu
09:01:55.276 [JavaFX Application Thread] DEBUG PrimaryStageWindow   - FXGLMainMenuDummyScene -> FXGLDefaultMenu
09:01:55.288 [JavaFX Application Thread] DEBUG FXGLApplication      - Registering font factories with UI factory
09:01:55.587 [FXGL Background Thread 2 ] INFO  UpdaterService       - Your current version:  17.2
09:01:55.588 [FXGL Background Thread 2 ] INFO  UpdaterService       - Latest stable version: 17.3
09:01:56.624 [JavaFX Application Thread] DEBUG Menu                 - fireNewGame()
09:01:56.624 [JavaFX Application Thread] DEBUG GameApplicationServi - Starting new game
09:01:56.627 [JavaFX Application Thread] DEBUG PrimaryStageWindow   - Pop state: FXGLDefaultMenu
09:01:56.627 [JavaFX Application Thread] DEBUG Input                - Clearing active input actions
09:01:56.628 [JavaFX Application Thread] DEBUG GameApplicationServi - Removing overlay from FXGLDefaultMenu and adding to FXGLMainMenuDummyScene
09:01:56.629 [JavaFX Application Thread] DEBUG PrimaryStageWindow   - FXGLMainMenuDummyScene <- FXGLDefaultMenu
09:01:56.630 [JavaFX Application Thread] DEBUG Input                - Clearing active input actions
09:01:56.639 [JavaFX Application Thread] DEBUG GameApplicationServi - Removing overlay from FXGLMainMenuDummyScene and adding to FXGLLoadingScene
09:01:56.640 [JavaFX Application Thread] DEBUG PrimaryStageWindow   - FXGLMainMenuDummyScene -> FXGLLoadingScene
09:01:56.640 [JavaFX Application Thread] DEBUG GameApplicationServi - Clearing previous game
09:01:56.640 [JavaFX Application Thread] DEBUG GameScene            - Clearing game scene
09:01:56.640 [JavaFX Application Thread] DEBUG GameWorld            - Clearing game world
09:01:56.640 [JavaFX Application Thread] DEBUG PhysicsWorld         - Clearing physics world
09:01:56.643 [FXGL Background Thread 2 ] DEBUG FXGLApplication      - Initializing game
09:01:56.654 [FXGL Background Thread 2 ] DEBUG FXGLAssetLoaderServi - Loading from file system: file:/C:/Users/Usuario/OneDrive%20-%20Universidad%20Icesi%20(@icesi.edu.co)/Dicretas%201/NuclearThroneAtomic/src/nuclearthroneatomic/target/classes/assets/textures/Avatar/1-Idle/1.png
09:01:56.656 [FXGL Background Thread 2 ] DEBUG FXGLAssetLoaderServi - Loading from file system: file:/C:/Users/Usuario/OneDrive%20-%20Universidad%20Icesi%20(@icesi.edu.co)/Dicretas%201/NuclearThroneAtomic/src/nuclearthroneatomic/target/classes/assets/textures/Avatar/1-Idle/2.png
09:01:56.660 [FXGL Background Thread 2 ] DEBUG FXGLAssetLoaderServi - Loading from file system: file:/C:/Users/Usuario/OneDrive%20-%20Universidad%20Icesi%20(@icesi.edu.co)/Dicretas%201/NuclearThroneAtomic/src/nuclearthroneatomic/target/classes/assets/textures/Avatar/1-Idle/3.png
09:01:56.662 [FXGL Background Thread 2 ] DEBUG FXGLAssetLoaderServi - Loading from file system: file:/C:/Users/Usuario/OneDrive%20-%20Universidad%20Icesi%20(@icesi.edu.co)/Dicretas%201/NuclearThroneAtomic/src/nuclearthroneatomic/target/classes/assets/textures/Avatar/1-Idle/4.png
09:01:56.698 [FXGL Background Thread 2 ] DEBUG FXGLAssetLoaderServi - Loading from file system: file:/C:/Users/Usuario/OneDrive%20-%20Universidad%20Icesi%20(@icesi.edu.co)/Dicretas%201/NuclearThroneAtomic/src/nuclearthroneatomic/target/classes/assets/textures/Avatar/2-Run/1.png
09:01:56.700 [FXGL Background Thread 2 ] DEBUG FXGLAssetLoaderServi - Loading from file system: file:/C:/Users/Usuario/OneDrive%20-%20Universidad%20Icesi%20(@icesi.edu.co)/Dicretas%201/NuclearThroneAtomic/src/nuclearthroneatomic/target/classes/assets/textures/Avatar/2-Run/2.png
09:01:56.703 [FXGL Background Thread 2 ] DEBUG FXGLAssetLoaderServi - Loading from file system: file:/C:/Users/Usuario/OneDrive%20-%20Universidad%20Icesi%20(@icesi.edu.co)/Dicretas%201/NuclearThroneAtomic/src/nuclearthroneatomic/target/classes/assets/textures/Avatar/2-Run/3.png
09:01:56.707 [FXGL Background Thread 2 ] DEBUG FXGLAssetLoaderServi - Loading from file system: file:/C:/Users/Usuario/OneDrive%20-%20Universidad%20Icesi%20(@icesi.edu.co)/Dicretas%201/NuclearThroneAtomic/src/nuclearthroneatomic/target/classes/assets/textures/Avatar/2-Run/4.png
09:01:56.710 [FXGL Background Thread 2 ] DEBUG FXGLAssetLoaderServi - Loading from file system: file:/C:/Users/Usuario/OneDrive%20-%20Universidad%20Icesi%20(@icesi.edu.co)/Dicretas%201/NuclearThroneAtomic/src/nuclearthroneatomic/target/classes/assets/textures/Avatar/2-Run/5.png
09:01:56.712 [FXGL Background Thread 2 ] DEBUG FXGLAssetLoaderServi - Loading from file system: file:/C:/Users/Usuario/OneDrive%20-%20Universidad%20Icesi%20(@icesi.edu.co)/Dicretas%201/NuclearThroneAtomic/src/nuclearthroneatomic/target/classes/assets/textures/Avatar/2-Run/6.png
09:01:56.719 [FXGL Background Thread 2 ] DEBUG FXGLAssetLoaderServi - Loading from file system: file:/C:/Users/Usuario/OneDrive%20-%20Universidad%20Icesi%20(@icesi.edu.co)/Dicretas%201/NuclearThroneAtomic/src/nuclearthroneatomic/target/classes/assets/textures/Munition/1.png
09:01:56.773 [FXGL Background Thread 2 ] DEBUG FXGLAssetLoaderServi - Loading from file system: file:/C:/Users/Usuario/OneDrive%20-%20Universidad%20Icesi%20(@icesi.edu.co)/Dicretas%201/NuclearThroneAtomic/src/nuclearthroneatomic/target/classes/assets/textures/hud/lifeplayer.png
09:01:56.780 [FXGL Background Thread 2 ] DEBUG FXGLAssetLoaderServi - Loading from file system: file:/C:/Users/Usuario/OneDrive%20-%20Universidad%20Icesi%20(@icesi.edu.co)/Dicretas%201/NuclearThroneAtomic/src/nuclearthroneatomic/target/classes/assets/textures/hud/medkit.png
09:01:56.785 [FXGL Background Thread 2 ] DEBUG FXGLAssetLoaderServi - Loading from file system: file:/C:/Users/Usuario/OneDrive%20-%20Universidad%20Icesi%20(@icesi.edu.co)/Dicretas%201/NuclearThroneAtomic/src/nuclearthroneatomic/target/classes/assets/textures/hud/trebol.png
09:01:56.791 [FXGL Background Thread 2 ] DEBUG FXGLAssetLoaderServi - Loading from file system: file:/C:/Users/Usuario/OneDrive%20-%20Universidad%20Icesi%20(@icesi.edu.co)/Dicretas%201/NuclearThroneAtomic/src/nuclearthroneatomic/target/classes/assets/textures/Guns/1.png
09:01:56.797 [FXGL Background Thread 2 ] DEBUG FXGLAssetLoaderServi - Loading from file system: file:/C:/Users/Usuario/OneDrive%20-%20Universidad%20Icesi%20(@icesi.edu.co)/Dicretas%201/NuclearThroneAtomic/src/nuclearthroneatomic/target/classes/assets/textures/enemy/1-Idle/1.png
09:01:56.799 [FXGL Background Thread 2 ] DEBUG FXGLAssetLoaderServi - Loading from file system: file:/C:/Users/Usuario/OneDrive%20-%20Universidad%20Icesi%20(@icesi.edu.co)/Dicretas%201/NuclearThroneAtomic/src/nuclearthroneatomic/target/classes/assets/textures/enemy/1-Idle/2.png
09:01:56.801 [FXGL Background Thread 2 ] DEBUG FXGLAssetLoaderServi - Loading from file system: file:/C:/Users/Usuario/OneDrive%20-%20Universidad%20Icesi%20(@icesi.edu.co)/Dicretas%201/NuclearThroneAtomic/src/nuclearthroneatomic/target/classes/assets/textures/enemy/1-Idle/3.png
09:01:56.803 [FXGL Background Thread 2 ] DEBUG FXGLAssetLoaderServi - Loading from file system: file:/C:/Users/Usuario/OneDrive%20-%20Universidad%20Icesi%20(@icesi.edu.co)/Dicretas%201/NuclearThroneAtomic/src/nuclearthroneatomic/target/classes/assets/textures/enemy/1-Idle/4.png
09:01:56.811 [FXGL Background Thread 2 ] DEBUG FXGLAssetLoaderServi - Loading from file system: file:/C:/Users/Usuario/OneDrive%20-%20Universidad%20Icesi%20(@icesi.edu.co)/Dicretas%201/NuclearThroneAtomic/src/nuclearthroneatomic/target/classes/assets/textures/enemy/2-Run/1.png
09:01:56.814 [FXGL Background Thread 2 ] DEBUG FXGLAssetLoaderServi - Loading from file system: file:/C:/Users/Usuario/OneDrive%20-%20Universidad%20Icesi%20(@icesi.edu.co)/Dicretas%201/NuclearThroneAtomic/src/nuclearthroneatomic/target/classes/assets/textures/enemy/2-Run/2.png
09:01:56.816 [FXGL Background Thread 2 ] DEBUG FXGLAssetLoaderServi - Loading from file system: file:/C:/Users/Usuario/OneDrive%20-%20Universidad%20Icesi%20(@icesi.edu.co)/Dicretas%201/NuclearThroneAtomic/src/nuclearthroneatomic/target/classes/assets/textures/enemy/2-Run/3.png
09:01:56.818 [FXGL Background Thread 2 ] DEBUG FXGLAssetLoaderServi - Loading from file system: file:/C:/Users/Usuario/OneDrive%20-%20Universidad%20Icesi%20(@icesi.edu.co)/Dicretas%201/NuclearThroneAtomic/src/nuclearthroneatomic/target/classes/assets/textures/enemy/2-Run/4.png
09:01:56.820 [FXGL Background Thread 2 ] DEBUG FXGLAssetLoaderServi - Loading from file system: file:/C:/Users/Usuario/OneDrive%20-%20Universidad%20Icesi%20(@icesi.edu.co)/Dicretas%201/NuclearThroneAtomic/src/nuclearthroneatomic/target/classes/assets/textures/enemy/2-Run/5.png
09:01:56.823 [FXGL Background Thread 2 ] DEBUG FXGLAssetLoaderServi - Loading from file system: file:/C:/Users/Usuario/OneDrive%20-%20Universidad%20Icesi%20(@icesi.edu.co)/Dicretas%201/NuclearThroneAtomic/src/nuclearthroneatomic/target/classes/assets/textures/enemy/2-Run/6.png
09:01:56.848 [FXGL Background Thread 2 ] DEBUG FXGLAssetLoaderServi - Loading from file system: file:/C:/Users/Usuario/OneDrive%20-%20Universidad%20Icesi%20(@icesi.edu.co)/Dicretas%201/NuclearThroneAtomic/src/nuclearthroneatomic/target/classes/assets/textures/mouse/mousecomplete.png
09:01:56.850 [FXGL Background Thread 2 ] DEBUG FXGLAssetLoaderServi - Loading from file system: file:/C:/Users/Usuario/OneDrive%20-%20Universidad%20Icesi%20(@icesi.edu.co)/Dicretas%201/NuclearThroneAtomic/src/nuclearthroneatomic/target/classes/assets/textures/Wall/1.png
09:01:57.052 [FXGL Background Thread 2 ] INFO  FXGLApplication      - Game initialization took: 0,409 sec
09:01:57.055 [JavaFX Application Thread] DEBUG Input                - Clearing active input actions
09:01:57.067 [JavaFX Application Thread] DEBUG GameApplicationServi - Removing overlay from FXGLLoadingScene and adding to GameScene
09:01:57.068 [JavaFX Application Thread] DEBUG PrimaryStageWindow   - FXGLLoadingScene -> GameScene
09:01:57.837 [FXGL Background Thread 3 ] DEBUG Engine               - Logging environment variables
09:01:57.838 [FXGL Background Thread 3 ] DEBUG Engine               - achievements: []
09:01:57.838 [FXGL Background Thread 3 ] DEBUG Engine               - actualHeight: 600.0
09:01:57.838 [FXGL Background Thread 3 ] DEBUG Engine               - actualHeightProperty: ReadOnlyDoubleProperty [value: 600.0]
09:01:57.838 [FXGL Background Thread 3 ] DEBUG Engine               - actualWidth: 800.0
09:01:57.838 [FXGL Background Thread 3 ] DEBUG Engine               - actualWidthProperty: ReadOnlyDoubleProperty [value: 800.0]
09:01:57.839 [FXGL Background Thread 3 ] DEBUG Engine               - appIcon: fxgl_icon.png
09:01:57.839 [FXGL Background Thread 3 ] DEBUG Engine               - applicationMode: DEVELOPER
09:01:57.839 [FXGL Background Thread 3 ] DEBUG Engine               - cSSList: [fxgl_dark.css]
09:01:57.839 [FXGL Background Thread 3 ] DEBUG Engine               - collisionDetectionStrategy: BRUTE_FORCE
09:01:57.839 [FXGL Background Thread 3 ] DEBUG Engine               - configClass: Optional.empty
09:01:57.839 [FXGL Background Thread 3 ] DEBUG Engine               - credits: [Designer . . . . . . . Johan Daniel Aguirre, Program Team . . . . . . Juan Sebastián Libreros,                           Juan Jose Barrera,                           Johan Daniel Aguirre, El mas lindo . . . . . . Juan Sebastián Libreros, Master Thief . . . . . . Johan Daniel Aguirre]
09:01:57.840 [FXGL Background Thread 3 ] DEBUG Engine               - defaultCursor: CursorInfo(imageName=fxgl_default_cursor.png, hotspotX=7.0, hotspotY=6.0)
09:01:57.840 [FXGL Background Thread 3 ] DEBUG Engine               - devBBoxColorProperty: ObjectProperty [value: 0xff0000ff]
09:01:57.840 [FXGL Background Thread 3 ] DEBUG Engine               - devEnableDebugCameraProperty: BooleanProperty [value: false]
09:01:57.841 [FXGL Background Thread 3 ] DEBUG Engine               - devSensorColorProperty: ObjectProperty [value: 0xffff00ff]
09:01:57.841 [FXGL Background Thread 3 ] DEBUG Engine               - devShowBBoxProperty: BooleanProperty [value: false]
09:01:57.841 [FXGL Background Thread 3 ] DEBUG Engine               - devShowPositionProperty: BooleanProperty [value: false]
09:01:57.841 [FXGL Background Thread 3 ] DEBUG Engine               - enabledMenuItems: [EXTRA]
09:01:57.841 [FXGL Background Thread 3 ] DEBUG Engine               - engineServices: [class com.almasb.fxgl.app.services.FXGLAssetLoaderService, class com.almasb.fxgl.app.FXGLApplication$GameApplicationService, class com.almasb.fxgl.app.services.FXGLDialogService, class com.almasb.fxgl.app.services.IOTaskExecutorService, class com.almasb.fxgl.io.FileSystemService, class com.almasb.fxgl.localization.LocalizationService, class com.almasb.fxgl.app.services.SystemBundleService, class com.almasb.fxgl.profile.SaveLoadService, class com.almasb.fxgl.ui.FXGLUIFactoryServiceProvider, class com.almasb.fxgl.ui.FXGLDialogFactoryServiceProvider, class com.almasb.fxgl.audio.AudioPlayer, class com.almasb.fxgl.notification.impl.NotificationServiceProvider, class com.almasb.fxgl.achievement.AchievementService, class com.almasb.fxgl.cutscene.CutsceneService, class com.almasb.fxgl.minigames.MiniGameService, class com.almasb.fxgl.net.NetService, class com.almasb.fxgl.app.services.UpdaterService, class com.almasb.fxgl.dev.DevService]
09:01:57.841 [FXGL Background Thread 3 ] DEBUG Engine               - fontGame: Abel-Regular.ttf
09:01:57.841 [FXGL Background Thread 3 ] DEBUG Engine               - fontMono: TerminalLandMono-Regular.otf
09:01:57.841 [FXGL Background Thread 3 ] DEBUG Engine               - fontText: Courier-Prime.ttf
09:01:57.841 [FXGL Background Thread 3 ] DEBUG Engine               - fontUI: VarelaRound-Regular.ttf
09:01:57.841 [FXGL Background Thread 3 ] DEBUG Engine               - fullScreen: BooleanProperty [value: false]
09:01:57.842 [FXGL Background Thread 3 ] DEBUG Engine               - gameDifficulty: MEDIUM
09:01:57.842 [FXGL Background Thread 3 ] DEBUG Engine               - gameDifficultyProperty: ObjectProperty [value: MEDIUM]
09:01:57.842 [FXGL Background Thread 3 ] DEBUG Engine               - globalMusicVolume: 0.5
09:01:57.842 [FXGL Background Thread 3 ] DEBUG Engine               - globalMusicVolumeProperty: DoubleProperty [value: 1.0]
09:01:57.842 [FXGL Background Thread 3 ] DEBUG Engine               - globalSoundVolume: 0.5
09:01:57.842 [FXGL Background Thread 3 ] DEBUG Engine               - globalSoundVolumeProperty: DoubleProperty [value: 0.1]
09:01:57.842 [FXGL Background Thread 3 ] DEBUG Engine               - height: 600
09:01:57.842 [FXGL Background Thread 3 ] DEBUG Engine               - is3D: false
09:01:57.842 [FXGL Background Thread 3 ] DEBUG Engine               - isAndroid: false
09:01:57.842 [FXGL Background Thread 3 ] DEBUG Engine               - isBrowser: false
09:01:57.842 [FXGL Background Thread 3 ] DEBUG Engine               - isClickFeedbackEnabled: false
09:01:57.842 [FXGL Background Thread 3 ] DEBUG Engine               - isCloseConfirmation: false
09:01:57.843 [FXGL Background Thread 3 ] DEBUG Engine               - isDesktop: true
09:01:57.843 [FXGL Background Thread 3 ] DEBUG Engine               - isDeveloperMenuEnabled: false
09:01:57.843 [FXGL Background Thread 3 ] DEBUG Engine               - isEmbedded: false
09:01:57.843 [FXGL Background Thread 3 ] DEBUG Engine               - isEntityPreloadEnabled: true
09:01:57.843 [FXGL Background Thread 3 ] DEBUG Engine               - isExperimentalTiledLargeMap: false
09:01:57.843 [FXGL Background Thread 3 ] DEBUG Engine               - isFileSystemWriteAllowed: true
09:01:57.843 [FXGL Background Thread 3 ] DEBUG Engine               - isFullScreenAllowed: true
09:01:57.843 [FXGL Background Thread 3 ] DEBUG Engine               - isFullScreenFromStart: false
09:01:57.843 [FXGL Background Thread 3 ] DEBUG Engine               - isGameMenuEnabled: true
09:01:57.843 [FXGL Background Thread 3 ] DEBUG Engine               - isIOS: false
09:01:57.843 [FXGL Background Thread 3 ] DEBUG Engine               - isIntroEnabled: false
09:01:57.843 [FXGL Background Thread 3 ] DEBUG Engine               - isLinux: false
09:01:57.843 [FXGL Background Thread 3 ] DEBUG Engine               - isMac: false
09:01:57.844 [FXGL Background Thread 3 ] DEBUG Engine               - isMainMenuEnabled: true
09:01:57.844 [FXGL Background Thread 3 ] DEBUG Engine               - isManualResizeEnabled: false
09:01:57.844 [FXGL Background Thread 3 ] DEBUG Engine               - isMobile: false
09:01:57.844 [FXGL Background Thread 3 ] DEBUG Engine               - isNative: false
09:01:57.844 [FXGL Background Thread 3 ] DEBUG Engine               - isPauseMusicWhenMinimized: true
09:01:57.844 [FXGL Background Thread 3 ] DEBUG Engine               - isPreserveResizeRatio: false
09:01:57.844 [FXGL Background Thread 3 ] DEBUG Engine               - isProfilingEnabled: false
09:01:57.844 [FXGL Background Thread 3 ] DEBUG Engine               - isScaleAffectedOnResize: true
09:01:57.844 [FXGL Background Thread 3 ] DEBUG Engine               - isSingleStep: false
09:01:57.844 [FXGL Background Thread 3 ] DEBUG Engine               - isUserProfileEnabled: false
09:01:57.844 [FXGL Background Thread 3 ] DEBUG Engine               - isWindows: true
09:01:57.844 [FXGL Background Thread 3 ] DEBUG Engine               - language: ObjectProperty [value: ENGLISH]
09:01:57.844 [FXGL Background Thread 3 ] DEBUG Engine               - menuKey: ESCAPE
09:01:57.844 [FXGL Background Thread 3 ] DEBUG Engine               - mouseSensitivity: 0.2
09:01:57.845 [FXGL Background Thread 3 ] DEBUG Engine               - notificationViewClass: class com.almasb.fxgl.notification.view.XboxNotificationView
09:01:57.845 [FXGL Background Thread 3 ] DEBUG Engine               - pixelsPerMeter: 50.0
09:01:57.845 [FXGL Background Thread 3 ] DEBUG Engine               - platform: WINDOWS
09:01:57.845 [FXGL Background Thread 3 ] DEBUG Engine               - prefHeightProperty: ReadOnlyDoubleProperty [value: 600.0]
09:01:57.845 [FXGL Background Thread 3 ] DEBUG Engine               - prefWidthProperty: ReadOnlyDoubleProperty [value: 800.0]
09:01:57.845 [FXGL Background Thread 3 ] DEBUG Engine               - profileDir: profiles/
09:01:57.845 [FXGL Background Thread 3 ] DEBUG Engine               - profileName: StringProperty [value: DEFAULT]
09:01:57.845 [FXGL Background Thread 3 ] DEBUG Engine               - randomSeed: -1
09:01:57.846 [FXGL Background Thread 3 ] DEBUG Engine               - runtimeInfo: RuntimeInfo(platform=WINDOWS, version=17.2, build=20.08.2022 16.50)
09:01:57.846 [FXGL Background Thread 3 ] DEBUG Engine               - saveFileExt: sav
09:01:57.846 [FXGL Background Thread 3 ] DEBUG Engine               - scaledHeightProp$fxgl: DoubleProperty [bound, value: 600.0]
09:01:57.846 [FXGL Background Thread 3 ] DEBUG Engine               - scaledWidthProp$fxgl: DoubleProperty [bound, value: 800.0]
09:01:57.846 [FXGL Background Thread 3 ] DEBUG Engine               - sceneFactory: com.almasb.fxgl.app.scene.SceneFactory@131e4715
09:01:57.846 [FXGL Background Thread 3 ] DEBUG Engine               - secondsIn24h: 60
09:01:57.846 [FXGL Background Thread 3 ] DEBUG Engine               - soundMenuBack: menu/back.wav
09:01:57.846 [FXGL Background Thread 3 ] DEBUG Engine               - soundMenuPress: menu/press.wav
09:01:57.846 [FXGL Background Thread 3 ] DEBUG Engine               - soundMenuSelect: menu/select.wav
09:01:57.846 [FXGL Background Thread 3 ] DEBUG Engine               - soundNotification: core/notification.wav
09:01:57.846 [FXGL Background Thread 3 ] DEBUG Engine               - stageStyle: DECORATED
09:01:57.846 [FXGL Background Thread 3 ] DEBUG Engine               - supportedLanguages: [ENGLISH, FRENCH, GERMAN, HUNGARIAN, RUSSIAN]
09:01:57.847 [FXGL Background Thread 3 ] DEBUG Engine               - ticksPerSecond: -1
09:01:57.847 [FXGL Background Thread 3 ] DEBUG Engine               - title: Nuclear Throne Atomic
09:01:57.847 [FXGL Background Thread 3 ] DEBUG Engine               - urlGithub: https://github.com/AlmasB/FXGL
09:01:57.847 [FXGL Background Thread 3 ] DEBUG Engine               - urlLeaderboard: http://fxgl-top.herokuapp.com/
09:01:57.847 [FXGL Background Thread 3 ] DEBUG Engine               - urlPOM: https://raw.githubusercontent.com/AlmasB/FXGL/release/README.md
09:01:57.847 [FXGL Background Thread 3 ] DEBUG Engine               - userAppClass: class com.example.nuclearthroneatomic.Controller
09:01:57.847 [FXGL Background Thread 3 ] DEBUG Engine               - version: 0.0
09:01:57.847 [FXGL Background Thread 3 ] DEBUG Engine               - versionCheckDays: 7
09:01:57.847 [FXGL Background Thread 3 ] DEBUG Engine               - width: 800
09:01:57.847 [FXGL Background Thread 3 ] DEBUG Engine               - Logging services
09:01:57.847 [FXGL Background Thread 3 ] DEBUG Engine               - class com.almasb.fxgl.app.services.FXGLAssetLoaderService
09:01:57.847 [FXGL Background Thread 3 ] DEBUG Engine               - class com.almasb.fxgl.app.FXGLApplication$GameApplicationService
09:01:57.847 [FXGL Background Thread 3 ] DEBUG Engine               - class com.almasb.fxgl.app.services.FXGLDialogService
09:01:57.847 [FXGL Background Thread 3 ] DEBUG Engine               - class com.almasb.fxgl.app.services.IOTaskExecutorService
09:01:57.848 [FXGL Background Thread 3 ] DEBUG Engine               - class com.almasb.fxgl.io.FileSystemService
09:01:57.848 [FXGL Background Thread 3 ] DEBUG Engine               - class com.almasb.fxgl.localization.LocalizationService
09:01:57.848 [FXGL Background Thread 3 ] DEBUG Engine               - class com.almasb.fxgl.app.services.SystemBundleService
09:01:57.848 [FXGL Background Thread 3 ] DEBUG Engine               - class com.almasb.fxgl.profile.SaveLoadService
09:01:57.848 [FXGL Background Thread 3 ] DEBUG Engine               - class com.almasb.fxgl.ui.FXGLUIFactoryServiceProvider
09:01:57.848 [FXGL Background Thread 3 ] DEBUG Engine               - class com.almasb.fxgl.ui.FXGLDialogFactoryServiceProvider
09:01:57.848 [FXGL Background Thread 3 ] DEBUG Engine               - class com.almasb.fxgl.audio.AudioPlayer
09:01:57.848 [FXGL Background Thread 3 ] DEBUG Engine               - class com.almasb.fxgl.notification.impl.NotificationServiceProvider
09:01:57.848 [FXGL Background Thread 3 ] DEBUG Engine               - class com.almasb.fxgl.achievement.AchievementService
09:01:57.848 [FXGL Background Thread 3 ] DEBUG Engine               - class com.almasb.fxgl.cutscene.CutsceneService
09:01:57.848 [FXGL Background Thread 3 ] DEBUG Engine               - class com.almasb.fxgl.minigames.MiniGameService
09:01:57.848 [FXGL Background Thread 3 ] DEBUG Engine               - class com.almasb.fxgl.net.NetService
09:01:57.848 [FXGL Background Thread 3 ] DEBUG Engine               - class com.almasb.fxgl.app.services.UpdaterService
09:01:57.848 [FXGL Background Thread 3 ] DEBUG Engine               - class com.almasb.fxgl.dev.DevService
09:01:59.260 [JavaFX Application Thread] DEBUG FXGLAssetLoaderServi - Loading from file system: file:/C:/Users/Usuario/OneDrive%20-%20Universidad%20Icesi%20(@icesi.edu.co)/Dicretas%201/NuclearThroneAtomic/src/nuclearthroneatomic/target/classes/assets/textures/Bullet/1.png
09:02:01.242 [JavaFX Application Thread] DEBUG FXGLAssetLoaderServi - Loading from file system: file:/C:/Users/Usuario/OneDrive%20-%20Universidad%20Icesi%20(@icesi.edu.co)/Dicretas%201/NuclearThroneAtomic/src/nuclearthroneatomic/target/classes/assets/textures/portal/1.png
09:02:01.248 [JavaFX Application Thread] DEBUG FXGLAssetLoaderServi - Loading from file system: file:/C:/Users/Usuario/OneDrive%20-%20Universidad%20Icesi%20(@icesi.edu.co)/Dicretas%201/NuclearThroneAtomic/src/nuclearthroneatomic/target/classes/assets/textures/portal/2.png
09:02:01.254 [JavaFX Application Thread] DEBUG FXGLAssetLoaderServi - Loading from file system: file:/C:/Users/Usuario/OneDrive%20-%20Universidad%20Icesi%20(@icesi.edu.co)/Dicretas%201/NuclearThroneAtomic/src/nuclearthroneatomic/target/classes/assets/textures/portal/3.png
09:02:01.259 [JavaFX Application Thread] DEBUG FXGLAssetLoaderServi - Loading from file system: file:/C:/Users/Usuario/OneDrive%20-%20Universidad%20Icesi%20(@icesi.edu.co)/Dicretas%201/NuclearThroneAtomic/src/nuclearthroneatomic/target/classes/assets/textures/portal/4.png
09:02:07.127 [JavaFX Application Thread] DEBUG FXGLAssetLoaderServi - Loading from file system: file:/C:/Users/Usuario/OneDrive%20-%20Universidad%20Icesi%20(@icesi.edu.co)/Dicretas%201/NuclearThroneAtomic/src/nuclearthroneatomic/target/classes/assets/textures/Guns/2.png
09:02:09.640 [JavaFX Application Thread] DEBUG FXGLAssetLoaderServi - Loading from file system: file:/C:/Users/Usuario/OneDrive%20-%20Universidad%20Icesi%20(@icesi.edu.co)/Dicretas%201/NuclearThroneAtomic/src/nuclearthroneatomic/target/classes/assets/textures/Munition/2.png
09:02:10.425 [JavaFX Application Thread] DEBUG FXGLAssetLoaderServi - Loading from file system: file:/C:/Users/Usuario/OneDrive%20-%20Universidad%20Icesi%20(@icesi.edu.co)/Dicretas%201/NuclearThroneAtomic/src/nuclearthroneatomic/target/classes/assets/textures/Bullet/2.png
09:02:13.368 [JavaFX Application Thread] DEBUG PrimaryStageWindow   - Push state: DialogSubScene
09:02:13.368 [JavaFX Application Thread] DEBUG Input                - Clearing active input actions
09:02:13.369 [JavaFX Application Thread] DEBUG GameApplicationServi - Removing overlay from GameScene and adding to DialogSubScene
09:02:13.369 [JavaFX Application Thread] DEBUG PrimaryStageWindow   - GameScene -> DialogSubScene
09:02:15.523 [JavaFX Application Thread] DEBUG PrimaryStageWindow   - Pop state: DialogSubScene
09:02:15.523 [JavaFX Application Thread] DEBUG Input                - Clearing active input actions
09:02:15.524 [JavaFX Application Thread] DEBUG GameApplicationServi - Removing overlay from DialogSubScene and adding to GameScene
09:02:15.524 [JavaFX Application Thread] DEBUG PrimaryStageWindow   - GameScene <- DialogSubScene
09:02:15.524 [JavaFX Application Thread] DEBUG FXGLApplication      - Exiting FXGL
09:02:15.524 [JavaFX Application Thread] DEBUG LoopRunner           - Stopping loop
09:02:15.524 [JavaFX Application Thread] DEBUG SystemBundleService  - Saving FXGL system data
09:02:15.528 [JavaFX Application Thread] DEBUG FileSystemAccess     - Writing to: C:\Users\Usuario\OneDrive - Universidad Icesi (@icesi.edu.co)\Dicretas 1\NuclearThroneAtomic\src\nuclearthroneatomic\system\fxgl.bundle
09:02:15.532 [JavaFX Application Thread] DEBUG Async                - Shutting down background threads
09:02:15.532 [JavaFX Application Thread] DEBUG PrimaryStageWindow   - Closing main window
09:02:15.548 [JavaFX Application Thread] DEBUG Logger               - Closing Logger
