08:45:52.910 [main                     ] DEBUG Logger               - Configured Logger
08:45:52.981 [main                     ] DEBUG GameApplication      - Logging settings
Title: Nuclear Throne Atomic
Version: 0.0
Width: 800
Height: 600
Fullscreen: true
Intro: false
Profiling: false
Single step:false
App Mode: DEVELOPER
Menu Key: ESCAPE
Stage Style: DECORATED
Scene Factory: class com.almasb.fxgl.app.scene.SceneFactory

08:45:53.995 [JavaFX Application Thread] DEBUG FXGLApplication      - Initializing FXGL
08:45:54.000 [JavaFX Application Thread] INFO  Engine               - FXGL-17.2 (20.08.2022 16.50) on WINDOWS (J:20.0.1 FX:19.0.2.1)
08:45:54.001 [JavaFX Application Thread] DEBUG Engine               - JRE Vendor Name: Oracle Corporation
08:45:54.002 [JavaFX Application Thread] DEBUG Engine               - Running on OS: Windows 10 version 10.0
08:45:54.002 [JavaFX Application Thread] DEBUG Engine               - Architecture: amd64
08:45:54.002 [JavaFX Application Thread] INFO  Engine               - Source code and latest versions at: https://github.com/AlmasB/FXGL
08:45:54.003 [JavaFX Application Thread] INFO  Engine               -       Ask questions and discuss at: https://github.com/AlmasB/FXGL/discussions
08:45:54.003 [JavaFX Application Thread] INFO  Engine               -              Join the FXGL chat at: https://gitter.im/AlmasB/FXGL
08:45:54.163 [JavaFX Application Thread] DEBUG PrimaryStageWindow   - Creating a JavaFX scene
08:45:54.243 [JavaFX Application Thread] DEBUG PrimaryStageWindow   - Target settings size: 800.0 x 600.0
08:45:54.244 [JavaFX Application Thread] DEBUG PrimaryStageWindow   - Scaled scene size:    800.0 x 600.0
08:45:54.245 [JavaFX Application Thread] DEBUG PrimaryStageWindow   - Scaled ratio: (1.0, 1.0)
08:45:54.247 [JavaFX Application Thread] DEBUG PrimaryStageWindow   - Set initial scene to FXGLStartupScene
08:45:54.256 [JavaFX Application Thread] DEBUG PrimaryStageWindow   - Opening main window
08:45:54.422 [JavaFX Application Thread] DEBUG PrimaryStageWindow   - Window border size: (16.0, 39.0)
08:45:54.423 [JavaFX Application Thread] DEBUG PrimaryStageWindow   - Scaled size: 800.0 x 600.0
08:45:54.424 [JavaFX Application Thread] DEBUG PrimaryStageWindow   - Scaled ratio: (1.0, 1.0)
08:45:54.424 [JavaFX Application Thread] DEBUG PrimaryStageWindow   - Scene size: 800.0 x 600.0
08:45:54.425 [JavaFX Application Thread] DEBUG PrimaryStageWindow   - Stage size: 816.0 x 639.0
08:45:54.448 [FXGL Background Thread 1 ] DEBUG Engine               - Initializing environment variables
08:45:54.569 [FXGL Background Thread 1 ] DEBUG FXGLAssetLoaderServi - User app class for loading assets: class com.example.nuclearthroneatomic.Controller
08:45:54.570 [FXGL Background Thread 1 ] DEBUG GameApplicationServi - Applying CSS: fxgl_dark.css
08:45:54.573 [FXGL Background Thread 1 ] DEBUG FXGLAssetLoaderServi - Loading from file system: jar:file:///C:/Users/Usuario/.m2/repository/com/github/almasb/fxgl/17.2/fxgl-17.2.jar!/fxglassets/ui/css/fxgl_dark.css
08:45:54.683 [FXGL Background Thread 1 ] DEBUG GameApplicationServi - Initializing application scenes
08:45:54.757 [FXGL Background Thread 1 ] DEBUG GameWorld            - Game world initialized
08:45:54.877 [FXGL Background Thread 1 ] DEBUG PhysicsWorld         - Physics world initialized: appHeight=600, physics.ppm=50,0
08:45:54.877 [FXGL Background Thread 1 ] DEBUG PhysicsWorld         - Using strategy: BRUTE_FORCE
08:45:54.886 [FXGL Background Thread 1 ] DEBUG GameScene            - Game scene initialized: 800x600
08:45:54.915 [FXGL Background Thread 1 ] DEBUG FXGL.DefaultMenu     - createMenuBodyMainMenu()
08:45:54.938 [FXGL Background Thread 1 ] DEBUG FXGL.DefaultMenu     - createOptionsMenu()
08:45:54.953 [FXGL Background Thread 1 ] DEBUG FXGL.DefaultMenu     - createExtraMenu()
08:45:54.965 [FXGL Background Thread 1 ] DEBUG FXGLAssetLoaderServi - Loading from file system: jar:file:///C:/Users/Usuario/.m2/repository/com/github/almasb/fxgl/17.2/fxgl-17.2.jar!/fxglassets/textures/particles/smoke.png
08:45:55.120 [FXGL Background Thread 1 ] DEBUG FXGLAssetLoaderServi - Loading from file system: jar:file:///C:/Users/Usuario/.m2/repository/com/github/almasb/fxgl/17.2/fxgl-17.2.jar!/fxglassets/textures/particles/trace_horizontal.png
08:45:55.171 [FXGL Background Thread 1 ] DEBUG FXGL.DefaultMenu     - createMenuBodyGameMenu()
08:45:55.174 [FXGL Background Thread 1 ] DEBUG FXGL.DefaultMenu     - createOptionsMenu()
08:45:55.178 [FXGL Background Thread 1 ] DEBUG FXGL.DefaultMenu     - createExtraMenu()
08:45:55.201 [FXGL Background Thread 1 ] DEBUG GameApplicationServi - Application scenes initialized
08:45:55.226 [FXGL Background Thread 1 ] DEBUG SystemBundleService  - Loading FXGL system data
08:45:55.234 [FXGL Background Thread 1 ] DEBUG FileSystemAccess     - Reading from: C:\Users\Usuario\OneDrive - Universidad Icesi (@icesi.edu.co)\Dicretas 1\NuclearThroneAtomic\src\nuclearthroneatomic\system\fxgl.bundle
08:45:55.255 [FXGL Background Thread 1 ] DEBUG SystemBundleService  - Bundle FXGL: {}
08:45:55.256 [FXGL Background Thread 1 ] DEBUG UpdaterService       - Checking for updates
08:45:55.272 [FXGL Background Thread 4 ] DEBUG FXGLApplication      - Loading fonts
08:45:55.273 [FXGL Background Thread 1 ] DEBUG FXGLApplication      - Loading default localization
08:45:55.274 [FXGL Background Thread 1 ] DEBUG FXGLAssetLoaderServi - Loading from file system: jar:file:///C:/Users/Usuario/.m2/repository/com/github/almasb/fxgl/17.2/fxgl-17.2.jar!/fxglassets/languages/english.lang
08:45:55.275 [FXGL Background Thread 4 ] DEBUG FXGLAssetLoaderServi - Loading from file system: jar:file:///C:/Users/Usuario/.m2/repository/com/github/almasb/fxgl/17.2/fxgl-17.2.jar!/fxglassets/ui/fonts/VarelaRound-Regular.ttf
08:45:55.310 [FXGL Background Thread 1 ] INFO  FXGLApplication      - FXGL initialization took: 0,861 sec
08:45:55.331 [JavaFX Application Thread] DEBUG Input                - Registered new binding: lucky - Q
08:45:55.331 [JavaFX Application Thread] DEBUG Input                - Registered new binding: health - F
08:45:55.332 [JavaFX Application Thread] DEBUG Input                - Registered new binding: Right - D
08:45:55.332 [JavaFX Application Thread] DEBUG Input                - Registered new binding: Left - A
08:45:55.332 [JavaFX Application Thread] DEBUG Input                - Registered new binding: Up - W
08:45:55.332 [JavaFX Application Thread] DEBUG Input                - Registered new binding: Down - S
08:45:55.334 [JavaFX Application Thread] DEBUG Input                - Registered new binding: Reload - RMB
08:45:55.335 [JavaFX Application Thread] DEBUG Input                - Registered new binding: Shoot - LMB
08:45:55.337 [JavaFX Application Thread] DEBUG FXGLAssetLoaderServi - Loading from file system: file:/C:/Users/Usuario/OneDrive%20-%20Universidad%20Icesi%20(@icesi.edu.co)/Dicretas%201/NuclearThroneAtomic/src/nuclearthroneatomic/target/classes/assets/music/muiscformenus.mp3
08:45:55.539 [FXGL Background Thread 4 ] DEBUG FXGLAssetLoaderServi - Loading from file system: jar:file:///C:/Users/Usuario/.m2/repository/com/github/almasb/fxgl/17.2/fxgl-17.2.jar!/fxglassets/ui/fonts/Abel-Regular.ttf
08:45:55.558 [FXGL Background Thread 4 ] DEBUG FXGLAssetLoaderServi - Loading from file system: jar:file:///C:/Users/Usuario/.m2/repository/com/github/almasb/fxgl/17.2/fxgl-17.2.jar!/fxglassets/ui/fonts/TerminalLandMono-Regular.otf
08:45:55.566 [FXGL Background Thread 4 ] DEBUG FXGLAssetLoaderServi - Loading from file system: jar:file:///C:/Users/Usuario/.m2/repository/com/github/almasb/fxgl/17.2/fxgl-17.2.jar!/fxglassets/ui/fonts/Courier-Prime.ttf
08:45:55.621 [JavaFX Application Thread] DEBUG AudioPlayer          - Playing music com.almasb.fxgl.audio.Music@3102690d
08:45:55.623 [JavaFX Application Thread] DEBUG FXGLAssetLoaderServi - Loading from file system: jar:file:///C:/Users/Usuario/.m2/repository/com/github/almasb/fxgl/17.2/fxgl-17.2.jar!/fxglassets/textures/fxgl_icon.png
08:45:55.662 [JavaFX Application Thread] DEBUG FXGLAssetLoaderServi - Loading from file system: jar:file:///C:/Users/Usuario/.m2/repository/com/github/almasb/fxgl/17.2/fxgl-17.2.jar!/fxglassets/textures/fxgl_default_cursor.png
08:45:55.666 [JavaFX Application Thread] DEBUG Input                - Registered new binding: Screenshot - CTRL+8
08:45:55.667 [JavaFX Application Thread] DEBUG Input                - Registered new binding: System info dump - CTRL+9
08:45:55.667 [JavaFX Application Thread] DEBUG Input                - Registered new binding: Restart - CTRL+R
08:45:55.668 [JavaFX Application Thread] DEBUG Input                - Registered new binding: Toggle Debug Camera - CTRL+7
08:45:55.672 [JavaFX Application Thread] DEBUG LoopRunner           - Starting loop
08:45:55.673 [JavaFX Application Thread] DEBUG LoopRunner           - Initializing JavaFX AnimationTimerLoop
08:45:55.677 [JavaFX Application Thread] DEBUG Input                - Clearing active input actions
08:45:55.695 [JavaFX Application Thread] DEBUG GameApplicationServi - Removing overlay from FXGLStartupScene and adding to FXGLMainMenuDummyScene
08:45:55.695 [JavaFX Application Thread] DEBUG PrimaryStageWindow   - FXGLStartupScene -> FXGLMainMenuDummyScene
08:45:55.696 [JavaFX Application Thread] DEBUG PrimaryStageWindow   - Push state: FXGLDefaultMenu
08:45:55.702 [JavaFX Application Thread] DEBUG Input                - Clearing active input actions
08:45:55.715 [JavaFX Application Thread] DEBUG GameApplicationServi - Removing overlay from FXGLMainMenuDummyScene and adding to FXGLDefaultMenu
08:45:55.716 [JavaFX Application Thread] DEBUG PrimaryStageWindow   - FXGLMainMenuDummyScene -> FXGLDefaultMenu
08:45:55.729 [JavaFX Application Thread] DEBUG FXGLApplication      - Registering font factories with UI factory
08:45:56.051 [FXGL Background Thread 2 ] INFO  UpdaterService       - Your current version:  17.2
08:45:56.052 [FXGL Background Thread 2 ] INFO  UpdaterService       - Latest stable version: 17.3
08:45:56.930 [JavaFX Application Thread] DEBUG Menu                 - fireNewGame()
08:45:56.930 [JavaFX Application Thread] DEBUG GameApplicationServi - Starting new game
08:45:56.932 [JavaFX Application Thread] DEBUG PrimaryStageWindow   - Pop state: FXGLDefaultMenu
08:45:56.932 [JavaFX Application Thread] DEBUG Input                - Clearing active input actions
08:45:56.933 [JavaFX Application Thread] DEBUG GameApplicationServi - Removing overlay from FXGLDefaultMenu and adding to FXGLMainMenuDummyScene
08:45:56.934 [JavaFX Application Thread] DEBUG PrimaryStageWindow   - FXGLMainMenuDummyScene <- FXGLDefaultMenu
08:45:56.934 [JavaFX Application Thread] DEBUG Input                - Clearing active input actions
08:45:56.946 [JavaFX Application Thread] DEBUG GameApplicationServi - Removing overlay from FXGLMainMenuDummyScene and adding to FXGLLoadingScene
08:45:56.946 [JavaFX Application Thread] DEBUG PrimaryStageWindow   - FXGLMainMenuDummyScene -> FXGLLoadingScene
08:45:56.946 [JavaFX Application Thread] DEBUG GameApplicationServi - Clearing previous game
08:45:56.946 [JavaFX Application Thread] DEBUG GameScene            - Clearing game scene
08:45:56.946 [JavaFX Application Thread] DEBUG GameWorld            - Clearing game world
08:45:56.947 [JavaFX Application Thread] DEBUG PhysicsWorld         - Clearing physics world
08:45:56.949 [FXGL Background Thread 2 ] DEBUG FXGLApplication      - Initializing game
08:45:56.958 [FXGL Background Thread 2 ] DEBUG FXGLAssetLoaderServi - Loading from file system: file:/C:/Users/Usuario/OneDrive%20-%20Universidad%20Icesi%20(@icesi.edu.co)/Dicretas%201/NuclearThroneAtomic/src/nuclearthroneatomic/target/classes/assets/textures/Avatar/1-Idle/1.png
08:45:56.962 [FXGL Background Thread 2 ] DEBUG FXGLAssetLoaderServi - Loading from file system: file:/C:/Users/Usuario/OneDrive%20-%20Universidad%20Icesi%20(@icesi.edu.co)/Dicretas%201/NuclearThroneAtomic/src/nuclearthroneatomic/target/classes/assets/textures/Avatar/1-Idle/2.png
08:45:56.965 [FXGL Background Thread 2 ] DEBUG FXGLAssetLoaderServi - Loading from file system: file:/C:/Users/Usuario/OneDrive%20-%20Universidad%20Icesi%20(@icesi.edu.co)/Dicretas%201/NuclearThroneAtomic/src/nuclearthroneatomic/target/classes/assets/textures/Avatar/1-Idle/3.png
08:45:56.967 [FXGL Background Thread 2 ] DEBUG FXGLAssetLoaderServi - Loading from file system: file:/C:/Users/Usuario/OneDrive%20-%20Universidad%20Icesi%20(@icesi.edu.co)/Dicretas%201/NuclearThroneAtomic/src/nuclearthroneatomic/target/classes/assets/textures/Avatar/1-Idle/4.png
08:45:57.001 [FXGL Background Thread 2 ] DEBUG FXGLAssetLoaderServi - Loading from file system: file:/C:/Users/Usuario/OneDrive%20-%20Universidad%20Icesi%20(@icesi.edu.co)/Dicretas%201/NuclearThroneAtomic/src/nuclearthroneatomic/target/classes/assets/textures/Avatar/2-Run/1.png
08:45:57.004 [FXGL Background Thread 2 ] DEBUG FXGLAssetLoaderServi - Loading from file system: file:/C:/Users/Usuario/OneDrive%20-%20Universidad%20Icesi%20(@icesi.edu.co)/Dicretas%201/NuclearThroneAtomic/src/nuclearthroneatomic/target/classes/assets/textures/Avatar/2-Run/2.png
08:45:57.008 [FXGL Background Thread 2 ] DEBUG FXGLAssetLoaderServi - Loading from file system: file:/C:/Users/Usuario/OneDrive%20-%20Universidad%20Icesi%20(@icesi.edu.co)/Dicretas%201/NuclearThroneAtomic/src/nuclearthroneatomic/target/classes/assets/textures/Avatar/2-Run/3.png
08:45:57.011 [FXGL Background Thread 2 ] DEBUG FXGLAssetLoaderServi - Loading from file system: file:/C:/Users/Usuario/OneDrive%20-%20Universidad%20Icesi%20(@icesi.edu.co)/Dicretas%201/NuclearThroneAtomic/src/nuclearthroneatomic/target/classes/assets/textures/Avatar/2-Run/4.png
08:45:57.015 [FXGL Background Thread 2 ] DEBUG FXGLAssetLoaderServi - Loading from file system: file:/C:/Users/Usuario/OneDrive%20-%20Universidad%20Icesi%20(@icesi.edu.co)/Dicretas%201/NuclearThroneAtomic/src/nuclearthroneatomic/target/classes/assets/textures/Avatar/2-Run/5.png
08:45:57.018 [FXGL Background Thread 2 ] DEBUG FXGLAssetLoaderServi - Loading from file system: file:/C:/Users/Usuario/OneDrive%20-%20Universidad%20Icesi%20(@icesi.edu.co)/Dicretas%201/NuclearThroneAtomic/src/nuclearthroneatomic/target/classes/assets/textures/Avatar/2-Run/6.png
08:45:57.028 [FXGL Background Thread 2 ] DEBUG FXGLAssetLoaderServi - Loading from file system: file:/C:/Users/Usuario/OneDrive%20-%20Universidad%20Icesi%20(@icesi.edu.co)/Dicretas%201/NuclearThroneAtomic/src/nuclearthroneatomic/target/classes/assets/textures/Munition/1.png
08:45:57.079 [FXGL Background Thread 2 ] DEBUG FXGLAssetLoaderServi - Loading from file system: file:/C:/Users/Usuario/OneDrive%20-%20Universidad%20Icesi%20(@icesi.edu.co)/Dicretas%201/NuclearThroneAtomic/src/nuclearthroneatomic/target/classes/assets/textures/hud/lifeplayer.png
08:45:57.087 [FXGL Background Thread 2 ] DEBUG FXGLAssetLoaderServi - Loading from file system: file:/C:/Users/Usuario/OneDrive%20-%20Universidad%20Icesi%20(@icesi.edu.co)/Dicretas%201/NuclearThroneAtomic/src/nuclearthroneatomic/target/classes/assets/textures/hud/medkit.png
08:45:57.092 [FXGL Background Thread 2 ] DEBUG FXGLAssetLoaderServi - Loading from file system: file:/C:/Users/Usuario/OneDrive%20-%20Universidad%20Icesi%20(@icesi.edu.co)/Dicretas%201/NuclearThroneAtomic/src/nuclearthroneatomic/target/classes/assets/textures/hud/trebol.png
08:45:57.098 [FXGL Background Thread 2 ] DEBUG FXGLAssetLoaderServi - Loading from file system: file:/C:/Users/Usuario/OneDrive%20-%20Universidad%20Icesi%20(@icesi.edu.co)/Dicretas%201/NuclearThroneAtomic/src/nuclearthroneatomic/target/classes/assets/textures/Guns/1.png
08:45:57.114 [FXGL Background Thread 2 ] DEBUG FXGLAssetLoaderServi - Loading from file system: file:/C:/Users/Usuario/OneDrive%20-%20Universidad%20Icesi%20(@icesi.edu.co)/Dicretas%201/NuclearThroneAtomic/src/nuclearthroneatomic/target/classes/assets/textures/enemy/1-Idle/1.png
08:45:57.116 [FXGL Background Thread 2 ] DEBUG FXGLAssetLoaderServi - Loading from file system: file:/C:/Users/Usuario/OneDrive%20-%20Universidad%20Icesi%20(@icesi.edu.co)/Dicretas%201/NuclearThroneAtomic/src/nuclearthroneatomic/target/classes/assets/textures/enemy/1-Idle/2.png
08:45:57.118 [FXGL Background Thread 2 ] DEBUG FXGLAssetLoaderServi - Loading from file system: file:/C:/Users/Usuario/OneDrive%20-%20Universidad%20Icesi%20(@icesi.edu.co)/Dicretas%201/NuclearThroneAtomic/src/nuclearthroneatomic/target/classes/assets/textures/enemy/1-Idle/3.png
08:45:57.120 [FXGL Background Thread 2 ] DEBUG FXGLAssetLoaderServi - Loading from file system: file:/C:/Users/Usuario/OneDrive%20-%20Universidad%20Icesi%20(@icesi.edu.co)/Dicretas%201/NuclearThroneAtomic/src/nuclearthroneatomic/target/classes/assets/textures/enemy/1-Idle/4.png
08:45:57.130 [FXGL Background Thread 2 ] DEBUG FXGLAssetLoaderServi - Loading from file system: file:/C:/Users/Usuario/OneDrive%20-%20Universidad%20Icesi%20(@icesi.edu.co)/Dicretas%201/NuclearThroneAtomic/src/nuclearthroneatomic/target/classes/assets/textures/enemy/2-Run/1.png
08:45:57.131 [FXGL Background Thread 2 ] DEBUG FXGLAssetLoaderServi - Loading from file system: file:/C:/Users/Usuario/OneDrive%20-%20Universidad%20Icesi%20(@icesi.edu.co)/Dicretas%201/NuclearThroneAtomic/src/nuclearthroneatomic/target/classes/assets/textures/enemy/2-Run/2.png
08:45:57.133 [FXGL Background Thread 2 ] DEBUG FXGLAssetLoaderServi - Loading from file system: file:/C:/Users/Usuario/OneDrive%20-%20Universidad%20Icesi%20(@icesi.edu.co)/Dicretas%201/NuclearThroneAtomic/src/nuclearthroneatomic/target/classes/assets/textures/enemy/2-Run/3.png
08:45:57.134 [FXGL Background Thread 2 ] DEBUG FXGLAssetLoaderServi - Loading from file system: file:/C:/Users/Usuario/OneDrive%20-%20Universidad%20Icesi%20(@icesi.edu.co)/Dicretas%201/NuclearThroneAtomic/src/nuclearthroneatomic/target/classes/assets/textures/enemy/2-Run/4.png
08:45:57.136 [FXGL Background Thread 2 ] DEBUG FXGLAssetLoaderServi - Loading from file system: file:/C:/Users/Usuario/OneDrive%20-%20Universidad%20Icesi%20(@icesi.edu.co)/Dicretas%201/NuclearThroneAtomic/src/nuclearthroneatomic/target/classes/assets/textures/enemy/2-Run/5.png
08:45:57.137 [FXGL Background Thread 2 ] DEBUG FXGLAssetLoaderServi - Loading from file system: file:/C:/Users/Usuario/OneDrive%20-%20Universidad%20Icesi%20(@icesi.edu.co)/Dicretas%201/NuclearThroneAtomic/src/nuclearthroneatomic/target/classes/assets/textures/enemy/2-Run/6.png
08:45:57.167 [FXGL Background Thread 2 ] DEBUG FXGLAssetLoaderServi - Loading from file system: file:/C:/Users/Usuario/OneDrive%20-%20Universidad%20Icesi%20(@icesi.edu.co)/Dicretas%201/NuclearThroneAtomic/src/nuclearthroneatomic/target/classes/assets/textures/mouse/mousecomplete.png
08:45:57.171 [FXGL Background Thread 2 ] DEBUG FXGLAssetLoaderServi - Loading from file system: file:/C:/Users/Usuario/OneDrive%20-%20Universidad%20Icesi%20(@icesi.edu.co)/Dicretas%201/NuclearThroneAtomic/src/nuclearthroneatomic/target/classes/assets/textures/Wall/1.png
08:45:57.392 [FXGL Background Thread 2 ] INFO  FXGLApplication      - Game initialization took: 0,443 sec
08:45:57.393 [JavaFX Application Thread] DEBUG Input                - Clearing active input actions
08:45:57.406 [JavaFX Application Thread] DEBUG GameApplicationServi - Removing overlay from FXGLLoadingScene and adding to GameScene
08:45:57.407 [JavaFX Application Thread] DEBUG PrimaryStageWindow   - FXGLLoadingScene -> GameScene
08:45:58.268 [FXGL Background Thread 3 ] DEBUG Engine               - Logging environment variables
08:45:58.269 [FXGL Background Thread 3 ] DEBUG Engine               - achievements: []
08:45:58.269 [FXGL Background Thread 3 ] DEBUG Engine               - actualHeight: 600.0
08:45:58.269 [FXGL Background Thread 3 ] DEBUG Engine               - actualHeightProperty: ReadOnlyDoubleProperty [value: 600.0]
08:45:58.269 [FXGL Background Thread 3 ] DEBUG Engine               - actualWidth: 800.0
08:45:58.270 [FXGL Background Thread 3 ] DEBUG Engine               - actualWidthProperty: ReadOnlyDoubleProperty [value: 800.0]
08:45:58.270 [FXGL Background Thread 3 ] DEBUG Engine               - appIcon: fxgl_icon.png
08:45:58.270 [FXGL Background Thread 3 ] DEBUG Engine               - applicationMode: DEVELOPER
08:45:58.270 [FXGL Background Thread 3 ] DEBUG Engine               - cSSList: [fxgl_dark.css]
08:45:58.270 [FXGL Background Thread 3 ] DEBUG Engine               - collisionDetectionStrategy: BRUTE_FORCE
08:45:58.270 [FXGL Background Thread 3 ] DEBUG Engine               - configClass: Optional.empty
08:45:58.270 [FXGL Background Thread 3 ] DEBUG Engine               - credits: [Designer . . . . . . . Johan Daniel Aguirre, Program Team . . . . . . Juan Sebastián Libreros,                           Juan Jose Barrera,                           Johan Daniel Aguirre, El mas lindo . . . . . . Juan Sebastián Libreros, Master Thief . . . . . . Johan Daniel Aguirre]
08:45:58.270 [FXGL Background Thread 3 ] DEBUG Engine               - defaultCursor: CursorInfo(imageName=fxgl_default_cursor.png, hotspotX=7.0, hotspotY=6.0)
08:45:58.271 [FXGL Background Thread 3 ] DEBUG Engine               - devBBoxColorProperty: ObjectProperty [value: 0xff0000ff]
08:45:58.271 [FXGL Background Thread 3 ] DEBUG Engine               - devEnableDebugCameraProperty: BooleanProperty [value: false]
08:45:58.271 [FXGL Background Thread 3 ] DEBUG Engine               - devSensorColorProperty: ObjectProperty [value: 0xffff00ff]
08:45:58.271 [FXGL Background Thread 3 ] DEBUG Engine               - devShowBBoxProperty: BooleanProperty [value: false]
08:45:58.271 [FXGL Background Thread 3 ] DEBUG Engine               - devShowPositionProperty: BooleanProperty [value: false]
08:45:58.271 [FXGL Background Thread 3 ] DEBUG Engine               - enabledMenuItems: [EXTRA]
08:45:58.271 [FXGL Background Thread 3 ] DEBUG Engine               - engineServices: [class com.almasb.fxgl.app.services.FXGLAssetLoaderService, class com.almasb.fxgl.app.FXGLApplication$GameApplicationService, class com.almasb.fxgl.app.services.FXGLDialogService, class com.almasb.fxgl.app.services.IOTaskExecutorService, class com.almasb.fxgl.io.FileSystemService, class com.almasb.fxgl.localization.LocalizationService, class com.almasb.fxgl.app.services.SystemBundleService, class com.almasb.fxgl.profile.SaveLoadService, class com.almasb.fxgl.ui.FXGLUIFactoryServiceProvider, class com.almasb.fxgl.ui.FXGLDialogFactoryServiceProvider, class com.almasb.fxgl.audio.AudioPlayer, class com.almasb.fxgl.notification.impl.NotificationServiceProvider, class com.almasb.fxgl.achievement.AchievementService, class com.almasb.fxgl.cutscene.CutsceneService, class com.almasb.fxgl.minigames.MiniGameService, class com.almasb.fxgl.net.NetService, class com.almasb.fxgl.app.services.UpdaterService, class com.almasb.fxgl.dev.DevService]
08:45:58.271 [FXGL Background Thread 3 ] DEBUG Engine               - fontGame: Abel-Regular.ttf
08:45:58.271 [FXGL Background Thread 3 ] DEBUG Engine               - fontMono: TerminalLandMono-Regular.otf
08:45:58.271 [FXGL Background Thread 3 ] DEBUG Engine               - fontText: Courier-Prime.ttf
08:45:58.271 [FXGL Background Thread 3 ] DEBUG Engine               - fontUI: VarelaRound-Regular.ttf
08:45:58.271 [FXGL Background Thread 3 ] DEBUG Engine               - fullScreen: BooleanProperty [value: false]
08:45:58.271 [FXGL Background Thread 3 ] DEBUG Engine               - gameDifficulty: MEDIUM
08:45:58.271 [FXGL Background Thread 3 ] DEBUG Engine               - gameDifficultyProperty: ObjectProperty [value: MEDIUM]
08:45:58.272 [FXGL Background Thread 3 ] DEBUG Engine               - globalMusicVolume: 0.5
08:45:58.272 [FXGL Background Thread 3 ] DEBUG Engine               - globalMusicVolumeProperty: DoubleProperty [value: 1.0]
08:45:58.272 [FXGL Background Thread 3 ] DEBUG Engine               - globalSoundVolume: 0.5
08:45:58.272 [FXGL Background Thread 3 ] DEBUG Engine               - globalSoundVolumeProperty: DoubleProperty [value: 0.1]
08:45:58.272 [FXGL Background Thread 3 ] DEBUG Engine               - height: 600
08:45:58.272 [FXGL Background Thread 3 ] DEBUG Engine               - is3D: false
08:45:58.272 [FXGL Background Thread 3 ] DEBUG Engine               - isAndroid: false
08:45:58.272 [FXGL Background Thread 3 ] DEBUG Engine               - isBrowser: false
08:45:58.272 [FXGL Background Thread 3 ] DEBUG Engine               - isClickFeedbackEnabled: false
08:45:58.272 [FXGL Background Thread 3 ] DEBUG Engine               - isCloseConfirmation: false
08:45:58.272 [FXGL Background Thread 3 ] DEBUG Engine               - isDesktop: true
08:45:58.272 [FXGL Background Thread 3 ] DEBUG Engine               - isDeveloperMenuEnabled: false
08:45:58.272 [FXGL Background Thread 3 ] DEBUG Engine               - isEmbedded: false
08:45:58.272 [FXGL Background Thread 3 ] DEBUG Engine               - isEntityPreloadEnabled: true
08:45:58.272 [FXGL Background Thread 3 ] DEBUG Engine               - isExperimentalTiledLargeMap: false
08:45:58.272 [FXGL Background Thread 3 ] DEBUG Engine               - isFileSystemWriteAllowed: true
08:45:58.273 [FXGL Background Thread 3 ] DEBUG Engine               - isFullScreenAllowed: true
08:45:58.273 [FXGL Background Thread 3 ] DEBUG Engine               - isFullScreenFromStart: false
08:45:58.273 [FXGL Background Thread 3 ] DEBUG Engine               - isGameMenuEnabled: true
08:45:58.273 [FXGL Background Thread 3 ] DEBUG Engine               - isIOS: false
08:45:58.273 [FXGL Background Thread 3 ] DEBUG Engine               - isIntroEnabled: false
08:45:58.273 [FXGL Background Thread 3 ] DEBUG Engine               - isLinux: false
08:45:58.273 [FXGL Background Thread 3 ] DEBUG Engine               - isMac: false
08:45:58.273 [FXGL Background Thread 3 ] DEBUG Engine               - isMainMenuEnabled: true
08:45:58.273 [FXGL Background Thread 3 ] DEBUG Engine               - isManualResizeEnabled: false
08:45:58.273 [FXGL Background Thread 3 ] DEBUG Engine               - isMobile: false
08:45:58.273 [FXGL Background Thread 3 ] DEBUG Engine               - isNative: false
08:45:58.273 [FXGL Background Thread 3 ] DEBUG Engine               - isPauseMusicWhenMinimized: true
08:45:58.274 [FXGL Background Thread 3 ] DEBUG Engine               - isPreserveResizeRatio: false
08:45:58.274 [FXGL Background Thread 3 ] DEBUG Engine               - isProfilingEnabled: false
08:45:58.274 [FXGL Background Thread 3 ] DEBUG Engine               - isScaleAffectedOnResize: true
08:45:58.274 [FXGL Background Thread 3 ] DEBUG Engine               - isSingleStep: false
08:45:58.274 [FXGL Background Thread 3 ] DEBUG Engine               - isUserProfileEnabled: false
08:45:58.274 [FXGL Background Thread 3 ] DEBUG Engine               - isWindows: true
08:45:58.274 [FXGL Background Thread 3 ] DEBUG Engine               - language: ObjectProperty [value: ENGLISH]
08:45:58.274 [FXGL Background Thread 3 ] DEBUG Engine               - menuKey: ESCAPE
08:45:58.274 [FXGL Background Thread 3 ] DEBUG Engine               - mouseSensitivity: 0.2
08:45:58.274 [FXGL Background Thread 3 ] DEBUG Engine               - notificationViewClass: class com.almasb.fxgl.notification.view.XboxNotificationView
08:45:58.274 [FXGL Background Thread 3 ] DEBUG Engine               - pixelsPerMeter: 50.0
08:45:58.274 [FXGL Background Thread 3 ] DEBUG Engine               - platform: WINDOWS
08:45:58.274 [FXGL Background Thread 3 ] DEBUG Engine               - prefHeightProperty: ReadOnlyDoubleProperty [value: 600.0]
08:45:58.275 [FXGL Background Thread 3 ] DEBUG Engine               - prefWidthProperty: ReadOnlyDoubleProperty [value: 800.0]
08:45:58.275 [FXGL Background Thread 3 ] DEBUG Engine               - profileDir: profiles/
08:45:58.275 [FXGL Background Thread 3 ] DEBUG Engine               - profileName: StringProperty [value: DEFAULT]
08:45:58.275 [FXGL Background Thread 3 ] DEBUG Engine               - randomSeed: -1
08:45:58.275 [FXGL Background Thread 3 ] DEBUG Engine               - runtimeInfo: RuntimeInfo(platform=WINDOWS, version=17.2, build=20.08.2022 16.50)
08:45:58.276 [FXGL Background Thread 3 ] DEBUG Engine               - saveFileExt: sav
08:45:58.276 [FXGL Background Thread 3 ] DEBUG Engine               - scaledHeightProp$fxgl: DoubleProperty [bound, value: 600.0]
08:45:58.276 [FXGL Background Thread 3 ] DEBUG Engine               - scaledWidthProp$fxgl: DoubleProperty [bound, value: 800.0]
08:45:58.276 [FXGL Background Thread 3 ] DEBUG Engine               - sceneFactory: com.almasb.fxgl.app.scene.SceneFactory@70581da9
08:45:58.276 [FXGL Background Thread 3 ] DEBUG Engine               - secondsIn24h: 60
08:45:58.276 [FXGL Background Thread 3 ] DEBUG Engine               - soundMenuBack: menu/back.wav
08:45:58.276 [FXGL Background Thread 3 ] DEBUG Engine               - soundMenuPress: menu/press.wav
08:45:58.276 [FXGL Background Thread 3 ] DEBUG Engine               - soundMenuSelect: menu/select.wav
08:45:58.276 [FXGL Background Thread 3 ] DEBUG Engine               - soundNotification: core/notification.wav
08:45:58.276 [FXGL Background Thread 3 ] DEBUG Engine               - stageStyle: DECORATED
08:45:58.276 [FXGL Background Thread 3 ] DEBUG Engine               - supportedLanguages: [ENGLISH, FRENCH, GERMAN, HUNGARIAN, RUSSIAN]
08:45:58.276 [FXGL Background Thread 3 ] DEBUG Engine               - ticksPerSecond: -1
08:45:58.276 [FXGL Background Thread 3 ] DEBUG Engine               - title: Nuclear Throne Atomic
08:45:58.276 [FXGL Background Thread 3 ] DEBUG Engine               - urlGithub: https://github.com/AlmasB/FXGL
08:45:58.276 [FXGL Background Thread 3 ] DEBUG Engine               - urlLeaderboard: http://fxgl-top.herokuapp.com/
08:45:58.276 [FXGL Background Thread 3 ] DEBUG Engine               - urlPOM: https://raw.githubusercontent.com/AlmasB/FXGL/release/README.md
08:45:58.277 [FXGL Background Thread 3 ] DEBUG Engine               - userAppClass: class com.example.nuclearthroneatomic.Controller
08:45:58.277 [FXGL Background Thread 3 ] DEBUG Engine               - version: 0.0
08:45:58.277 [FXGL Background Thread 3 ] DEBUG Engine               - versionCheckDays: 7
08:45:58.277 [FXGL Background Thread 3 ] DEBUG Engine               - width: 800
08:45:58.277 [FXGL Background Thread 3 ] DEBUG Engine               - Logging services
08:45:58.277 [FXGL Background Thread 3 ] DEBUG Engine               - class com.almasb.fxgl.app.services.FXGLAssetLoaderService
08:45:58.277 [FXGL Background Thread 3 ] DEBUG Engine               - class com.almasb.fxgl.app.FXGLApplication$GameApplicationService
08:45:58.277 [FXGL Background Thread 3 ] DEBUG Engine               - class com.almasb.fxgl.app.services.FXGLDialogService
08:45:58.277 [FXGL Background Thread 3 ] DEBUG Engine               - class com.almasb.fxgl.app.services.IOTaskExecutorService
08:45:58.277 [FXGL Background Thread 3 ] DEBUG Engine               - class com.almasb.fxgl.io.FileSystemService
08:45:58.277 [FXGL Background Thread 3 ] DEBUG Engine               - class com.almasb.fxgl.localization.LocalizationService
08:45:58.277 [FXGL Background Thread 3 ] DEBUG Engine               - class com.almasb.fxgl.app.services.SystemBundleService
08:45:58.277 [FXGL Background Thread 3 ] DEBUG Engine               - class com.almasb.fxgl.profile.SaveLoadService
08:45:58.277 [FXGL Background Thread 3 ] DEBUG Engine               - class com.almasb.fxgl.ui.FXGLUIFactoryServiceProvider
08:45:58.277 [FXGL Background Thread 3 ] DEBUG Engine               - class com.almasb.fxgl.ui.FXGLDialogFactoryServiceProvider
08:45:58.277 [FXGL Background Thread 3 ] DEBUG Engine               - class com.almasb.fxgl.audio.AudioPlayer
08:45:58.277 [FXGL Background Thread 3 ] DEBUG Engine               - class com.almasb.fxgl.notification.impl.NotificationServiceProvider
08:45:58.277 [FXGL Background Thread 3 ] DEBUG Engine               - class com.almasb.fxgl.achievement.AchievementService
08:45:58.277 [FXGL Background Thread 3 ] DEBUG Engine               - class com.almasb.fxgl.cutscene.CutsceneService
08:45:58.277 [FXGL Background Thread 3 ] DEBUG Engine               - class com.almasb.fxgl.minigames.MiniGameService
08:45:58.277 [FXGL Background Thread 3 ] DEBUG Engine               - class com.almasb.fxgl.net.NetService
08:45:58.277 [FXGL Background Thread 3 ] DEBUG Engine               - class com.almasb.fxgl.app.services.UpdaterService
08:45:58.278 [FXGL Background Thread 3 ] DEBUG Engine               - class com.almasb.fxgl.dev.DevService
08:46:00.764 [JavaFX Application Thread] DEBUG FXGLAssetLoaderServi - Loading from file system: file:/C:/Users/Usuario/OneDrive%20-%20Universidad%20Icesi%20(@icesi.edu.co)/Dicretas%201/NuclearThroneAtomic/src/nuclearthroneatomic/target/classes/assets/textures/Bullet/1.png
08:46:04.929 [JavaFX Application Thread] DEBUG PrimaryStageWindow   - Push state: DialogSubScene
08:46:04.929 [JavaFX Application Thread] DEBUG Input                - Clearing active input actions
08:46:04.930 [JavaFX Application Thread] DEBUG GameApplicationServi - Removing overlay from GameScene and adding to DialogSubScene
08:46:04.930 [JavaFX Application Thread] DEBUG PrimaryStageWindow   - GameScene -> DialogSubScene
08:46:06.159 [JavaFX Application Thread] DEBUG PrimaryStageWindow   - Pop state: DialogSubScene
08:46:06.159 [JavaFX Application Thread] DEBUG Input                - Clearing active input actions
08:46:06.160 [JavaFX Application Thread] DEBUG GameApplicationServi - Removing overlay from DialogSubScene and adding to GameScene
08:46:06.160 [JavaFX Application Thread] DEBUG PrimaryStageWindow   - GameScene <- DialogSubScene
08:46:06.160 [JavaFX Application Thread] DEBUG FXGLApplication      - Exiting FXGL
08:46:06.161 [JavaFX Application Thread] DEBUG LoopRunner           - Stopping loop
08:46:06.161 [JavaFX Application Thread] DEBUG SystemBundleService  - Saving FXGL system data
08:46:06.163 [JavaFX Application Thread] DEBUG FileSystemAccess     - Writing to: C:\Users\Usuario\OneDrive - Universidad Icesi (@icesi.edu.co)\Dicretas 1\NuclearThroneAtomic\src\nuclearthroneatomic\system\fxgl.bundle
08:46:06.168 [JavaFX Application Thread] DEBUG Async                - Shutting down background threads
08:46:06.169 [JavaFX Application Thread] DEBUG PrimaryStageWindow   - Closing main window
08:46:06.187 [JavaFX Application Thread] DEBUG Logger               - Closing Logger
