18:47:35.135 [main                     ] DEBUG Logger               - Configured Logger
18:47:35.204 [main                     ] DEBUG GameApplication      - Logging settings
Title: Nuclear Throne Atomic
Version: 0.0
Width: 800
Height: 600
Fullscreen: true
Intro: true
Profiling: false
Single step:false
App Mode: DEVELOPER
Menu Key: ESCAPE
Stage Style: DECORATED
Scene Factory: class com.almasb.fxgl.app.scene.SceneFactory

18:47:36.111 [JavaFX Application Thread] DEBUG FXGLApplication      - Initializing FXGL
18:47:36.120 [JavaFX Application Thread] INFO  Engine               - FXGL-17.2 (20.08.2022 16.50) on WINDOWS (J:20.0.1 FX:18.0.2)
18:47:36.121 [JavaFX Application Thread] DEBUG Engine               - JRE Vendor Name: Oracle Corporation
18:47:36.122 [JavaFX Application Thread] DEBUG Engine               - Running on OS: Windows 10 version 10.0
18:47:36.122 [JavaFX Application Thread] DEBUG Engine               - Architecture: amd64
18:47:36.122 [JavaFX Application Thread] INFO  Engine               - Source code and latest versions at: https://github.com/AlmasB/FXGL
18:47:36.122 [JavaFX Application Thread] INFO  Engine               -       Ask questions and discuss at: https://github.com/AlmasB/FXGL/discussions
18:47:36.123 [JavaFX Application Thread] INFO  Engine               -              Join the FXGL chat at: https://gitter.im/AlmasB/FXGL
18:47:36.264 [JavaFX Application Thread] DEBUG PrimaryStageWindow   - Creating a JavaFX scene
18:47:36.317 [JavaFX Application Thread] DEBUG PrimaryStageWindow   - Target settings size: 800.0 x 600.0
18:47:36.318 [JavaFX Application Thread] DEBUG PrimaryStageWindow   - Scaled scene size:    800.0 x 600.0
18:47:36.318 [JavaFX Application Thread] DEBUG PrimaryStageWindow   - Scaled ratio: (1.0, 1.0)
18:47:36.320 [JavaFX Application Thread] DEBUG PrimaryStageWindow   - Set initial scene to FXGLStartupScene
18:47:36.332 [JavaFX Application Thread] DEBUG PrimaryStageWindow   - Opening main window
18:47:36.466 [JavaFX Application Thread] DEBUG PrimaryStageWindow   - Window border size: (16.0, 39.0)
18:47:36.466 [JavaFX Application Thread] DEBUG PrimaryStageWindow   - Scaled size: 800.0 x 600.0
18:47:36.467 [JavaFX Application Thread] DEBUG PrimaryStageWindow   - Scaled ratio: (1.0, 1.0)
18:47:36.467 [JavaFX Application Thread] DEBUG PrimaryStageWindow   - Scene size: 800.0 x 600.0
18:47:36.468 [JavaFX Application Thread] DEBUG PrimaryStageWindow   - Stage size: 816.0 x 639.0
18:47:36.481 [FXGL Background Thread 1 ] DEBUG Engine               - Initializing environment variables
18:47:36.568 [FXGL Background Thread 1 ] DEBUG FXGLAssetLoaderServi - User app class for loading assets: class com.example.nuclearthroneatomic.Controller
18:47:36.568 [FXGL Background Thread 1 ] DEBUG GameApplicationServi - Applying CSS: fxgl_dark.css
18:47:36.570 [FXGL Background Thread 1 ] DEBUG FXGLAssetLoaderServi - Loading from file system: jar:file:///C:/Users/Usuario/.m2/repository/com/github/almasb/fxgl/17.2/fxgl-17.2.jar!/fxglassets/ui/css/fxgl_dark.css
18:47:36.639 [FXGL Background Thread 1 ] DEBUG GameApplicationServi - Initializing application scenes
18:47:36.701 [FXGL Background Thread 1 ] DEBUG GameWorld            - Game world initialized
18:47:36.818 [FXGL Background Thread 1 ] DEBUG PhysicsWorld         - Physics world initialized: appHeight=600, physics.ppm=50,0
18:47:36.819 [FXGL Background Thread 1 ] DEBUG PhysicsWorld         - Using strategy: BRUTE_FORCE
18:47:36.828 [FXGL Background Thread 1 ] DEBUG GameScene            - Game scene initialized: 800x600
18:47:36.833 [FXGL Background Thread 1 ] DEBUG FXGLAssetLoaderServi - Loading from file system: jar:file:///C:/Users/Usuario/.m2/repository/com/github/almasb/fxgl/17.2/fxgl-17.2.jar!/fxglassets/textures/intro/fxgl_logo.png
18:47:36.877 [FXGL Background Thread 1 ] DEBUG FXGLAssetLoaderServi - Loading from file system: jar:file:///C:/Users/Usuario/.m2/repository/com/github/almasb/fxgl/17.2/fxgl-17.2.jar!/fxglassets/textures/intro/javafx_logo.png
18:47:37.098 [FXGL Background Thread 1 ] DEBUG FXGL.DefaultMenu     - createMenuBodyMainMenu()
18:47:37.134 [FXGL Background Thread 1 ] DEBUG FXGL.DefaultMenu     - createOptionsMenu()
18:47:37.167 [FXGL Background Thread 1 ] DEBUG FXGLAssetLoaderServi - Loading from file system: jar:file:///C:/Users/Usuario/.m2/repository/com/github/almasb/fxgl/17.2/fxgl-17.2.jar!/fxglassets/textures/particles/smoke.png
18:47:37.297 [FXGL Background Thread 1 ] DEBUG FXGLAssetLoaderServi - Loading from file system: jar:file:///C:/Users/Usuario/.m2/repository/com/github/almasb/fxgl/17.2/fxgl-17.2.jar!/fxglassets/textures/particles/trace_horizontal.png
18:47:37.343 [FXGL Background Thread 1 ] DEBUG FXGL.DefaultMenu     - createMenuBodyGameMenu()
18:47:37.348 [FXGL Background Thread 1 ] DEBUG FXGL.DefaultMenu     - createOptionsMenu()
18:47:37.392 [FXGL Background Thread 1 ] DEBUG GameApplicationServi - Application scenes initialized
18:47:37.427 [FXGL Background Thread 1 ] DEBUG SystemBundleService  - Loading FXGL system data
18:47:37.438 [FXGL Background Thread 1 ] DEBUG FileSystemAccess     - Reading from: C:\Users\Usuario\OneDrive - Universidad Icesi (@icesi.edu.co)\APO2\Tareas integradoras\NuclearThroneAtomic\src\nuclearthroneatomic\system\fxgl.bundle
18:47:37.460 [FXGL Background Thread 1 ] DEBUG SystemBundleService  - Bundle FXGL: {}
18:47:37.461 [FXGL Background Thread 1 ] DEBUG UpdaterService       - Checking for updates
18:47:37.476 [FXGL Background Thread 1 ] DEBUG FXGLApplication      - Loading default localization
18:47:37.478 [FXGL Background Thread 4 ] DEBUG FXGLApplication      - Loading fonts
18:47:37.479 [FXGL Background Thread 1 ] DEBUG FXGLAssetLoaderServi - Loading from file system: jar:file:///C:/Users/Usuario/.m2/repository/com/github/almasb/fxgl/17.2/fxgl-17.2.jar!/fxglassets/languages/english.lang
18:47:37.480 [FXGL Background Thread 4 ] DEBUG FXGLAssetLoaderServi - Loading from file system: jar:file:///C:/Users/Usuario/.m2/repository/com/github/almasb/fxgl/17.2/fxgl-17.2.jar!/fxglassets/ui/fonts/VarelaRound-Regular.ttf
18:47:37.518 [FXGL Background Thread 1 ] INFO  FXGLApplication      - FXGL initialization took: 1,036 sec
18:47:37.536 [JavaFX Application Thread] DEBUG Input                - Registered new binding: lucky - Q
18:47:37.537 [JavaFX Application Thread] DEBUG Input                - Registered new binding: health - F
18:47:37.537 [JavaFX Application Thread] DEBUG Input                - Registered new binding: Right - D
18:47:37.538 [JavaFX Application Thread] DEBUG Input                - Registered new binding: Left - A
18:47:37.538 [JavaFX Application Thread] DEBUG Input                - Registered new binding: Up - W
18:47:37.538 [JavaFX Application Thread] DEBUG Input                - Registered new binding: Down - S
18:47:37.541 [JavaFX Application Thread] DEBUG Input                - Registered new binding: Reload - RMB
18:47:37.541 [JavaFX Application Thread] DEBUG Input                - Registered new binding: Shoot - LMB
18:47:37.542 [JavaFX Application Thread] DEBUG FXGLAssetLoaderServi - Loading from file system: jar:file:///C:/Users/Usuario/.m2/repository/com/github/almasb/fxgl/17.2/fxgl-17.2.jar!/fxglassets/textures/fxgl_icon.png
18:47:37.569 [JavaFX Application Thread] DEBUG FXGLAssetLoaderServi - Loading from file system: jar:file:///C:/Users/Usuario/.m2/repository/com/github/almasb/fxgl/17.2/fxgl-17.2.jar!/fxglassets/textures/fxgl_default_cursor.png
18:47:37.574 [JavaFX Application Thread] DEBUG Input                - Registered new binding: Screenshot - CTRL+8
18:47:37.575 [JavaFX Application Thread] DEBUG Input                - Registered new binding: System info dump - CTRL+9
18:47:37.576 [JavaFX Application Thread] DEBUG Input                - Registered new binding: Restart - CTRL+R
18:47:37.578 [JavaFX Application Thread] DEBUG Input                - Registered new binding: Toggle Debug Camera - CTRL+7
18:47:37.584 [JavaFX Application Thread] DEBUG LoopRunner           - Starting loop
18:47:37.584 [JavaFX Application Thread] DEBUG LoopRunner           - Initializing JavaFX AnimationTimerLoop
18:47:37.667 [JavaFX Application Thread] DEBUG Input                - Clearing active input actions
18:47:37.683 [JavaFX Application Thread] DEBUG GameApplicationServi - Removing overlay from FXGLStartupScene and adding to FXGLIntroScene
18:47:37.684 [JavaFX Application Thread] DEBUG PrimaryStageWindow   - FXGLStartupScene -> FXGLIntroScene
18:47:37.860 [FXGL Background Thread 4 ] DEBUG FXGLAssetLoaderServi - Loading from file system: jar:file:///C:/Users/Usuario/.m2/repository/com/github/almasb/fxgl/17.2/fxgl-17.2.jar!/fxglassets/ui/fonts/Abel-Regular.ttf
18:47:37.868 [FXGL Background Thread 4 ] DEBUG FXGLAssetLoaderServi - Loading from file system: jar:file:///C:/Users/Usuario/.m2/repository/com/github/almasb/fxgl/17.2/fxgl-17.2.jar!/fxglassets/ui/fonts/TerminalLandMono-Regular.otf
18:47:37.875 [FXGL Background Thread 4 ] DEBUG FXGLAssetLoaderServi - Loading from file system: jar:file:///C:/Users/Usuario/.m2/repository/com/github/almasb/fxgl/17.2/fxgl-17.2.jar!/fxglassets/ui/fonts/Courier-Prime.ttf
18:47:37.897 [JavaFX Application Thread] DEBUG FXGLApplication      - Registering font factories with UI factory
18:47:38.336 [FXGL Background Thread 2 ] INFO  UpdaterService       - Your current version:  17.2
18:47:38.337 [FXGL Background Thread 2 ] INFO  UpdaterService       - Latest stable version: 17.3
18:47:40.473 [FXGL Background Thread 3 ] DEBUG Engine               - Logging environment variables
18:47:40.473 [FXGL Background Thread 3 ] DEBUG Engine               - achievements: []
18:47:40.474 [FXGL Background Thread 3 ] DEBUG Engine               - actualHeight: 600.0
18:47:40.474 [FXGL Background Thread 3 ] DEBUG Engine               - actualHeightProperty: ReadOnlyDoubleProperty [value: 600.0]
18:47:40.474 [FXGL Background Thread 3 ] DEBUG Engine               - actualWidth: 800.0
18:47:40.474 [FXGL Background Thread 3 ] DEBUG Engine               - actualWidthProperty: ReadOnlyDoubleProperty [value: 800.0]
18:47:40.474 [FXGL Background Thread 3 ] DEBUG Engine               - appIcon: fxgl_icon.png
18:47:40.474 [FXGL Background Thread 3 ] DEBUG Engine               - applicationMode: DEVELOPER
18:47:40.474 [FXGL Background Thread 3 ] DEBUG Engine               - cSSList: [fxgl_dark.css]
18:47:40.474 [FXGL Background Thread 3 ] DEBUG Engine               - collisionDetectionStrategy: BRUTE_FORCE
18:47:40.474 [FXGL Background Thread 3 ] DEBUG Engine               - configClass: Optional.empty
18:47:40.474 [FXGL Background Thread 3 ] DEBUG Engine               - credits: []
18:47:40.475 [FXGL Background Thread 3 ] DEBUG Engine               - defaultCursor: CursorInfo(imageName=fxgl_default_cursor.png, hotspotX=7.0, hotspotY=6.0)
18:47:40.475 [FXGL Background Thread 3 ] DEBUG Engine               - devBBoxColorProperty: ObjectProperty [value: 0xff0000ff]
18:47:40.475 [FXGL Background Thread 3 ] DEBUG Engine               - devEnableDebugCameraProperty: BooleanProperty [value: false]
18:47:40.475 [FXGL Background Thread 3 ] DEBUG Engine               - devSensorColorProperty: ObjectProperty [value: 0xffff00ff]
18:47:40.475 [FXGL Background Thread 3 ] DEBUG Engine               - devShowBBoxProperty: BooleanProperty [value: false]
18:47:40.475 [FXGL Background Thread 3 ] DEBUG Engine               - devShowPositionProperty: BooleanProperty [value: false]
18:47:40.475 [FXGL Background Thread 3 ] DEBUG Engine               - enabledMenuItems: []
18:47:40.475 [FXGL Background Thread 3 ] DEBUG Engine               - engineServices: [class com.almasb.fxgl.app.services.FXGLAssetLoaderService, class com.almasb.fxgl.app.FXGLApplication$GameApplicationService, class com.almasb.fxgl.app.services.FXGLDialogService, class com.almasb.fxgl.app.services.IOTaskExecutorService, class com.almasb.fxgl.io.FileSystemService, class com.almasb.fxgl.localization.LocalizationService, class com.almasb.fxgl.app.services.SystemBundleService, class com.almasb.fxgl.profile.SaveLoadService, class com.almasb.fxgl.ui.FXGLUIFactoryServiceProvider, class com.almasb.fxgl.ui.FXGLDialogFactoryServiceProvider, class com.almasb.fxgl.audio.AudioPlayer, class com.almasb.fxgl.notification.impl.NotificationServiceProvider, class com.almasb.fxgl.achievement.AchievementService, class com.almasb.fxgl.cutscene.CutsceneService, class com.almasb.fxgl.minigames.MiniGameService, class com.almasb.fxgl.net.NetService, class com.almasb.fxgl.app.services.UpdaterService, class com.almasb.fxgl.dev.DevService]
18:47:40.475 [FXGL Background Thread 3 ] DEBUG Engine               - fontGame: Abel-Regular.ttf
18:47:40.475 [FXGL Background Thread 3 ] DEBUG Engine               - fontMono: TerminalLandMono-Regular.otf
18:47:40.476 [FXGL Background Thread 3 ] DEBUG Engine               - fontText: Courier-Prime.ttf
18:47:40.476 [FXGL Background Thread 3 ] DEBUG Engine               - fontUI: VarelaRound-Regular.ttf
18:47:40.476 [FXGL Background Thread 3 ] DEBUG Engine               - fullScreen: BooleanProperty [value: false]
18:47:40.476 [FXGL Background Thread 3 ] DEBUG Engine               - gameDifficulty: MEDIUM
18:47:40.476 [FXGL Background Thread 3 ] DEBUG Engine               - gameDifficultyProperty: ObjectProperty [value: MEDIUM]
18:47:40.476 [FXGL Background Thread 3 ] DEBUG Engine               - globalMusicVolume: 0.5
18:47:40.476 [FXGL Background Thread 3 ] DEBUG Engine               - globalMusicVolumeProperty: DoubleProperty [value: 0.5]
18:47:40.476 [FXGL Background Thread 3 ] DEBUG Engine               - globalSoundVolume: 0.5
18:47:40.476 [FXGL Background Thread 3 ] DEBUG Engine               - globalSoundVolumeProperty: DoubleProperty [value: 0.5]
18:47:40.476 [FXGL Background Thread 3 ] DEBUG Engine               - height: 600
18:47:40.476 [FXGL Background Thread 3 ] DEBUG Engine               - is3D: false
18:47:40.477 [FXGL Background Thread 3 ] DEBUG Engine               - isAndroid: false
18:47:40.477 [FXGL Background Thread 3 ] DEBUG Engine               - isBrowser: false
18:47:40.477 [FXGL Background Thread 3 ] DEBUG Engine               - isClickFeedbackEnabled: false
18:47:40.477 [FXGL Background Thread 3 ] DEBUG Engine               - isCloseConfirmation: false
18:47:40.477 [FXGL Background Thread 3 ] DEBUG Engine               - isDesktop: true
18:47:40.478 [FXGL Background Thread 3 ] DEBUG Engine               - isDeveloperMenuEnabled: false
18:47:40.478 [FXGL Background Thread 3 ] DEBUG Engine               - isEmbedded: false
18:47:40.478 [FXGL Background Thread 3 ] DEBUG Engine               - isEntityPreloadEnabled: true
18:47:40.478 [FXGL Background Thread 3 ] DEBUG Engine               - isExperimentalTiledLargeMap: false
18:47:40.478 [FXGL Background Thread 3 ] DEBUG Engine               - isFileSystemWriteAllowed: true
18:47:40.478 [FXGL Background Thread 3 ] DEBUG Engine               - isFullScreenAllowed: true
18:47:40.478 [FXGL Background Thread 3 ] DEBUG Engine               - isFullScreenFromStart: false
18:47:40.478 [FXGL Background Thread 3 ] DEBUG Engine               - isGameMenuEnabled: true
18:47:40.478 [FXGL Background Thread 3 ] DEBUG Engine               - isIOS: false
18:47:40.478 [FXGL Background Thread 3 ] DEBUG Engine               - isIntroEnabled: true
18:47:40.478 [FXGL Background Thread 3 ] DEBUG Engine               - isLinux: false
18:47:40.478 [FXGL Background Thread 3 ] DEBUG Engine               - isMac: false
18:47:40.478 [FXGL Background Thread 3 ] DEBUG Engine               - isMainMenuEnabled: true
18:47:40.478 [FXGL Background Thread 3 ] DEBUG Engine               - isManualResizeEnabled: false
18:47:40.479 [FXGL Background Thread 3 ] DEBUG Engine               - isMobile: false
18:47:40.479 [FXGL Background Thread 3 ] DEBUG Engine               - isNative: false
18:47:40.479 [FXGL Background Thread 3 ] DEBUG Engine               - isPauseMusicWhenMinimized: true
18:47:40.479 [FXGL Background Thread 3 ] DEBUG Engine               - isPreserveResizeRatio: false
18:47:40.479 [FXGL Background Thread 3 ] DEBUG Engine               - isProfilingEnabled: false
18:47:40.479 [FXGL Background Thread 3 ] DEBUG Engine               - isScaleAffectedOnResize: true
18:47:40.479 [FXGL Background Thread 3 ] DEBUG Engine               - isSingleStep: false
18:47:40.479 [FXGL Background Thread 3 ] DEBUG Engine               - isUserProfileEnabled: false
18:47:40.479 [FXGL Background Thread 3 ] DEBUG Engine               - isWindows: true
18:47:40.479 [FXGL Background Thread 3 ] DEBUG Engine               - language: ObjectProperty [value: ENGLISH]
18:47:40.480 [FXGL Background Thread 3 ] DEBUG Engine               - menuKey: ESCAPE
18:47:40.480 [FXGL Background Thread 3 ] DEBUG Engine               - mouseSensitivity: 0.2
18:47:40.480 [FXGL Background Thread 3 ] DEBUG Engine               - notificationViewClass: class com.almasb.fxgl.notification.view.XboxNotificationView
18:47:40.480 [FXGL Background Thread 3 ] DEBUG Engine               - pixelsPerMeter: 50.0
18:47:40.480 [FXGL Background Thread 3 ] DEBUG Engine               - platform: WINDOWS
18:47:40.480 [FXGL Background Thread 3 ] DEBUG Engine               - prefHeightProperty: ReadOnlyDoubleProperty [value: 600.0]
18:47:40.480 [FXGL Background Thread 3 ] DEBUG Engine               - prefWidthProperty: ReadOnlyDoubleProperty [value: 800.0]
18:47:40.480 [FXGL Background Thread 3 ] DEBUG Engine               - profileDir: profiles/
18:47:40.480 [FXGL Background Thread 3 ] DEBUG Engine               - profileName: StringProperty [value: DEFAULT]
18:47:40.481 [FXGL Background Thread 3 ] DEBUG Engine               - randomSeed: -1
18:47:40.481 [FXGL Background Thread 3 ] DEBUG Engine               - runtimeInfo: RuntimeInfo(platform=WINDOWS, version=17.2, build=20.08.2022 16.50)
18:47:40.481 [FXGL Background Thread 3 ] DEBUG Engine               - saveFileExt: sav
18:47:40.481 [FXGL Background Thread 3 ] DEBUG Engine               - scaledHeightProp$fxgl: DoubleProperty [bound, value: 600.0]
18:47:40.482 [FXGL Background Thread 3 ] DEBUG Engine               - scaledWidthProp$fxgl: DoubleProperty [bound, value: 800.0]
18:47:40.482 [FXGL Background Thread 3 ] DEBUG Engine               - sceneFactory: com.almasb.fxgl.app.scene.SceneFactory@131e4715
18:47:40.482 [FXGL Background Thread 3 ] DEBUG Engine               - secondsIn24h: 60
18:47:40.482 [FXGL Background Thread 3 ] DEBUG Engine               - soundMenuBack: menu/back.wav
18:47:40.482 [FXGL Background Thread 3 ] DEBUG Engine               - soundMenuPress: menu/press.wav
18:47:40.482 [FXGL Background Thread 3 ] DEBUG Engine               - soundMenuSelect: menu/select.wav
18:47:40.482 [FXGL Background Thread 3 ] DEBUG Engine               - soundNotification: core/notification.wav
18:47:40.482 [FXGL Background Thread 3 ] DEBUG Engine               - stageStyle: DECORATED
18:47:40.482 [FXGL Background Thread 3 ] DEBUG Engine               - supportedLanguages: [ENGLISH, FRENCH, GERMAN, HUNGARIAN, RUSSIAN]
18:47:40.482 [FXGL Background Thread 3 ] DEBUG Engine               - ticksPerSecond: -1
18:47:40.482 [FXGL Background Thread 3 ] DEBUG Engine               - title: Nuclear Throne Atomic
18:47:40.482 [FXGL Background Thread 3 ] DEBUG Engine               - urlGithub: https://github.com/AlmasB/FXGL
18:47:40.482 [FXGL Background Thread 3 ] DEBUG Engine               - urlLeaderboard: http://fxgl-top.herokuapp.com/
18:47:40.482 [FXGL Background Thread 3 ] DEBUG Engine               - urlPOM: https://raw.githubusercontent.com/AlmasB/FXGL/release/README.md
18:47:40.483 [FXGL Background Thread 3 ] DEBUG Engine               - userAppClass: class com.example.nuclearthroneatomic.Controller
18:47:40.483 [FXGL Background Thread 3 ] DEBUG Engine               - version: 0.0
18:47:40.483 [FXGL Background Thread 3 ] DEBUG Engine               - versionCheckDays: 7
18:47:40.483 [FXGL Background Thread 3 ] DEBUG Engine               - width: 800
18:47:40.483 [FXGL Background Thread 3 ] DEBUG Engine               - Logging services
18:47:40.483 [FXGL Background Thread 3 ] DEBUG Engine               - class com.almasb.fxgl.app.services.FXGLAssetLoaderService
18:47:40.483 [FXGL Background Thread 3 ] DEBUG Engine               - class com.almasb.fxgl.app.FXGLApplication$GameApplicationService
18:47:40.483 [FXGL Background Thread 3 ] DEBUG Engine               - class com.almasb.fxgl.app.services.FXGLDialogService
18:47:40.483 [FXGL Background Thread 3 ] DEBUG Engine               - class com.almasb.fxgl.app.services.IOTaskExecutorService
18:47:40.483 [FXGL Background Thread 3 ] DEBUG Engine               - class com.almasb.fxgl.io.FileSystemService
18:47:40.483 [FXGL Background Thread 3 ] DEBUG Engine               - class com.almasb.fxgl.localization.LocalizationService
18:47:40.483 [FXGL Background Thread 3 ] DEBUG Engine               - class com.almasb.fxgl.app.services.SystemBundleService
18:47:40.483 [FXGL Background Thread 3 ] DEBUG Engine               - class com.almasb.fxgl.profile.SaveLoadService
18:47:40.483 [FXGL Background Thread 3 ] DEBUG Engine               - class com.almasb.fxgl.ui.FXGLUIFactoryServiceProvider
18:47:40.484 [FXGL Background Thread 3 ] DEBUG Engine               - class com.almasb.fxgl.ui.FXGLDialogFactoryServiceProvider
18:47:40.484 [FXGL Background Thread 3 ] DEBUG Engine               - class com.almasb.fxgl.audio.AudioPlayer
18:47:40.484 [FXGL Background Thread 3 ] DEBUG Engine               - class com.almasb.fxgl.notification.impl.NotificationServiceProvider
18:47:40.484 [FXGL Background Thread 3 ] DEBUG Engine               - class com.almasb.fxgl.achievement.AchievementService
18:47:40.484 [FXGL Background Thread 3 ] DEBUG Engine               - class com.almasb.fxgl.cutscene.CutsceneService
18:47:40.484 [FXGL Background Thread 3 ] DEBUG Engine               - class com.almasb.fxgl.minigames.MiniGameService
18:47:40.484 [FXGL Background Thread 3 ] DEBUG Engine               - class com.almasb.fxgl.net.NetService
18:47:40.484 [FXGL Background Thread 3 ] DEBUG Engine               - class com.almasb.fxgl.app.services.UpdaterService
18:47:40.484 [FXGL Background Thread 3 ] DEBUG Engine               - class com.almasb.fxgl.dev.DevService
18:47:45.566 [JavaFX Application Thread] DEBUG Input                - Clearing active input actions
18:47:45.575 [JavaFX Application Thread] DEBUG GameApplicationServi - Removing overlay from FXGLIntroScene and adding to FXGLMainMenuDummyScene
18:47:45.576 [JavaFX Application Thread] DEBUG PrimaryStageWindow   - FXGLIntroScene -> FXGLMainMenuDummyScene
18:47:45.576 [JavaFX Application Thread] DEBUG PrimaryStageWindow   - Push state: FXGLDefaultMenu
18:47:45.582 [JavaFX Application Thread] DEBUG Input                - Clearing active input actions
18:47:45.591 [JavaFX Application Thread] DEBUG GameApplicationServi - Removing overlay from FXGLMainMenuDummyScene and adding to FXGLDefaultMenu
18:47:45.591 [JavaFX Application Thread] DEBUG PrimaryStageWindow   - FXGLMainMenuDummyScene -> FXGLDefaultMenu
18:47:47.081 [JavaFX Application Thread] DEBUG Menu                 - fireNewGame()
18:47:47.082 [JavaFX Application Thread] DEBUG GameApplicationServi - Starting new game
18:47:47.084 [JavaFX Application Thread] DEBUG PrimaryStageWindow   - Pop state: FXGLDefaultMenu
18:47:47.084 [JavaFX Application Thread] DEBUG Input                - Clearing active input actions
18:47:47.085 [JavaFX Application Thread] DEBUG GameApplicationServi - Removing overlay from FXGLDefaultMenu and adding to FXGLMainMenuDummyScene
18:47:47.086 [JavaFX Application Thread] DEBUG PrimaryStageWindow   - FXGLMainMenuDummyScene <- FXGLDefaultMenu
18:47:47.086 [JavaFX Application Thread] DEBUG Input                - Clearing active input actions
18:47:47.095 [JavaFX Application Thread] DEBUG GameApplicationServi - Removing overlay from FXGLMainMenuDummyScene and adding to FXGLLoadingScene
18:47:47.095 [JavaFX Application Thread] DEBUG PrimaryStageWindow   - FXGLMainMenuDummyScene -> FXGLLoadingScene
18:47:47.095 [JavaFX Application Thread] DEBUG GameApplicationServi - Clearing previous game
18:47:47.096 [JavaFX Application Thread] DEBUG GameScene            - Clearing game scene
18:47:47.096 [JavaFX Application Thread] DEBUG GameWorld            - Clearing game world
18:47:47.096 [JavaFX Application Thread] DEBUG PhysicsWorld         - Clearing physics world
18:47:47.100 [FXGL Background Thread 2 ] DEBUG FXGLApplication      - Initializing game
18:47:47.113 [FXGL Background Thread 2 ] DEBUG FXGLAssetLoaderServi - Loading from file system: file:/C:/Users/Usuario/OneDrive%20-%20Universidad%20Icesi%20(@icesi.edu.co)/APO2/Tareas%20integradoras/NuclearThroneAtomic/src/nuclearthroneatomic/target/classes/assets/textures/Avatar/1-Idle/1.png
18:47:47.117 [FXGL Background Thread 2 ] DEBUG FXGLAssetLoaderServi - Loading from file system: file:/C:/Users/Usuario/OneDrive%20-%20Universidad%20Icesi%20(@icesi.edu.co)/APO2/Tareas%20integradoras/NuclearThroneAtomic/src/nuclearthroneatomic/target/classes/assets/textures/Avatar/1-Idle/2.png
18:47:47.120 [FXGL Background Thread 2 ] DEBUG FXGLAssetLoaderServi - Loading from file system: file:/C:/Users/Usuario/OneDrive%20-%20Universidad%20Icesi%20(@icesi.edu.co)/APO2/Tareas%20integradoras/NuclearThroneAtomic/src/nuclearthroneatomic/target/classes/assets/textures/Avatar/1-Idle/3.png
18:47:47.124 [FXGL Background Thread 2 ] DEBUG FXGLAssetLoaderServi - Loading from file system: file:/C:/Users/Usuario/OneDrive%20-%20Universidad%20Icesi%20(@icesi.edu.co)/APO2/Tareas%20integradoras/NuclearThroneAtomic/src/nuclearthroneatomic/target/classes/assets/textures/Avatar/1-Idle/4.png
18:47:47.166 [FXGL Background Thread 2 ] DEBUG FXGLAssetLoaderServi - Loading from file system: file:/C:/Users/Usuario/OneDrive%20-%20Universidad%20Icesi%20(@icesi.edu.co)/APO2/Tareas%20integradoras/NuclearThroneAtomic/src/nuclearthroneatomic/target/classes/assets/textures/Avatar/2-Run/1.png
18:47:47.169 [FXGL Background Thread 2 ] DEBUG FXGLAssetLoaderServi - Loading from file system: file:/C:/Users/Usuario/OneDrive%20-%20Universidad%20Icesi%20(@icesi.edu.co)/APO2/Tareas%20integradoras/NuclearThroneAtomic/src/nuclearthroneatomic/target/classes/assets/textures/Avatar/2-Run/2.png
18:47:47.173 [FXGL Background Thread 2 ] DEBUG FXGLAssetLoaderServi - Loading from file system: file:/C:/Users/Usuario/OneDrive%20-%20Universidad%20Icesi%20(@icesi.edu.co)/APO2/Tareas%20integradoras/NuclearThroneAtomic/src/nuclearthroneatomic/target/classes/assets/textures/Avatar/2-Run/3.png
18:47:47.176 [FXGL Background Thread 2 ] DEBUG FXGLAssetLoaderServi - Loading from file system: file:/C:/Users/Usuario/OneDrive%20-%20Universidad%20Icesi%20(@icesi.edu.co)/APO2/Tareas%20integradoras/NuclearThroneAtomic/src/nuclearthroneatomic/target/classes/assets/textures/Avatar/2-Run/4.png
18:47:47.178 [FXGL Background Thread 2 ] DEBUG FXGLAssetLoaderServi - Loading from file system: file:/C:/Users/Usuario/OneDrive%20-%20Universidad%20Icesi%20(@icesi.edu.co)/APO2/Tareas%20integradoras/NuclearThroneAtomic/src/nuclearthroneatomic/target/classes/assets/textures/Avatar/2-Run/5.png
18:47:47.181 [FXGL Background Thread 2 ] DEBUG FXGLAssetLoaderServi - Loading from file system: file:/C:/Users/Usuario/OneDrive%20-%20Universidad%20Icesi%20(@icesi.edu.co)/APO2/Tareas%20integradoras/NuclearThroneAtomic/src/nuclearthroneatomic/target/classes/assets/textures/Avatar/2-Run/6.png
18:47:47.187 [FXGL Background Thread 2 ] DEBUG FXGLAssetLoaderServi - Loading from file system: file:/C:/Users/Usuario/OneDrive%20-%20Universidad%20Icesi%20(@icesi.edu.co)/APO2/Tareas%20integradoras/NuclearThroneAtomic/src/nuclearthroneatomic/target/classes/assets/textures/Munition/1.png
18:47:47.225 [FXGL Background Thread 2 ] DEBUG FXGLAssetLoaderServi - Loading from file system: file:/C:/Users/Usuario/OneDrive%20-%20Universidad%20Icesi%20(@icesi.edu.co)/APO2/Tareas%20integradoras/NuclearThroneAtomic/src/nuclearthroneatomic/target/classes/assets/textures/hud/lifeplayer.png
18:47:47.231 [FXGL Background Thread 2 ] DEBUG FXGLAssetLoaderServi - Loading from file system: file:/C:/Users/Usuario/OneDrive%20-%20Universidad%20Icesi%20(@icesi.edu.co)/APO2/Tareas%20integradoras/NuclearThroneAtomic/src/nuclearthroneatomic/target/classes/assets/textures/hud/medkit.png
18:47:47.235 [FXGL Background Thread 2 ] DEBUG FXGLAssetLoaderServi - Loading from file system: file:/C:/Users/Usuario/OneDrive%20-%20Universidad%20Icesi%20(@icesi.edu.co)/APO2/Tareas%20integradoras/NuclearThroneAtomic/src/nuclearthroneatomic/target/classes/assets/textures/hud/trebol.png
18:47:47.242 [FXGL Background Thread 2 ] DEBUG FXGLAssetLoaderServi - Loading from file system: file:/C:/Users/Usuario/OneDrive%20-%20Universidad%20Icesi%20(@icesi.edu.co)/APO2/Tareas%20integradoras/NuclearThroneAtomic/src/nuclearthroneatomic/target/classes/assets/textures/Guns/1.png
18:47:47.250 [FXGL Background Thread 2 ] WARN  FXGLAssetLoaderServi - Asset "/assets/textures/enemy.png" was not found!
18:47:47.250 [FXGL Background Thread 2 ] WARN  FXGLAssetLoaderServi - Failed to load IMAGE
18:47:47.271 [FXGL Background Thread 2 ] WARN  FXGLAssetLoaderServi - Asset "/assets/textures/enemy.png" was not found!
18:47:47.271 [FXGL Background Thread 2 ] WARN  FXGLAssetLoaderServi - Failed to load IMAGE
18:47:47.273 [FXGL Background Thread 2 ] WARN  FXGLAssetLoaderServi - Asset "/assets/textures/enemy.png" was not found!
18:47:47.273 [FXGL Background Thread 2 ] WARN  FXGLAssetLoaderServi - Failed to load IMAGE
18:47:47.275 [FXGL Background Thread 2 ] DEBUG FXGLAssetLoaderServi - Loading from file system: file:/C:/Users/Usuario/OneDrive%20-%20Universidad%20Icesi%20(@icesi.edu.co)/APO2/Tareas%20integradoras/NuclearThroneAtomic/src/nuclearthroneatomic/target/classes/assets/textures/Wall/1.png
18:47:47.394 [FXGL Background Thread 2 ] INFO  FXGLApplication      - Game initialization took: 0,294 sec
18:47:47.396 [JavaFX Application Thread] DEBUG Input                - Clearing active input actions
18:47:47.407 [JavaFX Application Thread] DEBUG GameApplicationServi - Removing overlay from FXGLLoadingScene and adding to GameScene
18:47:47.407 [JavaFX Application Thread] DEBUG PrimaryStageWindow   - FXGLLoadingScene -> GameScene
18:47:52.522 [JavaFX Application Thread] DEBUG FXGLAssetLoaderServi - Loading from file system: file:/C:/Users/Usuario/OneDrive%20-%20Universidad%20Icesi%20(@icesi.edu.co)/APO2/Tareas%20integradoras/NuclearThroneAtomic/src/nuclearthroneatomic/target/classes/assets/textures/Bullet/1.png
18:47:57.661 [JavaFX Application Thread] DEBUG FXGLApplication      - Exiting FXGL
18:47:57.661 [JavaFX Application Thread] DEBUG LoopRunner           - Stopping loop
18:47:57.662 [JavaFX Application Thread] DEBUG SystemBundleService  - Saving FXGL system data
18:47:57.665 [JavaFX Application Thread] DEBUG FileSystemAccess     - Writing to: C:\Users\Usuario\OneDrive - Universidad Icesi (@icesi.edu.co)\APO2\Tareas integradoras\NuclearThroneAtomic\src\nuclearthroneatomic\system\fxgl.bundle
18:47:57.668 [JavaFX Application Thread] DEBUG Async                - Shutting down background threads
18:47:57.668 [JavaFX Application Thread] DEBUG PrimaryStageWindow   - Closing main window
18:47:57.684 [JavaFX Application Thread] DEBUG Logger               - Closing Logger
