22:25:02.925 [main                     ] DEBUG Logger               - Configured Logger
22:25:02.966 [main                     ] DEBUG GameApplication      - Logging settings
Title: Nuclear Throne Atomic
Version: 0.0
Width: 800
Height: 600
Fullscreen: true
Intro: false
Profiling: false
Single step:false
App Mode: DEVELOPER
Menu Key: ESCAPE
Stage Style: DECORATED
Scene Factory: class com.almasb.fxgl.app.scene.SceneFactory

22:25:03.899 [JavaFX Application Thread] DEBUG FXGLApplication      - Initializing FXGL
22:25:03.906 [JavaFX Application Thread] INFO  Engine               - FXGL-17.2 (20.08.2022 16.50) on WINDOWS (J:20.0.1 FX:18.0.2)
22:25:03.907 [JavaFX Application Thread] DEBUG Engine               - JRE Vendor Name: Oracle Corporation
22:25:03.907 [JavaFX Application Thread] DEBUG Engine               - Running on OS: Windows 10 version 10.0
22:25:03.907 [JavaFX Application Thread] DEBUG Engine               - Architecture: amd64
22:25:03.907 [JavaFX Application Thread] INFO  Engine               - Source code and latest versions at: https://github.com/AlmasB/FXGL
22:25:03.908 [JavaFX Application Thread] INFO  Engine               -       Ask questions and discuss at: https://github.com/AlmasB/FXGL/discussions
22:25:03.908 [JavaFX Application Thread] INFO  Engine               -              Join the FXGL chat at: https://gitter.im/AlmasB/FXGL
22:25:04.048 [JavaFX Application Thread] DEBUG PrimaryStageWindow   - Creating a JavaFX scene
22:25:04.133 [JavaFX Application Thread] DEBUG PrimaryStageWindow   - Target settings size: 800.0 x 600.0
22:25:04.134 [JavaFX Application Thread] DEBUG PrimaryStageWindow   - Scaled scene size:    800.0 x 600.0
22:25:04.135 [JavaFX Application Thread] DEBUG PrimaryStageWindow   - Scaled ratio: (1.0, 1.0)
22:25:04.136 [JavaFX Application Thread] DEBUG PrimaryStageWindow   - Set initial scene to FXGLStartupScene
22:25:04.153 [JavaFX Application Thread] DEBUG PrimaryStageWindow   - Opening main window
22:25:04.298 [JavaFX Application Thread] DEBUG PrimaryStageWindow   - Window border size: (16.0, 39.0)
22:25:04.299 [JavaFX Application Thread] DEBUG PrimaryStageWindow   - Scaled size: 800.0 x 600.0
22:25:04.299 [JavaFX Application Thread] DEBUG PrimaryStageWindow   - Scaled ratio: (1.0, 1.0)
22:25:04.300 [JavaFX Application Thread] DEBUG PrimaryStageWindow   - Scene size: 800.0 x 600.0
22:25:04.300 [JavaFX Application Thread] DEBUG PrimaryStageWindow   - Stage size: 816.0 x 639.0
22:25:04.313 [FXGL Background Thread 1 ] DEBUG Engine               - Initializing environment variables
22:25:04.403 [FXGL Background Thread 1 ] DEBUG FXGLAssetLoaderServi - User app class for loading assets: class com.example.nuclearthroneatomic.Controller
22:25:04.404 [FXGL Background Thread 1 ] DEBUG GameApplicationServi - Applying CSS: fxgl_dark.css
22:25:04.406 [FXGL Background Thread 1 ] DEBUG FXGLAssetLoaderServi - Loading from file system: jar:file:///C:/Users/Usuario/.m2/repository/com/github/almasb/fxgl/17.2/fxgl-17.2.jar!/fxglassets/ui/css/fxgl_dark.css
22:25:04.484 [FXGL Background Thread 1 ] DEBUG GameApplicationServi - Initializing application scenes
22:25:04.555 [FXGL Background Thread 1 ] DEBUG GameWorld            - Game world initialized
22:25:04.672 [FXGL Background Thread 1 ] DEBUG PhysicsWorld         - Physics world initialized: appHeight=600, physics.ppm=50,0
22:25:04.672 [FXGL Background Thread 1 ] DEBUG PhysicsWorld         - Using strategy: BRUTE_FORCE
22:25:04.681 [FXGL Background Thread 1 ] DEBUG GameScene            - Game scene initialized: 800x600
22:25:04.704 [FXGL Background Thread 1 ] DEBUG FXGL.DefaultMenu     - createMenuBodyMainMenu()
22:25:04.738 [FXGL Background Thread 1 ] DEBUG FXGL.DefaultMenu     - createOptionsMenu()
22:25:04.757 [FXGL Background Thread 1 ] DEBUG FXGL.DefaultMenu     - createExtraMenu()
22:25:04.773 [FXGL Background Thread 1 ] DEBUG FXGLAssetLoaderServi - Loading from file system: jar:file:///C:/Users/Usuario/.m2/repository/com/github/almasb/fxgl/17.2/fxgl-17.2.jar!/fxglassets/textures/particles/smoke.png
22:25:04.975 [FXGL Background Thread 1 ] DEBUG FXGLAssetLoaderServi - Loading from file system: jar:file:///C:/Users/Usuario/.m2/repository/com/github/almasb/fxgl/17.2/fxgl-17.2.jar!/fxglassets/textures/particles/trace_horizontal.png
22:25:05.088 [FXGL Background Thread 1 ] DEBUG FXGL.DefaultMenu     - createMenuBodyGameMenu()
22:25:05.090 [FXGL Background Thread 1 ] DEBUG FXGL.DefaultMenu     - createOptionsMenu()
22:25:05.097 [FXGL Background Thread 1 ] DEBUG FXGL.DefaultMenu     - createExtraMenu()
22:25:05.123 [FXGL Background Thread 1 ] DEBUG GameApplicationServi - Application scenes initialized
22:25:05.163 [FXGL Background Thread 1 ] DEBUG SystemBundleService  - Loading FXGL system data
22:25:05.176 [FXGL Background Thread 1 ] DEBUG FileSystemAccess     - Reading from: C:\Users\Usuario\OneDrive - Universidad Icesi (@icesi.edu.co)\APO2\Tareas integradoras\NuclearThroneAtomic\src\nuclearthroneatomic\system\fxgl.bundle
22:25:05.203 [FXGL Background Thread 1 ] DEBUG SystemBundleService  - Bundle FXGL: {}
22:25:05.203 [FXGL Background Thread 1 ] DEBUG UpdaterService       - Checking for updates
22:25:05.218 [FXGL Background Thread 4 ] DEBUG FXGLApplication      - Loading fonts
22:25:05.219 [FXGL Background Thread 1 ] DEBUG FXGLApplication      - Loading default localization
22:25:05.219 [FXGL Background Thread 4 ] DEBUG FXGLAssetLoaderServi - Loading from file system: jar:file:///C:/Users/Usuario/.m2/repository/com/github/almasb/fxgl/17.2/fxgl-17.2.jar!/fxglassets/ui/fonts/VarelaRound-Regular.ttf
22:25:05.220 [FXGL Background Thread 1 ] DEBUG FXGLAssetLoaderServi - Loading from file system: jar:file:///C:/Users/Usuario/.m2/repository/com/github/almasb/fxgl/17.2/fxgl-17.2.jar!/fxglassets/languages/english.lang
22:25:05.257 [FXGL Background Thread 1 ] INFO  FXGLApplication      - FXGL initialization took: 0,944 sec
22:25:05.277 [JavaFX Application Thread] DEBUG Input                - Registered new binding: lucky - Q
22:25:05.277 [JavaFX Application Thread] DEBUG Input                - Registered new binding: health - F
22:25:05.278 [JavaFX Application Thread] DEBUG Input                - Registered new binding: Right - D
22:25:05.278 [JavaFX Application Thread] DEBUG Input                - Registered new binding: Left - A
22:25:05.278 [JavaFX Application Thread] DEBUG Input                - Registered new binding: Up - W
22:25:05.278 [JavaFX Application Thread] DEBUG Input                - Registered new binding: Down - S
22:25:05.280 [JavaFX Application Thread] DEBUG Input                - Registered new binding: Reload - RMB
22:25:05.281 [JavaFX Application Thread] DEBUG Input                - Registered new binding: Shoot - LMB
22:25:05.282 [JavaFX Application Thread] WARN  FXGLAssetLoaderServi - Asset "/assets/music/musicformenus.mp3" was not found!
22:25:05.283 [JavaFX Application Thread] WARN  FXGLAssetLoaderServi - Failed to load MUSIC
22:25:05.286 [JavaFX Application Thread] DEBUG AudioPlayer          - Playing music com.almasb.fxgl.audio.Music@26b96d85
22:25:05.288 [JavaFX Application Thread] DEBUG FXGLAssetLoaderServi - Loading from file system: jar:file:///C:/Users/Usuario/.m2/repository/com/github/almasb/fxgl/17.2/fxgl-17.2.jar!/fxglassets/textures/fxgl_icon.png
22:25:05.365 [JavaFX Application Thread] DEBUG FXGLAssetLoaderServi - Loading from file system: jar:file:///C:/Users/Usuario/.m2/repository/com/github/almasb/fxgl/17.2/fxgl-17.2.jar!/fxglassets/textures/fxgl_default_cursor.png
22:25:05.370 [JavaFX Application Thread] DEBUG Input                - Registered new binding: Screenshot - CTRL+8
22:25:05.371 [JavaFX Application Thread] DEBUG Input                - Registered new binding: System info dump - CTRL+9
22:25:05.374 [JavaFX Application Thread] DEBUG Input                - Registered new binding: Restart - CTRL+R
22:25:05.376 [JavaFX Application Thread] DEBUG Input                - Registered new binding: Toggle Debug Camera - CTRL+7
22:25:05.382 [JavaFX Application Thread] DEBUG LoopRunner           - Starting loop
22:25:05.382 [JavaFX Application Thread] DEBUG LoopRunner           - Initializing JavaFX AnimationTimerLoop
22:25:05.388 [JavaFX Application Thread] DEBUG Input                - Clearing active input actions
22:25:05.412 [JavaFX Application Thread] DEBUG GameApplicationServi - Removing overlay from FXGLStartupScene and adding to FXGLMainMenuDummyScene
22:25:05.413 [JavaFX Application Thread] DEBUG PrimaryStageWindow   - FXGLStartupScene -> FXGLMainMenuDummyScene
22:25:05.414 [JavaFX Application Thread] DEBUG PrimaryStageWindow   - Push state: FXGLDefaultMenu
22:25:05.438 [JavaFX Application Thread] DEBUG Input                - Clearing active input actions
22:25:05.472 [JavaFX Application Thread] DEBUG GameApplicationServi - Removing overlay from FXGLMainMenuDummyScene and adding to FXGLDefaultMenu
22:25:05.473 [JavaFX Application Thread] DEBUG PrimaryStageWindow   - FXGLMainMenuDummyScene -> FXGLDefaultMenu
22:25:06.177 [FXGL Background Thread 4 ] DEBUG FXGLAssetLoaderServi - Loading from file system: jar:file:///C:/Users/Usuario/.m2/repository/com/github/almasb/fxgl/17.2/fxgl-17.2.jar!/fxglassets/ui/fonts/Abel-Regular.ttf
22:25:06.186 [FXGL Background Thread 4 ] DEBUG FXGLAssetLoaderServi - Loading from file system: jar:file:///C:/Users/Usuario/.m2/repository/com/github/almasb/fxgl/17.2/fxgl-17.2.jar!/fxglassets/ui/fonts/TerminalLandMono-Regular.otf
22:25:06.197 [FXGL Background Thread 4 ] DEBUG FXGLAssetLoaderServi - Loading from file system: jar:file:///C:/Users/Usuario/.m2/repository/com/github/almasb/fxgl/17.2/fxgl-17.2.jar!/fxglassets/ui/fonts/Courier-Prime.ttf
22:25:06.232 [JavaFX Application Thread] DEBUG FXGLApplication      - Registering font factories with UI factory
22:25:07.189 [FXGL Background Thread 2 ] INFO  UpdaterService       - Your current version:  17.2
22:25:07.189 [FXGL Background Thread 2 ] INFO  UpdaterService       - Latest stable version: 17.3
22:25:07.499 [JavaFX Application Thread] DEBUG Menu                 - fireNewGame()
22:25:07.499 [JavaFX Application Thread] DEBUG GameApplicationServi - Starting new game
22:25:07.504 [JavaFX Application Thread] DEBUG PrimaryStageWindow   - Pop state: FXGLDefaultMenu
22:25:07.504 [JavaFX Application Thread] DEBUG Input                - Clearing active input actions
22:25:07.507 [JavaFX Application Thread] DEBUG GameApplicationServi - Removing overlay from FXGLDefaultMenu and adding to FXGLMainMenuDummyScene
22:25:07.508 [JavaFX Application Thread] DEBUG PrimaryStageWindow   - FXGLMainMenuDummyScene <- FXGLDefaultMenu
22:25:07.508 [JavaFX Application Thread] DEBUG Input                - Clearing active input actions
22:25:07.527 [JavaFX Application Thread] DEBUG GameApplicationServi - Removing overlay from FXGLMainMenuDummyScene and adding to FXGLLoadingScene
22:25:07.528 [JavaFX Application Thread] DEBUG PrimaryStageWindow   - FXGLMainMenuDummyScene -> FXGLLoadingScene
22:25:07.529 [JavaFX Application Thread] DEBUG GameApplicationServi - Clearing previous game
22:25:07.529 [JavaFX Application Thread] DEBUG GameScene            - Clearing game scene
22:25:07.529 [JavaFX Application Thread] DEBUG GameWorld            - Clearing game world
22:25:07.529 [JavaFX Application Thread] DEBUG PhysicsWorld         - Clearing physics world
22:25:07.532 [FXGL Background Thread 2 ] DEBUG FXGLApplication      - Initializing game
22:25:07.549 [FXGL Background Thread 2 ] DEBUG FXGLAssetLoaderServi - Loading from file system: file:/C:/Users/Usuario/OneDrive%20-%20Universidad%20Icesi%20(@icesi.edu.co)/APO2/Tareas%20integradoras/NuclearThroneAtomic/src/nuclearthroneatomic/target/classes/assets/textures/Avatar/1-Idle/1.png
22:25:07.553 [FXGL Background Thread 2 ] DEBUG FXGLAssetLoaderServi - Loading from file system: file:/C:/Users/Usuario/OneDrive%20-%20Universidad%20Icesi%20(@icesi.edu.co)/APO2/Tareas%20integradoras/NuclearThroneAtomic/src/nuclearthroneatomic/target/classes/assets/textures/Avatar/1-Idle/2.png
22:25:07.556 [FXGL Background Thread 2 ] DEBUG FXGLAssetLoaderServi - Loading from file system: file:/C:/Users/Usuario/OneDrive%20-%20Universidad%20Icesi%20(@icesi.edu.co)/APO2/Tareas%20integradoras/NuclearThroneAtomic/src/nuclearthroneatomic/target/classes/assets/textures/Avatar/1-Idle/3.png
22:25:07.560 [FXGL Background Thread 2 ] DEBUG FXGLAssetLoaderServi - Loading from file system: file:/C:/Users/Usuario/OneDrive%20-%20Universidad%20Icesi%20(@icesi.edu.co)/APO2/Tareas%20integradoras/NuclearThroneAtomic/src/nuclearthroneatomic/target/classes/assets/textures/Avatar/1-Idle/4.png
22:25:07.620 [FXGL Background Thread 2 ] DEBUG FXGLAssetLoaderServi - Loading from file system: file:/C:/Users/Usuario/OneDrive%20-%20Universidad%20Icesi%20(@icesi.edu.co)/APO2/Tareas%20integradoras/NuclearThroneAtomic/src/nuclearthroneatomic/target/classes/assets/textures/Avatar/2-Run/1.png
22:25:07.625 [FXGL Background Thread 2 ] DEBUG FXGLAssetLoaderServi - Loading from file system: file:/C:/Users/Usuario/OneDrive%20-%20Universidad%20Icesi%20(@icesi.edu.co)/APO2/Tareas%20integradoras/NuclearThroneAtomic/src/nuclearthroneatomic/target/classes/assets/textures/Avatar/2-Run/2.png
22:25:07.628 [FXGL Background Thread 2 ] DEBUG FXGLAssetLoaderServi - Loading from file system: file:/C:/Users/Usuario/OneDrive%20-%20Universidad%20Icesi%20(@icesi.edu.co)/APO2/Tareas%20integradoras/NuclearThroneAtomic/src/nuclearthroneatomic/target/classes/assets/textures/Avatar/2-Run/3.png
22:25:07.632 [FXGL Background Thread 2 ] DEBUG FXGLAssetLoaderServi - Loading from file system: file:/C:/Users/Usuario/OneDrive%20-%20Universidad%20Icesi%20(@icesi.edu.co)/APO2/Tareas%20integradoras/NuclearThroneAtomic/src/nuclearthroneatomic/target/classes/assets/textures/Avatar/2-Run/4.png
22:25:07.637 [FXGL Background Thread 2 ] DEBUG FXGLAssetLoaderServi - Loading from file system: file:/C:/Users/Usuario/OneDrive%20-%20Universidad%20Icesi%20(@icesi.edu.co)/APO2/Tareas%20integradoras/NuclearThroneAtomic/src/nuclearthroneatomic/target/classes/assets/textures/Avatar/2-Run/5.png
22:25:07.641 [FXGL Background Thread 2 ] DEBUG FXGLAssetLoaderServi - Loading from file system: file:/C:/Users/Usuario/OneDrive%20-%20Universidad%20Icesi%20(@icesi.edu.co)/APO2/Tareas%20integradoras/NuclearThroneAtomic/src/nuclearthroneatomic/target/classes/assets/textures/Avatar/2-Run/6.png
22:25:07.652 [FXGL Background Thread 2 ] DEBUG FXGLAssetLoaderServi - Loading from file system: file:/C:/Users/Usuario/OneDrive%20-%20Universidad%20Icesi%20(@icesi.edu.co)/APO2/Tareas%20integradoras/NuclearThroneAtomic/src/nuclearthroneatomic/target/classes/assets/textures/Munition/1.png
22:25:07.698 [FXGL Background Thread 2 ] DEBUG FXGLAssetLoaderServi - Loading from file system: file:/C:/Users/Usuario/OneDrive%20-%20Universidad%20Icesi%20(@icesi.edu.co)/APO2/Tareas%20integradoras/NuclearThroneAtomic/src/nuclearthroneatomic/target/classes/assets/textures/hud/lifeplayer.png
22:25:07.708 [FXGL Background Thread 2 ] DEBUG FXGLAssetLoaderServi - Loading from file system: file:/C:/Users/Usuario/OneDrive%20-%20Universidad%20Icesi%20(@icesi.edu.co)/APO2/Tareas%20integradoras/NuclearThroneAtomic/src/nuclearthroneatomic/target/classes/assets/textures/hud/medkit.png
22:25:07.715 [FXGL Background Thread 2 ] DEBUG FXGLAssetLoaderServi - Loading from file system: file:/C:/Users/Usuario/OneDrive%20-%20Universidad%20Icesi%20(@icesi.edu.co)/APO2/Tareas%20integradoras/NuclearThroneAtomic/src/nuclearthroneatomic/target/classes/assets/textures/hud/trebol.png
22:25:07.726 [FXGL Background Thread 2 ] DEBUG FXGLAssetLoaderServi - Loading from file system: file:/C:/Users/Usuario/OneDrive%20-%20Universidad%20Icesi%20(@icesi.edu.co)/APO2/Tareas%20integradoras/NuclearThroneAtomic/src/nuclearthroneatomic/target/classes/assets/textures/Guns/1.png
22:25:07.735 [FXGL Background Thread 2 ] DEBUG FXGLAssetLoaderServi - Loading from file system: file:/C:/Users/Usuario/OneDrive%20-%20Universidad%20Icesi%20(@icesi.edu.co)/APO2/Tareas%20integradoras/NuclearThroneAtomic/src/nuclearthroneatomic/target/classes/assets/textures/enemy/1-Idle/1.png
22:25:07.737 [FXGL Background Thread 2 ] DEBUG FXGLAssetLoaderServi - Loading from file system: file:/C:/Users/Usuario/OneDrive%20-%20Universidad%20Icesi%20(@icesi.edu.co)/APO2/Tareas%20integradoras/NuclearThroneAtomic/src/nuclearthroneatomic/target/classes/assets/textures/enemy/1-Idle/2.png
22:25:07.739 [FXGL Background Thread 2 ] DEBUG FXGLAssetLoaderServi - Loading from file system: file:/C:/Users/Usuario/OneDrive%20-%20Universidad%20Icesi%20(@icesi.edu.co)/APO2/Tareas%20integradoras/NuclearThroneAtomic/src/nuclearthroneatomic/target/classes/assets/textures/enemy/1-Idle/3.png
22:25:07.742 [FXGL Background Thread 2 ] DEBUG FXGLAssetLoaderServi - Loading from file system: file:/C:/Users/Usuario/OneDrive%20-%20Universidad%20Icesi%20(@icesi.edu.co)/APO2/Tareas%20integradoras/NuclearThroneAtomic/src/nuclearthroneatomic/target/classes/assets/textures/enemy/1-Idle/4.png
22:25:07.752 [FXGL Background Thread 2 ] DEBUG FXGLAssetLoaderServi - Loading from file system: file:/C:/Users/Usuario/OneDrive%20-%20Universidad%20Icesi%20(@icesi.edu.co)/APO2/Tareas%20integradoras/NuclearThroneAtomic/src/nuclearthroneatomic/target/classes/assets/textures/enemy/2-Run/1.png
22:25:07.755 [FXGL Background Thread 2 ] DEBUG FXGLAssetLoaderServi - Loading from file system: file:/C:/Users/Usuario/OneDrive%20-%20Universidad%20Icesi%20(@icesi.edu.co)/APO2/Tareas%20integradoras/NuclearThroneAtomic/src/nuclearthroneatomic/target/classes/assets/textures/enemy/2-Run/2.png
22:25:07.758 [FXGL Background Thread 2 ] DEBUG FXGLAssetLoaderServi - Loading from file system: file:/C:/Users/Usuario/OneDrive%20-%20Universidad%20Icesi%20(@icesi.edu.co)/APO2/Tareas%20integradoras/NuclearThroneAtomic/src/nuclearthroneatomic/target/classes/assets/textures/enemy/2-Run/3.png
22:25:07.761 [FXGL Background Thread 2 ] DEBUG FXGLAssetLoaderServi - Loading from file system: file:/C:/Users/Usuario/OneDrive%20-%20Universidad%20Icesi%20(@icesi.edu.co)/APO2/Tareas%20integradoras/NuclearThroneAtomic/src/nuclearthroneatomic/target/classes/assets/textures/enemy/2-Run/4.png
22:25:07.765 [FXGL Background Thread 2 ] DEBUG FXGLAssetLoaderServi - Loading from file system: file:/C:/Users/Usuario/OneDrive%20-%20Universidad%20Icesi%20(@icesi.edu.co)/APO2/Tareas%20integradoras/NuclearThroneAtomic/src/nuclearthroneatomic/target/classes/assets/textures/enemy/2-Run/5.png
22:25:07.768 [FXGL Background Thread 2 ] DEBUG FXGLAssetLoaderServi - Loading from file system: file:/C:/Users/Usuario/OneDrive%20-%20Universidad%20Icesi%20(@icesi.edu.co)/APO2/Tareas%20integradoras/NuclearThroneAtomic/src/nuclearthroneatomic/target/classes/assets/textures/enemy/2-Run/6.png
22:25:07.806 [FXGL Background Thread 2 ] DEBUG FXGLAssetLoaderServi - Loading from file system: file:/C:/Users/Usuario/OneDrive%20-%20Universidad%20Icesi%20(@icesi.edu.co)/APO2/Tareas%20integradoras/NuclearThroneAtomic/src/nuclearthroneatomic/target/classes/assets/textures/portal/1.png
22:25:07.819 [FXGL Background Thread 2 ] DEBUG FXGLAssetLoaderServi - Loading from file system: file:/C:/Users/Usuario/OneDrive%20-%20Universidad%20Icesi%20(@icesi.edu.co)/APO2/Tareas%20integradoras/NuclearThroneAtomic/src/nuclearthroneatomic/target/classes/assets/textures/portal/2.png
22:25:07.828 [FXGL Background Thread 2 ] DEBUG FXGLAssetLoaderServi - Loading from file system: file:/C:/Users/Usuario/OneDrive%20-%20Universidad%20Icesi%20(@icesi.edu.co)/APO2/Tareas%20integradoras/NuclearThroneAtomic/src/nuclearthroneatomic/target/classes/assets/textures/portal/3.png
22:25:07.836 [FXGL Background Thread 2 ] DEBUG FXGLAssetLoaderServi - Loading from file system: file:/C:/Users/Usuario/OneDrive%20-%20Universidad%20Icesi%20(@icesi.edu.co)/APO2/Tareas%20integradoras/NuclearThroneAtomic/src/nuclearthroneatomic/target/classes/assets/textures/portal/4.png
22:25:07.857 [FXGL Background Thread 2 ] DEBUG FXGLAssetLoaderServi - Loading from file system: file:/C:/Users/Usuario/OneDrive%20-%20Universidad%20Icesi%20(@icesi.edu.co)/APO2/Tareas%20integradoras/NuclearThroneAtomic/src/nuclearthroneatomic/target/classes/assets/textures/Wall/1.png
22:25:07.999 [FXGL Background Thread 2 ] INFO  FXGLApplication      - Game initialization took: 0,467 sec
22:25:08.013 [JavaFX Application Thread] DEBUG Input                - Clearing active input actions
22:25:08.022 [JavaFX Application Thread] DEBUG GameApplicationServi - Removing overlay from FXGLLoadingScene and adding to GameScene
22:25:08.023 [JavaFX Application Thread] DEBUG PrimaryStageWindow   - FXGLLoadingScene -> GameScene
22:25:08.216 [FXGL Background Thread 3 ] DEBUG Engine               - Logging environment variables
22:25:08.217 [FXGL Background Thread 3 ] DEBUG Engine               - achievements: []
22:25:08.217 [FXGL Background Thread 3 ] DEBUG Engine               - actualHeight: 600.0
22:25:08.217 [FXGL Background Thread 3 ] DEBUG Engine               - actualHeightProperty: ReadOnlyDoubleProperty [value: 600.0]
22:25:08.217 [FXGL Background Thread 3 ] DEBUG Engine               - actualWidth: 800.0
22:25:08.217 [FXGL Background Thread 3 ] DEBUG Engine               - actualWidthProperty: ReadOnlyDoubleProperty [value: 800.0]
22:25:08.217 [FXGL Background Thread 3 ] DEBUG Engine               - appIcon: fxgl_icon.png
22:25:08.217 [FXGL Background Thread 3 ] DEBUG Engine               - applicationMode: DEVELOPER
22:25:08.218 [FXGL Background Thread 3 ] DEBUG Engine               - cSSList: [fxgl_dark.css]
22:25:08.218 [FXGL Background Thread 3 ] DEBUG Engine               - collisionDetectionStrategy: BRUTE_FORCE
22:25:08.218 [FXGL Background Thread 3 ] DEBUG Engine               - configClass: Optional.empty
22:25:08.218 [FXGL Background Thread 3 ] DEBUG Engine               - credits: [Designer . . . . . . . Johan Daniel Aguirre, Program Team . . . . . . Juan Sebastián Libreros,                              Juan Jose Barrera,                              Johan Daniel Aguirre, El mas lindo . . . . . . Juan Sebastián Libreros, Master Thief . . . . . . Johan Daniel Aguirre]
22:25:08.218 [FXGL Background Thread 3 ] DEBUG Engine               - defaultCursor: CursorInfo(imageName=fxgl_default_cursor.png, hotspotX=7.0, hotspotY=6.0)
22:25:08.219 [FXGL Background Thread 3 ] DEBUG Engine               - devBBoxColorProperty: ObjectProperty [value: 0xff0000ff]
22:25:08.219 [FXGL Background Thread 3 ] DEBUG Engine               - devEnableDebugCameraProperty: BooleanProperty [value: false]
22:25:08.219 [FXGL Background Thread 3 ] DEBUG Engine               - devSensorColorProperty: ObjectProperty [value: 0xffff00ff]
22:25:08.219 [FXGL Background Thread 3 ] DEBUG Engine               - devShowBBoxProperty: BooleanProperty [value: false]
22:25:08.219 [FXGL Background Thread 3 ] DEBUG Engine               - devShowPositionProperty: BooleanProperty [value: false]
22:25:08.219 [FXGL Background Thread 3 ] DEBUG Engine               - enabledMenuItems: [EXTRA]
22:25:08.219 [FXGL Background Thread 3 ] DEBUG Engine               - engineServices: [class com.almasb.fxgl.app.services.FXGLAssetLoaderService, class com.almasb.fxgl.app.FXGLApplication$GameApplicationService, class com.almasb.fxgl.app.services.FXGLDialogService, class com.almasb.fxgl.app.services.IOTaskExecutorService, class com.almasb.fxgl.io.FileSystemService, class com.almasb.fxgl.localization.LocalizationService, class com.almasb.fxgl.app.services.SystemBundleService, class com.almasb.fxgl.profile.SaveLoadService, class com.almasb.fxgl.ui.FXGLUIFactoryServiceProvider, class com.almasb.fxgl.ui.FXGLDialogFactoryServiceProvider, class com.almasb.fxgl.audio.AudioPlayer, class com.almasb.fxgl.notification.impl.NotificationServiceProvider, class com.almasb.fxgl.achievement.AchievementService, class com.almasb.fxgl.cutscene.CutsceneService, class com.almasb.fxgl.minigames.MiniGameService, class com.almasb.fxgl.net.NetService, class com.almasb.fxgl.app.services.UpdaterService, class com.almasb.fxgl.dev.DevService]
22:25:08.220 [FXGL Background Thread 3 ] DEBUG Engine               - fontGame: Abel-Regular.ttf
22:25:08.220 [FXGL Background Thread 3 ] DEBUG Engine               - fontMono: TerminalLandMono-Regular.otf
22:25:08.220 [FXGL Background Thread 3 ] DEBUG Engine               - fontText: Courier-Prime.ttf
22:25:08.220 [FXGL Background Thread 3 ] DEBUG Engine               - fontUI: VarelaRound-Regular.ttf
22:25:08.220 [FXGL Background Thread 3 ] DEBUG Engine               - fullScreen: BooleanProperty [value: false]
22:25:08.220 [FXGL Background Thread 3 ] DEBUG Engine               - gameDifficulty: MEDIUM
22:25:08.220 [FXGL Background Thread 3 ] DEBUG Engine               - gameDifficultyProperty: ObjectProperty [value: MEDIUM]
22:25:08.220 [FXGL Background Thread 3 ] DEBUG Engine               - globalMusicVolume: 0.5
22:25:08.220 [FXGL Background Thread 3 ] DEBUG Engine               - globalMusicVolumeProperty: DoubleProperty [value: 1.0]
22:25:08.220 [FXGL Background Thread 3 ] DEBUG Engine               - globalSoundVolume: 0.5
22:25:08.220 [FXGL Background Thread 3 ] DEBUG Engine               - globalSoundVolumeProperty: DoubleProperty [value: 0.1]
22:25:08.220 [FXGL Background Thread 3 ] DEBUG Engine               - height: 600
22:25:08.220 [FXGL Background Thread 3 ] DEBUG Engine               - is3D: false
22:25:08.221 [FXGL Background Thread 3 ] DEBUG Engine               - isAndroid: false
22:25:08.221 [FXGL Background Thread 3 ] DEBUG Engine               - isBrowser: false
22:25:08.221 [FXGL Background Thread 3 ] DEBUG Engine               - isClickFeedbackEnabled: false
22:25:08.221 [FXGL Background Thread 3 ] DEBUG Engine               - isCloseConfirmation: false
22:25:08.221 [FXGL Background Thread 3 ] DEBUG Engine               - isDesktop: true
22:25:08.221 [FXGL Background Thread 3 ] DEBUG Engine               - isDeveloperMenuEnabled: false
22:25:08.221 [FXGL Background Thread 3 ] DEBUG Engine               - isEmbedded: false
22:25:08.221 [FXGL Background Thread 3 ] DEBUG Engine               - isEntityPreloadEnabled: true
22:25:08.221 [FXGL Background Thread 3 ] DEBUG Engine               - isExperimentalTiledLargeMap: false
22:25:08.221 [FXGL Background Thread 3 ] DEBUG Engine               - isFileSystemWriteAllowed: true
22:25:08.222 [FXGL Background Thread 3 ] DEBUG Engine               - isFullScreenAllowed: true
22:25:08.222 [FXGL Background Thread 3 ] DEBUG Engine               - isFullScreenFromStart: false
22:25:08.222 [FXGL Background Thread 3 ] DEBUG Engine               - isGameMenuEnabled: true
22:25:08.222 [FXGL Background Thread 3 ] DEBUG Engine               - isIOS: false
22:25:08.222 [FXGL Background Thread 3 ] DEBUG Engine               - isIntroEnabled: false
22:25:08.222 [FXGL Background Thread 3 ] DEBUG Engine               - isLinux: false
22:25:08.222 [FXGL Background Thread 3 ] DEBUG Engine               - isMac: false
22:25:08.222 [FXGL Background Thread 3 ] DEBUG Engine               - isMainMenuEnabled: true
22:25:08.222 [FXGL Background Thread 3 ] DEBUG Engine               - isManualResizeEnabled: false
22:25:08.222 [FXGL Background Thread 3 ] DEBUG Engine               - isMobile: false
22:25:08.222 [FXGL Background Thread 3 ] DEBUG Engine               - isNative: false
22:25:08.222 [FXGL Background Thread 3 ] DEBUG Engine               - isPauseMusicWhenMinimized: true
22:25:08.222 [FXGL Background Thread 3 ] DEBUG Engine               - isPreserveResizeRatio: false
22:25:08.222 [FXGL Background Thread 3 ] DEBUG Engine               - isProfilingEnabled: false
22:25:08.223 [FXGL Background Thread 3 ] DEBUG Engine               - isScaleAffectedOnResize: true
22:25:08.223 [FXGL Background Thread 3 ] DEBUG Engine               - isSingleStep: false
22:25:08.223 [FXGL Background Thread 3 ] DEBUG Engine               - isUserProfileEnabled: false
22:25:08.223 [FXGL Background Thread 3 ] DEBUG Engine               - isWindows: true
22:25:08.223 [FXGL Background Thread 3 ] DEBUG Engine               - language: ObjectProperty [value: ENGLISH]
22:25:08.223 [FXGL Background Thread 3 ] DEBUG Engine               - menuKey: ESCAPE
22:25:08.223 [FXGL Background Thread 3 ] DEBUG Engine               - mouseSensitivity: 0.2
22:25:08.223 [FXGL Background Thread 3 ] DEBUG Engine               - notificationViewClass: class com.almasb.fxgl.notification.view.XboxNotificationView
22:25:08.223 [FXGL Background Thread 3 ] DEBUG Engine               - pixelsPerMeter: 50.0
22:25:08.223 [FXGL Background Thread 3 ] DEBUG Engine               - platform: WINDOWS
22:25:08.223 [FXGL Background Thread 3 ] DEBUG Engine               - prefHeightProperty: ReadOnlyDoubleProperty [value: 600.0]
22:25:08.223 [FXGL Background Thread 3 ] DEBUG Engine               - prefWidthProperty: ReadOnlyDoubleProperty [value: 800.0]
22:25:08.223 [FXGL Background Thread 3 ] DEBUG Engine               - profileDir: profiles/
22:25:08.223 [FXGL Background Thread 3 ] DEBUG Engine               - profileName: StringProperty [value: DEFAULT]
22:25:08.223 [FXGL Background Thread 3 ] DEBUG Engine               - randomSeed: -1
22:25:08.224 [FXGL Background Thread 3 ] DEBUG Engine               - runtimeInfo: RuntimeInfo(platform=WINDOWS, version=17.2, build=20.08.2022 16.50)
22:25:08.224 [FXGL Background Thread 3 ] DEBUG Engine               - saveFileExt: sav
22:25:08.224 [FXGL Background Thread 3 ] DEBUG Engine               - scaledHeightProp$fxgl: DoubleProperty [bound, value: 600.0]
22:25:08.224 [FXGL Background Thread 3 ] DEBUG Engine               - scaledWidthProp$fxgl: DoubleProperty [bound, value: 800.0]
22:25:08.224 [FXGL Background Thread 3 ] DEBUG Engine               - sceneFactory: com.almasb.fxgl.app.scene.SceneFactory@ae5d38d
22:25:08.224 [FXGL Background Thread 3 ] DEBUG Engine               - secondsIn24h: 60
22:25:08.225 [FXGL Background Thread 3 ] DEBUG Engine               - soundMenuBack: menu/back.wav
22:25:08.225 [FXGL Background Thread 3 ] DEBUG Engine               - soundMenuPress: menu/press.wav
22:25:08.225 [FXGL Background Thread 3 ] DEBUG Engine               - soundMenuSelect: menu/select.wav
22:25:08.225 [FXGL Background Thread 3 ] DEBUG Engine               - soundNotification: core/notification.wav
22:25:08.225 [FXGL Background Thread 3 ] DEBUG Engine               - stageStyle: DECORATED
22:25:08.225 [FXGL Background Thread 3 ] DEBUG Engine               - supportedLanguages: [ENGLISH, FRENCH, GERMAN, HUNGARIAN, RUSSIAN]
22:25:08.225 [FXGL Background Thread 3 ] DEBUG Engine               - ticksPerSecond: -1
22:25:08.225 [FXGL Background Thread 3 ] DEBUG Engine               - title: Nuclear Throne Atomic
22:25:08.225 [FXGL Background Thread 3 ] DEBUG Engine               - urlGithub: https://github.com/AlmasB/FXGL
22:25:08.225 [FXGL Background Thread 3 ] DEBUG Engine               - urlLeaderboard: http://fxgl-top.herokuapp.com/
22:25:08.225 [FXGL Background Thread 3 ] DEBUG Engine               - urlPOM: https://raw.githubusercontent.com/AlmasB/FXGL/release/README.md
22:25:08.225 [FXGL Background Thread 3 ] DEBUG Engine               - userAppClass: class com.example.nuclearthroneatomic.Controller
22:25:08.225 [FXGL Background Thread 3 ] DEBUG Engine               - version: 0.0
22:25:08.225 [FXGL Background Thread 3 ] DEBUG Engine               - versionCheckDays: 7
22:25:08.225 [FXGL Background Thread 3 ] DEBUG Engine               - width: 800
22:25:08.225 [FXGL Background Thread 3 ] DEBUG Engine               - Logging services
22:25:08.225 [FXGL Background Thread 3 ] DEBUG Engine               - class com.almasb.fxgl.app.services.FXGLAssetLoaderService
22:25:08.225 [FXGL Background Thread 3 ] DEBUG Engine               - class com.almasb.fxgl.app.FXGLApplication$GameApplicationService
22:25:08.225 [FXGL Background Thread 3 ] DEBUG Engine               - class com.almasb.fxgl.app.services.FXGLDialogService
22:25:08.226 [FXGL Background Thread 3 ] DEBUG Engine               - class com.almasb.fxgl.app.services.IOTaskExecutorService
22:25:08.226 [FXGL Background Thread 3 ] DEBUG Engine               - class com.almasb.fxgl.io.FileSystemService
22:25:08.226 [FXGL Background Thread 3 ] DEBUG Engine               - class com.almasb.fxgl.localization.LocalizationService
22:25:08.226 [FXGL Background Thread 3 ] DEBUG Engine               - class com.almasb.fxgl.app.services.SystemBundleService
22:25:08.226 [FXGL Background Thread 3 ] DEBUG Engine               - class com.almasb.fxgl.profile.SaveLoadService
22:25:08.226 [FXGL Background Thread 3 ] DEBUG Engine               - class com.almasb.fxgl.ui.FXGLUIFactoryServiceProvider
22:25:08.226 [FXGL Background Thread 3 ] DEBUG Engine               - class com.almasb.fxgl.ui.FXGLDialogFactoryServiceProvider
22:25:08.226 [FXGL Background Thread 3 ] DEBUG Engine               - class com.almasb.fxgl.audio.AudioPlayer
22:25:08.226 [FXGL Background Thread 3 ] DEBUG Engine               - class com.almasb.fxgl.notification.impl.NotificationServiceProvider
22:25:08.227 [FXGL Background Thread 3 ] DEBUG Engine               - class com.almasb.fxgl.achievement.AchievementService
22:25:08.227 [FXGL Background Thread 3 ] DEBUG Engine               - class com.almasb.fxgl.cutscene.CutsceneService
22:25:08.227 [FXGL Background Thread 3 ] DEBUG Engine               - class com.almasb.fxgl.minigames.MiniGameService
22:25:08.227 [FXGL Background Thread 3 ] DEBUG Engine               - class com.almasb.fxgl.net.NetService
22:25:08.227 [FXGL Background Thread 3 ] DEBUG Engine               - class com.almasb.fxgl.app.services.UpdaterService
22:25:08.227 [FXGL Background Thread 3 ] DEBUG Engine               - class com.almasb.fxgl.dev.DevService
22:25:12.848 [JavaFX Application Thread] DEBUG FXGLApplication      - Exiting FXGL
22:25:12.848 [JavaFX Application Thread] DEBUG LoopRunner           - Stopping loop
22:25:12.848 [JavaFX Application Thread] DEBUG SystemBundleService  - Saving FXGL system data
22:25:12.851 [JavaFX Application Thread] DEBUG FileSystemAccess     - Writing to: C:\Users\Usuario\OneDrive - Universidad Icesi (@icesi.edu.co)\APO2\Tareas integradoras\NuclearThroneAtomic\src\nuclearthroneatomic\system\fxgl.bundle
22:25:12.855 [JavaFX Application Thread] DEBUG Async                - Shutting down background threads
22:25:12.855 [JavaFX Application Thread] DEBUG PrimaryStageWindow   - Closing main window
22:25:12.871 [JavaFX Application Thread] DEBUG Logger               - Closing Logger
