20:04:40.286 [main                     ] DEBUG Logger               - Configured Logger
20:04:40.336 [main                     ] DEBUG GameApplication      - Logging settings
Title: Nuclear Throne Atomic
Version: 0.0
Width: 800
Height: 600
Fullscreen: true
Intro: false
Profiling: false
Single step:false
App Mode: DEVELOPER
Menu Key: ESCAPE
Stage Style: DECORATED
Scene Factory: class com.almasb.fxgl.app.scene.SceneFactory

20:04:41.590 [JavaFX Application Thread] DEBUG FXGLApplication      - Initializing FXGL
20:04:41.601 [JavaFX Application Thread] INFO  Engine               - FXGL-17.2 (20.08.2022 16.50) on WINDOWS (J:20.0.1 FX:19.0.2.1)
20:04:41.602 [JavaFX Application Thread] DEBUG Engine               - JRE Vendor Name: Oracle Corporation
20:04:41.602 [JavaFX Application Thread] DEBUG Engine               - Running on OS: Windows 10 version 10.0
20:04:41.603 [JavaFX Application Thread] DEBUG Engine               - Architecture: amd64
20:04:41.603 [JavaFX Application Thread] INFO  Engine               - Source code and latest versions at: https://github.com/AlmasB/FXGL
20:04:41.603 [JavaFX Application Thread] INFO  Engine               -       Ask questions and discuss at: https://github.com/AlmasB/FXGL/discussions
20:04:41.603 [JavaFX Application Thread] INFO  Engine               -              Join the FXGL chat at: https://gitter.im/AlmasB/FXGL
20:04:41.784 [JavaFX Application Thread] DEBUG PrimaryStageWindow   - Creating a JavaFX scene
20:04:41.859 [JavaFX Application Thread] DEBUG PrimaryStageWindow   - Target settings size: 800.0 x 600.0
20:04:41.859 [JavaFX Application Thread] DEBUG PrimaryStageWindow   - Scaled scene size:    800.0 x 600.0
20:04:41.859 [JavaFX Application Thread] DEBUG PrimaryStageWindow   - Scaled ratio: (1.0, 1.0)
20:04:41.861 [JavaFX Application Thread] DEBUG PrimaryStageWindow   - Set initial scene to FXGLStartupScene
20:04:41.868 [JavaFX Application Thread] DEBUG PrimaryStageWindow   - Opening main window
20:04:42.137 [JavaFX Application Thread] DEBUG PrimaryStageWindow   - Window border size: (16.0, 39.0)
20:04:42.138 [JavaFX Application Thread] DEBUG PrimaryStageWindow   - Scaled size: 800.0 x 600.0
20:04:42.138 [JavaFX Application Thread] DEBUG PrimaryStageWindow   - Scaled ratio: (1.0, 1.0)
20:04:42.139 [JavaFX Application Thread] DEBUG PrimaryStageWindow   - Scene size: 800.0 x 600.0
20:04:42.139 [JavaFX Application Thread] DEBUG PrimaryStageWindow   - Stage size: 816.0 x 639.0
20:04:42.238 [JavaFX Application Thread] DEBUG PrimaryStageWindow   - Going fullscreen
20:04:42.258 [FXGL Background Thread 1 ] DEBUG Engine               - Initializing environment variables
20:04:42.361 [FXGL Background Thread 1 ] DEBUG FXGLAssetLoaderServi - User app class for loading assets: class com.example.nuclearthroneatomic.Controller
20:04:42.362 [FXGL Background Thread 1 ] DEBUG GameApplicationServi - Applying CSS: fxgl_dark.css
20:04:42.364 [FXGL Background Thread 1 ] DEBUG FXGLAssetLoaderServi - Loading from file system: jar:file:///C:/Users/Usuario/.m2/repository/com/github/almasb/fxgl/17.2/fxgl-17.2.jar!/fxglassets/ui/css/fxgl_dark.css
20:04:42.474 [FXGL Background Thread 1 ] DEBUG GameApplicationServi - Initializing application scenes
20:04:42.544 [FXGL Background Thread 1 ] DEBUG GameWorld            - Game world initialized
20:04:42.672 [FXGL Background Thread 1 ] DEBUG PhysicsWorld         - Physics world initialized: appHeight=600, physics.ppm=50,0
20:04:42.673 [FXGL Background Thread 1 ] DEBUG PhysicsWorld         - Using strategy: BRUTE_FORCE
20:04:42.683 [FXGL Background Thread 1 ] DEBUG GameScene            - Game scene initialized: 800x600
20:04:42.704 [FXGL Background Thread 1 ] DEBUG FXGL.DefaultMenu     - createMenuBodyMainMenu()
20:04:42.729 [FXGL Background Thread 1 ] DEBUG FXGL.DefaultMenu     - createOptionsMenu()
20:04:42.740 [FXGL Background Thread 1 ] DEBUG FXGL.DefaultMenu     - createExtraMenu()
20:04:42.755 [FXGL Background Thread 1 ] DEBUG FXGLAssetLoaderServi - Loading from file system: jar:file:///C:/Users/Usuario/.m2/repository/com/github/almasb/fxgl/17.2/fxgl-17.2.jar!/fxglassets/textures/particles/smoke.png
20:04:42.910 [FXGL Background Thread 1 ] DEBUG FXGLAssetLoaderServi - Loading from file system: jar:file:///C:/Users/Usuario/.m2/repository/com/github/almasb/fxgl/17.2/fxgl-17.2.jar!/fxglassets/textures/particles/trace_horizontal.png
20:04:42.959 [FXGL Background Thread 1 ] DEBUG FXGL.DefaultMenu     - createMenuBodyGameMenu()
20:04:42.961 [FXGL Background Thread 1 ] DEBUG FXGL.DefaultMenu     - createOptionsMenu()
20:04:42.969 [FXGL Background Thread 1 ] DEBUG FXGL.DefaultMenu     - createExtraMenu()
20:04:42.994 [FXGL Background Thread 1 ] DEBUG GameApplicationServi - Application scenes initialized
20:04:43.022 [FXGL Background Thread 1 ] DEBUG SystemBundleService  - Loading FXGL system data
20:04:43.030 [FXGL Background Thread 1 ] DEBUG FileSystemAccess     - Reading from: C:\Users\Usuario\OneDrive - Universidad Icesi (@icesi.edu.co)\APO2\Tareas integradoras\NuclearThroneAtomic\src\nuclearthroneatomic\system\fxgl.bundle
20:04:43.050 [FXGL Background Thread 1 ] DEBUG SystemBundleService  - Bundle FXGL: {}
20:04:43.051 [FXGL Background Thread 1 ] DEBUG UpdaterService       - Checking for updates
20:04:43.061 [FXGL Background Thread 1 ] DEBUG FXGLApplication      - Loading default localization
20:04:43.062 [FXGL Background Thread 1 ] DEBUG FXGLAssetLoaderServi - Loading from file system: jar:file:///C:/Users/Usuario/.m2/repository/com/github/almasb/fxgl/17.2/fxgl-17.2.jar!/fxglassets/languages/english.lang
20:04:43.068 [FXGL Background Thread 4 ] DEBUG FXGLApplication      - Loading fonts
20:04:43.069 [FXGL Background Thread 4 ] DEBUG FXGLAssetLoaderServi - Loading from file system: jar:file:///C:/Users/Usuario/.m2/repository/com/github/almasb/fxgl/17.2/fxgl-17.2.jar!/fxglassets/ui/fonts/VarelaRound-Regular.ttf
20:04:43.096 [FXGL Background Thread 1 ] INFO  FXGLApplication      - FXGL initialization took: 0,837 sec
20:04:43.119 [JavaFX Application Thread] DEBUG Input                - Registered new binding: lucky - Q
20:04:43.122 [JavaFX Application Thread] DEBUG Input                - Registered new binding: health - F
20:04:43.123 [JavaFX Application Thread] DEBUG Input                - Registered new binding: Right - D
20:04:43.123 [JavaFX Application Thread] DEBUG Input                - Registered new binding: Left - A
20:04:43.123 [JavaFX Application Thread] DEBUG Input                - Registered new binding: Up - W
20:04:43.124 [JavaFX Application Thread] DEBUG Input                - Registered new binding: Down - S
20:04:43.126 [JavaFX Application Thread] DEBUG Input                - Registered new binding: Reload - RMB
20:04:43.127 [JavaFX Application Thread] DEBUG Input                - Registered new binding: Shoot - LMB
20:04:43.128 [JavaFX Application Thread] DEBUG FXGLAssetLoaderServi - Loading from file system: file:/C:/Users/Usuario/OneDrive%20-%20Universidad%20Icesi%20(@icesi.edu.co)/APO2/Tareas%20integradoras/NuclearThroneAtomic/src/nuclearthroneatomic/target/classes/assets/music/muiscformenus.mp3
20:04:43.397 [FXGL Background Thread 4 ] DEBUG FXGLAssetLoaderServi - Loading from file system: jar:file:///C:/Users/Usuario/.m2/repository/com/github/almasb/fxgl/17.2/fxgl-17.2.jar!/fxglassets/ui/fonts/Abel-Regular.ttf
20:04:43.404 [FXGL Background Thread 4 ] DEBUG FXGLAssetLoaderServi - Loading from file system: jar:file:///C:/Users/Usuario/.m2/repository/com/github/almasb/fxgl/17.2/fxgl-17.2.jar!/fxglassets/ui/fonts/TerminalLandMono-Regular.otf
20:04:43.410 [FXGL Background Thread 4 ] DEBUG FXGLAssetLoaderServi - Loading from file system: jar:file:///C:/Users/Usuario/.m2/repository/com/github/almasb/fxgl/17.2/fxgl-17.2.jar!/fxglassets/ui/fonts/Courier-Prime.ttf
20:04:43.449 [JavaFX Application Thread] DEBUG AudioPlayer          - Playing music com.almasb.fxgl.audio.Music@ce5fc98
20:04:43.451 [JavaFX Application Thread] DEBUG FXGLAssetLoaderServi - Loading from file system: jar:file:///C:/Users/Usuario/.m2/repository/com/github/almasb/fxgl/17.2/fxgl-17.2.jar!/fxglassets/textures/fxgl_icon.png
20:04:43.488 [JavaFX Application Thread] DEBUG FXGLAssetLoaderServi - Loading from file system: jar:file:///C:/Users/Usuario/.m2/repository/com/github/almasb/fxgl/17.2/fxgl-17.2.jar!/fxglassets/textures/fxgl_default_cursor.png
20:04:43.493 [JavaFX Application Thread] DEBUG Input                - Registered new binding: Screenshot - CTRL+8
20:04:43.493 [JavaFX Application Thread] DEBUG Input                - Registered new binding: System info dump - CTRL+9
20:04:43.494 [JavaFX Application Thread] DEBUG Input                - Registered new binding: Restart - CTRL+R
20:04:43.495 [JavaFX Application Thread] DEBUG Input                - Registered new binding: Toggle Debug Camera - CTRL+7
20:04:43.500 [JavaFX Application Thread] DEBUG LoopRunner           - Starting loop
20:04:43.500 [JavaFX Application Thread] DEBUG LoopRunner           - Initializing JavaFX AnimationTimerLoop
20:04:43.504 [JavaFX Application Thread] DEBUG Input                - Clearing active input actions
20:04:43.521 [JavaFX Application Thread] DEBUG GameApplicationServi - Removing overlay from FXGLStartupScene and adding to FXGLMainMenuDummyScene
20:04:43.522 [JavaFX Application Thread] DEBUG PrimaryStageWindow   - FXGLStartupScene -> FXGLMainMenuDummyScene
20:04:43.523 [JavaFX Application Thread] DEBUG PrimaryStageWindow   - Push state: FXGLDefaultMenu
20:04:43.531 [JavaFX Application Thread] DEBUG Input                - Clearing active input actions
20:04:43.549 [JavaFX Application Thread] DEBUG GameApplicationServi - Removing overlay from FXGLMainMenuDummyScene and adding to FXGLDefaultMenu
20:04:43.551 [JavaFX Application Thread] DEBUG PrimaryStageWindow   - FXGLMainMenuDummyScene -> FXGLDefaultMenu
20:04:43.552 [JavaFX Application Thread] DEBUG FXGLApplication      - Registering font factories with UI factory
20:04:43.954 [FXGL Background Thread 2 ] INFO  UpdaterService       - Your current version:  17.2
20:04:43.954 [FXGL Background Thread 2 ] INFO  UpdaterService       - Latest stable version: 17.3
20:04:45.484 [JavaFX Application Thread] DEBUG Menu                 - fireNewGame()
20:04:45.484 [JavaFX Application Thread] DEBUG GameApplicationServi - Starting new game
20:04:45.487 [JavaFX Application Thread] DEBUG PrimaryStageWindow   - Pop state: FXGLDefaultMenu
20:04:45.488 [JavaFX Application Thread] DEBUG Input                - Clearing active input actions
20:04:45.489 [JavaFX Application Thread] DEBUG GameApplicationServi - Removing overlay from FXGLDefaultMenu and adding to FXGLMainMenuDummyScene
20:04:45.490 [JavaFX Application Thread] DEBUG PrimaryStageWindow   - FXGLMainMenuDummyScene <- FXGLDefaultMenu
20:04:45.490 [JavaFX Application Thread] DEBUG Input                - Clearing active input actions
20:04:45.500 [JavaFX Application Thread] DEBUG GameApplicationServi - Removing overlay from FXGLMainMenuDummyScene and adding to FXGLLoadingScene
20:04:45.501 [JavaFX Application Thread] DEBUG PrimaryStageWindow   - FXGLMainMenuDummyScene -> FXGLLoadingScene
20:04:45.501 [JavaFX Application Thread] DEBUG GameApplicationServi - Clearing previous game
20:04:45.501 [JavaFX Application Thread] DEBUG GameScene            - Clearing game scene
20:04:45.501 [JavaFX Application Thread] DEBUG GameWorld            - Clearing game world
20:04:45.501 [JavaFX Application Thread] DEBUG PhysicsWorld         - Clearing physics world
20:04:45.503 [FXGL Background Thread 2 ] DEBUG FXGLApplication      - Initializing game
20:04:45.512 [FXGL Background Thread 2 ] DEBUG FXGLAssetLoaderServi - Loading from file system: file:/C:/Users/Usuario/OneDrive%20-%20Universidad%20Icesi%20(@icesi.edu.co)/APO2/Tareas%20integradoras/NuclearThroneAtomic/src/nuclearthroneatomic/target/classes/assets/textures/Background/libraryYesOMG.png
20:04:45.541 [FXGL Background Thread 2 ] DEBUG FXGLAssetLoaderServi - Loading from file system: file:/C:/Users/Usuario/OneDrive%20-%20Universidad%20Icesi%20(@icesi.edu.co)/APO2/Tareas%20integradoras/NuclearThroneAtomic/src/nuclearthroneatomic/target/classes/assets/textures/Avatar/1-Idle/1.png
20:04:45.543 [FXGL Background Thread 2 ] DEBUG FXGLAssetLoaderServi - Loading from file system: file:/C:/Users/Usuario/OneDrive%20-%20Universidad%20Icesi%20(@icesi.edu.co)/APO2/Tareas%20integradoras/NuclearThroneAtomic/src/nuclearthroneatomic/target/classes/assets/textures/Avatar/1-Idle/2.png
20:04:45.548 [FXGL Background Thread 2 ] DEBUG FXGLAssetLoaderServi - Loading from file system: file:/C:/Users/Usuario/OneDrive%20-%20Universidad%20Icesi%20(@icesi.edu.co)/APO2/Tareas%20integradoras/NuclearThroneAtomic/src/nuclearthroneatomic/target/classes/assets/textures/Avatar/1-Idle/3.png
20:04:45.551 [FXGL Background Thread 2 ] DEBUG FXGLAssetLoaderServi - Loading from file system: file:/C:/Users/Usuario/OneDrive%20-%20Universidad%20Icesi%20(@icesi.edu.co)/APO2/Tareas%20integradoras/NuclearThroneAtomic/src/nuclearthroneatomic/target/classes/assets/textures/Avatar/1-Idle/4.png
20:04:45.583 [FXGL Background Thread 2 ] DEBUG FXGLAssetLoaderServi - Loading from file system: file:/C:/Users/Usuario/OneDrive%20-%20Universidad%20Icesi%20(@icesi.edu.co)/APO2/Tareas%20integradoras/NuclearThroneAtomic/src/nuclearthroneatomic/target/classes/assets/textures/Avatar/2-Run/1.png
20:04:45.587 [FXGL Background Thread 2 ] DEBUG FXGLAssetLoaderServi - Loading from file system: file:/C:/Users/Usuario/OneDrive%20-%20Universidad%20Icesi%20(@icesi.edu.co)/APO2/Tareas%20integradoras/NuclearThroneAtomic/src/nuclearthroneatomic/target/classes/assets/textures/Avatar/2-Run/2.png
20:04:45.589 [FXGL Background Thread 2 ] DEBUG FXGLAssetLoaderServi - Loading from file system: file:/C:/Users/Usuario/OneDrive%20-%20Universidad%20Icesi%20(@icesi.edu.co)/APO2/Tareas%20integradoras/NuclearThroneAtomic/src/nuclearthroneatomic/target/classes/assets/textures/Avatar/2-Run/3.png
20:04:45.592 [FXGL Background Thread 2 ] DEBUG FXGLAssetLoaderServi - Loading from file system: file:/C:/Users/Usuario/OneDrive%20-%20Universidad%20Icesi%20(@icesi.edu.co)/APO2/Tareas%20integradoras/NuclearThroneAtomic/src/nuclearthroneatomic/target/classes/assets/textures/Avatar/2-Run/4.png
20:04:45.595 [FXGL Background Thread 2 ] DEBUG FXGLAssetLoaderServi - Loading from file system: file:/C:/Users/Usuario/OneDrive%20-%20Universidad%20Icesi%20(@icesi.edu.co)/APO2/Tareas%20integradoras/NuclearThroneAtomic/src/nuclearthroneatomic/target/classes/assets/textures/Avatar/2-Run/5.png
20:04:45.599 [FXGL Background Thread 2 ] DEBUG FXGLAssetLoaderServi - Loading from file system: file:/C:/Users/Usuario/OneDrive%20-%20Universidad%20Icesi%20(@icesi.edu.co)/APO2/Tareas%20integradoras/NuclearThroneAtomic/src/nuclearthroneatomic/target/classes/assets/textures/Avatar/2-Run/6.png
20:04:45.605 [FXGL Background Thread 2 ] DEBUG FXGLAssetLoaderServi - Loading from file system: file:/C:/Users/Usuario/OneDrive%20-%20Universidad%20Icesi%20(@icesi.edu.co)/APO2/Tareas%20integradoras/NuclearThroneAtomic/src/nuclearthroneatomic/target/classes/assets/textures/Munition/1.png
20:04:45.628 [FXGL Background Thread 2 ] DEBUG FXGLAssetLoaderServi - Loading from file system: file:/C:/Users/Usuario/OneDrive%20-%20Universidad%20Icesi%20(@icesi.edu.co)/APO2/Tareas%20integradoras/NuclearThroneAtomic/src/nuclearthroneatomic/target/classes/assets/textures/hud/lifeplayer.png
20:04:45.634 [FXGL Background Thread 2 ] DEBUG FXGLAssetLoaderServi - Loading from file system: file:/C:/Users/Usuario/OneDrive%20-%20Universidad%20Icesi%20(@icesi.edu.co)/APO2/Tareas%20integradoras/NuclearThroneAtomic/src/nuclearthroneatomic/target/classes/assets/textures/hud/medkit.png
20:04:45.637 [FXGL Background Thread 2 ] DEBUG FXGLAssetLoaderServi - Loading from file system: file:/C:/Users/Usuario/OneDrive%20-%20Universidad%20Icesi%20(@icesi.edu.co)/APO2/Tareas%20integradoras/NuclearThroneAtomic/src/nuclearthroneatomic/target/classes/assets/textures/hud/trebol.png
20:04:45.642 [FXGL Background Thread 2 ] DEBUG FXGLAssetLoaderServi - Loading from file system: file:/C:/Users/Usuario/OneDrive%20-%20Universidad%20Icesi%20(@icesi.edu.co)/APO2/Tareas%20integradoras/NuclearThroneAtomic/src/nuclearthroneatomic/target/classes/assets/textures/Guns/hand.png
20:04:45.664 [FXGL Background Thread 2 ] DEBUG FXGLAssetLoaderServi - Loading from file system: file:/C:/Users/Usuario/OneDrive%20-%20Universidad%20Icesi%20(@icesi.edu.co)/APO2/Tareas%20integradoras/NuclearThroneAtomic/src/nuclearthroneatomic/target/classes/assets/textures/Guns/2.png
20:04:45.669 [FXGL Background Thread 2 ] DEBUG FXGLAssetLoaderServi - Loading from file system: file:/C:/Users/Usuario/OneDrive%20-%20Universidad%20Icesi%20(@icesi.edu.co)/APO2/Tareas%20integradoras/NuclearThroneAtomic/src/nuclearthroneatomic/target/classes/assets/textures/enemy/1-Idle/1.png
20:04:45.671 [FXGL Background Thread 2 ] DEBUG FXGLAssetLoaderServi - Loading from file system: file:/C:/Users/Usuario/OneDrive%20-%20Universidad%20Icesi%20(@icesi.edu.co)/APO2/Tareas%20integradoras/NuclearThroneAtomic/src/nuclearthroneatomic/target/classes/assets/textures/enemy/1-Idle/2.png
20:04:45.672 [FXGL Background Thread 2 ] DEBUG FXGLAssetLoaderServi - Loading from file system: file:/C:/Users/Usuario/OneDrive%20-%20Universidad%20Icesi%20(@icesi.edu.co)/APO2/Tareas%20integradoras/NuclearThroneAtomic/src/nuclearthroneatomic/target/classes/assets/textures/enemy/1-Idle/3.png
20:04:45.675 [FXGL Background Thread 2 ] DEBUG FXGLAssetLoaderServi - Loading from file system: file:/C:/Users/Usuario/OneDrive%20-%20Universidad%20Icesi%20(@icesi.edu.co)/APO2/Tareas%20integradoras/NuclearThroneAtomic/src/nuclearthroneatomic/target/classes/assets/textures/enemy/1-Idle/4.png
20:04:45.684 [FXGL Background Thread 2 ] DEBUG FXGLAssetLoaderServi - Loading from file system: file:/C:/Users/Usuario/OneDrive%20-%20Universidad%20Icesi%20(@icesi.edu.co)/APO2/Tareas%20integradoras/NuclearThroneAtomic/src/nuclearthroneatomic/target/classes/assets/textures/enemy/2-Run/1.png
20:04:45.685 [FXGL Background Thread 2 ] DEBUG FXGLAssetLoaderServi - Loading from file system: file:/C:/Users/Usuario/OneDrive%20-%20Universidad%20Icesi%20(@icesi.edu.co)/APO2/Tareas%20integradoras/NuclearThroneAtomic/src/nuclearthroneatomic/target/classes/assets/textures/enemy/2-Run/2.png
20:04:45.687 [FXGL Background Thread 2 ] DEBUG FXGLAssetLoaderServi - Loading from file system: file:/C:/Users/Usuario/OneDrive%20-%20Universidad%20Icesi%20(@icesi.edu.co)/APO2/Tareas%20integradoras/NuclearThroneAtomic/src/nuclearthroneatomic/target/classes/assets/textures/enemy/2-Run/3.png
20:04:45.689 [FXGL Background Thread 2 ] DEBUG FXGLAssetLoaderServi - Loading from file system: file:/C:/Users/Usuario/OneDrive%20-%20Universidad%20Icesi%20(@icesi.edu.co)/APO2/Tareas%20integradoras/NuclearThroneAtomic/src/nuclearthroneatomic/target/classes/assets/textures/enemy/2-Run/4.png
20:04:45.691 [FXGL Background Thread 2 ] DEBUG FXGLAssetLoaderServi - Loading from file system: file:/C:/Users/Usuario/OneDrive%20-%20Universidad%20Icesi%20(@icesi.edu.co)/APO2/Tareas%20integradoras/NuclearThroneAtomic/src/nuclearthroneatomic/target/classes/assets/textures/enemy/2-Run/5.png
20:04:45.693 [FXGL Background Thread 2 ] DEBUG FXGLAssetLoaderServi - Loading from file system: file:/C:/Users/Usuario/OneDrive%20-%20Universidad%20Icesi%20(@icesi.edu.co)/APO2/Tareas%20integradoras/NuclearThroneAtomic/src/nuclearthroneatomic/target/classes/assets/textures/enemy/2-Run/6.png
20:04:45.698 [FXGL Background Thread 2 ] DEBUG FXGLAssetLoaderServi - Loading from file system: file:/C:/Users/Usuario/OneDrive%20-%20Universidad%20Icesi%20(@icesi.edu.co)/APO2/Tareas%20integradoras/NuclearThroneAtomic/src/nuclearthroneatomic/target/classes/assets/textures/Guns/1.png
20:04:45.726 [FXGL Background Thread 2 ] DEBUG FXGLAssetLoaderServi - Loading from file system: file:/C:/Users/Usuario/OneDrive%20-%20Universidad%20Icesi%20(@icesi.edu.co)/APO2/Tareas%20integradoras/NuclearThroneAtomic/src/nuclearthroneatomic/target/classes/assets/textures/Wall/1.png
20:04:45.742 [FXGL Background Thread 2 ] DEBUG FXGLAssetLoaderServi - Loading from file system: file:/C:/Users/Usuario/OneDrive%20-%20Universidad%20Icesi%20(@icesi.edu.co)/APO2/Tareas%20integradoras/NuclearThroneAtomic/src/nuclearthroneatomic/target/classes/assets/textures/mouse/mousecomplete.png
20:04:45.964 [FXGL Background Thread 2 ] INFO  FXGLApplication      - Game initialization took: 0,461 sec
20:04:45.964 [JavaFX Application Thread] DEBUG Input                - Clearing active input actions
20:04:45.976 [JavaFX Application Thread] DEBUG GameApplicationServi - Removing overlay from FXGLLoadingScene and adding to GameScene
20:04:45.977 [JavaFX Application Thread] DEBUG PrimaryStageWindow   - FXGLLoadingScene -> GameScene
20:04:46.057 [FXGL Background Thread 3 ] DEBUG Engine               - Logging environment variables
20:04:46.059 [FXGL Background Thread 3 ] DEBUG Engine               - achievements: []
20:04:46.059 [FXGL Background Thread 3 ] DEBUG Engine               - actualHeight: 1080.0
20:04:46.060 [FXGL Background Thread 3 ] DEBUG Engine               - actualHeightProperty: ReadOnlyDoubleProperty [value: 1080.0]
20:04:46.060 [FXGL Background Thread 3 ] DEBUG Engine               - actualWidth: 1920.0
20:04:46.060 [FXGL Background Thread 3 ] DEBUG Engine               - actualWidthProperty: ReadOnlyDoubleProperty [value: 1920.0]
20:04:46.060 [FXGL Background Thread 3 ] DEBUG Engine               - appIcon: fxgl_icon.png
20:04:46.060 [FXGL Background Thread 3 ] DEBUG Engine               - applicationMode: DEVELOPER
20:04:46.060 [FXGL Background Thread 3 ] DEBUG Engine               - cSSList: [fxgl_dark.css]
20:04:46.060 [FXGL Background Thread 3 ] DEBUG Engine               - collisionDetectionStrategy: BRUTE_FORCE
20:04:46.061 [FXGL Background Thread 3 ] DEBUG Engine               - configClass: Optional.empty
20:04:46.061 [FXGL Background Thread 3 ] DEBUG Engine               - credits: [Designer . . . . . . . Johan Daniel Aguirre, Program Team . . . . . . Juan Sebastián Libreros,                           Juan Jose Barrera,                           Johan Daniel Aguirre, El mas lindo . . . . . . Juan Sebastián Libreros, Master Thief . . . . . . Johan Daniel Aguirre]
20:04:46.062 [FXGL Background Thread 3 ] DEBUG Engine               - defaultCursor: CursorInfo(imageName=fxgl_default_cursor.png, hotspotX=7.0, hotspotY=6.0)
20:04:46.063 [FXGL Background Thread 3 ] DEBUG Engine               - devBBoxColorProperty: ObjectProperty [value: 0xff0000ff]
20:04:46.063 [FXGL Background Thread 3 ] DEBUG Engine               - devEnableDebugCameraProperty: BooleanProperty [value: false]
20:04:46.064 [FXGL Background Thread 3 ] DEBUG Engine               - devSensorColorProperty: ObjectProperty [value: 0xffff00ff]
20:04:46.064 [FXGL Background Thread 3 ] DEBUG Engine               - devShowBBoxProperty: BooleanProperty [value: false]
20:04:46.064 [FXGL Background Thread 3 ] DEBUG Engine               - devShowPositionProperty: BooleanProperty [value: false]
20:04:46.064 [FXGL Background Thread 3 ] DEBUG Engine               - enabledMenuItems: [EXTRA]
20:04:46.064 [FXGL Background Thread 3 ] DEBUG Engine               - engineServices: [class com.almasb.fxgl.app.services.FXGLAssetLoaderService, class com.almasb.fxgl.app.FXGLApplication$GameApplicationService, class com.almasb.fxgl.app.services.FXGLDialogService, class com.almasb.fxgl.app.services.IOTaskExecutorService, class com.almasb.fxgl.io.FileSystemService, class com.almasb.fxgl.localization.LocalizationService, class com.almasb.fxgl.app.services.SystemBundleService, class com.almasb.fxgl.profile.SaveLoadService, class com.almasb.fxgl.ui.FXGLUIFactoryServiceProvider, class com.almasb.fxgl.ui.FXGLDialogFactoryServiceProvider, class com.almasb.fxgl.audio.AudioPlayer, class com.almasb.fxgl.notification.impl.NotificationServiceProvider, class com.almasb.fxgl.achievement.AchievementService, class com.almasb.fxgl.cutscene.CutsceneService, class com.almasb.fxgl.minigames.MiniGameService, class com.almasb.fxgl.net.NetService, class com.almasb.fxgl.app.services.UpdaterService, class com.almasb.fxgl.dev.DevService]
20:04:46.064 [FXGL Background Thread 3 ] DEBUG Engine               - fontGame: Abel-Regular.ttf
20:04:46.064 [FXGL Background Thread 3 ] DEBUG Engine               - fontMono: TerminalLandMono-Regular.otf
20:04:46.064 [FXGL Background Thread 3 ] DEBUG Engine               - fontText: Courier-Prime.ttf
20:04:46.065 [FXGL Background Thread 3 ] DEBUG Engine               - fontUI: VarelaRound-Regular.ttf
20:04:46.065 [FXGL Background Thread 3 ] DEBUG Engine               - fullScreen: BooleanProperty [value: true]
20:04:46.065 [FXGL Background Thread 3 ] DEBUG Engine               - gameDifficulty: MEDIUM
20:04:46.065 [FXGL Background Thread 3 ] DEBUG Engine               - gameDifficultyProperty: ObjectProperty [value: MEDIUM]
20:04:46.065 [FXGL Background Thread 3 ] DEBUG Engine               - globalMusicVolume: 0.5
20:04:46.065 [FXGL Background Thread 3 ] DEBUG Engine               - globalMusicVolumeProperty: DoubleProperty [value: 1.0]
20:04:46.066 [FXGL Background Thread 3 ] DEBUG Engine               - globalSoundVolume: 0.5
20:04:46.066 [FXGL Background Thread 3 ] DEBUG Engine               - globalSoundVolumeProperty: DoubleProperty [value: 0.1]
20:04:46.066 [FXGL Background Thread 3 ] DEBUG Engine               - height: 600
20:04:46.066 [FXGL Background Thread 3 ] DEBUG Engine               - is3D: false
20:04:46.066 [FXGL Background Thread 3 ] DEBUG Engine               - isAndroid: false
20:04:46.066 [FXGL Background Thread 3 ] DEBUG Engine               - isBrowser: false
20:04:46.066 [FXGL Background Thread 3 ] DEBUG Engine               - isClickFeedbackEnabled: false
20:04:46.066 [FXGL Background Thread 3 ] DEBUG Engine               - isCloseConfirmation: false
20:04:46.066 [FXGL Background Thread 3 ] DEBUG Engine               - isDesktop: true
20:04:46.067 [FXGL Background Thread 3 ] DEBUG Engine               - isDeveloperMenuEnabled: false
20:04:46.067 [FXGL Background Thread 3 ] DEBUG Engine               - isEmbedded: false
20:04:46.067 [FXGL Background Thread 3 ] DEBUG Engine               - isEntityPreloadEnabled: true
20:04:46.067 [FXGL Background Thread 3 ] DEBUG Engine               - isExperimentalTiledLargeMap: false
20:04:46.067 [FXGL Background Thread 3 ] DEBUG Engine               - isFileSystemWriteAllowed: true
20:04:46.067 [FXGL Background Thread 3 ] DEBUG Engine               - isFullScreenAllowed: true
20:04:46.067 [FXGL Background Thread 3 ] DEBUG Engine               - isFullScreenFromStart: true
20:04:46.067 [FXGL Background Thread 3 ] DEBUG Engine               - isGameMenuEnabled: true
20:04:46.068 [FXGL Background Thread 3 ] DEBUG Engine               - isIOS: false
20:04:46.068 [FXGL Background Thread 3 ] DEBUG Engine               - isIntroEnabled: false
20:04:46.068 [FXGL Background Thread 3 ] DEBUG Engine               - isLinux: false
20:04:46.068 [FXGL Background Thread 3 ] DEBUG Engine               - isMac: false
20:04:46.068 [FXGL Background Thread 3 ] DEBUG Engine               - isMainMenuEnabled: true
20:04:46.068 [FXGL Background Thread 3 ] DEBUG Engine               - isManualResizeEnabled: false
20:04:46.068 [FXGL Background Thread 3 ] DEBUG Engine               - isMobile: false
20:04:46.068 [FXGL Background Thread 3 ] DEBUG Engine               - isNative: false
20:04:46.068 [FXGL Background Thread 3 ] DEBUG Engine               - isPauseMusicWhenMinimized: true
20:04:46.068 [FXGL Background Thread 3 ] DEBUG Engine               - isPreserveResizeRatio: false
20:04:46.068 [FXGL Background Thread 3 ] DEBUG Engine               - isProfilingEnabled: false
20:04:46.068 [FXGL Background Thread 3 ] DEBUG Engine               - isScaleAffectedOnResize: true
20:04:46.069 [FXGL Background Thread 3 ] DEBUG Engine               - isSingleStep: false
20:04:46.069 [FXGL Background Thread 3 ] DEBUG Engine               - isUserProfileEnabled: false
20:04:46.069 [FXGL Background Thread 3 ] DEBUG Engine               - isWindows: true
20:04:46.069 [FXGL Background Thread 3 ] DEBUG Engine               - language: ObjectProperty [value: ENGLISH]
20:04:46.069 [FXGL Background Thread 3 ] DEBUG Engine               - menuKey: ESCAPE
20:04:46.069 [FXGL Background Thread 3 ] DEBUG Engine               - mouseSensitivity: 0.2
20:04:46.069 [FXGL Background Thread 3 ] DEBUG Engine               - notificationViewClass: class com.almasb.fxgl.notification.view.XboxNotificationView
20:04:46.069 [FXGL Background Thread 3 ] DEBUG Engine               - pixelsPerMeter: 50.0
20:04:46.069 [FXGL Background Thread 3 ] DEBUG Engine               - platform: WINDOWS
20:04:46.069 [FXGL Background Thread 3 ] DEBUG Engine               - prefHeightProperty: ReadOnlyDoubleProperty [value: 600.0]
20:04:46.070 [FXGL Background Thread 3 ] DEBUG Engine               - prefWidthProperty: ReadOnlyDoubleProperty [value: 800.0]
20:04:46.070 [FXGL Background Thread 3 ] DEBUG Engine               - profileDir: profiles/
20:04:46.070 [FXGL Background Thread 3 ] DEBUG Engine               - profileName: StringProperty [value: DEFAULT]
20:04:46.070 [FXGL Background Thread 3 ] DEBUG Engine               - randomSeed: -1
20:04:46.071 [FXGL Background Thread 3 ] DEBUG Engine               - runtimeInfo: RuntimeInfo(platform=WINDOWS, version=17.2, build=20.08.2022 16.50)
20:04:46.071 [FXGL Background Thread 3 ] DEBUG Engine               - saveFileExt: sav
20:04:46.071 [FXGL Background Thread 3 ] DEBUG Engine               - scaledHeightProp$fxgl: DoubleProperty [bound, value: 1080.0]
20:04:46.072 [FXGL Background Thread 3 ] DEBUG Engine               - scaledWidthProp$fxgl: DoubleProperty [bound, value: 1920.0]
20:04:46.072 [FXGL Background Thread 3 ] DEBUG Engine               - sceneFactory: com.almasb.fxgl.app.scene.SceneFactory@465e39d3
20:04:46.072 [FXGL Background Thread 3 ] DEBUG Engine               - secondsIn24h: 60
20:04:46.072 [FXGL Background Thread 3 ] DEBUG Engine               - soundMenuBack: menu/back.wav
20:04:46.072 [FXGL Background Thread 3 ] DEBUG Engine               - soundMenuPress: menu/press.wav
20:04:46.072 [FXGL Background Thread 3 ] DEBUG Engine               - soundMenuSelect: menu/select.wav
20:04:46.072 [FXGL Background Thread 3 ] DEBUG Engine               - soundNotification: core/notification.wav
20:04:46.072 [FXGL Background Thread 3 ] DEBUG Engine               - stageStyle: DECORATED
20:04:46.072 [FXGL Background Thread 3 ] DEBUG Engine               - supportedLanguages: [ENGLISH, FRENCH, GERMAN, HUNGARIAN, RUSSIAN]
20:04:46.072 [FXGL Background Thread 3 ] DEBUG Engine               - ticksPerSecond: -1
20:04:46.073 [FXGL Background Thread 3 ] DEBUG Engine               - title: Nuclear Throne Atomic
20:04:46.073 [FXGL Background Thread 3 ] DEBUG Engine               - urlGithub: https://github.com/AlmasB/FXGL
20:04:46.073 [FXGL Background Thread 3 ] DEBUG Engine               - urlLeaderboard: http://fxgl-top.herokuapp.com/
20:04:46.073 [FXGL Background Thread 3 ] DEBUG Engine               - urlPOM: https://raw.githubusercontent.com/AlmasB/FXGL/release/README.md
20:04:46.073 [FXGL Background Thread 3 ] DEBUG Engine               - userAppClass: class com.example.nuclearthroneatomic.Controller
20:04:46.073 [FXGL Background Thread 3 ] DEBUG Engine               - version: 0.0
20:04:46.073 [FXGL Background Thread 3 ] DEBUG Engine               - versionCheckDays: 7
20:04:46.073 [FXGL Background Thread 3 ] DEBUG Engine               - width: 800
20:04:46.074 [FXGL Background Thread 3 ] DEBUG Engine               - Logging services
20:04:46.074 [FXGL Background Thread 3 ] DEBUG Engine               - class com.almasb.fxgl.app.services.FXGLAssetLoaderService
20:04:46.074 [FXGL Background Thread 3 ] DEBUG Engine               - class com.almasb.fxgl.app.FXGLApplication$GameApplicationService
20:04:46.074 [FXGL Background Thread 3 ] DEBUG Engine               - class com.almasb.fxgl.app.services.FXGLDialogService
20:04:46.074 [FXGL Background Thread 3 ] DEBUG Engine               - class com.almasb.fxgl.app.services.IOTaskExecutorService
20:04:46.074 [FXGL Background Thread 3 ] DEBUG Engine               - class com.almasb.fxgl.io.FileSystemService
20:04:46.074 [FXGL Background Thread 3 ] DEBUG Engine               - class com.almasb.fxgl.localization.LocalizationService
20:04:46.074 [FXGL Background Thread 3 ] DEBUG Engine               - class com.almasb.fxgl.app.services.SystemBundleService
20:04:46.074 [FXGL Background Thread 3 ] DEBUG Engine               - class com.almasb.fxgl.profile.SaveLoadService
20:04:46.074 [FXGL Background Thread 3 ] DEBUG Engine               - class com.almasb.fxgl.ui.FXGLUIFactoryServiceProvider
20:04:46.074 [FXGL Background Thread 3 ] DEBUG Engine               - class com.almasb.fxgl.ui.FXGLDialogFactoryServiceProvider
20:04:46.075 [FXGL Background Thread 3 ] DEBUG Engine               - class com.almasb.fxgl.audio.AudioPlayer
20:04:46.075 [FXGL Background Thread 3 ] DEBUG Engine               - class com.almasb.fxgl.notification.impl.NotificationServiceProvider
20:04:46.075 [FXGL Background Thread 3 ] DEBUG Engine               - class com.almasb.fxgl.achievement.AchievementService
20:04:46.075 [FXGL Background Thread 3 ] DEBUG Engine               - class com.almasb.fxgl.cutscene.CutsceneService
20:04:46.075 [FXGL Background Thread 3 ] DEBUG Engine               - class com.almasb.fxgl.minigames.MiniGameService
20:04:46.075 [FXGL Background Thread 3 ] DEBUG Engine               - class com.almasb.fxgl.net.NetService
20:04:46.075 [FXGL Background Thread 3 ] DEBUG Engine               - class com.almasb.fxgl.app.services.UpdaterService
20:04:46.075 [FXGL Background Thread 3 ] DEBUG Engine               - class com.almasb.fxgl.dev.DevService
20:04:47.232 [JavaFX Application Thread] DEBUG FXGLAssetLoaderServi - Loading from file system: file:/C:/Users/Usuario/OneDrive%20-%20Universidad%20Icesi%20(@icesi.edu.co)/APO2/Tareas%20integradoras/NuclearThroneAtomic/src/nuclearthroneatomic/target/classes/assets/textures/Munition/2.png
20:04:48.610 [JavaFX Application Thread] DEBUG FXGLAssetLoaderServi - Loading from file system: file:/C:/Users/Usuario/OneDrive%20-%20Universidad%20Icesi%20(@icesi.edu.co)/APO2/Tareas%20integradoras/NuclearThroneAtomic/src/nuclearthroneatomic/target/classes/assets/textures/Bullet/1.png
20:05:03.262 [JavaFX Application Thread] DEBUG FXGLAssetLoaderServi - Loading from file system: file:/C:/Users/Usuario/OneDrive%20-%20Universidad%20Icesi%20(@icesi.edu.co)/APO2/Tareas%20integradoras/NuclearThroneAtomic/src/nuclearthroneatomic/target/classes/assets/textures/Bullet/2.png
20:05:11.153 [JavaFX Application Thread] DEBUG FXGLAssetLoaderServi - Loading from file system: file:/C:/Users/Usuario/OneDrive%20-%20Universidad%20Icesi%20(@icesi.edu.co)/APO2/Tareas%20integradoras/NuclearThroneAtomic/src/nuclearthroneatomic/target/classes/assets/textures/portal/1.png
20:05:11.157 [JavaFX Application Thread] DEBUG FXGLAssetLoaderServi - Loading from file system: file:/C:/Users/Usuario/OneDrive%20-%20Universidad%20Icesi%20(@icesi.edu.co)/APO2/Tareas%20integradoras/NuclearThroneAtomic/src/nuclearthroneatomic/target/classes/assets/textures/portal/2.png
20:05:11.160 [JavaFX Application Thread] DEBUG FXGLAssetLoaderServi - Loading from file system: file:/C:/Users/Usuario/OneDrive%20-%20Universidad%20Icesi%20(@icesi.edu.co)/APO2/Tareas%20integradoras/NuclearThroneAtomic/src/nuclearthroneatomic/target/classes/assets/textures/portal/3.png
20:05:11.163 [JavaFX Application Thread] DEBUG FXGLAssetLoaderServi - Loading from file system: file:/C:/Users/Usuario/OneDrive%20-%20Universidad%20Icesi%20(@icesi.edu.co)/APO2/Tareas%20integradoras/NuclearThroneAtomic/src/nuclearthroneatomic/target/classes/assets/textures/portal/4.png
20:05:13.032 [JavaFX Application Thread] DEBUG FXGLAssetLoaderServi - Loading from file system: file:/C:/Users/Usuario/OneDrive%20-%20Universidad%20Icesi%20(@icesi.edu.co)/APO2/Tareas%20integradoras/NuclearThroneAtomic/src/nuclearthroneatomic/target/classes/assets/textures/Background/blue.png
20:05:13.055 [JavaFX Application Thread] DEBUG FXGLAssetLoaderServi - Loading from file system: file:/C:/Users/Usuario/OneDrive%20-%20Universidad%20Icesi%20(@icesi.edu.co)/APO2/Tareas%20integradoras/NuclearThroneAtomic/src/nuclearthroneatomic/target/classes/assets/textures/mouse/mousepresecondlevel.png
20:05:23.492 [JavaFX Application Thread] DEBUG FXGLAssetLoaderServi - Loading from file system: file:/C:/Users/Usuario/OneDrive%20-%20Universidad%20Icesi%20(@icesi.edu.co)/APO2/Tareas%20integradoras/NuclearThroneAtomic/src/nuclearthroneatomic/target/classes/assets/textures/Background/NuclearBG2.png
20:05:23.505 [JavaFX Application Thread] DEBUG FXGLAssetLoaderServi - Loading from file system: file:/C:/Users/Usuario/OneDrive%20-%20Universidad%20Icesi%20(@icesi.edu.co)/APO2/Tareas%20integradoras/NuclearThroneAtomic/src/nuclearthroneatomic/target/classes/assets/textures/mouse/mouseprefinallevel.png
20:05:26.280 [JavaFX Application Thread] DEBUG PrimaryStageWindow   - Push state: DialogSubScene
20:05:26.280 [JavaFX Application Thread] DEBUG Input                - Clearing active input actions
20:05:26.285 [JavaFX Application Thread] DEBUG GameApplicationServi - Removing overlay from GameScene and adding to DialogSubScene
20:05:26.286 [JavaFX Application Thread] DEBUG PrimaryStageWindow   - GameScene -> DialogSubScene
20:05:28.442 [JavaFX Application Thread] DEBUG PrimaryStageWindow   - Pop state: DialogSubScene
20:05:28.442 [JavaFX Application Thread] DEBUG Input                - Clearing active input actions
20:05:28.443 [JavaFX Application Thread] DEBUG GameApplicationServi - Removing overlay from DialogSubScene and adding to GameScene
20:05:28.443 [JavaFX Application Thread] DEBUG PrimaryStageWindow   - GameScene <- DialogSubScene
20:05:31.713 [JavaFX Application Thread] DEBUG PrimaryStageWindow   - Push state: DialogSubScene
20:05:31.713 [JavaFX Application Thread] DEBUG Input                - Clearing active input actions
20:05:31.714 [JavaFX Application Thread] DEBUG GameApplicationServi - Removing overlay from GameScene and adding to DialogSubScene
20:05:31.714 [JavaFX Application Thread] DEBUG PrimaryStageWindow   - GameScene -> DialogSubScene
20:05:32.664 [JavaFX Application Thread] DEBUG PrimaryStageWindow   - Pop state: DialogSubScene
20:05:32.665 [JavaFX Application Thread] DEBUG Input                - Clearing active input actions
20:05:32.665 [JavaFX Application Thread] DEBUG GameApplicationServi - Removing overlay from DialogSubScene and adding to GameScene
20:05:32.665 [JavaFX Application Thread] DEBUG PrimaryStageWindow   - GameScene <- DialogSubScene
20:05:35.170 [JavaFX Application Thread] DEBUG PrimaryStageWindow   - Push state: DialogSubScene
20:05:35.170 [JavaFX Application Thread] DEBUG Input                - Clearing active input actions
20:05:35.170 [JavaFX Application Thread] DEBUG GameApplicationServi - Removing overlay from GameScene and adding to DialogSubScene
20:05:35.170 [JavaFX Application Thread] DEBUG PrimaryStageWindow   - GameScene -> DialogSubScene
20:05:35.405 [JavaFX Application Thread] DEBUG PrimaryStageWindow   - Pop state: DialogSubScene
20:05:35.405 [JavaFX Application Thread] DEBUG Input                - Clearing active input actions
20:05:35.405 [JavaFX Application Thread] DEBUG GameApplicationServi - Removing overlay from DialogSubScene and adding to GameScene
20:05:35.405 [JavaFX Application Thread] DEBUG PrimaryStageWindow   - GameScene <- DialogSubScene
20:05:37.875 [JavaFX Application Thread] DEBUG PrimaryStageWindow   - Push state: FXGLDefaultMenu
20:05:37.875 [JavaFX Application Thread] DEBUG Input                - Clearing active input actions
20:05:37.876 [JavaFX Application Thread] DEBUG GameApplicationServi - Removing overlay from GameScene and adding to FXGLDefaultMenu
20:05:37.877 [JavaFX Application Thread] DEBUG PrimaryStageWindow   - GameScene -> FXGLDefaultMenu
20:05:38.635 [JavaFX Application Thread] DEBUG Menu                 - fireExitToMainMenu()
20:05:38.637 [JavaFX Application Thread] DEBUG PrimaryStageWindow   - Push state: DialogSubScene
20:05:38.637 [JavaFX Application Thread] DEBUG Input                - Clearing active input actions
20:05:38.637 [JavaFX Application Thread] DEBUG GameApplicationServi - Removing overlay from FXGLDefaultMenu and adding to DialogSubScene
20:05:38.637 [JavaFX Application Thread] DEBUG PrimaryStageWindow   - FXGLDefaultMenu -> DialogSubScene
20:05:39.149 [JavaFX Application Thread] DEBUG PrimaryStageWindow   - Pop state: DialogSubScene
20:05:39.149 [JavaFX Application Thread] DEBUG Input                - Clearing active input actions
20:05:39.150 [JavaFX Application Thread] DEBUG GameApplicationServi - Removing overlay from DialogSubScene and adding to FXGLDefaultMenu
20:05:39.150 [JavaFX Application Thread] DEBUG PrimaryStageWindow   - FXGLDefaultMenu <- DialogSubScene
20:05:39.150 [JavaFX Application Thread] DEBUG PrimaryStageWindow   - Pop state: FXGLDefaultMenu
20:05:39.150 [JavaFX Application Thread] DEBUG Input                - Clearing active input actions
20:05:39.150 [JavaFX Application Thread] DEBUG GameApplicationServi - Removing overlay from FXGLDefaultMenu and adding to GameScene
20:05:39.150 [JavaFX Application Thread] DEBUG PrimaryStageWindow   - GameScene <- FXGLDefaultMenu
20:05:39.150 [JavaFX Application Thread] DEBUG Input                - Clearing active input actions
20:05:39.162 [JavaFX Application Thread] DEBUG GameApplicationServi - Removing overlay from GameScene and adding to FXGLMainMenuDummyScene
20:05:39.162 [JavaFX Application Thread] DEBUG PrimaryStageWindow   - GameScene -> FXGLMainMenuDummyScene
20:05:39.162 [JavaFX Application Thread] DEBUG PrimaryStageWindow   - Push state: FXGLDefaultMenu
20:05:39.162 [JavaFX Application Thread] DEBUG Input                - Clearing active input actions
20:05:39.164 [JavaFX Application Thread] DEBUG GameApplicationServi - Removing overlay from FXGLMainMenuDummyScene and adding to FXGLDefaultMenu
20:05:39.164 [JavaFX Application Thread] DEBUG PrimaryStageWindow   - FXGLMainMenuDummyScene -> FXGLDefaultMenu
20:05:40.510 [JavaFX Application Thread] DEBUG Menu                 - fireNewGame()
20:05:40.510 [JavaFX Application Thread] DEBUG GameApplicationServi - Starting new game
20:05:40.510 [JavaFX Application Thread] DEBUG PrimaryStageWindow   - Pop state: FXGLDefaultMenu
20:05:40.510 [JavaFX Application Thread] DEBUG Input                - Clearing active input actions
20:05:40.511 [JavaFX Application Thread] DEBUG GameApplicationServi - Removing overlay from FXGLDefaultMenu and adding to FXGLMainMenuDummyScene
20:05:40.511 [JavaFX Application Thread] DEBUG PrimaryStageWindow   - FXGLMainMenuDummyScene <- FXGLDefaultMenu
20:05:40.511 [JavaFX Application Thread] DEBUG Input                - Clearing active input actions
20:05:40.517 [JavaFX Application Thread] DEBUG GameApplicationServi - Removing overlay from FXGLMainMenuDummyScene and adding to FXGLLoadingScene
20:05:40.517 [JavaFX Application Thread] DEBUG PrimaryStageWindow   - FXGLMainMenuDummyScene -> FXGLLoadingScene
20:05:40.517 [JavaFX Application Thread] DEBUG GameApplicationServi - Clearing previous game
20:05:40.517 [JavaFX Application Thread] DEBUG GameScene            - Clearing game scene
20:05:40.517 [JavaFX Application Thread] DEBUG GameWorld            - Clearing game world
20:05:40.519 [JavaFX Application Thread] DEBUG PhysicsWorld         - Clearing physics world
20:05:40.529 [FXGL Background Thread 2 ] DEBUG FXGLApplication      - Initializing game
20:05:40.672 [FXGL Background Thread 2 ] INFO  FXGLApplication      - Game initialization took: 0,142 sec
20:05:40.677 [JavaFX Application Thread] DEBUG Input                - Clearing active input actions
20:05:40.685 [JavaFX Application Thread] DEBUG GameApplicationServi - Removing overlay from FXGLLoadingScene and adding to GameScene
20:05:40.685 [JavaFX Application Thread] DEBUG PrimaryStageWindow   - FXGLLoadingScene -> GameScene
20:05:42.785 [JavaFX Application Thread] DEBUG PrimaryStageWindow   - Push state: DialogSubScene
20:05:42.785 [JavaFX Application Thread] DEBUG Input                - Clearing active input actions
20:05:42.786 [JavaFX Application Thread] DEBUG GameApplicationServi - Removing overlay from GameScene and adding to DialogSubScene
20:05:42.786 [JavaFX Application Thread] DEBUG PrimaryStageWindow   - GameScene -> DialogSubScene
20:05:43.458 [JavaFX Application Thread] DEBUG PrimaryStageWindow   - Pop state: DialogSubScene
20:05:43.458 [JavaFX Application Thread] DEBUG Input                - Clearing active input actions
20:05:43.459 [JavaFX Application Thread] DEBUG GameApplicationServi - Removing overlay from DialogSubScene and adding to GameScene
20:05:43.459 [JavaFX Application Thread] DEBUG PrimaryStageWindow   - GameScene <- DialogSubScene
20:05:48.962 [JavaFX Application Thread] DEBUG PrimaryStageWindow   - Push state: DialogSubScene
20:05:48.962 [JavaFX Application Thread] DEBUG Input                - Clearing active input actions
20:05:48.962 [JavaFX Application Thread] DEBUG GameApplicationServi - Removing overlay from GameScene and adding to DialogSubScene
20:05:48.962 [JavaFX Application Thread] DEBUG PrimaryStageWindow   - GameScene -> DialogSubScene
20:05:49.677 [JavaFX Application Thread] DEBUG PrimaryStageWindow   - Pop state: DialogSubScene
20:05:49.677 [JavaFX Application Thread] DEBUG Input                - Clearing active input actions
20:05:49.677 [JavaFX Application Thread] DEBUG GameApplicationServi - Removing overlay from DialogSubScene and adding to GameScene
20:05:49.677 [JavaFX Application Thread] DEBUG PrimaryStageWindow   - GameScene <- DialogSubScene
20:05:52.066 [JavaFX Application Thread] DEBUG PrimaryStageWindow   - Push state: DialogSubScene
20:05:52.066 [JavaFX Application Thread] DEBUG Input                - Clearing active input actions
20:05:52.066 [JavaFX Application Thread] DEBUG GameApplicationServi - Removing overlay from GameScene and adding to DialogSubScene
20:05:52.067 [JavaFX Application Thread] DEBUG PrimaryStageWindow   - GameScene -> DialogSubScene
20:05:52.802 [JavaFX Application Thread] DEBUG PrimaryStageWindow   - Pop state: DialogSubScene
20:05:52.802 [JavaFX Application Thread] DEBUG Input                - Clearing active input actions
20:05:52.803 [JavaFX Application Thread] DEBUG GameApplicationServi - Removing overlay from DialogSubScene and adding to GameScene
20:05:52.803 [JavaFX Application Thread] DEBUG PrimaryStageWindow   - GameScene <- DialogSubScene
20:05:55.763 [JavaFX Application Thread] DEBUG PrimaryStageWindow   - Push state: DialogSubScene
20:05:55.763 [JavaFX Application Thread] DEBUG Input                - Clearing active input actions
20:05:55.763 [JavaFX Application Thread] DEBUG GameApplicationServi - Removing overlay from GameScene and adding to DialogSubScene
20:05:55.763 [JavaFX Application Thread] DEBUG PrimaryStageWindow   - GameScene -> DialogSubScene
20:05:56.496 [JavaFX Application Thread] DEBUG PrimaryStageWindow   - Pop state: DialogSubScene
20:05:56.496 [JavaFX Application Thread] DEBUG Input                - Clearing active input actions
20:05:56.497 [JavaFX Application Thread] DEBUG GameApplicationServi - Removing overlay from DialogSubScene and adding to GameScene
20:05:56.497 [JavaFX Application Thread] DEBUG PrimaryStageWindow   - GameScene <- DialogSubScene
20:06:14.449 [JavaFX Application Thread] DEBUG PrimaryStageWindow   - Push state: DialogSubScene
20:06:14.449 [JavaFX Application Thread] DEBUG Input                - Clearing active input actions
20:06:14.450 [JavaFX Application Thread] DEBUG GameApplicationServi - Removing overlay from GameScene and adding to DialogSubScene
20:06:14.450 [JavaFX Application Thread] DEBUG PrimaryStageWindow   - GameScene -> DialogSubScene
20:06:15.267 [JavaFX Application Thread] DEBUG PrimaryStageWindow   - Pop state: DialogSubScene
20:06:15.267 [JavaFX Application Thread] DEBUG Input                - Clearing active input actions
20:06:15.267 [JavaFX Application Thread] DEBUG GameApplicationServi - Removing overlay from DialogSubScene and adding to GameScene
20:06:15.267 [JavaFX Application Thread] DEBUG PrimaryStageWindow   - GameScene <- DialogSubScene
20:06:22.833 [JavaFX Application Thread] DEBUG PrimaryStageWindow   - Push state: DialogSubScene
20:06:22.834 [JavaFX Application Thread] DEBUG Input                - Clearing active input actions
20:06:22.834 [JavaFX Application Thread] DEBUG GameApplicationServi - Removing overlay from GameScene and adding to DialogSubScene
20:06:22.834 [JavaFX Application Thread] DEBUG PrimaryStageWindow   - GameScene -> DialogSubScene
20:06:23.508 [JavaFX Application Thread] DEBUG PrimaryStageWindow   - Pop state: DialogSubScene
20:06:23.509 [JavaFX Application Thread] DEBUG Input                - Clearing active input actions
20:06:23.509 [JavaFX Application Thread] DEBUG GameApplicationServi - Removing overlay from DialogSubScene and adding to GameScene
20:06:23.509 [JavaFX Application Thread] DEBUG PrimaryStageWindow   - GameScene <- DialogSubScene
20:06:32.738 [JavaFX Application Thread] DEBUG PrimaryStageWindow   - Push state: DialogSubScene
20:06:32.738 [JavaFX Application Thread] DEBUG Input                - Clearing active input actions
20:06:32.738 [JavaFX Application Thread] DEBUG GameApplicationServi - Removing overlay from GameScene and adding to DialogSubScene
20:06:32.738 [JavaFX Application Thread] DEBUG PrimaryStageWindow   - GameScene -> DialogSubScene
20:06:33.573 [JavaFX Application Thread] DEBUG PrimaryStageWindow   - Pop state: DialogSubScene
20:06:33.573 [JavaFX Application Thread] DEBUG Input                - Clearing active input actions
20:06:33.573 [JavaFX Application Thread] DEBUG GameApplicationServi - Removing overlay from DialogSubScene and adding to GameScene
20:06:33.573 [JavaFX Application Thread] DEBUG PrimaryStageWindow   - GameScene <- DialogSubScene
20:06:35.232 [JavaFX Application Thread] DEBUG PrimaryStageWindow   - Push state: DialogSubScene
20:06:35.232 [JavaFX Application Thread] DEBUG Input                - Clearing active input actions
20:06:35.232 [JavaFX Application Thread] DEBUG GameApplicationServi - Removing overlay from GameScene and adding to DialogSubScene
20:06:35.232 [JavaFX Application Thread] DEBUG PrimaryStageWindow   - GameScene -> DialogSubScene
20:06:35.830 [JavaFX Application Thread] DEBUG PrimaryStageWindow   - Pop state: DialogSubScene
20:06:35.831 [JavaFX Application Thread] DEBUG Input                - Clearing active input actions
20:06:35.831 [JavaFX Application Thread] DEBUG GameApplicationServi - Removing overlay from DialogSubScene and adding to GameScene
20:06:35.831 [JavaFX Application Thread] DEBUG PrimaryStageWindow   - GameScene <- DialogSubScene
20:06:45.939 [JavaFX Application Thread] DEBUG PrimaryStageWindow   - Push state: DialogSubScene
20:06:45.940 [JavaFX Application Thread] DEBUG Input                - Clearing active input actions
20:06:45.940 [JavaFX Application Thread] DEBUG GameApplicationServi - Removing overlay from GameScene and adding to DialogSubScene
20:06:45.940 [JavaFX Application Thread] DEBUG PrimaryStageWindow   - GameScene -> DialogSubScene
20:06:46.645 [JavaFX Application Thread] DEBUG PrimaryStageWindow   - Pop state: DialogSubScene
20:06:46.645 [JavaFX Application Thread] DEBUG Input                - Clearing active input actions
20:06:46.645 [JavaFX Application Thread] DEBUG GameApplicationServi - Removing overlay from DialogSubScene and adding to GameScene
20:06:46.645 [JavaFX Application Thread] DEBUG PrimaryStageWindow   - GameScene <- DialogSubScene
20:06:55.681 [JavaFX Application Thread] DEBUG PrimaryStageWindow   - Push state: DialogSubScene
20:06:55.681 [JavaFX Application Thread] DEBUG Input                - Clearing active input actions
20:06:55.682 [JavaFX Application Thread] DEBUG GameApplicationServi - Removing overlay from GameScene and adding to DialogSubScene
20:06:55.682 [JavaFX Application Thread] DEBUG PrimaryStageWindow   - GameScene -> DialogSubScene
20:06:56.559 [JavaFX Application Thread] DEBUG PrimaryStageWindow   - Pop state: DialogSubScene
20:06:56.559 [JavaFX Application Thread] DEBUG Input                - Clearing active input actions
20:06:56.559 [JavaFX Application Thread] DEBUG GameApplicationServi - Removing overlay from DialogSubScene and adding to GameScene
20:06:56.559 [JavaFX Application Thread] DEBUG PrimaryStageWindow   - GameScene <- DialogSubScene
20:06:59.108 [JavaFX Application Thread] DEBUG PrimaryStageWindow   - Push state: DialogSubScene
20:06:59.108 [JavaFX Application Thread] DEBUG Input                - Clearing active input actions
20:06:59.108 [JavaFX Application Thread] DEBUG GameApplicationServi - Removing overlay from GameScene and adding to DialogSubScene
20:06:59.109 [JavaFX Application Thread] DEBUG PrimaryStageWindow   - GameScene -> DialogSubScene
20:07:00.027 [JavaFX Application Thread] DEBUG PrimaryStageWindow   - Pop state: DialogSubScene
20:07:00.027 [JavaFX Application Thread] DEBUG Input                - Clearing active input actions
20:07:00.027 [JavaFX Application Thread] DEBUG GameApplicationServi - Removing overlay from DialogSubScene and adding to GameScene
20:07:00.027 [JavaFX Application Thread] DEBUG PrimaryStageWindow   - GameScene <- DialogSubScene
20:07:12.979 [JavaFX Application Thread] DEBUG PrimaryStageWindow   - Push state: DialogSubScene
20:07:12.980 [JavaFX Application Thread] DEBUG Input                - Clearing active input actions
20:07:12.980 [JavaFX Application Thread] DEBUG GameApplicationServi - Removing overlay from GameScene and adding to DialogSubScene
20:07:12.980 [JavaFX Application Thread] DEBUG PrimaryStageWindow   - GameScene -> DialogSubScene
20:07:13.847 [JavaFX Application Thread] DEBUG PrimaryStageWindow   - Pop state: DialogSubScene
20:07:13.847 [JavaFX Application Thread] DEBUG Input                - Clearing active input actions
20:07:13.847 [JavaFX Application Thread] DEBUG GameApplicationServi - Removing overlay from DialogSubScene and adding to GameScene
20:07:13.847 [JavaFX Application Thread] DEBUG PrimaryStageWindow   - GameScene <- DialogSubScene
20:07:19.152 [JavaFX Application Thread] DEBUG PrimaryStageWindow   - Push state: DialogSubScene
20:07:19.152 [JavaFX Application Thread] DEBUG Input                - Clearing active input actions
20:07:19.152 [JavaFX Application Thread] DEBUG GameApplicationServi - Removing overlay from GameScene and adding to DialogSubScene
20:07:19.152 [JavaFX Application Thread] DEBUG PrimaryStageWindow   - GameScene -> DialogSubScene
20:07:20.467 [JavaFX Application Thread] DEBUG PrimaryStageWindow   - Pop state: DialogSubScene
20:07:20.467 [JavaFX Application Thread] DEBUG Input                - Clearing active input actions
20:07:20.467 [JavaFX Application Thread] DEBUG GameApplicationServi - Removing overlay from DialogSubScene and adding to GameScene
20:07:20.467 [JavaFX Application Thread] DEBUG PrimaryStageWindow   - GameScene <- DialogSubScene
20:07:26.713 [JavaFX Application Thread] DEBUG PrimaryStageWindow   - Push state: DialogSubScene
20:07:26.713 [JavaFX Application Thread] DEBUG Input                - Clearing active input actions
20:07:26.713 [JavaFX Application Thread] DEBUG GameApplicationServi - Removing overlay from GameScene and adding to DialogSubScene
20:07:26.713 [JavaFX Application Thread] DEBUG PrimaryStageWindow   - GameScene -> DialogSubScene
20:07:27.339 [JavaFX Application Thread] DEBUG PrimaryStageWindow   - Pop state: DialogSubScene
20:07:27.340 [JavaFX Application Thread] DEBUG Input                - Clearing active input actions
20:07:27.340 [JavaFX Application Thread] DEBUG GameApplicationServi - Removing overlay from DialogSubScene and adding to GameScene
20:07:27.340 [JavaFX Application Thread] DEBUG PrimaryStageWindow   - GameScene <- DialogSubScene
20:07:38.135 [JavaFX Application Thread] DEBUG PrimaryStageWindow   - Push state: DialogSubScene
20:07:38.136 [JavaFX Application Thread] DEBUG Input                - Clearing active input actions
20:07:38.136 [JavaFX Application Thread] DEBUG GameApplicationServi - Removing overlay from GameScene and adding to DialogSubScene
20:07:38.136 [JavaFX Application Thread] DEBUG PrimaryStageWindow   - GameScene -> DialogSubScene
20:07:41.011 [JavaFX Application Thread] DEBUG PrimaryStageWindow   - Pop state: DialogSubScene
20:07:41.011 [JavaFX Application Thread] DEBUG Input                - Clearing active input actions
20:07:41.011 [JavaFX Application Thread] DEBUG GameApplicationServi - Removing overlay from DialogSubScene and adding to GameScene
20:07:41.011 [JavaFX Application Thread] DEBUG PrimaryStageWindow   - GameScene <- DialogSubScene
20:07:46.435 [JavaFX Application Thread] DEBUG PrimaryStageWindow   - Push state: DialogSubScene
20:07:46.435 [JavaFX Application Thread] DEBUG Input                - Clearing active input actions
20:07:46.435 [JavaFX Application Thread] DEBUG GameApplicationServi - Removing overlay from GameScene and adding to DialogSubScene
20:07:46.436 [JavaFX Application Thread] DEBUG PrimaryStageWindow   - GameScene -> DialogSubScene
20:07:47.336 [JavaFX Application Thread] DEBUG PrimaryStageWindow   - Pop state: DialogSubScene
20:07:47.336 [JavaFX Application Thread] DEBUG Input                - Clearing active input actions
20:07:47.336 [JavaFX Application Thread] DEBUG GameApplicationServi - Removing overlay from DialogSubScene and adding to GameScene
20:07:47.336 [JavaFX Application Thread] DEBUG PrimaryStageWindow   - GameScene <- DialogSubScene
20:07:49.985 [JavaFX Application Thread] DEBUG PrimaryStageWindow   - Push state: DialogSubScene
20:07:49.985 [JavaFX Application Thread] DEBUG Input                - Clearing active input actions
20:07:49.986 [JavaFX Application Thread] DEBUG GameApplicationServi - Removing overlay from GameScene and adding to DialogSubScene
20:07:49.986 [JavaFX Application Thread] DEBUG PrimaryStageWindow   - GameScene -> DialogSubScene
20:07:50.691 [JavaFX Application Thread] DEBUG PrimaryStageWindow   - Pop state: DialogSubScene
20:07:50.692 [JavaFX Application Thread] DEBUG Input                - Clearing active input actions
20:07:50.692 [JavaFX Application Thread] DEBUG GameApplicationServi - Removing overlay from DialogSubScene and adding to GameScene
20:07:50.692 [JavaFX Application Thread] DEBUG PrimaryStageWindow   - GameScene <- DialogSubScene
20:08:02.100 [JavaFX Application Thread] DEBUG PrimaryStageWindow   - Push state: DialogSubScene
20:08:02.100 [JavaFX Application Thread] DEBUG Input                - Clearing active input actions
20:08:02.100 [JavaFX Application Thread] DEBUG GameApplicationServi - Removing overlay from GameScene and adding to DialogSubScene
20:08:02.100 [JavaFX Application Thread] DEBUG PrimaryStageWindow   - GameScene -> DialogSubScene
20:08:02.845 [JavaFX Application Thread] DEBUG PrimaryStageWindow   - Pop state: DialogSubScene
20:08:02.845 [JavaFX Application Thread] DEBUG Input                - Clearing active input actions
20:08:02.845 [JavaFX Application Thread] DEBUG GameApplicationServi - Removing overlay from DialogSubScene and adding to GameScene
20:08:02.845 [JavaFX Application Thread] DEBUG PrimaryStageWindow   - GameScene <- DialogSubScene
20:08:07.122 [JavaFX Application Thread] DEBUG PrimaryStageWindow   - Push state: DialogSubScene
20:08:07.122 [JavaFX Application Thread] DEBUG Input                - Clearing active input actions
20:08:07.122 [JavaFX Application Thread] DEBUG GameApplicationServi - Removing overlay from GameScene and adding to DialogSubScene
20:08:07.122 [JavaFX Application Thread] DEBUG PrimaryStageWindow   - GameScene -> DialogSubScene
20:08:07.685 [JavaFX Application Thread] DEBUG PrimaryStageWindow   - Pop state: DialogSubScene
20:08:07.685 [JavaFX Application Thread] DEBUG Input                - Clearing active input actions
20:08:07.685 [JavaFX Application Thread] DEBUG GameApplicationServi - Removing overlay from DialogSubScene and adding to GameScene
20:08:07.685 [JavaFX Application Thread] DEBUG PrimaryStageWindow   - GameScene <- DialogSubScene
20:08:21.042 [JavaFX Application Thread] DEBUG PrimaryStageWindow   - Push state: DialogSubScene
20:08:21.042 [JavaFX Application Thread] DEBUG Input                - Clearing active input actions
20:08:21.042 [JavaFX Application Thread] DEBUG GameApplicationServi - Removing overlay from GameScene and adding to DialogSubScene
20:08:21.042 [JavaFX Application Thread] DEBUG PrimaryStageWindow   - GameScene -> DialogSubScene
20:08:21.905 [JavaFX Application Thread] DEBUG PrimaryStageWindow   - Pop state: DialogSubScene
20:08:21.905 [JavaFX Application Thread] DEBUG Input                - Clearing active input actions
20:08:21.905 [JavaFX Application Thread] DEBUG GameApplicationServi - Removing overlay from DialogSubScene and adding to GameScene
20:08:21.905 [JavaFX Application Thread] DEBUG PrimaryStageWindow   - GameScene <- DialogSubScene
20:08:30.211 [JavaFX Application Thread] DEBUG PrimaryStageWindow   - Push state: DialogSubScene
20:08:30.211 [JavaFX Application Thread] DEBUG Input                - Clearing active input actions
20:08:30.212 [JavaFX Application Thread] DEBUG GameApplicationServi - Removing overlay from GameScene and adding to DialogSubScene
20:08:30.212 [JavaFX Application Thread] DEBUG PrimaryStageWindow   - GameScene -> DialogSubScene
20:08:30.826 [JavaFX Application Thread] DEBUG PrimaryStageWindow   - Pop state: DialogSubScene
20:08:30.826 [JavaFX Application Thread] DEBUG Input                - Clearing active input actions
20:08:30.826 [JavaFX Application Thread] DEBUG GameApplicationServi - Removing overlay from DialogSubScene and adding to GameScene
20:08:30.826 [JavaFX Application Thread] DEBUG PrimaryStageWindow   - GameScene <- DialogSubScene
20:08:42.402 [JavaFX Application Thread] DEBUG PrimaryStageWindow   - Push state: DialogSubScene
20:08:42.402 [JavaFX Application Thread] DEBUG Input                - Clearing active input actions
20:08:42.403 [JavaFX Application Thread] DEBUG GameApplicationServi - Removing overlay from GameScene and adding to DialogSubScene
20:08:42.403 [JavaFX Application Thread] DEBUG PrimaryStageWindow   - GameScene -> DialogSubScene
20:08:43.301 [JavaFX Application Thread] DEBUG PrimaryStageWindow   - Pop state: DialogSubScene
20:08:43.301 [JavaFX Application Thread] DEBUG Input                - Clearing active input actions
20:08:43.301 [JavaFX Application Thread] DEBUG GameApplicationServi - Removing overlay from DialogSubScene and adding to GameScene
20:08:43.301 [JavaFX Application Thread] DEBUG PrimaryStageWindow   - GameScene <- DialogSubScene
20:08:49.906 [JavaFX Application Thread] DEBUG PrimaryStageWindow   - Push state: DialogSubScene
20:08:49.906 [JavaFX Application Thread] DEBUG Input                - Clearing active input actions
20:08:49.906 [JavaFX Application Thread] DEBUG GameApplicationServi - Removing overlay from GameScene and adding to DialogSubScene
20:08:49.906 [JavaFX Application Thread] DEBUG PrimaryStageWindow   - GameScene -> DialogSubScene
20:08:50.671 [JavaFX Application Thread] DEBUG PrimaryStageWindow   - Pop state: DialogSubScene
20:08:50.671 [JavaFX Application Thread] DEBUG Input                - Clearing active input actions
20:08:50.671 [JavaFX Application Thread] DEBUG GameApplicationServi - Removing overlay from DialogSubScene and adding to GameScene
20:08:50.671 [JavaFX Application Thread] DEBUG PrimaryStageWindow   - GameScene <- DialogSubScene
20:09:00.418 [JavaFX Application Thread] DEBUG PrimaryStageWindow   - Push state: DialogSubScene
20:09:00.418 [JavaFX Application Thread] DEBUG Input                - Clearing active input actions
20:09:00.418 [JavaFX Application Thread] DEBUG GameApplicationServi - Removing overlay from GameScene and adding to DialogSubScene
20:09:00.418 [JavaFX Application Thread] DEBUG PrimaryStageWindow   - GameScene -> DialogSubScene
20:09:01.140 [JavaFX Application Thread] DEBUG PrimaryStageWindow   - Pop state: DialogSubScene
20:09:01.140 [JavaFX Application Thread] DEBUG Input                - Clearing active input actions
20:09:01.140 [JavaFX Application Thread] DEBUG GameApplicationServi - Removing overlay from DialogSubScene and adding to GameScene
20:09:01.140 [JavaFX Application Thread] DEBUG PrimaryStageWindow   - GameScene <- DialogSubScene
20:09:04.643 [JavaFX Application Thread] DEBUG LoopRunner           - Stopping loop
20:09:04.646 [JavaFX Application Thread] FATAL FXGLApplication      - Uncaught Exception:
java.lang.NullPointerException: Cannot invoke "com.almasb.fxgl.entity.Entity.getComponent(java.lang.Class)" because "this.entity" is null
	at com.example.nuclearthroneatomic/model.PlayerControl.lambda$reload$1(PlayerControl.java:177)
	at com.almasb.fxgl.core@17.2/com.almasb.fxgl.time.TimerAction.update(TimerAction.kt:69)
	at com.almasb.fxgl.core@17.2/com.almasb.fxgl.time.Timer.update(Timer.kt:38)
	at com.almasb.fxgl.scene@17.2/com.almasb.fxgl.scene.Scene.update(Scene.kt:104)
	at com.almasb.fxgl.all@17.2/com.almasb.fxgl.app.MainWindow$update$1.invoke(MainWindow.kt:115)
	at com.almasb.fxgl.all@17.2/com.almasb.fxgl.app.MainWindow$update$1.invoke(MainWindow.kt:115)
	at com.almasb.fxgl.core@17.2/com.almasb.fxgl.core.fsm.StateMachine.runOnActiveStates(StateMachine.kt:69)
	at com.almasb.fxgl.all@17.2/com.almasb.fxgl.app.MainWindow.update(MainWindow.kt:115)
	at com.almasb.fxgl.all@17.2/com.almasb.fxgl.app.FXGLApplication$GameApplicationService.onUpdate(FXGLApplication.kt:426)
	at com.almasb.fxgl.all@17.2/com.almasb.fxgl.app.Engine.loop(Engine.kt:134)
	at com.almasb.fxgl.all@17.2/com.almasb.fxgl.app.Engine.access$loop(Engine.kt:24)
	at com.almasb.fxgl.all@17.2/com.almasb.fxgl.app.Engine$loop$1.invoke(Engine.kt:28)
	at com.almasb.fxgl.all@17.2/com.almasb.fxgl.app.Engine$loop$1.invoke(Engine.kt:28)
	at com.almasb.fxgl.all@17.2/com.almasb.fxgl.app.LoopRunner.frame(LoopRunner.kt:103)
	at com.almasb.fxgl.all@17.2/com.almasb.fxgl.app.LoopRunner.access$frame(LoopRunner.kt:23)
	at com.almasb.fxgl.all@17.2/com.almasb.fxgl.app.LoopRunner$impl$2$1.onTick(LoopRunner.kt:57)
	at com.almasb.fxgl.all@17.2/com.almasb.fxgl.app.AnimationTimerLoop$timer$1.handle(LoopRunner.kt:137)
	at javafx.graphics@19.0.2.1/javafx.animation.AnimationTimer$AnimationTimerReceiver.lambda$handle$0(AnimationTimer.java:58)
	at java.base/java.security.AccessController.doPrivileged(AccessController.java:400)
	at javafx.graphics@19.0.2.1/javafx.animation.AnimationTimer$AnimationTimerReceiver.handle(AnimationTimer.java:57)
	at javafx.graphics@19.0.2.1/com.sun.scenario.animation.AbstractPrimaryTimer.timePulseImpl(AbstractPrimaryTimer.java:356)
	at javafx.graphics@19.0.2.1/com.sun.scenario.animation.AbstractPrimaryTimer$MainLoop.run(AbstractPrimaryTimer.java:266)
	at javafx.graphics@19.0.2.1/com.sun.javafx.tk.quantum.QuantumToolkit.pulse(QuantumToolkit.java:571)
	at javafx.graphics@19.0.2.1/com.sun.javafx.tk.quantum.QuantumToolkit.pulse(QuantumToolkit.java:555)
	at javafx.graphics@19.0.2.1/com.sun.javafx.tk.quantum.QuantumToolkit.pulseFromQueue(QuantumToolkit.java:548)
	at javafx.graphics@19.0.2.1/com.sun.javafx.tk.quantum.QuantumToolkit.lambda$runToolkit$11(QuantumToolkit.java:352)
	at javafx.graphics@19.0.2.1/com.sun.glass.ui.InvokeLaterDispatcher$Future.run(InvokeLaterDispatcher.java:96)
	at javafx.graphics@19.0.2.1/com.sun.glass.ui.win.WinApplication._runLoop(Native Method)
	at javafx.graphics@19.0.2.1/com.sun.glass.ui.win.WinApplication.lambda$runLoop$3(WinApplication.java:184)
	at java.base/java.lang.Thread.run(Thread.java:1623)

20:09:04.647 [JavaFX Application Thread] FATAL FXGLApplication      - Application will now exit
20:09:04.669 [JavaFX Application Thread] DEBUG PrimaryStageWindow   - Push state: ErrorSubScene
20:09:04.669 [JavaFX Application Thread] DEBUG Input                - Clearing active input actions
20:09:04.671 [JavaFX Application Thread] DEBUG GameApplicationServi - Removing overlay from GameScene and adding to ErrorSubScene
20:09:04.671 [JavaFX Application Thread] DEBUG PrimaryStageWindow   - GameScene -> ErrorSubScene
20:09:07.980 [JavaFX Application Thread] DEBUG FXGLApplication      - Exiting FXGL
20:09:07.980 [JavaFX Application Thread] DEBUG Async                - Shutting down background threads
20:09:07.980 [JavaFX Application Thread] DEBUG PrimaryStageWindow   - Closing main window
20:09:08.010 [JavaFX Application Thread] DEBUG Logger               - Closing Logger
