12:08:02.060 [main                     ] DEBUG Logger               - Configured Logger
12:08:02.101 [main                     ] DEBUG GameApplication      - Logging settings
Title: Nuclear Throne Atomic
Version: 0.0
Width: 800
Height: 600
Fullscreen: true
Intro: false
Profiling: false
Single step:false
App Mode: DEVELOPER
Menu Key: ESCAPE
Stage Style: DECORATED
Scene Factory: class com.almasb.fxgl.app.scene.SceneFactory

12:08:02.565 [JavaFX Application Thread] DEBUG FXGLApplication      - Initializing FXGL
12:08:02.574 [JavaFX Application Thread] INFO  Engine               - FXGL-17.2 (20.08.2022 16.50) on WINDOWS (J:19.0.2 FX:19.0.2.1)
12:08:02.574 [JavaFX Application Thread] DEBUG Engine               - JRE Vendor Name: Oracle Corporation
12:08:02.576 [JavaFX Application Thread] DEBUG Engine               - Running on OS: Windows 10 version 10.0
12:08:02.576 [JavaFX Application Thread] DEBUG Engine               - Architecture: amd64
12:08:02.576 [JavaFX Application Thread] INFO  Engine               - Source code and latest versions at: https://github.com/AlmasB/FXGL
12:08:02.576 [JavaFX Application Thread] INFO  Engine               -       Ask questions and discuss at: https://github.com/AlmasB/FXGL/discussions
12:08:02.577 [JavaFX Application Thread] INFO  Engine               -              Join the FXGL chat at: https://gitter.im/AlmasB/FXGL
12:08:02.693 [JavaFX Application Thread] DEBUG PrimaryStageWindow   - Creating a JavaFX scene
12:08:02.758 [JavaFX Application Thread] DEBUG PrimaryStageWindow   - Target settings size: 800.0 x 600.0
12:08:02.758 [JavaFX Application Thread] DEBUG PrimaryStageWindow   - Scaled scene size:    800.0 x 600.0
12:08:02.758 [JavaFX Application Thread] DEBUG PrimaryStageWindow   - Scaled ratio: (1.0, 1.0)
12:08:02.761 [JavaFX Application Thread] DEBUG PrimaryStageWindow   - Set initial scene to FXGLStartupScene
12:08:02.767 [JavaFX Application Thread] DEBUG PrimaryStageWindow   - Opening main window
12:08:02.861 [JavaFX Application Thread] DEBUG PrimaryStageWindow   - Window border size: (16.0, 39.0)
12:08:02.862 [JavaFX Application Thread] DEBUG PrimaryStageWindow   - Scaled size: 800.0 x 600.0
12:08:02.862 [JavaFX Application Thread] DEBUG PrimaryStageWindow   - Scaled ratio: (1.0, 1.0)
12:08:02.862 [JavaFX Application Thread] DEBUG PrimaryStageWindow   - Scene size: 800.0 x 600.0
12:08:02.863 [JavaFX Application Thread] DEBUG PrimaryStageWindow   - Stage size: 816.0 x 639.0
12:08:02.995 [JavaFX Application Thread] DEBUG PrimaryStageWindow   - Going fullscreen
12:08:03.016 [FXGL Background Thread 1 ] DEBUG Engine               - Initializing environment variables
12:08:03.081 [FXGL Background Thread 1 ] DEBUG FXGLAssetLoaderServi - User app class for loading assets: class com.example.nuclearthroneatomic.Controller
12:08:03.083 [FXGL Background Thread 1 ] DEBUG GameApplicationServi - Applying CSS: fxgl_dark.css
12:08:03.083 [FXGL Background Thread 1 ] DEBUG FXGLAssetLoaderServi - Loading from file system: jar:file:///C:/Users/Juan/.m2/repository/com/github/almasb/fxgl/17.2/fxgl-17.2.jar!/fxglassets/ui/css/fxgl_dark.css
12:08:03.148 [FXGL Background Thread 1 ] DEBUG GameApplicationServi - Initializing application scenes
12:08:03.285 [FXGL Background Thread 1 ] DEBUG GameWorld            - Game world initialized
12:08:03.400 [FXGL Background Thread 1 ] DEBUG PhysicsWorld         - Physics world initialized: appHeight=600, physics.ppm=50,0
12:08:03.400 [FXGL Background Thread 1 ] DEBUG PhysicsWorld         - Using strategy: BRUTE_FORCE
12:08:03.405 [FXGL Background Thread 1 ] DEBUG GameScene            - Game scene initialized: 800x600
12:08:03.420 [FXGL Background Thread 1 ] DEBUG FXGL.DefaultMenu     - createMenuBodyMainMenu()
12:08:03.442 [FXGL Background Thread 1 ] DEBUG FXGL.DefaultMenu     - createOptionsMenu()
12:08:03.459 [FXGL Background Thread 1 ] DEBUG FXGL.DefaultMenu     - createExtraMenu()
12:08:03.483 [FXGL Background Thread 1 ] DEBUG FXGLAssetLoaderServi - Loading from file system: jar:file:///C:/Users/Juan/.m2/repository/com/github/almasb/fxgl/17.2/fxgl-17.2.jar!/fxglassets/textures/particles/smoke.png
12:08:03.707 [FXGL Background Thread 1 ] DEBUG FXGLAssetLoaderServi - Loading from file system: jar:file:///C:/Users/Juan/.m2/repository/com/github/almasb/fxgl/17.2/fxgl-17.2.jar!/fxglassets/textures/particles/trace_horizontal.png
12:08:03.760 [FXGL Background Thread 1 ] DEBUG FXGL.DefaultMenu     - createMenuBodyGameMenu()
12:08:03.762 [FXGL Background Thread 1 ] DEBUG FXGL.DefaultMenu     - createOptionsMenu()
12:08:03.765 [FXGL Background Thread 1 ] DEBUG FXGL.DefaultMenu     - createExtraMenu()
12:08:03.784 [FXGL Background Thread 1 ] DEBUG GameApplicationServi - Application scenes initialized
12:08:03.826 [FXGL Background Thread 1 ] DEBUG SystemBundleService  - Loading FXGL system data
12:08:03.836 [FXGL Background Thread 1 ] DEBUG FileSystemAccess     - Reading from: C:\Users\Juan\Desktop\APOOOO\NuclearThroneAtomic\src\nuclearthroneatomic\system\fxgl.bundle
12:08:03.857 [FXGL Background Thread 1 ] DEBUG SystemBundleService  - Bundle FXGL: {}
12:08:03.857 [FXGL Background Thread 1 ] DEBUG UpdaterService       - Checking for updates
12:08:03.867 [FXGL Background Thread 4 ] DEBUG FXGLApplication      - Loading fonts
12:08:03.868 [FXGL Background Thread 4 ] DEBUG FXGLAssetLoaderServi - Loading from file system: jar:file:///C:/Users/Juan/.m2/repository/com/github/almasb/fxgl/17.2/fxgl-17.2.jar!/fxglassets/ui/fonts/VarelaRound-Regular.ttf
12:08:03.872 [FXGL Background Thread 1 ] DEBUG FXGLApplication      - Loading default localization
12:08:03.873 [FXGL Background Thread 1 ] DEBUG FXGLAssetLoaderServi - Loading from file system: jar:file:///C:/Users/Juan/.m2/repository/com/github/almasb/fxgl/17.2/fxgl-17.2.jar!/fxglassets/languages/english.lang
12:08:03.987 [FXGL Background Thread 1 ] INFO  FXGLApplication      - FXGL initialization took: 0,971 sec
12:08:03.987 [FXGL Background Thread 4 ] DEBUG FXGLAssetLoaderServi - Loading from file system: jar:file:///C:/Users/Juan/.m2/repository/com/github/almasb/fxgl/17.2/fxgl-17.2.jar!/fxglassets/ui/fonts/Abel-Regular.ttf
12:08:03.998 [JavaFX Application Thread] DEBUG Input                - Registered new binding: lucky - Q
12:08:03.998 [JavaFX Application Thread] DEBUG Input                - Registered new binding: health - F
12:08:03.998 [JavaFX Application Thread] DEBUG Input                - Registered new binding: Right - D
12:08:03.998 [JavaFX Application Thread] DEBUG Input                - Registered new binding: Left - A
12:08:03.998 [JavaFX Application Thread] DEBUG Input                - Registered new binding: Up - W
12:08:03.998 [JavaFX Application Thread] DEBUG Input                - Registered new binding: Down - S
12:08:04.000 [JavaFX Application Thread] DEBUG Input                - Registered new binding: Reload - RMB
12:08:04.000 [JavaFX Application Thread] DEBUG Input                - Registered new binding: Shoot - LMB
12:08:04.001 [JavaFX Application Thread] DEBUG FXGLAssetLoaderServi - Loading from file system: file:/C:/Users/Juan/Desktop/APOOOO/NuclearThroneAtomic/src/nuclearthroneatomic/target/classes/assets/music/muiscformenus.mp3
12:08:04.006 [FXGL Background Thread 4 ] DEBUG FXGLAssetLoaderServi - Loading from file system: jar:file:///C:/Users/Juan/.m2/repository/com/github/almasb/fxgl/17.2/fxgl-17.2.jar!/fxglassets/ui/fonts/TerminalLandMono-Regular.otf
12:08:04.027 [FXGL Background Thread 4 ] DEBUG FXGLAssetLoaderServi - Loading from file system: jar:file:///C:/Users/Juan/.m2/repository/com/github/almasb/fxgl/17.2/fxgl-17.2.jar!/fxglassets/ui/fonts/Courier-Prime.ttf
12:08:05.430 [JavaFX Application Thread] DEBUG AudioPlayer          - Playing music com.almasb.fxgl.audio.Music@11a6bcee
12:08:05.431 [JavaFX Application Thread] DEBUG FXGLAssetLoaderServi - Loading from file system: jar:file:///C:/Users/Juan/.m2/repository/com/github/almasb/fxgl/17.2/fxgl-17.2.jar!/fxglassets/textures/fxgl_icon.png
12:08:05.454 [JavaFX Application Thread] DEBUG FXGLAssetLoaderServi - Loading from file system: jar:file:///C:/Users/Juan/.m2/repository/com/github/almasb/fxgl/17.2/fxgl-17.2.jar!/fxglassets/textures/fxgl_default_cursor.png
12:08:05.458 [JavaFX Application Thread] DEBUG Input                - Registered new binding: Screenshot - CTRL+8
12:08:05.458 [JavaFX Application Thread] DEBUG Input                - Registered new binding: System info dump - CTRL+9
12:08:05.459 [JavaFX Application Thread] DEBUG Input                - Registered new binding: Restart - CTRL+R
12:08:05.459 [JavaFX Application Thread] DEBUG Input                - Registered new binding: Toggle Debug Camera - CTRL+7
12:08:05.463 [JavaFX Application Thread] DEBUG LoopRunner           - Starting loop
12:08:05.463 [JavaFX Application Thread] DEBUG LoopRunner           - Initializing JavaFX AnimationTimerLoop
12:08:05.480 [JavaFX Application Thread] DEBUG Input                - Clearing active input actions
12:08:05.500 [JavaFX Application Thread] DEBUG GameApplicationServi - Removing overlay from FXGLStartupScene and adding to FXGLMainMenuDummyScene
12:08:05.501 [JavaFX Application Thread] DEBUG PrimaryStageWindow   - FXGLStartupScene -> FXGLMainMenuDummyScene
12:08:05.501 [JavaFX Application Thread] DEBUG PrimaryStageWindow   - Push state: FXGLDefaultMenu
12:08:05.508 [JavaFX Application Thread] DEBUG Input                - Clearing active input actions
12:08:05.521 [JavaFX Application Thread] DEBUG GameApplicationServi - Removing overlay from FXGLMainMenuDummyScene and adding to FXGLDefaultMenu
12:08:05.522 [JavaFX Application Thread] DEBUG PrimaryStageWindow   - FXGLMainMenuDummyScene -> FXGLDefaultMenu
12:08:05.544 [JavaFX Application Thread] DEBUG FXGLApplication      - Registering font factories with UI factory
12:08:06.842 [FXGL Background Thread 2 ] INFO  UpdaterService       - Your current version:  17.2
12:08:06.842 [FXGL Background Thread 2 ] INFO  UpdaterService       - Latest stable version: 17.3
12:08:06.864 [FXGL Background Thread 3 ] DEBUG Engine               - Logging environment variables
12:08:06.865 [FXGL Background Thread 3 ] DEBUG Engine               - achievements: []
12:08:06.865 [FXGL Background Thread 3 ] DEBUG Engine               - actualHeight: 768.0
12:08:06.865 [FXGL Background Thread 3 ] DEBUG Engine               - actualHeightProperty: ReadOnlyDoubleProperty [value: 768.0]
12:08:06.865 [FXGL Background Thread 3 ] DEBUG Engine               - actualWidth: 1366.0
12:08:06.865 [FXGL Background Thread 3 ] DEBUG Engine               - actualWidthProperty: ReadOnlyDoubleProperty [value: 1366.0]
12:08:06.865 [FXGL Background Thread 3 ] DEBUG Engine               - appIcon: fxgl_icon.png
12:08:06.865 [FXGL Background Thread 3 ] DEBUG Engine               - applicationMode: DEVELOPER
12:08:06.866 [FXGL Background Thread 3 ] DEBUG Engine               - cSSList: [fxgl_dark.css]
12:08:06.866 [FXGL Background Thread 3 ] DEBUG Engine               - collisionDetectionStrategy: BRUTE_FORCE
12:08:06.866 [FXGL Background Thread 3 ] DEBUG Engine               - configClass: Optional.empty
12:08:06.866 [FXGL Background Thread 3 ] DEBUG Engine               - credits: [Designer . . . . . . . Johan Daniel Aguirre, Program Team . . . . . . Juan Sebastián Libreros,                           Juan Jose Barrera,                           Johan Daniel Aguirre, El mas lindo . . . . . . Juan Sebastián Libreros, Master Thief . . . . . . Johan Daniel Aguirre]
12:08:06.867 [FXGL Background Thread 3 ] DEBUG Engine               - defaultCursor: CursorInfo(imageName=fxgl_default_cursor.png, hotspotX=7.0, hotspotY=6.0)
12:08:06.867 [FXGL Background Thread 3 ] DEBUG Engine               - devBBoxColorProperty: ObjectProperty [value: 0xff0000ff]
12:08:06.867 [FXGL Background Thread 3 ] DEBUG Engine               - devEnableDebugCameraProperty: BooleanProperty [value: false]
12:08:06.867 [FXGL Background Thread 3 ] DEBUG Engine               - devSensorColorProperty: ObjectProperty [value: 0xffff00ff]
12:08:06.867 [FXGL Background Thread 3 ] DEBUG Engine               - devShowBBoxProperty: BooleanProperty [value: false]
12:08:06.867 [FXGL Background Thread 3 ] DEBUG Engine               - devShowPositionProperty: BooleanProperty [value: false]
12:08:06.868 [FXGL Background Thread 3 ] DEBUG Engine               - enabledMenuItems: [EXTRA]
12:08:06.868 [FXGL Background Thread 3 ] DEBUG Engine               - engineServices: [class com.almasb.fxgl.app.services.FXGLAssetLoaderService, class com.almasb.fxgl.app.FXGLApplication$GameApplicationService, class com.almasb.fxgl.app.services.FXGLDialogService, class com.almasb.fxgl.app.services.IOTaskExecutorService, class com.almasb.fxgl.io.FileSystemService, class com.almasb.fxgl.localization.LocalizationService, class com.almasb.fxgl.app.services.SystemBundleService, class com.almasb.fxgl.profile.SaveLoadService, class com.almasb.fxgl.ui.FXGLUIFactoryServiceProvider, class com.almasb.fxgl.ui.FXGLDialogFactoryServiceProvider, class com.almasb.fxgl.audio.AudioPlayer, class com.almasb.fxgl.notification.impl.NotificationServiceProvider, class com.almasb.fxgl.achievement.AchievementService, class com.almasb.fxgl.cutscene.CutsceneService, class com.almasb.fxgl.minigames.MiniGameService, class com.almasb.fxgl.net.NetService, class com.almasb.fxgl.app.services.UpdaterService, class com.almasb.fxgl.dev.DevService]
12:08:06.868 [FXGL Background Thread 3 ] DEBUG Engine               - fontGame: Abel-Regular.ttf
12:08:06.868 [FXGL Background Thread 3 ] DEBUG Engine               - fontMono: TerminalLandMono-Regular.otf
12:08:06.868 [FXGL Background Thread 3 ] DEBUG Engine               - fontText: Courier-Prime.ttf
12:08:06.868 [FXGL Background Thread 3 ] DEBUG Engine               - fontUI: VarelaRound-Regular.ttf
12:08:06.868 [FXGL Background Thread 3 ] DEBUG Engine               - fullScreen: BooleanProperty [value: true]
12:08:06.868 [FXGL Background Thread 3 ] DEBUG Engine               - gameDifficulty: MEDIUM
12:08:06.868 [FXGL Background Thread 3 ] DEBUG Engine               - gameDifficultyProperty: ObjectProperty [value: MEDIUM]
12:08:06.869 [FXGL Background Thread 3 ] DEBUG Engine               - globalMusicVolume: 0.5
12:08:06.869 [FXGL Background Thread 3 ] DEBUG Engine               - globalMusicVolumeProperty: DoubleProperty [value: 1.0]
12:08:06.869 [FXGL Background Thread 3 ] DEBUG Engine               - globalSoundVolume: 0.5
12:08:06.869 [FXGL Background Thread 3 ] DEBUG Engine               - globalSoundVolumeProperty: DoubleProperty [value: 0.1]
12:08:06.869 [FXGL Background Thread 3 ] DEBUG Engine               - height: 600
12:08:06.870 [FXGL Background Thread 3 ] DEBUG Engine               - is3D: false
12:08:06.870 [FXGL Background Thread 3 ] DEBUG Engine               - isAndroid: false
12:08:06.870 [FXGL Background Thread 3 ] DEBUG Engine               - isBrowser: false
12:08:06.870 [FXGL Background Thread 3 ] DEBUG Engine               - isClickFeedbackEnabled: false
12:08:06.870 [FXGL Background Thread 3 ] DEBUG Engine               - isCloseConfirmation: false
12:08:06.870 [FXGL Background Thread 3 ] DEBUG Engine               - isDesktop: true
12:08:06.870 [FXGL Background Thread 3 ] DEBUG Engine               - isDeveloperMenuEnabled: false
12:08:06.870 [FXGL Background Thread 3 ] DEBUG Engine               - isEmbedded: false
12:08:06.870 [FXGL Background Thread 3 ] DEBUG Engine               - isEntityPreloadEnabled: true
12:08:06.870 [FXGL Background Thread 3 ] DEBUG Engine               - isExperimentalTiledLargeMap: false
12:08:06.870 [FXGL Background Thread 3 ] DEBUG Engine               - isFileSystemWriteAllowed: true
12:08:06.870 [FXGL Background Thread 3 ] DEBUG Engine               - isFullScreenAllowed: true
12:08:06.870 [FXGL Background Thread 3 ] DEBUG Engine               - isFullScreenFromStart: true
12:08:06.870 [FXGL Background Thread 3 ] DEBUG Engine               - isGameMenuEnabled: true
12:08:06.870 [FXGL Background Thread 3 ] DEBUG Engine               - isIOS: false
12:08:06.870 [FXGL Background Thread 3 ] DEBUG Engine               - isIntroEnabled: false
12:08:06.870 [FXGL Background Thread 3 ] DEBUG Engine               - isLinux: false
12:08:06.870 [FXGL Background Thread 3 ] DEBUG Engine               - isMac: false
12:08:06.871 [FXGL Background Thread 3 ] DEBUG Engine               - isMainMenuEnabled: true
12:08:06.871 [FXGL Background Thread 3 ] DEBUG Engine               - isManualResizeEnabled: false
12:08:06.871 [FXGL Background Thread 3 ] DEBUG Engine               - isMobile: false
12:08:06.871 [FXGL Background Thread 3 ] DEBUG Engine               - isNative: false
12:08:06.871 [FXGL Background Thread 3 ] DEBUG Engine               - isPauseMusicWhenMinimized: true
12:08:06.871 [FXGL Background Thread 3 ] DEBUG Engine               - isPreserveResizeRatio: false
12:08:06.871 [FXGL Background Thread 3 ] DEBUG Engine               - isProfilingEnabled: false
12:08:06.871 [FXGL Background Thread 3 ] DEBUG Engine               - isScaleAffectedOnResize: true
12:08:06.871 [FXGL Background Thread 3 ] DEBUG Engine               - isSingleStep: false
12:08:06.871 [FXGL Background Thread 3 ] DEBUG Engine               - isUserProfileEnabled: false
12:08:06.871 [FXGL Background Thread 3 ] DEBUG Engine               - isWindows: true
12:08:06.871 [FXGL Background Thread 3 ] DEBUG Engine               - language: ObjectProperty [value: ENGLISH]
12:08:06.871 [FXGL Background Thread 3 ] DEBUG Engine               - menuKey: ESCAPE
12:08:06.871 [FXGL Background Thread 3 ] DEBUG Engine               - mouseSensitivity: 0.2
12:08:06.871 [FXGL Background Thread 3 ] DEBUG Engine               - notificationViewClass: class com.almasb.fxgl.notification.view.XboxNotificationView
12:08:06.871 [FXGL Background Thread 3 ] DEBUG Engine               - pixelsPerMeter: 50.0
12:08:06.871 [FXGL Background Thread 3 ] DEBUG Engine               - platform: WINDOWS
12:08:06.872 [FXGL Background Thread 3 ] DEBUG Engine               - prefHeightProperty: ReadOnlyDoubleProperty [value: 600.0]
12:08:06.872 [FXGL Background Thread 3 ] DEBUG Engine               - prefWidthProperty: ReadOnlyDoubleProperty [value: 800.0]
12:08:06.872 [FXGL Background Thread 3 ] DEBUG Engine               - profileDir: profiles/
12:08:06.872 [FXGL Background Thread 3 ] DEBUG Engine               - profileName: StringProperty [value: DEFAULT]
12:08:06.872 [FXGL Background Thread 3 ] DEBUG Engine               - randomSeed: -1
12:08:06.872 [FXGL Background Thread 3 ] DEBUG Engine               - runtimeInfo: RuntimeInfo(platform=WINDOWS, version=17.2, build=20.08.2022 16.50)
12:08:06.872 [FXGL Background Thread 3 ] DEBUG Engine               - saveFileExt: sav
12:08:06.872 [FXGL Background Thread 3 ] DEBUG Engine               - scaledHeightProp$fxgl: DoubleProperty [bound, value: 768.0]
12:08:06.872 [FXGL Background Thread 3 ] DEBUG Engine               - scaledWidthProp$fxgl: DoubleProperty [bound, value: 1366.0]
12:08:06.873 [FXGL Background Thread 3 ] DEBUG Engine               - sceneFactory: com.almasb.fxgl.app.scene.SceneFactory@53b03b74
12:08:06.873 [FXGL Background Thread 3 ] DEBUG Engine               - secondsIn24h: 60
12:08:06.873 [FXGL Background Thread 3 ] DEBUG Engine               - soundMenuBack: menu/back.wav
12:08:06.873 [FXGL Background Thread 3 ] DEBUG Engine               - soundMenuPress: menu/press.wav
12:08:06.873 [FXGL Background Thread 3 ] DEBUG Engine               - soundMenuSelect: menu/select.wav
12:08:06.873 [FXGL Background Thread 3 ] DEBUG Engine               - soundNotification: core/notification.wav
12:08:06.873 [FXGL Background Thread 3 ] DEBUG Engine               - stageStyle: DECORATED
12:08:06.873 [FXGL Background Thread 3 ] DEBUG Engine               - supportedLanguages: [ENGLISH, FRENCH, GERMAN, HUNGARIAN, RUSSIAN]
12:08:06.873 [FXGL Background Thread 3 ] DEBUG Engine               - ticksPerSecond: -1
12:08:06.873 [FXGL Background Thread 3 ] DEBUG Engine               - title: Nuclear Throne Atomic
12:08:06.873 [FXGL Background Thread 3 ] DEBUG Engine               - urlGithub: https://github.com/AlmasB/FXGL
12:08:06.873 [FXGL Background Thread 3 ] DEBUG Engine               - urlLeaderboard: http://fxgl-top.herokuapp.com/
12:08:06.873 [FXGL Background Thread 3 ] DEBUG Engine               - urlPOM: https://raw.githubusercontent.com/AlmasB/FXGL/release/README.md
12:08:06.873 [FXGL Background Thread 3 ] DEBUG Engine               - userAppClass: class com.example.nuclearthroneatomic.Controller
12:08:06.873 [FXGL Background Thread 3 ] DEBUG Engine               - version: 0.0
12:08:06.874 [FXGL Background Thread 3 ] DEBUG Engine               - versionCheckDays: 7
12:08:06.874 [FXGL Background Thread 3 ] DEBUG Engine               - width: 800
12:08:06.874 [FXGL Background Thread 3 ] DEBUG Engine               - Logging services
12:08:06.874 [FXGL Background Thread 3 ] DEBUG Engine               - class com.almasb.fxgl.app.services.FXGLAssetLoaderService
12:08:06.874 [FXGL Background Thread 3 ] DEBUG Engine               - class com.almasb.fxgl.app.FXGLApplication$GameApplicationService
12:08:06.874 [FXGL Background Thread 3 ] DEBUG Engine               - class com.almasb.fxgl.app.services.FXGLDialogService
12:08:06.874 [FXGL Background Thread 3 ] DEBUG Engine               - class com.almasb.fxgl.app.services.IOTaskExecutorService
12:08:06.874 [FXGL Background Thread 3 ] DEBUG Engine               - class com.almasb.fxgl.io.FileSystemService
12:08:06.874 [FXGL Background Thread 3 ] DEBUG Engine               - class com.almasb.fxgl.localization.LocalizationService
12:08:06.874 [FXGL Background Thread 3 ] DEBUG Engine               - class com.almasb.fxgl.app.services.SystemBundleService
12:08:06.874 [FXGL Background Thread 3 ] DEBUG Engine               - class com.almasb.fxgl.profile.SaveLoadService
12:08:06.874 [FXGL Background Thread 3 ] DEBUG Engine               - class com.almasb.fxgl.ui.FXGLUIFactoryServiceProvider
12:08:06.874 [FXGL Background Thread 3 ] DEBUG Engine               - class com.almasb.fxgl.ui.FXGLDialogFactoryServiceProvider
12:08:06.874 [FXGL Background Thread 3 ] DEBUG Engine               - class com.almasb.fxgl.audio.AudioPlayer
12:08:06.874 [FXGL Background Thread 3 ] DEBUG Engine               - class com.almasb.fxgl.notification.impl.NotificationServiceProvider
12:08:06.874 [FXGL Background Thread 3 ] DEBUG Engine               - class com.almasb.fxgl.achievement.AchievementService
12:08:06.874 [FXGL Background Thread 3 ] DEBUG Engine               - class com.almasb.fxgl.cutscene.CutsceneService
12:08:06.874 [FXGL Background Thread 3 ] DEBUG Engine               - class com.almasb.fxgl.minigames.MiniGameService
12:08:06.874 [FXGL Background Thread 3 ] DEBUG Engine               - class com.almasb.fxgl.net.NetService
12:08:06.874 [FXGL Background Thread 3 ] DEBUG Engine               - class com.almasb.fxgl.app.services.UpdaterService
12:08:06.875 [FXGL Background Thread 3 ] DEBUG Engine               - class com.almasb.fxgl.dev.DevService
12:08:07.289 [JavaFX Application Thread] DEBUG Menu                 - fireNewGame()
12:08:07.290 [JavaFX Application Thread] DEBUG GameApplicationServi - Starting new game
12:08:07.292 [JavaFX Application Thread] DEBUG PrimaryStageWindow   - Pop state: FXGLDefaultMenu
12:08:07.292 [JavaFX Application Thread] DEBUG Input                - Clearing active input actions
12:08:07.293 [JavaFX Application Thread] DEBUG GameApplicationServi - Removing overlay from FXGLDefaultMenu and adding to FXGLMainMenuDummyScene
12:08:07.293 [JavaFX Application Thread] DEBUG PrimaryStageWindow   - FXGLMainMenuDummyScene <- FXGLDefaultMenu
12:08:07.294 [JavaFX Application Thread] DEBUG Input                - Clearing active input actions
12:08:07.303 [JavaFX Application Thread] DEBUG GameApplicationServi - Removing overlay from FXGLMainMenuDummyScene and adding to FXGLLoadingScene
12:08:07.304 [JavaFX Application Thread] DEBUG PrimaryStageWindow   - FXGLMainMenuDummyScene -> FXGLLoadingScene
12:08:07.304 [JavaFX Application Thread] DEBUG GameApplicationServi - Clearing previous game
12:08:07.304 [JavaFX Application Thread] DEBUG GameScene            - Clearing game scene
12:08:07.304 [JavaFX Application Thread] DEBUG GameWorld            - Clearing game world
12:08:07.304 [JavaFX Application Thread] DEBUG PhysicsWorld         - Clearing physics world
12:08:07.306 [FXGL Background Thread 2 ] DEBUG FXGLApplication      - Initializing game
12:08:07.320 [FXGL Background Thread 2 ] DEBUG FXGLAssetLoaderServi - Loading from file system: file:/C:/Users/Juan/Desktop/APOOOO/NuclearThroneAtomic/src/nuclearthroneatomic/target/classes/assets/textures/Background/libraryYesOMG.png
12:08:07.338 [FXGL Background Thread 2 ] DEBUG FXGLAssetLoaderServi - Loading from file system: file:/C:/Users/Juan/Desktop/APOOOO/NuclearThroneAtomic/src/nuclearthroneatomic/target/classes/assets/textures/Avatar/1-Idle/1.png
12:08:07.340 [FXGL Background Thread 2 ] DEBUG FXGLAssetLoaderServi - Loading from file system: file:/C:/Users/Juan/Desktop/APOOOO/NuclearThroneAtomic/src/nuclearthroneatomic/target/classes/assets/textures/Avatar/1-Idle/2.png
12:08:07.344 [FXGL Background Thread 2 ] DEBUG FXGLAssetLoaderServi - Loading from file system: file:/C:/Users/Juan/Desktop/APOOOO/NuclearThroneAtomic/src/nuclearthroneatomic/target/classes/assets/textures/Avatar/1-Idle/3.png
12:08:07.348 [FXGL Background Thread 2 ] DEBUG FXGLAssetLoaderServi - Loading from file system: file:/C:/Users/Juan/Desktop/APOOOO/NuclearThroneAtomic/src/nuclearthroneatomic/target/classes/assets/textures/Avatar/1-Idle/4.png
12:08:07.384 [FXGL Background Thread 2 ] DEBUG FXGLAssetLoaderServi - Loading from file system: file:/C:/Users/Juan/Desktop/APOOOO/NuclearThroneAtomic/src/nuclearthroneatomic/target/classes/assets/textures/Avatar/2-Run/1.png
12:08:07.401 [FXGL Background Thread 2 ] DEBUG FXGLAssetLoaderServi - Loading from file system: file:/C:/Users/Juan/Desktop/APOOOO/NuclearThroneAtomic/src/nuclearthroneatomic/target/classes/assets/textures/Avatar/2-Run/2.png
12:08:07.404 [FXGL Background Thread 2 ] DEBUG FXGLAssetLoaderServi - Loading from file system: file:/C:/Users/Juan/Desktop/APOOOO/NuclearThroneAtomic/src/nuclearthroneatomic/target/classes/assets/textures/Avatar/2-Run/3.png
12:08:07.406 [FXGL Background Thread 2 ] DEBUG FXGLAssetLoaderServi - Loading from file system: file:/C:/Users/Juan/Desktop/APOOOO/NuclearThroneAtomic/src/nuclearthroneatomic/target/classes/assets/textures/Avatar/2-Run/4.png
12:08:07.408 [FXGL Background Thread 2 ] DEBUG FXGLAssetLoaderServi - Loading from file system: file:/C:/Users/Juan/Desktop/APOOOO/NuclearThroneAtomic/src/nuclearthroneatomic/target/classes/assets/textures/Avatar/2-Run/5.png
12:08:07.412 [FXGL Background Thread 2 ] DEBUG FXGLAssetLoaderServi - Loading from file system: file:/C:/Users/Juan/Desktop/APOOOO/NuclearThroneAtomic/src/nuclearthroneatomic/target/classes/assets/textures/Avatar/2-Run/6.png
12:08:07.426 [FXGL Background Thread 2 ] DEBUG FXGLAssetLoaderServi - Loading from file system: file:/C:/Users/Juan/Desktop/APOOOO/NuclearThroneAtomic/src/nuclearthroneatomic/target/classes/assets/textures/Munition/1.png
12:08:07.489 [FXGL Background Thread 2 ] DEBUG FXGLAssetLoaderServi - Loading from file system: file:/C:/Users/Juan/Desktop/APOOOO/NuclearThroneAtomic/src/nuclearthroneatomic/target/classes/assets/textures/hud/lifeplayer.png
12:08:07.496 [FXGL Background Thread 2 ] DEBUG FXGLAssetLoaderServi - Loading from file system: file:/C:/Users/Juan/Desktop/APOOOO/NuclearThroneAtomic/src/nuclearthroneatomic/target/classes/assets/textures/hud/medkit.png
12:08:07.505 [FXGL Background Thread 2 ] DEBUG FXGLAssetLoaderServi - Loading from file system: file:/C:/Users/Juan/Desktop/APOOOO/NuclearThroneAtomic/src/nuclearthroneatomic/target/classes/assets/textures/hud/trebol.png
12:08:07.508 [FXGL Background Thread 2 ] DEBUG FXGLAssetLoaderServi - Loading from file system: file:/C:/Users/Juan/Desktop/APOOOO/NuclearThroneAtomic/src/nuclearthroneatomic/target/classes/assets/textures/Guns/2.png
12:08:07.528 [FXGL Background Thread 2 ] DEBUG FXGLAssetLoaderServi - Loading from file system: file:/C:/Users/Juan/Desktop/APOOOO/NuclearThroneAtomic/src/nuclearthroneatomic/target/classes/assets/textures/enemy/1-Idle/1.png
12:08:07.531 [FXGL Background Thread 2 ] DEBUG FXGLAssetLoaderServi - Loading from file system: file:/C:/Users/Juan/Desktop/APOOOO/NuclearThroneAtomic/src/nuclearthroneatomic/target/classes/assets/textures/enemy/1-Idle/2.png
12:08:07.542 [FXGL Background Thread 2 ] DEBUG FXGLAssetLoaderServi - Loading from file system: file:/C:/Users/Juan/Desktop/APOOOO/NuclearThroneAtomic/src/nuclearthroneatomic/target/classes/assets/textures/enemy/1-Idle/3.png
12:08:07.544 [FXGL Background Thread 2 ] DEBUG FXGLAssetLoaderServi - Loading from file system: file:/C:/Users/Juan/Desktop/APOOOO/NuclearThroneAtomic/src/nuclearthroneatomic/target/classes/assets/textures/enemy/1-Idle/4.png
12:08:07.579 [FXGL Background Thread 2 ] DEBUG FXGLAssetLoaderServi - Loading from file system: file:/C:/Users/Juan/Desktop/APOOOO/NuclearThroneAtomic/src/nuclearthroneatomic/target/classes/assets/textures/enemy/2-Run/1.png
12:08:07.597 [FXGL Background Thread 2 ] DEBUG FXGLAssetLoaderServi - Loading from file system: file:/C:/Users/Juan/Desktop/APOOOO/NuclearThroneAtomic/src/nuclearthroneatomic/target/classes/assets/textures/enemy/2-Run/2.png
12:08:07.604 [FXGL Background Thread 2 ] DEBUG FXGLAssetLoaderServi - Loading from file system: file:/C:/Users/Juan/Desktop/APOOOO/NuclearThroneAtomic/src/nuclearthroneatomic/target/classes/assets/textures/enemy/2-Run/3.png
12:08:07.607 [FXGL Background Thread 2 ] DEBUG FXGLAssetLoaderServi - Loading from file system: file:/C:/Users/Juan/Desktop/APOOOO/NuclearThroneAtomic/src/nuclearthroneatomic/target/classes/assets/textures/enemy/2-Run/4.png
12:08:07.610 [FXGL Background Thread 2 ] DEBUG FXGLAssetLoaderServi - Loading from file system: file:/C:/Users/Juan/Desktop/APOOOO/NuclearThroneAtomic/src/nuclearthroneatomic/target/classes/assets/textures/enemy/2-Run/5.png
12:08:07.612 [FXGL Background Thread 2 ] DEBUG FXGLAssetLoaderServi - Loading from file system: file:/C:/Users/Juan/Desktop/APOOOO/NuclearThroneAtomic/src/nuclearthroneatomic/target/classes/assets/textures/enemy/2-Run/6.png
12:08:07.621 [FXGL Background Thread 2 ] DEBUG FXGLAssetLoaderServi - Loading from file system: file:/C:/Users/Juan/Desktop/APOOOO/NuclearThroneAtomic/src/nuclearthroneatomic/target/classes/assets/textures/Guns/1.png
12:08:07.747 [FXGL Background Thread 2 ] DEBUG FXGLAssetLoaderServi - Loading from file system: file:/C:/Users/Juan/Desktop/APOOOO/NuclearThroneAtomic/src/nuclearthroneatomic/target/classes/assets/textures/mouse/mousecomplete.png
12:08:07.881 [FXGL Background Thread 2 ] DEBUG FXGLAssetLoaderServi - Loading from file system: file:/C:/Users/Juan/Desktop/APOOOO/NuclearThroneAtomic/src/nuclearthroneatomic/target/classes/assets/textures/Wall/1.png
12:08:08.206 [FXGL Background Thread 2 ] INFO  FXGLApplication      - Game initialization took: 0,900 sec
12:08:08.238 [JavaFX Application Thread] DEBUG Input                - Clearing active input actions
12:08:08.250 [JavaFX Application Thread] DEBUG GameApplicationServi - Removing overlay from FXGLLoadingScene and adding to GameScene
12:08:08.251 [JavaFX Application Thread] DEBUG PrimaryStageWindow   - FXGLLoadingScene -> GameScene
12:08:09.373 [JavaFX Application Thread] DEBUG FXGLAssetLoaderServi - Loading from file system: file:/C:/Users/Juan/Desktop/APOOOO/NuclearThroneAtomic/src/nuclearthroneatomic/target/classes/assets/textures/Munition/2.png
12:08:10.202 [JavaFX Application Thread] DEBUG FXGLAssetLoaderServi - Loading from file system: file:/C:/Users/Juan/Desktop/APOOOO/NuclearThroneAtomic/src/nuclearthroneatomic/target/classes/assets/textures/Bullet/2.png
12:08:11.343 [JavaFX Application Thread] DEBUG FXGLAssetLoaderServi - Loading from file system: file:/C:/Users/Juan/Desktop/APOOOO/NuclearThroneAtomic/src/nuclearthroneatomic/target/classes/assets/textures/Bullet/1.png
12:08:11.553 [JavaFX Application Thread] DEBUG PrimaryStageWindow   - Push state: DialogSubScene
12:08:11.553 [JavaFX Application Thread] DEBUG Input                - Clearing active input actions
12:08:11.554 [JavaFX Application Thread] DEBUG GameApplicationServi - Removing overlay from GameScene and adding to DialogSubScene
12:08:11.554 [JavaFX Application Thread] DEBUG PrimaryStageWindow   - GameScene -> DialogSubScene
12:08:12.711 [JavaFX Application Thread] DEBUG PrimaryStageWindow   - Pop state: DialogSubScene
12:08:12.711 [JavaFX Application Thread] DEBUG Input                - Clearing active input actions
12:08:12.712 [JavaFX Application Thread] DEBUG GameApplicationServi - Removing overlay from DialogSubScene and adding to GameScene
12:08:12.712 [JavaFX Application Thread] DEBUG PrimaryStageWindow   - GameScene <- DialogSubScene
12:08:21.522 [JavaFX Application Thread] DEBUG PrimaryStageWindow   - Push state: DialogSubScene
12:08:21.522 [JavaFX Application Thread] DEBUG Input                - Clearing active input actions
12:08:21.523 [JavaFX Application Thread] DEBUG GameApplicationServi - Removing overlay from GameScene and adding to DialogSubScene
12:08:21.523 [JavaFX Application Thread] DEBUG PrimaryStageWindow   - GameScene -> DialogSubScene
12:08:24.870 [JavaFX Application Thread] DEBUG PrimaryStageWindow   - Pop state: DialogSubScene
12:08:24.870 [JavaFX Application Thread] DEBUG Input                - Clearing active input actions
12:08:24.871 [JavaFX Application Thread] DEBUG GameApplicationServi - Removing overlay from DialogSubScene and adding to GameScene
12:08:24.871 [JavaFX Application Thread] DEBUG PrimaryStageWindow   - GameScene <- DialogSubScene
12:08:27.102 [JavaFX Application Thread] DEBUG PrimaryStageWindow   - Push state: DialogSubScene
12:08:27.102 [JavaFX Application Thread] DEBUG Input                - Clearing active input actions
12:08:27.102 [JavaFX Application Thread] DEBUG GameApplicationServi - Removing overlay from GameScene and adding to DialogSubScene
12:08:27.102 [JavaFX Application Thread] DEBUG PrimaryStageWindow   - GameScene -> DialogSubScene
12:08:29.078 [JavaFX Application Thread] DEBUG PrimaryStageWindow   - Pop state: DialogSubScene
12:08:29.078 [JavaFX Application Thread] DEBUG Input                - Clearing active input actions
12:08:29.079 [JavaFX Application Thread] DEBUG GameApplicationServi - Removing overlay from DialogSubScene and adding to GameScene
12:08:29.079 [JavaFX Application Thread] DEBUG PrimaryStageWindow   - GameScene <- DialogSubScene
12:08:29.166 [JavaFX Application Thread] DEBUG PrimaryStageWindow   - Push state: DialogSubScene
12:08:29.166 [JavaFX Application Thread] DEBUG Input                - Clearing active input actions
12:08:29.166 [JavaFX Application Thread] DEBUG GameApplicationServi - Removing overlay from GameScene and adding to DialogSubScene
12:08:29.166 [JavaFX Application Thread] DEBUG PrimaryStageWindow   - GameScene -> DialogSubScene
12:08:30.526 [JavaFX Application Thread] DEBUG PrimaryStageWindow   - Pop state: DialogSubScene
12:08:30.526 [JavaFX Application Thread] DEBUG Input                - Clearing active input actions
12:08:30.527 [JavaFX Application Thread] DEBUG GameApplicationServi - Removing overlay from DialogSubScene and adding to GameScene
12:08:30.527 [JavaFX Application Thread] DEBUG PrimaryStageWindow   - GameScene <- DialogSubScene
12:08:32.830 [JavaFX Application Thread] DEBUG PrimaryStageWindow   - Push state: DialogSubScene
12:08:32.830 [JavaFX Application Thread] DEBUG Input                - Clearing active input actions
12:08:32.831 [JavaFX Application Thread] DEBUG GameApplicationServi - Removing overlay from GameScene and adding to DialogSubScene
12:08:32.831 [JavaFX Application Thread] DEBUG PrimaryStageWindow   - GameScene -> DialogSubScene
12:08:34.118 [JavaFX Application Thread] DEBUG PrimaryStageWindow   - Pop state: DialogSubScene
12:08:34.118 [JavaFX Application Thread] DEBUG Input                - Clearing active input actions
12:08:34.119 [JavaFX Application Thread] DEBUG GameApplicationServi - Removing overlay from DialogSubScene and adding to GameScene
12:08:34.120 [JavaFX Application Thread] DEBUG PrimaryStageWindow   - GameScene <- DialogSubScene
12:08:36.431 [JavaFX Application Thread] DEBUG PrimaryStageWindow   - Push state: DialogSubScene
12:08:36.431 [JavaFX Application Thread] DEBUG Input                - Clearing active input actions
12:08:36.432 [JavaFX Application Thread] DEBUG GameApplicationServi - Removing overlay from GameScene and adding to DialogSubScene
12:08:36.432 [JavaFX Application Thread] DEBUG PrimaryStageWindow   - GameScene -> DialogSubScene
12:08:37.718 [JavaFX Application Thread] DEBUG PrimaryStageWindow   - Pop state: DialogSubScene
12:08:37.718 [JavaFX Application Thread] DEBUG Input                - Clearing active input actions
12:08:37.719 [JavaFX Application Thread] DEBUG GameApplicationServi - Removing overlay from DialogSubScene and adding to GameScene
12:08:37.719 [JavaFX Application Thread] DEBUG PrimaryStageWindow   - GameScene <- DialogSubScene
12:08:39.633 [JavaFX Application Thread] DEBUG PrimaryStageWindow   - Push state: DialogSubScene
12:08:39.634 [JavaFX Application Thread] DEBUG Input                - Clearing active input actions
12:08:39.634 [JavaFX Application Thread] DEBUG GameApplicationServi - Removing overlay from GameScene and adding to DialogSubScene
12:08:39.634 [JavaFX Application Thread] DEBUG PrimaryStageWindow   - GameScene -> DialogSubScene
12:08:40.173 [JavaFX Application Thread] DEBUG PrimaryStageWindow   - Pop state: DialogSubScene
12:08:40.173 [JavaFX Application Thread] DEBUG Input                - Clearing active input actions
12:08:40.174 [JavaFX Application Thread] DEBUG GameApplicationServi - Removing overlay from DialogSubScene and adding to GameScene
12:08:40.174 [JavaFX Application Thread] DEBUG PrimaryStageWindow   - GameScene <- DialogSubScene
12:08:40.174 [JavaFX Application Thread] DEBUG FXGLApplication      - Exiting FXGL
12:08:40.174 [JavaFX Application Thread] DEBUG LoopRunner           - Stopping loop
12:08:40.174 [JavaFX Application Thread] DEBUG SystemBundleService  - Saving FXGL system data
12:08:40.177 [JavaFX Application Thread] DEBUG FileSystemAccess     - Writing to: C:\Users\Juan\Desktop\APOOOO\NuclearThroneAtomic\src\nuclearthroneatomic\system\fxgl.bundle
12:08:40.181 [JavaFX Application Thread] DEBUG Async                - Shutting down background threads
12:08:40.181 [JavaFX Application Thread] DEBUG PrimaryStageWindow   - Closing main window
12:08:40.207 [JavaFX Application Thread] DEBUG Logger               - Closing Logger
