11:22:22.380 [main                     ] DEBUG Logger               - Configured Logger
11:22:22.428 [main                     ] DEBUG GameApplication      - Logging settings
Title: Nuclear Throne Atomic
Version: 0.0
Width: 800
Height: 600
Fullscreen: true
Intro: false
Profiling: false
Single step:false
App Mode: DEVELOPER
Menu Key: ESCAPE
Stage Style: DECORATED
Scene Factory: class com.almasb.fxgl.app.scene.SceneFactory

11:22:23.380 [JavaFX Application Thread] DEBUG FXGLApplication      - Initializing FXGL
11:22:23.386 [JavaFX Application Thread] INFO  Engine               - FXGL-17.2 (20.08.2022 16.50) on WINDOWS (J:20.0.1 FX:19.0.2.1)
11:22:23.387 [JavaFX Application Thread] DEBUG Engine               - JRE Vendor Name: Oracle Corporation
11:22:23.387 [JavaFX Application Thread] DEBUG Engine               - Running on OS: Windows 10 version 10.0
11:22:23.387 [JavaFX Application Thread] DEBUG Engine               - Architecture: amd64
11:22:23.388 [JavaFX Application Thread] INFO  Engine               - Source code and latest versions at: https://github.com/AlmasB/FXGL
11:22:23.388 [JavaFX Application Thread] INFO  Engine               -       Ask questions and discuss at: https://github.com/AlmasB/FXGL/discussions
11:22:23.388 [JavaFX Application Thread] INFO  Engine               -              Join the FXGL chat at: https://gitter.im/AlmasB/FXGL
11:22:23.522 [JavaFX Application Thread] DEBUG PrimaryStageWindow   - Creating a JavaFX scene
11:22:23.584 [JavaFX Application Thread] DEBUG PrimaryStageWindow   - Target settings size: 800.0 x 600.0
11:22:23.584 [JavaFX Application Thread] DEBUG PrimaryStageWindow   - Scaled scene size:    800.0 x 600.0
11:22:23.585 [JavaFX Application Thread] DEBUG PrimaryStageWindow   - Scaled ratio: (1.0, 1.0)
11:22:23.586 [JavaFX Application Thread] DEBUG PrimaryStageWindow   - Set initial scene to FXGLStartupScene
11:22:23.596 [JavaFX Application Thread] DEBUG PrimaryStageWindow   - Opening main window
11:22:23.712 [JavaFX Application Thread] DEBUG PrimaryStageWindow   - Window border size: (16.0, 39.0)
11:22:23.713 [JavaFX Application Thread] DEBUG PrimaryStageWindow   - Scaled size: 800.0 x 600.0
11:22:23.714 [JavaFX Application Thread] DEBUG PrimaryStageWindow   - Scaled ratio: (1.0, 1.0)
11:22:23.714 [JavaFX Application Thread] DEBUG PrimaryStageWindow   - Scene size: 800.0 x 600.0
11:22:23.715 [JavaFX Application Thread] DEBUG PrimaryStageWindow   - Stage size: 816.0 x 639.0
11:22:23.788 [JavaFX Application Thread] DEBUG PrimaryStageWindow   - Going fullscreen
11:22:23.801 [FXGL Background Thread 1 ] DEBUG Engine               - Initializing environment variables
11:22:23.881 [FXGL Background Thread 1 ] DEBUG FXGLAssetLoaderServi - User app class for loading assets: class com.example.nuclearthroneatomic.Controller
11:22:23.881 [FXGL Background Thread 1 ] DEBUG GameApplicationServi - Applying CSS: fxgl_dark.css
11:22:23.883 [FXGL Background Thread 1 ] DEBUG FXGLAssetLoaderServi - Loading from file system: jar:file:///C:/Users/Usuario/.m2/repository/com/github/almasb/fxgl/17.2/fxgl-17.2.jar!/fxglassets/ui/css/fxgl_dark.css
11:22:23.961 [FXGL Background Thread 1 ] DEBUG GameApplicationServi - Initializing application scenes
11:22:24.012 [FXGL Background Thread 1 ] DEBUG GameWorld            - Game world initialized
11:22:24.095 [FXGL Background Thread 1 ] DEBUG PhysicsWorld         - Physics world initialized: appHeight=600, physics.ppm=50,0
11:22:24.095 [FXGL Background Thread 1 ] DEBUG PhysicsWorld         - Using strategy: BRUTE_FORCE
11:22:24.100 [FXGL Background Thread 1 ] DEBUG GameScene            - Game scene initialized: 800x600
11:22:24.116 [FXGL Background Thread 1 ] DEBUG FXGL.DefaultMenu     - createMenuBodyMainMenu()
11:22:24.138 [FXGL Background Thread 1 ] DEBUG FXGL.DefaultMenu     - createOptionsMenu()
11:22:24.146 [FXGL Background Thread 1 ] DEBUG FXGL.DefaultMenu     - createExtraMenu()
11:22:24.153 [FXGL Background Thread 1 ] DEBUG FXGLAssetLoaderServi - Loading from file system: jar:file:///C:/Users/Usuario/.m2/repository/com/github/almasb/fxgl/17.2/fxgl-17.2.jar!/fxglassets/textures/particles/smoke.png
11:22:24.256 [FXGL Background Thread 1 ] DEBUG FXGLAssetLoaderServi - Loading from file system: jar:file:///C:/Users/Usuario/.m2/repository/com/github/almasb/fxgl/17.2/fxgl-17.2.jar!/fxglassets/textures/particles/trace_horizontal.png
11:22:24.296 [FXGL Background Thread 1 ] DEBUG FXGL.DefaultMenu     - createMenuBodyGameMenu()
11:22:24.298 [FXGL Background Thread 1 ] DEBUG FXGL.DefaultMenu     - createOptionsMenu()
11:22:24.300 [FXGL Background Thread 1 ] DEBUG FXGL.DefaultMenu     - createExtraMenu()
11:22:24.317 [FXGL Background Thread 1 ] DEBUG GameApplicationServi - Application scenes initialized
11:22:24.333 [FXGL Background Thread 1 ] DEBUG SystemBundleService  - Loading FXGL system data
11:22:24.339 [FXGL Background Thread 1 ] DEBUG FileSystemAccess     - Reading from: C:\Users\Usuario\OneDrive - Universidad Icesi (@icesi.edu.co)\APO2\Tareas integradoras\NuclearThroneAtomic\src\nuclearthroneatomic\system\fxgl.bundle
11:22:24.350 [FXGL Background Thread 1 ] DEBUG SystemBundleService  - Bundle FXGL: {}
11:22:24.350 [FXGL Background Thread 1 ] DEBUG UpdaterService       - Checking for updates
11:22:24.355 [FXGL Background Thread 4 ] DEBUG FXGLApplication      - Loading fonts
11:22:24.356 [FXGL Background Thread 1 ] DEBUG FXGLApplication      - Loading default localization
11:22:24.356 [FXGL Background Thread 4 ] DEBUG FXGLAssetLoaderServi - Loading from file system: jar:file:///C:/Users/Usuario/.m2/repository/com/github/almasb/fxgl/17.2/fxgl-17.2.jar!/fxglassets/ui/fonts/VarelaRound-Regular.ttf
11:22:24.358 [FXGL Background Thread 1 ] DEBUG FXGLAssetLoaderServi - Loading from file system: jar:file:///C:/Users/Usuario/.m2/repository/com/github/almasb/fxgl/17.2/fxgl-17.2.jar!/fxglassets/languages/english.lang
11:22:24.386 [FXGL Background Thread 1 ] INFO  FXGLApplication      - FXGL initialization took: 0,585 sec
11:22:24.402 [JavaFX Application Thread] DEBUG Input                - Registered new binding: lucky - Q
11:22:24.403 [JavaFX Application Thread] DEBUG Input                - Registered new binding: health - F
11:22:24.403 [JavaFX Application Thread] DEBUG Input                - Registered new binding: Right - D
11:22:24.404 [JavaFX Application Thread] DEBUG Input                - Registered new binding: Left - A
11:22:24.404 [JavaFX Application Thread] DEBUG Input                - Registered new binding: Up - W
11:22:24.404 [JavaFX Application Thread] DEBUG Input                - Registered new binding: Down - S
11:22:24.406 [JavaFX Application Thread] DEBUG Input                - Registered new binding: Reload - RMB
11:22:24.407 [JavaFX Application Thread] DEBUG Input                - Registered new binding: Shoot - LMB
11:22:24.408 [JavaFX Application Thread] DEBUG FXGLAssetLoaderServi - Loading from file system: file:/C:/Users/Usuario/OneDrive%20-%20Universidad%20Icesi%20(@icesi.edu.co)/APO2/Tareas%20integradoras/NuclearThroneAtomic/src/nuclearthroneatomic/target/classes/assets/music/muiscformenus.mp3
11:22:24.542 [FXGL Background Thread 4 ] DEBUG FXGLAssetLoaderServi - Loading from file system: jar:file:///C:/Users/Usuario/.m2/repository/com/github/almasb/fxgl/17.2/fxgl-17.2.jar!/fxglassets/ui/fonts/Abel-Regular.ttf
11:22:24.549 [FXGL Background Thread 4 ] DEBUG FXGLAssetLoaderServi - Loading from file system: jar:file:///C:/Users/Usuario/.m2/repository/com/github/almasb/fxgl/17.2/fxgl-17.2.jar!/fxglassets/ui/fonts/TerminalLandMono-Regular.otf
11:22:24.556 [FXGL Background Thread 4 ] DEBUG FXGLAssetLoaderServi - Loading from file system: jar:file:///C:/Users/Usuario/.m2/repository/com/github/almasb/fxgl/17.2/fxgl-17.2.jar!/fxglassets/ui/fonts/Courier-Prime.ttf
11:22:24.667 [JavaFX Application Thread] DEBUG AudioPlayer          - Playing music com.almasb.fxgl.audio.Music@474bc42b
11:22:24.669 [JavaFX Application Thread] DEBUG FXGLAssetLoaderServi - Loading from file system: jar:file:///C:/Users/Usuario/.m2/repository/com/github/almasb/fxgl/17.2/fxgl-17.2.jar!/fxglassets/textures/fxgl_icon.png
11:22:24.702 [JavaFX Application Thread] DEBUG FXGLAssetLoaderServi - Loading from file system: jar:file:///C:/Users/Usuario/.m2/repository/com/github/almasb/fxgl/17.2/fxgl-17.2.jar!/fxglassets/textures/fxgl_default_cursor.png
11:22:24.706 [JavaFX Application Thread] DEBUG Input                - Registered new binding: Screenshot - CTRL+8
11:22:24.707 [JavaFX Application Thread] DEBUG Input                - Registered new binding: System info dump - CTRL+9
11:22:24.708 [JavaFX Application Thread] DEBUG Input                - Registered new binding: Restart - CTRL+R
11:22:24.709 [JavaFX Application Thread] DEBUG Input                - Registered new binding: Toggle Debug Camera - CTRL+7
11:22:24.713 [JavaFX Application Thread] DEBUG LoopRunner           - Starting loop
11:22:24.713 [JavaFX Application Thread] DEBUG LoopRunner           - Initializing JavaFX AnimationTimerLoop
11:22:24.717 [JavaFX Application Thread] DEBUG Input                - Clearing active input actions
11:22:24.734 [JavaFX Application Thread] DEBUG GameApplicationServi - Removing overlay from FXGLStartupScene and adding to FXGLMainMenuDummyScene
11:22:24.735 [JavaFX Application Thread] DEBUG PrimaryStageWindow   - FXGLStartupScene -> FXGLMainMenuDummyScene
11:22:24.735 [JavaFX Application Thread] DEBUG PrimaryStageWindow   - Push state: FXGLDefaultMenu
11:22:24.741 [JavaFX Application Thread] DEBUG Input                - Clearing active input actions
11:22:24.753 [JavaFX Application Thread] DEBUG GameApplicationServi - Removing overlay from FXGLMainMenuDummyScene and adding to FXGLDefaultMenu
11:22:24.754 [JavaFX Application Thread] DEBUG PrimaryStageWindow   - FXGLMainMenuDummyScene -> FXGLDefaultMenu
11:22:24.766 [JavaFX Application Thread] DEBUG FXGLApplication      - Registering font factories with UI factory
11:22:25.052 [FXGL Background Thread 2 ] INFO  UpdaterService       - Your current version:  17.2
11:22:25.052 [FXGL Background Thread 2 ] INFO  UpdaterService       - Latest stable version: 17.3
11:22:25.830 [JavaFX Application Thread] DEBUG Menu                 - fireNewGame()
11:22:25.830 [JavaFX Application Thread] DEBUG GameApplicationServi - Starting new game
11:22:25.832 [JavaFX Application Thread] DEBUG PrimaryStageWindow   - Pop state: FXGLDefaultMenu
11:22:25.833 [JavaFX Application Thread] DEBUG Input                - Clearing active input actions
11:22:25.835 [JavaFX Application Thread] DEBUG GameApplicationServi - Removing overlay from FXGLDefaultMenu and adding to FXGLMainMenuDummyScene
11:22:25.836 [JavaFX Application Thread] DEBUG PrimaryStageWindow   - FXGLMainMenuDummyScene <- FXGLDefaultMenu
11:22:25.836 [JavaFX Application Thread] DEBUG Input                - Clearing active input actions
11:22:25.846 [JavaFX Application Thread] DEBUG GameApplicationServi - Removing overlay from FXGLMainMenuDummyScene and adding to FXGLLoadingScene
11:22:25.847 [JavaFX Application Thread] DEBUG PrimaryStageWindow   - FXGLMainMenuDummyScene -> FXGLLoadingScene
11:22:25.847 [JavaFX Application Thread] DEBUG GameApplicationServi - Clearing previous game
11:22:25.847 [JavaFX Application Thread] DEBUG GameScene            - Clearing game scene
11:22:25.847 [JavaFX Application Thread] DEBUG GameWorld            - Clearing game world
11:22:25.847 [JavaFX Application Thread] DEBUG PhysicsWorld         - Clearing physics world
11:22:25.850 [FXGL Background Thread 2 ] DEBUG FXGLApplication      - Initializing game
11:22:25.862 [FXGL Background Thread 2 ] DEBUG FXGLAssetLoaderServi - Loading from file system: file:/C:/Users/Usuario/OneDrive%20-%20Universidad%20Icesi%20(@icesi.edu.co)/APO2/Tareas%20integradoras/NuclearThroneAtomic/src/nuclearthroneatomic/target/classes/assets/textures/Background/libraryYesOMG.png
11:22:25.886 [FXGL Background Thread 2 ] DEBUG FXGLAssetLoaderServi - Loading from file system: file:/C:/Users/Usuario/OneDrive%20-%20Universidad%20Icesi%20(@icesi.edu.co)/APO2/Tareas%20integradoras/NuclearThroneAtomic/src/nuclearthroneatomic/target/classes/assets/textures/Avatar/1-Idle/1.png
11:22:25.889 [FXGL Background Thread 2 ] DEBUG FXGLAssetLoaderServi - Loading from file system: file:/C:/Users/Usuario/OneDrive%20-%20Universidad%20Icesi%20(@icesi.edu.co)/APO2/Tareas%20integradoras/NuclearThroneAtomic/src/nuclearthroneatomic/target/classes/assets/textures/Avatar/1-Idle/2.png
11:22:25.892 [FXGL Background Thread 2 ] DEBUG FXGLAssetLoaderServi - Loading from file system: file:/C:/Users/Usuario/OneDrive%20-%20Universidad%20Icesi%20(@icesi.edu.co)/APO2/Tareas%20integradoras/NuclearThroneAtomic/src/nuclearthroneatomic/target/classes/assets/textures/Avatar/1-Idle/3.png
11:22:25.897 [FXGL Background Thread 2 ] DEBUG FXGLAssetLoaderServi - Loading from file system: file:/C:/Users/Usuario/OneDrive%20-%20Universidad%20Icesi%20(@icesi.edu.co)/APO2/Tareas%20integradoras/NuclearThroneAtomic/src/nuclearthroneatomic/target/classes/assets/textures/Avatar/1-Idle/4.png
11:22:25.929 [FXGL Background Thread 2 ] DEBUG FXGLAssetLoaderServi - Loading from file system: file:/C:/Users/Usuario/OneDrive%20-%20Universidad%20Icesi%20(@icesi.edu.co)/APO2/Tareas%20integradoras/NuclearThroneAtomic/src/nuclearthroneatomic/target/classes/assets/textures/Avatar/2-Run/1.png
11:22:25.933 [FXGL Background Thread 2 ] DEBUG FXGLAssetLoaderServi - Loading from file system: file:/C:/Users/Usuario/OneDrive%20-%20Universidad%20Icesi%20(@icesi.edu.co)/APO2/Tareas%20integradoras/NuclearThroneAtomic/src/nuclearthroneatomic/target/classes/assets/textures/Avatar/2-Run/2.png
11:22:25.935 [FXGL Background Thread 2 ] DEBUG FXGLAssetLoaderServi - Loading from file system: file:/C:/Users/Usuario/OneDrive%20-%20Universidad%20Icesi%20(@icesi.edu.co)/APO2/Tareas%20integradoras/NuclearThroneAtomic/src/nuclearthroneatomic/target/classes/assets/textures/Avatar/2-Run/3.png
11:22:25.938 [FXGL Background Thread 2 ] DEBUG FXGLAssetLoaderServi - Loading from file system: file:/C:/Users/Usuario/OneDrive%20-%20Universidad%20Icesi%20(@icesi.edu.co)/APO2/Tareas%20integradoras/NuclearThroneAtomic/src/nuclearthroneatomic/target/classes/assets/textures/Avatar/2-Run/4.png
11:22:25.941 [FXGL Background Thread 2 ] DEBUG FXGLAssetLoaderServi - Loading from file system: file:/C:/Users/Usuario/OneDrive%20-%20Universidad%20Icesi%20(@icesi.edu.co)/APO2/Tareas%20integradoras/NuclearThroneAtomic/src/nuclearthroneatomic/target/classes/assets/textures/Avatar/2-Run/5.png
11:22:25.943 [FXGL Background Thread 2 ] DEBUG FXGLAssetLoaderServi - Loading from file system: file:/C:/Users/Usuario/OneDrive%20-%20Universidad%20Icesi%20(@icesi.edu.co)/APO2/Tareas%20integradoras/NuclearThroneAtomic/src/nuclearthroneatomic/target/classes/assets/textures/Avatar/2-Run/6.png
11:22:25.951 [FXGL Background Thread 2 ] DEBUG FXGLAssetLoaderServi - Loading from file system: file:/C:/Users/Usuario/OneDrive%20-%20Universidad%20Icesi%20(@icesi.edu.co)/APO2/Tareas%20integradoras/NuclearThroneAtomic/src/nuclearthroneatomic/target/classes/assets/textures/Munition/1.png
11:22:25.985 [FXGL Background Thread 2 ] DEBUG FXGLAssetLoaderServi - Loading from file system: file:/C:/Users/Usuario/OneDrive%20-%20Universidad%20Icesi%20(@icesi.edu.co)/APO2/Tareas%20integradoras/NuclearThroneAtomic/src/nuclearthroneatomic/target/classes/assets/textures/hud/lifeplayer.png
11:22:25.994 [FXGL Background Thread 2 ] DEBUG FXGLAssetLoaderServi - Loading from file system: file:/C:/Users/Usuario/OneDrive%20-%20Universidad%20Icesi%20(@icesi.edu.co)/APO2/Tareas%20integradoras/NuclearThroneAtomic/src/nuclearthroneatomic/target/classes/assets/textures/hud/medkit.png
11:22:26.001 [FXGL Background Thread 2 ] DEBUG FXGLAssetLoaderServi - Loading from file system: file:/C:/Users/Usuario/OneDrive%20-%20Universidad%20Icesi%20(@icesi.edu.co)/APO2/Tareas%20integradoras/NuclearThroneAtomic/src/nuclearthroneatomic/target/classes/assets/textures/hud/trebol.png
11:22:26.007 [FXGL Background Thread 2 ] DEBUG FXGLAssetLoaderServi - Loading from file system: file:/C:/Users/Usuario/OneDrive%20-%20Universidad%20Icesi%20(@icesi.edu.co)/APO2/Tareas%20integradoras/NuclearThroneAtomic/src/nuclearthroneatomic/target/classes/assets/textures/Guns/2.png
11:22:26.024 [FXGL Background Thread 2 ] DEBUG FXGLAssetLoaderServi - Loading from file system: file:/C:/Users/Usuario/OneDrive%20-%20Universidad%20Icesi%20(@icesi.edu.co)/APO2/Tareas%20integradoras/NuclearThroneAtomic/src/nuclearthroneatomic/target/classes/assets/textures/enemy/1-Idle/1.png
11:22:26.027 [FXGL Background Thread 2 ] DEBUG FXGLAssetLoaderServi - Loading from file system: file:/C:/Users/Usuario/OneDrive%20-%20Universidad%20Icesi%20(@icesi.edu.co)/APO2/Tareas%20integradoras/NuclearThroneAtomic/src/nuclearthroneatomic/target/classes/assets/textures/enemy/1-Idle/2.png
11:22:26.029 [FXGL Background Thread 2 ] DEBUG FXGLAssetLoaderServi - Loading from file system: file:/C:/Users/Usuario/OneDrive%20-%20Universidad%20Icesi%20(@icesi.edu.co)/APO2/Tareas%20integradoras/NuclearThroneAtomic/src/nuclearthroneatomic/target/classes/assets/textures/enemy/1-Idle/3.png
11:22:26.032 [FXGL Background Thread 2 ] DEBUG FXGLAssetLoaderServi - Loading from file system: file:/C:/Users/Usuario/OneDrive%20-%20Universidad%20Icesi%20(@icesi.edu.co)/APO2/Tareas%20integradoras/NuclearThroneAtomic/src/nuclearthroneatomic/target/classes/assets/textures/enemy/1-Idle/4.png
11:22:26.043 [FXGL Background Thread 2 ] DEBUG FXGLAssetLoaderServi - Loading from file system: file:/C:/Users/Usuario/OneDrive%20-%20Universidad%20Icesi%20(@icesi.edu.co)/APO2/Tareas%20integradoras/NuclearThroneAtomic/src/nuclearthroneatomic/target/classes/assets/textures/enemy/2-Run/1.png
11:22:26.046 [FXGL Background Thread 2 ] DEBUG FXGLAssetLoaderServi - Loading from file system: file:/C:/Users/Usuario/OneDrive%20-%20Universidad%20Icesi%20(@icesi.edu.co)/APO2/Tareas%20integradoras/NuclearThroneAtomic/src/nuclearthroneatomic/target/classes/assets/textures/enemy/2-Run/2.png
11:22:26.048 [FXGL Background Thread 2 ] DEBUG FXGLAssetLoaderServi - Loading from file system: file:/C:/Users/Usuario/OneDrive%20-%20Universidad%20Icesi%20(@icesi.edu.co)/APO2/Tareas%20integradoras/NuclearThroneAtomic/src/nuclearthroneatomic/target/classes/assets/textures/enemy/2-Run/3.png
11:22:26.050 [FXGL Background Thread 2 ] DEBUG FXGLAssetLoaderServi - Loading from file system: file:/C:/Users/Usuario/OneDrive%20-%20Universidad%20Icesi%20(@icesi.edu.co)/APO2/Tareas%20integradoras/NuclearThroneAtomic/src/nuclearthroneatomic/target/classes/assets/textures/enemy/2-Run/4.png
11:22:26.052 [FXGL Background Thread 2 ] DEBUG FXGLAssetLoaderServi - Loading from file system: file:/C:/Users/Usuario/OneDrive%20-%20Universidad%20Icesi%20(@icesi.edu.co)/APO2/Tareas%20integradoras/NuclearThroneAtomic/src/nuclearthroneatomic/target/classes/assets/textures/enemy/2-Run/5.png
11:22:26.053 [FXGL Background Thread 2 ] DEBUG FXGLAssetLoaderServi - Loading from file system: file:/C:/Users/Usuario/OneDrive%20-%20Universidad%20Icesi%20(@icesi.edu.co)/APO2/Tareas%20integradoras/NuclearThroneAtomic/src/nuclearthroneatomic/target/classes/assets/textures/enemy/2-Run/6.png
11:22:26.056 [FXGL Background Thread 2 ] DEBUG FXGLAssetLoaderServi - Loading from file system: file:/C:/Users/Usuario/OneDrive%20-%20Universidad%20Icesi%20(@icesi.edu.co)/APO2/Tareas%20integradoras/NuclearThroneAtomic/src/nuclearthroneatomic/target/classes/assets/textures/Guns/1.png
11:22:26.087 [FXGL Background Thread 2 ] DEBUG FXGLAssetLoaderServi - Loading from file system: file:/C:/Users/Usuario/OneDrive%20-%20Universidad%20Icesi%20(@icesi.edu.co)/APO2/Tareas%20integradoras/NuclearThroneAtomic/src/nuclearthroneatomic/target/classes/assets/textures/mouse/mouseprefirstlevelboss.png
11:22:26.091 [FXGL Background Thread 2 ] DEBUG FXGLAssetLoaderServi - Loading from file system: file:/C:/Users/Usuario/OneDrive%20-%20Universidad%20Icesi%20(@icesi.edu.co)/APO2/Tareas%20integradoras/NuclearThroneAtomic/src/nuclearthroneatomic/target/classes/assets/textures/Wall/1.png
11:22:26.317 [FXGL Background Thread 2 ] INFO  FXGLApplication      - Game initialization took: 0,467 sec
11:22:26.327 [JavaFX Application Thread] DEBUG Input                - Clearing active input actions
11:22:26.340 [JavaFX Application Thread] DEBUG GameApplicationServi - Removing overlay from FXGLLoadingScene and adding to GameScene
11:22:26.340 [JavaFX Application Thread] DEBUG PrimaryStageWindow   - FXGLLoadingScene -> GameScene
11:22:26.841 [JavaFX Application Thread] DEBUG FXGLAssetLoaderServi - Loading from file system: file:/C:/Users/Usuario/OneDrive%20-%20Universidad%20Icesi%20(@icesi.edu.co)/APO2/Tareas%20integradoras/NuclearThroneAtomic/src/nuclearthroneatomic/target/classes/assets/textures/Munition/2.png
11:22:27.354 [FXGL Background Thread 3 ] DEBUG Engine               - Logging environment variables
11:22:27.355 [FXGL Background Thread 3 ] DEBUG Engine               - achievements: []
11:22:27.355 [FXGL Background Thread 3 ] DEBUG Engine               - actualHeight: 1080.0
11:22:27.355 [FXGL Background Thread 3 ] DEBUG Engine               - actualHeightProperty: ReadOnlyDoubleProperty [value: 1080.0]
11:22:27.355 [FXGL Background Thread 3 ] DEBUG Engine               - actualWidth: 1920.0
11:22:27.355 [FXGL Background Thread 3 ] DEBUG Engine               - actualWidthProperty: ReadOnlyDoubleProperty [value: 1920.0]
11:22:27.355 [FXGL Background Thread 3 ] DEBUG Engine               - appIcon: fxgl_icon.png
11:22:27.355 [FXGL Background Thread 3 ] DEBUG Engine               - applicationMode: DEVELOPER
11:22:27.355 [FXGL Background Thread 3 ] DEBUG Engine               - cSSList: [fxgl_dark.css]
11:22:27.355 [FXGL Background Thread 3 ] DEBUG Engine               - collisionDetectionStrategy: BRUTE_FORCE
11:22:27.355 [FXGL Background Thread 3 ] DEBUG Engine               - configClass: Optional.empty
11:22:27.355 [FXGL Background Thread 3 ] DEBUG Engine               - credits: [Designer . . . . . . . Johan Daniel Aguirre, Program Team . . . . . . Juan Sebastián Libreros,                           Juan Jose Barrera,                           Johan Daniel Aguirre, El mas lindo . . . . . . Juan Sebastián Libreros, Master Thief . . . . . . Johan Daniel Aguirre]
11:22:27.356 [FXGL Background Thread 3 ] DEBUG Engine               - defaultCursor: CursorInfo(imageName=fxgl_default_cursor.png, hotspotX=7.0, hotspotY=6.0)
11:22:27.356 [FXGL Background Thread 3 ] DEBUG Engine               - devBBoxColorProperty: ObjectProperty [value: 0xff0000ff]
11:22:27.356 [FXGL Background Thread 3 ] DEBUG Engine               - devEnableDebugCameraProperty: BooleanProperty [value: false]
11:22:27.356 [FXGL Background Thread 3 ] DEBUG Engine               - devSensorColorProperty: ObjectProperty [value: 0xffff00ff]
11:22:27.356 [FXGL Background Thread 3 ] DEBUG Engine               - devShowBBoxProperty: BooleanProperty [value: false]
11:22:27.356 [FXGL Background Thread 3 ] DEBUG Engine               - devShowPositionProperty: BooleanProperty [value: false]
11:22:27.356 [FXGL Background Thread 3 ] DEBUG Engine               - enabledMenuItems: [EXTRA]
11:22:27.356 [FXGL Background Thread 3 ] DEBUG Engine               - engineServices: [class com.almasb.fxgl.app.services.FXGLAssetLoaderService, class com.almasb.fxgl.app.FXGLApplication$GameApplicationService, class com.almasb.fxgl.app.services.FXGLDialogService, class com.almasb.fxgl.app.services.IOTaskExecutorService, class com.almasb.fxgl.io.FileSystemService, class com.almasb.fxgl.localization.LocalizationService, class com.almasb.fxgl.app.services.SystemBundleService, class com.almasb.fxgl.profile.SaveLoadService, class com.almasb.fxgl.ui.FXGLUIFactoryServiceProvider, class com.almasb.fxgl.ui.FXGLDialogFactoryServiceProvider, class com.almasb.fxgl.audio.AudioPlayer, class com.almasb.fxgl.notification.impl.NotificationServiceProvider, class com.almasb.fxgl.achievement.AchievementService, class com.almasb.fxgl.cutscene.CutsceneService, class com.almasb.fxgl.minigames.MiniGameService, class com.almasb.fxgl.net.NetService, class com.almasb.fxgl.app.services.UpdaterService, class com.almasb.fxgl.dev.DevService]
11:22:27.357 [FXGL Background Thread 3 ] DEBUG Engine               - fontGame: Abel-Regular.ttf
11:22:27.357 [FXGL Background Thread 3 ] DEBUG Engine               - fontMono: TerminalLandMono-Regular.otf
11:22:27.357 [FXGL Background Thread 3 ] DEBUG Engine               - fontText: Courier-Prime.ttf
11:22:27.357 [FXGL Background Thread 3 ] DEBUG Engine               - fontUI: VarelaRound-Regular.ttf
11:22:27.357 [FXGL Background Thread 3 ] DEBUG Engine               - fullScreen: BooleanProperty [value: true]
11:22:27.357 [FXGL Background Thread 3 ] DEBUG Engine               - gameDifficulty: MEDIUM
11:22:27.357 [FXGL Background Thread 3 ] DEBUG Engine               - gameDifficultyProperty: ObjectProperty [value: MEDIUM]
11:22:27.357 [FXGL Background Thread 3 ] DEBUG Engine               - globalMusicVolume: 0.5
11:22:27.357 [FXGL Background Thread 3 ] DEBUG Engine               - globalMusicVolumeProperty: DoubleProperty [value: 1.0]
11:22:27.358 [FXGL Background Thread 3 ] DEBUG Engine               - globalSoundVolume: 0.5
11:22:27.358 [FXGL Background Thread 3 ] DEBUG Engine               - globalSoundVolumeProperty: DoubleProperty [value: 0.1]
11:22:27.358 [FXGL Background Thread 3 ] DEBUG Engine               - height: 600
11:22:27.358 [FXGL Background Thread 3 ] DEBUG Engine               - is3D: false
11:22:27.358 [FXGL Background Thread 3 ] DEBUG Engine               - isAndroid: false
11:22:27.358 [FXGL Background Thread 3 ] DEBUG Engine               - isBrowser: false
11:22:27.358 [FXGL Background Thread 3 ] DEBUG Engine               - isClickFeedbackEnabled: false
11:22:27.358 [FXGL Background Thread 3 ] DEBUG Engine               - isCloseConfirmation: false
11:22:27.358 [FXGL Background Thread 3 ] DEBUG Engine               - isDesktop: true
11:22:27.358 [FXGL Background Thread 3 ] DEBUG Engine               - isDeveloperMenuEnabled: false
11:22:27.358 [FXGL Background Thread 3 ] DEBUG Engine               - isEmbedded: false
11:22:27.359 [FXGL Background Thread 3 ] DEBUG Engine               - isEntityPreloadEnabled: true
11:22:27.359 [FXGL Background Thread 3 ] DEBUG Engine               - isExperimentalTiledLargeMap: false
11:22:27.359 [FXGL Background Thread 3 ] DEBUG Engine               - isFileSystemWriteAllowed: true
11:22:27.359 [FXGL Background Thread 3 ] DEBUG Engine               - isFullScreenAllowed: true
11:22:27.359 [FXGL Background Thread 3 ] DEBUG Engine               - isFullScreenFromStart: true
11:22:27.359 [FXGL Background Thread 3 ] DEBUG Engine               - isGameMenuEnabled: true
11:22:27.359 [FXGL Background Thread 3 ] DEBUG Engine               - isIOS: false
11:22:27.359 [FXGL Background Thread 3 ] DEBUG Engine               - isIntroEnabled: false
11:22:27.359 [FXGL Background Thread 3 ] DEBUG Engine               - isLinux: false
11:22:27.359 [FXGL Background Thread 3 ] DEBUG Engine               - isMac: false
11:22:27.359 [FXGL Background Thread 3 ] DEBUG Engine               - isMainMenuEnabled: true
11:22:27.359 [FXGL Background Thread 3 ] DEBUG Engine               - isManualResizeEnabled: false
11:22:27.359 [FXGL Background Thread 3 ] DEBUG Engine               - isMobile: false
11:22:27.360 [FXGL Background Thread 3 ] DEBUG Engine               - isNative: false
11:22:27.360 [FXGL Background Thread 3 ] DEBUG Engine               - isPauseMusicWhenMinimized: true
11:22:27.360 [FXGL Background Thread 3 ] DEBUG Engine               - isPreserveResizeRatio: false
11:22:27.360 [FXGL Background Thread 3 ] DEBUG Engine               - isProfilingEnabled: false
11:22:27.360 [FXGL Background Thread 3 ] DEBUG Engine               - isScaleAffectedOnResize: true
11:22:27.360 [FXGL Background Thread 3 ] DEBUG Engine               - isSingleStep: false
11:22:27.360 [FXGL Background Thread 3 ] DEBUG Engine               - isUserProfileEnabled: false
11:22:27.360 [FXGL Background Thread 3 ] DEBUG Engine               - isWindows: true
11:22:27.360 [FXGL Background Thread 3 ] DEBUG Engine               - language: ObjectProperty [value: ENGLISH]
11:22:27.360 [FXGL Background Thread 3 ] DEBUG Engine               - menuKey: ESCAPE
11:22:27.360 [FXGL Background Thread 3 ] DEBUG Engine               - mouseSensitivity: 0.2
11:22:27.360 [FXGL Background Thread 3 ] DEBUG Engine               - notificationViewClass: class com.almasb.fxgl.notification.view.XboxNotificationView
11:22:27.360 [FXGL Background Thread 3 ] DEBUG Engine               - pixelsPerMeter: 50.0
11:22:27.360 [FXGL Background Thread 3 ] DEBUG Engine               - platform: WINDOWS
11:22:27.360 [FXGL Background Thread 3 ] DEBUG Engine               - prefHeightProperty: ReadOnlyDoubleProperty [value: 600.0]
11:22:27.360 [FXGL Background Thread 3 ] DEBUG Engine               - prefWidthProperty: ReadOnlyDoubleProperty [value: 800.0]
11:22:27.361 [FXGL Background Thread 3 ] DEBUG Engine               - profileDir: profiles/
11:22:27.361 [FXGL Background Thread 3 ] DEBUG Engine               - profileName: StringProperty [value: DEFAULT]
11:22:27.361 [FXGL Background Thread 3 ] DEBUG Engine               - randomSeed: -1
11:22:27.361 [FXGL Background Thread 3 ] DEBUG Engine               - runtimeInfo: RuntimeInfo(platform=WINDOWS, version=17.2, build=20.08.2022 16.50)
11:22:27.361 [FXGL Background Thread 3 ] DEBUG Engine               - saveFileExt: sav
11:22:27.361 [FXGL Background Thread 3 ] DEBUG Engine               - scaledHeightProp$fxgl: DoubleProperty [bound, value: 1080.0]
11:22:27.361 [FXGL Background Thread 3 ] DEBUG Engine               - scaledWidthProp$fxgl: DoubleProperty [bound, value: 1920.0]
11:22:27.361 [FXGL Background Thread 3 ] DEBUG Engine               - sceneFactory: com.almasb.fxgl.app.scene.SceneFactory@2fdfba94
11:22:27.362 [FXGL Background Thread 3 ] DEBUG Engine               - secondsIn24h: 60
11:22:27.362 [FXGL Background Thread 3 ] DEBUG Engine               - soundMenuBack: menu/back.wav
11:22:27.362 [FXGL Background Thread 3 ] DEBUG Engine               - soundMenuPress: menu/press.wav
11:22:27.362 [FXGL Background Thread 3 ] DEBUG Engine               - soundMenuSelect: menu/select.wav
11:22:27.362 [FXGL Background Thread 3 ] DEBUG Engine               - soundNotification: core/notification.wav
11:22:27.362 [FXGL Background Thread 3 ] DEBUG Engine               - stageStyle: DECORATED
11:22:27.362 [FXGL Background Thread 3 ] DEBUG Engine               - supportedLanguages: [ENGLISH, FRENCH, GERMAN, HUNGARIAN, RUSSIAN]
11:22:27.362 [FXGL Background Thread 3 ] DEBUG Engine               - ticksPerSecond: -1
11:22:27.362 [FXGL Background Thread 3 ] DEBUG Engine               - title: Nuclear Throne Atomic
11:22:27.362 [FXGL Background Thread 3 ] DEBUG Engine               - urlGithub: https://github.com/AlmasB/FXGL
11:22:27.362 [FXGL Background Thread 3 ] DEBUG Engine               - urlLeaderboard: http://fxgl-top.herokuapp.com/
11:22:27.362 [FXGL Background Thread 3 ] DEBUG Engine               - urlPOM: https://raw.githubusercontent.com/AlmasB/FXGL/release/README.md
11:22:27.362 [FXGL Background Thread 3 ] DEBUG Engine               - userAppClass: class com.example.nuclearthroneatomic.Controller
11:22:27.362 [FXGL Background Thread 3 ] DEBUG Engine               - version: 0.0
11:22:27.362 [FXGL Background Thread 3 ] DEBUG Engine               - versionCheckDays: 7
11:22:27.362 [FXGL Background Thread 3 ] DEBUG Engine               - width: 800
11:22:27.362 [FXGL Background Thread 3 ] DEBUG Engine               - Logging services
11:22:27.362 [FXGL Background Thread 3 ] DEBUG Engine               - class com.almasb.fxgl.app.services.FXGLAssetLoaderService
11:22:27.362 [FXGL Background Thread 3 ] DEBUG Engine               - class com.almasb.fxgl.app.FXGLApplication$GameApplicationService
11:22:27.362 [FXGL Background Thread 3 ] DEBUG Engine               - class com.almasb.fxgl.app.services.FXGLDialogService
11:22:27.362 [FXGL Background Thread 3 ] DEBUG Engine               - class com.almasb.fxgl.app.services.IOTaskExecutorService
11:22:27.362 [FXGL Background Thread 3 ] DEBUG Engine               - class com.almasb.fxgl.io.FileSystemService
11:22:27.363 [FXGL Background Thread 3 ] DEBUG Engine               - class com.almasb.fxgl.localization.LocalizationService
11:22:27.363 [FXGL Background Thread 3 ] DEBUG Engine               - class com.almasb.fxgl.app.services.SystemBundleService
11:22:27.363 [FXGL Background Thread 3 ] DEBUG Engine               - class com.almasb.fxgl.profile.SaveLoadService
11:22:27.363 [FXGL Background Thread 3 ] DEBUG Engine               - class com.almasb.fxgl.ui.FXGLUIFactoryServiceProvider
11:22:27.363 [FXGL Background Thread 3 ] DEBUG Engine               - class com.almasb.fxgl.ui.FXGLDialogFactoryServiceProvider
11:22:27.363 [FXGL Background Thread 3 ] DEBUG Engine               - class com.almasb.fxgl.audio.AudioPlayer
11:22:27.363 [FXGL Background Thread 3 ] DEBUG Engine               - class com.almasb.fxgl.notification.impl.NotificationServiceProvider
11:22:27.363 [FXGL Background Thread 3 ] DEBUG Engine               - class com.almasb.fxgl.achievement.AchievementService
11:22:27.363 [FXGL Background Thread 3 ] DEBUG Engine               - class com.almasb.fxgl.cutscene.CutsceneService
11:22:27.363 [FXGL Background Thread 3 ] DEBUG Engine               - class com.almasb.fxgl.minigames.MiniGameService
11:22:27.363 [FXGL Background Thread 3 ] DEBUG Engine               - class com.almasb.fxgl.net.NetService
11:22:27.363 [FXGL Background Thread 3 ] DEBUG Engine               - class com.almasb.fxgl.app.services.UpdaterService
11:22:27.363 [FXGL Background Thread 3 ] DEBUG Engine               - class com.almasb.fxgl.dev.DevService
11:22:28.985 [JavaFX Application Thread] DEBUG FXGLAssetLoaderServi - Loading from file system: file:/C:/Users/Usuario/OneDrive%20-%20Universidad%20Icesi%20(@icesi.edu.co)/APO2/Tareas%20integradoras/NuclearThroneAtomic/src/nuclearthroneatomic/target/classes/assets/textures/Bullet/1.png
11:22:29.944 [JavaFX Application Thread] DEBUG FXGLAssetLoaderServi - Loading from file system: file:/C:/Users/Usuario/OneDrive%20-%20Universidad%20Icesi%20(@icesi.edu.co)/APO2/Tareas%20integradoras/NuclearThroneAtomic/src/nuclearthroneatomic/target/classes/assets/textures/Bullet/2.png
11:22:33.237 [JavaFX Application Thread] DEBUG PrimaryStageWindow   - Push state: FXGLDefaultMenu
11:22:33.237 [JavaFX Application Thread] DEBUG Input                - Clearing active input actions
11:22:33.239 [JavaFX Application Thread] DEBUG GameApplicationServi - Removing overlay from GameScene and adding to FXGLDefaultMenu
11:22:33.239 [JavaFX Application Thread] DEBUG PrimaryStageWindow   - GameScene -> FXGLDefaultMenu
11:22:34.401 [JavaFX Application Thread] DEBUG Menu                 - fireExitToMainMenu()
11:22:34.404 [JavaFX Application Thread] DEBUG PrimaryStageWindow   - Push state: DialogSubScene
11:22:34.404 [JavaFX Application Thread] DEBUG Input                - Clearing active input actions
11:22:34.405 [JavaFX Application Thread] DEBUG GameApplicationServi - Removing overlay from FXGLDefaultMenu and adding to DialogSubScene
11:22:34.405 [JavaFX Application Thread] DEBUG PrimaryStageWindow   - FXGLDefaultMenu -> DialogSubScene
11:22:35.028 [JavaFX Application Thread] DEBUG PrimaryStageWindow   - Pop state: DialogSubScene
11:22:35.028 [JavaFX Application Thread] DEBUG Input                - Clearing active input actions
11:22:35.029 [JavaFX Application Thread] DEBUG GameApplicationServi - Removing overlay from DialogSubScene and adding to FXGLDefaultMenu
11:22:35.029 [JavaFX Application Thread] DEBUG PrimaryStageWindow   - FXGLDefaultMenu <- DialogSubScene
11:22:35.029 [JavaFX Application Thread] DEBUG PrimaryStageWindow   - Pop state: FXGLDefaultMenu
11:22:35.029 [JavaFX Application Thread] DEBUG Input                - Clearing active input actions
11:22:35.030 [JavaFX Application Thread] DEBUG GameApplicationServi - Removing overlay from FXGLDefaultMenu and adding to GameScene
11:22:35.030 [JavaFX Application Thread] DEBUG PrimaryStageWindow   - GameScene <- FXGLDefaultMenu
11:22:35.030 [JavaFX Application Thread] DEBUG Input                - Clearing active input actions
11:22:35.042 [JavaFX Application Thread] DEBUG GameApplicationServi - Removing overlay from GameScene and adding to FXGLMainMenuDummyScene
11:22:35.042 [JavaFX Application Thread] DEBUG PrimaryStageWindow   - GameScene -> FXGLMainMenuDummyScene
11:22:35.042 [JavaFX Application Thread] DEBUG PrimaryStageWindow   - Push state: FXGLDefaultMenu
11:22:35.042 [JavaFX Application Thread] DEBUG Input                - Clearing active input actions
11:22:35.045 [JavaFX Application Thread] DEBUG GameApplicationServi - Removing overlay from FXGLMainMenuDummyScene and adding to FXGLDefaultMenu
11:22:35.045 [JavaFX Application Thread] DEBUG PrimaryStageWindow   - FXGLMainMenuDummyScene -> FXGLDefaultMenu
11:22:35.994 [JavaFX Application Thread] DEBUG Menu                 - fireExit()
11:22:35.999 [JavaFX Application Thread] DEBUG PrimaryStageWindow   - Push state: DialogSubScene
11:22:35.999 [JavaFX Application Thread] DEBUG Input                - Clearing active input actions
11:22:36.000 [JavaFX Application Thread] DEBUG GameApplicationServi - Removing overlay from FXGLDefaultMenu and adding to DialogSubScene
11:22:36.000 [JavaFX Application Thread] DEBUG PrimaryStageWindow   - FXGLDefaultMenu -> DialogSubScene
11:22:36.597 [JavaFX Application Thread] DEBUG PrimaryStageWindow   - Pop state: DialogSubScene
11:22:36.597 [JavaFX Application Thread] DEBUG Input                - Clearing active input actions
11:22:36.598 [JavaFX Application Thread] DEBUG GameApplicationServi - Removing overlay from DialogSubScene and adding to FXGLDefaultMenu
11:22:36.598 [JavaFX Application Thread] DEBUG PrimaryStageWindow   - FXGLDefaultMenu <- DialogSubScene
11:22:36.598 [JavaFX Application Thread] DEBUG FXGLApplication      - Exiting FXGL
11:22:36.598 [JavaFX Application Thread] DEBUG LoopRunner           - Stopping loop
11:22:36.598 [JavaFX Application Thread] DEBUG SystemBundleService  - Saving FXGL system data
11:22:36.601 [JavaFX Application Thread] DEBUG FileSystemAccess     - Writing to: C:\Users\Usuario\OneDrive - Universidad Icesi (@icesi.edu.co)\APO2\Tareas integradoras\NuclearThroneAtomic\src\nuclearthroneatomic\system\fxgl.bundle
11:22:36.604 [JavaFX Application Thread] DEBUG Async                - Shutting down background threads
11:22:36.604 [JavaFX Application Thread] DEBUG PrimaryStageWindow   - Closing main window
11:22:36.634 [JavaFX Application Thread] DEBUG Logger               - Closing Logger
