18:29:06.613 [main                     ] DEBUG Logger               - Configured Logger
18:29:06.672 [main                     ] DEBUG GameApplication      - Logging settings
Title: Nuclear Throne Atomic
Version: 0.0
Width: 800
Height: 600
Fullscreen: true
Intro: true
Profiling: false
Single step:false
App Mode: DEVELOPER
Menu Key: ESCAPE
Stage Style: DECORATED
Scene Factory: class com.almasb.fxgl.app.scene.SceneFactory

18:29:07.709 [JavaFX Application Thread] DEBUG FXGLApplication      - Initializing FXGL
18:29:07.715 [JavaFX Application Thread] INFO  Engine               - FXGL-17.2 (20.08.2022 16.50) on WINDOWS (J:20.0.1 FX:18.0.2)
18:29:07.715 [JavaFX Application Thread] DEBUG Engine               - JRE Vendor Name: Oracle Corporation
18:29:07.715 [JavaFX Application Thread] DEBUG Engine               - Running on OS: Windows 10 version 10.0
18:29:07.715 [JavaFX Application Thread] DEBUG Engine               - Architecture: amd64
18:29:07.716 [JavaFX Application Thread] INFO  Engine               - Source code and latest versions at: https://github.com/AlmasB/FXGL
18:29:07.716 [JavaFX Application Thread] INFO  Engine               -       Ask questions and discuss at: https://github.com/AlmasB/FXGL/discussions
18:29:07.716 [JavaFX Application Thread] INFO  Engine               -              Join the FXGL chat at: https://gitter.im/AlmasB/FXGL
18:29:07.838 [JavaFX Application Thread] DEBUG PrimaryStageWindow   - Creating a JavaFX scene
18:29:07.900 [JavaFX Application Thread] DEBUG PrimaryStageWindow   - Target settings size: 800.0 x 600.0
18:29:07.901 [JavaFX Application Thread] DEBUG PrimaryStageWindow   - Scaled scene size:    800.0 x 600.0
18:29:07.901 [JavaFX Application Thread] DEBUG PrimaryStageWindow   - Scaled ratio: (1.0, 1.0)
18:29:07.903 [JavaFX Application Thread] DEBUG PrimaryStageWindow   - Set initial scene to FXGLStartupScene
18:29:07.917 [JavaFX Application Thread] DEBUG PrimaryStageWindow   - Opening main window
18:29:08.025 [JavaFX Application Thread] DEBUG PrimaryStageWindow   - Window border size: (16.0, 39.0)
18:29:08.026 [JavaFX Application Thread] DEBUG PrimaryStageWindow   - Scaled size: 800.0 x 600.0
18:29:08.026 [JavaFX Application Thread] DEBUG PrimaryStageWindow   - Scaled ratio: (1.0, 1.0)
18:29:08.027 [JavaFX Application Thread] DEBUG PrimaryStageWindow   - Scene size: 800.0 x 600.0
18:29:08.027 [JavaFX Application Thread] DEBUG PrimaryStageWindow   - Stage size: 816.0 x 639.0
18:29:08.037 [FXGL Background Thread 1 ] DEBUG Engine               - Initializing environment variables
18:29:08.111 [FXGL Background Thread 1 ] DEBUG FXGLAssetLoaderServi - User app class for loading assets: class com.example.nuclearthroneatomic.Controller
18:29:08.112 [FXGL Background Thread 1 ] DEBUG GameApplicationServi - Applying CSS: fxgl_dark.css
18:29:08.114 [FXGL Background Thread 1 ] DEBUG FXGLAssetLoaderServi - Loading from file system: jar:file:///C:/Users/Usuario/.m2/repository/com/github/almasb/fxgl/17.2/fxgl-17.2.jar!/fxglassets/ui/css/fxgl_dark.css
18:29:08.172 [FXGL Background Thread 1 ] DEBUG GameApplicationServi - Initializing application scenes
18:29:08.237 [FXGL Background Thread 1 ] DEBUG GameWorld            - Game world initialized
18:29:08.327 [FXGL Background Thread 1 ] DEBUG PhysicsWorld         - Physics world initialized: appHeight=600, physics.ppm=50,0
18:29:08.328 [FXGL Background Thread 1 ] DEBUG PhysicsWorld         - Using strategy: BRUTE_FORCE
18:29:08.333 [FXGL Background Thread 1 ] DEBUG GameScene            - Game scene initialized: 800x600
18:29:08.338 [FXGL Background Thread 1 ] DEBUG FXGLAssetLoaderServi - Loading from file system: jar:file:///C:/Users/Usuario/.m2/repository/com/github/almasb/fxgl/17.2/fxgl-17.2.jar!/fxglassets/textures/intro/fxgl_logo.png
18:29:08.378 [FXGL Background Thread 1 ] DEBUG FXGLAssetLoaderServi - Loading from file system: jar:file:///C:/Users/Usuario/.m2/repository/com/github/almasb/fxgl/17.2/fxgl-17.2.jar!/fxglassets/textures/intro/javafx_logo.png
18:29:08.532 [FXGL Background Thread 1 ] DEBUG FXGL.DefaultMenu     - createMenuBodyMainMenu()
18:29:08.555 [FXGL Background Thread 1 ] DEBUG FXGL.DefaultMenu     - createOptionsMenu()
18:29:08.570 [FXGL Background Thread 1 ] DEBUG FXGLAssetLoaderServi - Loading from file system: jar:file:///C:/Users/Usuario/.m2/repository/com/github/almasb/fxgl/17.2/fxgl-17.2.jar!/fxglassets/textures/particles/smoke.png
18:29:08.651 [FXGL Background Thread 1 ] DEBUG FXGLAssetLoaderServi - Loading from file system: jar:file:///C:/Users/Usuario/.m2/repository/com/github/almasb/fxgl/17.2/fxgl-17.2.jar!/fxglassets/textures/particles/trace_horizontal.png
18:29:08.676 [FXGL Background Thread 1 ] DEBUG FXGL.DefaultMenu     - createMenuBodyGameMenu()
18:29:08.678 [FXGL Background Thread 1 ] DEBUG FXGL.DefaultMenu     - createOptionsMenu()
18:29:08.694 [FXGL Background Thread 1 ] DEBUG GameApplicationServi - Application scenes initialized
18:29:08.713 [FXGL Background Thread 1 ] DEBUG SystemBundleService  - Loading FXGL system data
18:29:08.723 [FXGL Background Thread 1 ] DEBUG FileSystemAccess     - Reading from: C:\Users\Usuario\OneDrive - Universidad Icesi (@icesi.edu.co)\APO2\Tareas integradoras\NuclearThroneAtomic\src\nuclearthroneatomic\system\fxgl.bundle
18:29:08.740 [FXGL Background Thread 1 ] DEBUG SystemBundleService  - Bundle FXGL: {}
18:29:08.741 [FXGL Background Thread 1 ] DEBUG UpdaterService       - Checking for updates
18:29:08.746 [FXGL Background Thread 4 ] DEBUG FXGLApplication      - Loading fonts
18:29:08.747 [FXGL Background Thread 1 ] DEBUG FXGLApplication      - Loading default localization
18:29:08.747 [FXGL Background Thread 4 ] DEBUG FXGLAssetLoaderServi - Loading from file system: jar:file:///C:/Users/Usuario/.m2/repository/com/github/almasb/fxgl/17.2/fxgl-17.2.jar!/fxglassets/ui/fonts/VarelaRound-Regular.ttf
18:29:08.748 [FXGL Background Thread 1 ] DEBUG FXGLAssetLoaderServi - Loading from file system: jar:file:///C:/Users/Usuario/.m2/repository/com/github/almasb/fxgl/17.2/fxgl-17.2.jar!/fxglassets/languages/english.lang
18:29:08.781 [FXGL Background Thread 1 ] INFO  FXGLApplication      - FXGL initialization took: 0,744 sec
18:29:08.795 [JavaFX Application Thread] DEBUG Input                - Registered new binding: lucky - Q
18:29:08.795 [JavaFX Application Thread] DEBUG Input                - Registered new binding: health - F
18:29:08.795 [JavaFX Application Thread] DEBUG Input                - Registered new binding: Right - D
18:29:08.795 [JavaFX Application Thread] DEBUG Input                - Registered new binding: Left - A
18:29:08.795 [JavaFX Application Thread] DEBUG Input                - Registered new binding: Up - W
18:29:08.796 [JavaFX Application Thread] DEBUG Input                - Registered new binding: Down - S
18:29:08.797 [JavaFX Application Thread] DEBUG Input                - Registered new binding: Reload - RMB
18:29:08.797 [JavaFX Application Thread] DEBUG Input                - Registered new binding: Shoot - LMB
18:29:08.798 [JavaFX Application Thread] DEBUG FXGLAssetLoaderServi - Loading from file system: jar:file:///C:/Users/Usuario/.m2/repository/com/github/almasb/fxgl/17.2/fxgl-17.2.jar!/fxglassets/textures/fxgl_icon.png
18:29:08.809 [JavaFX Application Thread] DEBUG FXGLAssetLoaderServi - Loading from file system: jar:file:///C:/Users/Usuario/.m2/repository/com/github/almasb/fxgl/17.2/fxgl-17.2.jar!/fxglassets/textures/fxgl_default_cursor.png
18:29:08.813 [JavaFX Application Thread] DEBUG Input                - Registered new binding: Screenshot - CTRL+8
18:29:08.814 [JavaFX Application Thread] DEBUG Input                - Registered new binding: System info dump - CTRL+9
18:29:08.815 [JavaFX Application Thread] DEBUG Input                - Registered new binding: Restart - CTRL+R
18:29:08.816 [JavaFX Application Thread] DEBUG Input                - Registered new binding: Toggle Debug Camera - CTRL+7
18:29:08.820 [JavaFX Application Thread] DEBUG LoopRunner           - Starting loop
18:29:08.820 [JavaFX Application Thread] DEBUG LoopRunner           - Initializing JavaFX AnimationTimerLoop
18:29:08.882 [JavaFX Application Thread] DEBUG Input                - Clearing active input actions
18:29:08.893 [JavaFX Application Thread] DEBUG GameApplicationServi - Removing overlay from FXGLStartupScene and adding to FXGLIntroScene
18:29:08.894 [JavaFX Application Thread] DEBUG PrimaryStageWindow   - FXGLStartupScene -> FXGLIntroScene
18:29:08.906 [FXGL Background Thread 4 ] DEBUG FXGLAssetLoaderServi - Loading from file system: jar:file:///C:/Users/Usuario/.m2/repository/com/github/almasb/fxgl/17.2/fxgl-17.2.jar!/fxglassets/ui/fonts/Abel-Regular.ttf
18:29:08.913 [FXGL Background Thread 4 ] DEBUG FXGLAssetLoaderServi - Loading from file system: jar:file:///C:/Users/Usuario/.m2/repository/com/github/almasb/fxgl/17.2/fxgl-17.2.jar!/fxglassets/ui/fonts/TerminalLandMono-Regular.otf
18:29:08.921 [FXGL Background Thread 4 ] DEBUG FXGLAssetLoaderServi - Loading from file system: jar:file:///C:/Users/Usuario/.m2/repository/com/github/almasb/fxgl/17.2/fxgl-17.2.jar!/fxglassets/ui/fonts/Courier-Prime.ttf
18:29:08.961 [JavaFX Application Thread] DEBUG FXGLApplication      - Registering font factories with UI factory
18:29:09.603 [FXGL Background Thread 2 ] INFO  UpdaterService       - Your current version:  17.2
18:29:09.604 [FXGL Background Thread 2 ] INFO  UpdaterService       - Latest stable version: 17.3
18:29:11.745 [FXGL Background Thread 3 ] DEBUG Engine               - Logging environment variables
18:29:11.745 [FXGL Background Thread 3 ] DEBUG Engine               - achievements: []
18:29:11.746 [FXGL Background Thread 3 ] DEBUG Engine               - actualHeight: 600.0
18:29:11.746 [FXGL Background Thread 3 ] DEBUG Engine               - actualHeightProperty: ReadOnlyDoubleProperty [value: 600.0]
18:29:11.746 [FXGL Background Thread 3 ] DEBUG Engine               - actualWidth: 800.0
18:29:11.746 [FXGL Background Thread 3 ] DEBUG Engine               - actualWidthProperty: ReadOnlyDoubleProperty [value: 800.0]
18:29:11.746 [FXGL Background Thread 3 ] DEBUG Engine               - appIcon: fxgl_icon.png
18:29:11.746 [FXGL Background Thread 3 ] DEBUG Engine               - applicationMode: DEVELOPER
18:29:11.746 [FXGL Background Thread 3 ] DEBUG Engine               - cSSList: [fxgl_dark.css]
18:29:11.746 [FXGL Background Thread 3 ] DEBUG Engine               - collisionDetectionStrategy: BRUTE_FORCE
18:29:11.746 [FXGL Background Thread 3 ] DEBUG Engine               - configClass: Optional.empty
18:29:11.746 [FXGL Background Thread 3 ] DEBUG Engine               - credits: []
18:29:11.747 [FXGL Background Thread 3 ] DEBUG Engine               - defaultCursor: CursorInfo(imageName=fxgl_default_cursor.png, hotspotX=7.0, hotspotY=6.0)
18:29:11.747 [FXGL Background Thread 3 ] DEBUG Engine               - devBBoxColorProperty: ObjectProperty [value: 0xff0000ff]
18:29:11.747 [FXGL Background Thread 3 ] DEBUG Engine               - devEnableDebugCameraProperty: BooleanProperty [value: false]
18:29:11.747 [FXGL Background Thread 3 ] DEBUG Engine               - devSensorColorProperty: ObjectProperty [value: 0xffff00ff]
18:29:11.747 [FXGL Background Thread 3 ] DEBUG Engine               - devShowBBoxProperty: BooleanProperty [value: false]
18:29:11.747 [FXGL Background Thread 3 ] DEBUG Engine               - devShowPositionProperty: BooleanProperty [value: false]
18:29:11.748 [FXGL Background Thread 3 ] DEBUG Engine               - enabledMenuItems: []
18:29:11.748 [FXGL Background Thread 3 ] DEBUG Engine               - engineServices: [class com.almasb.fxgl.app.services.FXGLAssetLoaderService, class com.almasb.fxgl.app.FXGLApplication$GameApplicationService, class com.almasb.fxgl.app.services.FXGLDialogService, class com.almasb.fxgl.app.services.IOTaskExecutorService, class com.almasb.fxgl.io.FileSystemService, class com.almasb.fxgl.localization.LocalizationService, class com.almasb.fxgl.app.services.SystemBundleService, class com.almasb.fxgl.profile.SaveLoadService, class com.almasb.fxgl.ui.FXGLUIFactoryServiceProvider, class com.almasb.fxgl.ui.FXGLDialogFactoryServiceProvider, class com.almasb.fxgl.audio.AudioPlayer, class com.almasb.fxgl.notification.impl.NotificationServiceProvider, class com.almasb.fxgl.achievement.AchievementService, class com.almasb.fxgl.cutscene.CutsceneService, class com.almasb.fxgl.minigames.MiniGameService, class com.almasb.fxgl.net.NetService, class com.almasb.fxgl.app.services.UpdaterService, class com.almasb.fxgl.dev.DevService]
18:29:11.748 [FXGL Background Thread 3 ] DEBUG Engine               - fontGame: Abel-Regular.ttf
18:29:11.748 [FXGL Background Thread 3 ] DEBUG Engine               - fontMono: TerminalLandMono-Regular.otf
18:29:11.748 [FXGL Background Thread 3 ] DEBUG Engine               - fontText: Courier-Prime.ttf
18:29:11.748 [FXGL Background Thread 3 ] DEBUG Engine               - fontUI: VarelaRound-Regular.ttf
18:29:11.748 [FXGL Background Thread 3 ] DEBUG Engine               - fullScreen: BooleanProperty [value: false]
18:29:11.748 [FXGL Background Thread 3 ] DEBUG Engine               - gameDifficulty: MEDIUM
18:29:11.748 [FXGL Background Thread 3 ] DEBUG Engine               - gameDifficultyProperty: ObjectProperty [value: MEDIUM]
18:29:11.748 [FXGL Background Thread 3 ] DEBUG Engine               - globalMusicVolume: 0.5
18:29:11.748 [FXGL Background Thread 3 ] DEBUG Engine               - globalMusicVolumeProperty: DoubleProperty [value: 0.5]
18:29:11.748 [FXGL Background Thread 3 ] DEBUG Engine               - globalSoundVolume: 0.5
18:29:11.748 [FXGL Background Thread 3 ] DEBUG Engine               - globalSoundVolumeProperty: DoubleProperty [value: 0.5]
18:29:11.749 [FXGL Background Thread 3 ] DEBUG Engine               - height: 600
18:29:11.749 [FXGL Background Thread 3 ] DEBUG Engine               - is3D: false
18:29:11.749 [FXGL Background Thread 3 ] DEBUG Engine               - isAndroid: false
18:29:11.749 [FXGL Background Thread 3 ] DEBUG Engine               - isBrowser: false
18:29:11.749 [FXGL Background Thread 3 ] DEBUG Engine               - isClickFeedbackEnabled: false
18:29:11.749 [FXGL Background Thread 3 ] DEBUG Engine               - isCloseConfirmation: false
18:29:11.749 [FXGL Background Thread 3 ] DEBUG Engine               - isDesktop: true
18:29:11.749 [FXGL Background Thread 3 ] DEBUG Engine               - isDeveloperMenuEnabled: false
18:29:11.749 [FXGL Background Thread 3 ] DEBUG Engine               - isEmbedded: false
18:29:11.749 [FXGL Background Thread 3 ] DEBUG Engine               - isEntityPreloadEnabled: true
18:29:11.749 [FXGL Background Thread 3 ] DEBUG Engine               - isExperimentalTiledLargeMap: false
18:29:11.749 [FXGL Background Thread 3 ] DEBUG Engine               - isFileSystemWriteAllowed: true
18:29:11.749 [FXGL Background Thread 3 ] DEBUG Engine               - isFullScreenAllowed: true
18:29:11.749 [FXGL Background Thread 3 ] DEBUG Engine               - isFullScreenFromStart: false
18:29:11.749 [FXGL Background Thread 3 ] DEBUG Engine               - isGameMenuEnabled: true
18:29:11.750 [FXGL Background Thread 3 ] DEBUG Engine               - isIOS: false
18:29:11.750 [FXGL Background Thread 3 ] DEBUG Engine               - isIntroEnabled: true
18:29:11.750 [FXGL Background Thread 3 ] DEBUG Engine               - isLinux: false
18:29:11.750 [FXGL Background Thread 3 ] DEBUG Engine               - isMac: false
18:29:11.750 [FXGL Background Thread 3 ] DEBUG Engine               - isMainMenuEnabled: true
18:29:11.750 [FXGL Background Thread 3 ] DEBUG Engine               - isManualResizeEnabled: false
18:29:11.750 [FXGL Background Thread 3 ] DEBUG Engine               - isMobile: false
18:29:11.750 [FXGL Background Thread 3 ] DEBUG Engine               - isNative: false
18:29:11.750 [FXGL Background Thread 3 ] DEBUG Engine               - isPauseMusicWhenMinimized: true
18:29:11.750 [FXGL Background Thread 3 ] DEBUG Engine               - isPreserveResizeRatio: false
18:29:11.750 [FXGL Background Thread 3 ] DEBUG Engine               - isProfilingEnabled: false
18:29:11.750 [FXGL Background Thread 3 ] DEBUG Engine               - isScaleAffectedOnResize: true
18:29:11.750 [FXGL Background Thread 3 ] DEBUG Engine               - isSingleStep: false
18:29:11.750 [FXGL Background Thread 3 ] DEBUG Engine               - isUserProfileEnabled: false
18:29:11.750 [FXGL Background Thread 3 ] DEBUG Engine               - isWindows: true
18:29:11.751 [FXGL Background Thread 3 ] DEBUG Engine               - language: ObjectProperty [value: ENGLISH]
18:29:11.751 [FXGL Background Thread 3 ] DEBUG Engine               - menuKey: ESCAPE
18:29:11.751 [FXGL Background Thread 3 ] DEBUG Engine               - mouseSensitivity: 0.2
18:29:11.751 [FXGL Background Thread 3 ] DEBUG Engine               - notificationViewClass: class com.almasb.fxgl.notification.view.XboxNotificationView
18:29:11.751 [FXGL Background Thread 3 ] DEBUG Engine               - pixelsPerMeter: 50.0
18:29:11.751 [FXGL Background Thread 3 ] DEBUG Engine               - platform: WINDOWS
18:29:11.751 [FXGL Background Thread 3 ] DEBUG Engine               - prefHeightProperty: ReadOnlyDoubleProperty [value: 600.0]
18:29:11.751 [FXGL Background Thread 3 ] DEBUG Engine               - prefWidthProperty: ReadOnlyDoubleProperty [value: 800.0]
18:29:11.751 [FXGL Background Thread 3 ] DEBUG Engine               - profileDir: profiles/
18:29:11.751 [FXGL Background Thread 3 ] DEBUG Engine               - profileName: StringProperty [value: DEFAULT]
18:29:11.752 [FXGL Background Thread 3 ] DEBUG Engine               - randomSeed: -1
18:29:11.752 [FXGL Background Thread 3 ] DEBUG Engine               - runtimeInfo: RuntimeInfo(platform=WINDOWS, version=17.2, build=20.08.2022 16.50)
18:29:11.752 [FXGL Background Thread 3 ] DEBUG Engine               - saveFileExt: sav
18:29:11.752 [FXGL Background Thread 3 ] DEBUG Engine               - scaledHeightProp$fxgl: DoubleProperty [bound, value: 600.0]
18:29:11.752 [FXGL Background Thread 3 ] DEBUG Engine               - scaledWidthProp$fxgl: DoubleProperty [bound, value: 800.0]
18:29:11.752 [FXGL Background Thread 3 ] DEBUG Engine               - sceneFactory: com.almasb.fxgl.app.scene.SceneFactory@556e574f
18:29:11.752 [FXGL Background Thread 3 ] DEBUG Engine               - secondsIn24h: 60
18:29:11.753 [FXGL Background Thread 3 ] DEBUG Engine               - soundMenuBack: menu/back.wav
18:29:11.753 [FXGL Background Thread 3 ] DEBUG Engine               - soundMenuPress: menu/press.wav
18:29:11.753 [FXGL Background Thread 3 ] DEBUG Engine               - soundMenuSelect: menu/select.wav
18:29:11.753 [FXGL Background Thread 3 ] DEBUG Engine               - soundNotification: core/notification.wav
18:29:11.753 [FXGL Background Thread 3 ] DEBUG Engine               - stageStyle: DECORATED
18:29:11.753 [FXGL Background Thread 3 ] DEBUG Engine               - supportedLanguages: [ENGLISH, FRENCH, GERMAN, HUNGARIAN, RUSSIAN]
18:29:11.753 [FXGL Background Thread 3 ] DEBUG Engine               - ticksPerSecond: -1
18:29:11.753 [FXGL Background Thread 3 ] DEBUG Engine               - title: Nuclear Throne Atomic
18:29:11.753 [FXGL Background Thread 3 ] DEBUG Engine               - urlGithub: https://github.com/AlmasB/FXGL
18:29:11.753 [FXGL Background Thread 3 ] DEBUG Engine               - urlLeaderboard: http://fxgl-top.herokuapp.com/
18:29:11.753 [FXGL Background Thread 3 ] DEBUG Engine               - urlPOM: https://raw.githubusercontent.com/AlmasB/FXGL/release/README.md
18:29:11.753 [FXGL Background Thread 3 ] DEBUG Engine               - userAppClass: class com.example.nuclearthroneatomic.Controller
18:29:11.753 [FXGL Background Thread 3 ] DEBUG Engine               - version: 0.0
18:29:11.753 [FXGL Background Thread 3 ] DEBUG Engine               - versionCheckDays: 7
18:29:11.754 [FXGL Background Thread 3 ] DEBUG Engine               - width: 800
18:29:11.754 [FXGL Background Thread 3 ] DEBUG Engine               - Logging services
18:29:11.754 [FXGL Background Thread 3 ] DEBUG Engine               - class com.almasb.fxgl.app.services.FXGLAssetLoaderService
18:29:11.754 [FXGL Background Thread 3 ] DEBUG Engine               - class com.almasb.fxgl.app.FXGLApplication$GameApplicationService
18:29:11.754 [FXGL Background Thread 3 ] DEBUG Engine               - class com.almasb.fxgl.app.services.FXGLDialogService
18:29:11.754 [FXGL Background Thread 3 ] DEBUG Engine               - class com.almasb.fxgl.app.services.IOTaskExecutorService
18:29:11.754 [FXGL Background Thread 3 ] DEBUG Engine               - class com.almasb.fxgl.io.FileSystemService
18:29:11.754 [FXGL Background Thread 3 ] DEBUG Engine               - class com.almasb.fxgl.localization.LocalizationService
18:29:11.754 [FXGL Background Thread 3 ] DEBUG Engine               - class com.almasb.fxgl.app.services.SystemBundleService
18:29:11.754 [FXGL Background Thread 3 ] DEBUG Engine               - class com.almasb.fxgl.profile.SaveLoadService
18:29:11.754 [FXGL Background Thread 3 ] DEBUG Engine               - class com.almasb.fxgl.ui.FXGLUIFactoryServiceProvider
18:29:11.754 [FXGL Background Thread 3 ] DEBUG Engine               - class com.almasb.fxgl.ui.FXGLDialogFactoryServiceProvider
18:29:11.754 [FXGL Background Thread 3 ] DEBUG Engine               - class com.almasb.fxgl.audio.AudioPlayer
18:29:11.754 [FXGL Background Thread 3 ] DEBUG Engine               - class com.almasb.fxgl.notification.impl.NotificationServiceProvider
18:29:11.754 [FXGL Background Thread 3 ] DEBUG Engine               - class com.almasb.fxgl.achievement.AchievementService
18:29:11.754 [FXGL Background Thread 3 ] DEBUG Engine               - class com.almasb.fxgl.cutscene.CutsceneService
18:29:11.754 [FXGL Background Thread 3 ] DEBUG Engine               - class com.almasb.fxgl.minigames.MiniGameService
18:29:11.754 [FXGL Background Thread 3 ] DEBUG Engine               - class com.almasb.fxgl.net.NetService
18:29:11.755 [FXGL Background Thread 3 ] DEBUG Engine               - class com.almasb.fxgl.app.services.UpdaterService
18:29:11.755 [FXGL Background Thread 3 ] DEBUG Engine               - class com.almasb.fxgl.dev.DevService
18:29:16.769 [JavaFX Application Thread] DEBUG Input                - Clearing active input actions
18:29:16.781 [JavaFX Application Thread] DEBUG GameApplicationServi - Removing overlay from FXGLIntroScene and adding to FXGLMainMenuDummyScene
18:29:16.782 [JavaFX Application Thread] DEBUG PrimaryStageWindow   - FXGLIntroScene -> FXGLMainMenuDummyScene
18:29:16.782 [JavaFX Application Thread] DEBUG PrimaryStageWindow   - Push state: FXGLDefaultMenu
18:29:16.787 [JavaFX Application Thread] DEBUG Input                - Clearing active input actions
18:29:16.795 [JavaFX Application Thread] DEBUG GameApplicationServi - Removing overlay from FXGLMainMenuDummyScene and adding to FXGLDefaultMenu
18:29:16.795 [JavaFX Application Thread] DEBUG PrimaryStageWindow   - FXGLMainMenuDummyScene -> FXGLDefaultMenu
18:29:23.302 [JavaFX Application Thread] DEBUG Menu                 - fireNewGame()
18:29:23.302 [JavaFX Application Thread] DEBUG GameApplicationServi - Starting new game
18:29:23.306 [JavaFX Application Thread] DEBUG PrimaryStageWindow   - Pop state: FXGLDefaultMenu
18:29:23.306 [JavaFX Application Thread] DEBUG Input                - Clearing active input actions
18:29:23.307 [JavaFX Application Thread] DEBUG GameApplicationServi - Removing overlay from FXGLDefaultMenu and adding to FXGLMainMenuDummyScene
18:29:23.307 [JavaFX Application Thread] DEBUG PrimaryStageWindow   - FXGLMainMenuDummyScene <- FXGLDefaultMenu
18:29:23.308 [JavaFX Application Thread] DEBUG Input                - Clearing active input actions
18:29:23.314 [JavaFX Application Thread] DEBUG GameApplicationServi - Removing overlay from FXGLMainMenuDummyScene and adding to FXGLLoadingScene
18:29:23.314 [JavaFX Application Thread] DEBUG PrimaryStageWindow   - FXGLMainMenuDummyScene -> FXGLLoadingScene
18:29:23.314 [JavaFX Application Thread] DEBUG GameApplicationServi - Clearing previous game
18:29:23.314 [JavaFX Application Thread] DEBUG GameScene            - Clearing game scene
18:29:23.314 [JavaFX Application Thread] DEBUG GameWorld            - Clearing game world
18:29:23.315 [JavaFX Application Thread] DEBUG PhysicsWorld         - Clearing physics world
18:29:23.317 [FXGL Background Thread 2 ] DEBUG FXGLApplication      - Initializing game
18:29:23.324 [FXGL Background Thread 2 ] DEBUG FXGLAssetLoaderServi - Loading from file system: file:/C:/Users/Usuario/OneDrive%20-%20Universidad%20Icesi%20(@icesi.edu.co)/APO2/Tareas%20integradoras/NuclearThroneAtomic/src/nuclearthroneatomic/target/classes/assets/textures/Avatar/1-Idle/1.png
18:29:23.327 [FXGL Background Thread 2 ] DEBUG FXGLAssetLoaderServi - Loading from file system: file:/C:/Users/Usuario/OneDrive%20-%20Universidad%20Icesi%20(@icesi.edu.co)/APO2/Tareas%20integradoras/NuclearThroneAtomic/src/nuclearthroneatomic/target/classes/assets/textures/Avatar/1-Idle/2.png
18:29:23.329 [FXGL Background Thread 2 ] DEBUG FXGLAssetLoaderServi - Loading from file system: file:/C:/Users/Usuario/OneDrive%20-%20Universidad%20Icesi%20(@icesi.edu.co)/APO2/Tareas%20integradoras/NuclearThroneAtomic/src/nuclearthroneatomic/target/classes/assets/textures/Avatar/1-Idle/3.png
18:29:23.331 [FXGL Background Thread 2 ] DEBUG FXGLAssetLoaderServi - Loading from file system: file:/C:/Users/Usuario/OneDrive%20-%20Universidad%20Icesi%20(@icesi.edu.co)/APO2/Tareas%20integradoras/NuclearThroneAtomic/src/nuclearthroneatomic/target/classes/assets/textures/Avatar/1-Idle/4.png
18:29:23.359 [FXGL Background Thread 2 ] DEBUG FXGLAssetLoaderServi - Loading from file system: file:/C:/Users/Usuario/OneDrive%20-%20Universidad%20Icesi%20(@icesi.edu.co)/APO2/Tareas%20integradoras/NuclearThroneAtomic/src/nuclearthroneatomic/target/classes/assets/textures/Avatar/2-Run/1.png
18:29:23.362 [FXGL Background Thread 2 ] DEBUG FXGLAssetLoaderServi - Loading from file system: file:/C:/Users/Usuario/OneDrive%20-%20Universidad%20Icesi%20(@icesi.edu.co)/APO2/Tareas%20integradoras/NuclearThroneAtomic/src/nuclearthroneatomic/target/classes/assets/textures/Avatar/2-Run/2.png
18:29:23.364 [FXGL Background Thread 2 ] DEBUG FXGLAssetLoaderServi - Loading from file system: file:/C:/Users/Usuario/OneDrive%20-%20Universidad%20Icesi%20(@icesi.edu.co)/APO2/Tareas%20integradoras/NuclearThroneAtomic/src/nuclearthroneatomic/target/classes/assets/textures/Avatar/2-Run/3.png
18:29:23.368 [FXGL Background Thread 2 ] DEBUG FXGLAssetLoaderServi - Loading from file system: file:/C:/Users/Usuario/OneDrive%20-%20Universidad%20Icesi%20(@icesi.edu.co)/APO2/Tareas%20integradoras/NuclearThroneAtomic/src/nuclearthroneatomic/target/classes/assets/textures/Avatar/2-Run/4.png
18:29:23.370 [FXGL Background Thread 2 ] DEBUG FXGLAssetLoaderServi - Loading from file system: file:/C:/Users/Usuario/OneDrive%20-%20Universidad%20Icesi%20(@icesi.edu.co)/APO2/Tareas%20integradoras/NuclearThroneAtomic/src/nuclearthroneatomic/target/classes/assets/textures/Avatar/2-Run/5.png
18:29:23.373 [FXGL Background Thread 2 ] DEBUG FXGLAssetLoaderServi - Loading from file system: file:/C:/Users/Usuario/OneDrive%20-%20Universidad%20Icesi%20(@icesi.edu.co)/APO2/Tareas%20integradoras/NuclearThroneAtomic/src/nuclearthroneatomic/target/classes/assets/textures/Avatar/2-Run/6.png
18:29:23.379 [FXGL Background Thread 2 ] DEBUG FXGLAssetLoaderServi - Loading from file system: file:/C:/Users/Usuario/OneDrive%20-%20Universidad%20Icesi%20(@icesi.edu.co)/APO2/Tareas%20integradoras/NuclearThroneAtomic/src/nuclearthroneatomic/target/classes/assets/textures/Munition/1.png
18:29:23.418 [FXGL Background Thread 2 ] DEBUG FXGLAssetLoaderServi - Loading from file system: file:/C:/Users/Usuario/OneDrive%20-%20Universidad%20Icesi%20(@icesi.edu.co)/APO2/Tareas%20integradoras/NuclearThroneAtomic/src/nuclearthroneatomic/target/classes/assets/textures/hud/lifeplayer.png
18:29:23.423 [FXGL Background Thread 2 ] DEBUG FXGLAssetLoaderServi - Loading from file system: file:/C:/Users/Usuario/OneDrive%20-%20Universidad%20Icesi%20(@icesi.edu.co)/APO2/Tareas%20integradoras/NuclearThroneAtomic/src/nuclearthroneatomic/target/classes/assets/textures/hud/medkit.png
18:29:23.427 [FXGL Background Thread 2 ] DEBUG FXGLAssetLoaderServi - Loading from file system: file:/C:/Users/Usuario/OneDrive%20-%20Universidad%20Icesi%20(@icesi.edu.co)/APO2/Tareas%20integradoras/NuclearThroneAtomic/src/nuclearthroneatomic/target/classes/assets/textures/hud/trebol.png
18:29:23.433 [FXGL Background Thread 2 ] DEBUG FXGLAssetLoaderServi - Loading from file system: file:/C:/Users/Usuario/OneDrive%20-%20Universidad%20Icesi%20(@icesi.edu.co)/APO2/Tareas%20integradoras/NuclearThroneAtomic/src/nuclearthroneatomic/target/classes/assets/textures/Guns/1.png
18:29:23.439 [FXGL Background Thread 2 ] DEBUG FXGLAssetLoaderServi - Loading from file system: file:/C:/Users/Usuario/OneDrive%20-%20Universidad%20Icesi%20(@icesi.edu.co)/APO2/Tareas%20integradoras/NuclearThroneAtomic/src/nuclearthroneatomic/target/classes/assets/textures/Guns/2.png
18:29:23.443 [FXGL Background Thread 2 ] WARN  FXGLAssetLoaderServi - Asset "/assets/textures/enemy.png" was not found!
18:29:23.444 [FXGL Background Thread 2 ] WARN  FXGLAssetLoaderServi - Failed to load IMAGE
18:29:23.474 [FXGL Background Thread 2 ] DEBUG FXGLAssetLoaderServi - Loading from file system: file:/C:/Users/Usuario/OneDrive%20-%20Universidad%20Icesi%20(@icesi.edu.co)/APO2/Tareas%20integradoras/NuclearThroneAtomic/src/nuclearthroneatomic/target/classes/assets/textures/Wall/1.png
18:29:23.563 [FXGL Background Thread 2 ] INFO  FXGLApplication      - Game initialization took: 0,245 sec
18:29:23.568 [JavaFX Application Thread] DEBUG Input                - Clearing active input actions
18:29:23.575 [JavaFX Application Thread] DEBUG GameApplicationServi - Removing overlay from FXGLLoadingScene and adding to GameScene
18:29:23.575 [JavaFX Application Thread] DEBUG PrimaryStageWindow   - FXGLLoadingScene -> GameScene
18:29:25.408 [JavaFX Application Thread] DEBUG FXGLAssetLoaderServi - Loading from file system: file:/C:/Users/Usuario/OneDrive%20-%20Universidad%20Icesi%20(@icesi.edu.co)/APO2/Tareas%20integradoras/NuclearThroneAtomic/src/nuclearthroneatomic/target/classes/assets/textures/Munition/2.png
18:29:27.019 [JavaFX Application Thread] DEBUG FXGLAssetLoaderServi - Loading from file system: file:/C:/Users/Usuario/OneDrive%20-%20Universidad%20Icesi%20(@icesi.edu.co)/APO2/Tareas%20integradoras/NuclearThroneAtomic/src/nuclearthroneatomic/target/classes/assets/textures/Bullet/1.png
18:29:30.209 [JavaFX Application Thread] DEBUG FXGLApplication      - Exiting FXGL
18:29:30.209 [JavaFX Application Thread] DEBUG LoopRunner           - Stopping loop
18:29:30.209 [JavaFX Application Thread] DEBUG SystemBundleService  - Saving FXGL system data
18:29:30.212 [JavaFX Application Thread] DEBUG FileSystemAccess     - Writing to: C:\Users\Usuario\OneDrive - Universidad Icesi (@icesi.edu.co)\APO2\Tareas integradoras\NuclearThroneAtomic\src\nuclearthroneatomic\system\fxgl.bundle
18:29:30.215 [JavaFX Application Thread] DEBUG Async                - Shutting down background threads
18:29:30.216 [JavaFX Application Thread] DEBUG PrimaryStageWindow   - Closing main window
18:29:30.229 [JavaFX Application Thread] DEBUG Logger               - Closing Logger
