12:32:53.408 [main                     ] DEBUG Logger               - Configured Logger
12:32:53.438 [main                     ] DEBUG GameApplication      - Logging settings
Title: Nuclear Throne Atomic
Version: 0.0
Width: 800
Height: 600
Fullscreen: true
Intro: false
Profiling: false
Single step:false
App Mode: DEVELOPER
Menu Key: ESCAPE
Stage Style: DECORATED
Scene Factory: class com.almasb.fxgl.app.scene.SceneFactory

12:32:53.946 [JavaFX Application Thread] DEBUG FXGLApplication      - Initializing FXGL
12:32:53.953 [JavaFX Application Thread] INFO  Engine               - FXGL-17.2 (20.08.2022 16.50) on WINDOWS (J:19.0.2 FX:19.0.2.1)
12:32:53.954 [JavaFX Application Thread] DEBUG Engine               - JRE Vendor Name: Oracle Corporation
12:32:53.954 [JavaFX Application Thread] DEBUG Engine               - Running on OS: Windows 10 version 10.0
12:32:53.954 [JavaFX Application Thread] DEBUG Engine               - Architecture: amd64
12:32:53.955 [JavaFX Application Thread] INFO  Engine               - Source code and latest versions at: https://github.com/AlmasB/FXGL
12:32:53.955 [JavaFX Application Thread] INFO  Engine               -       Ask questions and discuss at: https://github.com/AlmasB/FXGL/discussions
12:32:53.955 [JavaFX Application Thread] INFO  Engine               -              Join the FXGL chat at: https://gitter.im/AlmasB/FXGL
12:32:54.105 [JavaFX Application Thread] DEBUG PrimaryStageWindow   - Creating a JavaFX scene
12:32:54.205 [JavaFX Application Thread] DEBUG PrimaryStageWindow   - Target settings size: 800.0 x 600.0
12:32:54.206 [JavaFX Application Thread] DEBUG PrimaryStageWindow   - Scaled scene size:    800.0 x 600.0
12:32:54.206 [JavaFX Application Thread] DEBUG PrimaryStageWindow   - Scaled ratio: (1.0, 1.0)
12:32:54.208 [JavaFX Application Thread] DEBUG PrimaryStageWindow   - Set initial scene to FXGLStartupScene
12:32:54.217 [JavaFX Application Thread] DEBUG PrimaryStageWindow   - Opening main window
12:32:54.512 [JavaFX Application Thread] DEBUG PrimaryStageWindow   - Window border size: (16.0, 39.0)
12:32:54.513 [JavaFX Application Thread] DEBUG PrimaryStageWindow   - Scaled size: 800.0 x 600.0
12:32:54.513 [JavaFX Application Thread] DEBUG PrimaryStageWindow   - Scaled ratio: (1.0, 1.0)
12:32:54.513 [JavaFX Application Thread] DEBUG PrimaryStageWindow   - Scene size: 800.0 x 600.0
12:32:54.514 [JavaFX Application Thread] DEBUG PrimaryStageWindow   - Stage size: 816.0 x 639.0
12:32:54.651 [JavaFX Application Thread] DEBUG PrimaryStageWindow   - Going fullscreen
12:32:54.666 [FXGL Background Thread 1 ] DEBUG Engine               - Initializing environment variables
12:32:54.758 [FXGL Background Thread 1 ] DEBUG FXGLAssetLoaderServi - User app class for loading assets: class com.example.nuclearthroneatomic.Controller
12:32:54.759 [FXGL Background Thread 1 ] DEBUG GameApplicationServi - Applying CSS: fxgl_dark.css
12:32:54.759 [FXGL Background Thread 1 ] DEBUG FXGLAssetLoaderServi - Loading from file system: jar:file:///C:/Users/Juan/.m2/repository/com/github/almasb/fxgl/17.2/fxgl-17.2.jar!/fxglassets/ui/css/fxgl_dark.css
12:32:54.840 [FXGL Background Thread 1 ] DEBUG GameApplicationServi - Initializing application scenes
12:32:54.948 [FXGL Background Thread 1 ] DEBUG GameWorld            - Game world initialized
12:32:55.239 [FXGL Background Thread 1 ] DEBUG PhysicsWorld         - Physics world initialized: appHeight=600, physics.ppm=50,0
12:32:55.239 [FXGL Background Thread 1 ] DEBUG PhysicsWorld         - Using strategy: BRUTE_FORCE
12:32:55.245 [FXGL Background Thread 1 ] DEBUG GameScene            - Game scene initialized: 800x600
12:32:55.262 [FXGL Background Thread 1 ] DEBUG FXGL.DefaultMenu     - createMenuBodyMainMenu()
12:32:55.287 [FXGL Background Thread 1 ] DEBUG FXGL.DefaultMenu     - createOptionsMenu()
12:32:55.296 [FXGL Background Thread 1 ] DEBUG FXGL.DefaultMenu     - createExtraMenu()
12:32:55.306 [FXGL Background Thread 1 ] DEBUG FXGLAssetLoaderServi - Loading from file system: jar:file:///C:/Users/Juan/.m2/repository/com/github/almasb/fxgl/17.2/fxgl-17.2.jar!/fxglassets/textures/particles/smoke.png
12:32:55.480 [FXGL Background Thread 1 ] DEBUG FXGLAssetLoaderServi - Loading from file system: jar:file:///C:/Users/Juan/.m2/repository/com/github/almasb/fxgl/17.2/fxgl-17.2.jar!/fxglassets/textures/particles/trace_horizontal.png
12:32:55.524 [FXGL Background Thread 1 ] DEBUG FXGL.DefaultMenu     - createMenuBodyGameMenu()
12:32:55.527 [FXGL Background Thread 1 ] DEBUG FXGL.DefaultMenu     - createOptionsMenu()
12:32:55.530 [FXGL Background Thread 1 ] DEBUG FXGL.DefaultMenu     - createExtraMenu()
12:32:55.553 [FXGL Background Thread 1 ] DEBUG GameApplicationServi - Application scenes initialized
12:32:55.583 [FXGL Background Thread 1 ] DEBUG SystemBundleService  - Loading FXGL system data
12:32:55.616 [FXGL Background Thread 1 ] DEBUG FileSystemAccess     - Reading from: C:\Users\Juan\Desktop\APOOOO\NuclearThroneAtomic\src\nuclearthroneatomic\system\fxgl.bundle
12:32:55.680 [FXGL Background Thread 1 ] DEBUG SystemBundleService  - Bundle FXGL: {}
12:32:55.680 [FXGL Background Thread 1 ] DEBUG UpdaterService       - Checking for updates
12:32:55.691 [FXGL Background Thread 1 ] DEBUG FXGLApplication      - Loading default localization
12:32:55.692 [FXGL Background Thread 1 ] DEBUG FXGLAssetLoaderServi - Loading from file system: jar:file:///C:/Users/Juan/.m2/repository/com/github/almasb/fxgl/17.2/fxgl-17.2.jar!/fxglassets/languages/english.lang
12:32:55.693 [FXGL Background Thread 4 ] DEBUG FXGLApplication      - Loading fonts
12:32:55.693 [FXGL Background Thread 4 ] DEBUG FXGLAssetLoaderServi - Loading from file system: jar:file:///C:/Users/Juan/.m2/repository/com/github/almasb/fxgl/17.2/fxgl-17.2.jar!/fxglassets/ui/fonts/VarelaRound-Regular.ttf
12:32:55.798 [FXGL Background Thread 1 ] INFO  FXGLApplication      - FXGL initialization took: 1,133 sec
12:32:55.810 [JavaFX Application Thread] DEBUG Input                - Registered new binding: lucky - Q
12:32:55.811 [JavaFX Application Thread] DEBUG Input                - Registered new binding: health - F
12:32:55.812 [JavaFX Application Thread] DEBUG Input                - Registered new binding: Right - D
12:32:55.812 [JavaFX Application Thread] DEBUG Input                - Registered new binding: Left - A
12:32:55.812 [JavaFX Application Thread] DEBUG Input                - Registered new binding: Up - W
12:32:55.812 [JavaFX Application Thread] DEBUG Input                - Registered new binding: Down - S
12:32:55.814 [JavaFX Application Thread] DEBUG Input                - Registered new binding: Reload - RMB
12:32:55.815 [JavaFX Application Thread] DEBUG Input                - Registered new binding: Shoot - LMB
12:32:55.815 [JavaFX Application Thread] DEBUG FXGLAssetLoaderServi - Loading from file system: file:/C:/Users/Juan/Desktop/APOOOO/NuclearThroneAtomic/src/nuclearthroneatomic/target/classes/assets/music/muiscformenus.mp3
12:32:56.019 [FXGL Background Thread 4 ] DEBUG FXGLAssetLoaderServi - Loading from file system: jar:file:///C:/Users/Juan/.m2/repository/com/github/almasb/fxgl/17.2/fxgl-17.2.jar!/fxglassets/ui/fonts/Abel-Regular.ttf
12:32:56.125 [FXGL Background Thread 4 ] DEBUG FXGLAssetLoaderServi - Loading from file system: jar:file:///C:/Users/Juan/.m2/repository/com/github/almasb/fxgl/17.2/fxgl-17.2.jar!/fxglassets/ui/fonts/TerminalLandMono-Regular.otf
12:32:56.171 [FXGL Background Thread 4 ] DEBUG FXGLAssetLoaderServi - Loading from file system: jar:file:///C:/Users/Juan/.m2/repository/com/github/almasb/fxgl/17.2/fxgl-17.2.jar!/fxglassets/ui/fonts/Courier-Prime.ttf
12:32:56.619 [JavaFX Application Thread] DEBUG AudioPlayer          - Playing music com.almasb.fxgl.audio.Music@341d502c
12:32:56.619 [JavaFX Application Thread] DEBUG FXGLAssetLoaderServi - Loading from file system: jar:file:///C:/Users/Juan/.m2/repository/com/github/almasb/fxgl/17.2/fxgl-17.2.jar!/fxglassets/textures/fxgl_icon.png
12:32:56.658 [JavaFX Application Thread] DEBUG FXGLAssetLoaderServi - Loading from file system: jar:file:///C:/Users/Juan/.m2/repository/com/github/almasb/fxgl/17.2/fxgl-17.2.jar!/fxglassets/textures/fxgl_default_cursor.png
12:32:56.695 [JavaFX Application Thread] DEBUG Input                - Registered new binding: Screenshot - CTRL+8
12:32:56.696 [JavaFX Application Thread] DEBUG Input                - Registered new binding: System info dump - CTRL+9
12:32:56.696 [JavaFX Application Thread] DEBUG Input                - Registered new binding: Restart - CTRL+R
12:32:56.697 [JavaFX Application Thread] DEBUG Input                - Registered new binding: Toggle Debug Camera - CTRL+7
12:32:56.699 [JavaFX Application Thread] DEBUG LoopRunner           - Starting loop
12:32:56.700 [JavaFX Application Thread] DEBUG LoopRunner           - Initializing JavaFX AnimationTimerLoop
12:32:56.702 [JavaFX Application Thread] DEBUG Input                - Clearing active input actions
12:32:56.718 [JavaFX Application Thread] DEBUG GameApplicationServi - Removing overlay from FXGLStartupScene and adding to FXGLMainMenuDummyScene
12:32:56.718 [JavaFX Application Thread] DEBUG PrimaryStageWindow   - FXGLStartupScene -> FXGLMainMenuDummyScene
12:32:56.719 [JavaFX Application Thread] DEBUG PrimaryStageWindow   - Push state: FXGLDefaultMenu
12:32:56.724 [JavaFX Application Thread] DEBUG Input                - Clearing active input actions
12:32:56.733 [JavaFX Application Thread] DEBUG GameApplicationServi - Removing overlay from FXGLMainMenuDummyScene and adding to FXGLDefaultMenu
12:32:56.734 [JavaFX Application Thread] DEBUG PrimaryStageWindow   - FXGLMainMenuDummyScene -> FXGLDefaultMenu
12:32:56.750 [JavaFX Application Thread] DEBUG FXGLApplication      - Registering font factories with UI factory
12:32:57.218 [FXGL Background Thread 2 ] INFO  UpdaterService       - Your current version:  17.2
12:32:57.218 [FXGL Background Thread 2 ] INFO  UpdaterService       - Latest stable version: 17.3
12:32:58.173 [JavaFX Application Thread] DEBUG Menu                 - fireNewGame()
12:32:58.174 [JavaFX Application Thread] DEBUG GameApplicationServi - Starting new game
12:32:58.180 [JavaFX Application Thread] DEBUG PrimaryStageWindow   - Pop state: FXGLDefaultMenu
12:32:58.180 [JavaFX Application Thread] DEBUG Input                - Clearing active input actions
12:32:58.181 [JavaFX Application Thread] DEBUG GameApplicationServi - Removing overlay from FXGLDefaultMenu and adding to FXGLMainMenuDummyScene
12:32:58.182 [JavaFX Application Thread] DEBUG PrimaryStageWindow   - FXGLMainMenuDummyScene <- FXGLDefaultMenu
12:32:58.182 [JavaFX Application Thread] DEBUG Input                - Clearing active input actions
12:32:58.191 [JavaFX Application Thread] DEBUG GameApplicationServi - Removing overlay from FXGLMainMenuDummyScene and adding to FXGLLoadingScene
12:32:58.191 [JavaFX Application Thread] DEBUG PrimaryStageWindow   - FXGLMainMenuDummyScene -> FXGLLoadingScene
12:32:58.191 [JavaFX Application Thread] DEBUG GameApplicationServi - Clearing previous game
12:32:58.191 [JavaFX Application Thread] DEBUG GameScene            - Clearing game scene
12:32:58.191 [JavaFX Application Thread] DEBUG GameWorld            - Clearing game world
12:32:58.192 [JavaFX Application Thread] DEBUG PhysicsWorld         - Clearing physics world
12:32:58.194 [FXGL Background Thread 2 ] DEBUG FXGLApplication      - Initializing game
12:32:58.208 [FXGL Background Thread 2 ] DEBUG FXGLAssetLoaderServi - Loading from file system: file:/C:/Users/Juan/Desktop/APOOOO/NuclearThroneAtomic/src/nuclearthroneatomic/target/classes/assets/textures/Background/libraryYesOMG.png
12:32:58.224 [FXGL Background Thread 2 ] DEBUG FXGLAssetLoaderServi - Loading from file system: file:/C:/Users/Juan/Desktop/APOOOO/NuclearThroneAtomic/src/nuclearthroneatomic/target/classes/assets/textures/Avatar/1-Idle/1.png
12:32:58.230 [FXGL Background Thread 2 ] DEBUG FXGLAssetLoaderServi - Loading from file system: file:/C:/Users/Juan/Desktop/APOOOO/NuclearThroneAtomic/src/nuclearthroneatomic/target/classes/assets/textures/Avatar/1-Idle/2.png
12:32:58.234 [FXGL Background Thread 2 ] DEBUG FXGLAssetLoaderServi - Loading from file system: file:/C:/Users/Juan/Desktop/APOOOO/NuclearThroneAtomic/src/nuclearthroneatomic/target/classes/assets/textures/Avatar/1-Idle/3.png
12:32:58.244 [FXGL Background Thread 2 ] DEBUG FXGLAssetLoaderServi - Loading from file system: file:/C:/Users/Juan/Desktop/APOOOO/NuclearThroneAtomic/src/nuclearthroneatomic/target/classes/assets/textures/Avatar/1-Idle/4.png
12:32:58.338 [FXGL Background Thread 2 ] DEBUG FXGLAssetLoaderServi - Loading from file system: file:/C:/Users/Juan/Desktop/APOOOO/NuclearThroneAtomic/src/nuclearthroneatomic/target/classes/assets/textures/Avatar/2-Run/1.png
12:32:58.352 [FXGL Background Thread 2 ] DEBUG FXGLAssetLoaderServi - Loading from file system: file:/C:/Users/Juan/Desktop/APOOOO/NuclearThroneAtomic/src/nuclearthroneatomic/target/classes/assets/textures/Avatar/2-Run/2.png
12:32:58.355 [FXGL Background Thread 2 ] DEBUG FXGLAssetLoaderServi - Loading from file system: file:/C:/Users/Juan/Desktop/APOOOO/NuclearThroneAtomic/src/nuclearthroneatomic/target/classes/assets/textures/Avatar/2-Run/3.png
12:32:58.356 [FXGL Background Thread 2 ] DEBUG FXGLAssetLoaderServi - Loading from file system: file:/C:/Users/Juan/Desktop/APOOOO/NuclearThroneAtomic/src/nuclearthroneatomic/target/classes/assets/textures/Avatar/2-Run/4.png
12:32:58.359 [FXGL Background Thread 2 ] DEBUG FXGLAssetLoaderServi - Loading from file system: file:/C:/Users/Juan/Desktop/APOOOO/NuclearThroneAtomic/src/nuclearthroneatomic/target/classes/assets/textures/Avatar/2-Run/5.png
12:32:58.368 [FXGL Background Thread 2 ] DEBUG FXGLAssetLoaderServi - Loading from file system: file:/C:/Users/Juan/Desktop/APOOOO/NuclearThroneAtomic/src/nuclearthroneatomic/target/classes/assets/textures/Avatar/2-Run/6.png
12:32:58.385 [FXGL Background Thread 2 ] DEBUG FXGLAssetLoaderServi - Loading from file system: file:/C:/Users/Juan/Desktop/APOOOO/NuclearThroneAtomic/src/nuclearthroneatomic/target/classes/assets/textures/Munition/1.png
12:32:58.483 [FXGL Background Thread 2 ] DEBUG FXGLAssetLoaderServi - Loading from file system: file:/C:/Users/Juan/Desktop/APOOOO/NuclearThroneAtomic/src/nuclearthroneatomic/target/classes/assets/textures/hud/lifeplayer.png
12:32:58.504 [FXGL Background Thread 2 ] DEBUG FXGLAssetLoaderServi - Loading from file system: file:/C:/Users/Juan/Desktop/APOOOO/NuclearThroneAtomic/src/nuclearthroneatomic/target/classes/assets/textures/hud/medkit.png
12:32:58.526 [FXGL Background Thread 2 ] DEBUG FXGLAssetLoaderServi - Loading from file system: file:/C:/Users/Juan/Desktop/APOOOO/NuclearThroneAtomic/src/nuclearthroneatomic/target/classes/assets/textures/hud/trebol.png
12:32:58.538 [FXGL Background Thread 2 ] DEBUG FXGLAssetLoaderServi - Loading from file system: file:/C:/Users/Juan/Desktop/APOOOO/NuclearThroneAtomic/src/nuclearthroneatomic/target/classes/assets/textures/Guns/2.png
12:32:58.588 [FXGL Background Thread 2 ] DEBUG FXGLAssetLoaderServi - Loading from file system: file:/C:/Users/Juan/Desktop/APOOOO/NuclearThroneAtomic/src/nuclearthroneatomic/target/classes/assets/textures/enemy/1-Idle/1.png
12:32:58.621 [FXGL Background Thread 2 ] DEBUG FXGLAssetLoaderServi - Loading from file system: file:/C:/Users/Juan/Desktop/APOOOO/NuclearThroneAtomic/src/nuclearthroneatomic/target/classes/assets/textures/enemy/1-Idle/2.png
12:32:58.624 [FXGL Background Thread 2 ] DEBUG FXGLAssetLoaderServi - Loading from file system: file:/C:/Users/Juan/Desktop/APOOOO/NuclearThroneAtomic/src/nuclearthroneatomic/target/classes/assets/textures/enemy/1-Idle/3.png
12:32:58.633 [FXGL Background Thread 2 ] DEBUG FXGLAssetLoaderServi - Loading from file system: file:/C:/Users/Juan/Desktop/APOOOO/NuclearThroneAtomic/src/nuclearthroneatomic/target/classes/assets/textures/enemy/1-Idle/4.png
12:32:58.682 [FXGL Background Thread 2 ] DEBUG FXGLAssetLoaderServi - Loading from file system: file:/C:/Users/Juan/Desktop/APOOOO/NuclearThroneAtomic/src/nuclearthroneatomic/target/classes/assets/textures/enemy/2-Run/1.png
12:32:58.688 [FXGL Background Thread 2 ] DEBUG FXGLAssetLoaderServi - Loading from file system: file:/C:/Users/Juan/Desktop/APOOOO/NuclearThroneAtomic/src/nuclearthroneatomic/target/classes/assets/textures/enemy/2-Run/2.png
12:32:58.692 [FXGL Background Thread 3 ] DEBUG Engine               - Logging environment variables
12:32:58.693 [FXGL Background Thread 3 ] DEBUG Engine               - achievements: []
12:32:58.693 [FXGL Background Thread 3 ] DEBUG Engine               - actualHeight: 768.0
12:32:58.695 [FXGL Background Thread 3 ] DEBUG Engine               - actualHeightProperty: ReadOnlyDoubleProperty [value: 768.0]
12:32:58.696 [FXGL Background Thread 3 ] DEBUG Engine               - actualWidth: 1366.0
12:32:58.696 [FXGL Background Thread 3 ] DEBUG Engine               - actualWidthProperty: ReadOnlyDoubleProperty [value: 1366.0]
12:32:58.696 [FXGL Background Thread 3 ] DEBUG Engine               - appIcon: fxgl_icon.png
12:32:58.696 [FXGL Background Thread 3 ] DEBUG Engine               - applicationMode: DEVELOPER
12:32:58.697 [FXGL Background Thread 3 ] DEBUG Engine               - cSSList: [fxgl_dark.css]
12:32:58.697 [FXGL Background Thread 3 ] DEBUG Engine               - collisionDetectionStrategy: BRUTE_FORCE
12:32:58.698 [FXGL Background Thread 3 ] DEBUG Engine               - configClass: Optional.empty
12:32:58.698 [FXGL Background Thread 3 ] DEBUG Engine               - credits: [Designer . . . . . . . Johan Daniel Aguirre, Program Team . . . . . . Juan Sebastián Libreros,                           Juan Jose Barrera,                           Johan Daniel Aguirre, El mas lindo . . . . . . Juan Sebastián Libreros, Master Thief . . . . . . Johan Daniel Aguirre]
12:32:58.698 [FXGL Background Thread 3 ] DEBUG Engine               - defaultCursor: CursorInfo(imageName=fxgl_default_cursor.png, hotspotX=7.0, hotspotY=6.0)
12:32:58.698 [FXGL Background Thread 3 ] DEBUG Engine               - devBBoxColorProperty: ObjectProperty [value: 0xff0000ff]
12:32:58.698 [FXGL Background Thread 3 ] DEBUG Engine               - devEnableDebugCameraProperty: BooleanProperty [value: false]
12:32:58.699 [FXGL Background Thread 3 ] DEBUG Engine               - devSensorColorProperty: ObjectProperty [value: 0xffff00ff]
12:32:58.699 [FXGL Background Thread 3 ] DEBUG Engine               - devShowBBoxProperty: BooleanProperty [value: false]
12:32:58.699 [FXGL Background Thread 3 ] DEBUG Engine               - devShowPositionProperty: BooleanProperty [value: false]
12:32:58.699 [FXGL Background Thread 3 ] DEBUG Engine               - enabledMenuItems: [EXTRA]
12:32:58.699 [FXGL Background Thread 3 ] DEBUG Engine               - engineServices: [class com.almasb.fxgl.app.services.FXGLAssetLoaderService, class com.almasb.fxgl.app.FXGLApplication$GameApplicationService, class com.almasb.fxgl.app.services.FXGLDialogService, class com.almasb.fxgl.app.services.IOTaskExecutorService, class com.almasb.fxgl.io.FileSystemService, class com.almasb.fxgl.localization.LocalizationService, class com.almasb.fxgl.app.services.SystemBundleService, class com.almasb.fxgl.profile.SaveLoadService, class com.almasb.fxgl.ui.FXGLUIFactoryServiceProvider, class com.almasb.fxgl.ui.FXGLDialogFactoryServiceProvider, class com.almasb.fxgl.audio.AudioPlayer, class com.almasb.fxgl.notification.impl.NotificationServiceProvider, class com.almasb.fxgl.achievement.AchievementService, class com.almasb.fxgl.cutscene.CutsceneService, class com.almasb.fxgl.minigames.MiniGameService, class com.almasb.fxgl.net.NetService, class com.almasb.fxgl.app.services.UpdaterService, class com.almasb.fxgl.dev.DevService]
12:32:58.699 [FXGL Background Thread 3 ] DEBUG Engine               - fontGame: Abel-Regular.ttf
12:32:58.699 [FXGL Background Thread 3 ] DEBUG Engine               - fontMono: TerminalLandMono-Regular.otf
12:32:58.699 [FXGL Background Thread 3 ] DEBUG Engine               - fontText: Courier-Prime.ttf
12:32:58.699 [FXGL Background Thread 3 ] DEBUG Engine               - fontUI: VarelaRound-Regular.ttf
12:32:58.699 [FXGL Background Thread 3 ] DEBUG Engine               - fullScreen: BooleanProperty [value: true]
12:32:58.699 [FXGL Background Thread 3 ] DEBUG Engine               - gameDifficulty: MEDIUM
12:32:58.699 [FXGL Background Thread 3 ] DEBUG Engine               - gameDifficultyProperty: ObjectProperty [value: MEDIUM]
12:32:58.699 [FXGL Background Thread 3 ] DEBUG Engine               - globalMusicVolume: 0.5
12:32:58.700 [FXGL Background Thread 3 ] DEBUG Engine               - globalMusicVolumeProperty: DoubleProperty [value: 1.0]
12:32:58.700 [FXGL Background Thread 3 ] DEBUG Engine               - globalSoundVolume: 0.5
12:32:58.700 [FXGL Background Thread 3 ] DEBUG Engine               - globalSoundVolumeProperty: DoubleProperty [value: 0.1]
12:32:58.700 [FXGL Background Thread 3 ] DEBUG Engine               - height: 600
12:32:58.700 [FXGL Background Thread 3 ] DEBUG Engine               - is3D: false
12:32:58.700 [FXGL Background Thread 3 ] DEBUG Engine               - isAndroid: false
12:32:58.700 [FXGL Background Thread 3 ] DEBUG Engine               - isBrowser: false
12:32:58.700 [FXGL Background Thread 3 ] DEBUG Engine               - isClickFeedbackEnabled: false
12:32:58.700 [FXGL Background Thread 3 ] DEBUG Engine               - isCloseConfirmation: false
12:32:58.700 [FXGL Background Thread 3 ] DEBUG Engine               - isDesktop: true
12:32:58.700 [FXGL Background Thread 3 ] DEBUG Engine               - isDeveloperMenuEnabled: false
12:32:58.700 [FXGL Background Thread 3 ] DEBUG Engine               - isEmbedded: false
12:32:58.700 [FXGL Background Thread 3 ] DEBUG Engine               - isEntityPreloadEnabled: true
12:32:58.700 [FXGL Background Thread 3 ] DEBUG Engine               - isExperimentalTiledLargeMap: false
12:32:58.700 [FXGL Background Thread 3 ] DEBUG Engine               - isFileSystemWriteAllowed: true
12:32:58.701 [FXGL Background Thread 3 ] DEBUG Engine               - isFullScreenAllowed: true
12:32:58.701 [FXGL Background Thread 3 ] DEBUG Engine               - isFullScreenFromStart: true
12:32:58.701 [FXGL Background Thread 3 ] DEBUG Engine               - isGameMenuEnabled: true
12:32:58.701 [FXGL Background Thread 3 ] DEBUG Engine               - isIOS: false
12:32:58.701 [FXGL Background Thread 3 ] DEBUG Engine               - isIntroEnabled: false
12:32:58.701 [FXGL Background Thread 3 ] DEBUG Engine               - isLinux: false
12:32:58.701 [FXGL Background Thread 3 ] DEBUG Engine               - isMac: false
12:32:58.701 [FXGL Background Thread 3 ] DEBUG Engine               - isMainMenuEnabled: true
12:32:58.701 [FXGL Background Thread 3 ] DEBUG Engine               - isManualResizeEnabled: false
12:32:58.701 [FXGL Background Thread 3 ] DEBUG Engine               - isMobile: false
12:32:58.701 [FXGL Background Thread 3 ] DEBUG Engine               - isNative: false
12:32:58.701 [FXGL Background Thread 3 ] DEBUG Engine               - isPauseMusicWhenMinimized: true
12:32:58.701 [FXGL Background Thread 3 ] DEBUG Engine               - isPreserveResizeRatio: false
12:32:58.702 [FXGL Background Thread 3 ] DEBUG Engine               - isProfilingEnabled: false
12:32:58.702 [FXGL Background Thread 3 ] DEBUG Engine               - isScaleAffectedOnResize: true
12:32:58.702 [FXGL Background Thread 3 ] DEBUG Engine               - isSingleStep: false
12:32:58.702 [FXGL Background Thread 3 ] DEBUG Engine               - isUserProfileEnabled: false
12:32:58.702 [FXGL Background Thread 3 ] DEBUG Engine               - isWindows: true
12:32:58.702 [FXGL Background Thread 3 ] DEBUG Engine               - language: ObjectProperty [value: ENGLISH]
12:32:58.702 [FXGL Background Thread 3 ] DEBUG Engine               - menuKey: ESCAPE
12:32:58.702 [FXGL Background Thread 3 ] DEBUG Engine               - mouseSensitivity: 0.2
12:32:58.702 [FXGL Background Thread 3 ] DEBUG Engine               - notificationViewClass: class com.almasb.fxgl.notification.view.XboxNotificationView
12:32:58.702 [FXGL Background Thread 3 ] DEBUG Engine               - pixelsPerMeter: 50.0
12:32:58.702 [FXGL Background Thread 3 ] DEBUG Engine               - platform: WINDOWS
12:32:58.702 [FXGL Background Thread 3 ] DEBUG Engine               - prefHeightProperty: ReadOnlyDoubleProperty [value: 600.0]
12:32:58.702 [FXGL Background Thread 3 ] DEBUG Engine               - prefWidthProperty: ReadOnlyDoubleProperty [value: 800.0]
12:32:58.702 [FXGL Background Thread 3 ] DEBUG Engine               - profileDir: profiles/
12:32:58.703 [FXGL Background Thread 3 ] DEBUG Engine               - profileName: StringProperty [value: DEFAULT]
12:32:58.703 [FXGL Background Thread 3 ] DEBUG Engine               - randomSeed: -1
12:32:58.703 [FXGL Background Thread 3 ] DEBUG Engine               - runtimeInfo: RuntimeInfo(platform=WINDOWS, version=17.2, build=20.08.2022 16.50)
12:32:58.703 [FXGL Background Thread 3 ] DEBUG Engine               - saveFileExt: sav
12:32:58.703 [FXGL Background Thread 3 ] DEBUG Engine               - scaledHeightProp$fxgl: DoubleProperty [bound, value: 768.0]
12:32:58.703 [FXGL Background Thread 3 ] DEBUG Engine               - scaledWidthProp$fxgl: DoubleProperty [bound, value: 1366.0]
12:32:58.704 [FXGL Background Thread 3 ] DEBUG Engine               - sceneFactory: com.almasb.fxgl.app.scene.SceneFactory@705a764c
12:32:58.704 [FXGL Background Thread 3 ] DEBUG Engine               - secondsIn24h: 60
12:32:58.704 [FXGL Background Thread 3 ] DEBUG Engine               - soundMenuBack: menu/back.wav
12:32:58.704 [FXGL Background Thread 3 ] DEBUG Engine               - soundMenuPress: menu/press.wav
12:32:58.704 [FXGL Background Thread 3 ] DEBUG Engine               - soundMenuSelect: menu/select.wav
12:32:58.704 [FXGL Background Thread 3 ] DEBUG Engine               - soundNotification: core/notification.wav
12:32:58.704 [FXGL Background Thread 3 ] DEBUG Engine               - stageStyle: DECORATED
12:32:58.704 [FXGL Background Thread 3 ] DEBUG Engine               - supportedLanguages: [ENGLISH, FRENCH, GERMAN, HUNGARIAN, RUSSIAN]
12:32:58.704 [FXGL Background Thread 3 ] DEBUG Engine               - ticksPerSecond: -1
12:32:58.704 [FXGL Background Thread 3 ] DEBUG Engine               - title: Nuclear Throne Atomic
12:32:58.704 [FXGL Background Thread 3 ] DEBUG Engine               - urlGithub: https://github.com/AlmasB/FXGL
12:32:58.705 [FXGL Background Thread 3 ] DEBUG Engine               - urlLeaderboard: http://fxgl-top.herokuapp.com/
12:32:58.705 [FXGL Background Thread 3 ] DEBUG Engine               - urlPOM: https://raw.githubusercontent.com/AlmasB/FXGL/release/README.md
12:32:58.705 [FXGL Background Thread 3 ] DEBUG Engine               - userAppClass: class com.example.nuclearthroneatomic.Controller
12:32:58.705 [FXGL Background Thread 3 ] DEBUG Engine               - version: 0.0
12:32:58.705 [FXGL Background Thread 3 ] DEBUG Engine               - versionCheckDays: 7
12:32:58.705 [FXGL Background Thread 3 ] DEBUG Engine               - width: 800
12:32:58.705 [FXGL Background Thread 3 ] DEBUG Engine               - Logging services
12:32:58.705 [FXGL Background Thread 3 ] DEBUG Engine               - class com.almasb.fxgl.app.services.FXGLAssetLoaderService
12:32:58.705 [FXGL Background Thread 3 ] DEBUG Engine               - class com.almasb.fxgl.app.FXGLApplication$GameApplicationService
12:32:58.705 [FXGL Background Thread 3 ] DEBUG Engine               - class com.almasb.fxgl.app.services.FXGLDialogService
12:32:58.705 [FXGL Background Thread 3 ] DEBUG Engine               - class com.almasb.fxgl.app.services.IOTaskExecutorService
12:32:58.706 [FXGL Background Thread 3 ] DEBUG Engine               - class com.almasb.fxgl.io.FileSystemService
12:32:58.706 [FXGL Background Thread 3 ] DEBUG Engine               - class com.almasb.fxgl.localization.LocalizationService
12:32:58.706 [FXGL Background Thread 3 ] DEBUG Engine               - class com.almasb.fxgl.app.services.SystemBundleService
12:32:58.706 [FXGL Background Thread 3 ] DEBUG Engine               - class com.almasb.fxgl.profile.SaveLoadService
12:32:58.706 [FXGL Background Thread 3 ] DEBUG Engine               - class com.almasb.fxgl.ui.FXGLUIFactoryServiceProvider
12:32:58.706 [FXGL Background Thread 3 ] DEBUG Engine               - class com.almasb.fxgl.ui.FXGLDialogFactoryServiceProvider
12:32:58.706 [FXGL Background Thread 3 ] DEBUG Engine               - class com.almasb.fxgl.audio.AudioPlayer
12:32:58.706 [FXGL Background Thread 3 ] DEBUG Engine               - class com.almasb.fxgl.notification.impl.NotificationServiceProvider
12:32:58.706 [FXGL Background Thread 3 ] DEBUG Engine               - class com.almasb.fxgl.achievement.AchievementService
12:32:58.706 [FXGL Background Thread 3 ] DEBUG Engine               - class com.almasb.fxgl.cutscene.CutsceneService
12:32:58.706 [FXGL Background Thread 3 ] DEBUG Engine               - class com.almasb.fxgl.minigames.MiniGameService
12:32:58.706 [FXGL Background Thread 3 ] DEBUG Engine               - class com.almasb.fxgl.net.NetService
12:32:58.706 [FXGL Background Thread 3 ] DEBUG Engine               - class com.almasb.fxgl.app.services.UpdaterService
12:32:58.706 [FXGL Background Thread 3 ] DEBUG Engine               - class com.almasb.fxgl.dev.DevService
12:32:58.721 [FXGL Background Thread 2 ] DEBUG FXGLAssetLoaderServi - Loading from file system: file:/C:/Users/Juan/Desktop/APOOOO/NuclearThroneAtomic/src/nuclearthroneatomic/target/classes/assets/textures/enemy/2-Run/3.png
12:32:58.724 [FXGL Background Thread 2 ] DEBUG FXGLAssetLoaderServi - Loading from file system: file:/C:/Users/Juan/Desktop/APOOOO/NuclearThroneAtomic/src/nuclearthroneatomic/target/classes/assets/textures/enemy/2-Run/4.png
12:32:58.733 [FXGL Background Thread 2 ] DEBUG FXGLAssetLoaderServi - Loading from file system: file:/C:/Users/Juan/Desktop/APOOOO/NuclearThroneAtomic/src/nuclearthroneatomic/target/classes/assets/textures/enemy/2-Run/5.png
12:32:58.740 [FXGL Background Thread 2 ] DEBUG FXGLAssetLoaderServi - Loading from file system: file:/C:/Users/Juan/Desktop/APOOOO/NuclearThroneAtomic/src/nuclearthroneatomic/target/classes/assets/textures/enemy/2-Run/6.png
12:32:58.748 [FXGL Background Thread 2 ] DEBUG FXGLAssetLoaderServi - Loading from file system: file:/C:/Users/Juan/Desktop/APOOOO/NuclearThroneAtomic/src/nuclearthroneatomic/target/classes/assets/textures/Guns/1.png
12:32:58.797 [FXGL Background Thread 2 ] DEBUG FXGLAssetLoaderServi - Loading from file system: file:/C:/Users/Juan/Desktop/APOOOO/NuclearThroneAtomic/src/nuclearthroneatomic/target/classes/assets/textures/mouse/mousecomplete.png
12:32:58.800 [FXGL Background Thread 2 ] DEBUG FXGLAssetLoaderServi - Loading from file system: file:/C:/Users/Juan/Desktop/APOOOO/NuclearThroneAtomic/src/nuclearthroneatomic/target/classes/assets/textures/Wall/1.png
12:32:59.005 [FXGL Background Thread 2 ] INFO  FXGLApplication      - Game initialization took: 0,812 sec
12:32:59.011 [JavaFX Application Thread] DEBUG Input                - Clearing active input actions
12:32:59.023 [JavaFX Application Thread] DEBUG GameApplicationServi - Removing overlay from FXGLLoadingScene and adding to GameScene
12:32:59.024 [JavaFX Application Thread] DEBUG PrimaryStageWindow   - FXGLLoadingScene -> GameScene
12:33:00.986 [JavaFX Application Thread] DEBUG FXGLAssetLoaderServi - Loading from file system: file:/C:/Users/Juan/Desktop/APOOOO/NuclearThroneAtomic/src/nuclearthroneatomic/target/classes/assets/textures/Munition/2.png
12:33:01.513 [JavaFX Application Thread] DEBUG FXGLAssetLoaderServi - Loading from file system: file:/C:/Users/Juan/Desktop/APOOOO/NuclearThroneAtomic/src/nuclearthroneatomic/target/classes/assets/textures/Bullet/2.png
12:33:08.876 [JavaFX Application Thread] DEBUG FXGLAssetLoaderServi - Loading from file system: file:/C:/Users/Juan/Desktop/APOOOO/NuclearThroneAtomic/src/nuclearthroneatomic/target/classes/assets/textures/portal/1.png
12:33:08.885 [JavaFX Application Thread] DEBUG FXGLAssetLoaderServi - Loading from file system: file:/C:/Users/Juan/Desktop/APOOOO/NuclearThroneAtomic/src/nuclearthroneatomic/target/classes/assets/textures/portal/2.png
12:33:08.891 [JavaFX Application Thread] DEBUG FXGLAssetLoaderServi - Loading from file system: file:/C:/Users/Juan/Desktop/APOOOO/NuclearThroneAtomic/src/nuclearthroneatomic/target/classes/assets/textures/portal/3.png
12:33:08.896 [JavaFX Application Thread] DEBUG FXGLAssetLoaderServi - Loading from file system: file:/C:/Users/Juan/Desktop/APOOOO/NuclearThroneAtomic/src/nuclearthroneatomic/target/classes/assets/textures/portal/4.png
12:33:11.640 [JavaFX Application Thread] DEBUG FXGLAssetLoaderServi - Loading from file system: file:/C:/Users/Juan/Desktop/APOOOO/NuclearThroneAtomic/src/nuclearthroneatomic/target/classes/assets/textures/Bullet/1.png
12:33:31.381 [JavaFX Application Thread] DEBUG PrimaryStageWindow   - Push state: DialogSubScene
12:33:31.381 [JavaFX Application Thread] DEBUG Input                - Clearing active input actions
12:33:31.383 [JavaFX Application Thread] DEBUG GameApplicationServi - Removing overlay from GameScene and adding to DialogSubScene
12:33:31.383 [JavaFX Application Thread] DEBUG PrimaryStageWindow   - GameScene -> DialogSubScene
12:33:33.727 [JavaFX Application Thread] DEBUG PrimaryStageWindow   - Pop state: DialogSubScene
12:33:33.728 [JavaFX Application Thread] DEBUG Input                - Clearing active input actions
12:33:33.729 [JavaFX Application Thread] DEBUG GameApplicationServi - Removing overlay from DialogSubScene and adding to GameScene
12:33:33.729 [JavaFX Application Thread] DEBUG PrimaryStageWindow   - GameScene <- DialogSubScene
12:33:57.871 [JavaFX Application Thread] DEBUG PrimaryStageWindow   - Push state: DialogSubScene
12:33:57.871 [JavaFX Application Thread] DEBUG Input                - Clearing active input actions
12:33:57.872 [JavaFX Application Thread] DEBUG GameApplicationServi - Removing overlay from GameScene and adding to DialogSubScene
12:33:57.872 [JavaFX Application Thread] DEBUG PrimaryStageWindow   - GameScene -> DialogSubScene
12:33:58.839 [JavaFX Application Thread] DEBUG PrimaryStageWindow   - Pop state: DialogSubScene
12:33:58.839 [JavaFX Application Thread] DEBUG Input                - Clearing active input actions
12:33:58.840 [JavaFX Application Thread] DEBUG GameApplicationServi - Removing overlay from DialogSubScene and adding to GameScene
12:33:58.840 [JavaFX Application Thread] DEBUG PrimaryStageWindow   - GameScene <- DialogSubScene
12:34:08.703 [JavaFX Application Thread] DEBUG PrimaryStageWindow   - Push state: DialogSubScene
12:34:08.703 [JavaFX Application Thread] DEBUG Input                - Clearing active input actions
12:34:08.703 [JavaFX Application Thread] DEBUG GameApplicationServi - Removing overlay from GameScene and adding to DialogSubScene
12:34:08.703 [JavaFX Application Thread] DEBUG PrimaryStageWindow   - GameScene -> DialogSubScene
12:34:12.422 [JavaFX Application Thread] DEBUG PrimaryStageWindow   - Pop state: DialogSubScene
12:34:12.422 [JavaFX Application Thread] DEBUG Input                - Clearing active input actions
12:34:12.422 [JavaFX Application Thread] DEBUG GameApplicationServi - Removing overlay from DialogSubScene and adding to GameScene
12:34:12.423 [JavaFX Application Thread] DEBUG PrimaryStageWindow   - GameScene <- DialogSubScene
12:34:50.427 [JavaFX Application Thread] DEBUG PrimaryStageWindow   - Push state: DialogSubScene
12:34:50.428 [JavaFX Application Thread] DEBUG Input                - Clearing active input actions
12:34:50.428 [JavaFX Application Thread] DEBUG GameApplicationServi - Removing overlay from GameScene and adding to DialogSubScene
12:34:50.428 [JavaFX Application Thread] DEBUG PrimaryStageWindow   - GameScene -> DialogSubScene
12:34:57.607 [JavaFX Application Thread] DEBUG PrimaryStageWindow   - Pop state: DialogSubScene
12:34:57.607 [JavaFX Application Thread] DEBUG Input                - Clearing active input actions
12:34:57.608 [JavaFX Application Thread] DEBUG GameApplicationServi - Removing overlay from DialogSubScene and adding to GameScene
12:34:57.608 [JavaFX Application Thread] DEBUG PrimaryStageWindow   - GameScene <- DialogSubScene
12:34:57.608 [JavaFX Application Thread] DEBUG FXGLApplication      - Exiting FXGL
12:34:57.608 [JavaFX Application Thread] DEBUG LoopRunner           - Stopping loop
12:34:57.608 [JavaFX Application Thread] DEBUG SystemBundleService  - Saving FXGL system data
12:34:57.618 [JavaFX Application Thread] DEBUG FileSystemAccess     - Writing to: C:\Users\Juan\Desktop\APOOOO\NuclearThroneAtomic\src\nuclearthroneatomic\system\fxgl.bundle
12:34:57.624 [JavaFX Application Thread] DEBUG Async                - Shutting down background threads
12:34:57.625 [JavaFX Application Thread] DEBUG PrimaryStageWindow   - Closing main window
12:34:57.652 [JavaFX Application Thread] DEBUG Logger               - Closing Logger
