22:20:33.077 [main                     ] DEBUG Logger               - Configured Logger
22:20:33.150 [main                     ] DEBUG GameApplication      - Logging settings
Title: Nuclear Throne Atomic
Version: 0.0
Width: 800
Height: 600
Fullscreen: true
Intro: false
Profiling: false
Single step:false
App Mode: DEVELOPER
Menu Key: ESCAPE
Stage Style: DECORATED
Scene Factory: class com.almasb.fxgl.app.scene.SceneFactory

22:20:33.936 [JavaFX Application Thread] DEBUG FXGLApplication      - Initializing FXGL
22:20:33.942 [JavaFX Application Thread] INFO  Engine               - FXGL-17.2 (20.08.2022 16.50) on WINDOWS (J:20.0.1 FX:18.0.2)
22:20:33.942 [JavaFX Application Thread] DEBUG Engine               - JRE Vendor Name: Oracle Corporation
22:20:33.943 [JavaFX Application Thread] DEBUG Engine               - Running on OS: Windows 10 version 10.0
22:20:33.943 [JavaFX Application Thread] DEBUG Engine               - Architecture: amd64
22:20:33.943 [JavaFX Application Thread] INFO  Engine               - Source code and latest versions at: https://github.com/AlmasB/FXGL
22:20:33.943 [JavaFX Application Thread] INFO  Engine               -       Ask questions and discuss at: https://github.com/AlmasB/FXGL/discussions
22:20:33.943 [JavaFX Application Thread] INFO  Engine               -              Join the FXGL chat at: https://gitter.im/AlmasB/FXGL
22:20:34.047 [JavaFX Application Thread] DEBUG PrimaryStageWindow   - Creating a JavaFX scene
22:20:34.095 [JavaFX Application Thread] DEBUG PrimaryStageWindow   - Target settings size: 800.0 x 600.0
22:20:34.095 [JavaFX Application Thread] DEBUG PrimaryStageWindow   - Scaled scene size:    800.0 x 600.0
22:20:34.095 [JavaFX Application Thread] DEBUG PrimaryStageWindow   - Scaled ratio: (1.0, 1.0)
22:20:34.096 [JavaFX Application Thread] DEBUG PrimaryStageWindow   - Set initial scene to FXGLStartupScene
22:20:34.105 [JavaFX Application Thread] DEBUG PrimaryStageWindow   - Opening main window
22:20:34.218 [JavaFX Application Thread] DEBUG PrimaryStageWindow   - Window border size: (16.0, 39.0)
22:20:34.219 [JavaFX Application Thread] DEBUG PrimaryStageWindow   - Scaled size: 800.0 x 600.0
22:20:34.219 [JavaFX Application Thread] DEBUG PrimaryStageWindow   - Scaled ratio: (1.0, 1.0)
22:20:34.219 [JavaFX Application Thread] DEBUG PrimaryStageWindow   - Scene size: 800.0 x 600.0
22:20:34.219 [JavaFX Application Thread] DEBUG PrimaryStageWindow   - Stage size: 816.0 x 639.0
22:20:34.229 [FXGL Background Thread 1 ] DEBUG Engine               - Initializing environment variables
22:20:34.306 [FXGL Background Thread 1 ] DEBUG FXGLAssetLoaderServi - User app class for loading assets: class com.example.nuclearthroneatomic.Controller
22:20:34.306 [FXGL Background Thread 1 ] DEBUG GameApplicationServi - Applying CSS: fxgl_dark.css
22:20:34.307 [FXGL Background Thread 1 ] DEBUG FXGLAssetLoaderServi - Loading from file system: jar:file:///C:/Users/Usuario/.m2/repository/com/github/almasb/fxgl/17.2/fxgl-17.2.jar!/fxglassets/ui/css/fxgl_dark.css
22:20:34.363 [FXGL Background Thread 1 ] DEBUG GameApplicationServi - Initializing application scenes
22:20:34.418 [FXGL Background Thread 1 ] DEBUG GameWorld            - Game world initialized
22:20:34.526 [FXGL Background Thread 1 ] DEBUG PhysicsWorld         - Physics world initialized: appHeight=600, physics.ppm=50,0
22:20:34.527 [FXGL Background Thread 1 ] DEBUG PhysicsWorld         - Using strategy: BRUTE_FORCE
22:20:34.532 [FXGL Background Thread 1 ] DEBUG GameScene            - Game scene initialized: 800x600
22:20:34.546 [FXGL Background Thread 1 ] DEBUG FXGL.DefaultMenu     - createMenuBodyMainMenu()
22:20:34.567 [FXGL Background Thread 1 ] DEBUG FXGL.DefaultMenu     - createOptionsMenu()
22:20:34.577 [FXGL Background Thread 1 ] DEBUG FXGL.DefaultMenu     - createExtraMenu()
22:20:34.589 [FXGL Background Thread 1 ] DEBUG FXGLAssetLoaderServi - Loading from file system: jar:file:///C:/Users/Usuario/.m2/repository/com/github/almasb/fxgl/17.2/fxgl-17.2.jar!/fxglassets/textures/particles/smoke.png
22:20:34.730 [FXGL Background Thread 1 ] DEBUG FXGLAssetLoaderServi - Loading from file system: jar:file:///C:/Users/Usuario/.m2/repository/com/github/almasb/fxgl/17.2/fxgl-17.2.jar!/fxglassets/textures/particles/trace_horizontal.png
22:20:34.773 [FXGL Background Thread 1 ] DEBUG FXGL.DefaultMenu     - createMenuBodyGameMenu()
22:20:34.776 [FXGL Background Thread 1 ] DEBUG FXGL.DefaultMenu     - createOptionsMenu()
22:20:34.782 [FXGL Background Thread 1 ] DEBUG FXGL.DefaultMenu     - createExtraMenu()
22:20:34.811 [FXGL Background Thread 1 ] DEBUG GameApplicationServi - Application scenes initialized
22:20:34.855 [FXGL Background Thread 1 ] DEBUG SystemBundleService  - Loading FXGL system data
22:20:34.866 [FXGL Background Thread 1 ] DEBUG FileSystemAccess     - Reading from: C:\Users\Usuario\OneDrive - Universidad Icesi (@icesi.edu.co)\APO2\Tareas integradoras\NuclearThroneAtomic\src\nuclearthroneatomic\system\fxgl.bundle
22:20:34.896 [FXGL Background Thread 1 ] DEBUG SystemBundleService  - Bundle FXGL: {}
22:20:34.896 [FXGL Background Thread 1 ] DEBUG UpdaterService       - Checking for updates
22:20:34.911 [FXGL Background Thread 1 ] DEBUG FXGLApplication      - Loading default localization
22:20:34.913 [FXGL Background Thread 1 ] DEBUG FXGLAssetLoaderServi - Loading from file system: jar:file:///C:/Users/Usuario/.m2/repository/com/github/almasb/fxgl/17.2/fxgl-17.2.jar!/fxglassets/languages/english.lang
22:20:34.961 [FXGL Background Thread 1 ] INFO  FXGLApplication      - FXGL initialization took: 0,732 sec
22:20:34.975 [FXGL Background Thread 4 ] DEBUG FXGLApplication      - Loading fonts
22:20:34.976 [FXGL Background Thread 4 ] DEBUG FXGLAssetLoaderServi - Loading from file system: jar:file:///C:/Users/Usuario/.m2/repository/com/github/almasb/fxgl/17.2/fxgl-17.2.jar!/fxglassets/ui/fonts/VarelaRound-Regular.ttf
22:20:34.981 [JavaFX Application Thread] DEBUG Input                - Registered new binding: lucky - Q
22:20:34.981 [JavaFX Application Thread] DEBUG Input                - Registered new binding: health - F
22:20:34.983 [JavaFX Application Thread] DEBUG Input                - Registered new binding: Right - D
22:20:34.983 [JavaFX Application Thread] DEBUG Input                - Registered new binding: Left - A
22:20:34.984 [JavaFX Application Thread] DEBUG Input                - Registered new binding: Up - W
22:20:34.984 [JavaFX Application Thread] DEBUG Input                - Registered new binding: Down - S
22:20:34.986 [JavaFX Application Thread] DEBUG Input                - Registered new binding: Reload - RMB
22:20:34.987 [JavaFX Application Thread] DEBUG Input                - Registered new binding: Shoot - LMB
22:20:34.988 [JavaFX Application Thread] DEBUG FXGLAssetLoaderServi - Loading from file system: jar:file:///C:/Users/Usuario/.m2/repository/com/github/almasb/fxgl/17.2/fxgl-17.2.jar!/fxglassets/textures/fxgl_icon.png
22:20:35.029 [JavaFX Application Thread] DEBUG FXGLAssetLoaderServi - Loading from file system: jar:file:///C:/Users/Usuario/.m2/repository/com/github/almasb/fxgl/17.2/fxgl-17.2.jar!/fxglassets/textures/fxgl_default_cursor.png
22:20:35.035 [JavaFX Application Thread] DEBUG Input                - Registered new binding: Screenshot - CTRL+8
22:20:35.036 [JavaFX Application Thread] DEBUG Input                - Registered new binding: System info dump - CTRL+9
22:20:35.037 [JavaFX Application Thread] DEBUG Input                - Registered new binding: Restart - CTRL+R
22:20:35.038 [JavaFX Application Thread] DEBUG Input                - Registered new binding: Toggle Debug Camera - CTRL+7
22:20:35.045 [JavaFX Application Thread] DEBUG LoopRunner           - Starting loop
22:20:35.045 [JavaFX Application Thread] DEBUG LoopRunner           - Initializing JavaFX AnimationTimerLoop
22:20:35.056 [JavaFX Application Thread] DEBUG Input                - Clearing active input actions
22:20:35.088 [JavaFX Application Thread] DEBUG GameApplicationServi - Removing overlay from FXGLStartupScene and adding to FXGLMainMenuDummyScene
22:20:35.091 [JavaFX Application Thread] DEBUG PrimaryStageWindow   - FXGLStartupScene -> FXGLMainMenuDummyScene
22:20:35.093 [JavaFX Application Thread] DEBUG PrimaryStageWindow   - Push state: FXGLDefaultMenu
22:20:35.113 [JavaFX Application Thread] DEBUG Input                - Clearing active input actions
22:20:35.153 [JavaFX Application Thread] DEBUG GameApplicationServi - Removing overlay from FXGLMainMenuDummyScene and adding to FXGLDefaultMenu
22:20:35.155 [JavaFX Application Thread] DEBUG PrimaryStageWindow   - FXGLMainMenuDummyScene -> FXGLDefaultMenu
22:20:35.837 [FXGL Background Thread 4 ] DEBUG FXGLAssetLoaderServi - Loading from file system: jar:file:///C:/Users/Usuario/.m2/repository/com/github/almasb/fxgl/17.2/fxgl-17.2.jar!/fxglassets/ui/fonts/Abel-Regular.ttf
22:20:35.846 [FXGL Background Thread 4 ] DEBUG FXGLAssetLoaderServi - Loading from file system: jar:file:///C:/Users/Usuario/.m2/repository/com/github/almasb/fxgl/17.2/fxgl-17.2.jar!/fxglassets/ui/fonts/TerminalLandMono-Regular.otf
22:20:35.857 [FXGL Background Thread 4 ] DEBUG FXGLAssetLoaderServi - Loading from file system: jar:file:///C:/Users/Usuario/.m2/repository/com/github/almasb/fxgl/17.2/fxgl-17.2.jar!/fxglassets/ui/fonts/Courier-Prime.ttf
22:20:35.871 [JavaFX Application Thread] DEBUG FXGLApplication      - Registering font factories with UI factory
22:20:36.846 [FXGL Background Thread 2 ] INFO  UpdaterService       - Your current version:  17.2
22:20:36.847 [FXGL Background Thread 2 ] INFO  UpdaterService       - Latest stable version: 17.3
22:20:37.697 [JavaFX Application Thread] DEBUG FXGL.DefaultMenu     - createContentAchievements()
22:20:37.907 [FXGL Background Thread 3 ] DEBUG Engine               - Logging environment variables
22:20:37.907 [FXGL Background Thread 3 ] DEBUG Engine               - achievements: []
22:20:37.907 [FXGL Background Thread 3 ] DEBUG Engine               - actualHeight: 600.0
22:20:37.907 [FXGL Background Thread 3 ] DEBUG Engine               - actualHeightProperty: ReadOnlyDoubleProperty [value: 600.0]
22:20:37.908 [FXGL Background Thread 3 ] DEBUG Engine               - actualWidth: 800.0
22:20:37.908 [FXGL Background Thread 3 ] DEBUG Engine               - actualWidthProperty: ReadOnlyDoubleProperty [value: 800.0]
22:20:37.908 [FXGL Background Thread 3 ] DEBUG Engine               - appIcon: fxgl_icon.png
22:20:37.908 [FXGL Background Thread 3 ] DEBUG Engine               - applicationMode: DEVELOPER
22:20:37.908 [FXGL Background Thread 3 ] DEBUG Engine               - cSSList: [fxgl_dark.css]
22:20:37.908 [FXGL Background Thread 3 ] DEBUG Engine               - collisionDetectionStrategy: BRUTE_FORCE
22:20:37.908 [FXGL Background Thread 3 ] DEBUG Engine               - configClass: Optional.empty
22:20:37.908 [FXGL Background Thread 3 ] DEBUG Engine               - credits: [Designer . . . . . . . Johan Daniel Aguirre, Program Team . . . . . . Juan Sebasti치n Libreros,                              Juan Jose Barrera,                              Johan Daniel Aguirre, El mas lindo . . . . . . Juan Sebasti치n Libreros, Master Thief . . . . . . Johan Daniel Aguirre]
22:20:37.913 [FXGL Background Thread 3 ] DEBUG Engine               - defaultCursor: CursorInfo(imageName=fxgl_default_cursor.png, hotspotX=7.0, hotspotY=6.0)
22:20:37.913 [FXGL Background Thread 3 ] DEBUG Engine               - devBBoxColorProperty: ObjectProperty [value: 0xff0000ff]
22:20:37.913 [FXGL Background Thread 3 ] DEBUG Engine               - devEnableDebugCameraProperty: BooleanProperty [value: false]
22:20:37.913 [FXGL Background Thread 3 ] DEBUG Engine               - devSensorColorProperty: ObjectProperty [value: 0xffff00ff]
22:20:37.914 [FXGL Background Thread 3 ] DEBUG Engine               - devShowBBoxProperty: BooleanProperty [value: false]
22:20:37.914 [FXGL Background Thread 3 ] DEBUG Engine               - devShowPositionProperty: BooleanProperty [value: false]
22:20:37.914 [FXGL Background Thread 3 ] DEBUG Engine               - enabledMenuItems: [EXTRA]
22:20:37.914 [FXGL Background Thread 3 ] DEBUG Engine               - engineServices: [class com.almasb.fxgl.app.services.FXGLAssetLoaderService, class com.almasb.fxgl.app.FXGLApplication$GameApplicationService, class com.almasb.fxgl.app.services.FXGLDialogService, class com.almasb.fxgl.app.services.IOTaskExecutorService, class com.almasb.fxgl.io.FileSystemService, class com.almasb.fxgl.localization.LocalizationService, class com.almasb.fxgl.app.services.SystemBundleService, class com.almasb.fxgl.profile.SaveLoadService, class com.almasb.fxgl.ui.FXGLUIFactoryServiceProvider, class com.almasb.fxgl.ui.FXGLDialogFactoryServiceProvider, class com.almasb.fxgl.audio.AudioPlayer, class com.almasb.fxgl.notification.impl.NotificationServiceProvider, class com.almasb.fxgl.achievement.AchievementService, class com.almasb.fxgl.cutscene.CutsceneService, class com.almasb.fxgl.minigames.MiniGameService, class com.almasb.fxgl.net.NetService, class com.almasb.fxgl.app.services.UpdaterService, class com.almasb.fxgl.dev.DevService]
22:20:37.914 [FXGL Background Thread 3 ] DEBUG Engine               - fontGame: Abel-Regular.ttf
22:20:37.914 [FXGL Background Thread 3 ] DEBUG Engine               - fontMono: TerminalLandMono-Regular.otf
22:20:37.914 [FXGL Background Thread 3 ] DEBUG Engine               - fontText: Courier-Prime.ttf
22:20:37.914 [FXGL Background Thread 3 ] DEBUG Engine               - fontUI: VarelaRound-Regular.ttf
22:20:37.914 [FXGL Background Thread 3 ] DEBUG Engine               - fullScreen: BooleanProperty [value: false]
22:20:37.914 [FXGL Background Thread 3 ] DEBUG Engine               - gameDifficulty: MEDIUM
22:20:37.914 [FXGL Background Thread 3 ] DEBUG Engine               - gameDifficultyProperty: ObjectProperty [value: MEDIUM]
22:20:37.914 [FXGL Background Thread 3 ] DEBUG Engine               - globalMusicVolume: 0.5
22:20:37.914 [FXGL Background Thread 3 ] DEBUG Engine               - globalMusicVolumeProperty: DoubleProperty [value: 0.5]
22:20:37.915 [FXGL Background Thread 3 ] DEBUG Engine               - globalSoundVolume: 0.5
22:20:37.915 [FXGL Background Thread 3 ] DEBUG Engine               - globalSoundVolumeProperty: DoubleProperty [value: 0.5]
22:20:37.915 [FXGL Background Thread 3 ] DEBUG Engine               - height: 600
22:20:37.915 [FXGL Background Thread 3 ] DEBUG Engine               - is3D: false
22:20:37.915 [FXGL Background Thread 3 ] DEBUG Engine               - isAndroid: false
22:20:37.915 [FXGL Background Thread 3 ] DEBUG Engine               - isBrowser: false
22:20:37.915 [FXGL Background Thread 3 ] DEBUG Engine               - isClickFeedbackEnabled: false
22:20:37.915 [FXGL Background Thread 3 ] DEBUG Engine               - isCloseConfirmation: false
22:20:37.915 [FXGL Background Thread 3 ] DEBUG Engine               - isDesktop: true
22:20:37.915 [FXGL Background Thread 3 ] DEBUG Engine               - isDeveloperMenuEnabled: false
22:20:37.915 [FXGL Background Thread 3 ] DEBUG Engine               - isEmbedded: false
22:20:37.915 [FXGL Background Thread 3 ] DEBUG Engine               - isEntityPreloadEnabled: true
22:20:37.915 [FXGL Background Thread 3 ] DEBUG Engine               - isExperimentalTiledLargeMap: false
22:20:37.915 [FXGL Background Thread 3 ] DEBUG Engine               - isFileSystemWriteAllowed: true
22:20:37.915 [FXGL Background Thread 3 ] DEBUG Engine               - isFullScreenAllowed: true
22:20:37.915 [FXGL Background Thread 3 ] DEBUG Engine               - isFullScreenFromStart: false
22:20:37.916 [FXGL Background Thread 3 ] DEBUG Engine               - isGameMenuEnabled: true
22:20:37.916 [FXGL Background Thread 3 ] DEBUG Engine               - isIOS: false
22:20:37.916 [FXGL Background Thread 3 ] DEBUG Engine               - isIntroEnabled: false
22:20:37.916 [FXGL Background Thread 3 ] DEBUG Engine               - isLinux: false
22:20:37.916 [FXGL Background Thread 3 ] DEBUG Engine               - isMac: false
22:20:37.916 [FXGL Background Thread 3 ] DEBUG Engine               - isMainMenuEnabled: true
22:20:37.916 [FXGL Background Thread 3 ] DEBUG Engine               - isManualResizeEnabled: false
22:20:37.916 [FXGL Background Thread 3 ] DEBUG Engine               - isMobile: false
22:20:37.916 [FXGL Background Thread 3 ] DEBUG Engine               - isNative: false
22:20:37.916 [FXGL Background Thread 3 ] DEBUG Engine               - isPauseMusicWhenMinimized: true
22:20:37.916 [FXGL Background Thread 3 ] DEBUG Engine               - isPreserveResizeRatio: false
22:20:37.916 [FXGL Background Thread 3 ] DEBUG Engine               - isProfilingEnabled: false
22:20:37.916 [FXGL Background Thread 3 ] DEBUG Engine               - isScaleAffectedOnResize: true
22:20:37.916 [FXGL Background Thread 3 ] DEBUG Engine               - isSingleStep: false
22:20:37.916 [FXGL Background Thread 3 ] DEBUG Engine               - isUserProfileEnabled: false
22:20:37.917 [FXGL Background Thread 3 ] DEBUG Engine               - isWindows: true
22:20:37.917 [FXGL Background Thread 3 ] DEBUG Engine               - language: ObjectProperty [value: ENGLISH]
22:20:37.917 [FXGL Background Thread 3 ] DEBUG Engine               - menuKey: ESCAPE
22:20:37.917 [FXGL Background Thread 3 ] DEBUG Engine               - mouseSensitivity: 0.2
22:20:37.917 [FXGL Background Thread 3 ] DEBUG Engine               - notificationViewClass: class com.almasb.fxgl.notification.view.XboxNotificationView
22:20:37.917 [FXGL Background Thread 3 ] DEBUG Engine               - pixelsPerMeter: 50.0
22:20:37.917 [FXGL Background Thread 3 ] DEBUG Engine               - platform: WINDOWS
22:20:37.917 [FXGL Background Thread 3 ] DEBUG Engine               - prefHeightProperty: ReadOnlyDoubleProperty [value: 600.0]
22:20:37.917 [FXGL Background Thread 3 ] DEBUG Engine               - prefWidthProperty: ReadOnlyDoubleProperty [value: 800.0]
22:20:37.917 [FXGL Background Thread 3 ] DEBUG Engine               - profileDir: profiles/
22:20:37.917 [FXGL Background Thread 3 ] DEBUG Engine               - profileName: StringProperty [value: DEFAULT]
22:20:37.917 [FXGL Background Thread 3 ] DEBUG Engine               - randomSeed: -1
22:20:37.918 [FXGL Background Thread 3 ] DEBUG Engine               - runtimeInfo: RuntimeInfo(platform=WINDOWS, version=17.2, build=20.08.2022 16.50)
22:20:37.918 [FXGL Background Thread 3 ] DEBUG Engine               - saveFileExt: sav
22:20:37.918 [FXGL Background Thread 3 ] DEBUG Engine               - scaledHeightProp$fxgl: DoubleProperty [bound, value: 600.0]
22:20:37.918 [FXGL Background Thread 3 ] DEBUG Engine               - scaledWidthProp$fxgl: DoubleProperty [bound, value: 800.0]
22:20:37.918 [FXGL Background Thread 3 ] DEBUG Engine               - sceneFactory: com.almasb.fxgl.app.scene.SceneFactory@2a9a76dc
22:20:37.918 [FXGL Background Thread 3 ] DEBUG Engine               - secondsIn24h: 60
22:20:37.918 [FXGL Background Thread 3 ] DEBUG Engine               - soundMenuBack: menu/back.wav
22:20:37.918 [FXGL Background Thread 3 ] DEBUG Engine               - soundMenuPress: menu/press.wav
22:20:37.919 [FXGL Background Thread 3 ] DEBUG Engine               - soundMenuSelect: menu/select.wav
22:20:37.919 [FXGL Background Thread 3 ] DEBUG Engine               - soundNotification: core/notification.wav
22:20:37.919 [FXGL Background Thread 3 ] DEBUG Engine               - stageStyle: DECORATED
22:20:37.919 [FXGL Background Thread 3 ] DEBUG Engine               - supportedLanguages: [ENGLISH, FRENCH, GERMAN, HUNGARIAN, RUSSIAN]
22:20:37.919 [FXGL Background Thread 3 ] DEBUG Engine               - ticksPerSecond: -1
22:20:37.919 [FXGL Background Thread 3 ] DEBUG Engine               - title: Nuclear Throne Atomic
22:20:37.919 [FXGL Background Thread 3 ] DEBUG Engine               - urlGithub: https://github.com/AlmasB/FXGL
22:20:37.919 [FXGL Background Thread 3 ] DEBUG Engine               - urlLeaderboard: http://fxgl-top.herokuapp.com/
22:20:37.919 [FXGL Background Thread 3 ] DEBUG Engine               - urlPOM: https://raw.githubusercontent.com/AlmasB/FXGL/release/README.md
22:20:37.919 [FXGL Background Thread 3 ] DEBUG Engine               - userAppClass: class com.example.nuclearthroneatomic.Controller
22:20:37.919 [FXGL Background Thread 3 ] DEBUG Engine               - version: 0.0
22:20:37.919 [FXGL Background Thread 3 ] DEBUG Engine               - versionCheckDays: 7
22:20:37.919 [FXGL Background Thread 3 ] DEBUG Engine               - width: 800
22:20:37.920 [FXGL Background Thread 3 ] DEBUG Engine               - Logging services
22:20:37.920 [FXGL Background Thread 3 ] DEBUG Engine               - class com.almasb.fxgl.app.services.FXGLAssetLoaderService
22:20:37.920 [FXGL Background Thread 3 ] DEBUG Engine               - class com.almasb.fxgl.app.FXGLApplication$GameApplicationService
22:20:37.920 [FXGL Background Thread 3 ] DEBUG Engine               - class com.almasb.fxgl.app.services.FXGLDialogService
22:20:37.920 [FXGL Background Thread 3 ] DEBUG Engine               - class com.almasb.fxgl.app.services.IOTaskExecutorService
22:20:37.920 [FXGL Background Thread 3 ] DEBUG Engine               - class com.almasb.fxgl.io.FileSystemService
22:20:37.920 [FXGL Background Thread 3 ] DEBUG Engine               - class com.almasb.fxgl.localization.LocalizationService
22:20:37.920 [FXGL Background Thread 3 ] DEBUG Engine               - class com.almasb.fxgl.app.services.SystemBundleService
22:20:37.920 [FXGL Background Thread 3 ] DEBUG Engine               - class com.almasb.fxgl.profile.SaveLoadService
22:20:37.920 [FXGL Background Thread 3 ] DEBUG Engine               - class com.almasb.fxgl.ui.FXGLUIFactoryServiceProvider
22:20:37.921 [FXGL Background Thread 3 ] DEBUG Engine               - class com.almasb.fxgl.ui.FXGLDialogFactoryServiceProvider
22:20:37.921 [FXGL Background Thread 3 ] DEBUG Engine               - class com.almasb.fxgl.audio.AudioPlayer
22:20:37.921 [FXGL Background Thread 3 ] DEBUG Engine               - class com.almasb.fxgl.notification.impl.NotificationServiceProvider
22:20:37.921 [FXGL Background Thread 3 ] DEBUG Engine               - class com.almasb.fxgl.achievement.AchievementService
22:20:37.921 [FXGL Background Thread 3 ] DEBUG Engine               - class com.almasb.fxgl.cutscene.CutsceneService
22:20:37.921 [FXGL Background Thread 3 ] DEBUG Engine               - class com.almasb.fxgl.minigames.MiniGameService
22:20:37.921 [FXGL Background Thread 3 ] DEBUG Engine               - class com.almasb.fxgl.net.NetService
22:20:37.921 [FXGL Background Thread 3 ] DEBUG Engine               - class com.almasb.fxgl.app.services.UpdaterService
22:20:37.921 [FXGL Background Thread 3 ] DEBUG Engine               - class com.almasb.fxgl.dev.DevService
22:20:41.668 [JavaFX Application Thread] DEBUG FXGL.DefaultMenu     - createContentCredits()
22:20:41.674 [JavaFX Application Thread] WARN  FXGL.DefaultMenu     - Credit name length > 45: Program Team . . . . . . Juan Sebasti치n Libreros
22:20:41.675 [JavaFX Application Thread] WARN  FXGL.DefaultMenu     - Credit name length > 45:                              Juan Jose Barrera
22:20:41.675 [JavaFX Application Thread] WARN  FXGL.DefaultMenu     - Credit name length > 45:                              Johan Daniel Aguirre
22:20:41.675 [JavaFX Application Thread] WARN  FXGL.DefaultMenu     - Credit name length > 45: El mas lindo . . . . . . Juan Sebasti치n Libreros
22:20:54.001 [JavaFX Application Thread] DEBUG FXGLApplication      - Exiting FXGL
22:20:54.001 [JavaFX Application Thread] DEBUG LoopRunner           - Stopping loop
22:20:54.001 [JavaFX Application Thread] DEBUG SystemBundleService  - Saving FXGL system data
22:20:54.005 [JavaFX Application Thread] DEBUG FileSystemAccess     - Writing to: C:\Users\Usuario\OneDrive - Universidad Icesi (@icesi.edu.co)\APO2\Tareas integradoras\NuclearThroneAtomic\src\nuclearthroneatomic\system\fxgl.bundle
22:20:54.008 [JavaFX Application Thread] DEBUG Async                - Shutting down background threads
22:20:54.008 [JavaFX Application Thread] DEBUG PrimaryStageWindow   - Closing main window
22:20:54.024 [JavaFX Application Thread] DEBUG Logger               - Closing Logger
