23:31:47.317 [main                     ] DEBUG Logger               - Configured Logger
23:31:47.377 [main                     ] DEBUG GameApplication      - Logging settings
Title: Nuclear Throne Atomic
Version: 0.0
Width: 800
Height: 600
Fullscreen: true
Intro: false
Profiling: false
Single step:false
App Mode: DEVELOPER
Menu Key: ESCAPE
Stage Style: DECORATED
Scene Factory: class com.almasb.fxgl.app.scene.SceneFactory

23:31:48.289 [JavaFX Application Thread] DEBUG FXGLApplication      - Initializing FXGL
23:31:48.298 [JavaFX Application Thread] INFO  Engine               - FXGL-17.2 (20.08.2022 16.50) on WINDOWS (J:20.0.1 FX:18.0.2)
23:31:48.299 [JavaFX Application Thread] DEBUG Engine               - JRE Vendor Name: Oracle Corporation
23:31:48.299 [JavaFX Application Thread] DEBUG Engine               - Running on OS: Windows 10 version 10.0
23:31:48.300 [JavaFX Application Thread] DEBUG Engine               - Architecture: amd64
23:31:48.300 [JavaFX Application Thread] INFO  Engine               - Source code and latest versions at: https://github.com/AlmasB/FXGL
23:31:48.300 [JavaFX Application Thread] INFO  Engine               -       Ask questions and discuss at: https://github.com/AlmasB/FXGL/discussions
23:31:48.300 [JavaFX Application Thread] INFO  Engine               -              Join the FXGL chat at: https://gitter.im/AlmasB/FXGL
23:31:48.431 [JavaFX Application Thread] DEBUG PrimaryStageWindow   - Creating a JavaFX scene
23:31:48.498 [JavaFX Application Thread] DEBUG PrimaryStageWindow   - Target settings size: 800.0 x 600.0
23:31:48.499 [JavaFX Application Thread] DEBUG PrimaryStageWindow   - Scaled scene size:    800.0 x 600.0
23:31:48.500 [JavaFX Application Thread] DEBUG PrimaryStageWindow   - Scaled ratio: (1.0, 1.0)
23:31:48.503 [JavaFX Application Thread] DEBUG PrimaryStageWindow   - Set initial scene to FXGLStartupScene
23:31:48.519 [JavaFX Application Thread] DEBUG PrimaryStageWindow   - Opening main window
23:31:48.639 [JavaFX Application Thread] DEBUG PrimaryStageWindow   - Window border size: (16.0, 39.0)
23:31:48.639 [JavaFX Application Thread] DEBUG PrimaryStageWindow   - Scaled size: 800.0 x 600.0
23:31:48.640 [JavaFX Application Thread] DEBUG PrimaryStageWindow   - Scaled ratio: (1.0, 1.0)
23:31:48.641 [JavaFX Application Thread] DEBUG PrimaryStageWindow   - Scene size: 800.0 x 600.0
23:31:48.641 [JavaFX Application Thread] DEBUG PrimaryStageWindow   - Stage size: 816.0 x 639.0
23:31:48.656 [FXGL Background Thread 1 ] DEBUG Engine               - Initializing environment variables
23:31:48.745 [FXGL Background Thread 1 ] DEBUG FXGLAssetLoaderServi - User app class for loading assets: class com.example.nuclearthroneatomic.Controller
23:31:48.746 [FXGL Background Thread 1 ] DEBUG GameApplicationServi - Applying CSS: fxgl_dark.css
23:31:48.747 [FXGL Background Thread 1 ] DEBUG FXGLAssetLoaderServi - Loading from file system: jar:file:///C:/Users/Usuario/.m2/repository/com/github/almasb/fxgl/17.2/fxgl-17.2.jar!/fxglassets/ui/css/fxgl_dark.css
23:31:48.823 [FXGL Background Thread 1 ] DEBUG GameApplicationServi - Initializing application scenes
23:31:48.887 [FXGL Background Thread 1 ] DEBUG GameWorld            - Game world initialized
23:31:48.996 [FXGL Background Thread 1 ] DEBUG PhysicsWorld         - Physics world initialized: appHeight=600, physics.ppm=50,0
23:31:48.997 [FXGL Background Thread 1 ] DEBUG PhysicsWorld         - Using strategy: BRUTE_FORCE
23:31:49.006 [FXGL Background Thread 1 ] DEBUG GameScene            - Game scene initialized: 800x600
23:31:49.034 [FXGL Background Thread 1 ] DEBUG FXGL.DefaultMenu     - createMenuBodyMainMenu()
23:31:49.070 [FXGL Background Thread 1 ] DEBUG FXGL.DefaultMenu     - createOptionsMenu()
23:31:49.087 [FXGL Background Thread 1 ] DEBUG FXGL.DefaultMenu     - createExtraMenu()
23:31:49.104 [FXGL Background Thread 1 ] DEBUG FXGLAssetLoaderServi - Loading from file system: jar:file:///C:/Users/Usuario/.m2/repository/com/github/almasb/fxgl/17.2/fxgl-17.2.jar!/fxglassets/textures/particles/smoke.png
23:31:49.277 [FXGL Background Thread 1 ] DEBUG FXGLAssetLoaderServi - Loading from file system: jar:file:///C:/Users/Usuario/.m2/repository/com/github/almasb/fxgl/17.2/fxgl-17.2.jar!/fxglassets/textures/particles/trace_horizontal.png
23:31:49.336 [FXGL Background Thread 1 ] DEBUG FXGL.DefaultMenu     - createMenuBodyGameMenu()
23:31:49.339 [FXGL Background Thread 1 ] DEBUG FXGL.DefaultMenu     - createOptionsMenu()
23:31:49.347 [FXGL Background Thread 1 ] DEBUG FXGL.DefaultMenu     - createExtraMenu()
23:31:49.381 [FXGL Background Thread 1 ] DEBUG GameApplicationServi - Application scenes initialized
23:31:49.419 [FXGL Background Thread 1 ] DEBUG SystemBundleService  - Loading FXGL system data
23:31:49.433 [FXGL Background Thread 1 ] DEBUG FileSystemAccess     - Reading from: C:\Users\Usuario\OneDrive - Universidad Icesi (@icesi.edu.co)\APO2\Tareas integradoras\NuclearThroneAtomic\src\nuclearthroneatomic\system\fxgl.bundle
23:31:49.460 [FXGL Background Thread 1 ] DEBUG SystemBundleService  - Bundle FXGL: {}
23:31:49.461 [FXGL Background Thread 1 ] DEBUG UpdaterService       - Checking for updates
23:31:49.477 [FXGL Background Thread 1 ] DEBUG FXGLApplication      - Loading default localization
23:31:49.480 [FXGL Background Thread 1 ] DEBUG FXGLAssetLoaderServi - Loading from file system: jar:file:///C:/Users/Usuario/.m2/repository/com/github/almasb/fxgl/17.2/fxgl-17.2.jar!/fxglassets/languages/english.lang
23:31:49.490 [FXGL Background Thread 4 ] DEBUG FXGLApplication      - Loading fonts
23:31:49.491 [FXGL Background Thread 4 ] DEBUG FXGLAssetLoaderServi - Loading from file system: jar:file:///C:/Users/Usuario/.m2/repository/com/github/almasb/fxgl/17.2/fxgl-17.2.jar!/fxglassets/ui/fonts/VarelaRound-Regular.ttf
23:31:49.511 [FXGL Background Thread 1 ] INFO  FXGLApplication      - FXGL initialization took: 0,854 sec
23:31:49.528 [JavaFX Application Thread] DEBUG Input                - Registered new binding: lucky - Q
23:31:49.529 [JavaFX Application Thread] DEBUG Input                - Registered new binding: health - F
23:31:49.529 [JavaFX Application Thread] DEBUG Input                - Registered new binding: Right - D
23:31:49.529 [JavaFX Application Thread] DEBUG Input                - Registered new binding: Left - A
23:31:49.529 [JavaFX Application Thread] DEBUG Input                - Registered new binding: Up - W
23:31:49.530 [JavaFX Application Thread] DEBUG Input                - Registered new binding: Down - S
23:31:49.532 [JavaFX Application Thread] DEBUG Input                - Registered new binding: Reload - RMB
23:31:49.533 [JavaFX Application Thread] DEBUG Input                - Registered new binding: Shoot - LMB
23:31:49.534 [JavaFX Application Thread] DEBUG FXGLAssetLoaderServi - Loading from file system: file:/C:/Users/Usuario/OneDrive%20-%20Universidad%20Icesi%20(@icesi.edu.co)/APO2/Tareas%20integradoras/NuclearThroneAtomic/src/nuclearthroneatomic/target/classes/assets/music/muiscformenus.mp3
23:31:49.902 [JavaFX Application Thread] DEBUG AudioPlayer          - Playing music com.almasb.fxgl.audio.Music@51d1bf8
23:31:49.904 [JavaFX Application Thread] DEBUG FXGLAssetLoaderServi - Loading from file system: jar:file:///C:/Users/Usuario/.m2/repository/com/github/almasb/fxgl/17.2/fxgl-17.2.jar!/fxglassets/textures/fxgl_icon.png
23:31:49.939 [JavaFX Application Thread] DEBUG FXGLAssetLoaderServi - Loading from file system: jar:file:///C:/Users/Usuario/.m2/repository/com/github/almasb/fxgl/17.2/fxgl-17.2.jar!/fxglassets/textures/fxgl_default_cursor.png
23:31:49.944 [JavaFX Application Thread] DEBUG Input                - Registered new binding: Screenshot - CTRL+8
23:31:49.945 [JavaFX Application Thread] DEBUG Input                - Registered new binding: System info dump - CTRL+9
23:31:49.946 [JavaFX Application Thread] DEBUG Input                - Registered new binding: Restart - CTRL+R
23:31:49.947 [JavaFX Application Thread] DEBUG Input                - Registered new binding: Toggle Debug Camera - CTRL+7
23:31:49.952 [JavaFX Application Thread] DEBUG LoopRunner           - Starting loop
23:31:49.952 [JavaFX Application Thread] DEBUG LoopRunner           - Initializing JavaFX AnimationTimerLoop
23:31:49.957 [JavaFX Application Thread] DEBUG Input                - Clearing active input actions
23:31:49.977 [JavaFX Application Thread] DEBUG GameApplicationServi - Removing overlay from FXGLStartupScene and adding to FXGLMainMenuDummyScene
23:31:49.978 [JavaFX Application Thread] DEBUG PrimaryStageWindow   - FXGLStartupScene -> FXGLMainMenuDummyScene
23:31:49.979 [JavaFX Application Thread] DEBUG PrimaryStageWindow   - Push state: FXGLDefaultMenu
23:31:50.002 [JavaFX Application Thread] DEBUG Input                - Clearing active input actions
23:31:50.003 [FXGL Background Thread 4 ] DEBUG FXGLAssetLoaderServi - Loading from file system: jar:file:///C:/Users/Usuario/.m2/repository/com/github/almasb/fxgl/17.2/fxgl-17.2.jar!/fxglassets/ui/fonts/Abel-Regular.ttf
23:31:50.026 [JavaFX Application Thread] DEBUG GameApplicationServi - Removing overlay from FXGLMainMenuDummyScene and adding to FXGLDefaultMenu
23:31:50.027 [JavaFX Application Thread] DEBUG PrimaryStageWindow   - FXGLMainMenuDummyScene -> FXGLDefaultMenu
23:31:50.030 [FXGL Background Thread 4 ] DEBUG FXGLAssetLoaderServi - Loading from file system: jar:file:///C:/Users/Usuario/.m2/repository/com/github/almasb/fxgl/17.2/fxgl-17.2.jar!/fxglassets/ui/fonts/TerminalLandMono-Regular.otf
23:31:50.042 [FXGL Background Thread 4 ] DEBUG FXGLAssetLoaderServi - Loading from file system: jar:file:///C:/Users/Usuario/.m2/repository/com/github/almasb/fxgl/17.2/fxgl-17.2.jar!/fxglassets/ui/fonts/Courier-Prime.ttf
23:31:50.182 [JavaFX Application Thread] DEBUG FXGLApplication      - Registering font factories with UI factory
23:31:50.515 [FXGL Background Thread 2 ] INFO  UpdaterService       - Your current version:  17.2
23:31:50.516 [FXGL Background Thread 2 ] INFO  UpdaterService       - Latest stable version: 17.3
23:31:51.441 [JavaFX Application Thread] DEBUG Menu                 - fireNewGame()
23:31:51.441 [JavaFX Application Thread] DEBUG GameApplicationServi - Starting new game
23:31:51.445 [JavaFX Application Thread] DEBUG PrimaryStageWindow   - Pop state: FXGLDefaultMenu
23:31:51.445 [JavaFX Application Thread] DEBUG Input                - Clearing active input actions
23:31:51.447 [JavaFX Application Thread] DEBUG GameApplicationServi - Removing overlay from FXGLDefaultMenu and adding to FXGLMainMenuDummyScene
23:31:51.449 [JavaFX Application Thread] DEBUG PrimaryStageWindow   - FXGLMainMenuDummyScene <- FXGLDefaultMenu
23:31:51.450 [JavaFX Application Thread] DEBUG Input                - Clearing active input actions
23:31:51.465 [JavaFX Application Thread] DEBUG GameApplicationServi - Removing overlay from FXGLMainMenuDummyScene and adding to FXGLLoadingScene
23:31:51.465 [JavaFX Application Thread] DEBUG PrimaryStageWindow   - FXGLMainMenuDummyScene -> FXGLLoadingScene
23:31:51.466 [JavaFX Application Thread] DEBUG GameApplicationServi - Clearing previous game
23:31:51.466 [JavaFX Application Thread] DEBUG GameScene            - Clearing game scene
23:31:51.466 [JavaFX Application Thread] DEBUG GameWorld            - Clearing game world
23:31:51.466 [JavaFX Application Thread] DEBUG PhysicsWorld         - Clearing physics world
23:31:51.470 [FXGL Background Thread 2 ] DEBUG FXGLApplication      - Initializing game
23:31:51.484 [FXGL Background Thread 2 ] DEBUG FXGLAssetLoaderServi - Loading from file system: file:/C:/Users/Usuario/OneDrive%20-%20Universidad%20Icesi%20(@icesi.edu.co)/APO2/Tareas%20integradoras/NuclearThroneAtomic/src/nuclearthroneatomic/target/classes/assets/textures/Avatar/1-Idle/1.png
23:31:51.488 [FXGL Background Thread 2 ] DEBUG FXGLAssetLoaderServi - Loading from file system: file:/C:/Users/Usuario/OneDrive%20-%20Universidad%20Icesi%20(@icesi.edu.co)/APO2/Tareas%20integradoras/NuclearThroneAtomic/src/nuclearthroneatomic/target/classes/assets/textures/Avatar/1-Idle/2.png
23:31:51.492 [FXGL Background Thread 2 ] DEBUG FXGLAssetLoaderServi - Loading from file system: file:/C:/Users/Usuario/OneDrive%20-%20Universidad%20Icesi%20(@icesi.edu.co)/APO2/Tareas%20integradoras/NuclearThroneAtomic/src/nuclearthroneatomic/target/classes/assets/textures/Avatar/1-Idle/3.png
23:31:51.495 [FXGL Background Thread 2 ] DEBUG FXGLAssetLoaderServi - Loading from file system: file:/C:/Users/Usuario/OneDrive%20-%20Universidad%20Icesi%20(@icesi.edu.co)/APO2/Tareas%20integradoras/NuclearThroneAtomic/src/nuclearthroneatomic/target/classes/assets/textures/Avatar/1-Idle/4.png
23:31:51.541 [FXGL Background Thread 2 ] DEBUG FXGLAssetLoaderServi - Loading from file system: file:/C:/Users/Usuario/OneDrive%20-%20Universidad%20Icesi%20(@icesi.edu.co)/APO2/Tareas%20integradoras/NuclearThroneAtomic/src/nuclearthroneatomic/target/classes/assets/textures/Avatar/2-Run/1.png
23:31:51.544 [FXGL Background Thread 2 ] DEBUG FXGLAssetLoaderServi - Loading from file system: file:/C:/Users/Usuario/OneDrive%20-%20Universidad%20Icesi%20(@icesi.edu.co)/APO2/Tareas%20integradoras/NuclearThroneAtomic/src/nuclearthroneatomic/target/classes/assets/textures/Avatar/2-Run/2.png
23:31:51.548 [FXGL Background Thread 2 ] DEBUG FXGLAssetLoaderServi - Loading from file system: file:/C:/Users/Usuario/OneDrive%20-%20Universidad%20Icesi%20(@icesi.edu.co)/APO2/Tareas%20integradoras/NuclearThroneAtomic/src/nuclearthroneatomic/target/classes/assets/textures/Avatar/2-Run/3.png
23:31:51.551 [FXGL Background Thread 2 ] DEBUG FXGLAssetLoaderServi - Loading from file system: file:/C:/Users/Usuario/OneDrive%20-%20Universidad%20Icesi%20(@icesi.edu.co)/APO2/Tareas%20integradoras/NuclearThroneAtomic/src/nuclearthroneatomic/target/classes/assets/textures/Avatar/2-Run/4.png
23:31:51.558 [FXGL Background Thread 2 ] DEBUG FXGLAssetLoaderServi - Loading from file system: file:/C:/Users/Usuario/OneDrive%20-%20Universidad%20Icesi%20(@icesi.edu.co)/APO2/Tareas%20integradoras/NuclearThroneAtomic/src/nuclearthroneatomic/target/classes/assets/textures/Avatar/2-Run/5.png
23:31:51.562 [FXGL Background Thread 2 ] DEBUG FXGLAssetLoaderServi - Loading from file system: file:/C:/Users/Usuario/OneDrive%20-%20Universidad%20Icesi%20(@icesi.edu.co)/APO2/Tareas%20integradoras/NuclearThroneAtomic/src/nuclearthroneatomic/target/classes/assets/textures/Avatar/2-Run/6.png
23:31:51.572 [FXGL Background Thread 2 ] DEBUG FXGLAssetLoaderServi - Loading from file system: file:/C:/Users/Usuario/OneDrive%20-%20Universidad%20Icesi%20(@icesi.edu.co)/APO2/Tareas%20integradoras/NuclearThroneAtomic/src/nuclearthroneatomic/target/classes/assets/textures/Munition/1.png
23:31:51.638 [FXGL Background Thread 2 ] DEBUG FXGLAssetLoaderServi - Loading from file system: file:/C:/Users/Usuario/OneDrive%20-%20Universidad%20Icesi%20(@icesi.edu.co)/APO2/Tareas%20integradoras/NuclearThroneAtomic/src/nuclearthroneatomic/target/classes/assets/textures/hud/lifeplayer.png
23:31:51.646 [FXGL Background Thread 2 ] DEBUG FXGLAssetLoaderServi - Loading from file system: file:/C:/Users/Usuario/OneDrive%20-%20Universidad%20Icesi%20(@icesi.edu.co)/APO2/Tareas%20integradoras/NuclearThroneAtomic/src/nuclearthroneatomic/target/classes/assets/textures/hud/medkit.png
23:31:51.650 [FXGL Background Thread 2 ] DEBUG FXGLAssetLoaderServi - Loading from file system: file:/C:/Users/Usuario/OneDrive%20-%20Universidad%20Icesi%20(@icesi.edu.co)/APO2/Tareas%20integradoras/NuclearThroneAtomic/src/nuclearthroneatomic/target/classes/assets/textures/hud/trebol.png
23:31:51.659 [FXGL Background Thread 2 ] DEBUG FXGLAssetLoaderServi - Loading from file system: file:/C:/Users/Usuario/OneDrive%20-%20Universidad%20Icesi%20(@icesi.edu.co)/APO2/Tareas%20integradoras/NuclearThroneAtomic/src/nuclearthroneatomic/target/classes/assets/textures/Guns/1.png
23:31:51.666 [FXGL Background Thread 2 ] DEBUG FXGLAssetLoaderServi - Loading from file system: file:/C:/Users/Usuario/OneDrive%20-%20Universidad%20Icesi%20(@icesi.edu.co)/APO2/Tareas%20integradoras/NuclearThroneAtomic/src/nuclearthroneatomic/target/classes/assets/textures/enemy/1-Idle/1.png
23:31:51.669 [FXGL Background Thread 2 ] DEBUG FXGLAssetLoaderServi - Loading from file system: file:/C:/Users/Usuario/OneDrive%20-%20Universidad%20Icesi%20(@icesi.edu.co)/APO2/Tareas%20integradoras/NuclearThroneAtomic/src/nuclearthroneatomic/target/classes/assets/textures/enemy/1-Idle/2.png
23:31:51.673 [FXGL Background Thread 2 ] DEBUG FXGLAssetLoaderServi - Loading from file system: file:/C:/Users/Usuario/OneDrive%20-%20Universidad%20Icesi%20(@icesi.edu.co)/APO2/Tareas%20integradoras/NuclearThroneAtomic/src/nuclearthroneatomic/target/classes/assets/textures/enemy/1-Idle/3.png
23:31:51.676 [FXGL Background Thread 2 ] DEBUG FXGLAssetLoaderServi - Loading from file system: file:/C:/Users/Usuario/OneDrive%20-%20Universidad%20Icesi%20(@icesi.edu.co)/APO2/Tareas%20integradoras/NuclearThroneAtomic/src/nuclearthroneatomic/target/classes/assets/textures/enemy/1-Idle/4.png
23:31:51.691 [FXGL Background Thread 2 ] DEBUG FXGLAssetLoaderServi - Loading from file system: file:/C:/Users/Usuario/OneDrive%20-%20Universidad%20Icesi%20(@icesi.edu.co)/APO2/Tareas%20integradoras/NuclearThroneAtomic/src/nuclearthroneatomic/target/classes/assets/textures/enemy/2-Run/1.png
23:31:51.694 [FXGL Background Thread 2 ] DEBUG FXGLAssetLoaderServi - Loading from file system: file:/C:/Users/Usuario/OneDrive%20-%20Universidad%20Icesi%20(@icesi.edu.co)/APO2/Tareas%20integradoras/NuclearThroneAtomic/src/nuclearthroneatomic/target/classes/assets/textures/enemy/2-Run/2.png
23:31:51.697 [FXGL Background Thread 2 ] DEBUG FXGLAssetLoaderServi - Loading from file system: file:/C:/Users/Usuario/OneDrive%20-%20Universidad%20Icesi%20(@icesi.edu.co)/APO2/Tareas%20integradoras/NuclearThroneAtomic/src/nuclearthroneatomic/target/classes/assets/textures/enemy/2-Run/3.png
23:31:51.700 [FXGL Background Thread 2 ] DEBUG FXGLAssetLoaderServi - Loading from file system: file:/C:/Users/Usuario/OneDrive%20-%20Universidad%20Icesi%20(@icesi.edu.co)/APO2/Tareas%20integradoras/NuclearThroneAtomic/src/nuclearthroneatomic/target/classes/assets/textures/enemy/2-Run/4.png
23:31:51.703 [FXGL Background Thread 2 ] DEBUG FXGLAssetLoaderServi - Loading from file system: file:/C:/Users/Usuario/OneDrive%20-%20Universidad%20Icesi%20(@icesi.edu.co)/APO2/Tareas%20integradoras/NuclearThroneAtomic/src/nuclearthroneatomic/target/classes/assets/textures/enemy/2-Run/5.png
23:31:51.706 [FXGL Background Thread 2 ] DEBUG FXGLAssetLoaderServi - Loading from file system: file:/C:/Users/Usuario/OneDrive%20-%20Universidad%20Icesi%20(@icesi.edu.co)/APO2/Tareas%20integradoras/NuclearThroneAtomic/src/nuclearthroneatomic/target/classes/assets/textures/enemy/2-Run/6.png
23:31:51.743 [FXGL Background Thread 2 ] DEBUG FXGLAssetLoaderServi - Loading from file system: file:/C:/Users/Usuario/OneDrive%20-%20Universidad%20Icesi%20(@icesi.edu.co)/APO2/Tareas%20integradoras/NuclearThroneAtomic/src/nuclearthroneatomic/target/classes/assets/textures/mouse/mousecomplete.png
23:31:51.748 [FXGL Background Thread 2 ] DEBUG FXGLAssetLoaderServi - Loading from file system: file:/C:/Users/Usuario/OneDrive%20-%20Universidad%20Icesi%20(@icesi.edu.co)/APO2/Tareas%20integradoras/NuclearThroneAtomic/src/nuclearthroneatomic/target/classes/assets/textures/Wall/1.png
23:31:52.013 [FXGL Background Thread 2 ] INFO  FXGLApplication      - Game initialization took: 0,542 sec
23:31:52.014 [JavaFX Application Thread] DEBUG Input                - Clearing active input actions
23:31:52.025 [JavaFX Application Thread] DEBUG GameApplicationServi - Removing overlay from FXGLLoadingScene and adding to GameScene
23:31:52.027 [JavaFX Application Thread] DEBUG PrimaryStageWindow   - FXGLLoadingScene -> GameScene
23:31:52.068 [JavaFX Application Thread] DEBUG FXGLAssetLoaderServi - Loading from file system: file:/C:/Users/Usuario/OneDrive%20-%20Universidad%20Icesi%20(@icesi.edu.co)/APO2/Tareas%20integradoras/NuclearThroneAtomic/src/nuclearthroneatomic/target/classes/assets/textures/Guns/2.png
23:31:52.472 [FXGL Background Thread 3 ] DEBUG Engine               - Logging environment variables
23:31:52.473 [FXGL Background Thread 3 ] DEBUG Engine               - achievements: []
23:31:52.473 [FXGL Background Thread 3 ] DEBUG Engine               - actualHeight: 600.0
23:31:52.474 [FXGL Background Thread 3 ] DEBUG Engine               - actualHeightProperty: ReadOnlyDoubleProperty [value: 600.0]
23:31:52.474 [FXGL Background Thread 3 ] DEBUG Engine               - actualWidth: 800.0
23:31:52.474 [FXGL Background Thread 3 ] DEBUG Engine               - actualWidthProperty: ReadOnlyDoubleProperty [value: 800.0]
23:31:52.474 [FXGL Background Thread 3 ] DEBUG Engine               - appIcon: fxgl_icon.png
23:31:52.474 [FXGL Background Thread 3 ] DEBUG Engine               - applicationMode: DEVELOPER
23:31:52.474 [FXGL Background Thread 3 ] DEBUG Engine               - cSSList: [fxgl_dark.css]
23:31:52.474 [FXGL Background Thread 3 ] DEBUG Engine               - collisionDetectionStrategy: BRUTE_FORCE
23:31:52.474 [FXGL Background Thread 3 ] DEBUG Engine               - configClass: Optional.empty
23:31:52.474 [FXGL Background Thread 3 ] DEBUG Engine               - credits: [Designer . . . . . . . Johan Daniel Aguirre, Program Team . . . . . . Juan Sebastián Libreros,                           Juan Jose Barrera,                           Johan Daniel Aguirre, El mas lindo . . . . . . Juan Sebastián Libreros, Master Thief . . . . . . Johan Daniel Aguirre]
23:31:52.475 [FXGL Background Thread 3 ] DEBUG Engine               - defaultCursor: CursorInfo(imageName=fxgl_default_cursor.png, hotspotX=7.0, hotspotY=6.0)
23:31:52.476 [FXGL Background Thread 3 ] DEBUG Engine               - devBBoxColorProperty: ObjectProperty [value: 0xff0000ff]
23:31:52.476 [FXGL Background Thread 3 ] DEBUG Engine               - devEnableDebugCameraProperty: BooleanProperty [value: false]
23:31:52.476 [FXGL Background Thread 3 ] DEBUG Engine               - devSensorColorProperty: ObjectProperty [value: 0xffff00ff]
23:31:52.476 [FXGL Background Thread 3 ] DEBUG Engine               - devShowBBoxProperty: BooleanProperty [value: false]
23:31:52.476 [FXGL Background Thread 3 ] DEBUG Engine               - devShowPositionProperty: BooleanProperty [value: false]
23:31:52.477 [FXGL Background Thread 3 ] DEBUG Engine               - enabledMenuItems: [EXTRA]
23:31:52.477 [FXGL Background Thread 3 ] DEBUG Engine               - engineServices: [class com.almasb.fxgl.app.services.FXGLAssetLoaderService, class com.almasb.fxgl.app.FXGLApplication$GameApplicationService, class com.almasb.fxgl.app.services.FXGLDialogService, class com.almasb.fxgl.app.services.IOTaskExecutorService, class com.almasb.fxgl.io.FileSystemService, class com.almasb.fxgl.localization.LocalizationService, class com.almasb.fxgl.app.services.SystemBundleService, class com.almasb.fxgl.profile.SaveLoadService, class com.almasb.fxgl.ui.FXGLUIFactoryServiceProvider, class com.almasb.fxgl.ui.FXGLDialogFactoryServiceProvider, class com.almasb.fxgl.audio.AudioPlayer, class com.almasb.fxgl.notification.impl.NotificationServiceProvider, class com.almasb.fxgl.achievement.AchievementService, class com.almasb.fxgl.cutscene.CutsceneService, class com.almasb.fxgl.minigames.MiniGameService, class com.almasb.fxgl.net.NetService, class com.almasb.fxgl.app.services.UpdaterService, class com.almasb.fxgl.dev.DevService]
23:31:52.477 [FXGL Background Thread 3 ] DEBUG Engine               - fontGame: Abel-Regular.ttf
23:31:52.477 [FXGL Background Thread 3 ] DEBUG Engine               - fontMono: TerminalLandMono-Regular.otf
23:31:52.477 [FXGL Background Thread 3 ] DEBUG Engine               - fontText: Courier-Prime.ttf
23:31:52.477 [FXGL Background Thread 3 ] DEBUG Engine               - fontUI: VarelaRound-Regular.ttf
23:31:52.477 [FXGL Background Thread 3 ] DEBUG Engine               - fullScreen: BooleanProperty [value: false]
23:31:52.477 [FXGL Background Thread 3 ] DEBUG Engine               - gameDifficulty: MEDIUM
23:31:52.477 [FXGL Background Thread 3 ] DEBUG Engine               - gameDifficultyProperty: ObjectProperty [value: MEDIUM]
23:31:52.477 [FXGL Background Thread 3 ] DEBUG Engine               - globalMusicVolume: 0.5
23:31:52.478 [FXGL Background Thread 3 ] DEBUG Engine               - globalMusicVolumeProperty: DoubleProperty [value: 1.0]
23:31:52.478 [FXGL Background Thread 3 ] DEBUG Engine               - globalSoundVolume: 0.5
23:31:52.478 [FXGL Background Thread 3 ] DEBUG Engine               - globalSoundVolumeProperty: DoubleProperty [value: 0.1]
23:31:52.478 [FXGL Background Thread 3 ] DEBUG Engine               - height: 600
23:31:52.478 [FXGL Background Thread 3 ] DEBUG Engine               - is3D: false
23:31:52.478 [FXGL Background Thread 3 ] DEBUG Engine               - isAndroid: false
23:31:52.478 [FXGL Background Thread 3 ] DEBUG Engine               - isBrowser: false
23:31:52.478 [FXGL Background Thread 3 ] DEBUG Engine               - isClickFeedbackEnabled: false
23:31:52.478 [FXGL Background Thread 3 ] DEBUG Engine               - isCloseConfirmation: false
23:31:52.478 [FXGL Background Thread 3 ] DEBUG Engine               - isDesktop: true
23:31:52.480 [FXGL Background Thread 3 ] DEBUG Engine               - isDeveloperMenuEnabled: false
23:31:52.480 [FXGL Background Thread 3 ] DEBUG Engine               - isEmbedded: false
23:31:52.480 [FXGL Background Thread 3 ] DEBUG Engine               - isEntityPreloadEnabled: true
23:31:52.481 [FXGL Background Thread 3 ] DEBUG Engine               - isExperimentalTiledLargeMap: false
23:31:52.489 [FXGL Background Thread 3 ] DEBUG Engine               - isFileSystemWriteAllowed: true
23:31:52.491 [FXGL Background Thread 3 ] DEBUG Engine               - isFullScreenAllowed: true
23:31:52.491 [FXGL Background Thread 3 ] DEBUG Engine               - isFullScreenFromStart: false
23:31:52.491 [FXGL Background Thread 3 ] DEBUG Engine               - isGameMenuEnabled: true
23:31:52.491 [FXGL Background Thread 3 ] DEBUG Engine               - isIOS: false
23:31:52.491 [FXGL Background Thread 3 ] DEBUG Engine               - isIntroEnabled: false
23:31:52.491 [FXGL Background Thread 3 ] DEBUG Engine               - isLinux: false
23:31:52.491 [FXGL Background Thread 3 ] DEBUG Engine               - isMac: false
23:31:52.491 [FXGL Background Thread 3 ] DEBUG Engine               - isMainMenuEnabled: true
23:31:52.493 [FXGL Background Thread 3 ] DEBUG Engine               - isManualResizeEnabled: false
23:31:52.495 [FXGL Background Thread 3 ] DEBUG Engine               - isMobile: false
23:31:52.495 [FXGL Background Thread 3 ] DEBUG Engine               - isNative: false
23:31:52.496 [FXGL Background Thread 3 ] DEBUG Engine               - isPauseMusicWhenMinimized: true
23:31:52.496 [FXGL Background Thread 3 ] DEBUG Engine               - isPreserveResizeRatio: false
23:31:52.496 [FXGL Background Thread 3 ] DEBUG Engine               - isProfilingEnabled: false
23:31:52.496 [FXGL Background Thread 3 ] DEBUG Engine               - isScaleAffectedOnResize: true
23:31:52.496 [FXGL Background Thread 3 ] DEBUG Engine               - isSingleStep: false
23:31:52.496 [FXGL Background Thread 3 ] DEBUG Engine               - isUserProfileEnabled: false
23:31:52.496 [FXGL Background Thread 3 ] DEBUG Engine               - isWindows: true
23:31:52.496 [FXGL Background Thread 3 ] DEBUG Engine               - language: ObjectProperty [value: ENGLISH]
23:31:52.496 [FXGL Background Thread 3 ] DEBUG Engine               - menuKey: ESCAPE
23:31:52.496 [FXGL Background Thread 3 ] DEBUG Engine               - mouseSensitivity: 0.2
23:31:52.497 [FXGL Background Thread 3 ] DEBUG Engine               - notificationViewClass: class com.almasb.fxgl.notification.view.XboxNotificationView
23:31:52.497 [FXGL Background Thread 3 ] DEBUG Engine               - pixelsPerMeter: 50.0
23:31:52.497 [FXGL Background Thread 3 ] DEBUG Engine               - platform: WINDOWS
23:31:52.497 [FXGL Background Thread 3 ] DEBUG Engine               - prefHeightProperty: ReadOnlyDoubleProperty [value: 600.0]
23:31:52.497 [FXGL Background Thread 3 ] DEBUG Engine               - prefWidthProperty: ReadOnlyDoubleProperty [value: 800.0]
23:31:52.497 [FXGL Background Thread 3 ] DEBUG Engine               - profileDir: profiles/
23:31:52.497 [FXGL Background Thread 3 ] DEBUG Engine               - profileName: StringProperty [value: DEFAULT]
23:31:52.497 [FXGL Background Thread 3 ] DEBUG Engine               - randomSeed: -1
23:31:52.499 [FXGL Background Thread 3 ] DEBUG Engine               - runtimeInfo: RuntimeInfo(platform=WINDOWS, version=17.2, build=20.08.2022 16.50)
23:31:52.499 [FXGL Background Thread 3 ] DEBUG Engine               - saveFileExt: sav
23:31:52.499 [FXGL Background Thread 3 ] DEBUG Engine               - scaledHeightProp$fxgl: DoubleProperty [bound, value: 600.0]
23:31:52.500 [FXGL Background Thread 3 ] DEBUG Engine               - scaledWidthProp$fxgl: DoubleProperty [bound, value: 800.0]
23:31:52.500 [FXGL Background Thread 3 ] DEBUG Engine               - sceneFactory: com.almasb.fxgl.app.scene.SceneFactory@1739bd91
23:31:52.500 [FXGL Background Thread 3 ] DEBUG Engine               - secondsIn24h: 60
23:31:52.500 [FXGL Background Thread 3 ] DEBUG Engine               - soundMenuBack: menu/back.wav
23:31:52.502 [FXGL Background Thread 3 ] DEBUG Engine               - soundMenuPress: menu/press.wav
23:31:52.502 [FXGL Background Thread 3 ] DEBUG Engine               - soundMenuSelect: menu/select.wav
23:31:52.502 [FXGL Background Thread 3 ] DEBUG Engine               - soundNotification: core/notification.wav
23:31:52.502 [FXGL Background Thread 3 ] DEBUG Engine               - stageStyle: DECORATED
23:31:52.502 [FXGL Background Thread 3 ] DEBUG Engine               - supportedLanguages: [ENGLISH, FRENCH, GERMAN, HUNGARIAN, RUSSIAN]
23:31:52.502 [FXGL Background Thread 3 ] DEBUG Engine               - ticksPerSecond: -1
23:31:52.502 [FXGL Background Thread 3 ] DEBUG Engine               - title: Nuclear Throne Atomic
23:31:52.502 [FXGL Background Thread 3 ] DEBUG Engine               - urlGithub: https://github.com/AlmasB/FXGL
23:31:52.502 [FXGL Background Thread 3 ] DEBUG Engine               - urlLeaderboard: http://fxgl-top.herokuapp.com/
23:31:52.502 [FXGL Background Thread 3 ] DEBUG Engine               - urlPOM: https://raw.githubusercontent.com/AlmasB/FXGL/release/README.md
23:31:52.502 [FXGL Background Thread 3 ] DEBUG Engine               - userAppClass: class com.example.nuclearthroneatomic.Controller
23:31:52.503 [FXGL Background Thread 3 ] DEBUG Engine               - version: 0.0
23:31:52.503 [FXGL Background Thread 3 ] DEBUG Engine               - versionCheckDays: 7
23:31:52.503 [FXGL Background Thread 3 ] DEBUG Engine               - width: 800
23:31:52.503 [FXGL Background Thread 3 ] DEBUG Engine               - Logging services
23:31:52.504 [FXGL Background Thread 3 ] DEBUG Engine               - class com.almasb.fxgl.app.services.FXGLAssetLoaderService
23:31:52.504 [FXGL Background Thread 3 ] DEBUG Engine               - class com.almasb.fxgl.app.FXGLApplication$GameApplicationService
23:31:52.504 [FXGL Background Thread 3 ] DEBUG Engine               - class com.almasb.fxgl.app.services.FXGLDialogService
23:31:52.504 [FXGL Background Thread 3 ] DEBUG Engine               - class com.almasb.fxgl.app.services.IOTaskExecutorService
23:31:52.504 [FXGL Background Thread 3 ] DEBUG Engine               - class com.almasb.fxgl.io.FileSystemService
23:31:52.504 [FXGL Background Thread 3 ] DEBUG Engine               - class com.almasb.fxgl.localization.LocalizationService
23:31:52.504 [FXGL Background Thread 3 ] DEBUG Engine               - class com.almasb.fxgl.app.services.SystemBundleService
23:31:52.504 [FXGL Background Thread 3 ] DEBUG Engine               - class com.almasb.fxgl.profile.SaveLoadService
23:31:52.504 [FXGL Background Thread 3 ] DEBUG Engine               - class com.almasb.fxgl.ui.FXGLUIFactoryServiceProvider
23:31:52.504 [FXGL Background Thread 3 ] DEBUG Engine               - class com.almasb.fxgl.ui.FXGLDialogFactoryServiceProvider
23:31:52.504 [FXGL Background Thread 3 ] DEBUG Engine               - class com.almasb.fxgl.audio.AudioPlayer
23:31:52.504 [FXGL Background Thread 3 ] DEBUG Engine               - class com.almasb.fxgl.notification.impl.NotificationServiceProvider
23:31:52.505 [FXGL Background Thread 3 ] DEBUG Engine               - class com.almasb.fxgl.achievement.AchievementService
23:31:52.505 [FXGL Background Thread 3 ] DEBUG Engine               - class com.almasb.fxgl.cutscene.CutsceneService
23:31:52.505 [FXGL Background Thread 3 ] DEBUG Engine               - class com.almasb.fxgl.minigames.MiniGameService
23:31:52.505 [FXGL Background Thread 3 ] DEBUG Engine               - class com.almasb.fxgl.net.NetService
23:31:52.505 [FXGL Background Thread 3 ] DEBUG Engine               - class com.almasb.fxgl.app.services.UpdaterService
23:31:52.505 [FXGL Background Thread 3 ] DEBUG Engine               - class com.almasb.fxgl.dev.DevService
23:31:54.092 [JavaFX Application Thread] DEBUG FXGLApplication      - Exiting FXGL
23:31:54.092 [JavaFX Application Thread] DEBUG LoopRunner           - Stopping loop
23:31:54.092 [JavaFX Application Thread] DEBUG SystemBundleService  - Saving FXGL system data
23:31:54.099 [JavaFX Application Thread] DEBUG FileSystemAccess     - Writing to: C:\Users\Usuario\OneDrive - Universidad Icesi (@icesi.edu.co)\APO2\Tareas integradoras\NuclearThroneAtomic\src\nuclearthroneatomic\system\fxgl.bundle
23:31:54.106 [JavaFX Application Thread] DEBUG Async                - Shutting down background threads
23:31:54.106 [JavaFX Application Thread] DEBUG PrimaryStageWindow   - Closing main window
23:31:54.138 [JavaFX Application Thread] DEBUG Logger               - Closing Logger
