11:14:38.522 [main                     ] DEBUG Logger               - Configured Logger
11:14:38.569 [main                     ] DEBUG GameApplication      - Logging settings
Title: Nuclear Throne Atomic
Version: 0.0
Width: 800
Height: 600
Fullscreen: true
Intro: false
Profiling: false
Single step:false
App Mode: DEVELOPER
Menu Key: ESCAPE
Stage Style: DECORATED
Scene Factory: class com.almasb.fxgl.app.scene.SceneFactory

11:14:39.534 [JavaFX Application Thread] DEBUG FXGLApplication      - Initializing FXGL
11:14:39.541 [JavaFX Application Thread] INFO  Engine               - FXGL-17.2 (20.08.2022 16.50) on WINDOWS (J:20.0.1 FX:19.0.2.1)
11:14:39.542 [JavaFX Application Thread] DEBUG Engine               - JRE Vendor Name: Oracle Corporation
11:14:39.542 [JavaFX Application Thread] DEBUG Engine               - Running on OS: Windows 10 version 10.0
11:14:39.542 [JavaFX Application Thread] DEBUG Engine               - Architecture: amd64
11:14:39.542 [JavaFX Application Thread] INFO  Engine               - Source code and latest versions at: https://github.com/AlmasB/FXGL
11:14:39.543 [JavaFX Application Thread] INFO  Engine               -       Ask questions and discuss at: https://github.com/AlmasB/FXGL/discussions
11:14:39.543 [JavaFX Application Thread] INFO  Engine               -              Join the FXGL chat at: https://gitter.im/AlmasB/FXGL
11:14:39.672 [JavaFX Application Thread] DEBUG PrimaryStageWindow   - Creating a JavaFX scene
11:14:39.742 [JavaFX Application Thread] DEBUG PrimaryStageWindow   - Target settings size: 800.0 x 600.0
11:14:39.743 [JavaFX Application Thread] DEBUG PrimaryStageWindow   - Scaled scene size:    800.0 x 600.0
11:14:39.743 [JavaFX Application Thread] DEBUG PrimaryStageWindow   - Scaled ratio: (1.0, 1.0)
11:14:39.746 [JavaFX Application Thread] DEBUG PrimaryStageWindow   - Set initial scene to FXGLStartupScene
11:14:39.754 [JavaFX Application Thread] DEBUG PrimaryStageWindow   - Opening main window
11:14:39.867 [JavaFX Application Thread] DEBUG PrimaryStageWindow   - Window border size: (16.0, 39.0)
11:14:39.868 [JavaFX Application Thread] DEBUG PrimaryStageWindow   - Scaled size: 800.0 x 600.0
11:14:39.868 [JavaFX Application Thread] DEBUG PrimaryStageWindow   - Scaled ratio: (1.0, 1.0)
11:14:39.869 [JavaFX Application Thread] DEBUG PrimaryStageWindow   - Scene size: 800.0 x 600.0
11:14:39.869 [JavaFX Application Thread] DEBUG PrimaryStageWindow   - Stage size: 816.0 x 639.0
11:14:39.946 [JavaFX Application Thread] DEBUG PrimaryStageWindow   - Going fullscreen
11:14:39.957 [FXGL Background Thread 1 ] DEBUG Engine               - Initializing environment variables
11:14:40.040 [FXGL Background Thread 1 ] DEBUG FXGLAssetLoaderServi - User app class for loading assets: class com.example.nuclearthroneatomic.Controller
11:14:40.041 [FXGL Background Thread 1 ] DEBUG GameApplicationServi - Applying CSS: fxgl_dark.css
11:14:40.042 [FXGL Background Thread 1 ] DEBUG FXGLAssetLoaderServi - Loading from file system: jar:file:///C:/Users/Usuario/.m2/repository/com/github/almasb/fxgl/17.2/fxgl-17.2.jar!/fxglassets/ui/css/fxgl_dark.css
11:14:40.113 [FXGL Background Thread 1 ] DEBUG GameApplicationServi - Initializing application scenes
11:14:40.170 [FXGL Background Thread 1 ] DEBUG GameWorld            - Game world initialized
11:14:40.274 [FXGL Background Thread 1 ] DEBUG PhysicsWorld         - Physics world initialized: appHeight=600, physics.ppm=50,0
11:14:40.274 [FXGL Background Thread 1 ] DEBUG PhysicsWorld         - Using strategy: BRUTE_FORCE
11:14:40.281 [FXGL Background Thread 1 ] DEBUG GameScene            - Game scene initialized: 800x600
11:14:40.299 [FXGL Background Thread 1 ] DEBUG FXGL.DefaultMenu     - createMenuBodyMainMenu()
11:14:40.319 [FXGL Background Thread 1 ] DEBUG FXGL.DefaultMenu     - createOptionsMenu()
11:14:40.329 [FXGL Background Thread 1 ] DEBUG FXGL.DefaultMenu     - createExtraMenu()
11:14:40.339 [FXGL Background Thread 1 ] DEBUG FXGLAssetLoaderServi - Loading from file system: jar:file:///C:/Users/Usuario/.m2/repository/com/github/almasb/fxgl/17.2/fxgl-17.2.jar!/fxglassets/textures/particles/smoke.png
11:14:40.454 [FXGL Background Thread 1 ] DEBUG FXGLAssetLoaderServi - Loading from file system: jar:file:///C:/Users/Usuario/.m2/repository/com/github/almasb/fxgl/17.2/fxgl-17.2.jar!/fxglassets/textures/particles/trace_horizontal.png
11:14:40.491 [FXGL Background Thread 1 ] DEBUG FXGL.DefaultMenu     - createMenuBodyGameMenu()
11:14:40.492 [FXGL Background Thread 1 ] DEBUG FXGL.DefaultMenu     - createOptionsMenu()
11:14:40.494 [FXGL Background Thread 1 ] DEBUG FXGL.DefaultMenu     - createExtraMenu()
11:14:40.509 [FXGL Background Thread 1 ] DEBUG GameApplicationServi - Application scenes initialized
11:14:40.525 [FXGL Background Thread 1 ] DEBUG SystemBundleService  - Loading FXGL system data
11:14:40.532 [FXGL Background Thread 1 ] DEBUG FileSystemAccess     - Reading from: C:\Users\Usuario\OneDrive - Universidad Icesi (@icesi.edu.co)\APO2\Tareas integradoras\NuclearThroneAtomic\src\nuclearthroneatomic\system\fxgl.bundle
11:14:40.546 [FXGL Background Thread 1 ] DEBUG SystemBundleService  - Bundle FXGL: {}
11:14:40.546 [FXGL Background Thread 1 ] DEBUG UpdaterService       - Checking for updates
11:14:40.552 [FXGL Background Thread 4 ] DEBUG FXGLApplication      - Loading fonts
11:14:40.553 [FXGL Background Thread 4 ] DEBUG FXGLAssetLoaderServi - Loading from file system: jar:file:///C:/Users/Usuario/.m2/repository/com/github/almasb/fxgl/17.2/fxgl-17.2.jar!/fxglassets/ui/fonts/VarelaRound-Regular.ttf
11:14:40.553 [FXGL Background Thread 1 ] DEBUG FXGLApplication      - Loading default localization
11:14:40.554 [FXGL Background Thread 1 ] DEBUG FXGLAssetLoaderServi - Loading from file system: jar:file:///C:/Users/Usuario/.m2/repository/com/github/almasb/fxgl/17.2/fxgl-17.2.jar!/fxglassets/languages/english.lang
11:14:40.590 [FXGL Background Thread 1 ] INFO  FXGLApplication      - FXGL initialization took: 0,634 sec
11:14:40.608 [JavaFX Application Thread] DEBUG Input                - Registered new binding: lucky - Q
11:14:40.608 [JavaFX Application Thread] DEBUG Input                - Registered new binding: health - F
11:14:40.608 [JavaFX Application Thread] DEBUG Input                - Registered new binding: Right - D
11:14:40.608 [JavaFX Application Thread] DEBUG Input                - Registered new binding: Left - A
11:14:40.609 [JavaFX Application Thread] DEBUG Input                - Registered new binding: Up - W
11:14:40.609 [JavaFX Application Thread] DEBUG Input                - Registered new binding: Down - S
11:14:40.610 [JavaFX Application Thread] DEBUG Input                - Registered new binding: Reload - RMB
11:14:40.611 [JavaFX Application Thread] DEBUG Input                - Registered new binding: Shoot - LMB
11:14:40.612 [JavaFX Application Thread] DEBUG FXGLAssetLoaderServi - Loading from file system: file:/C:/Users/Usuario/OneDrive%20-%20Universidad%20Icesi%20(@icesi.edu.co)/APO2/Tareas%20integradoras/NuclearThroneAtomic/src/nuclearthroneatomic/target/classes/assets/music/muiscformenus.mp3
11:14:40.733 [FXGL Background Thread 4 ] DEBUG FXGLAssetLoaderServi - Loading from file system: jar:file:///C:/Users/Usuario/.m2/repository/com/github/almasb/fxgl/17.2/fxgl-17.2.jar!/fxglassets/ui/fonts/Abel-Regular.ttf
11:14:40.741 [FXGL Background Thread 4 ] DEBUG FXGLAssetLoaderServi - Loading from file system: jar:file:///C:/Users/Usuario/.m2/repository/com/github/almasb/fxgl/17.2/fxgl-17.2.jar!/fxglassets/ui/fonts/TerminalLandMono-Regular.otf
11:14:40.748 [FXGL Background Thread 4 ] DEBUG FXGLAssetLoaderServi - Loading from file system: jar:file:///C:/Users/Usuario/.m2/repository/com/github/almasb/fxgl/17.2/fxgl-17.2.jar!/fxglassets/ui/fonts/Courier-Prime.ttf
11:14:40.859 [JavaFX Application Thread] DEBUG AudioPlayer          - Playing music com.almasb.fxgl.audio.Music@2bcdd116
11:14:40.860 [JavaFX Application Thread] DEBUG FXGLAssetLoaderServi - Loading from file system: jar:file:///C:/Users/Usuario/.m2/repository/com/github/almasb/fxgl/17.2/fxgl-17.2.jar!/fxglassets/textures/fxgl_icon.png
11:14:40.894 [JavaFX Application Thread] DEBUG FXGLAssetLoaderServi - Loading from file system: jar:file:///C:/Users/Usuario/.m2/repository/com/github/almasb/fxgl/17.2/fxgl-17.2.jar!/fxglassets/textures/fxgl_default_cursor.png
11:14:40.899 [JavaFX Application Thread] DEBUG Input                - Registered new binding: Screenshot - CTRL+8
11:14:40.899 [JavaFX Application Thread] DEBUG Input                - Registered new binding: System info dump - CTRL+9
11:14:40.900 [JavaFX Application Thread] DEBUG Input                - Registered new binding: Restart - CTRL+R
11:14:40.901 [JavaFX Application Thread] DEBUG Input                - Registered new binding: Toggle Debug Camera - CTRL+7
11:14:40.904 [JavaFX Application Thread] DEBUG LoopRunner           - Starting loop
11:14:40.904 [JavaFX Application Thread] DEBUG LoopRunner           - Initializing JavaFX AnimationTimerLoop
11:14:40.907 [JavaFX Application Thread] DEBUG Input                - Clearing active input actions
11:14:40.923 [JavaFX Application Thread] DEBUG GameApplicationServi - Removing overlay from FXGLStartupScene and adding to FXGLMainMenuDummyScene
11:14:40.924 [JavaFX Application Thread] DEBUG PrimaryStageWindow   - FXGLStartupScene -> FXGLMainMenuDummyScene
11:14:40.925 [JavaFX Application Thread] DEBUG PrimaryStageWindow   - Push state: FXGLDefaultMenu
11:14:40.932 [JavaFX Application Thread] DEBUG Input                - Clearing active input actions
11:14:40.944 [JavaFX Application Thread] DEBUG GameApplicationServi - Removing overlay from FXGLMainMenuDummyScene and adding to FXGLDefaultMenu
11:14:40.945 [JavaFX Application Thread] DEBUG PrimaryStageWindow   - FXGLMainMenuDummyScene -> FXGLDefaultMenu
11:14:40.946 [JavaFX Application Thread] DEBUG FXGLApplication      - Registering font factories with UI factory
11:14:41.243 [FXGL Background Thread 2 ] INFO  UpdaterService       - Your current version:  17.2
11:14:41.244 [FXGL Background Thread 2 ] INFO  UpdaterService       - Latest stable version: 17.3
11:14:42.207 [JavaFX Application Thread] DEBUG Menu                 - fireNewGame()
11:14:42.207 [JavaFX Application Thread] DEBUG GameApplicationServi - Starting new game
11:14:42.211 [JavaFX Application Thread] DEBUG PrimaryStageWindow   - Pop state: FXGLDefaultMenu
11:14:42.211 [JavaFX Application Thread] DEBUG Input                - Clearing active input actions
11:14:42.213 [JavaFX Application Thread] DEBUG GameApplicationServi - Removing overlay from FXGLDefaultMenu and adding to FXGLMainMenuDummyScene
11:14:42.214 [JavaFX Application Thread] DEBUG PrimaryStageWindow   - FXGLMainMenuDummyScene <- FXGLDefaultMenu
11:14:42.215 [JavaFX Application Thread] DEBUG Input                - Clearing active input actions
11:14:42.231 [JavaFX Application Thread] DEBUG GameApplicationServi - Removing overlay from FXGLMainMenuDummyScene and adding to FXGLLoadingScene
11:14:42.232 [JavaFX Application Thread] DEBUG PrimaryStageWindow   - FXGLMainMenuDummyScene -> FXGLLoadingScene
11:14:42.232 [JavaFX Application Thread] DEBUG GameApplicationServi - Clearing previous game
11:14:42.232 [JavaFX Application Thread] DEBUG GameScene            - Clearing game scene
11:14:42.232 [JavaFX Application Thread] DEBUG GameWorld            - Clearing game world
11:14:42.232 [JavaFX Application Thread] DEBUG PhysicsWorld         - Clearing physics world
11:14:42.238 [FXGL Background Thread 2 ] DEBUG FXGLApplication      - Initializing game
11:14:42.252 [FXGL Background Thread 2 ] DEBUG FXGLAssetLoaderServi - Loading from file system: file:/C:/Users/Usuario/OneDrive%20-%20Universidad%20Icesi%20(@icesi.edu.co)/APO2/Tareas%20integradoras/NuclearThroneAtomic/src/nuclearthroneatomic/target/classes/assets/textures/Background/libraryYesOMG.png
11:14:42.280 [FXGL Background Thread 2 ] DEBUG FXGLAssetLoaderServi - Loading from file system: file:/C:/Users/Usuario/OneDrive%20-%20Universidad%20Icesi%20(@icesi.edu.co)/APO2/Tareas%20integradoras/NuclearThroneAtomic/src/nuclearthroneatomic/target/classes/assets/textures/Avatar/1-Idle/1.png
11:14:42.284 [FXGL Background Thread 2 ] DEBUG FXGLAssetLoaderServi - Loading from file system: file:/C:/Users/Usuario/OneDrive%20-%20Universidad%20Icesi%20(@icesi.edu.co)/APO2/Tareas%20integradoras/NuclearThroneAtomic/src/nuclearthroneatomic/target/classes/assets/textures/Avatar/1-Idle/2.png
11:14:42.287 [FXGL Background Thread 2 ] DEBUG FXGLAssetLoaderServi - Loading from file system: file:/C:/Users/Usuario/OneDrive%20-%20Universidad%20Icesi%20(@icesi.edu.co)/APO2/Tareas%20integradoras/NuclearThroneAtomic/src/nuclearthroneatomic/target/classes/assets/textures/Avatar/1-Idle/3.png
11:14:42.291 [FXGL Background Thread 2 ] DEBUG FXGLAssetLoaderServi - Loading from file system: file:/C:/Users/Usuario/OneDrive%20-%20Universidad%20Icesi%20(@icesi.edu.co)/APO2/Tareas%20integradoras/NuclearThroneAtomic/src/nuclearthroneatomic/target/classes/assets/textures/Avatar/1-Idle/4.png
11:14:42.336 [FXGL Background Thread 2 ] DEBUG FXGLAssetLoaderServi - Loading from file system: file:/C:/Users/Usuario/OneDrive%20-%20Universidad%20Icesi%20(@icesi.edu.co)/APO2/Tareas%20integradoras/NuclearThroneAtomic/src/nuclearthroneatomic/target/classes/assets/textures/Avatar/2-Run/1.png
11:14:42.339 [FXGL Background Thread 2 ] DEBUG FXGLAssetLoaderServi - Loading from file system: file:/C:/Users/Usuario/OneDrive%20-%20Universidad%20Icesi%20(@icesi.edu.co)/APO2/Tareas%20integradoras/NuclearThroneAtomic/src/nuclearthroneatomic/target/classes/assets/textures/Avatar/2-Run/2.png
11:14:42.343 [FXGL Background Thread 2 ] DEBUG FXGLAssetLoaderServi - Loading from file system: file:/C:/Users/Usuario/OneDrive%20-%20Universidad%20Icesi%20(@icesi.edu.co)/APO2/Tareas%20integradoras/NuclearThroneAtomic/src/nuclearthroneatomic/target/classes/assets/textures/Avatar/2-Run/3.png
11:14:42.346 [FXGL Background Thread 2 ] DEBUG FXGLAssetLoaderServi - Loading from file system: file:/C:/Users/Usuario/OneDrive%20-%20Universidad%20Icesi%20(@icesi.edu.co)/APO2/Tareas%20integradoras/NuclearThroneAtomic/src/nuclearthroneatomic/target/classes/assets/textures/Avatar/2-Run/4.png
11:14:42.349 [FXGL Background Thread 2 ] DEBUG FXGLAssetLoaderServi - Loading from file system: file:/C:/Users/Usuario/OneDrive%20-%20Universidad%20Icesi%20(@icesi.edu.co)/APO2/Tareas%20integradoras/NuclearThroneAtomic/src/nuclearthroneatomic/target/classes/assets/textures/Avatar/2-Run/5.png
11:14:42.357 [FXGL Background Thread 2 ] DEBUG FXGLAssetLoaderServi - Loading from file system: file:/C:/Users/Usuario/OneDrive%20-%20Universidad%20Icesi%20(@icesi.edu.co)/APO2/Tareas%20integradoras/NuclearThroneAtomic/src/nuclearthroneatomic/target/classes/assets/textures/Avatar/2-Run/6.png
11:14:42.368 [FXGL Background Thread 2 ] DEBUG FXGLAssetLoaderServi - Loading from file system: file:/C:/Users/Usuario/OneDrive%20-%20Universidad%20Icesi%20(@icesi.edu.co)/APO2/Tareas%20integradoras/NuclearThroneAtomic/src/nuclearthroneatomic/target/classes/assets/textures/Munition/1.png
11:14:42.405 [FXGL Background Thread 2 ] DEBUG FXGLAssetLoaderServi - Loading from file system: file:/C:/Users/Usuario/OneDrive%20-%20Universidad%20Icesi%20(@icesi.edu.co)/APO2/Tareas%20integradoras/NuclearThroneAtomic/src/nuclearthroneatomic/target/classes/assets/textures/hud/lifeplayer.png
11:14:42.415 [FXGL Background Thread 2 ] DEBUG FXGLAssetLoaderServi - Loading from file system: file:/C:/Users/Usuario/OneDrive%20-%20Universidad%20Icesi%20(@icesi.edu.co)/APO2/Tareas%20integradoras/NuclearThroneAtomic/src/nuclearthroneatomic/target/classes/assets/textures/hud/medkit.png
11:14:42.421 [FXGL Background Thread 2 ] DEBUG FXGLAssetLoaderServi - Loading from file system: file:/C:/Users/Usuario/OneDrive%20-%20Universidad%20Icesi%20(@icesi.edu.co)/APO2/Tareas%20integradoras/NuclearThroneAtomic/src/nuclearthroneatomic/target/classes/assets/textures/hud/trebol.png
11:14:42.427 [FXGL Background Thread 2 ] DEBUG FXGLAssetLoaderServi - Loading from file system: file:/C:/Users/Usuario/OneDrive%20-%20Universidad%20Icesi%20(@icesi.edu.co)/APO2/Tareas%20integradoras/NuclearThroneAtomic/src/nuclearthroneatomic/target/classes/assets/textures/Guns/2.png
11:14:42.433 [FXGL Background Thread 2 ] DEBUG FXGLAssetLoaderServi - Loading from file system: file:/C:/Users/Usuario/OneDrive%20-%20Universidad%20Icesi%20(@icesi.edu.co)/APO2/Tareas%20integradoras/NuclearThroneAtomic/src/nuclearthroneatomic/target/classes/assets/textures/enemy/1-Idle/1.png
11:14:42.436 [FXGL Background Thread 2 ] DEBUG FXGLAssetLoaderServi - Loading from file system: file:/C:/Users/Usuario/OneDrive%20-%20Universidad%20Icesi%20(@icesi.edu.co)/APO2/Tareas%20integradoras/NuclearThroneAtomic/src/nuclearthroneatomic/target/classes/assets/textures/enemy/1-Idle/2.png
11:14:42.438 [FXGL Background Thread 2 ] DEBUG FXGLAssetLoaderServi - Loading from file system: file:/C:/Users/Usuario/OneDrive%20-%20Universidad%20Icesi%20(@icesi.edu.co)/APO2/Tareas%20integradoras/NuclearThroneAtomic/src/nuclearthroneatomic/target/classes/assets/textures/enemy/1-Idle/3.png
11:14:42.441 [FXGL Background Thread 2 ] DEBUG FXGLAssetLoaderServi - Loading from file system: file:/C:/Users/Usuario/OneDrive%20-%20Universidad%20Icesi%20(@icesi.edu.co)/APO2/Tareas%20integradoras/NuclearThroneAtomic/src/nuclearthroneatomic/target/classes/assets/textures/enemy/1-Idle/4.png
11:14:42.463 [FXGL Background Thread 2 ] DEBUG FXGLAssetLoaderServi - Loading from file system: file:/C:/Users/Usuario/OneDrive%20-%20Universidad%20Icesi%20(@icesi.edu.co)/APO2/Tareas%20integradoras/NuclearThroneAtomic/src/nuclearthroneatomic/target/classes/assets/textures/enemy/2-Run/1.png
11:14:42.465 [FXGL Background Thread 2 ] DEBUG FXGLAssetLoaderServi - Loading from file system: file:/C:/Users/Usuario/OneDrive%20-%20Universidad%20Icesi%20(@icesi.edu.co)/APO2/Tareas%20integradoras/NuclearThroneAtomic/src/nuclearthroneatomic/target/classes/assets/textures/enemy/2-Run/2.png
11:14:42.468 [FXGL Background Thread 2 ] DEBUG FXGLAssetLoaderServi - Loading from file system: file:/C:/Users/Usuario/OneDrive%20-%20Universidad%20Icesi%20(@icesi.edu.co)/APO2/Tareas%20integradoras/NuclearThroneAtomic/src/nuclearthroneatomic/target/classes/assets/textures/enemy/2-Run/3.png
11:14:42.471 [FXGL Background Thread 2 ] DEBUG FXGLAssetLoaderServi - Loading from file system: file:/C:/Users/Usuario/OneDrive%20-%20Universidad%20Icesi%20(@icesi.edu.co)/APO2/Tareas%20integradoras/NuclearThroneAtomic/src/nuclearthroneatomic/target/classes/assets/textures/enemy/2-Run/4.png
11:14:42.474 [FXGL Background Thread 2 ] DEBUG FXGLAssetLoaderServi - Loading from file system: file:/C:/Users/Usuario/OneDrive%20-%20Universidad%20Icesi%20(@icesi.edu.co)/APO2/Tareas%20integradoras/NuclearThroneAtomic/src/nuclearthroneatomic/target/classes/assets/textures/enemy/2-Run/5.png
11:14:42.476 [FXGL Background Thread 2 ] DEBUG FXGLAssetLoaderServi - Loading from file system: file:/C:/Users/Usuario/OneDrive%20-%20Universidad%20Icesi%20(@icesi.edu.co)/APO2/Tareas%20integradoras/NuclearThroneAtomic/src/nuclearthroneatomic/target/classes/assets/textures/enemy/2-Run/6.png
11:14:42.480 [FXGL Background Thread 2 ] DEBUG FXGLAssetLoaderServi - Loading from file system: file:/C:/Users/Usuario/OneDrive%20-%20Universidad%20Icesi%20(@icesi.edu.co)/APO2/Tareas%20integradoras/NuclearThroneAtomic/src/nuclearthroneatomic/target/classes/assets/textures/Guns/1.png
11:14:42.516 [FXGL Background Thread 2 ] DEBUG FXGLAssetLoaderServi - Loading from file system: file:/C:/Users/Usuario/OneDrive%20-%20Universidad%20Icesi%20(@icesi.edu.co)/APO2/Tareas%20integradoras/NuclearThroneAtomic/src/nuclearthroneatomic/target/classes/assets/textures/mouse/mouseprefirstlevelboss.png
11:14:42.520 [FXGL Background Thread 2 ] DEBUG FXGLAssetLoaderServi - Loading from file system: file:/C:/Users/Usuario/OneDrive%20-%20Universidad%20Icesi%20(@icesi.edu.co)/APO2/Tareas%20integradoras/NuclearThroneAtomic/src/nuclearthroneatomic/target/classes/assets/textures/Wall/1.png
11:14:42.766 [FXGL Background Thread 2 ] INFO  FXGLApplication      - Game initialization took: 0,528 sec
11:14:42.767 [JavaFX Application Thread] DEBUG Input                - Clearing active input actions
11:14:42.780 [JavaFX Application Thread] DEBUG GameApplicationServi - Removing overlay from FXGLLoadingScene and adding to GameScene
11:14:42.780 [JavaFX Application Thread] DEBUG PrimaryStageWindow   - FXGLLoadingScene -> GameScene
11:14:43.487 [JavaFX Application Thread] DEBUG FXGLAssetLoaderServi - Loading from file system: file:/C:/Users/Usuario/OneDrive%20-%20Universidad%20Icesi%20(@icesi.edu.co)/APO2/Tareas%20integradoras/NuclearThroneAtomic/src/nuclearthroneatomic/target/classes/assets/textures/Munition/2.png
11:14:43.550 [FXGL Background Thread 3 ] DEBUG Engine               - Logging environment variables
11:14:43.551 [FXGL Background Thread 3 ] DEBUG Engine               - achievements: []
11:14:43.551 [FXGL Background Thread 3 ] DEBUG Engine               - actualHeight: 1080.0
11:14:43.551 [FXGL Background Thread 3 ] DEBUG Engine               - actualHeightProperty: ReadOnlyDoubleProperty [value: 1080.0]
11:14:43.551 [FXGL Background Thread 3 ] DEBUG Engine               - actualWidth: 1920.0
11:14:43.551 [FXGL Background Thread 3 ] DEBUG Engine               - actualWidthProperty: ReadOnlyDoubleProperty [value: 1920.0]
11:14:43.551 [FXGL Background Thread 3 ] DEBUG Engine               - appIcon: fxgl_icon.png
11:14:43.551 [FXGL Background Thread 3 ] DEBUG Engine               - applicationMode: DEVELOPER
11:14:43.551 [FXGL Background Thread 3 ] DEBUG Engine               - cSSList: [fxgl_dark.css]
11:14:43.551 [FXGL Background Thread 3 ] DEBUG Engine               - collisionDetectionStrategy: BRUTE_FORCE
11:14:43.552 [FXGL Background Thread 3 ] DEBUG Engine               - configClass: Optional.empty
11:14:43.552 [FXGL Background Thread 3 ] DEBUG Engine               - credits: [Designer . . . . . . . Johan Daniel Aguirre, Program Team . . . . . . Juan Sebastián Libreros,                           Juan Jose Barrera,                           Johan Daniel Aguirre, El mas lindo . . . . . . Juan Sebastián Libreros, Master Thief . . . . . . Johan Daniel Aguirre]
11:14:43.552 [FXGL Background Thread 3 ] DEBUG Engine               - defaultCursor: CursorInfo(imageName=fxgl_default_cursor.png, hotspotX=7.0, hotspotY=6.0)
11:14:43.553 [FXGL Background Thread 3 ] DEBUG Engine               - devBBoxColorProperty: ObjectProperty [value: 0xff0000ff]
11:14:43.553 [FXGL Background Thread 3 ] DEBUG Engine               - devEnableDebugCameraProperty: BooleanProperty [value: false]
11:14:43.553 [FXGL Background Thread 3 ] DEBUG Engine               - devSensorColorProperty: ObjectProperty [value: 0xffff00ff]
11:14:43.553 [FXGL Background Thread 3 ] DEBUG Engine               - devShowBBoxProperty: BooleanProperty [value: false]
11:14:43.553 [FXGL Background Thread 3 ] DEBUG Engine               - devShowPositionProperty: BooleanProperty [value: false]
11:14:43.553 [FXGL Background Thread 3 ] DEBUG Engine               - enabledMenuItems: [EXTRA]
11:14:43.554 [FXGL Background Thread 3 ] DEBUG Engine               - engineServices: [class com.almasb.fxgl.app.services.FXGLAssetLoaderService, class com.almasb.fxgl.app.FXGLApplication$GameApplicationService, class com.almasb.fxgl.app.services.FXGLDialogService, class com.almasb.fxgl.app.services.IOTaskExecutorService, class com.almasb.fxgl.io.FileSystemService, class com.almasb.fxgl.localization.LocalizationService, class com.almasb.fxgl.app.services.SystemBundleService, class com.almasb.fxgl.profile.SaveLoadService, class com.almasb.fxgl.ui.FXGLUIFactoryServiceProvider, class com.almasb.fxgl.ui.FXGLDialogFactoryServiceProvider, class com.almasb.fxgl.audio.AudioPlayer, class com.almasb.fxgl.notification.impl.NotificationServiceProvider, class com.almasb.fxgl.achievement.AchievementService, class com.almasb.fxgl.cutscene.CutsceneService, class com.almasb.fxgl.minigames.MiniGameService, class com.almasb.fxgl.net.NetService, class com.almasb.fxgl.app.services.UpdaterService, class com.almasb.fxgl.dev.DevService]
11:14:43.554 [FXGL Background Thread 3 ] DEBUG Engine               - fontGame: Abel-Regular.ttf
11:14:43.554 [FXGL Background Thread 3 ] DEBUG Engine               - fontMono: TerminalLandMono-Regular.otf
11:14:43.554 [FXGL Background Thread 3 ] DEBUG Engine               - fontText: Courier-Prime.ttf
11:14:43.554 [FXGL Background Thread 3 ] DEBUG Engine               - fontUI: VarelaRound-Regular.ttf
11:14:43.554 [FXGL Background Thread 3 ] DEBUG Engine               - fullScreen: BooleanProperty [value: true]
11:14:43.554 [FXGL Background Thread 3 ] DEBUG Engine               - gameDifficulty: MEDIUM
11:14:43.554 [FXGL Background Thread 3 ] DEBUG Engine               - gameDifficultyProperty: ObjectProperty [value: MEDIUM]
11:14:43.554 [FXGL Background Thread 3 ] DEBUG Engine               - globalMusicVolume: 0.5
11:14:43.554 [FXGL Background Thread 3 ] DEBUG Engine               - globalMusicVolumeProperty: DoubleProperty [value: 1.0]
11:14:43.554 [FXGL Background Thread 3 ] DEBUG Engine               - globalSoundVolume: 0.5
11:14:43.554 [FXGL Background Thread 3 ] DEBUG Engine               - globalSoundVolumeProperty: DoubleProperty [value: 0.1]
11:14:43.554 [FXGL Background Thread 3 ] DEBUG Engine               - height: 600
11:14:43.554 [FXGL Background Thread 3 ] DEBUG Engine               - is3D: false
11:14:43.554 [FXGL Background Thread 3 ] DEBUG Engine               - isAndroid: false
11:14:43.554 [FXGL Background Thread 3 ] DEBUG Engine               - isBrowser: false
11:14:43.554 [FXGL Background Thread 3 ] DEBUG Engine               - isClickFeedbackEnabled: false
11:14:43.554 [FXGL Background Thread 3 ] DEBUG Engine               - isCloseConfirmation: false
11:14:43.554 [FXGL Background Thread 3 ] DEBUG Engine               - isDesktop: true
11:14:43.555 [FXGL Background Thread 3 ] DEBUG Engine               - isDeveloperMenuEnabled: false
11:14:43.555 [FXGL Background Thread 3 ] DEBUG Engine               - isEmbedded: false
11:14:43.555 [FXGL Background Thread 3 ] DEBUG Engine               - isEntityPreloadEnabled: true
11:14:43.555 [FXGL Background Thread 3 ] DEBUG Engine               - isExperimentalTiledLargeMap: false
11:14:43.555 [FXGL Background Thread 3 ] DEBUG Engine               - isFileSystemWriteAllowed: true
11:14:43.555 [FXGL Background Thread 3 ] DEBUG Engine               - isFullScreenAllowed: true
11:14:43.555 [FXGL Background Thread 3 ] DEBUG Engine               - isFullScreenFromStart: true
11:14:43.555 [FXGL Background Thread 3 ] DEBUG Engine               - isGameMenuEnabled: true
11:14:43.555 [FXGL Background Thread 3 ] DEBUG Engine               - isIOS: false
11:14:43.555 [FXGL Background Thread 3 ] DEBUG Engine               - isIntroEnabled: false
11:14:43.555 [FXGL Background Thread 3 ] DEBUG Engine               - isLinux: false
11:14:43.555 [FXGL Background Thread 3 ] DEBUG Engine               - isMac: false
11:14:43.555 [FXGL Background Thread 3 ] DEBUG Engine               - isMainMenuEnabled: true
11:14:43.555 [FXGL Background Thread 3 ] DEBUG Engine               - isManualResizeEnabled: false
11:14:43.555 [FXGL Background Thread 3 ] DEBUG Engine               - isMobile: false
11:14:43.555 [FXGL Background Thread 3 ] DEBUG Engine               - isNative: false
11:14:43.555 [FXGL Background Thread 3 ] DEBUG Engine               - isPauseMusicWhenMinimized: true
11:14:43.555 [FXGL Background Thread 3 ] DEBUG Engine               - isPreserveResizeRatio: false
11:14:43.556 [FXGL Background Thread 3 ] DEBUG Engine               - isProfilingEnabled: false
11:14:43.556 [FXGL Background Thread 3 ] DEBUG Engine               - isScaleAffectedOnResize: true
11:14:43.556 [FXGL Background Thread 3 ] DEBUG Engine               - isSingleStep: false
11:14:43.556 [FXGL Background Thread 3 ] DEBUG Engine               - isUserProfileEnabled: false
11:14:43.556 [FXGL Background Thread 3 ] DEBUG Engine               - isWindows: true
11:14:43.556 [FXGL Background Thread 3 ] DEBUG Engine               - language: ObjectProperty [value: ENGLISH]
11:14:43.556 [FXGL Background Thread 3 ] DEBUG Engine               - menuKey: ESCAPE
11:14:43.556 [FXGL Background Thread 3 ] DEBUG Engine               - mouseSensitivity: 0.2
11:14:43.556 [FXGL Background Thread 3 ] DEBUG Engine               - notificationViewClass: class com.almasb.fxgl.notification.view.XboxNotificationView
11:14:43.556 [FXGL Background Thread 3 ] DEBUG Engine               - pixelsPerMeter: 50.0
11:14:43.556 [FXGL Background Thread 3 ] DEBUG Engine               - platform: WINDOWS
11:14:43.556 [FXGL Background Thread 3 ] DEBUG Engine               - prefHeightProperty: ReadOnlyDoubleProperty [value: 600.0]
11:14:43.557 [FXGL Background Thread 3 ] DEBUG Engine               - prefWidthProperty: ReadOnlyDoubleProperty [value: 800.0]
11:14:43.557 [FXGL Background Thread 3 ] DEBUG Engine               - profileDir: profiles/
11:14:43.557 [FXGL Background Thread 3 ] DEBUG Engine               - profileName: StringProperty [value: DEFAULT]
11:14:43.557 [FXGL Background Thread 3 ] DEBUG Engine               - randomSeed: -1
11:14:43.557 [FXGL Background Thread 3 ] DEBUG Engine               - runtimeInfo: RuntimeInfo(platform=WINDOWS, version=17.2, build=20.08.2022 16.50)
11:14:43.557 [FXGL Background Thread 3 ] DEBUG Engine               - saveFileExt: sav
11:14:43.557 [FXGL Background Thread 3 ] DEBUG Engine               - scaledHeightProp$fxgl: DoubleProperty [bound, value: 1080.0]
11:14:43.557 [FXGL Background Thread 3 ] DEBUG Engine               - scaledWidthProp$fxgl: DoubleProperty [bound, value: 1920.0]
11:14:43.558 [FXGL Background Thread 3 ] DEBUG Engine               - sceneFactory: com.almasb.fxgl.app.scene.SceneFactory@66bec5aa
11:14:43.558 [FXGL Background Thread 3 ] DEBUG Engine               - secondsIn24h: 60
11:14:43.558 [FXGL Background Thread 3 ] DEBUG Engine               - soundMenuBack: menu/back.wav
11:14:43.558 [FXGL Background Thread 3 ] DEBUG Engine               - soundMenuPress: menu/press.wav
11:14:43.558 [FXGL Background Thread 3 ] DEBUG Engine               - soundMenuSelect: menu/select.wav
11:14:43.558 [FXGL Background Thread 3 ] DEBUG Engine               - soundNotification: core/notification.wav
11:14:43.558 [FXGL Background Thread 3 ] DEBUG Engine               - stageStyle: DECORATED
11:14:43.558 [FXGL Background Thread 3 ] DEBUG Engine               - supportedLanguages: [ENGLISH, FRENCH, GERMAN, HUNGARIAN, RUSSIAN]
11:14:43.558 [FXGL Background Thread 3 ] DEBUG Engine               - ticksPerSecond: -1
11:14:43.558 [FXGL Background Thread 3 ] DEBUG Engine               - title: Nuclear Throne Atomic
11:14:43.558 [FXGL Background Thread 3 ] DEBUG Engine               - urlGithub: https://github.com/AlmasB/FXGL
11:14:43.558 [FXGL Background Thread 3 ] DEBUG Engine               - urlLeaderboard: http://fxgl-top.herokuapp.com/
11:14:43.558 [FXGL Background Thread 3 ] DEBUG Engine               - urlPOM: https://raw.githubusercontent.com/AlmasB/FXGL/release/README.md
11:14:43.558 [FXGL Background Thread 3 ] DEBUG Engine               - userAppClass: class com.example.nuclearthroneatomic.Controller
11:14:43.558 [FXGL Background Thread 3 ] DEBUG Engine               - version: 0.0
11:14:43.558 [FXGL Background Thread 3 ] DEBUG Engine               - versionCheckDays: 7
11:14:43.558 [FXGL Background Thread 3 ] DEBUG Engine               - width: 800
11:14:43.558 [FXGL Background Thread 3 ] DEBUG Engine               - Logging services
11:14:43.558 [FXGL Background Thread 3 ] DEBUG Engine               - class com.almasb.fxgl.app.services.FXGLAssetLoaderService
11:14:43.559 [FXGL Background Thread 3 ] DEBUG Engine               - class com.almasb.fxgl.app.FXGLApplication$GameApplicationService
11:14:43.559 [FXGL Background Thread 3 ] DEBUG Engine               - class com.almasb.fxgl.app.services.FXGLDialogService
11:14:43.559 [FXGL Background Thread 3 ] DEBUG Engine               - class com.almasb.fxgl.app.services.IOTaskExecutorService
11:14:43.559 [FXGL Background Thread 3 ] DEBUG Engine               - class com.almasb.fxgl.io.FileSystemService
11:14:43.559 [FXGL Background Thread 3 ] DEBUG Engine               - class com.almasb.fxgl.localization.LocalizationService
11:14:43.559 [FXGL Background Thread 3 ] DEBUG Engine               - class com.almasb.fxgl.app.services.SystemBundleService
11:14:43.559 [FXGL Background Thread 3 ] DEBUG Engine               - class com.almasb.fxgl.profile.SaveLoadService
11:14:43.559 [FXGL Background Thread 3 ] DEBUG Engine               - class com.almasb.fxgl.ui.FXGLUIFactoryServiceProvider
11:14:43.559 [FXGL Background Thread 3 ] DEBUG Engine               - class com.almasb.fxgl.ui.FXGLDialogFactoryServiceProvider
11:14:43.559 [FXGL Background Thread 3 ] DEBUG Engine               - class com.almasb.fxgl.audio.AudioPlayer
11:14:43.559 [FXGL Background Thread 3 ] DEBUG Engine               - class com.almasb.fxgl.notification.impl.NotificationServiceProvider
11:14:43.559 [FXGL Background Thread 3 ] DEBUG Engine               - class com.almasb.fxgl.achievement.AchievementService
11:14:43.559 [FXGL Background Thread 3 ] DEBUG Engine               - class com.almasb.fxgl.cutscene.CutsceneService
11:14:43.559 [FXGL Background Thread 3 ] DEBUG Engine               - class com.almasb.fxgl.minigames.MiniGameService
11:14:43.559 [FXGL Background Thread 3 ] DEBUG Engine               - class com.almasb.fxgl.net.NetService
11:14:43.559 [FXGL Background Thread 3 ] DEBUG Engine               - class com.almasb.fxgl.app.services.UpdaterService
11:14:43.559 [FXGL Background Thread 3 ] DEBUG Engine               - class com.almasb.fxgl.dev.DevService
11:14:44.094 [JavaFX Application Thread] DEBUG FXGLAssetLoaderServi - Loading from file system: file:/C:/Users/Usuario/OneDrive%20-%20Universidad%20Icesi%20(@icesi.edu.co)/APO2/Tareas%20integradoras/NuclearThroneAtomic/src/nuclearthroneatomic/target/classes/assets/textures/Bullet/2.png
11:14:45.457 [JavaFX Application Thread] DEBUG FXGLAssetLoaderServi - Loading from file system: file:/C:/Users/Usuario/OneDrive%20-%20Universidad%20Icesi%20(@icesi.edu.co)/APO2/Tareas%20integradoras/NuclearThroneAtomic/src/nuclearthroneatomic/target/classes/assets/textures/Bullet/1.png
11:14:45.764 [JavaFX Application Thread] DEBUG PrimaryStageWindow   - Push state: DialogSubScene
11:14:45.765 [JavaFX Application Thread] DEBUG Input                - Clearing active input actions
11:14:45.766 [JavaFX Application Thread] DEBUG GameApplicationServi - Removing overlay from GameScene and adding to DialogSubScene
11:14:45.766 [JavaFX Application Thread] DEBUG PrimaryStageWindow   - GameScene -> DialogSubScene
11:14:47.561 [JavaFX Application Thread] DEBUG PrimaryStageWindow   - Pop state: DialogSubScene
11:14:47.561 [JavaFX Application Thread] DEBUG Input                - Clearing active input actions
11:14:47.561 [JavaFX Application Thread] DEBUG GameApplicationServi - Removing overlay from DialogSubScene and adding to GameScene
11:14:47.562 [JavaFX Application Thread] DEBUG PrimaryStageWindow   - GameScene <- DialogSubScene
11:15:00.273 [JavaFX Application Thread] DEBUG FXGLAssetLoaderServi - Loading from file system: file:/C:/Users/Usuario/OneDrive%20-%20Universidad%20Icesi%20(@icesi.edu.co)/APO2/Tareas%20integradoras/NuclearThroneAtomic/src/nuclearthroneatomic/target/classes/assets/textures/portal/1.png
11:15:00.277 [JavaFX Application Thread] DEBUG FXGLAssetLoaderServi - Loading from file system: file:/C:/Users/Usuario/OneDrive%20-%20Universidad%20Icesi%20(@icesi.edu.co)/APO2/Tareas%20integradoras/NuclearThroneAtomic/src/nuclearthroneatomic/target/classes/assets/textures/portal/2.png
11:15:00.281 [JavaFX Application Thread] DEBUG FXGLAssetLoaderServi - Loading from file system: file:/C:/Users/Usuario/OneDrive%20-%20Universidad%20Icesi%20(@icesi.edu.co)/APO2/Tareas%20integradoras/NuclearThroneAtomic/src/nuclearthroneatomic/target/classes/assets/textures/portal/3.png
11:15:00.286 [JavaFX Application Thread] DEBUG FXGLAssetLoaderServi - Loading from file system: file:/C:/Users/Usuario/OneDrive%20-%20Universidad%20Icesi%20(@icesi.edu.co)/APO2/Tareas%20integradoras/NuclearThroneAtomic/src/nuclearthroneatomic/target/classes/assets/textures/portal/4.png
11:15:02.037 [JavaFX Application Thread] DEBUG FXGLAssetLoaderServi - Loading from file system: file:/C:/Users/Usuario/OneDrive%20-%20Universidad%20Icesi%20(@icesi.edu.co)/APO2/Tareas%20integradoras/NuclearThroneAtomic/src/nuclearthroneatomic/target/classes/assets/textures/Background/blue.png
11:15:02.059 [JavaFX Application Thread] DEBUG FXGLAssetLoaderServi - Loading from file system: file:/C:/Users/Usuario/OneDrive%20-%20Universidad%20Icesi%20(@icesi.edu.co)/APO2/Tareas%20integradoras/NuclearThroneAtomic/src/nuclearthroneatomic/target/classes/assets/textures/mouse/mousepresecondlevel.png
11:15:08.641 [JavaFX Application Thread] DEBUG PrimaryStageWindow   - Push state: DialogSubScene
11:15:08.641 [JavaFX Application Thread] DEBUG Input                - Clearing active input actions
11:15:08.642 [JavaFX Application Thread] DEBUG GameApplicationServi - Removing overlay from GameScene and adding to DialogSubScene
11:15:08.642 [JavaFX Application Thread] DEBUG PrimaryStageWindow   - GameScene -> DialogSubScene
11:15:10.066 [JavaFX Application Thread] DEBUG PrimaryStageWindow   - Pop state: DialogSubScene
11:15:10.067 [JavaFX Application Thread] DEBUG Input                - Clearing active input actions
11:15:10.067 [JavaFX Application Thread] DEBUG GameApplicationServi - Removing overlay from DialogSubScene and adding to GameScene
11:15:10.067 [JavaFX Application Thread] DEBUG PrimaryStageWindow   - GameScene <- DialogSubScene
11:15:33.234 [JavaFX Application Thread] DEBUG FXGLAssetLoaderServi - Loading from file system: file:/C:/Users/Usuario/OneDrive%20-%20Universidad%20Icesi%20(@icesi.edu.co)/APO2/Tareas%20integradoras/NuclearThroneAtomic/src/nuclearthroneatomic/target/classes/assets/textures/Background/NuclearBG2.png
11:15:33.246 [JavaFX Application Thread] DEBUG FXGLAssetLoaderServi - Loading from file system: file:/C:/Users/Usuario/OneDrive%20-%20Universidad%20Icesi%20(@icesi.edu.co)/APO2/Tareas%20integradoras/NuclearThroneAtomic/src/nuclearthroneatomic/target/classes/assets/textures/mouse/mouseprefinallevel.png
11:16:00.594 [JavaFX Application Thread] DEBUG PrimaryStageWindow   - Push state: DialogSubScene
11:16:00.595 [JavaFX Application Thread] DEBUG Input                - Clearing active input actions
11:16:00.595 [JavaFX Application Thread] DEBUG GameApplicationServi - Removing overlay from GameScene and adding to DialogSubScene
11:16:00.595 [JavaFX Application Thread] DEBUG PrimaryStageWindow   - GameScene -> DialogSubScene
11:16:04.463 [JavaFX Application Thread] DEBUG PrimaryStageWindow   - Pop state: DialogSubScene
11:16:04.463 [JavaFX Application Thread] DEBUG Input                - Clearing active input actions
11:16:04.464 [JavaFX Application Thread] DEBUG GameApplicationServi - Removing overlay from DialogSubScene and adding to GameScene
11:16:04.464 [JavaFX Application Thread] DEBUG PrimaryStageWindow   - GameScene <- DialogSubScene
11:16:06.267 [JavaFX Application Thread] DEBUG PrimaryStageWindow   - Push state: FXGLDefaultMenu
11:16:06.268 [JavaFX Application Thread] DEBUG Input                - Clearing active input actions
11:16:06.269 [JavaFX Application Thread] DEBUG GameApplicationServi - Removing overlay from GameScene and adding to FXGLDefaultMenu
11:16:06.269 [JavaFX Application Thread] DEBUG PrimaryStageWindow   - GameScene -> FXGLDefaultMenu
11:16:07.167 [JavaFX Application Thread] DEBUG Menu                 - fireExitToMainMenu()
11:16:07.168 [JavaFX Application Thread] DEBUG PrimaryStageWindow   - Push state: DialogSubScene
11:16:07.168 [JavaFX Application Thread] DEBUG Input                - Clearing active input actions
11:16:07.169 [JavaFX Application Thread] DEBUG GameApplicationServi - Removing overlay from FXGLDefaultMenu and adding to DialogSubScene
11:16:07.169 [JavaFX Application Thread] DEBUG PrimaryStageWindow   - FXGLDefaultMenu -> DialogSubScene
11:16:07.766 [JavaFX Application Thread] DEBUG PrimaryStageWindow   - Pop state: DialogSubScene
11:16:07.766 [JavaFX Application Thread] DEBUG Input                - Clearing active input actions
11:16:07.767 [JavaFX Application Thread] DEBUG GameApplicationServi - Removing overlay from DialogSubScene and adding to FXGLDefaultMenu
11:16:07.767 [JavaFX Application Thread] DEBUG PrimaryStageWindow   - FXGLDefaultMenu <- DialogSubScene
11:16:07.767 [JavaFX Application Thread] DEBUG PrimaryStageWindow   - Pop state: FXGLDefaultMenu
11:16:07.767 [JavaFX Application Thread] DEBUG Input                - Clearing active input actions
11:16:07.767 [JavaFX Application Thread] DEBUG GameApplicationServi - Removing overlay from FXGLDefaultMenu and adding to GameScene
11:16:07.768 [JavaFX Application Thread] DEBUG PrimaryStageWindow   - GameScene <- FXGLDefaultMenu
11:16:07.768 [JavaFX Application Thread] DEBUG Input                - Clearing active input actions
11:16:07.779 [JavaFX Application Thread] DEBUG GameApplicationServi - Removing overlay from GameScene and adding to FXGLMainMenuDummyScene
11:16:07.779 [JavaFX Application Thread] DEBUG PrimaryStageWindow   - GameScene -> FXGLMainMenuDummyScene
11:16:07.779 [JavaFX Application Thread] DEBUG PrimaryStageWindow   - Push state: FXGLDefaultMenu
11:16:07.779 [JavaFX Application Thread] DEBUG Input                - Clearing active input actions
11:16:07.781 [JavaFX Application Thread] DEBUG GameApplicationServi - Removing overlay from FXGLMainMenuDummyScene and adding to FXGLDefaultMenu
11:16:07.782 [JavaFX Application Thread] DEBUG PrimaryStageWindow   - FXGLMainMenuDummyScene -> FXGLDefaultMenu
11:16:08.717 [JavaFX Application Thread] DEBUG Menu                 - fireExit()
11:16:08.718 [JavaFX Application Thread] DEBUG PrimaryStageWindow   - Push state: DialogSubScene
11:16:08.718 [JavaFX Application Thread] DEBUG Input                - Clearing active input actions
11:16:08.719 [JavaFX Application Thread] DEBUG GameApplicationServi - Removing overlay from FXGLDefaultMenu and adding to DialogSubScene
11:16:08.719 [JavaFX Application Thread] DEBUG PrimaryStageWindow   - FXGLDefaultMenu -> DialogSubScene
11:16:09.253 [JavaFX Application Thread] DEBUG PrimaryStageWindow   - Pop state: DialogSubScene
11:16:09.253 [JavaFX Application Thread] DEBUG Input                - Clearing active input actions
11:16:09.253 [JavaFX Application Thread] DEBUG GameApplicationServi - Removing overlay from DialogSubScene and adding to FXGLDefaultMenu
11:16:09.254 [JavaFX Application Thread] DEBUG PrimaryStageWindow   - FXGLDefaultMenu <- DialogSubScene
11:16:09.254 [JavaFX Application Thread] DEBUG FXGLApplication      - Exiting FXGL
11:16:09.254 [JavaFX Application Thread] DEBUG LoopRunner           - Stopping loop
11:16:09.254 [JavaFX Application Thread] DEBUG SystemBundleService  - Saving FXGL system data
11:16:09.257 [JavaFX Application Thread] DEBUG FileSystemAccess     - Writing to: C:\Users\Usuario\OneDrive - Universidad Icesi (@icesi.edu.co)\APO2\Tareas integradoras\NuclearThroneAtomic\src\nuclearthroneatomic\system\fxgl.bundle
11:16:09.261 [JavaFX Application Thread] DEBUG Async                - Shutting down background threads
11:16:09.261 [JavaFX Application Thread] DEBUG PrimaryStageWindow   - Closing main window
11:16:09.287 [JavaFX Application Thread] DEBUG Logger               - Closing Logger
