19:15:46.805 [main                     ] DEBUG Logger               - Configured Logger
19:15:46.836 [main                     ] DEBUG GameApplication      - Logging settings
Title: Nuclear Throne Atomic
Version: 0.0
Width: 800
Height: 600
Fullscreen: true
Intro: true
Profiling: false
Single step:false
App Mode: DEVELOPER
Menu Key: ESCAPE
Stage Style: DECORATED
Scene Factory: class com.almasb.fxgl.app.scene.SceneFactory

19:15:47.524 [JavaFX Application Thread] DEBUG FXGLApplication      - Initializing FXGL
19:15:47.529 [JavaFX Application Thread] INFO  Engine               - FXGL-17.2 (20.08.2022 16.50) on WINDOWS (J:20.0.1 FX:18.0.2)
19:15:47.530 [JavaFX Application Thread] DEBUG Engine               - JRE Vendor Name: Oracle Corporation
19:15:47.530 [JavaFX Application Thread] DEBUG Engine               - Running on OS: Windows 10 version 10.0
19:15:47.530 [JavaFX Application Thread] DEBUG Engine               - Architecture: amd64
19:15:47.530 [JavaFX Application Thread] INFO  Engine               - Source code and latest versions at: https://github.com/AlmasB/FXGL
19:15:47.530 [JavaFX Application Thread] INFO  Engine               -       Ask questions and discuss at: https://github.com/AlmasB/FXGL/discussions
19:15:47.531 [JavaFX Application Thread] INFO  Engine               -              Join the FXGL chat at: https://gitter.im/AlmasB/FXGL
19:15:47.650 [JavaFX Application Thread] DEBUG PrimaryStageWindow   - Creating a JavaFX scene
19:15:47.707 [JavaFX Application Thread] DEBUG PrimaryStageWindow   - Target settings size: 800.0 x 600.0
19:15:47.707 [JavaFX Application Thread] DEBUG PrimaryStageWindow   - Scaled scene size:    800.0 x 600.0
19:15:47.708 [JavaFX Application Thread] DEBUG PrimaryStageWindow   - Scaled ratio: (1.0, 1.0)
19:15:47.709 [JavaFX Application Thread] DEBUG PrimaryStageWindow   - Set initial scene to FXGLStartupScene
19:15:47.719 [JavaFX Application Thread] DEBUG PrimaryStageWindow   - Opening main window
19:15:47.823 [JavaFX Application Thread] DEBUG PrimaryStageWindow   - Window border size: (16.0, 39.0)
19:15:47.823 [JavaFX Application Thread] DEBUG PrimaryStageWindow   - Scaled size: 800.0 x 600.0
19:15:47.824 [JavaFX Application Thread] DEBUG PrimaryStageWindow   - Scaled ratio: (1.0, 1.0)
19:15:47.824 [JavaFX Application Thread] DEBUG PrimaryStageWindow   - Scene size: 800.0 x 600.0
19:15:47.825 [JavaFX Application Thread] DEBUG PrimaryStageWindow   - Stage size: 816.0 x 639.0
19:15:47.835 [FXGL Background Thread 1 ] DEBUG Engine               - Initializing environment variables
19:15:47.901 [FXGL Background Thread 1 ] DEBUG FXGLAssetLoaderServi - User app class for loading assets: class com.example.nuclearthroneatomic.Controller
19:15:47.902 [FXGL Background Thread 1 ] DEBUG GameApplicationServi - Applying CSS: fxgl_dark.css
19:15:47.903 [FXGL Background Thread 1 ] DEBUG FXGLAssetLoaderServi - Loading from file system: jar:file:///C:/Users/Usuario/.m2/repository/com/github/almasb/fxgl/17.2/fxgl-17.2.jar!/fxglassets/ui/css/fxgl_dark.css
19:15:47.956 [FXGL Background Thread 1 ] DEBUG GameApplicationServi - Initializing application scenes
19:15:48.013 [FXGL Background Thread 1 ] DEBUG GameWorld            - Game world initialized
19:15:48.119 [FXGL Background Thread 1 ] DEBUG PhysicsWorld         - Physics world initialized: appHeight=600, physics.ppm=50,0
19:15:48.120 [FXGL Background Thread 1 ] DEBUG PhysicsWorld         - Using strategy: BRUTE_FORCE
19:15:48.126 [FXGL Background Thread 1 ] DEBUG GameScene            - Game scene initialized: 800x600
19:15:48.131 [FXGL Background Thread 1 ] DEBUG FXGLAssetLoaderServi - Loading from file system: jar:file:///C:/Users/Usuario/.m2/repository/com/github/almasb/fxgl/17.2/fxgl-17.2.jar!/fxglassets/textures/intro/fxgl_logo.png
19:15:48.172 [FXGL Background Thread 1 ] DEBUG FXGLAssetLoaderServi - Loading from file system: jar:file:///C:/Users/Usuario/.m2/repository/com/github/almasb/fxgl/17.2/fxgl-17.2.jar!/fxglassets/textures/intro/javafx_logo.png
19:15:48.336 [FXGL Background Thread 1 ] DEBUG FXGL.DefaultMenu     - createMenuBodyMainMenu()
19:15:48.359 [FXGL Background Thread 1 ] DEBUG FXGL.DefaultMenu     - createOptionsMenu()
19:15:48.377 [FXGL Background Thread 1 ] DEBUG FXGLAssetLoaderServi - Loading from file system: jar:file:///C:/Users/Usuario/.m2/repository/com/github/almasb/fxgl/17.2/fxgl-17.2.jar!/fxglassets/textures/particles/smoke.png
19:15:48.455 [FXGL Background Thread 1 ] DEBUG FXGLAssetLoaderServi - Loading from file system: jar:file:///C:/Users/Usuario/.m2/repository/com/github/almasb/fxgl/17.2/fxgl-17.2.jar!/fxglassets/textures/particles/trace_horizontal.png
19:15:48.487 [FXGL Background Thread 1 ] DEBUG FXGL.DefaultMenu     - createMenuBodyGameMenu()
19:15:48.488 [FXGL Background Thread 1 ] DEBUG FXGL.DefaultMenu     - createOptionsMenu()
19:15:48.507 [FXGL Background Thread 1 ] DEBUG GameApplicationServi - Application scenes initialized
19:15:48.529 [FXGL Background Thread 1 ] DEBUG SystemBundleService  - Loading FXGL system data
19:15:48.536 [FXGL Background Thread 1 ] DEBUG FileSystemAccess     - Reading from: C:\Users\Usuario\OneDrive - Universidad Icesi (@icesi.edu.co)\APO2\Tareas integradoras\NuclearThroneAtomic\src\nuclearthroneatomic\system\fxgl.bundle
19:15:48.551 [FXGL Background Thread 1 ] DEBUG SystemBundleService  - Bundle FXGL: {}
19:15:48.551 [FXGL Background Thread 1 ] DEBUG UpdaterService       - Checking for updates
19:15:48.559 [FXGL Background Thread 4 ] DEBUG FXGLApplication      - Loading fonts
19:15:48.560 [FXGL Background Thread 4 ] DEBUG FXGLAssetLoaderServi - Loading from file system: jar:file:///C:/Users/Usuario/.m2/repository/com/github/almasb/fxgl/17.2/fxgl-17.2.jar!/fxglassets/ui/fonts/VarelaRound-Regular.ttf
19:15:48.560 [FXGL Background Thread 1 ] DEBUG FXGLApplication      - Loading default localization
19:15:48.561 [FXGL Background Thread 1 ] DEBUG FXGLAssetLoaderServi - Loading from file system: jar:file:///C:/Users/Usuario/.m2/repository/com/github/almasb/fxgl/17.2/fxgl-17.2.jar!/fxglassets/languages/english.lang
19:15:48.599 [FXGL Background Thread 1 ] INFO  FXGLApplication      - FXGL initialization took: 0,763 sec
19:15:48.614 [JavaFX Application Thread] DEBUG Input                - Registered new binding: lucky - Q
19:15:48.615 [JavaFX Application Thread] DEBUG Input                - Registered new binding: health - F
19:15:48.615 [JavaFX Application Thread] DEBUG Input                - Registered new binding: Right - D
19:15:48.616 [JavaFX Application Thread] DEBUG Input                - Registered new binding: Left - A
19:15:48.616 [JavaFX Application Thread] DEBUG Input                - Registered new binding: Up - W
19:15:48.616 [JavaFX Application Thread] DEBUG Input                - Registered new binding: Down - S
19:15:48.618 [JavaFX Application Thread] DEBUG Input                - Registered new binding: Reload - RMB
19:15:48.619 [JavaFX Application Thread] DEBUG Input                - Registered new binding: Shoot - LMB
19:15:48.620 [JavaFX Application Thread] DEBUG FXGLAssetLoaderServi - Loading from file system: jar:file:///C:/Users/Usuario/.m2/repository/com/github/almasb/fxgl/17.2/fxgl-17.2.jar!/fxglassets/textures/fxgl_icon.png
19:15:48.636 [JavaFX Application Thread] DEBUG FXGLAssetLoaderServi - Loading from file system: jar:file:///C:/Users/Usuario/.m2/repository/com/github/almasb/fxgl/17.2/fxgl-17.2.jar!/fxglassets/textures/fxgl_default_cursor.png
19:15:48.640 [JavaFX Application Thread] DEBUG Input                - Registered new binding: Screenshot - CTRL+8
19:15:48.641 [JavaFX Application Thread] DEBUG Input                - Registered new binding: System info dump - CTRL+9
19:15:48.642 [JavaFX Application Thread] DEBUG Input                - Registered new binding: Restart - CTRL+R
19:15:48.643 [JavaFX Application Thread] DEBUG Input                - Registered new binding: Toggle Debug Camera - CTRL+7
19:15:48.648 [JavaFX Application Thread] DEBUG LoopRunner           - Starting loop
19:15:48.648 [JavaFX Application Thread] DEBUG LoopRunner           - Initializing JavaFX AnimationTimerLoop
19:15:48.723 [JavaFX Application Thread] DEBUG Input                - Clearing active input actions
19:15:48.742 [JavaFX Application Thread] DEBUG GameApplicationServi - Removing overlay from FXGLStartupScene and adding to FXGLIntroScene
19:15:48.744 [JavaFX Application Thread] DEBUG PrimaryStageWindow   - FXGLStartupScene -> FXGLIntroScene
19:15:48.829 [FXGL Background Thread 4 ] DEBUG FXGLAssetLoaderServi - Loading from file system: jar:file:///C:/Users/Usuario/.m2/repository/com/github/almasb/fxgl/17.2/fxgl-17.2.jar!/fxglassets/ui/fonts/Abel-Regular.ttf
19:15:48.837 [FXGL Background Thread 4 ] DEBUG FXGLAssetLoaderServi - Loading from file system: jar:file:///C:/Users/Usuario/.m2/repository/com/github/almasb/fxgl/17.2/fxgl-17.2.jar!/fxglassets/ui/fonts/TerminalLandMono-Regular.otf
19:15:48.844 [FXGL Background Thread 4 ] DEBUG FXGLAssetLoaderServi - Loading from file system: jar:file:///C:/Users/Usuario/.m2/repository/com/github/almasb/fxgl/17.2/fxgl-17.2.jar!/fxglassets/ui/fonts/Courier-Prime.ttf
19:15:48.865 [JavaFX Application Thread] DEBUG FXGLApplication      - Registering font factories with UI factory
19:15:49.258 [FXGL Background Thread 2 ] INFO  UpdaterService       - Your current version:  17.2
19:15:49.258 [FXGL Background Thread 2 ] INFO  UpdaterService       - Latest stable version: 17.3
19:15:51.558 [FXGL Background Thread 3 ] DEBUG Engine               - Logging environment variables
19:15:51.559 [FXGL Background Thread 3 ] DEBUG Engine               - achievements: []
19:15:51.559 [FXGL Background Thread 3 ] DEBUG Engine               - actualHeight: 600.0
19:15:51.559 [FXGL Background Thread 3 ] DEBUG Engine               - actualHeightProperty: ReadOnlyDoubleProperty [value: 600.0]
19:15:51.559 [FXGL Background Thread 3 ] DEBUG Engine               - actualWidth: 800.0
19:15:51.559 [FXGL Background Thread 3 ] DEBUG Engine               - actualWidthProperty: ReadOnlyDoubleProperty [value: 800.0]
19:15:51.559 [FXGL Background Thread 3 ] DEBUG Engine               - appIcon: fxgl_icon.png
19:15:51.559 [FXGL Background Thread 3 ] DEBUG Engine               - applicationMode: DEVELOPER
19:15:51.559 [FXGL Background Thread 3 ] DEBUG Engine               - cSSList: [fxgl_dark.css]
19:15:51.559 [FXGL Background Thread 3 ] DEBUG Engine               - collisionDetectionStrategy: BRUTE_FORCE
19:15:51.559 [FXGL Background Thread 3 ] DEBUG Engine               - configClass: Optional.empty
19:15:51.559 [FXGL Background Thread 3 ] DEBUG Engine               - credits: []
19:15:51.560 [FXGL Background Thread 3 ] DEBUG Engine               - defaultCursor: CursorInfo(imageName=fxgl_default_cursor.png, hotspotX=7.0, hotspotY=6.0)
19:15:51.560 [FXGL Background Thread 3 ] DEBUG Engine               - devBBoxColorProperty: ObjectProperty [value: 0xff0000ff]
19:15:51.560 [FXGL Background Thread 3 ] DEBUG Engine               - devEnableDebugCameraProperty: BooleanProperty [value: false]
19:15:51.560 [FXGL Background Thread 3 ] DEBUG Engine               - devSensorColorProperty: ObjectProperty [value: 0xffff00ff]
19:15:51.560 [FXGL Background Thread 3 ] DEBUG Engine               - devShowBBoxProperty: BooleanProperty [value: false]
19:15:51.560 [FXGL Background Thread 3 ] DEBUG Engine               - devShowPositionProperty: BooleanProperty [value: false]
19:15:51.561 [FXGL Background Thread 3 ] DEBUG Engine               - enabledMenuItems: []
19:15:51.561 [FXGL Background Thread 3 ] DEBUG Engine               - engineServices: [class com.almasb.fxgl.app.services.FXGLAssetLoaderService, class com.almasb.fxgl.app.FXGLApplication$GameApplicationService, class com.almasb.fxgl.app.services.FXGLDialogService, class com.almasb.fxgl.app.services.IOTaskExecutorService, class com.almasb.fxgl.io.FileSystemService, class com.almasb.fxgl.localization.LocalizationService, class com.almasb.fxgl.app.services.SystemBundleService, class com.almasb.fxgl.profile.SaveLoadService, class com.almasb.fxgl.ui.FXGLUIFactoryServiceProvider, class com.almasb.fxgl.ui.FXGLDialogFactoryServiceProvider, class com.almasb.fxgl.audio.AudioPlayer, class com.almasb.fxgl.notification.impl.NotificationServiceProvider, class com.almasb.fxgl.achievement.AchievementService, class com.almasb.fxgl.cutscene.CutsceneService, class com.almasb.fxgl.minigames.MiniGameService, class com.almasb.fxgl.net.NetService, class com.almasb.fxgl.app.services.UpdaterService, class com.almasb.fxgl.dev.DevService]
19:15:51.561 [FXGL Background Thread 3 ] DEBUG Engine               - fontGame: Abel-Regular.ttf
19:15:51.561 [FXGL Background Thread 3 ] DEBUG Engine               - fontMono: TerminalLandMono-Regular.otf
19:15:51.561 [FXGL Background Thread 3 ] DEBUG Engine               - fontText: Courier-Prime.ttf
19:15:51.561 [FXGL Background Thread 3 ] DEBUG Engine               - fontUI: VarelaRound-Regular.ttf
19:15:51.561 [FXGL Background Thread 3 ] DEBUG Engine               - fullScreen: BooleanProperty [value: false]
19:15:51.561 [FXGL Background Thread 3 ] DEBUG Engine               - gameDifficulty: MEDIUM
19:15:51.561 [FXGL Background Thread 3 ] DEBUG Engine               - gameDifficultyProperty: ObjectProperty [value: MEDIUM]
19:15:51.561 [FXGL Background Thread 3 ] DEBUG Engine               - globalMusicVolume: 0.5
19:15:51.562 [FXGL Background Thread 3 ] DEBUG Engine               - globalMusicVolumeProperty: DoubleProperty [value: 0.5]
19:15:51.562 [FXGL Background Thread 3 ] DEBUG Engine               - globalSoundVolume: 0.5
19:15:51.562 [FXGL Background Thread 3 ] DEBUG Engine               - globalSoundVolumeProperty: DoubleProperty [value: 0.5]
19:15:51.562 [FXGL Background Thread 3 ] DEBUG Engine               - height: 600
19:15:51.562 [FXGL Background Thread 3 ] DEBUG Engine               - is3D: false
19:15:51.562 [FXGL Background Thread 3 ] DEBUG Engine               - isAndroid: false
19:15:51.562 [FXGL Background Thread 3 ] DEBUG Engine               - isBrowser: false
19:15:51.562 [FXGL Background Thread 3 ] DEBUG Engine               - isClickFeedbackEnabled: false
19:15:51.562 [FXGL Background Thread 3 ] DEBUG Engine               - isCloseConfirmation: false
19:15:51.562 [FXGL Background Thread 3 ] DEBUG Engine               - isDesktop: true
19:15:51.563 [FXGL Background Thread 3 ] DEBUG Engine               - isDeveloperMenuEnabled: false
19:15:51.563 [FXGL Background Thread 3 ] DEBUG Engine               - isEmbedded: false
19:15:51.563 [FXGL Background Thread 3 ] DEBUG Engine               - isEntityPreloadEnabled: true
19:15:51.563 [FXGL Background Thread 3 ] DEBUG Engine               - isExperimentalTiledLargeMap: false
19:15:51.563 [FXGL Background Thread 3 ] DEBUG Engine               - isFileSystemWriteAllowed: true
19:15:51.563 [FXGL Background Thread 3 ] DEBUG Engine               - isFullScreenAllowed: true
19:15:51.563 [FXGL Background Thread 3 ] DEBUG Engine               - isFullScreenFromStart: false
19:15:51.563 [FXGL Background Thread 3 ] DEBUG Engine               - isGameMenuEnabled: true
19:15:51.563 [FXGL Background Thread 3 ] DEBUG Engine               - isIOS: false
19:15:51.563 [FXGL Background Thread 3 ] DEBUG Engine               - isIntroEnabled: true
19:15:51.563 [FXGL Background Thread 3 ] DEBUG Engine               - isLinux: false
19:15:51.563 [FXGL Background Thread 3 ] DEBUG Engine               - isMac: false
19:15:51.563 [FXGL Background Thread 3 ] DEBUG Engine               - isMainMenuEnabled: true
19:15:51.564 [FXGL Background Thread 3 ] DEBUG Engine               - isManualResizeEnabled: false
19:15:51.564 [FXGL Background Thread 3 ] DEBUG Engine               - isMobile: false
19:15:51.564 [FXGL Background Thread 3 ] DEBUG Engine               - isNative: false
19:15:51.564 [FXGL Background Thread 3 ] DEBUG Engine               - isPauseMusicWhenMinimized: true
19:15:51.564 [FXGL Background Thread 3 ] DEBUG Engine               - isPreserveResizeRatio: false
19:15:51.564 [FXGL Background Thread 3 ] DEBUG Engine               - isProfilingEnabled: false
19:15:51.564 [FXGL Background Thread 3 ] DEBUG Engine               - isScaleAffectedOnResize: true
19:15:51.564 [FXGL Background Thread 3 ] DEBUG Engine               - isSingleStep: false
19:15:51.564 [FXGL Background Thread 3 ] DEBUG Engine               - isUserProfileEnabled: false
19:15:51.565 [FXGL Background Thread 3 ] DEBUG Engine               - isWindows: true
19:15:51.565 [FXGL Background Thread 3 ] DEBUG Engine               - language: ObjectProperty [value: ENGLISH]
19:15:51.565 [FXGL Background Thread 3 ] DEBUG Engine               - menuKey: ESCAPE
19:15:51.565 [FXGL Background Thread 3 ] DEBUG Engine               - mouseSensitivity: 0.2
19:15:51.565 [FXGL Background Thread 3 ] DEBUG Engine               - notificationViewClass: class com.almasb.fxgl.notification.view.XboxNotificationView
19:15:51.565 [FXGL Background Thread 3 ] DEBUG Engine               - pixelsPerMeter: 50.0
19:15:51.565 [FXGL Background Thread 3 ] DEBUG Engine               - platform: WINDOWS
19:15:51.565 [FXGL Background Thread 3 ] DEBUG Engine               - prefHeightProperty: ReadOnlyDoubleProperty [value: 600.0]
19:15:51.566 [FXGL Background Thread 3 ] DEBUG Engine               - prefWidthProperty: ReadOnlyDoubleProperty [value: 800.0]
19:15:51.566 [FXGL Background Thread 3 ] DEBUG Engine               - profileDir: profiles/
19:15:51.566 [FXGL Background Thread 3 ] DEBUG Engine               - profileName: StringProperty [value: DEFAULT]
19:15:51.566 [FXGL Background Thread 3 ] DEBUG Engine               - randomSeed: -1
19:15:51.566 [FXGL Background Thread 3 ] DEBUG Engine               - runtimeInfo: RuntimeInfo(platform=WINDOWS, version=17.2, build=20.08.2022 16.50)
19:15:51.567 [FXGL Background Thread 3 ] DEBUG Engine               - saveFileExt: sav
19:15:51.567 [FXGL Background Thread 3 ] DEBUG Engine               - scaledHeightProp$fxgl: DoubleProperty [bound, value: 600.0]
19:15:51.567 [FXGL Background Thread 3 ] DEBUG Engine               - scaledWidthProp$fxgl: DoubleProperty [bound, value: 800.0]
19:15:51.567 [FXGL Background Thread 3 ] DEBUG Engine               - sceneFactory: com.almasb.fxgl.app.scene.SceneFactory@65812148
19:15:51.567 [FXGL Background Thread 3 ] DEBUG Engine               - secondsIn24h: 60
19:15:51.567 [FXGL Background Thread 3 ] DEBUG Engine               - soundMenuBack: menu/back.wav
19:15:51.567 [FXGL Background Thread 3 ] DEBUG Engine               - soundMenuPress: menu/press.wav
19:15:51.567 [FXGL Background Thread 3 ] DEBUG Engine               - soundMenuSelect: menu/select.wav
19:15:51.567 [FXGL Background Thread 3 ] DEBUG Engine               - soundNotification: core/notification.wav
19:15:51.567 [FXGL Background Thread 3 ] DEBUG Engine               - stageStyle: DECORATED
19:15:51.567 [FXGL Background Thread 3 ] DEBUG Engine               - supportedLanguages: [ENGLISH, FRENCH, GERMAN, HUNGARIAN, RUSSIAN]
19:15:51.567 [FXGL Background Thread 3 ] DEBUG Engine               - ticksPerSecond: -1
19:15:51.567 [FXGL Background Thread 3 ] DEBUG Engine               - title: Nuclear Throne Atomic
19:15:51.567 [FXGL Background Thread 3 ] DEBUG Engine               - urlGithub: https://github.com/AlmasB/FXGL
19:15:51.567 [FXGL Background Thread 3 ] DEBUG Engine               - urlLeaderboard: http://fxgl-top.herokuapp.com/
19:15:51.567 [FXGL Background Thread 3 ] DEBUG Engine               - urlPOM: https://raw.githubusercontent.com/AlmasB/FXGL/release/README.md
19:15:51.568 [FXGL Background Thread 3 ] DEBUG Engine               - userAppClass: class com.example.nuclearthroneatomic.Controller
19:15:51.568 [FXGL Background Thread 3 ] DEBUG Engine               - version: 0.0
19:15:51.568 [FXGL Background Thread 3 ] DEBUG Engine               - versionCheckDays: 7
19:15:51.568 [FXGL Background Thread 3 ] DEBUG Engine               - width: 800
19:15:51.568 [FXGL Background Thread 3 ] DEBUG Engine               - Logging services
19:15:51.568 [FXGL Background Thread 3 ] DEBUG Engine               - class com.almasb.fxgl.app.services.FXGLAssetLoaderService
19:15:51.568 [FXGL Background Thread 3 ] DEBUG Engine               - class com.almasb.fxgl.app.FXGLApplication$GameApplicationService
19:15:51.568 [FXGL Background Thread 3 ] DEBUG Engine               - class com.almasb.fxgl.app.services.FXGLDialogService
19:15:51.568 [FXGL Background Thread 3 ] DEBUG Engine               - class com.almasb.fxgl.app.services.IOTaskExecutorService
19:15:51.568 [FXGL Background Thread 3 ] DEBUG Engine               - class com.almasb.fxgl.io.FileSystemService
19:15:51.568 [FXGL Background Thread 3 ] DEBUG Engine               - class com.almasb.fxgl.localization.LocalizationService
19:15:51.568 [FXGL Background Thread 3 ] DEBUG Engine               - class com.almasb.fxgl.app.services.SystemBundleService
19:15:51.568 [FXGL Background Thread 3 ] DEBUG Engine               - class com.almasb.fxgl.profile.SaveLoadService
19:15:51.568 [FXGL Background Thread 3 ] DEBUG Engine               - class com.almasb.fxgl.ui.FXGLUIFactoryServiceProvider
19:15:51.568 [FXGL Background Thread 3 ] DEBUG Engine               - class com.almasb.fxgl.ui.FXGLDialogFactoryServiceProvider
19:15:51.569 [FXGL Background Thread 3 ] DEBUG Engine               - class com.almasb.fxgl.audio.AudioPlayer
19:15:51.569 [FXGL Background Thread 3 ] DEBUG Engine               - class com.almasb.fxgl.notification.impl.NotificationServiceProvider
19:15:51.569 [FXGL Background Thread 3 ] DEBUG Engine               - class com.almasb.fxgl.achievement.AchievementService
19:15:51.569 [FXGL Background Thread 3 ] DEBUG Engine               - class com.almasb.fxgl.cutscene.CutsceneService
19:15:51.569 [FXGL Background Thread 3 ] DEBUG Engine               - class com.almasb.fxgl.minigames.MiniGameService
19:15:51.569 [FXGL Background Thread 3 ] DEBUG Engine               - class com.almasb.fxgl.net.NetService
19:15:51.569 [FXGL Background Thread 3 ] DEBUG Engine               - class com.almasb.fxgl.app.services.UpdaterService
19:15:51.569 [FXGL Background Thread 3 ] DEBUG Engine               - class com.almasb.fxgl.dev.DevService
19:15:56.634 [JavaFX Application Thread] DEBUG Input                - Clearing active input actions
19:15:56.645 [JavaFX Application Thread] DEBUG GameApplicationServi - Removing overlay from FXGLIntroScene and adding to FXGLMainMenuDummyScene
19:15:56.645 [JavaFX Application Thread] DEBUG PrimaryStageWindow   - FXGLIntroScene -> FXGLMainMenuDummyScene
19:15:56.646 [JavaFX Application Thread] DEBUG PrimaryStageWindow   - Push state: FXGLDefaultMenu
19:15:56.652 [JavaFX Application Thread] DEBUG Input                - Clearing active input actions
19:15:56.663 [JavaFX Application Thread] DEBUG GameApplicationServi - Removing overlay from FXGLMainMenuDummyScene and adding to FXGLDefaultMenu
19:15:56.664 [JavaFX Application Thread] DEBUG PrimaryStageWindow   - FXGLMainMenuDummyScene -> FXGLDefaultMenu
19:15:58.615 [JavaFX Application Thread] DEBUG Menu                 - fireNewGame()
19:15:58.615 [JavaFX Application Thread] DEBUG GameApplicationServi - Starting new game
19:15:58.617 [JavaFX Application Thread] DEBUG PrimaryStageWindow   - Pop state: FXGLDefaultMenu
19:15:58.617 [JavaFX Application Thread] DEBUG Input                - Clearing active input actions
19:15:58.619 [JavaFX Application Thread] DEBUG GameApplicationServi - Removing overlay from FXGLDefaultMenu and adding to FXGLMainMenuDummyScene
19:15:58.619 [JavaFX Application Thread] DEBUG PrimaryStageWindow   - FXGLMainMenuDummyScene <- FXGLDefaultMenu
19:15:58.620 [JavaFX Application Thread] DEBUG Input                - Clearing active input actions
19:15:58.626 [JavaFX Application Thread] DEBUG GameApplicationServi - Removing overlay from FXGLMainMenuDummyScene and adding to FXGLLoadingScene
19:15:58.626 [JavaFX Application Thread] DEBUG PrimaryStageWindow   - FXGLMainMenuDummyScene -> FXGLLoadingScene
19:15:58.626 [JavaFX Application Thread] DEBUG GameApplicationServi - Clearing previous game
19:15:58.626 [JavaFX Application Thread] DEBUG GameScene            - Clearing game scene
19:15:58.626 [JavaFX Application Thread] DEBUG GameWorld            - Clearing game world
19:15:58.627 [JavaFX Application Thread] DEBUG PhysicsWorld         - Clearing physics world
19:15:58.629 [FXGL Background Thread 2 ] DEBUG FXGLApplication      - Initializing game
19:15:58.640 [FXGL Background Thread 2 ] DEBUG FXGLAssetLoaderServi - Loading from file system: file:/C:/Users/Usuario/OneDrive%20-%20Universidad%20Icesi%20(@icesi.edu.co)/APO2/Tareas%20integradoras/NuclearThroneAtomic/src/nuclearthroneatomic/target/classes/assets/textures/Avatar/1-Idle/1.png
19:15:58.643 [FXGL Background Thread 2 ] DEBUG FXGLAssetLoaderServi - Loading from file system: file:/C:/Users/Usuario/OneDrive%20-%20Universidad%20Icesi%20(@icesi.edu.co)/APO2/Tareas%20integradoras/NuclearThroneAtomic/src/nuclearthroneatomic/target/classes/assets/textures/Avatar/1-Idle/2.png
19:15:58.645 [FXGL Background Thread 2 ] DEBUG FXGLAssetLoaderServi - Loading from file system: file:/C:/Users/Usuario/OneDrive%20-%20Universidad%20Icesi%20(@icesi.edu.co)/APO2/Tareas%20integradoras/NuclearThroneAtomic/src/nuclearthroneatomic/target/classes/assets/textures/Avatar/1-Idle/3.png
19:15:58.649 [FXGL Background Thread 2 ] DEBUG FXGLAssetLoaderServi - Loading from file system: file:/C:/Users/Usuario/OneDrive%20-%20Universidad%20Icesi%20(@icesi.edu.co)/APO2/Tareas%20integradoras/NuclearThroneAtomic/src/nuclearthroneatomic/target/classes/assets/textures/Avatar/1-Idle/4.png
19:15:58.684 [FXGL Background Thread 2 ] DEBUG FXGLAssetLoaderServi - Loading from file system: file:/C:/Users/Usuario/OneDrive%20-%20Universidad%20Icesi%20(@icesi.edu.co)/APO2/Tareas%20integradoras/NuclearThroneAtomic/src/nuclearthroneatomic/target/classes/assets/textures/Avatar/2-Run/1.png
19:15:58.687 [FXGL Background Thread 2 ] DEBUG FXGLAssetLoaderServi - Loading from file system: file:/C:/Users/Usuario/OneDrive%20-%20Universidad%20Icesi%20(@icesi.edu.co)/APO2/Tareas%20integradoras/NuclearThroneAtomic/src/nuclearthroneatomic/target/classes/assets/textures/Avatar/2-Run/2.png
19:15:58.689 [FXGL Background Thread 2 ] DEBUG FXGLAssetLoaderServi - Loading from file system: file:/C:/Users/Usuario/OneDrive%20-%20Universidad%20Icesi%20(@icesi.edu.co)/APO2/Tareas%20integradoras/NuclearThroneAtomic/src/nuclearthroneatomic/target/classes/assets/textures/Avatar/2-Run/3.png
19:15:58.692 [FXGL Background Thread 2 ] DEBUG FXGLAssetLoaderServi - Loading from file system: file:/C:/Users/Usuario/OneDrive%20-%20Universidad%20Icesi%20(@icesi.edu.co)/APO2/Tareas%20integradoras/NuclearThroneAtomic/src/nuclearthroneatomic/target/classes/assets/textures/Avatar/2-Run/4.png
19:15:58.694 [FXGL Background Thread 2 ] DEBUG FXGLAssetLoaderServi - Loading from file system: file:/C:/Users/Usuario/OneDrive%20-%20Universidad%20Icesi%20(@icesi.edu.co)/APO2/Tareas%20integradoras/NuclearThroneAtomic/src/nuclearthroneatomic/target/classes/assets/textures/Avatar/2-Run/5.png
19:15:58.697 [FXGL Background Thread 2 ] DEBUG FXGLAssetLoaderServi - Loading from file system: file:/C:/Users/Usuario/OneDrive%20-%20Universidad%20Icesi%20(@icesi.edu.co)/APO2/Tareas%20integradoras/NuclearThroneAtomic/src/nuclearthroneatomic/target/classes/assets/textures/Avatar/2-Run/6.png
19:15:58.705 [FXGL Background Thread 2 ] DEBUG FXGLAssetLoaderServi - Loading from file system: file:/C:/Users/Usuario/OneDrive%20-%20Universidad%20Icesi%20(@icesi.edu.co)/APO2/Tareas%20integradoras/NuclearThroneAtomic/src/nuclearthroneatomic/target/classes/assets/textures/Munition/1.png
19:15:58.766 [FXGL Background Thread 2 ] DEBUG FXGLAssetLoaderServi - Loading from file system: file:/C:/Users/Usuario/OneDrive%20-%20Universidad%20Icesi%20(@icesi.edu.co)/APO2/Tareas%20integradoras/NuclearThroneAtomic/src/nuclearthroneatomic/target/classes/assets/textures/hud/lifeplayer.png
19:15:58.774 [FXGL Background Thread 2 ] DEBUG FXGLAssetLoaderServi - Loading from file system: file:/C:/Users/Usuario/OneDrive%20-%20Universidad%20Icesi%20(@icesi.edu.co)/APO2/Tareas%20integradoras/NuclearThroneAtomic/src/nuclearthroneatomic/target/classes/assets/textures/hud/medkit.png
19:15:58.780 [FXGL Background Thread 2 ] DEBUG FXGLAssetLoaderServi - Loading from file system: file:/C:/Users/Usuario/OneDrive%20-%20Universidad%20Icesi%20(@icesi.edu.co)/APO2/Tareas%20integradoras/NuclearThroneAtomic/src/nuclearthroneatomic/target/classes/assets/textures/hud/trebol.png
19:15:58.788 [FXGL Background Thread 2 ] DEBUG FXGLAssetLoaderServi - Loading from file system: file:/C:/Users/Usuario/OneDrive%20-%20Universidad%20Icesi%20(@icesi.edu.co)/APO2/Tareas%20integradoras/NuclearThroneAtomic/src/nuclearthroneatomic/target/classes/assets/textures/Guns/1.png
19:15:58.795 [FXGL Background Thread 2 ] WARN  FXGLAssetLoaderServi - Asset "/assets/textures/enemy.png" was not found!
19:15:58.795 [FXGL Background Thread 2 ] WARN  FXGLAssetLoaderServi - Failed to load IMAGE
19:15:58.823 [FXGL Background Thread 2 ] WARN  FXGLAssetLoaderServi - Asset "/assets/textures/enemy.png" was not found!
19:15:58.824 [FXGL Background Thread 2 ] WARN  FXGLAssetLoaderServi - Failed to load IMAGE
19:15:58.826 [FXGL Background Thread 2 ] WARN  FXGLAssetLoaderServi - Asset "/assets/textures/enemy.png" was not found!
19:15:58.826 [FXGL Background Thread 2 ] WARN  FXGLAssetLoaderServi - Failed to load IMAGE
19:15:58.828 [FXGL Background Thread 2 ] DEBUG FXGLAssetLoaderServi - Loading from file system: file:/C:/Users/Usuario/OneDrive%20-%20Universidad%20Icesi%20(@icesi.edu.co)/APO2/Tareas%20integradoras/NuclearThroneAtomic/src/nuclearthroneatomic/target/classes/assets/textures/portal/1.png
19:15:58.834 [FXGL Background Thread 2 ] DEBUG FXGLAssetLoaderServi - Loading from file system: file:/C:/Users/Usuario/OneDrive%20-%20Universidad%20Icesi%20(@icesi.edu.co)/APO2/Tareas%20integradoras/NuclearThroneAtomic/src/nuclearthroneatomic/target/classes/assets/textures/portal/2.png
19:15:58.839 [FXGL Background Thread 2 ] DEBUG FXGLAssetLoaderServi - Loading from file system: file:/C:/Users/Usuario/OneDrive%20-%20Universidad%20Icesi%20(@icesi.edu.co)/APO2/Tareas%20integradoras/NuclearThroneAtomic/src/nuclearthroneatomic/target/classes/assets/textures/portal/3.png
19:15:58.844 [FXGL Background Thread 2 ] DEBUG FXGLAssetLoaderServi - Loading from file system: file:/C:/Users/Usuario/OneDrive%20-%20Universidad%20Icesi%20(@icesi.edu.co)/APO2/Tareas%20integradoras/NuclearThroneAtomic/src/nuclearthroneatomic/target/classes/assets/textures/portal/4.png
19:15:58.859 [FXGL Background Thread 2 ] DEBUG FXGLAssetLoaderServi - Loading from file system: file:/C:/Users/Usuario/OneDrive%20-%20Universidad%20Icesi%20(@icesi.edu.co)/APO2/Tareas%20integradoras/NuclearThroneAtomic/src/nuclearthroneatomic/target/classes/assets/textures/Wall/1.png
19:15:58.994 [FXGL Background Thread 2 ] INFO  FXGLApplication      - Game initialization took: 0,365 sec
19:15:58.998 [JavaFX Application Thread] DEBUG Input                - Clearing active input actions
19:15:59.010 [JavaFX Application Thread] DEBUG GameApplicationServi - Removing overlay from FXGLLoadingScene and adding to GameScene
19:15:59.011 [JavaFX Application Thread] DEBUG PrimaryStageWindow   - FXGLLoadingScene -> GameScene
19:16:08.772 [JavaFX Application Thread] DEBUG FXGLAssetLoaderServi - Loading from file system: file:/C:/Users/Usuario/OneDrive%20-%20Universidad%20Icesi%20(@icesi.edu.co)/APO2/Tareas%20integradoras/NuclearThroneAtomic/src/nuclearthroneatomic/target/classes/assets/textures/Bullet/1.png
19:16:10.758 [JavaFX Application Thread] DEBUG FXGLApplication      - Exiting FXGL
19:16:10.758 [JavaFX Application Thread] DEBUG LoopRunner           - Stopping loop
19:16:10.759 [JavaFX Application Thread] DEBUG SystemBundleService  - Saving FXGL system data
19:16:10.761 [JavaFX Application Thread] DEBUG FileSystemAccess     - Writing to: C:\Users\Usuario\OneDrive - Universidad Icesi (@icesi.edu.co)\APO2\Tareas integradoras\NuclearThroneAtomic\src\nuclearthroneatomic\system\fxgl.bundle
19:16:10.765 [JavaFX Application Thread] DEBUG Async                - Shutting down background threads
19:16:10.766 [JavaFX Application Thread] DEBUG PrimaryStageWindow   - Closing main window
19:16:10.780 [JavaFX Application Thread] DEBUG Logger               - Closing Logger
