19:41:32.260 [main                     ] DEBUG Logger               - Configured Logger
19:41:32.310 [main                     ] DEBUG GameApplication      - Logging settings
Title: Nuclear Throne Atomic
Version: 0.0
Width: 800
Height: 600
Fullscreen: true
Intro: false
Profiling: false
Single step:false
App Mode: DEVELOPER
Menu Key: ESCAPE
Stage Style: DECORATED
Scene Factory: class com.almasb.fxgl.app.scene.SceneFactory

19:41:33.173 [JavaFX Application Thread] DEBUG FXGLApplication      - Initializing FXGL
19:41:33.181 [JavaFX Application Thread] INFO  Engine               - FXGL-17.2 (20.08.2022 16.50) on WINDOWS (J:20.0.1 FX:18.0.2)
19:41:33.182 [JavaFX Application Thread] DEBUG Engine               - JRE Vendor Name: Oracle Corporation
19:41:33.182 [JavaFX Application Thread] DEBUG Engine               - Running on OS: Windows 10 version 10.0
19:41:33.183 [JavaFX Application Thread] DEBUG Engine               - Architecture: amd64
19:41:33.183 [JavaFX Application Thread] INFO  Engine               - Source code and latest versions at: https://github.com/AlmasB/FXGL
19:41:33.183 [JavaFX Application Thread] INFO  Engine               -       Ask questions and discuss at: https://github.com/AlmasB/FXGL/discussions
19:41:33.183 [JavaFX Application Thread] INFO  Engine               -              Join the FXGL chat at: https://gitter.im/AlmasB/FXGL
19:41:33.303 [JavaFX Application Thread] DEBUG PrimaryStageWindow   - Creating a JavaFX scene
19:41:33.364 [JavaFX Application Thread] DEBUG PrimaryStageWindow   - Target settings size: 800.0 x 600.0
19:41:33.364 [JavaFX Application Thread] DEBUG PrimaryStageWindow   - Scaled scene size:    800.0 x 600.0
19:41:33.364 [JavaFX Application Thread] DEBUG PrimaryStageWindow   - Scaled ratio: (1.0, 1.0)
19:41:33.366 [JavaFX Application Thread] DEBUG PrimaryStageWindow   - Set initial scene to FXGLStartupScene
19:41:33.379 [JavaFX Application Thread] DEBUG PrimaryStageWindow   - Opening main window
19:41:33.502 [JavaFX Application Thread] DEBUG PrimaryStageWindow   - Window border size: (16.0, 39.0)
19:41:33.503 [JavaFX Application Thread] DEBUG PrimaryStageWindow   - Scaled size: 800.0 x 600.0
19:41:33.503 [JavaFX Application Thread] DEBUG PrimaryStageWindow   - Scaled ratio: (1.0, 1.0)
19:41:33.504 [JavaFX Application Thread] DEBUG PrimaryStageWindow   - Scene size: 800.0 x 600.0
19:41:33.505 [JavaFX Application Thread] DEBUG PrimaryStageWindow   - Stage size: 816.0 x 639.0
19:41:33.518 [FXGL Background Thread 1 ] DEBUG Engine               - Initializing environment variables
19:41:33.607 [FXGL Background Thread 1 ] DEBUG FXGLAssetLoaderServi - User app class for loading assets: class com.example.nuclearthroneatomic.Controller
19:41:33.608 [FXGL Background Thread 1 ] DEBUG GameApplicationServi - Applying CSS: fxgl_dark.css
19:41:33.610 [FXGL Background Thread 1 ] DEBUG FXGLAssetLoaderServi - Loading from file system: jar:file:///C:/Users/Usuario/.m2/repository/com/github/almasb/fxgl/17.2/fxgl-17.2.jar!/fxglassets/ui/css/fxgl_dark.css
19:41:33.677 [FXGL Background Thread 1 ] DEBUG GameApplicationServi - Initializing application scenes
19:41:33.742 [FXGL Background Thread 1 ] DEBUG GameWorld            - Game world initialized
19:41:33.844 [FXGL Background Thread 1 ] DEBUG PhysicsWorld         - Physics world initialized: appHeight=600, physics.ppm=50,0
19:41:33.844 [FXGL Background Thread 1 ] DEBUG PhysicsWorld         - Using strategy: BRUTE_FORCE
19:41:33.852 [FXGL Background Thread 1 ] DEBUG GameScene            - Game scene initialized: 800x600
19:41:33.871 [FXGL Background Thread 1 ] DEBUG FXGL.DefaultMenu     - createMenuBodyMainMenu()
19:41:33.894 [FXGL Background Thread 1 ] DEBUG FXGL.DefaultMenu     - createOptionsMenu()
19:41:33.914 [FXGL Background Thread 1 ] DEBUG FXGLAssetLoaderServi - Loading from file system: jar:file:///C:/Users/Usuario/.m2/repository/com/github/almasb/fxgl/17.2/fxgl-17.2.jar!/fxglassets/textures/particles/smoke.png
19:41:34.057 [FXGL Background Thread 1 ] DEBUG FXGLAssetLoaderServi - Loading from file system: jar:file:///C:/Users/Usuario/.m2/repository/com/github/almasb/fxgl/17.2/fxgl-17.2.jar!/fxglassets/textures/particles/trace_horizontal.png
19:41:34.092 [FXGL Background Thread 1 ] DEBUG FXGL.DefaultMenu     - createMenuBodyGameMenu()
19:41:34.094 [FXGL Background Thread 1 ] DEBUG FXGL.DefaultMenu     - createOptionsMenu()
19:41:34.110 [FXGL Background Thread 1 ] DEBUG GameApplicationServi - Application scenes initialized
19:41:34.128 [FXGL Background Thread 1 ] DEBUG SystemBundleService  - Loading FXGL system data
19:41:34.136 [FXGL Background Thread 1 ] DEBUG FileSystemAccess     - Reading from: C:\Users\Usuario\OneDrive - Universidad Icesi (@icesi.edu.co)\APO2\Tareas integradoras\NuclearThroneAtomic\src\nuclearthroneatomic\system\fxgl.bundle
19:41:34.152 [FXGL Background Thread 1 ] DEBUG SystemBundleService  - Bundle FXGL: {}
19:41:34.152 [FXGL Background Thread 1 ] DEBUG UpdaterService       - Checking for updates
19:41:34.160 [FXGL Background Thread 4 ] DEBUG FXGLApplication      - Loading fonts
19:41:34.160 [FXGL Background Thread 1 ] DEBUG FXGLApplication      - Loading default localization
19:41:34.161 [FXGL Background Thread 4 ] DEBUG FXGLAssetLoaderServi - Loading from file system: jar:file:///C:/Users/Usuario/.m2/repository/com/github/almasb/fxgl/17.2/fxgl-17.2.jar!/fxglassets/ui/fonts/VarelaRound-Regular.ttf
19:41:34.191 [FXGL Background Thread 1 ] INFO  FXGLApplication      - FXGL initialization took: 0,673 sec
19:41:34.208 [JavaFX Application Thread] DEBUG Input                - Registered new binding: lucky - Q
19:41:34.208 [JavaFX Application Thread] DEBUG Input                - Registered new binding: health - F
19:41:34.209 [JavaFX Application Thread] DEBUG Input                - Registered new binding: Right - D
19:41:34.209 [JavaFX Application Thread] DEBUG Input                - Registered new binding: Left - A
19:41:34.210 [JavaFX Application Thread] DEBUG Input                - Registered new binding: Up - W
19:41:34.210 [JavaFX Application Thread] DEBUG Input                - Registered new binding: Down - S
19:41:34.211 [JavaFX Application Thread] DEBUG Input                - Registered new binding: Reload - RMB
19:41:34.212 [JavaFX Application Thread] DEBUG Input                - Registered new binding: Shoot - LMB
19:41:34.213 [JavaFX Application Thread] DEBUG FXGLAssetLoaderServi - Loading from file system: jar:file:///C:/Users/Usuario/.m2/repository/com/github/almasb/fxgl/17.2/fxgl-17.2.jar!/fxglassets/textures/fxgl_icon.png
19:41:34.248 [JavaFX Application Thread] DEBUG FXGLAssetLoaderServi - Loading from file system: jar:file:///C:/Users/Usuario/.m2/repository/com/github/almasb/fxgl/17.2/fxgl-17.2.jar!/fxglassets/textures/fxgl_default_cursor.png
19:41:34.253 [JavaFX Application Thread] DEBUG Input                - Registered new binding: Screenshot - CTRL+8
19:41:34.253 [JavaFX Application Thread] DEBUG Input                - Registered new binding: System info dump - CTRL+9
19:41:34.254 [JavaFX Application Thread] DEBUG Input                - Registered new binding: Restart - CTRL+R
19:41:34.255 [JavaFX Application Thread] DEBUG Input                - Registered new binding: Toggle Debug Camera - CTRL+7
19:41:34.258 [JavaFX Application Thread] DEBUG LoopRunner           - Starting loop
19:41:34.259 [JavaFX Application Thread] DEBUG LoopRunner           - Initializing JavaFX AnimationTimerLoop
19:41:34.263 [JavaFX Application Thread] DEBUG Input                - Clearing active input actions
19:41:34.277 [JavaFX Application Thread] DEBUG GameApplicationServi - Removing overlay from FXGLStartupScene and adding to FXGLMainMenuDummyScene
19:41:34.278 [JavaFX Application Thread] DEBUG PrimaryStageWindow   - FXGLStartupScene -> FXGLMainMenuDummyScene
19:41:34.278 [JavaFX Application Thread] DEBUG PrimaryStageWindow   - Push state: FXGLDefaultMenu
19:41:34.287 [JavaFX Application Thread] DEBUG Input                - Clearing active input actions
19:41:34.300 [JavaFX Application Thread] DEBUG GameApplicationServi - Removing overlay from FXGLMainMenuDummyScene and adding to FXGLDefaultMenu
19:41:34.301 [JavaFX Application Thread] DEBUG PrimaryStageWindow   - FXGLMainMenuDummyScene -> FXGLDefaultMenu
19:41:34.357 [FXGL Background Thread 4 ] DEBUG FXGLAssetLoaderServi - Loading from file system: jar:file:///C:/Users/Usuario/.m2/repository/com/github/almasb/fxgl/17.2/fxgl-17.2.jar!/fxglassets/ui/fonts/Abel-Regular.ttf
19:41:34.365 [FXGL Background Thread 4 ] DEBUG FXGLAssetLoaderServi - Loading from file system: jar:file:///C:/Users/Usuario/.m2/repository/com/github/almasb/fxgl/17.2/fxgl-17.2.jar!/fxglassets/ui/fonts/TerminalLandMono-Regular.otf
19:41:34.374 [FXGL Background Thread 4 ] DEBUG FXGLAssetLoaderServi - Loading from file system: jar:file:///C:/Users/Usuario/.m2/repository/com/github/almasb/fxgl/17.2/fxgl-17.2.jar!/fxglassets/ui/fonts/Courier-Prime.ttf
19:41:34.457 [JavaFX Application Thread] DEBUG FXGLApplication      - Registering font factories with UI factory
19:41:34.891 [FXGL Background Thread 2 ] INFO  UpdaterService       - Your current version:  17.2
19:41:34.891 [FXGL Background Thread 2 ] INFO  UpdaterService       - Latest stable version: 17.3
19:41:37.157 [FXGL Background Thread 3 ] DEBUG Engine               - Logging environment variables
19:41:37.157 [FXGL Background Thread 3 ] DEBUG Engine               - achievements: []
19:41:37.157 [FXGL Background Thread 3 ] DEBUG Engine               - actualHeight: 600.0
19:41:37.157 [FXGL Background Thread 3 ] DEBUG Engine               - actualHeightProperty: ReadOnlyDoubleProperty [value: 600.0]
19:41:37.158 [FXGL Background Thread 3 ] DEBUG Engine               - actualWidth: 800.0
19:41:37.158 [FXGL Background Thread 3 ] DEBUG Engine               - actualWidthProperty: ReadOnlyDoubleProperty [value: 800.0]
19:41:37.158 [FXGL Background Thread 3 ] DEBUG Engine               - appIcon: fxgl_icon.png
19:41:37.158 [FXGL Background Thread 3 ] DEBUG Engine               - applicationMode: DEVELOPER
19:41:37.158 [FXGL Background Thread 3 ] DEBUG Engine               - cSSList: [fxgl_dark.css]
19:41:37.158 [FXGL Background Thread 3 ] DEBUG Engine               - collisionDetectionStrategy: BRUTE_FORCE
19:41:37.158 [FXGL Background Thread 3 ] DEBUG Engine               - configClass: Optional.empty
19:41:37.158 [FXGL Background Thread 3 ] DEBUG Engine               - credits: []
19:41:37.158 [FXGL Background Thread 3 ] DEBUG Engine               - defaultCursor: CursorInfo(imageName=fxgl_default_cursor.png, hotspotX=7.0, hotspotY=6.0)
19:41:37.158 [FXGL Background Thread 3 ] DEBUG Engine               - devBBoxColorProperty: ObjectProperty [value: 0xff0000ff]
19:41:37.159 [FXGL Background Thread 3 ] DEBUG Engine               - devEnableDebugCameraProperty: BooleanProperty [value: false]
19:41:37.159 [FXGL Background Thread 3 ] DEBUG Engine               - devSensorColorProperty: ObjectProperty [value: 0xffff00ff]
19:41:37.159 [FXGL Background Thread 3 ] DEBUG Engine               - devShowBBoxProperty: BooleanProperty [value: false]
19:41:37.159 [FXGL Background Thread 3 ] DEBUG Engine               - devShowPositionProperty: BooleanProperty [value: false]
19:41:37.159 [FXGL Background Thread 3 ] DEBUG Engine               - enabledMenuItems: []
19:41:37.159 [FXGL Background Thread 3 ] DEBUG Engine               - engineServices: [class com.almasb.fxgl.app.services.FXGLAssetLoaderService, class com.almasb.fxgl.app.FXGLApplication$GameApplicationService, class com.almasb.fxgl.app.services.FXGLDialogService, class com.almasb.fxgl.app.services.IOTaskExecutorService, class com.almasb.fxgl.io.FileSystemService, class com.almasb.fxgl.localization.LocalizationService, class com.almasb.fxgl.app.services.SystemBundleService, class com.almasb.fxgl.profile.SaveLoadService, class com.almasb.fxgl.ui.FXGLUIFactoryServiceProvider, class com.almasb.fxgl.ui.FXGLDialogFactoryServiceProvider, class com.almasb.fxgl.audio.AudioPlayer, class com.almasb.fxgl.notification.impl.NotificationServiceProvider, class com.almasb.fxgl.achievement.AchievementService, class com.almasb.fxgl.cutscene.CutsceneService, class com.almasb.fxgl.minigames.MiniGameService, class com.almasb.fxgl.net.NetService, class com.almasb.fxgl.app.services.UpdaterService, class com.almasb.fxgl.dev.DevService]
19:41:37.159 [FXGL Background Thread 3 ] DEBUG Engine               - fontGame: Abel-Regular.ttf
19:41:37.159 [FXGL Background Thread 3 ] DEBUG Engine               - fontMono: TerminalLandMono-Regular.otf
19:41:37.159 [FXGL Background Thread 3 ] DEBUG Engine               - fontText: Courier-Prime.ttf
19:41:37.159 [FXGL Background Thread 3 ] DEBUG Engine               - fontUI: VarelaRound-Regular.ttf
19:41:37.159 [FXGL Background Thread 3 ] DEBUG Engine               - fullScreen: BooleanProperty [value: false]
19:41:37.159 [FXGL Background Thread 3 ] DEBUG Engine               - gameDifficulty: MEDIUM
19:41:37.159 [FXGL Background Thread 3 ] DEBUG Engine               - gameDifficultyProperty: ObjectProperty [value: MEDIUM]
19:41:37.160 [FXGL Background Thread 3 ] DEBUG Engine               - globalMusicVolume: 0.5
19:41:37.160 [FXGL Background Thread 3 ] DEBUG Engine               - globalMusicVolumeProperty: DoubleProperty [value: 0.5]
19:41:37.160 [FXGL Background Thread 3 ] DEBUG Engine               - globalSoundVolume: 0.5
19:41:37.160 [FXGL Background Thread 3 ] DEBUG Engine               - globalSoundVolumeProperty: DoubleProperty [value: 0.5]
19:41:37.160 [FXGL Background Thread 3 ] DEBUG Engine               - height: 600
19:41:37.160 [FXGL Background Thread 3 ] DEBUG Engine               - is3D: false
19:41:37.160 [FXGL Background Thread 3 ] DEBUG Engine               - isAndroid: false
19:41:37.160 [FXGL Background Thread 3 ] DEBUG Engine               - isBrowser: false
19:41:37.160 [FXGL Background Thread 3 ] DEBUG Engine               - isClickFeedbackEnabled: false
19:41:37.160 [FXGL Background Thread 3 ] DEBUG Engine               - isCloseConfirmation: false
19:41:37.160 [FXGL Background Thread 3 ] DEBUG Engine               - isDesktop: true
19:41:37.160 [FXGL Background Thread 3 ] DEBUG Engine               - isDeveloperMenuEnabled: false
19:41:37.160 [FXGL Background Thread 3 ] DEBUG Engine               - isEmbedded: false
19:41:37.161 [FXGL Background Thread 3 ] DEBUG Engine               - isEntityPreloadEnabled: true
19:41:37.161 [FXGL Background Thread 3 ] DEBUG Engine               - isExperimentalTiledLargeMap: false
19:41:37.161 [FXGL Background Thread 3 ] DEBUG Engine               - isFileSystemWriteAllowed: true
19:41:37.161 [FXGL Background Thread 3 ] DEBUG Engine               - isFullScreenAllowed: true
19:41:37.161 [FXGL Background Thread 3 ] DEBUG Engine               - isFullScreenFromStart: false
19:41:37.161 [FXGL Background Thread 3 ] DEBUG Engine               - isGameMenuEnabled: true
19:41:37.161 [FXGL Background Thread 3 ] DEBUG Engine               - isIOS: false
19:41:37.161 [FXGL Background Thread 3 ] DEBUG Engine               - isIntroEnabled: false
19:41:37.161 [FXGL Background Thread 3 ] DEBUG Engine               - isLinux: false
19:41:37.161 [FXGL Background Thread 3 ] DEBUG Engine               - isMac: false
19:41:37.161 [FXGL Background Thread 3 ] DEBUG Engine               - isMainMenuEnabled: true
19:41:37.161 [FXGL Background Thread 3 ] DEBUG Engine               - isManualResizeEnabled: false
19:41:37.161 [FXGL Background Thread 3 ] DEBUG Engine               - isMobile: false
19:41:37.161 [FXGL Background Thread 3 ] DEBUG Engine               - isNative: false
19:41:37.161 [FXGL Background Thread 3 ] DEBUG Engine               - isPauseMusicWhenMinimized: true
19:41:37.161 [FXGL Background Thread 3 ] DEBUG Engine               - isPreserveResizeRatio: false
19:41:37.161 [FXGL Background Thread 3 ] DEBUG Engine               - isProfilingEnabled: false
19:41:37.161 [FXGL Background Thread 3 ] DEBUG Engine               - isScaleAffectedOnResize: true
19:41:37.162 [FXGL Background Thread 3 ] DEBUG Engine               - isSingleStep: false
19:41:37.162 [FXGL Background Thread 3 ] DEBUG Engine               - isUserProfileEnabled: false
19:41:37.162 [FXGL Background Thread 3 ] DEBUG Engine               - isWindows: true
19:41:37.162 [FXGL Background Thread 3 ] DEBUG Engine               - language: ObjectProperty [value: ENGLISH]
19:41:37.162 [FXGL Background Thread 3 ] DEBUG Engine               - menuKey: ESCAPE
19:41:37.162 [FXGL Background Thread 3 ] DEBUG Engine               - mouseSensitivity: 0.2
19:41:37.162 [FXGL Background Thread 3 ] DEBUG Engine               - notificationViewClass: class com.almasb.fxgl.notification.view.XboxNotificationView
19:41:37.162 [FXGL Background Thread 3 ] DEBUG Engine               - pixelsPerMeter: 50.0
19:41:37.162 [FXGL Background Thread 3 ] DEBUG Engine               - platform: WINDOWS
19:41:37.162 [FXGL Background Thread 3 ] DEBUG Engine               - prefHeightProperty: ReadOnlyDoubleProperty [value: 600.0]
19:41:37.162 [FXGL Background Thread 3 ] DEBUG Engine               - prefWidthProperty: ReadOnlyDoubleProperty [value: 800.0]
19:41:37.162 [FXGL Background Thread 3 ] DEBUG Engine               - profileDir: profiles/
19:41:37.162 [FXGL Background Thread 3 ] DEBUG Engine               - profileName: StringProperty [value: DEFAULT]
19:41:37.162 [FXGL Background Thread 3 ] DEBUG Engine               - randomSeed: -1
19:41:37.163 [FXGL Background Thread 3 ] DEBUG Engine               - runtimeInfo: RuntimeInfo(platform=WINDOWS, version=17.2, build=20.08.2022 16.50)
19:41:37.163 [FXGL Background Thread 3 ] DEBUG Engine               - saveFileExt: sav
19:41:37.163 [FXGL Background Thread 3 ] DEBUG Engine               - scaledHeightProp$fxgl: DoubleProperty [bound, value: 600.0]
19:41:37.163 [FXGL Background Thread 3 ] DEBUG Engine               - scaledWidthProp$fxgl: DoubleProperty [bound, value: 800.0]
19:41:37.163 [FXGL Background Thread 3 ] DEBUG Engine               - sceneFactory: com.almasb.fxgl.app.scene.SceneFactory@1fbeb8a3
19:41:37.163 [FXGL Background Thread 3 ] DEBUG Engine               - secondsIn24h: 60
19:41:37.163 [FXGL Background Thread 3 ] DEBUG Engine               - soundMenuBack: menu/back.wav
19:41:37.163 [FXGL Background Thread 3 ] DEBUG Engine               - soundMenuPress: menu/press.wav
19:41:37.163 [FXGL Background Thread 3 ] DEBUG Engine               - soundMenuSelect: menu/select.wav
19:41:37.163 [FXGL Background Thread 3 ] DEBUG Engine               - soundNotification: core/notification.wav
19:41:37.163 [FXGL Background Thread 3 ] DEBUG Engine               - stageStyle: DECORATED
19:41:37.163 [FXGL Background Thread 3 ] DEBUG Engine               - supportedLanguages: [ENGLISH, FRENCH, GERMAN, HUNGARIAN, RUSSIAN]
19:41:37.164 [FXGL Background Thread 3 ] DEBUG Engine               - ticksPerSecond: -1
19:41:37.164 [FXGL Background Thread 3 ] DEBUG Engine               - title: Nuclear Throne Atomic
19:41:37.164 [FXGL Background Thread 3 ] DEBUG Engine               - urlGithub: https://github.com/AlmasB/FXGL
19:41:37.164 [FXGL Background Thread 3 ] DEBUG Engine               - urlLeaderboard: http://fxgl-top.herokuapp.com/
19:41:37.164 [FXGL Background Thread 3 ] DEBUG Engine               - urlPOM: https://raw.githubusercontent.com/AlmasB/FXGL/release/README.md
19:41:37.164 [FXGL Background Thread 3 ] DEBUG Engine               - userAppClass: class com.example.nuclearthroneatomic.Controller
19:41:37.164 [FXGL Background Thread 3 ] DEBUG Engine               - version: 0.0
19:41:37.164 [FXGL Background Thread 3 ] DEBUG Engine               - versionCheckDays: 7
19:41:37.164 [FXGL Background Thread 3 ] DEBUG Engine               - width: 800
19:41:37.164 [FXGL Background Thread 3 ] DEBUG Engine               - Logging services
19:41:37.164 [FXGL Background Thread 3 ] DEBUG Engine               - class com.almasb.fxgl.app.services.FXGLAssetLoaderService
19:41:37.164 [FXGL Background Thread 3 ] DEBUG Engine               - class com.almasb.fxgl.app.FXGLApplication$GameApplicationService
19:41:37.164 [FXGL Background Thread 3 ] DEBUG Engine               - class com.almasb.fxgl.app.services.FXGLDialogService
19:41:37.164 [FXGL Background Thread 3 ] DEBUG Engine               - class com.almasb.fxgl.app.services.IOTaskExecutorService
19:41:37.164 [FXGL Background Thread 3 ] DEBUG Engine               - class com.almasb.fxgl.io.FileSystemService
19:41:37.164 [FXGL Background Thread 3 ] DEBUG Engine               - class com.almasb.fxgl.localization.LocalizationService
19:41:37.165 [FXGL Background Thread 3 ] DEBUG Engine               - class com.almasb.fxgl.app.services.SystemBundleService
19:41:37.165 [FXGL Background Thread 3 ] DEBUG Engine               - class com.almasb.fxgl.profile.SaveLoadService
19:41:37.165 [FXGL Background Thread 3 ] DEBUG Engine               - class com.almasb.fxgl.ui.FXGLUIFactoryServiceProvider
19:41:37.165 [FXGL Background Thread 3 ] DEBUG Engine               - class com.almasb.fxgl.ui.FXGLDialogFactoryServiceProvider
19:41:37.165 [FXGL Background Thread 3 ] DEBUG Engine               - class com.almasb.fxgl.audio.AudioPlayer
19:41:37.165 [FXGL Background Thread 3 ] DEBUG Engine               - class com.almasb.fxgl.notification.impl.NotificationServiceProvider
19:41:37.165 [FXGL Background Thread 3 ] DEBUG Engine               - class com.almasb.fxgl.achievement.AchievementService
19:41:37.165 [FXGL Background Thread 3 ] DEBUG Engine               - class com.almasb.fxgl.cutscene.CutsceneService
19:41:37.165 [FXGL Background Thread 3 ] DEBUG Engine               - class com.almasb.fxgl.minigames.MiniGameService
19:41:37.165 [FXGL Background Thread 3 ] DEBUG Engine               - class com.almasb.fxgl.net.NetService
19:41:37.165 [FXGL Background Thread 3 ] DEBUG Engine               - class com.almasb.fxgl.app.services.UpdaterService
19:41:37.165 [FXGL Background Thread 3 ] DEBUG Engine               - class com.almasb.fxgl.dev.DevService
19:41:39.958 [JavaFX Application Thread] DEBUG Menu                 - fireNewGame()
19:41:39.958 [JavaFX Application Thread] DEBUG GameApplicationServi - Starting new game
19:41:39.961 [JavaFX Application Thread] DEBUG PrimaryStageWindow   - Pop state: FXGLDefaultMenu
19:41:39.961 [JavaFX Application Thread] DEBUG Input                - Clearing active input actions
19:41:39.963 [JavaFX Application Thread] DEBUG GameApplicationServi - Removing overlay from FXGLDefaultMenu and adding to FXGLMainMenuDummyScene
19:41:39.964 [JavaFX Application Thread] DEBUG PrimaryStageWindow   - FXGLMainMenuDummyScene <- FXGLDefaultMenu
19:41:39.964 [JavaFX Application Thread] DEBUG Input                - Clearing active input actions
19:41:39.987 [JavaFX Application Thread] DEBUG GameApplicationServi - Removing overlay from FXGLMainMenuDummyScene and adding to FXGLLoadingScene
19:41:39.988 [JavaFX Application Thread] DEBUG PrimaryStageWindow   - FXGLMainMenuDummyScene -> FXGLLoadingScene
19:41:39.988 [JavaFX Application Thread] DEBUG GameApplicationServi - Clearing previous game
19:41:39.988 [JavaFX Application Thread] DEBUG GameScene            - Clearing game scene
19:41:39.988 [JavaFX Application Thread] DEBUG GameWorld            - Clearing game world
19:41:39.988 [JavaFX Application Thread] DEBUG PhysicsWorld         - Clearing physics world
19:41:39.992 [FXGL Background Thread 2 ] DEBUG FXGLApplication      - Initializing game
19:41:40.005 [FXGL Background Thread 2 ] DEBUG FXGLAssetLoaderServi - Loading from file system: file:/C:/Users/Usuario/OneDrive%20-%20Universidad%20Icesi%20(@icesi.edu.co)/APO2/Tareas%20integradoras/NuclearThroneAtomic/src/nuclearthroneatomic/target/classes/assets/textures/Avatar/1-Idle/1.png
19:41:40.009 [FXGL Background Thread 2 ] DEBUG FXGLAssetLoaderServi - Loading from file system: file:/C:/Users/Usuario/OneDrive%20-%20Universidad%20Icesi%20(@icesi.edu.co)/APO2/Tareas%20integradoras/NuclearThroneAtomic/src/nuclearthroneatomic/target/classes/assets/textures/Avatar/1-Idle/2.png
19:41:40.013 [FXGL Background Thread 2 ] DEBUG FXGLAssetLoaderServi - Loading from file system: file:/C:/Users/Usuario/OneDrive%20-%20Universidad%20Icesi%20(@icesi.edu.co)/APO2/Tareas%20integradoras/NuclearThroneAtomic/src/nuclearthroneatomic/target/classes/assets/textures/Avatar/1-Idle/3.png
19:41:40.016 [FXGL Background Thread 2 ] DEBUG FXGLAssetLoaderServi - Loading from file system: file:/C:/Users/Usuario/OneDrive%20-%20Universidad%20Icesi%20(@icesi.edu.co)/APO2/Tareas%20integradoras/NuclearThroneAtomic/src/nuclearthroneatomic/target/classes/assets/textures/Avatar/1-Idle/4.png
19:41:40.070 [FXGL Background Thread 2 ] DEBUG FXGLAssetLoaderServi - Loading from file system: file:/C:/Users/Usuario/OneDrive%20-%20Universidad%20Icesi%20(@icesi.edu.co)/APO2/Tareas%20integradoras/NuclearThroneAtomic/src/nuclearthroneatomic/target/classes/assets/textures/Avatar/2-Run/1.png
19:41:40.075 [FXGL Background Thread 2 ] DEBUG FXGLAssetLoaderServi - Loading from file system: file:/C:/Users/Usuario/OneDrive%20-%20Universidad%20Icesi%20(@icesi.edu.co)/APO2/Tareas%20integradoras/NuclearThroneAtomic/src/nuclearthroneatomic/target/classes/assets/textures/Avatar/2-Run/2.png
19:41:40.079 [FXGL Background Thread 2 ] DEBUG FXGLAssetLoaderServi - Loading from file system: file:/C:/Users/Usuario/OneDrive%20-%20Universidad%20Icesi%20(@icesi.edu.co)/APO2/Tareas%20integradoras/NuclearThroneAtomic/src/nuclearthroneatomic/target/classes/assets/textures/Avatar/2-Run/3.png
19:41:40.083 [FXGL Background Thread 2 ] DEBUG FXGLAssetLoaderServi - Loading from file system: file:/C:/Users/Usuario/OneDrive%20-%20Universidad%20Icesi%20(@icesi.edu.co)/APO2/Tareas%20integradoras/NuclearThroneAtomic/src/nuclearthroneatomic/target/classes/assets/textures/Avatar/2-Run/4.png
19:41:40.086 [FXGL Background Thread 2 ] DEBUG FXGLAssetLoaderServi - Loading from file system: file:/C:/Users/Usuario/OneDrive%20-%20Universidad%20Icesi%20(@icesi.edu.co)/APO2/Tareas%20integradoras/NuclearThroneAtomic/src/nuclearthroneatomic/target/classes/assets/textures/Avatar/2-Run/5.png
19:41:40.090 [FXGL Background Thread 2 ] DEBUG FXGLAssetLoaderServi - Loading from file system: file:/C:/Users/Usuario/OneDrive%20-%20Universidad%20Icesi%20(@icesi.edu.co)/APO2/Tareas%20integradoras/NuclearThroneAtomic/src/nuclearthroneatomic/target/classes/assets/textures/Avatar/2-Run/6.png
19:41:40.099 [FXGL Background Thread 2 ] DEBUG FXGLAssetLoaderServi - Loading from file system: file:/C:/Users/Usuario/OneDrive%20-%20Universidad%20Icesi%20(@icesi.edu.co)/APO2/Tareas%20integradoras/NuclearThroneAtomic/src/nuclearthroneatomic/target/classes/assets/textures/Munition/1.png
19:41:40.172 [FXGL Background Thread 2 ] DEBUG FXGLAssetLoaderServi - Loading from file system: file:/C:/Users/Usuario/OneDrive%20-%20Universidad%20Icesi%20(@icesi.edu.co)/APO2/Tareas%20integradoras/NuclearThroneAtomic/src/nuclearthroneatomic/target/classes/assets/textures/hud/lifeplayer.png
19:41:40.183 [FXGL Background Thread 2 ] DEBUG FXGLAssetLoaderServi - Loading from file system: file:/C:/Users/Usuario/OneDrive%20-%20Universidad%20Icesi%20(@icesi.edu.co)/APO2/Tareas%20integradoras/NuclearThroneAtomic/src/nuclearthroneatomic/target/classes/assets/textures/hud/medkit.png
19:41:40.191 [FXGL Background Thread 2 ] DEBUG FXGLAssetLoaderServi - Loading from file system: file:/C:/Users/Usuario/OneDrive%20-%20Universidad%20Icesi%20(@icesi.edu.co)/APO2/Tareas%20integradoras/NuclearThroneAtomic/src/nuclearthroneatomic/target/classes/assets/textures/hud/trebol.png
19:41:40.203 [FXGL Background Thread 2 ] DEBUG FXGLAssetLoaderServi - Loading from file system: file:/C:/Users/Usuario/OneDrive%20-%20Universidad%20Icesi%20(@icesi.edu.co)/APO2/Tareas%20integradoras/NuclearThroneAtomic/src/nuclearthroneatomic/target/classes/assets/textures/Guns/1.png
19:41:40.211 [FXGL Background Thread 2 ] DEBUG FXGLAssetLoaderServi - Loading from file system: file:/C:/Users/Usuario/OneDrive%20-%20Universidad%20Icesi%20(@icesi.edu.co)/APO2/Tareas%20integradoras/NuclearThroneAtomic/src/nuclearthroneatomic/target/classes/assets/textures/enemy/1-Idle/1.png
19:41:40.213 [FXGL Background Thread 2 ] DEBUG FXGLAssetLoaderServi - Loading from file system: file:/C:/Users/Usuario/OneDrive%20-%20Universidad%20Icesi%20(@icesi.edu.co)/APO2/Tareas%20integradoras/NuclearThroneAtomic/src/nuclearthroneatomic/target/classes/assets/textures/enemy/1-Idle/2.png
19:41:40.216 [FXGL Background Thread 2 ] DEBUG FXGLAssetLoaderServi - Loading from file system: file:/C:/Users/Usuario/OneDrive%20-%20Universidad%20Icesi%20(@icesi.edu.co)/APO2/Tareas%20integradoras/NuclearThroneAtomic/src/nuclearthroneatomic/target/classes/assets/textures/enemy/1-Idle/3.png
19:41:40.221 [FXGL Background Thread 2 ] DEBUG FXGLAssetLoaderServi - Loading from file system: file:/C:/Users/Usuario/OneDrive%20-%20Universidad%20Icesi%20(@icesi.edu.co)/APO2/Tareas%20integradoras/NuclearThroneAtomic/src/nuclearthroneatomic/target/classes/assets/textures/enemy/1-Idle/4.png
19:41:40.228 [FXGL Background Thread 2 ] DEBUG FXGLAssetLoaderServi - Loading from file system: file:/C:/Users/Usuario/OneDrive%20-%20Universidad%20Icesi%20(@icesi.edu.co)/APO2/Tareas%20integradoras/NuclearThroneAtomic/src/nuclearthroneatomic/target/classes/assets/textures/enemy/2-Run/1.png
19:41:40.231 [FXGL Background Thread 2 ] DEBUG FXGLAssetLoaderServi - Loading from file system: file:/C:/Users/Usuario/OneDrive%20-%20Universidad%20Icesi%20(@icesi.edu.co)/APO2/Tareas%20integradoras/NuclearThroneAtomic/src/nuclearthroneatomic/target/classes/assets/textures/enemy/2-Run/2.png
19:41:40.236 [FXGL Background Thread 2 ] DEBUG FXGLAssetLoaderServi - Loading from file system: file:/C:/Users/Usuario/OneDrive%20-%20Universidad%20Icesi%20(@icesi.edu.co)/APO2/Tareas%20integradoras/NuclearThroneAtomic/src/nuclearthroneatomic/target/classes/assets/textures/enemy/2-Run/3.png
19:41:40.239 [FXGL Background Thread 2 ] DEBUG FXGLAssetLoaderServi - Loading from file system: file:/C:/Users/Usuario/OneDrive%20-%20Universidad%20Icesi%20(@icesi.edu.co)/APO2/Tareas%20integradoras/NuclearThroneAtomic/src/nuclearthroneatomic/target/classes/assets/textures/enemy/2-Run/4.png
19:41:40.242 [FXGL Background Thread 2 ] DEBUG FXGLAssetLoaderServi - Loading from file system: file:/C:/Users/Usuario/OneDrive%20-%20Universidad%20Icesi%20(@icesi.edu.co)/APO2/Tareas%20integradoras/NuclearThroneAtomic/src/nuclearthroneatomic/target/classes/assets/textures/enemy/2-Run/5.png
19:41:40.244 [FXGL Background Thread 2 ] DEBUG FXGLAssetLoaderServi - Loading from file system: file:/C:/Users/Usuario/OneDrive%20-%20Universidad%20Icesi%20(@icesi.edu.co)/APO2/Tareas%20integradoras/NuclearThroneAtomic/src/nuclearthroneatomic/target/classes/assets/textures/enemy/2-Run/6.png
19:41:40.269 [FXGL Background Thread 2 ] DEBUG FXGLAssetLoaderServi - Loading from file system: file:/C:/Users/Usuario/OneDrive%20-%20Universidad%20Icesi%20(@icesi.edu.co)/APO2/Tareas%20integradoras/NuclearThroneAtomic/src/nuclearthroneatomic/target/classes/assets/textures/portal/1.png
19:41:40.274 [FXGL Background Thread 2 ] DEBUG FXGLAssetLoaderServi - Loading from file system: file:/C:/Users/Usuario/OneDrive%20-%20Universidad%20Icesi%20(@icesi.edu.co)/APO2/Tareas%20integradoras/NuclearThroneAtomic/src/nuclearthroneatomic/target/classes/assets/textures/portal/2.png
19:41:40.280 [FXGL Background Thread 2 ] DEBUG FXGLAssetLoaderServi - Loading from file system: file:/C:/Users/Usuario/OneDrive%20-%20Universidad%20Icesi%20(@icesi.edu.co)/APO2/Tareas%20integradoras/NuclearThroneAtomic/src/nuclearthroneatomic/target/classes/assets/textures/portal/3.png
19:41:40.288 [FXGL Background Thread 2 ] DEBUG FXGLAssetLoaderServi - Loading from file system: file:/C:/Users/Usuario/OneDrive%20-%20Universidad%20Icesi%20(@icesi.edu.co)/APO2/Tareas%20integradoras/NuclearThroneAtomic/src/nuclearthroneatomic/target/classes/assets/textures/portal/4.png
19:41:40.308 [FXGL Background Thread 2 ] DEBUG FXGLAssetLoaderServi - Loading from file system: file:/C:/Users/Usuario/OneDrive%20-%20Universidad%20Icesi%20(@icesi.edu.co)/APO2/Tareas%20integradoras/NuclearThroneAtomic/src/nuclearthroneatomic/target/classes/assets/textures/Wall/1.png
19:41:40.460 [FXGL Background Thread 2 ] INFO  FXGLApplication      - Game initialization took: 0,468 sec
19:41:40.468 [JavaFX Application Thread] DEBUG Input                - Clearing active input actions
19:41:40.478 [JavaFX Application Thread] DEBUG GameApplicationServi - Removing overlay from FXGLLoadingScene and adding to GameScene
19:41:40.479 [JavaFX Application Thread] DEBUG PrimaryStageWindow   - FXGLLoadingScene -> GameScene
19:42:03.134 [JavaFX Application Thread] DEBUG FXGLApplication      - Exiting FXGL
19:42:03.134 [JavaFX Application Thread] DEBUG LoopRunner           - Stopping loop
19:42:03.135 [JavaFX Application Thread] DEBUG SystemBundleService  - Saving FXGL system data
19:42:03.138 [JavaFX Application Thread] DEBUG FileSystemAccess     - Writing to: C:\Users\Usuario\OneDrive - Universidad Icesi (@icesi.edu.co)\APO2\Tareas integradoras\NuclearThroneAtomic\src\nuclearthroneatomic\system\fxgl.bundle
19:42:03.142 [JavaFX Application Thread] DEBUG Async                - Shutting down background threads
19:42:03.142 [JavaFX Application Thread] DEBUG PrimaryStageWindow   - Closing main window
19:42:03.157 [JavaFX Application Thread] DEBUG Logger               - Closing Logger
