23:29:35.810 [main                     ] DEBUG Logger               - Configured Logger
23:29:35.853 [main                     ] DEBUG GameApplication      - Logging settings
Title: Nuclear Throne Atomic
Version: 0.0
Width: 800
Height: 600
Fullscreen: true
Intro: false
Profiling: false
Single step:false
App Mode: DEVELOPER
Menu Key: ESCAPE
Stage Style: DECORATED
Scene Factory: class com.almasb.fxgl.app.scene.SceneFactory

23:29:36.786 [JavaFX Application Thread] DEBUG FXGLApplication      - Initializing FXGL
23:29:36.792 [JavaFX Application Thread] INFO  Engine               - FXGL-17.2 (20.08.2022 16.50) on WINDOWS (J:20.0.1 FX:18.0.2)
23:29:36.793 [JavaFX Application Thread] DEBUG Engine               - JRE Vendor Name: Oracle Corporation
23:29:36.793 [JavaFX Application Thread] DEBUG Engine               - Running on OS: Windows 10 version 10.0
23:29:36.793 [JavaFX Application Thread] DEBUG Engine               - Architecture: amd64
23:29:36.793 [JavaFX Application Thread] INFO  Engine               - Source code and latest versions at: https://github.com/AlmasB/FXGL
23:29:36.793 [JavaFX Application Thread] INFO  Engine               -       Ask questions and discuss at: https://github.com/AlmasB/FXGL/discussions
23:29:36.794 [JavaFX Application Thread] INFO  Engine               -              Join the FXGL chat at: https://gitter.im/AlmasB/FXGL
23:29:36.905 [JavaFX Application Thread] DEBUG PrimaryStageWindow   - Creating a JavaFX scene
23:29:36.973 [JavaFX Application Thread] DEBUG PrimaryStageWindow   - Target settings size: 800.0 x 600.0
23:29:36.974 [JavaFX Application Thread] DEBUG PrimaryStageWindow   - Scaled scene size:    800.0 x 600.0
23:29:36.974 [JavaFX Application Thread] DEBUG PrimaryStageWindow   - Scaled ratio: (1.0, 1.0)
23:29:36.975 [JavaFX Application Thread] DEBUG PrimaryStageWindow   - Set initial scene to FXGLStartupScene
23:29:36.985 [JavaFX Application Thread] DEBUG PrimaryStageWindow   - Opening main window
23:29:37.110 [JavaFX Application Thread] DEBUG PrimaryStageWindow   - Window border size: (16.0, 39.0)
23:29:37.110 [JavaFX Application Thread] DEBUG PrimaryStageWindow   - Scaled size: 800.0 x 600.0
23:29:37.111 [JavaFX Application Thread] DEBUG PrimaryStageWindow   - Scaled ratio: (1.0, 1.0)
23:29:37.112 [JavaFX Application Thread] DEBUG PrimaryStageWindow   - Scene size: 800.0 x 600.0
23:29:37.112 [JavaFX Application Thread] DEBUG PrimaryStageWindow   - Stage size: 816.0 x 639.0
23:29:37.125 [FXGL Background Thread 1 ] DEBUG Engine               - Initializing environment variables
23:29:37.220 [FXGL Background Thread 1 ] DEBUG FXGLAssetLoaderServi - User app class for loading assets: class com.example.nuclearthroneatomic.Controller
23:29:37.220 [FXGL Background Thread 1 ] DEBUG GameApplicationServi - Applying CSS: fxgl_dark.css
23:29:37.223 [FXGL Background Thread 1 ] DEBUG FXGLAssetLoaderServi - Loading from file system: jar:file:///C:/Users/Usuario/.m2/repository/com/github/almasb/fxgl/17.2/fxgl-17.2.jar!/fxglassets/ui/css/fxgl_dark.css
23:29:37.287 [FXGL Background Thread 1 ] DEBUG GameApplicationServi - Initializing application scenes
23:29:37.341 [FXGL Background Thread 1 ] DEBUG GameWorld            - Game world initialized
23:29:37.447 [FXGL Background Thread 1 ] DEBUG PhysicsWorld         - Physics world initialized: appHeight=600, physics.ppm=50,0
23:29:37.447 [FXGL Background Thread 1 ] DEBUG PhysicsWorld         - Using strategy: BRUTE_FORCE
23:29:37.455 [FXGL Background Thread 1 ] DEBUG GameScene            - Game scene initialized: 800x600
23:29:37.479 [FXGL Background Thread 1 ] DEBUG FXGL.DefaultMenu     - createMenuBodyMainMenu()
23:29:37.505 [FXGL Background Thread 1 ] DEBUG FXGL.DefaultMenu     - createOptionsMenu()
23:29:37.522 [FXGL Background Thread 1 ] DEBUG FXGL.DefaultMenu     - createExtraMenu()
23:29:37.536 [FXGL Background Thread 1 ] DEBUG FXGLAssetLoaderServi - Loading from file system: jar:file:///C:/Users/Usuario/.m2/repository/com/github/almasb/fxgl/17.2/fxgl-17.2.jar!/fxglassets/textures/particles/smoke.png
23:29:37.751 [FXGL Background Thread 1 ] DEBUG FXGLAssetLoaderServi - Loading from file system: jar:file:///C:/Users/Usuario/.m2/repository/com/github/almasb/fxgl/17.2/fxgl-17.2.jar!/fxglassets/textures/particles/trace_horizontal.png
23:29:37.815 [FXGL Background Thread 1 ] DEBUG FXGL.DefaultMenu     - createMenuBodyGameMenu()
23:29:37.817 [FXGL Background Thread 1 ] DEBUG FXGL.DefaultMenu     - createOptionsMenu()
23:29:37.823 [FXGL Background Thread 1 ] DEBUG FXGL.DefaultMenu     - createExtraMenu()
23:29:37.853 [FXGL Background Thread 1 ] DEBUG GameApplicationServi - Application scenes initialized
23:29:37.898 [FXGL Background Thread 1 ] DEBUG SystemBundleService  - Loading FXGL system data
23:29:37.911 [FXGL Background Thread 1 ] DEBUG FileSystemAccess     - Reading from: C:\Users\Usuario\OneDrive - Universidad Icesi (@icesi.edu.co)\APO2\Tareas integradoras\NuclearThroneAtomic\src\nuclearthroneatomic\system\fxgl.bundle
23:29:37.938 [FXGL Background Thread 1 ] DEBUG SystemBundleService  - Bundle FXGL: {}
23:29:37.939 [FXGL Background Thread 1 ] DEBUG UpdaterService       - Checking for updates
23:29:37.953 [FXGL Background Thread 1 ] DEBUG FXGLApplication      - Loading default localization
23:29:37.954 [FXGL Background Thread 1 ] DEBUG FXGLAssetLoaderServi - Loading from file system: jar:file:///C:/Users/Usuario/.m2/repository/com/github/almasb/fxgl/17.2/fxgl-17.2.jar!/fxglassets/languages/english.lang
23:29:37.958 [FXGL Background Thread 4 ] DEBUG FXGLApplication      - Loading fonts
23:29:37.959 [FXGL Background Thread 4 ] DEBUG FXGLAssetLoaderServi - Loading from file system: jar:file:///C:/Users/Usuario/.m2/repository/com/github/almasb/fxgl/17.2/fxgl-17.2.jar!/fxglassets/ui/fonts/VarelaRound-Regular.ttf
23:29:37.994 [FXGL Background Thread 1 ] INFO  FXGLApplication      - FXGL initialization took: 0,868 sec
23:29:38.011 [JavaFX Application Thread] DEBUG Input                - Registered new binding: lucky - Q
23:29:38.012 [JavaFX Application Thread] DEBUG Input                - Registered new binding: health - F
23:29:38.012 [JavaFX Application Thread] DEBUG Input                - Registered new binding: Right - D
23:29:38.012 [JavaFX Application Thread] DEBUG Input                - Registered new binding: Left - A
23:29:38.013 [JavaFX Application Thread] DEBUG Input                - Registered new binding: Up - W
23:29:38.013 [JavaFX Application Thread] DEBUG Input                - Registered new binding: Down - S
23:29:38.015 [JavaFX Application Thread] DEBUG Input                - Registered new binding: Reload - RMB
23:29:38.016 [JavaFX Application Thread] DEBUG Input                - Registered new binding: Shoot - LMB
23:29:38.017 [JavaFX Application Thread] DEBUG FXGLAssetLoaderServi - Loading from file system: file:/C:/Users/Usuario/OneDrive%20-%20Universidad%20Icesi%20(@icesi.edu.co)/APO2/Tareas%20integradoras/NuclearThroneAtomic/src/nuclearthroneatomic/target/classes/assets/music/muiscformenus.mp3
23:29:38.348 [JavaFX Application Thread] DEBUG AudioPlayer          - Playing music com.almasb.fxgl.audio.Music@3ce3f781
23:29:38.349 [JavaFX Application Thread] DEBUG FXGLAssetLoaderServi - Loading from file system: jar:file:///C:/Users/Usuario/.m2/repository/com/github/almasb/fxgl/17.2/fxgl-17.2.jar!/fxglassets/textures/fxgl_icon.png
23:29:38.356 [FXGL Background Thread 4 ] DEBUG FXGLAssetLoaderServi - Loading from file system: jar:file:///C:/Users/Usuario/.m2/repository/com/github/almasb/fxgl/17.2/fxgl-17.2.jar!/fxglassets/ui/fonts/Abel-Regular.ttf
23:29:38.366 [FXGL Background Thread 4 ] DEBUG FXGLAssetLoaderServi - Loading from file system: jar:file:///C:/Users/Usuario/.m2/repository/com/github/almasb/fxgl/17.2/fxgl-17.2.jar!/fxglassets/ui/fonts/TerminalLandMono-Regular.otf
23:29:38.378 [FXGL Background Thread 4 ] DEBUG FXGLAssetLoaderServi - Loading from file system: jar:file:///C:/Users/Usuario/.m2/repository/com/github/almasb/fxgl/17.2/fxgl-17.2.jar!/fxglassets/ui/fonts/Courier-Prime.ttf
23:29:38.398 [JavaFX Application Thread] DEBUG FXGLAssetLoaderServi - Loading from file system: jar:file:///C:/Users/Usuario/.m2/repository/com/github/almasb/fxgl/17.2/fxgl-17.2.jar!/fxglassets/textures/fxgl_default_cursor.png
23:29:38.402 [JavaFX Application Thread] DEBUG Input                - Registered new binding: Screenshot - CTRL+8
23:29:38.403 [JavaFX Application Thread] DEBUG Input                - Registered new binding: System info dump - CTRL+9
23:29:38.403 [JavaFX Application Thread] DEBUG Input                - Registered new binding: Restart - CTRL+R
23:29:38.404 [JavaFX Application Thread] DEBUG Input                - Registered new binding: Toggle Debug Camera - CTRL+7
23:29:38.409 [JavaFX Application Thread] DEBUG LoopRunner           - Starting loop
23:29:38.409 [JavaFX Application Thread] DEBUG LoopRunner           - Initializing JavaFX AnimationTimerLoop
23:29:38.414 [JavaFX Application Thread] DEBUG Input                - Clearing active input actions
23:29:38.438 [JavaFX Application Thread] DEBUG GameApplicationServi - Removing overlay from FXGLStartupScene and adding to FXGLMainMenuDummyScene
23:29:38.439 [JavaFX Application Thread] DEBUG PrimaryStageWindow   - FXGLStartupScene -> FXGLMainMenuDummyScene
23:29:38.440 [JavaFX Application Thread] DEBUG PrimaryStageWindow   - Push state: FXGLDefaultMenu
23:29:38.449 [JavaFX Application Thread] DEBUG Input                - Clearing active input actions
23:29:38.468 [JavaFX Application Thread] DEBUG GameApplicationServi - Removing overlay from FXGLMainMenuDummyScene and adding to FXGLDefaultMenu
23:29:38.469 [JavaFX Application Thread] DEBUG PrimaryStageWindow   - FXGLMainMenuDummyScene -> FXGLDefaultMenu
23:29:38.646 [JavaFX Application Thread] DEBUG FXGLApplication      - Registering font factories with UI factory
23:29:38.939 [FXGL Background Thread 2 ] INFO  UpdaterService       - Your current version:  17.2
23:29:38.939 [FXGL Background Thread 2 ] INFO  UpdaterService       - Latest stable version: 17.3
23:29:39.859 [JavaFX Application Thread] DEBUG Menu                 - fireNewGame()
23:29:39.860 [JavaFX Application Thread] DEBUG GameApplicationServi - Starting new game
23:29:39.864 [JavaFX Application Thread] DEBUG PrimaryStageWindow   - Pop state: FXGLDefaultMenu
23:29:39.865 [JavaFX Application Thread] DEBUG Input                - Clearing active input actions
23:29:39.867 [JavaFX Application Thread] DEBUG GameApplicationServi - Removing overlay from FXGLDefaultMenu and adding to FXGLMainMenuDummyScene
23:29:39.868 [JavaFX Application Thread] DEBUG PrimaryStageWindow   - FXGLMainMenuDummyScene <- FXGLDefaultMenu
23:29:39.869 [JavaFX Application Thread] DEBUG Input                - Clearing active input actions
23:29:39.882 [JavaFX Application Thread] DEBUG GameApplicationServi - Removing overlay from FXGLMainMenuDummyScene and adding to FXGLLoadingScene
23:29:39.882 [JavaFX Application Thread] DEBUG PrimaryStageWindow   - FXGLMainMenuDummyScene -> FXGLLoadingScene
23:29:39.883 [JavaFX Application Thread] DEBUG GameApplicationServi - Clearing previous game
23:29:39.883 [JavaFX Application Thread] DEBUG GameScene            - Clearing game scene
23:29:39.883 [JavaFX Application Thread] DEBUG GameWorld            - Clearing game world
23:29:39.883 [JavaFX Application Thread] DEBUG PhysicsWorld         - Clearing physics world
23:29:39.887 [FXGL Background Thread 2 ] DEBUG FXGLApplication      - Initializing game
23:29:39.905 [FXGL Background Thread 2 ] DEBUG FXGLAssetLoaderServi - Loading from file system: file:/C:/Users/Usuario/OneDrive%20-%20Universidad%20Icesi%20(@icesi.edu.co)/APO2/Tareas%20integradoras/NuclearThroneAtomic/src/nuclearthroneatomic/target/classes/assets/textures/Avatar/1-Idle/1.png
23:29:39.909 [FXGL Background Thread 2 ] DEBUG FXGLAssetLoaderServi - Loading from file system: file:/C:/Users/Usuario/OneDrive%20-%20Universidad%20Icesi%20(@icesi.edu.co)/APO2/Tareas%20integradoras/NuclearThroneAtomic/src/nuclearthroneatomic/target/classes/assets/textures/Avatar/1-Idle/2.png
23:29:39.912 [FXGL Background Thread 2 ] DEBUG FXGLAssetLoaderServi - Loading from file system: file:/C:/Users/Usuario/OneDrive%20-%20Universidad%20Icesi%20(@icesi.edu.co)/APO2/Tareas%20integradoras/NuclearThroneAtomic/src/nuclearthroneatomic/target/classes/assets/textures/Avatar/1-Idle/3.png
23:29:39.916 [FXGL Background Thread 2 ] DEBUG FXGLAssetLoaderServi - Loading from file system: file:/C:/Users/Usuario/OneDrive%20-%20Universidad%20Icesi%20(@icesi.edu.co)/APO2/Tareas%20integradoras/NuclearThroneAtomic/src/nuclearthroneatomic/target/classes/assets/textures/Avatar/1-Idle/4.png
23:29:39.967 [FXGL Background Thread 2 ] DEBUG FXGLAssetLoaderServi - Loading from file system: file:/C:/Users/Usuario/OneDrive%20-%20Universidad%20Icesi%20(@icesi.edu.co)/APO2/Tareas%20integradoras/NuclearThroneAtomic/src/nuclearthroneatomic/target/classes/assets/textures/Avatar/2-Run/1.png
23:29:39.972 [FXGL Background Thread 2 ] DEBUG FXGLAssetLoaderServi - Loading from file system: file:/C:/Users/Usuario/OneDrive%20-%20Universidad%20Icesi%20(@icesi.edu.co)/APO2/Tareas%20integradoras/NuclearThroneAtomic/src/nuclearthroneatomic/target/classes/assets/textures/Avatar/2-Run/2.png
23:29:39.977 [FXGL Background Thread 2 ] DEBUG FXGLAssetLoaderServi - Loading from file system: file:/C:/Users/Usuario/OneDrive%20-%20Universidad%20Icesi%20(@icesi.edu.co)/APO2/Tareas%20integradoras/NuclearThroneAtomic/src/nuclearthroneatomic/target/classes/assets/textures/Avatar/2-Run/3.png
23:29:39.981 [FXGL Background Thread 2 ] DEBUG FXGLAssetLoaderServi - Loading from file system: file:/C:/Users/Usuario/OneDrive%20-%20Universidad%20Icesi%20(@icesi.edu.co)/APO2/Tareas%20integradoras/NuclearThroneAtomic/src/nuclearthroneatomic/target/classes/assets/textures/Avatar/2-Run/4.png
23:29:39.985 [FXGL Background Thread 2 ] DEBUG FXGLAssetLoaderServi - Loading from file system: file:/C:/Users/Usuario/OneDrive%20-%20Universidad%20Icesi%20(@icesi.edu.co)/APO2/Tareas%20integradoras/NuclearThroneAtomic/src/nuclearthroneatomic/target/classes/assets/textures/Avatar/2-Run/5.png
23:29:39.988 [FXGL Background Thread 2 ] DEBUG FXGLAssetLoaderServi - Loading from file system: file:/C:/Users/Usuario/OneDrive%20-%20Universidad%20Icesi%20(@icesi.edu.co)/APO2/Tareas%20integradoras/NuclearThroneAtomic/src/nuclearthroneatomic/target/classes/assets/textures/Avatar/2-Run/6.png
23:29:39.998 [FXGL Background Thread 2 ] DEBUG FXGLAssetLoaderServi - Loading from file system: file:/C:/Users/Usuario/OneDrive%20-%20Universidad%20Icesi%20(@icesi.edu.co)/APO2/Tareas%20integradoras/NuclearThroneAtomic/src/nuclearthroneatomic/target/classes/assets/textures/Munition/1.png
23:29:40.086 [FXGL Background Thread 2 ] DEBUG FXGLAssetLoaderServi - Loading from file system: file:/C:/Users/Usuario/OneDrive%20-%20Universidad%20Icesi%20(@icesi.edu.co)/APO2/Tareas%20integradoras/NuclearThroneAtomic/src/nuclearthroneatomic/target/classes/assets/textures/hud/lifeplayer.png
23:29:40.097 [FXGL Background Thread 2 ] DEBUG FXGLAssetLoaderServi - Loading from file system: file:/C:/Users/Usuario/OneDrive%20-%20Universidad%20Icesi%20(@icesi.edu.co)/APO2/Tareas%20integradoras/NuclearThroneAtomic/src/nuclearthroneatomic/target/classes/assets/textures/hud/medkit.png
23:29:40.104 [FXGL Background Thread 2 ] DEBUG FXGLAssetLoaderServi - Loading from file system: file:/C:/Users/Usuario/OneDrive%20-%20Universidad%20Icesi%20(@icesi.edu.co)/APO2/Tareas%20integradoras/NuclearThroneAtomic/src/nuclearthroneatomic/target/classes/assets/textures/hud/trebol.png
23:29:40.113 [FXGL Background Thread 2 ] DEBUG FXGLAssetLoaderServi - Loading from file system: file:/C:/Users/Usuario/OneDrive%20-%20Universidad%20Icesi%20(@icesi.edu.co)/APO2/Tareas%20integradoras/NuclearThroneAtomic/src/nuclearthroneatomic/target/classes/assets/textures/Guns/1.png
23:29:40.122 [FXGL Background Thread 2 ] DEBUG FXGLAssetLoaderServi - Loading from file system: file:/C:/Users/Usuario/OneDrive%20-%20Universidad%20Icesi%20(@icesi.edu.co)/APO2/Tareas%20integradoras/NuclearThroneAtomic/src/nuclearthroneatomic/target/classes/assets/textures/enemy/1-Idle/1.png
23:29:40.127 [FXGL Background Thread 2 ] DEBUG FXGLAssetLoaderServi - Loading from file system: file:/C:/Users/Usuario/OneDrive%20-%20Universidad%20Icesi%20(@icesi.edu.co)/APO2/Tareas%20integradoras/NuclearThroneAtomic/src/nuclearthroneatomic/target/classes/assets/textures/enemy/1-Idle/2.png
23:29:40.130 [FXGL Background Thread 2 ] DEBUG FXGLAssetLoaderServi - Loading from file system: file:/C:/Users/Usuario/OneDrive%20-%20Universidad%20Icesi%20(@icesi.edu.co)/APO2/Tareas%20integradoras/NuclearThroneAtomic/src/nuclearthroneatomic/target/classes/assets/textures/enemy/1-Idle/3.png
23:29:40.133 [FXGL Background Thread 2 ] DEBUG FXGLAssetLoaderServi - Loading from file system: file:/C:/Users/Usuario/OneDrive%20-%20Universidad%20Icesi%20(@icesi.edu.co)/APO2/Tareas%20integradoras/NuclearThroneAtomic/src/nuclearthroneatomic/target/classes/assets/textures/enemy/1-Idle/4.png
23:29:40.145 [FXGL Background Thread 2 ] DEBUG FXGLAssetLoaderServi - Loading from file system: file:/C:/Users/Usuario/OneDrive%20-%20Universidad%20Icesi%20(@icesi.edu.co)/APO2/Tareas%20integradoras/NuclearThroneAtomic/src/nuclearthroneatomic/target/classes/assets/textures/enemy/2-Run/1.png
23:29:40.148 [FXGL Background Thread 2 ] DEBUG FXGLAssetLoaderServi - Loading from file system: file:/C:/Users/Usuario/OneDrive%20-%20Universidad%20Icesi%20(@icesi.edu.co)/APO2/Tareas%20integradoras/NuclearThroneAtomic/src/nuclearthroneatomic/target/classes/assets/textures/enemy/2-Run/2.png
23:29:40.150 [FXGL Background Thread 2 ] DEBUG FXGLAssetLoaderServi - Loading from file system: file:/C:/Users/Usuario/OneDrive%20-%20Universidad%20Icesi%20(@icesi.edu.co)/APO2/Tareas%20integradoras/NuclearThroneAtomic/src/nuclearthroneatomic/target/classes/assets/textures/enemy/2-Run/3.png
23:29:40.153 [FXGL Background Thread 2 ] DEBUG FXGLAssetLoaderServi - Loading from file system: file:/C:/Users/Usuario/OneDrive%20-%20Universidad%20Icesi%20(@icesi.edu.co)/APO2/Tareas%20integradoras/NuclearThroneAtomic/src/nuclearthroneatomic/target/classes/assets/textures/enemy/2-Run/4.png
23:29:40.156 [FXGL Background Thread 2 ] DEBUG FXGLAssetLoaderServi - Loading from file system: file:/C:/Users/Usuario/OneDrive%20-%20Universidad%20Icesi%20(@icesi.edu.co)/APO2/Tareas%20integradoras/NuclearThroneAtomic/src/nuclearthroneatomic/target/classes/assets/textures/enemy/2-Run/5.png
23:29:40.159 [FXGL Background Thread 2 ] DEBUG FXGLAssetLoaderServi - Loading from file system: file:/C:/Users/Usuario/OneDrive%20-%20Universidad%20Icesi%20(@icesi.edu.co)/APO2/Tareas%20integradoras/NuclearThroneAtomic/src/nuclearthroneatomic/target/classes/assets/textures/enemy/2-Run/6.png
23:29:40.192 [FXGL Background Thread 2 ] DEBUG FXGLAssetLoaderServi - Loading from file system: file:/C:/Users/Usuario/OneDrive%20-%20Universidad%20Icesi%20(@icesi.edu.co)/APO2/Tareas%20integradoras/NuclearThroneAtomic/src/nuclearthroneatomic/target/classes/assets/textures/mouse/mousecomplete.png
23:29:40.197 [FXGL Background Thread 2 ] DEBUG FXGLAssetLoaderServi - Loading from file system: file:/C:/Users/Usuario/OneDrive%20-%20Universidad%20Icesi%20(@icesi.edu.co)/APO2/Tareas%20integradoras/NuclearThroneAtomic/src/nuclearthroneatomic/target/classes/assets/textures/Wall/1.png
23:29:40.551 [FXGL Background Thread 2 ] INFO  FXGLApplication      - Game initialization took: 0,664 sec
23:29:40.559 [JavaFX Application Thread] DEBUG Input                - Clearing active input actions
23:29:40.579 [JavaFX Application Thread] DEBUG GameApplicationServi - Removing overlay from FXGLLoadingScene and adding to GameScene
23:29:40.580 [JavaFX Application Thread] DEBUG PrimaryStageWindow   - FXGLLoadingScene -> GameScene
23:29:40.954 [FXGL Background Thread 3 ] DEBUG Engine               - Logging environment variables
23:29:40.956 [FXGL Background Thread 3 ] DEBUG Engine               - achievements: []
23:29:40.956 [FXGL Background Thread 3 ] DEBUG Engine               - actualHeight: 600.0
23:29:40.956 [FXGL Background Thread 3 ] DEBUG Engine               - actualHeightProperty: ReadOnlyDoubleProperty [value: 600.0]
23:29:40.957 [FXGL Background Thread 3 ] DEBUG Engine               - actualWidth: 800.0
23:29:40.958 [FXGL Background Thread 3 ] DEBUG Engine               - actualWidthProperty: ReadOnlyDoubleProperty [value: 800.0]
23:29:40.958 [FXGL Background Thread 3 ] DEBUG Engine               - appIcon: fxgl_icon.png
23:29:40.958 [FXGL Background Thread 3 ] DEBUG Engine               - applicationMode: DEVELOPER
23:29:40.958 [FXGL Background Thread 3 ] DEBUG Engine               - cSSList: [fxgl_dark.css]
23:29:40.958 [FXGL Background Thread 3 ] DEBUG Engine               - collisionDetectionStrategy: BRUTE_FORCE
23:29:40.958 [FXGL Background Thread 3 ] DEBUG Engine               - configClass: Optional.empty
23:29:40.958 [FXGL Background Thread 3 ] DEBUG Engine               - credits: [Designer . . . . . . . Johan Daniel Aguirre, Program Team . . . . . . Juan Sebastián Libreros,                           Juan Jose Barrera,                           Johan Daniel Aguirre, El mas lindo . . . . . . Juan Sebastián Libreros, Master Thief . . . . . . Johan Daniel Aguirre]
23:29:40.959 [FXGL Background Thread 3 ] DEBUG Engine               - defaultCursor: CursorInfo(imageName=fxgl_default_cursor.png, hotspotX=7.0, hotspotY=6.0)
23:29:40.959 [FXGL Background Thread 3 ] DEBUG Engine               - devBBoxColorProperty: ObjectProperty [value: 0xff0000ff]
23:29:40.960 [FXGL Background Thread 3 ] DEBUG Engine               - devEnableDebugCameraProperty: BooleanProperty [value: false]
23:29:40.960 [FXGL Background Thread 3 ] DEBUG Engine               - devSensorColorProperty: ObjectProperty [value: 0xffff00ff]
23:29:40.960 [FXGL Background Thread 3 ] DEBUG Engine               - devShowBBoxProperty: BooleanProperty [value: false]
23:29:40.960 [FXGL Background Thread 3 ] DEBUG Engine               - devShowPositionProperty: BooleanProperty [value: false]
23:29:40.960 [FXGL Background Thread 3 ] DEBUG Engine               - enabledMenuItems: [EXTRA]
23:29:40.960 [FXGL Background Thread 3 ] DEBUG Engine               - engineServices: [class com.almasb.fxgl.app.services.FXGLAssetLoaderService, class com.almasb.fxgl.app.FXGLApplication$GameApplicationService, class com.almasb.fxgl.app.services.FXGLDialogService, class com.almasb.fxgl.app.services.IOTaskExecutorService, class com.almasb.fxgl.io.FileSystemService, class com.almasb.fxgl.localization.LocalizationService, class com.almasb.fxgl.app.services.SystemBundleService, class com.almasb.fxgl.profile.SaveLoadService, class com.almasb.fxgl.ui.FXGLUIFactoryServiceProvider, class com.almasb.fxgl.ui.FXGLDialogFactoryServiceProvider, class com.almasb.fxgl.audio.AudioPlayer, class com.almasb.fxgl.notification.impl.NotificationServiceProvider, class com.almasb.fxgl.achievement.AchievementService, class com.almasb.fxgl.cutscene.CutsceneService, class com.almasb.fxgl.minigames.MiniGameService, class com.almasb.fxgl.net.NetService, class com.almasb.fxgl.app.services.UpdaterService, class com.almasb.fxgl.dev.DevService]
23:29:40.960 [FXGL Background Thread 3 ] DEBUG Engine               - fontGame: Abel-Regular.ttf
23:29:40.960 [FXGL Background Thread 3 ] DEBUG Engine               - fontMono: TerminalLandMono-Regular.otf
23:29:40.960 [FXGL Background Thread 3 ] DEBUG Engine               - fontText: Courier-Prime.ttf
23:29:40.960 [FXGL Background Thread 3 ] DEBUG Engine               - fontUI: VarelaRound-Regular.ttf
23:29:40.960 [FXGL Background Thread 3 ] DEBUG Engine               - fullScreen: BooleanProperty [value: false]
23:29:40.960 [FXGL Background Thread 3 ] DEBUG Engine               - gameDifficulty: MEDIUM
23:29:40.960 [FXGL Background Thread 3 ] DEBUG Engine               - gameDifficultyProperty: ObjectProperty [value: MEDIUM]
23:29:40.961 [FXGL Background Thread 3 ] DEBUG Engine               - globalMusicVolume: 0.5
23:29:40.961 [FXGL Background Thread 3 ] DEBUG Engine               - globalMusicVolumeProperty: DoubleProperty [value: 1.0]
23:29:40.962 [FXGL Background Thread 3 ] DEBUG Engine               - globalSoundVolume: 0.5
23:29:40.962 [FXGL Background Thread 3 ] DEBUG Engine               - globalSoundVolumeProperty: DoubleProperty [value: 0.1]
23:29:40.962 [FXGL Background Thread 3 ] DEBUG Engine               - height: 600
23:29:40.962 [FXGL Background Thread 3 ] DEBUG Engine               - is3D: false
23:29:40.962 [FXGL Background Thread 3 ] DEBUG Engine               - isAndroid: false
23:29:40.962 [FXGL Background Thread 3 ] DEBUG Engine               - isBrowser: false
23:29:40.962 [FXGL Background Thread 3 ] DEBUG Engine               - isClickFeedbackEnabled: false
23:29:40.962 [FXGL Background Thread 3 ] DEBUG Engine               - isCloseConfirmation: false
23:29:40.962 [FXGL Background Thread 3 ] DEBUG Engine               - isDesktop: true
23:29:40.962 [FXGL Background Thread 3 ] DEBUG Engine               - isDeveloperMenuEnabled: false
23:29:40.962 [FXGL Background Thread 3 ] DEBUG Engine               - isEmbedded: false
23:29:40.962 [FXGL Background Thread 3 ] DEBUG Engine               - isEntityPreloadEnabled: true
23:29:40.963 [FXGL Background Thread 3 ] DEBUG Engine               - isExperimentalTiledLargeMap: false
23:29:40.963 [FXGL Background Thread 3 ] DEBUG Engine               - isFileSystemWriteAllowed: true
23:29:40.963 [FXGL Background Thread 3 ] DEBUG Engine               - isFullScreenAllowed: true
23:29:40.964 [FXGL Background Thread 3 ] DEBUG Engine               - isFullScreenFromStart: false
23:29:40.964 [FXGL Background Thread 3 ] DEBUG Engine               - isGameMenuEnabled: true
23:29:40.964 [FXGL Background Thread 3 ] DEBUG Engine               - isIOS: false
23:29:40.965 [FXGL Background Thread 3 ] DEBUG Engine               - isIntroEnabled: false
23:29:40.965 [FXGL Background Thread 3 ] DEBUG Engine               - isLinux: false
23:29:40.965 [FXGL Background Thread 3 ] DEBUG Engine               - isMac: false
23:29:40.965 [FXGL Background Thread 3 ] DEBUG Engine               - isMainMenuEnabled: true
23:29:40.965 [FXGL Background Thread 3 ] DEBUG Engine               - isManualResizeEnabled: false
23:29:40.965 [FXGL Background Thread 3 ] DEBUG Engine               - isMobile: false
23:29:40.965 [FXGL Background Thread 3 ] DEBUG Engine               - isNative: false
23:29:40.965 [FXGL Background Thread 3 ] DEBUG Engine               - isPauseMusicWhenMinimized: true
23:29:40.965 [FXGL Background Thread 3 ] DEBUG Engine               - isPreserveResizeRatio: false
23:29:40.965 [FXGL Background Thread 3 ] DEBUG Engine               - isProfilingEnabled: false
23:29:40.965 [FXGL Background Thread 3 ] DEBUG Engine               - isScaleAffectedOnResize: true
23:29:40.965 [FXGL Background Thread 3 ] DEBUG Engine               - isSingleStep: false
23:29:40.965 [FXGL Background Thread 3 ] DEBUG Engine               - isUserProfileEnabled: false
23:29:40.965 [FXGL Background Thread 3 ] DEBUG Engine               - isWindows: true
23:29:40.965 [FXGL Background Thread 3 ] DEBUG Engine               - language: ObjectProperty [value: ENGLISH]
23:29:40.966 [FXGL Background Thread 3 ] DEBUG Engine               - menuKey: ESCAPE
23:29:40.966 [FXGL Background Thread 3 ] DEBUG Engine               - mouseSensitivity: 0.2
23:29:40.966 [FXGL Background Thread 3 ] DEBUG Engine               - notificationViewClass: class com.almasb.fxgl.notification.view.XboxNotificationView
23:29:40.966 [FXGL Background Thread 3 ] DEBUG Engine               - pixelsPerMeter: 50.0
23:29:40.966 [FXGL Background Thread 3 ] DEBUG Engine               - platform: WINDOWS
23:29:40.966 [FXGL Background Thread 3 ] DEBUG Engine               - prefHeightProperty: ReadOnlyDoubleProperty [value: 600.0]
23:29:40.966 [FXGL Background Thread 3 ] DEBUG Engine               - prefWidthProperty: ReadOnlyDoubleProperty [value: 800.0]
23:29:40.966 [FXGL Background Thread 3 ] DEBUG Engine               - profileDir: profiles/
23:29:40.966 [FXGL Background Thread 3 ] DEBUG Engine               - profileName: StringProperty [value: DEFAULT]
23:29:40.966 [FXGL Background Thread 3 ] DEBUG Engine               - randomSeed: -1
23:29:40.967 [FXGL Background Thread 3 ] DEBUG Engine               - runtimeInfo: RuntimeInfo(platform=WINDOWS, version=17.2, build=20.08.2022 16.50)
23:29:40.967 [FXGL Background Thread 3 ] DEBUG Engine               - saveFileExt: sav
23:29:40.967 [FXGL Background Thread 3 ] DEBUG Engine               - scaledHeightProp$fxgl: DoubleProperty [bound, value: 600.0]
23:29:40.968 [FXGL Background Thread 3 ] DEBUG Engine               - scaledWidthProp$fxgl: DoubleProperty [bound, value: 800.0]
23:29:40.968 [FXGL Background Thread 3 ] DEBUG Engine               - sceneFactory: com.almasb.fxgl.app.scene.SceneFactory@2a2864cd
23:29:40.968 [FXGL Background Thread 3 ] DEBUG Engine               - secondsIn24h: 60
23:29:40.968 [FXGL Background Thread 3 ] DEBUG Engine               - soundMenuBack: menu/back.wav
23:29:40.968 [FXGL Background Thread 3 ] DEBUG Engine               - soundMenuPress: menu/press.wav
23:29:40.968 [FXGL Background Thread 3 ] DEBUG Engine               - soundMenuSelect: menu/select.wav
23:29:40.968 [FXGL Background Thread 3 ] DEBUG Engine               - soundNotification: core/notification.wav
23:29:40.968 [FXGL Background Thread 3 ] DEBUG Engine               - stageStyle: DECORATED
23:29:40.969 [FXGL Background Thread 3 ] DEBUG Engine               - supportedLanguages: [ENGLISH, FRENCH, GERMAN, HUNGARIAN, RUSSIAN]
23:29:40.969 [FXGL Background Thread 3 ] DEBUG Engine               - ticksPerSecond: -1
23:29:40.969 [FXGL Background Thread 3 ] DEBUG Engine               - title: Nuclear Throne Atomic
23:29:40.969 [FXGL Background Thread 3 ] DEBUG Engine               - urlGithub: https://github.com/AlmasB/FXGL
23:29:40.969 [FXGL Background Thread 3 ] DEBUG Engine               - urlLeaderboard: http://fxgl-top.herokuapp.com/
23:29:40.969 [FXGL Background Thread 3 ] DEBUG Engine               - urlPOM: https://raw.githubusercontent.com/AlmasB/FXGL/release/README.md
23:29:40.972 [FXGL Background Thread 3 ] DEBUG Engine               - userAppClass: class com.example.nuclearthroneatomic.Controller
23:29:40.974 [FXGL Background Thread 3 ] DEBUG Engine               - version: 0.0
23:29:40.974 [FXGL Background Thread 3 ] DEBUG Engine               - versionCheckDays: 7
23:29:40.974 [FXGL Background Thread 3 ] DEBUG Engine               - width: 800
23:29:40.974 [FXGL Background Thread 3 ] DEBUG Engine               - Logging services
23:29:40.975 [FXGL Background Thread 3 ] DEBUG Engine               - class com.almasb.fxgl.app.services.FXGLAssetLoaderService
23:29:40.975 [FXGL Background Thread 3 ] DEBUG Engine               - class com.almasb.fxgl.app.FXGLApplication$GameApplicationService
23:29:40.975 [FXGL Background Thread 3 ] DEBUG Engine               - class com.almasb.fxgl.app.services.FXGLDialogService
23:29:40.975 [FXGL Background Thread 3 ] DEBUG Engine               - class com.almasb.fxgl.app.services.IOTaskExecutorService
23:29:40.975 [FXGL Background Thread 3 ] DEBUG Engine               - class com.almasb.fxgl.io.FileSystemService
23:29:40.975 [FXGL Background Thread 3 ] DEBUG Engine               - class com.almasb.fxgl.localization.LocalizationService
23:29:40.975 [FXGL Background Thread 3 ] DEBUG Engine               - class com.almasb.fxgl.app.services.SystemBundleService
23:29:40.975 [FXGL Background Thread 3 ] DEBUG Engine               - class com.almasb.fxgl.profile.SaveLoadService
23:29:40.975 [FXGL Background Thread 3 ] DEBUG Engine               - class com.almasb.fxgl.ui.FXGLUIFactoryServiceProvider
23:29:40.975 [FXGL Background Thread 3 ] DEBUG Engine               - class com.almasb.fxgl.ui.FXGLDialogFactoryServiceProvider
23:29:40.975 [FXGL Background Thread 3 ] DEBUG Engine               - class com.almasb.fxgl.audio.AudioPlayer
23:29:40.975 [FXGL Background Thread 3 ] DEBUG Engine               - class com.almasb.fxgl.notification.impl.NotificationServiceProvider
23:29:40.975 [FXGL Background Thread 3 ] DEBUG Engine               - class com.almasb.fxgl.achievement.AchievementService
23:29:40.975 [FXGL Background Thread 3 ] DEBUG Engine               - class com.almasb.fxgl.cutscene.CutsceneService
23:29:40.975 [FXGL Background Thread 3 ] DEBUG Engine               - class com.almasb.fxgl.minigames.MiniGameService
23:29:40.976 [FXGL Background Thread 3 ] DEBUG Engine               - class com.almasb.fxgl.net.NetService
23:29:40.976 [FXGL Background Thread 3 ] DEBUG Engine               - class com.almasb.fxgl.app.services.UpdaterService
23:29:40.976 [FXGL Background Thread 3 ] DEBUG Engine               - class com.almasb.fxgl.dev.DevService
23:29:43.407 [JavaFX Application Thread] DEBUG FXGLAssetLoaderServi - Loading from file system: file:/C:/Users/Usuario/OneDrive%20-%20Universidad%20Icesi%20(@icesi.edu.co)/APO2/Tareas%20integradoras/NuclearThroneAtomic/src/nuclearthroneatomic/target/classes/assets/textures/Bullet/1.png
23:29:46.821 [JavaFX Application Thread] DEBUG FXGLApplication      - Exiting FXGL
23:29:46.821 [JavaFX Application Thread] DEBUG LoopRunner           - Stopping loop
23:29:46.821 [JavaFX Application Thread] DEBUG SystemBundleService  - Saving FXGL system data
23:29:46.824 [JavaFX Application Thread] DEBUG FileSystemAccess     - Writing to: C:\Users\Usuario\OneDrive - Universidad Icesi (@icesi.edu.co)\APO2\Tareas integradoras\NuclearThroneAtomic\src\nuclearthroneatomic\system\fxgl.bundle
23:29:46.826 [JavaFX Application Thread] DEBUG Async                - Shutting down background threads
23:29:46.826 [JavaFX Application Thread] DEBUG PrimaryStageWindow   - Closing main window
23:29:46.841 [JavaFX Application Thread] DEBUG Logger               - Closing Logger
