19:59:45.783 [main                     ] DEBUG Logger               - Configured Logger
19:59:45.841 [main                     ] DEBUG GameApplication      - Logging settings
Title: Nuclear Throne Atomic
Version: 0.0
Width: 800
Height: 600
Fullscreen: true
Intro: false
Profiling: false
Single step:false
App Mode: DEVELOPER
Menu Key: ESCAPE
Stage Style: DECORATED
Scene Factory: class com.almasb.fxgl.app.scene.SceneFactory

19:59:47.053 [JavaFX Application Thread] DEBUG FXGLApplication      - Initializing FXGL
19:59:47.066 [JavaFX Application Thread] INFO  Engine               - FXGL-17.2 (20.08.2022 16.50) on WINDOWS (J:20.0.1 FX:19.0.2.1)
19:59:47.067 [JavaFX Application Thread] DEBUG Engine               - JRE Vendor Name: Oracle Corporation
19:59:47.068 [JavaFX Application Thread] DEBUG Engine               - Running on OS: Windows 10 version 10.0
19:59:47.068 [JavaFX Application Thread] DEBUG Engine               - Architecture: amd64
19:59:47.068 [JavaFX Application Thread] INFO  Engine               - Source code and latest versions at: https://github.com/AlmasB/FXGL
19:59:47.069 [JavaFX Application Thread] INFO  Engine               -       Ask questions and discuss at: https://github.com/AlmasB/FXGL/discussions
19:59:47.069 [JavaFX Application Thread] INFO  Engine               -              Join the FXGL chat at: https://gitter.im/AlmasB/FXGL
19:59:47.219 [JavaFX Application Thread] DEBUG PrimaryStageWindow   - Creating a JavaFX scene
19:59:47.297 [JavaFX Application Thread] DEBUG PrimaryStageWindow   - Target settings size: 800.0 x 600.0
19:59:47.297 [JavaFX Application Thread] DEBUG PrimaryStageWindow   - Scaled scene size:    800.0 x 600.0
19:59:47.298 [JavaFX Application Thread] DEBUG PrimaryStageWindow   - Scaled ratio: (1.0, 1.0)
19:59:47.300 [JavaFX Application Thread] DEBUG PrimaryStageWindow   - Set initial scene to FXGLStartupScene
19:59:47.310 [JavaFX Application Thread] DEBUG PrimaryStageWindow   - Opening main window
19:59:47.474 [JavaFX Application Thread] DEBUG PrimaryStageWindow   - Window border size: (16.0, 39.0)
19:59:47.475 [JavaFX Application Thread] DEBUG PrimaryStageWindow   - Scaled size: 800.0 x 600.0
19:59:47.476 [JavaFX Application Thread] DEBUG PrimaryStageWindow   - Scaled ratio: (1.0, 1.0)
19:59:47.477 [JavaFX Application Thread] DEBUG PrimaryStageWindow   - Scene size: 800.0 x 600.0
19:59:47.477 [JavaFX Application Thread] DEBUG PrimaryStageWindow   - Stage size: 816.0 x 639.0
19:59:47.588 [JavaFX Application Thread] DEBUG PrimaryStageWindow   - Going fullscreen
19:59:47.603 [FXGL Background Thread 1 ] DEBUG Engine               - Initializing environment variables
19:59:47.705 [FXGL Background Thread 1 ] DEBUG FXGLAssetLoaderServi - User app class for loading assets: class com.example.nuclearthroneatomic.Controller
19:59:47.706 [FXGL Background Thread 1 ] DEBUG GameApplicationServi - Applying CSS: fxgl_dark.css
19:59:47.708 [FXGL Background Thread 1 ] DEBUG FXGLAssetLoaderServi - Loading from file system: jar:file:///C:/Users/Usuario/.m2/repository/com/github/almasb/fxgl/17.2/fxgl-17.2.jar!/fxglassets/ui/css/fxgl_dark.css
19:59:47.832 [FXGL Background Thread 1 ] DEBUG GameApplicationServi - Initializing application scenes
19:59:47.916 [FXGL Background Thread 1 ] DEBUG GameWorld            - Game world initialized
19:59:48.032 [FXGL Background Thread 1 ] DEBUG PhysicsWorld         - Physics world initialized: appHeight=600, physics.ppm=50,0
19:59:48.034 [FXGL Background Thread 1 ] DEBUG PhysicsWorld         - Using strategy: BRUTE_FORCE
19:59:48.042 [FXGL Background Thread 1 ] DEBUG GameScene            - Game scene initialized: 800x600
19:59:48.073 [FXGL Background Thread 1 ] DEBUG FXGL.DefaultMenu     - createMenuBodyMainMenu()
19:59:48.105 [FXGL Background Thread 1 ] DEBUG FXGL.DefaultMenu     - createOptionsMenu()
19:59:48.124 [FXGL Background Thread 1 ] DEBUG FXGL.DefaultMenu     - createExtraMenu()
19:59:48.136 [FXGL Background Thread 1 ] DEBUG FXGLAssetLoaderServi - Loading from file system: jar:file:///C:/Users/Usuario/.m2/repository/com/github/almasb/fxgl/17.2/fxgl-17.2.jar!/fxglassets/textures/particles/smoke.png
19:59:48.277 [FXGL Background Thread 1 ] DEBUG FXGLAssetLoaderServi - Loading from file system: jar:file:///C:/Users/Usuario/.m2/repository/com/github/almasb/fxgl/17.2/fxgl-17.2.jar!/fxglassets/textures/particles/trace_horizontal.png
19:59:48.330 [FXGL Background Thread 1 ] DEBUG FXGL.DefaultMenu     - createMenuBodyGameMenu()
19:59:48.332 [FXGL Background Thread 1 ] DEBUG FXGL.DefaultMenu     - createOptionsMenu()
19:59:48.336 [FXGL Background Thread 1 ] DEBUG FXGL.DefaultMenu     - createExtraMenu()
19:59:48.354 [FXGL Background Thread 1 ] DEBUG GameApplicationServi - Application scenes initialized
19:59:48.377 [FXGL Background Thread 1 ] DEBUG SystemBundleService  - Loading FXGL system data
19:59:48.387 [FXGL Background Thread 1 ] DEBUG FileSystemAccess     - Reading from: C:\Users\Usuario\OneDrive - Universidad Icesi (@icesi.edu.co)\APO2\Tareas integradoras\NuclearThroneAtomic\src\nuclearthroneatomic\system\fxgl.bundle
19:59:48.400 [FXGL Background Thread 1 ] DEBUG SystemBundleService  - Bundle FXGL: {}
19:59:48.400 [FXGL Background Thread 1 ] DEBUG UpdaterService       - Checking for updates
19:59:48.408 [FXGL Background Thread 4 ] DEBUG FXGLApplication      - Loading fonts
19:59:48.409 [FXGL Background Thread 1 ] DEBUG FXGLApplication      - Loading default localization
19:59:48.410 [FXGL Background Thread 4 ] DEBUG FXGLAssetLoaderServi - Loading from file system: jar:file:///C:/Users/Usuario/.m2/repository/com/github/almasb/fxgl/17.2/fxgl-17.2.jar!/fxglassets/ui/fonts/VarelaRound-Regular.ttf
19:59:48.410 [FXGL Background Thread 1 ] DEBUG FXGLAssetLoaderServi - Loading from file system: jar:file:///C:/Users/Usuario/.m2/repository/com/github/almasb/fxgl/17.2/fxgl-17.2.jar!/fxglassets/languages/english.lang
19:59:48.447 [FXGL Background Thread 1 ] INFO  FXGLApplication      - FXGL initialization took: 0,844 sec
19:59:48.464 [JavaFX Application Thread] DEBUG Input                - Registered new binding: lucky - Q
19:59:48.464 [JavaFX Application Thread] DEBUG Input                - Registered new binding: health - F
19:59:48.465 [JavaFX Application Thread] DEBUG Input                - Registered new binding: Right - D
19:59:48.465 [JavaFX Application Thread] DEBUG Input                - Registered new binding: Left - A
19:59:48.465 [JavaFX Application Thread] DEBUG Input                - Registered new binding: Up - W
19:59:48.466 [JavaFX Application Thread] DEBUG Input                - Registered new binding: Down - S
19:59:48.468 [JavaFX Application Thread] DEBUG Input                - Registered new binding: Reload - RMB
19:59:48.468 [JavaFX Application Thread] DEBUG Input                - Registered new binding: Shoot - LMB
19:59:48.470 [JavaFX Application Thread] DEBUG FXGLAssetLoaderServi - Loading from file system: file:/C:/Users/Usuario/OneDrive%20-%20Universidad%20Icesi%20(@icesi.edu.co)/APO2/Tareas%20integradoras/NuclearThroneAtomic/src/nuclearthroneatomic/target/classes/assets/music/muiscformenus.mp3
19:59:48.621 [FXGL Background Thread 4 ] DEBUG FXGLAssetLoaderServi - Loading from file system: jar:file:///C:/Users/Usuario/.m2/repository/com/github/almasb/fxgl/17.2/fxgl-17.2.jar!/fxglassets/ui/fonts/Abel-Regular.ttf
19:59:48.629 [FXGL Background Thread 4 ] DEBUG FXGLAssetLoaderServi - Loading from file system: jar:file:///C:/Users/Usuario/.m2/repository/com/github/almasb/fxgl/17.2/fxgl-17.2.jar!/fxglassets/ui/fonts/TerminalLandMono-Regular.otf
19:59:48.638 [FXGL Background Thread 4 ] DEBUG FXGLAssetLoaderServi - Loading from file system: jar:file:///C:/Users/Usuario/.m2/repository/com/github/almasb/fxgl/17.2/fxgl-17.2.jar!/fxglassets/ui/fonts/Courier-Prime.ttf
19:59:48.738 [JavaFX Application Thread] DEBUG AudioPlayer          - Playing music com.almasb.fxgl.audio.Music@1624c84e
19:59:48.739 [JavaFX Application Thread] DEBUG FXGLAssetLoaderServi - Loading from file system: jar:file:///C:/Users/Usuario/.m2/repository/com/github/almasb/fxgl/17.2/fxgl-17.2.jar!/fxglassets/textures/fxgl_icon.png
19:59:48.772 [JavaFX Application Thread] DEBUG FXGLAssetLoaderServi - Loading from file system: jar:file:///C:/Users/Usuario/.m2/repository/com/github/almasb/fxgl/17.2/fxgl-17.2.jar!/fxglassets/textures/fxgl_default_cursor.png
19:59:48.776 [JavaFX Application Thread] DEBUG Input                - Registered new binding: Screenshot - CTRL+8
19:59:48.777 [JavaFX Application Thread] DEBUG Input                - Registered new binding: System info dump - CTRL+9
19:59:48.778 [JavaFX Application Thread] DEBUG Input                - Registered new binding: Restart - CTRL+R
19:59:48.779 [JavaFX Application Thread] DEBUG Input                - Registered new binding: Toggle Debug Camera - CTRL+7
19:59:48.783 [JavaFX Application Thread] DEBUG LoopRunner           - Starting loop
19:59:48.783 [JavaFX Application Thread] DEBUG LoopRunner           - Initializing JavaFX AnimationTimerLoop
19:59:48.787 [JavaFX Application Thread] DEBUG Input                - Clearing active input actions
19:59:48.802 [JavaFX Application Thread] DEBUG GameApplicationServi - Removing overlay from FXGLStartupScene and adding to FXGLMainMenuDummyScene
19:59:48.803 [JavaFX Application Thread] DEBUG PrimaryStageWindow   - FXGLStartupScene -> FXGLMainMenuDummyScene
19:59:48.803 [JavaFX Application Thread] DEBUG PrimaryStageWindow   - Push state: FXGLDefaultMenu
19:59:48.812 [JavaFX Application Thread] DEBUG Input                - Clearing active input actions
19:59:48.828 [JavaFX Application Thread] DEBUG GameApplicationServi - Removing overlay from FXGLMainMenuDummyScene and adding to FXGLDefaultMenu
19:59:48.829 [JavaFX Application Thread] DEBUG PrimaryStageWindow   - FXGLMainMenuDummyScene -> FXGLDefaultMenu
19:59:48.849 [JavaFX Application Thread] DEBUG FXGLApplication      - Registering font factories with UI factory
19:59:49.150 [FXGL Background Thread 2 ] INFO  UpdaterService       - Your current version:  17.2
19:59:49.150 [FXGL Background Thread 2 ] INFO  UpdaterService       - Latest stable version: 17.3
19:59:49.923 [JavaFX Application Thread] DEBUG Menu                 - fireNewGame()
19:59:49.924 [JavaFX Application Thread] DEBUG GameApplicationServi - Starting new game
19:59:49.927 [JavaFX Application Thread] DEBUG PrimaryStageWindow   - Pop state: FXGLDefaultMenu
19:59:49.927 [JavaFX Application Thread] DEBUG Input                - Clearing active input actions
19:59:49.928 [JavaFX Application Thread] DEBUG GameApplicationServi - Removing overlay from FXGLDefaultMenu and adding to FXGLMainMenuDummyScene
19:59:49.929 [JavaFX Application Thread] DEBUG PrimaryStageWindow   - FXGLMainMenuDummyScene <- FXGLDefaultMenu
19:59:49.929 [JavaFX Application Thread] DEBUG Input                - Clearing active input actions
19:59:49.938 [JavaFX Application Thread] DEBUG GameApplicationServi - Removing overlay from FXGLMainMenuDummyScene and adding to FXGLLoadingScene
19:59:49.938 [JavaFX Application Thread] DEBUG PrimaryStageWindow   - FXGLMainMenuDummyScene -> FXGLLoadingScene
19:59:49.939 [JavaFX Application Thread] DEBUG GameApplicationServi - Clearing previous game
19:59:49.939 [JavaFX Application Thread] DEBUG GameScene            - Clearing game scene
19:59:49.939 [JavaFX Application Thread] DEBUG GameWorld            - Clearing game world
19:59:49.939 [JavaFX Application Thread] DEBUG PhysicsWorld         - Clearing physics world
19:59:49.941 [FXGL Background Thread 2 ] DEBUG FXGLApplication      - Initializing game
19:59:49.951 [FXGL Background Thread 2 ] DEBUG FXGLAssetLoaderServi - Loading from file system: file:/C:/Users/Usuario/OneDrive%20-%20Universidad%20Icesi%20(@icesi.edu.co)/APO2/Tareas%20integradoras/NuclearThroneAtomic/src/nuclearthroneatomic/target/classes/assets/textures/Background/libraryYesOMG.png
19:59:49.972 [FXGL Background Thread 2 ] DEBUG FXGLAssetLoaderServi - Loading from file system: file:/C:/Users/Usuario/OneDrive%20-%20Universidad%20Icesi%20(@icesi.edu.co)/APO2/Tareas%20integradoras/NuclearThroneAtomic/src/nuclearthroneatomic/target/classes/assets/textures/Avatar/1-Idle/1.png
19:59:49.975 [FXGL Background Thread 2 ] DEBUG FXGLAssetLoaderServi - Loading from file system: file:/C:/Users/Usuario/OneDrive%20-%20Universidad%20Icesi%20(@icesi.edu.co)/APO2/Tareas%20integradoras/NuclearThroneAtomic/src/nuclearthroneatomic/target/classes/assets/textures/Avatar/1-Idle/2.png
19:59:49.978 [FXGL Background Thread 2 ] DEBUG FXGLAssetLoaderServi - Loading from file system: file:/C:/Users/Usuario/OneDrive%20-%20Universidad%20Icesi%20(@icesi.edu.co)/APO2/Tareas%20integradoras/NuclearThroneAtomic/src/nuclearthroneatomic/target/classes/assets/textures/Avatar/1-Idle/3.png
19:59:49.982 [FXGL Background Thread 2 ] DEBUG FXGLAssetLoaderServi - Loading from file system: file:/C:/Users/Usuario/OneDrive%20-%20Universidad%20Icesi%20(@icesi.edu.co)/APO2/Tareas%20integradoras/NuclearThroneAtomic/src/nuclearthroneatomic/target/classes/assets/textures/Avatar/1-Idle/4.png
19:59:50.017 [FXGL Background Thread 2 ] DEBUG FXGLAssetLoaderServi - Loading from file system: file:/C:/Users/Usuario/OneDrive%20-%20Universidad%20Icesi%20(@icesi.edu.co)/APO2/Tareas%20integradoras/NuclearThroneAtomic/src/nuclearthroneatomic/target/classes/assets/textures/Avatar/2-Run/1.png
19:59:50.021 [FXGL Background Thread 2 ] DEBUG FXGLAssetLoaderServi - Loading from file system: file:/C:/Users/Usuario/OneDrive%20-%20Universidad%20Icesi%20(@icesi.edu.co)/APO2/Tareas%20integradoras/NuclearThroneAtomic/src/nuclearthroneatomic/target/classes/assets/textures/Avatar/2-Run/2.png
19:59:50.024 [FXGL Background Thread 2 ] DEBUG FXGLAssetLoaderServi - Loading from file system: file:/C:/Users/Usuario/OneDrive%20-%20Universidad%20Icesi%20(@icesi.edu.co)/APO2/Tareas%20integradoras/NuclearThroneAtomic/src/nuclearthroneatomic/target/classes/assets/textures/Avatar/2-Run/3.png
19:59:50.027 [FXGL Background Thread 2 ] DEBUG FXGLAssetLoaderServi - Loading from file system: file:/C:/Users/Usuario/OneDrive%20-%20Universidad%20Icesi%20(@icesi.edu.co)/APO2/Tareas%20integradoras/NuclearThroneAtomic/src/nuclearthroneatomic/target/classes/assets/textures/Avatar/2-Run/4.png
19:59:50.030 [FXGL Background Thread 2 ] DEBUG FXGLAssetLoaderServi - Loading from file system: file:/C:/Users/Usuario/OneDrive%20-%20Universidad%20Icesi%20(@icesi.edu.co)/APO2/Tareas%20integradoras/NuclearThroneAtomic/src/nuclearthroneatomic/target/classes/assets/textures/Avatar/2-Run/5.png
19:59:50.034 [FXGL Background Thread 2 ] DEBUG FXGLAssetLoaderServi - Loading from file system: file:/C:/Users/Usuario/OneDrive%20-%20Universidad%20Icesi%20(@icesi.edu.co)/APO2/Tareas%20integradoras/NuclearThroneAtomic/src/nuclearthroneatomic/target/classes/assets/textures/Avatar/2-Run/6.png
19:59:50.043 [FXGL Background Thread 2 ] DEBUG FXGLAssetLoaderServi - Loading from file system: file:/C:/Users/Usuario/OneDrive%20-%20Universidad%20Icesi%20(@icesi.edu.co)/APO2/Tareas%20integradoras/NuclearThroneAtomic/src/nuclearthroneatomic/target/classes/assets/textures/Munition/1.png
19:59:50.072 [FXGL Background Thread 2 ] DEBUG FXGLAssetLoaderServi - Loading from file system: file:/C:/Users/Usuario/OneDrive%20-%20Universidad%20Icesi%20(@icesi.edu.co)/APO2/Tareas%20integradoras/NuclearThroneAtomic/src/nuclearthroneatomic/target/classes/assets/textures/hud/lifeplayer.png
19:59:50.080 [FXGL Background Thread 2 ] DEBUG FXGLAssetLoaderServi - Loading from file system: file:/C:/Users/Usuario/OneDrive%20-%20Universidad%20Icesi%20(@icesi.edu.co)/APO2/Tareas%20integradoras/NuclearThroneAtomic/src/nuclearthroneatomic/target/classes/assets/textures/hud/medkit.png
19:59:50.086 [FXGL Background Thread 2 ] DEBUG FXGLAssetLoaderServi - Loading from file system: file:/C:/Users/Usuario/OneDrive%20-%20Universidad%20Icesi%20(@icesi.edu.co)/APO2/Tareas%20integradoras/NuclearThroneAtomic/src/nuclearthroneatomic/target/classes/assets/textures/hud/trebol.png
19:59:50.093 [FXGL Background Thread 2 ] DEBUG FXGLAssetLoaderServi - Loading from file system: file:/C:/Users/Usuario/OneDrive%20-%20Universidad%20Icesi%20(@icesi.edu.co)/APO2/Tareas%20integradoras/NuclearThroneAtomic/src/nuclearthroneatomic/target/classes/assets/textures/Guns/hand.png
19:59:50.128 [FXGL Background Thread 2 ] DEBUG FXGLAssetLoaderServi - Loading from file system: file:/C:/Users/Usuario/OneDrive%20-%20Universidad%20Icesi%20(@icesi.edu.co)/APO2/Tareas%20integradoras/NuclearThroneAtomic/src/nuclearthroneatomic/target/classes/assets/textures/Guns/2.png
19:59:50.155 [FXGL Background Thread 2 ] DEBUG FXGLAssetLoaderServi - Loading from file system: file:/C:/Users/Usuario/OneDrive%20-%20Universidad%20Icesi%20(@icesi.edu.co)/APO2/Tareas%20integradoras/NuclearThroneAtomic/src/nuclearthroneatomic/target/classes/assets/textures/enemy/1-Idle/1.png
19:59:50.158 [FXGL Background Thread 2 ] DEBUG FXGLAssetLoaderServi - Loading from file system: file:/C:/Users/Usuario/OneDrive%20-%20Universidad%20Icesi%20(@icesi.edu.co)/APO2/Tareas%20integradoras/NuclearThroneAtomic/src/nuclearthroneatomic/target/classes/assets/textures/enemy/1-Idle/2.png
19:59:50.163 [FXGL Background Thread 2 ] DEBUG FXGLAssetLoaderServi - Loading from file system: file:/C:/Users/Usuario/OneDrive%20-%20Universidad%20Icesi%20(@icesi.edu.co)/APO2/Tareas%20integradoras/NuclearThroneAtomic/src/nuclearthroneatomic/target/classes/assets/textures/enemy/1-Idle/3.png
19:59:50.166 [FXGL Background Thread 2 ] DEBUG FXGLAssetLoaderServi - Loading from file system: file:/C:/Users/Usuario/OneDrive%20-%20Universidad%20Icesi%20(@icesi.edu.co)/APO2/Tareas%20integradoras/NuclearThroneAtomic/src/nuclearthroneatomic/target/classes/assets/textures/enemy/1-Idle/4.png
19:59:50.183 [FXGL Background Thread 2 ] DEBUG FXGLAssetLoaderServi - Loading from file system: file:/C:/Users/Usuario/OneDrive%20-%20Universidad%20Icesi%20(@icesi.edu.co)/APO2/Tareas%20integradoras/NuclearThroneAtomic/src/nuclearthroneatomic/target/classes/assets/textures/enemy/2-Run/1.png
19:59:50.187 [FXGL Background Thread 2 ] DEBUG FXGLAssetLoaderServi - Loading from file system: file:/C:/Users/Usuario/OneDrive%20-%20Universidad%20Icesi%20(@icesi.edu.co)/APO2/Tareas%20integradoras/NuclearThroneAtomic/src/nuclearthroneatomic/target/classes/assets/textures/enemy/2-Run/2.png
19:59:50.191 [FXGL Background Thread 2 ] DEBUG FXGLAssetLoaderServi - Loading from file system: file:/C:/Users/Usuario/OneDrive%20-%20Universidad%20Icesi%20(@icesi.edu.co)/APO2/Tareas%20integradoras/NuclearThroneAtomic/src/nuclearthroneatomic/target/classes/assets/textures/enemy/2-Run/3.png
19:59:50.194 [FXGL Background Thread 2 ] DEBUG FXGLAssetLoaderServi - Loading from file system: file:/C:/Users/Usuario/OneDrive%20-%20Universidad%20Icesi%20(@icesi.edu.co)/APO2/Tareas%20integradoras/NuclearThroneAtomic/src/nuclearthroneatomic/target/classes/assets/textures/enemy/2-Run/4.png
19:59:50.197 [FXGL Background Thread 2 ] DEBUG FXGLAssetLoaderServi - Loading from file system: file:/C:/Users/Usuario/OneDrive%20-%20Universidad%20Icesi%20(@icesi.edu.co)/APO2/Tareas%20integradoras/NuclearThroneAtomic/src/nuclearthroneatomic/target/classes/assets/textures/enemy/2-Run/5.png
19:59:50.200 [FXGL Background Thread 2 ] DEBUG FXGLAssetLoaderServi - Loading from file system: file:/C:/Users/Usuario/OneDrive%20-%20Universidad%20Icesi%20(@icesi.edu.co)/APO2/Tareas%20integradoras/NuclearThroneAtomic/src/nuclearthroneatomic/target/classes/assets/textures/enemy/2-Run/6.png
19:59:50.207 [FXGL Background Thread 2 ] DEBUG FXGLAssetLoaderServi - Loading from file system: file:/C:/Users/Usuario/OneDrive%20-%20Universidad%20Icesi%20(@icesi.edu.co)/APO2/Tareas%20integradoras/NuclearThroneAtomic/src/nuclearthroneatomic/target/classes/assets/textures/Guns/1.png
19:59:50.219 [FXGL Background Thread 2 ] DEBUG FXGLAssetLoaderServi - Loading from file system: file:/C:/Users/Usuario/OneDrive%20-%20Universidad%20Icesi%20(@icesi.edu.co)/APO2/Tareas%20integradoras/NuclearThroneAtomic/src/nuclearthroneatomic/target/classes/assets/textures/Wall/1.png
19:59:50.240 [FXGL Background Thread 2 ] DEBUG FXGLAssetLoaderServi - Loading from file system: file:/C:/Users/Usuario/OneDrive%20-%20Universidad%20Icesi%20(@icesi.edu.co)/APO2/Tareas%20integradoras/NuclearThroneAtomic/src/nuclearthroneatomic/target/classes/assets/textures/mouse/mousecomplete.png
19:59:50.523 [FXGL Background Thread 2 ] INFO  FXGLApplication      - Game initialization took: 0,582 sec
19:59:50.533 [JavaFX Application Thread] DEBUG Input                - Clearing active input actions
19:59:50.549 [JavaFX Application Thread] DEBUG GameApplicationServi - Removing overlay from FXGLLoadingScene and adding to GameScene
19:59:50.550 [JavaFX Application Thread] DEBUG PrimaryStageWindow   - FXGLLoadingScene -> GameScene
19:59:51.062 [JavaFX Application Thread] DEBUG FXGLAssetLoaderServi - Loading from file system: file:/C:/Users/Usuario/OneDrive%20-%20Universidad%20Icesi%20(@icesi.edu.co)/APO2/Tareas%20integradoras/NuclearThroneAtomic/src/nuclearthroneatomic/target/classes/assets/textures/Munition/2.png
19:59:51.405 [FXGL Background Thread 3 ] DEBUG Engine               - Logging environment variables
19:59:51.405 [FXGL Background Thread 3 ] DEBUG Engine               - achievements: []
19:59:51.405 [FXGL Background Thread 3 ] DEBUG Engine               - actualHeight: 1080.0
19:59:51.406 [FXGL Background Thread 3 ] DEBUG Engine               - actualHeightProperty: ReadOnlyDoubleProperty [value: 1080.0]
19:59:51.406 [FXGL Background Thread 3 ] DEBUG Engine               - actualWidth: 1920.0
19:59:51.406 [FXGL Background Thread 3 ] DEBUG Engine               - actualWidthProperty: ReadOnlyDoubleProperty [value: 1920.0]
19:59:51.406 [FXGL Background Thread 3 ] DEBUG Engine               - appIcon: fxgl_icon.png
19:59:51.406 [FXGL Background Thread 3 ] DEBUG Engine               - applicationMode: DEVELOPER
19:59:51.406 [FXGL Background Thread 3 ] DEBUG Engine               - cSSList: [fxgl_dark.css]
19:59:51.406 [FXGL Background Thread 3 ] DEBUG Engine               - collisionDetectionStrategy: BRUTE_FORCE
19:59:51.406 [FXGL Background Thread 3 ] DEBUG Engine               - configClass: Optional.empty
19:59:51.406 [FXGL Background Thread 3 ] DEBUG Engine               - credits: [Designer . . . . . . . Johan Daniel Aguirre, Program Team . . . . . . Juan Sebastián Libreros,                           Juan Jose Barrera,                           Johan Daniel Aguirre, El mas lindo . . . . . . Juan Sebastián Libreros, Master Thief . . . . . . Johan Daniel Aguirre]
19:59:51.407 [FXGL Background Thread 3 ] DEBUG Engine               - defaultCursor: CursorInfo(imageName=fxgl_default_cursor.png, hotspotX=7.0, hotspotY=6.0)
19:59:51.407 [FXGL Background Thread 3 ] DEBUG Engine               - devBBoxColorProperty: ObjectProperty [value: 0xff0000ff]
19:59:51.407 [FXGL Background Thread 3 ] DEBUG Engine               - devEnableDebugCameraProperty: BooleanProperty [value: false]
19:59:51.407 [FXGL Background Thread 3 ] DEBUG Engine               - devSensorColorProperty: ObjectProperty [value: 0xffff00ff]
19:59:51.407 [FXGL Background Thread 3 ] DEBUG Engine               - devShowBBoxProperty: BooleanProperty [value: false]
19:59:51.407 [FXGL Background Thread 3 ] DEBUG Engine               - devShowPositionProperty: BooleanProperty [value: false]
19:59:51.407 [FXGL Background Thread 3 ] DEBUG Engine               - enabledMenuItems: [EXTRA]
19:59:51.407 [FXGL Background Thread 3 ] DEBUG Engine               - engineServices: [class com.almasb.fxgl.app.services.FXGLAssetLoaderService, class com.almasb.fxgl.app.FXGLApplication$GameApplicationService, class com.almasb.fxgl.app.services.FXGLDialogService, class com.almasb.fxgl.app.services.IOTaskExecutorService, class com.almasb.fxgl.io.FileSystemService, class com.almasb.fxgl.localization.LocalizationService, class com.almasb.fxgl.app.services.SystemBundleService, class com.almasb.fxgl.profile.SaveLoadService, class com.almasb.fxgl.ui.FXGLUIFactoryServiceProvider, class com.almasb.fxgl.ui.FXGLDialogFactoryServiceProvider, class com.almasb.fxgl.audio.AudioPlayer, class com.almasb.fxgl.notification.impl.NotificationServiceProvider, class com.almasb.fxgl.achievement.AchievementService, class com.almasb.fxgl.cutscene.CutsceneService, class com.almasb.fxgl.minigames.MiniGameService, class com.almasb.fxgl.net.NetService, class com.almasb.fxgl.app.services.UpdaterService, class com.almasb.fxgl.dev.DevService]
19:59:51.407 [FXGL Background Thread 3 ] DEBUG Engine               - fontGame: Abel-Regular.ttf
19:59:51.407 [FXGL Background Thread 3 ] DEBUG Engine               - fontMono: TerminalLandMono-Regular.otf
19:59:51.407 [FXGL Background Thread 3 ] DEBUG Engine               - fontText: Courier-Prime.ttf
19:59:51.407 [FXGL Background Thread 3 ] DEBUG Engine               - fontUI: VarelaRound-Regular.ttf
19:59:51.407 [FXGL Background Thread 3 ] DEBUG Engine               - fullScreen: BooleanProperty [value: true]
19:59:51.407 [FXGL Background Thread 3 ] DEBUG Engine               - gameDifficulty: MEDIUM
19:59:51.408 [FXGL Background Thread 3 ] DEBUG Engine               - gameDifficultyProperty: ObjectProperty [value: MEDIUM]
19:59:51.408 [FXGL Background Thread 3 ] DEBUG Engine               - globalMusicVolume: 0.5
19:59:51.408 [FXGL Background Thread 3 ] DEBUG Engine               - globalMusicVolumeProperty: DoubleProperty [value: 1.0]
19:59:51.408 [FXGL Background Thread 3 ] DEBUG Engine               - globalSoundVolume: 0.5
19:59:51.408 [FXGL Background Thread 3 ] DEBUG Engine               - globalSoundVolumeProperty: DoubleProperty [value: 0.1]
19:59:51.408 [FXGL Background Thread 3 ] DEBUG Engine               - height: 600
19:59:51.408 [FXGL Background Thread 3 ] DEBUG Engine               - is3D: false
19:59:51.408 [FXGL Background Thread 3 ] DEBUG Engine               - isAndroid: false
19:59:51.408 [FXGL Background Thread 3 ] DEBUG Engine               - isBrowser: false
19:59:51.408 [FXGL Background Thread 3 ] DEBUG Engine               - isClickFeedbackEnabled: false
19:59:51.408 [FXGL Background Thread 3 ] DEBUG Engine               - isCloseConfirmation: false
19:59:51.408 [FXGL Background Thread 3 ] DEBUG Engine               - isDesktop: true
19:59:51.408 [FXGL Background Thread 3 ] DEBUG Engine               - isDeveloperMenuEnabled: false
19:59:51.408 [FXGL Background Thread 3 ] DEBUG Engine               - isEmbedded: false
19:59:51.408 [FXGL Background Thread 3 ] DEBUG Engine               - isEntityPreloadEnabled: true
19:59:51.408 [FXGL Background Thread 3 ] DEBUG Engine               - isExperimentalTiledLargeMap: false
19:59:51.408 [FXGL Background Thread 3 ] DEBUG Engine               - isFileSystemWriteAllowed: true
19:59:51.408 [FXGL Background Thread 3 ] DEBUG Engine               - isFullScreenAllowed: true
19:59:51.408 [FXGL Background Thread 3 ] DEBUG Engine               - isFullScreenFromStart: true
19:59:51.408 [FXGL Background Thread 3 ] DEBUG Engine               - isGameMenuEnabled: true
19:59:51.408 [FXGL Background Thread 3 ] DEBUG Engine               - isIOS: false
19:59:51.409 [FXGL Background Thread 3 ] DEBUG Engine               - isIntroEnabled: false
19:59:51.409 [FXGL Background Thread 3 ] DEBUG Engine               - isLinux: false
19:59:51.409 [FXGL Background Thread 3 ] DEBUG Engine               - isMac: false
19:59:51.409 [FXGL Background Thread 3 ] DEBUG Engine               - isMainMenuEnabled: true
19:59:51.409 [FXGL Background Thread 3 ] DEBUG Engine               - isManualResizeEnabled: false
19:59:51.409 [FXGL Background Thread 3 ] DEBUG Engine               - isMobile: false
19:59:51.409 [FXGL Background Thread 3 ] DEBUG Engine               - isNative: false
19:59:51.409 [FXGL Background Thread 3 ] DEBUG Engine               - isPauseMusicWhenMinimized: true
19:59:51.409 [FXGL Background Thread 3 ] DEBUG Engine               - isPreserveResizeRatio: false
19:59:51.409 [FXGL Background Thread 3 ] DEBUG Engine               - isProfilingEnabled: false
19:59:51.409 [FXGL Background Thread 3 ] DEBUG Engine               - isScaleAffectedOnResize: true
19:59:51.409 [FXGL Background Thread 3 ] DEBUG Engine               - isSingleStep: false
19:59:51.409 [FXGL Background Thread 3 ] DEBUG Engine               - isUserProfileEnabled: false
19:59:51.409 [FXGL Background Thread 3 ] DEBUG Engine               - isWindows: true
19:59:51.409 [FXGL Background Thread 3 ] DEBUG Engine               - language: ObjectProperty [value: ENGLISH]
19:59:51.409 [FXGL Background Thread 3 ] DEBUG Engine               - menuKey: ESCAPE
19:59:51.409 [FXGL Background Thread 3 ] DEBUG Engine               - mouseSensitivity: 0.2
19:59:51.409 [FXGL Background Thread 3 ] DEBUG Engine               - notificationViewClass: class com.almasb.fxgl.notification.view.XboxNotificationView
19:59:51.409 [FXGL Background Thread 3 ] DEBUG Engine               - pixelsPerMeter: 50.0
19:59:51.409 [FXGL Background Thread 3 ] DEBUG Engine               - platform: WINDOWS
19:59:51.409 [FXGL Background Thread 3 ] DEBUG Engine               - prefHeightProperty: ReadOnlyDoubleProperty [value: 600.0]
19:59:51.409 [FXGL Background Thread 3 ] DEBUG Engine               - prefWidthProperty: ReadOnlyDoubleProperty [value: 800.0]
19:59:51.409 [FXGL Background Thread 3 ] DEBUG Engine               - profileDir: profiles/
19:59:51.409 [FXGL Background Thread 3 ] DEBUG Engine               - profileName: StringProperty [value: DEFAULT]
19:59:51.410 [FXGL Background Thread 3 ] DEBUG Engine               - randomSeed: -1
19:59:51.410 [FXGL Background Thread 3 ] DEBUG Engine               - runtimeInfo: RuntimeInfo(platform=WINDOWS, version=17.2, build=20.08.2022 16.50)
19:59:51.410 [FXGL Background Thread 3 ] DEBUG Engine               - saveFileExt: sav
19:59:51.410 [FXGL Background Thread 3 ] DEBUG Engine               - scaledHeightProp$fxgl: DoubleProperty [bound, value: 1080.0]
19:59:51.410 [FXGL Background Thread 3 ] DEBUG Engine               - scaledWidthProp$fxgl: DoubleProperty [bound, value: 1920.0]
19:59:51.410 [FXGL Background Thread 3 ] DEBUG Engine               - sceneFactory: com.almasb.fxgl.app.scene.SceneFactory@30d47d23
19:59:51.410 [FXGL Background Thread 3 ] DEBUG Engine               - secondsIn24h: 60
19:59:51.410 [FXGL Background Thread 3 ] DEBUG Engine               - soundMenuBack: menu/back.wav
19:59:51.411 [FXGL Background Thread 3 ] DEBUG Engine               - soundMenuPress: menu/press.wav
19:59:51.411 [FXGL Background Thread 3 ] DEBUG Engine               - soundMenuSelect: menu/select.wav
19:59:51.411 [FXGL Background Thread 3 ] DEBUG Engine               - soundNotification: core/notification.wav
19:59:51.411 [FXGL Background Thread 3 ] DEBUG Engine               - stageStyle: DECORATED
19:59:51.411 [FXGL Background Thread 3 ] DEBUG Engine               - supportedLanguages: [ENGLISH, FRENCH, GERMAN, HUNGARIAN, RUSSIAN]
19:59:51.411 [FXGL Background Thread 3 ] DEBUG Engine               - ticksPerSecond: -1
19:59:51.411 [FXGL Background Thread 3 ] DEBUG Engine               - title: Nuclear Throne Atomic
19:59:51.411 [FXGL Background Thread 3 ] DEBUG Engine               - urlGithub: https://github.com/AlmasB/FXGL
19:59:51.411 [FXGL Background Thread 3 ] DEBUG Engine               - urlLeaderboard: http://fxgl-top.herokuapp.com/
19:59:51.411 [FXGL Background Thread 3 ] DEBUG Engine               - urlPOM: https://raw.githubusercontent.com/AlmasB/FXGL/release/README.md
19:59:51.411 [FXGL Background Thread 3 ] DEBUG Engine               - userAppClass: class com.example.nuclearthroneatomic.Controller
19:59:51.411 [FXGL Background Thread 3 ] DEBUG Engine               - version: 0.0
19:59:51.411 [FXGL Background Thread 3 ] DEBUG Engine               - versionCheckDays: 7
19:59:51.411 [FXGL Background Thread 3 ] DEBUG Engine               - width: 800
19:59:51.411 [FXGL Background Thread 3 ] DEBUG Engine               - Logging services
19:59:51.411 [FXGL Background Thread 3 ] DEBUG Engine               - class com.almasb.fxgl.app.services.FXGLAssetLoaderService
19:59:51.412 [FXGL Background Thread 3 ] DEBUG Engine               - class com.almasb.fxgl.app.FXGLApplication$GameApplicationService
19:59:51.412 [FXGL Background Thread 3 ] DEBUG Engine               - class com.almasb.fxgl.app.services.FXGLDialogService
19:59:51.412 [FXGL Background Thread 3 ] DEBUG Engine               - class com.almasb.fxgl.app.services.IOTaskExecutorService
19:59:51.412 [FXGL Background Thread 3 ] DEBUG Engine               - class com.almasb.fxgl.io.FileSystemService
19:59:51.412 [FXGL Background Thread 3 ] DEBUG Engine               - class com.almasb.fxgl.localization.LocalizationService
19:59:51.412 [FXGL Background Thread 3 ] DEBUG Engine               - class com.almasb.fxgl.app.services.SystemBundleService
19:59:51.412 [FXGL Background Thread 3 ] DEBUG Engine               - class com.almasb.fxgl.profile.SaveLoadService
19:59:51.412 [FXGL Background Thread 3 ] DEBUG Engine               - class com.almasb.fxgl.ui.FXGLUIFactoryServiceProvider
19:59:51.412 [FXGL Background Thread 3 ] DEBUG Engine               - class com.almasb.fxgl.ui.FXGLDialogFactoryServiceProvider
19:59:51.412 [FXGL Background Thread 3 ] DEBUG Engine               - class com.almasb.fxgl.audio.AudioPlayer
19:59:51.412 [FXGL Background Thread 3 ] DEBUG Engine               - class com.almasb.fxgl.notification.impl.NotificationServiceProvider
19:59:51.412 [FXGL Background Thread 3 ] DEBUG Engine               - class com.almasb.fxgl.achievement.AchievementService
19:59:51.412 [FXGL Background Thread 3 ] DEBUG Engine               - class com.almasb.fxgl.cutscene.CutsceneService
19:59:51.412 [FXGL Background Thread 3 ] DEBUG Engine               - class com.almasb.fxgl.minigames.MiniGameService
19:59:51.412 [FXGL Background Thread 3 ] DEBUG Engine               - class com.almasb.fxgl.net.NetService
19:59:51.412 [FXGL Background Thread 3 ] DEBUG Engine               - class com.almasb.fxgl.app.services.UpdaterService
19:59:51.412 [FXGL Background Thread 3 ] DEBUG Engine               - class com.almasb.fxgl.dev.DevService
19:59:52.056 [JavaFX Application Thread] DEBUG LoopRunner           - Stopping loop
19:59:52.059 [JavaFX Application Thread] FATAL FXGLApplication      - Uncaught Exception:
java.lang.NullPointerException: Cannot invoke "com.almasb.fxgl.time.LocalTimer.elapsed(javafx.util.Duration)" because "this.this$0.attackTimer" is null
	at com.example.nuclearthroneatomic/com.example.nuclearthroneatomic.Controller$7.onCollision(Controller.java:297)
	at com.almasb.fxgl.entity@17.2/com.almasb.fxgl.physics.CollisionPair.collision(CollisionPair.java:41)
	at com.almasb.fxgl.entity@17.2/com.almasb.fxgl.physics.PhysicsWorld.notifyCollisions(PhysicsWorld.java:486)
	at com.almasb.fxgl.entity@17.2/com.almasb.fxgl.physics.PhysicsWorld.onUpdate(PhysicsWorld.java:180)
	at com.almasb.fxgl.all@17.2/com.almasb.fxgl.app.scene.GameScene.step(GameScene.kt:229)
	at com.almasb.fxgl.all@17.2/com.almasb.fxgl.app.scene.GameScene.onUpdate(GameScene.kt:224)
	at com.almasb.fxgl.scene@17.2/com.almasb.fxgl.scene.Scene.update(Scene.kt:105)
	at com.almasb.fxgl.all@17.2/com.almasb.fxgl.app.MainWindow$update$1.invoke(MainWindow.kt:115)
	at com.almasb.fxgl.all@17.2/com.almasb.fxgl.app.MainWindow$update$1.invoke(MainWindow.kt:115)
	at com.almasb.fxgl.core@17.2/com.almasb.fxgl.core.fsm.StateMachine.runOnActiveStates(StateMachine.kt:69)
	at com.almasb.fxgl.all@17.2/com.almasb.fxgl.app.MainWindow.update(MainWindow.kt:115)
	at com.almasb.fxgl.all@17.2/com.almasb.fxgl.app.FXGLApplication$GameApplicationService.onUpdate(FXGLApplication.kt:426)
	at com.almasb.fxgl.all@17.2/com.almasb.fxgl.app.Engine.loop(Engine.kt:134)
	at com.almasb.fxgl.all@17.2/com.almasb.fxgl.app.Engine.access$loop(Engine.kt:24)
	at com.almasb.fxgl.all@17.2/com.almasb.fxgl.app.Engine$loop$1.invoke(Engine.kt:28)
	at com.almasb.fxgl.all@17.2/com.almasb.fxgl.app.Engine$loop$1.invoke(Engine.kt:28)
	at com.almasb.fxgl.all@17.2/com.almasb.fxgl.app.LoopRunner.frame(LoopRunner.kt:103)
	at com.almasb.fxgl.all@17.2/com.almasb.fxgl.app.LoopRunner.access$frame(LoopRunner.kt:23)
	at com.almasb.fxgl.all@17.2/com.almasb.fxgl.app.LoopRunner$impl$2$1.onTick(LoopRunner.kt:57)
	at com.almasb.fxgl.all@17.2/com.almasb.fxgl.app.AnimationTimerLoop$timer$1.handle(LoopRunner.kt:137)
	at javafx.graphics@19.0.2.1/javafx.animation.AnimationTimer$AnimationTimerReceiver.lambda$handle$0(AnimationTimer.java:58)
	at java.base/java.security.AccessController.doPrivileged(AccessController.java:400)
	at javafx.graphics@19.0.2.1/javafx.animation.AnimationTimer$AnimationTimerReceiver.handle(AnimationTimer.java:57)
	at javafx.graphics@19.0.2.1/com.sun.scenario.animation.AbstractPrimaryTimer.timePulseImpl(AbstractPrimaryTimer.java:356)
	at javafx.graphics@19.0.2.1/com.sun.scenario.animation.AbstractPrimaryTimer$MainLoop.run(AbstractPrimaryTimer.java:266)
	at javafx.graphics@19.0.2.1/com.sun.javafx.tk.quantum.QuantumToolkit.pulse(QuantumToolkit.java:571)
	at javafx.graphics@19.0.2.1/com.sun.javafx.tk.quantum.QuantumToolkit.pulse(QuantumToolkit.java:555)
	at javafx.graphics@19.0.2.1/com.sun.javafx.tk.quantum.QuantumToolkit.pulseFromQueue(QuantumToolkit.java:548)
	at javafx.graphics@19.0.2.1/com.sun.javafx.tk.quantum.QuantumToolkit.lambda$runToolkit$11(QuantumToolkit.java:352)
	at javafx.graphics@19.0.2.1/com.sun.glass.ui.InvokeLaterDispatcher$Future.run(InvokeLaterDispatcher.java:96)
	at javafx.graphics@19.0.2.1/com.sun.glass.ui.win.WinApplication._runLoop(Native Method)
	at javafx.graphics@19.0.2.1/com.sun.glass.ui.win.WinApplication.lambda$runLoop$3(WinApplication.java:184)
	at java.base/java.lang.Thread.run(Thread.java:1623)

19:59:52.059 [JavaFX Application Thread] FATAL FXGLApplication      - Application will now exit
19:59:52.085 [JavaFX Application Thread] DEBUG PrimaryStageWindow   - Push state: ErrorSubScene
19:59:52.086 [JavaFX Application Thread] DEBUG Input                - Clearing active input actions
19:59:52.088 [JavaFX Application Thread] DEBUG GameApplicationServi - Removing overlay from GameScene and adding to ErrorSubScene
19:59:52.088 [JavaFX Application Thread] DEBUG PrimaryStageWindow   - GameScene -> ErrorSubScene
19:59:53.935 [JavaFX Application Thread] DEBUG FXGLApplication      - Exiting FXGL
19:59:53.935 [JavaFX Application Thread] DEBUG Async                - Shutting down background threads
19:59:53.935 [JavaFX Application Thread] DEBUG PrimaryStageWindow   - Closing main window
19:59:53.959 [JavaFX Application Thread] DEBUG Logger               - Closing Logger
