05:06:06.825 [main                     ] DEBUG Logger               - Configured Logger
05:06:06.879 [main                     ] DEBUG GameApplication      - Logging settings
Title: Nuclear Throne Atomic
Version: 0.0
Width: 800
Height: 600
Fullscreen: true
Intro: false
Profiling: false
Single step:false
App Mode: DEVELOPER
Menu Key: ESCAPE
Stage Style: DECORATED
Scene Factory: class com.almasb.fxgl.app.scene.SceneFactory

05:06:07.391 [JavaFX Application Thread] DEBUG FXGLApplication      - Initializing FXGL
05:06:07.403 [JavaFX Application Thread] INFO  Engine               - FXGL-17.2 (20.08.2022 16.50) on WINDOWS (J:18.0.2 FX:19.0.2.1)
05:06:07.403 [JavaFX Application Thread] DEBUG Engine               - JRE Vendor Name: Amazon.com Inc.
05:06:07.404 [JavaFX Application Thread] DEBUG Engine               - Running on OS: Windows 10 version 10.0
05:06:07.404 [JavaFX Application Thread] DEBUG Engine               - Architecture: amd64
05:06:07.404 [JavaFX Application Thread] INFO  Engine               - Source code and latest versions at: https://github.com/AlmasB/FXGL
05:06:07.404 [JavaFX Application Thread] INFO  Engine               -       Ask questions and discuss at: https://github.com/AlmasB/FXGL/discussions
05:06:07.404 [JavaFX Application Thread] INFO  Engine               -              Join the FXGL chat at: https://gitter.im/AlmasB/FXGL
05:06:07.546 [JavaFX Application Thread] DEBUG PrimaryStageWindow   - Creating a JavaFX scene
05:06:07.615 [JavaFX Application Thread] DEBUG PrimaryStageWindow   - Target settings size: 800.0 x 600.0
05:06:07.616 [JavaFX Application Thread] DEBUG PrimaryStageWindow   - Scaled scene size:    800.0 x 600.0
05:06:07.616 [JavaFX Application Thread] DEBUG PrimaryStageWindow   - Scaled ratio: (1.0, 1.0)
05:06:07.619 [JavaFX Application Thread] DEBUG PrimaryStageWindow   - Set initial scene to FXGLStartupScene
05:06:07.629 [JavaFX Application Thread] DEBUG PrimaryStageWindow   - Opening main window
05:06:07.752 [JavaFX Application Thread] DEBUG PrimaryStageWindow   - Window border size: (16.0, 39.0)
05:06:07.752 [JavaFX Application Thread] DEBUG PrimaryStageWindow   - Scaled size: 800.0 x 600.0
05:06:07.752 [JavaFX Application Thread] DEBUG PrimaryStageWindow   - Scaled ratio: (1.0, 1.0)
05:06:07.753 [JavaFX Application Thread] DEBUG PrimaryStageWindow   - Scene size: 800.0 x 600.0
05:06:07.753 [JavaFX Application Thread] DEBUG PrimaryStageWindow   - Stage size: 816.0 x 639.0
05:06:07.771 [FXGL Background Thread 1 ] DEBUG Engine               - Initializing environment variables
05:06:07.857 [FXGL Background Thread 1 ] DEBUG FXGLAssetLoaderServi - User app class for loading assets: class com.example.nuclearthroneatomic.Controller
05:06:07.858 [FXGL Background Thread 1 ] DEBUG GameApplicationServi - Applying CSS: fxgl_dark.css
05:06:07.859 [FXGL Background Thread 1 ] DEBUG FXGLAssetLoaderServi - Loading from file system: jar:file:///C:/Users/Juan/.m2/repository/com/github/almasb/fxgl/17.2/fxgl-17.2.jar!/fxglassets/ui/css/fxgl_dark.css
05:06:07.951 [FXGL Background Thread 1 ] DEBUG GameApplicationServi - Initializing application scenes
05:06:08.053 [FXGL Background Thread 1 ] DEBUG GameWorld            - Game world initialized
05:06:08.163 [FXGL Background Thread 1 ] DEBUG PhysicsWorld         - Physics world initialized: appHeight=600, physics.ppm=50,0
05:06:08.163 [FXGL Background Thread 1 ] DEBUG PhysicsWorld         - Using strategy: BRUTE_FORCE
05:06:08.168 [FXGL Background Thread 1 ] DEBUG GameScene            - Game scene initialized: 800x600
05:06:08.186 [FXGL Background Thread 1 ] DEBUG FXGL.DefaultMenu     - createMenuBodyMainMenu()
05:06:08.205 [FXGL Background Thread 1 ] DEBUG FXGL.DefaultMenu     - createOptionsMenu()
05:06:08.222 [FXGL Background Thread 1 ] DEBUG FXGLAssetLoaderServi - Loading from file system: jar:file:///C:/Users/Juan/.m2/repository/com/github/almasb/fxgl/17.2/fxgl-17.2.jar!/fxglassets/textures/particles/smoke.png
05:06:08.579 [FXGL Background Thread 1 ] DEBUG FXGLAssetLoaderServi - Loading from file system: jar:file:///C:/Users/Juan/.m2/repository/com/github/almasb/fxgl/17.2/fxgl-17.2.jar!/fxglassets/textures/particles/trace_horizontal.png
05:06:08.634 [FXGL Background Thread 1 ] DEBUG FXGL.DefaultMenu     - createMenuBodyGameMenu()
05:06:08.635 [FXGL Background Thread 1 ] DEBUG FXGL.DefaultMenu     - createOptionsMenu()
05:06:08.660 [FXGL Background Thread 1 ] DEBUG GameApplicationServi - Application scenes initialized
05:06:08.714 [FXGL Background Thread 1 ] DEBUG SystemBundleService  - Loading FXGL system data
05:06:08.770 [FXGL Background Thread 1 ] DEBUG FileSystemAccess     - Reading from: C:\Users\Juan\Desktop\Apo Integradora 3\NuclearThroneAtomic\src\nuclearthroneatomic\system\fxgl.bundle
05:06:08.794 [FXGL Background Thread 1 ] DEBUG SystemBundleService  - Bundle FXGL: {}
05:06:08.795 [FXGL Background Thread 1 ] DEBUG UpdaterService       - Checking for updates
05:06:08.801 [FXGL Background Thread 4 ] DEBUG FXGLApplication      - Loading fonts
05:06:08.802 [FXGL Background Thread 4 ] DEBUG FXGLAssetLoaderServi - Loading from file system: jar:file:///C:/Users/Juan/.m2/repository/com/github/almasb/fxgl/17.2/fxgl-17.2.jar!/fxglassets/ui/fonts/VarelaRound-Regular.ttf
05:06:08.804 [FXGL Background Thread 1 ] DEBUG FXGLApplication      - Loading default localization
05:06:08.805 [FXGL Background Thread 1 ] DEBUG FXGLAssetLoaderServi - Loading from file system: jar:file:///C:/Users/Juan/.m2/repository/com/github/almasb/fxgl/17.2/fxgl-17.2.jar!/fxglassets/languages/english.lang
05:06:08.867 [FXGL Background Thread 1 ] INFO  FXGLApplication      - FXGL initialization took: 1,096 sec
05:06:08.877 [JavaFX Application Thread] DEBUG Input                - Registered new binding: lucky - Q
05:06:08.877 [JavaFX Application Thread] DEBUG Input                - Registered new binding: health - F
05:06:08.877 [JavaFX Application Thread] DEBUG Input                - Registered new binding: Right - D
05:06:08.878 [JavaFX Application Thread] DEBUG Input                - Registered new binding: Left - A
05:06:08.878 [JavaFX Application Thread] DEBUG Input                - Registered new binding: Up - W
05:06:08.878 [JavaFX Application Thread] DEBUG Input                - Registered new binding: Down - S
05:06:08.879 [JavaFX Application Thread] DEBUG Input                - Registered new binding: Reload - RMB
05:06:08.879 [JavaFX Application Thread] DEBUG Input                - Registered new binding: Shoot - LMB
05:06:08.880 [JavaFX Application Thread] DEBUG FXGLAssetLoaderServi - Loading from file system: jar:file:///C:/Users/Juan/.m2/repository/com/github/almasb/fxgl/17.2/fxgl-17.2.jar!/fxglassets/textures/fxgl_icon.png
05:06:08.912 [JavaFX Application Thread] DEBUG FXGLAssetLoaderServi - Loading from file system: jar:file:///C:/Users/Juan/.m2/repository/com/github/almasb/fxgl/17.2/fxgl-17.2.jar!/fxglassets/textures/fxgl_default_cursor.png
05:06:08.914 [JavaFX Application Thread] DEBUG Input                - Registered new binding: Screenshot - CTRL+8
05:06:08.914 [JavaFX Application Thread] DEBUG Input                - Registered new binding: System info dump - CTRL+9
05:06:08.915 [JavaFX Application Thread] DEBUG Input                - Registered new binding: Restart - CTRL+R
05:06:08.915 [JavaFX Application Thread] DEBUG Input                - Registered new binding: Toggle Debug Camera - CTRL+7
05:06:08.917 [JavaFX Application Thread] DEBUG LoopRunner           - Starting loop
05:06:08.917 [JavaFX Application Thread] DEBUG LoopRunner           - Initializing JavaFX AnimationTimerLoop
05:06:08.933 [JavaFX Application Thread] DEBUG Input                - Clearing active input actions
05:06:08.943 [JavaFX Application Thread] DEBUG GameApplicationServi - Removing overlay from FXGLStartupScene and adding to FXGLMainMenuDummyScene
05:06:08.943 [JavaFX Application Thread] DEBUG PrimaryStageWindow   - FXGLStartupScene -> FXGLMainMenuDummyScene
05:06:08.944 [JavaFX Application Thread] DEBUG PrimaryStageWindow   - Push state: FXGLDefaultMenu
05:06:08.948 [JavaFX Application Thread] DEBUG Input                - Clearing active input actions
05:06:08.956 [JavaFX Application Thread] DEBUG GameApplicationServi - Removing overlay from FXGLMainMenuDummyScene and adding to FXGLDefaultMenu
05:06:08.957 [JavaFX Application Thread] DEBUG PrimaryStageWindow   - FXGLMainMenuDummyScene -> FXGLDefaultMenu
05:06:09.416 [FXGL Background Thread 4 ] DEBUG FXGLAssetLoaderServi - Loading from file system: jar:file:///C:/Users/Juan/.m2/repository/com/github/almasb/fxgl/17.2/fxgl-17.2.jar!/fxglassets/ui/fonts/Abel-Regular.ttf
05:06:09.510 [FXGL Background Thread 4 ] DEBUG FXGLAssetLoaderServi - Loading from file system: jar:file:///C:/Users/Juan/.m2/repository/com/github/almasb/fxgl/17.2/fxgl-17.2.jar!/fxglassets/ui/fonts/TerminalLandMono-Regular.otf
05:06:09.536 [FXGL Background Thread 4 ] DEBUG FXGLAssetLoaderServi - Loading from file system: jar:file:///C:/Users/Juan/.m2/repository/com/github/almasb/fxgl/17.2/fxgl-17.2.jar!/fxglassets/ui/fonts/Courier-Prime.ttf
05:06:09.598 [JavaFX Application Thread] DEBUG FXGLApplication      - Registering font factories with UI factory
05:06:10.621 [FXGL Background Thread 2 ] INFO  UpdaterService       - Your current version:  17.2
05:06:10.621 [FXGL Background Thread 2 ] INFO  UpdaterService       - Latest stable version: 17.3
05:06:11.211 [JavaFX Application Thread] DEBUG Menu                 - fireNewGame()
05:06:11.211 [JavaFX Application Thread] DEBUG GameApplicationServi - Starting new game
05:06:11.213 [JavaFX Application Thread] DEBUG PrimaryStageWindow   - Pop state: FXGLDefaultMenu
05:06:11.213 [JavaFX Application Thread] DEBUG Input                - Clearing active input actions
05:06:11.214 [JavaFX Application Thread] DEBUG GameApplicationServi - Removing overlay from FXGLDefaultMenu and adding to FXGLMainMenuDummyScene
05:06:11.215 [JavaFX Application Thread] DEBUG PrimaryStageWindow   - FXGLMainMenuDummyScene <- FXGLDefaultMenu
05:06:11.215 [JavaFX Application Thread] DEBUG Input                - Clearing active input actions
05:06:11.224 [JavaFX Application Thread] DEBUG GameApplicationServi - Removing overlay from FXGLMainMenuDummyScene and adding to FXGLLoadingScene
05:06:11.226 [JavaFX Application Thread] DEBUG PrimaryStageWindow   - FXGLMainMenuDummyScene -> FXGLLoadingScene
05:06:11.226 [JavaFX Application Thread] DEBUG GameApplicationServi - Clearing previous game
05:06:11.227 [JavaFX Application Thread] DEBUG GameScene            - Clearing game scene
05:06:11.227 [JavaFX Application Thread] DEBUG GameWorld            - Clearing game world
05:06:11.227 [JavaFX Application Thread] DEBUG PhysicsWorld         - Clearing physics world
05:06:11.229 [FXGL Background Thread 2 ] DEBUG FXGLApplication      - Initializing game
05:06:11.237 [FXGL Background Thread 2 ] DEBUG FXGLAssetLoaderServi - Loading from file system: file:/C:/Users/Juan/Desktop/Apo%20Integradora%203/NuclearThroneAtomic/src/nuclearthroneatomic/target/classes/assets/textures/Avatar/1-Idle/1.png
05:06:11.239 [FXGL Background Thread 2 ] DEBUG FXGLAssetLoaderServi - Loading from file system: file:/C:/Users/Juan/Desktop/Apo%20Integradora%203/NuclearThroneAtomic/src/nuclearthroneatomic/target/classes/assets/textures/Avatar/1-Idle/2.png
05:06:11.242 [FXGL Background Thread 2 ] DEBUG FXGLAssetLoaderServi - Loading from file system: file:/C:/Users/Juan/Desktop/Apo%20Integradora%203/NuclearThroneAtomic/src/nuclearthroneatomic/target/classes/assets/textures/Avatar/1-Idle/3.png
05:06:11.245 [FXGL Background Thread 2 ] DEBUG FXGLAssetLoaderServi - Loading from file system: file:/C:/Users/Juan/Desktop/Apo%20Integradora%203/NuclearThroneAtomic/src/nuclearthroneatomic/target/classes/assets/textures/Avatar/1-Idle/4.png
05:06:11.272 [FXGL Background Thread 2 ] DEBUG FXGLAssetLoaderServi - Loading from file system: file:/C:/Users/Juan/Desktop/Apo%20Integradora%203/NuclearThroneAtomic/src/nuclearthroneatomic/target/classes/assets/textures/Avatar/2-Run/1.png
05:06:11.274 [FXGL Background Thread 2 ] DEBUG FXGLAssetLoaderServi - Loading from file system: file:/C:/Users/Juan/Desktop/Apo%20Integradora%203/NuclearThroneAtomic/src/nuclearthroneatomic/target/classes/assets/textures/Avatar/2-Run/2.png
05:06:11.276 [FXGL Background Thread 2 ] DEBUG FXGLAssetLoaderServi - Loading from file system: file:/C:/Users/Juan/Desktop/Apo%20Integradora%203/NuclearThroneAtomic/src/nuclearthroneatomic/target/classes/assets/textures/Avatar/2-Run/3.png
05:06:11.280 [FXGL Background Thread 2 ] DEBUG FXGLAssetLoaderServi - Loading from file system: file:/C:/Users/Juan/Desktop/Apo%20Integradora%203/NuclearThroneAtomic/src/nuclearthroneatomic/target/classes/assets/textures/Avatar/2-Run/4.png
05:06:11.283 [FXGL Background Thread 2 ] DEBUG FXGLAssetLoaderServi - Loading from file system: file:/C:/Users/Juan/Desktop/Apo%20Integradora%203/NuclearThroneAtomic/src/nuclearthroneatomic/target/classes/assets/textures/Avatar/2-Run/5.png
05:06:11.285 [FXGL Background Thread 2 ] DEBUG FXGLAssetLoaderServi - Loading from file system: file:/C:/Users/Juan/Desktop/Apo%20Integradora%203/NuclearThroneAtomic/src/nuclearthroneatomic/target/classes/assets/textures/Avatar/2-Run/6.png
05:06:11.293 [FXGL Background Thread 2 ] DEBUG FXGLAssetLoaderServi - Loading from file system: file:/C:/Users/Juan/Desktop/Apo%20Integradora%203/NuclearThroneAtomic/src/nuclearthroneatomic/target/classes/assets/textures/Munition/1.png
05:06:11.329 [FXGL Background Thread 2 ] DEBUG FXGLAssetLoaderServi - Loading from file system: file:/C:/Users/Juan/Desktop/Apo%20Integradora%203/NuclearThroneAtomic/src/nuclearthroneatomic/target/classes/assets/textures/hud/lifeplayer.png
05:06:11.337 [FXGL Background Thread 2 ] DEBUG FXGLAssetLoaderServi - Loading from file system: file:/C:/Users/Juan/Desktop/Apo%20Integradora%203/NuclearThroneAtomic/src/nuclearthroneatomic/target/classes/assets/textures/hud/medkit.png
05:06:11.343 [FXGL Background Thread 2 ] DEBUG FXGLAssetLoaderServi - Loading from file system: file:/C:/Users/Juan/Desktop/Apo%20Integradora%203/NuclearThroneAtomic/src/nuclearthroneatomic/target/classes/assets/textures/hud/trebol.png
05:06:11.350 [FXGL Background Thread 2 ] DEBUG FXGLAssetLoaderServi - Loading from file system: file:/C:/Users/Juan/Desktop/Apo%20Integradora%203/NuclearThroneAtomic/src/nuclearthroneatomic/target/classes/assets/textures/Guns/1.png
05:06:11.362 [FXGL Background Thread 2 ] DEBUG FXGLAssetLoaderServi - Loading from file system: file:/C:/Users/Juan/Desktop/Apo%20Integradora%203/NuclearThroneAtomic/src/nuclearthroneatomic/target/classes/assets/textures/enemy/1-Idle/1.png
05:06:11.365 [FXGL Background Thread 2 ] DEBUG FXGLAssetLoaderServi - Loading from file system: file:/C:/Users/Juan/Desktop/Apo%20Integradora%203/NuclearThroneAtomic/src/nuclearthroneatomic/target/classes/assets/textures/enemy/1-Idle/2.png
05:06:11.368 [FXGL Background Thread 2 ] DEBUG FXGLAssetLoaderServi - Loading from file system: file:/C:/Users/Juan/Desktop/Apo%20Integradora%203/NuclearThroneAtomic/src/nuclearthroneatomic/target/classes/assets/textures/enemy/1-Idle/3.png
05:06:11.371 [FXGL Background Thread 2 ] DEBUG FXGLAssetLoaderServi - Loading from file system: file:/C:/Users/Juan/Desktop/Apo%20Integradora%203/NuclearThroneAtomic/src/nuclearthroneatomic/target/classes/assets/textures/enemy/1-Idle/4.png
05:06:11.427 [FXGL Background Thread 2 ] DEBUG FXGLAssetLoaderServi - Loading from file system: file:/C:/Users/Juan/Desktop/Apo%20Integradora%203/NuclearThroneAtomic/src/nuclearthroneatomic/target/classes/assets/textures/enemy/2-Run/1.png
05:06:11.431 [FXGL Background Thread 2 ] DEBUG FXGLAssetLoaderServi - Loading from file system: file:/C:/Users/Juan/Desktop/Apo%20Integradora%203/NuclearThroneAtomic/src/nuclearthroneatomic/target/classes/assets/textures/enemy/2-Run/2.png
05:06:11.433 [FXGL Background Thread 2 ] DEBUG FXGLAssetLoaderServi - Loading from file system: file:/C:/Users/Juan/Desktop/Apo%20Integradora%203/NuclearThroneAtomic/src/nuclearthroneatomic/target/classes/assets/textures/enemy/2-Run/3.png
05:06:11.434 [FXGL Background Thread 2 ] DEBUG FXGLAssetLoaderServi - Loading from file system: file:/C:/Users/Juan/Desktop/Apo%20Integradora%203/NuclearThroneAtomic/src/nuclearthroneatomic/target/classes/assets/textures/enemy/2-Run/4.png
05:06:11.436 [FXGL Background Thread 2 ] DEBUG FXGLAssetLoaderServi - Loading from file system: file:/C:/Users/Juan/Desktop/Apo%20Integradora%203/NuclearThroneAtomic/src/nuclearthroneatomic/target/classes/assets/textures/enemy/2-Run/5.png
05:06:11.438 [FXGL Background Thread 2 ] DEBUG FXGLAssetLoaderServi - Loading from file system: file:/C:/Users/Juan/Desktop/Apo%20Integradora%203/NuclearThroneAtomic/src/nuclearthroneatomic/target/classes/assets/textures/enemy/2-Run/6.png
05:06:11.464 [FXGL Background Thread 2 ] DEBUG FXGLAssetLoaderServi - Loading from file system: file:/C:/Users/Juan/Desktop/Apo%20Integradora%203/NuclearThroneAtomic/src/nuclearthroneatomic/target/classes/assets/textures/portal/1.png
05:06:11.469 [FXGL Background Thread 2 ] DEBUG FXGLAssetLoaderServi - Loading from file system: file:/C:/Users/Juan/Desktop/Apo%20Integradora%203/NuclearThroneAtomic/src/nuclearthroneatomic/target/classes/assets/textures/portal/2.png
05:06:11.474 [FXGL Background Thread 2 ] DEBUG FXGLAssetLoaderServi - Loading from file system: file:/C:/Users/Juan/Desktop/Apo%20Integradora%203/NuclearThroneAtomic/src/nuclearthroneatomic/target/classes/assets/textures/portal/3.png
05:06:11.481 [FXGL Background Thread 2 ] DEBUG FXGLAssetLoaderServi - Loading from file system: file:/C:/Users/Juan/Desktop/Apo%20Integradora%203/NuclearThroneAtomic/src/nuclearthroneatomic/target/classes/assets/textures/portal/4.png
05:06:11.501 [FXGL Background Thread 2 ] DEBUG FXGLAssetLoaderServi - Loading from file system: file:/C:/Users/Juan/Desktop/Apo%20Integradora%203/NuclearThroneAtomic/src/nuclearthroneatomic/target/classes/assets/textures/Wall/1.png
05:06:11.668 [FXGL Background Thread 2 ] INFO  FXGLApplication      - Game initialization took: 0,439 sec
05:06:11.676 [JavaFX Application Thread] DEBUG Input                - Clearing active input actions
05:06:11.685 [JavaFX Application Thread] DEBUG GameApplicationServi - Removing overlay from FXGLLoadingScene and adding to GameScene
05:06:11.686 [JavaFX Application Thread] DEBUG PrimaryStageWindow   - FXGLLoadingScene -> GameScene
05:06:11.805 [FXGL Background Thread 3 ] DEBUG Engine               - Logging environment variables
05:06:11.805 [FXGL Background Thread 3 ] DEBUG Engine               - achievements: []
05:06:11.805 [FXGL Background Thread 3 ] DEBUG Engine               - actualHeight: 600.0
05:06:11.806 [FXGL Background Thread 3 ] DEBUG Engine               - actualHeightProperty: ReadOnlyDoubleProperty [value: 600.0]
05:06:11.806 [FXGL Background Thread 3 ] DEBUG Engine               - actualWidth: 800.0
05:06:11.806 [FXGL Background Thread 3 ] DEBUG Engine               - actualWidthProperty: ReadOnlyDoubleProperty [value: 800.0]
05:06:11.806 [FXGL Background Thread 3 ] DEBUG Engine               - appIcon: fxgl_icon.png
05:06:11.806 [FXGL Background Thread 3 ] DEBUG Engine               - applicationMode: DEVELOPER
05:06:11.806 [FXGL Background Thread 3 ] DEBUG Engine               - cSSList: [fxgl_dark.css]
05:06:11.806 [FXGL Background Thread 3 ] DEBUG Engine               - collisionDetectionStrategy: BRUTE_FORCE
05:06:11.806 [FXGL Background Thread 3 ] DEBUG Engine               - configClass: Optional.empty
05:06:11.806 [FXGL Background Thread 3 ] DEBUG Engine               - credits: []
05:06:11.807 [FXGL Background Thread 3 ] DEBUG Engine               - defaultCursor: CursorInfo(imageName=fxgl_default_cursor.png, hotspotX=7.0, hotspotY=6.0)
05:06:11.808 [FXGL Background Thread 3 ] DEBUG Engine               - devBBoxColorProperty: ObjectProperty [value: 0xff0000ff]
05:06:11.808 [FXGL Background Thread 3 ] DEBUG Engine               - devEnableDebugCameraProperty: BooleanProperty [value: false]
05:06:11.808 [FXGL Background Thread 3 ] DEBUG Engine               - devSensorColorProperty: ObjectProperty [value: 0xffff00ff]
05:06:11.808 [FXGL Background Thread 3 ] DEBUG Engine               - devShowBBoxProperty: BooleanProperty [value: false]
05:06:11.808 [FXGL Background Thread 3 ] DEBUG Engine               - devShowPositionProperty: BooleanProperty [value: false]
05:06:11.808 [FXGL Background Thread 3 ] DEBUG Engine               - enabledMenuItems: []
05:06:11.809 [FXGL Background Thread 3 ] DEBUG Engine               - engineServices: [class com.almasb.fxgl.app.services.FXGLAssetLoaderService, class com.almasb.fxgl.app.FXGLApplication$GameApplicationService, class com.almasb.fxgl.app.services.FXGLDialogService, class com.almasb.fxgl.app.services.IOTaskExecutorService, class com.almasb.fxgl.io.FileSystemService, class com.almasb.fxgl.localization.LocalizationService, class com.almasb.fxgl.app.services.SystemBundleService, class com.almasb.fxgl.profile.SaveLoadService, class com.almasb.fxgl.ui.FXGLUIFactoryServiceProvider, class com.almasb.fxgl.ui.FXGLDialogFactoryServiceProvider, class com.almasb.fxgl.audio.AudioPlayer, class com.almasb.fxgl.notification.impl.NotificationServiceProvider, class com.almasb.fxgl.achievement.AchievementService, class com.almasb.fxgl.cutscene.CutsceneService, class com.almasb.fxgl.minigames.MiniGameService, class com.almasb.fxgl.net.NetService, class com.almasb.fxgl.app.services.UpdaterService, class com.almasb.fxgl.dev.DevService]
05:06:11.809 [FXGL Background Thread 3 ] DEBUG Engine               - fontGame: Abel-Regular.ttf
05:06:11.809 [FXGL Background Thread 3 ] DEBUG Engine               - fontMono: TerminalLandMono-Regular.otf
05:06:11.809 [FXGL Background Thread 3 ] DEBUG Engine               - fontText: Courier-Prime.ttf
05:06:11.809 [FXGL Background Thread 3 ] DEBUG Engine               - fontUI: VarelaRound-Regular.ttf
05:06:11.809 [FXGL Background Thread 3 ] DEBUG Engine               - fullScreen: BooleanProperty [value: false]
05:06:11.809 [FXGL Background Thread 3 ] DEBUG Engine               - gameDifficulty: MEDIUM
05:06:11.809 [FXGL Background Thread 3 ] DEBUG Engine               - gameDifficultyProperty: ObjectProperty [value: MEDIUM]
05:06:11.809 [FXGL Background Thread 3 ] DEBUG Engine               - globalMusicVolume: 0.5
05:06:11.809 [FXGL Background Thread 3 ] DEBUG Engine               - globalMusicVolumeProperty: DoubleProperty [value: 0.5]
05:06:11.809 [FXGL Background Thread 3 ] DEBUG Engine               - globalSoundVolume: 0.5
05:06:11.810 [FXGL Background Thread 3 ] DEBUG Engine               - globalSoundVolumeProperty: DoubleProperty [value: 0.5]
05:06:11.810 [FXGL Background Thread 3 ] DEBUG Engine               - height: 600
05:06:11.810 [FXGL Background Thread 3 ] DEBUG Engine               - is3D: false
05:06:11.810 [FXGL Background Thread 3 ] DEBUG Engine               - isAndroid: false
05:06:11.810 [FXGL Background Thread 3 ] DEBUG Engine               - isBrowser: false
05:06:11.810 [FXGL Background Thread 3 ] DEBUG Engine               - isClickFeedbackEnabled: false
05:06:11.810 [FXGL Background Thread 3 ] DEBUG Engine               - isCloseConfirmation: false
05:06:11.810 [FXGL Background Thread 3 ] DEBUG Engine               - isDesktop: true
05:06:11.810 [FXGL Background Thread 3 ] DEBUG Engine               - isDeveloperMenuEnabled: false
05:06:11.810 [FXGL Background Thread 3 ] DEBUG Engine               - isEmbedded: false
05:06:11.810 [FXGL Background Thread 3 ] DEBUG Engine               - isEntityPreloadEnabled: true
05:06:11.810 [FXGL Background Thread 3 ] DEBUG Engine               - isExperimentalTiledLargeMap: false
05:06:11.810 [FXGL Background Thread 3 ] DEBUG Engine               - isFileSystemWriteAllowed: true
05:06:11.810 [FXGL Background Thread 3 ] DEBUG Engine               - isFullScreenAllowed: true
05:06:11.810 [FXGL Background Thread 3 ] DEBUG Engine               - isFullScreenFromStart: false
05:06:11.810 [FXGL Background Thread 3 ] DEBUG Engine               - isGameMenuEnabled: true
05:06:11.810 [FXGL Background Thread 3 ] DEBUG Engine               - isIOS: false
05:06:11.810 [FXGL Background Thread 3 ] DEBUG Engine               - isIntroEnabled: false
05:06:11.811 [FXGL Background Thread 3 ] DEBUG Engine               - isLinux: false
05:06:11.811 [FXGL Background Thread 3 ] DEBUG Engine               - isMac: false
05:06:11.811 [FXGL Background Thread 3 ] DEBUG Engine               - isMainMenuEnabled: true
05:06:11.811 [FXGL Background Thread 3 ] DEBUG Engine               - isManualResizeEnabled: false
05:06:11.811 [FXGL Background Thread 3 ] DEBUG Engine               - isMobile: false
05:06:11.811 [FXGL Background Thread 3 ] DEBUG Engine               - isNative: false
05:06:11.811 [FXGL Background Thread 3 ] DEBUG Engine               - isPauseMusicWhenMinimized: true
05:06:11.811 [FXGL Background Thread 3 ] DEBUG Engine               - isPreserveResizeRatio: false
05:06:11.811 [FXGL Background Thread 3 ] DEBUG Engine               - isProfilingEnabled: false
05:06:11.811 [FXGL Background Thread 3 ] DEBUG Engine               - isScaleAffectedOnResize: true
05:06:11.811 [FXGL Background Thread 3 ] DEBUG Engine               - isSingleStep: false
05:06:11.811 [FXGL Background Thread 3 ] DEBUG Engine               - isUserProfileEnabled: false
05:06:11.811 [FXGL Background Thread 3 ] DEBUG Engine               - isWindows: true
05:06:11.811 [FXGL Background Thread 3 ] DEBUG Engine               - language: ObjectProperty [value: ENGLISH]
05:06:11.811 [FXGL Background Thread 3 ] DEBUG Engine               - menuKey: ESCAPE
05:06:11.811 [FXGL Background Thread 3 ] DEBUG Engine               - mouseSensitivity: 0.2
05:06:11.811 [FXGL Background Thread 3 ] DEBUG Engine               - notificationViewClass: class com.almasb.fxgl.notification.view.XboxNotificationView
05:06:11.811 [FXGL Background Thread 3 ] DEBUG Engine               - pixelsPerMeter: 50.0
05:06:11.812 [FXGL Background Thread 3 ] DEBUG Engine               - platform: WINDOWS
05:06:11.812 [FXGL Background Thread 3 ] DEBUG Engine               - prefHeightProperty: ReadOnlyDoubleProperty [value: 600.0]
05:06:11.812 [FXGL Background Thread 3 ] DEBUG Engine               - prefWidthProperty: ReadOnlyDoubleProperty [value: 800.0]
05:06:11.812 [FXGL Background Thread 3 ] DEBUG Engine               - profileDir: profiles/
05:06:11.812 [FXGL Background Thread 3 ] DEBUG Engine               - profileName: StringProperty [value: DEFAULT]
05:06:11.812 [FXGL Background Thread 3 ] DEBUG Engine               - randomSeed: -1
05:06:11.812 [FXGL Background Thread 3 ] DEBUG Engine               - runtimeInfo: RuntimeInfo(platform=WINDOWS, version=17.2, build=20.08.2022 16.50)
05:06:11.812 [FXGL Background Thread 3 ] DEBUG Engine               - saveFileExt: sav
05:06:11.812 [FXGL Background Thread 3 ] DEBUG Engine               - scaledHeightProp$fxgl: DoubleProperty [bound, value: 600.0]
05:06:11.812 [FXGL Background Thread 3 ] DEBUG Engine               - scaledWidthProp$fxgl: DoubleProperty [bound, value: 800.0]
05:06:11.813 [FXGL Background Thread 3 ] DEBUG Engine               - sceneFactory: com.almasb.fxgl.app.scene.SceneFactory@3b82821f
05:06:11.813 [FXGL Background Thread 3 ] DEBUG Engine               - secondsIn24h: 60
05:06:11.813 [FXGL Background Thread 3 ] DEBUG Engine               - soundMenuBack: menu/back.wav
05:06:11.813 [FXGL Background Thread 3 ] DEBUG Engine               - soundMenuPress: menu/press.wav
05:06:11.813 [FXGL Background Thread 3 ] DEBUG Engine               - soundMenuSelect: menu/select.wav
05:06:11.813 [FXGL Background Thread 3 ] DEBUG Engine               - soundNotification: core/notification.wav
05:06:11.813 [FXGL Background Thread 3 ] DEBUG Engine               - stageStyle: DECORATED
05:06:11.813 [FXGL Background Thread 3 ] DEBUG Engine               - supportedLanguages: [ENGLISH, FRENCH, GERMAN, HUNGARIAN, RUSSIAN]
05:06:11.813 [FXGL Background Thread 3 ] DEBUG Engine               - ticksPerSecond: -1
05:06:11.814 [FXGL Background Thread 3 ] DEBUG Engine               - title: Nuclear Throne Atomic
05:06:11.814 [FXGL Background Thread 3 ] DEBUG Engine               - urlGithub: https://github.com/AlmasB/FXGL
05:06:11.814 [FXGL Background Thread 3 ] DEBUG Engine               - urlLeaderboard: http://fxgl-top.herokuapp.com/
05:06:11.814 [FXGL Background Thread 3 ] DEBUG Engine               - urlPOM: https://raw.githubusercontent.com/AlmasB/FXGL/release/README.md
05:06:11.814 [FXGL Background Thread 3 ] DEBUG Engine               - userAppClass: class com.example.nuclearthroneatomic.Controller
05:06:11.814 [FXGL Background Thread 3 ] DEBUG Engine               - version: 0.0
05:06:11.814 [FXGL Background Thread 3 ] DEBUG Engine               - versionCheckDays: 7
05:06:11.814 [FXGL Background Thread 3 ] DEBUG Engine               - width: 800
05:06:11.814 [FXGL Background Thread 3 ] DEBUG Engine               - Logging services
05:06:11.814 [FXGL Background Thread 3 ] DEBUG Engine               - class com.almasb.fxgl.app.services.FXGLAssetLoaderService
05:06:11.814 [FXGL Background Thread 3 ] DEBUG Engine               - class com.almasb.fxgl.app.FXGLApplication$GameApplicationService
05:06:11.814 [FXGL Background Thread 3 ] DEBUG Engine               - class com.almasb.fxgl.app.services.FXGLDialogService
05:06:11.814 [FXGL Background Thread 3 ] DEBUG Engine               - class com.almasb.fxgl.app.services.IOTaskExecutorService
05:06:11.814 [FXGL Background Thread 3 ] DEBUG Engine               - class com.almasb.fxgl.io.FileSystemService
05:06:11.814 [FXGL Background Thread 3 ] DEBUG Engine               - class com.almasb.fxgl.localization.LocalizationService
05:06:11.814 [FXGL Background Thread 3 ] DEBUG Engine               - class com.almasb.fxgl.app.services.SystemBundleService
05:06:11.815 [FXGL Background Thread 3 ] DEBUG Engine               - class com.almasb.fxgl.profile.SaveLoadService
05:06:11.815 [FXGL Background Thread 3 ] DEBUG Engine               - class com.almasb.fxgl.ui.FXGLUIFactoryServiceProvider
05:06:11.815 [FXGL Background Thread 3 ] DEBUG Engine               - class com.almasb.fxgl.ui.FXGLDialogFactoryServiceProvider
05:06:11.815 [FXGL Background Thread 3 ] DEBUG Engine               - class com.almasb.fxgl.audio.AudioPlayer
05:06:11.815 [FXGL Background Thread 3 ] DEBUG Engine               - class com.almasb.fxgl.notification.impl.NotificationServiceProvider
05:06:11.815 [FXGL Background Thread 3 ] DEBUG Engine               - class com.almasb.fxgl.achievement.AchievementService
05:06:11.815 [FXGL Background Thread 3 ] DEBUG Engine               - class com.almasb.fxgl.cutscene.CutsceneService
05:06:11.815 [FXGL Background Thread 3 ] DEBUG Engine               - class com.almasb.fxgl.minigames.MiniGameService
05:06:11.815 [FXGL Background Thread 3 ] DEBUG Engine               - class com.almasb.fxgl.net.NetService
05:06:11.815 [FXGL Background Thread 3 ] DEBUG Engine               - class com.almasb.fxgl.app.services.UpdaterService
05:06:11.815 [FXGL Background Thread 3 ] DEBUG Engine               - class com.almasb.fxgl.dev.DevService
05:06:13.466 [JavaFX Application Thread] DEBUG FXGLAssetLoaderServi - Loading from file system: file:/C:/Users/Juan/Desktop/Apo%20Integradora%203/NuclearThroneAtomic/src/nuclearthroneatomic/target/classes/assets/textures/Bullet/1.png
05:06:21.760 [JavaFX Application Thread] DEBUG FXGLApplication      - Exiting FXGL
05:06:21.761 [JavaFX Application Thread] DEBUG LoopRunner           - Stopping loop
05:06:21.761 [JavaFX Application Thread] DEBUG SystemBundleService  - Saving FXGL system data
05:06:21.768 [JavaFX Application Thread] DEBUG FileSystemAccess     - Writing to: C:\Users\Juan\Desktop\Apo Integradora 3\NuclearThroneAtomic\src\nuclearthroneatomic\system\fxgl.bundle
05:06:21.772 [JavaFX Application Thread] DEBUG Async                - Shutting down background threads
05:06:21.772 [JavaFX Application Thread] DEBUG PrimaryStageWindow   - Closing main window
05:06:21.791 [JavaFX Application Thread] DEBUG Logger               - Closing Logger
