22:13:51.541 [main                     ] DEBUG Logger               - Configured Logger
22:13:51.584 [main                     ] DEBUG GameApplication      - Logging settings
Title: Nuclear Throne Atomic
Version: 0.0
Width: 800
Height: 600
Fullscreen: true
Intro: false
Profiling: false
Single step:false
App Mode: DEVELOPER
Menu Key: ESCAPE
Stage Style: DECORATED
Scene Factory: class com.almasb.fxgl.app.scene.SceneFactory

22:13:52.449 [JavaFX Application Thread] DEBUG FXGLApplication      - Initializing FXGL
22:13:52.457 [JavaFX Application Thread] INFO  Engine               - FXGL-17.2 (20.08.2022 16.50) on WINDOWS (J:20.0.1 FX:18.0.2)
22:13:52.457 [JavaFX Application Thread] DEBUG Engine               - JRE Vendor Name: Oracle Corporation
22:13:52.458 [JavaFX Application Thread] DEBUG Engine               - Running on OS: Windows 10 version 10.0
22:13:52.458 [JavaFX Application Thread] DEBUG Engine               - Architecture: amd64
22:13:52.458 [JavaFX Application Thread] INFO  Engine               - Source code and latest versions at: https://github.com/AlmasB/FXGL
22:13:52.459 [JavaFX Application Thread] INFO  Engine               -       Ask questions and discuss at: https://github.com/AlmasB/FXGL/discussions
22:13:52.459 [JavaFX Application Thread] INFO  Engine               -              Join the FXGL chat at: https://gitter.im/AlmasB/FXGL
22:13:52.586 [JavaFX Application Thread] DEBUG PrimaryStageWindow   - Creating a JavaFX scene
22:13:52.646 [JavaFX Application Thread] DEBUG PrimaryStageWindow   - Target settings size: 800.0 x 600.0
22:13:52.646 [JavaFX Application Thread] DEBUG PrimaryStageWindow   - Scaled scene size:    800.0 x 600.0
22:13:52.647 [JavaFX Application Thread] DEBUG PrimaryStageWindow   - Scaled ratio: (1.0, 1.0)
22:13:52.648 [JavaFX Application Thread] DEBUG PrimaryStageWindow   - Set initial scene to FXGLStartupScene
22:13:52.662 [JavaFX Application Thread] DEBUG PrimaryStageWindow   - Opening main window
22:13:52.802 [JavaFX Application Thread] DEBUG PrimaryStageWindow   - Window border size: (16.0, 39.0)
22:13:52.802 [JavaFX Application Thread] DEBUG PrimaryStageWindow   - Scaled size: 800.0 x 600.0
22:13:52.803 [JavaFX Application Thread] DEBUG PrimaryStageWindow   - Scaled ratio: (1.0, 1.0)
22:13:52.803 [JavaFX Application Thread] DEBUG PrimaryStageWindow   - Scene size: 800.0 x 600.0
22:13:52.804 [JavaFX Application Thread] DEBUG PrimaryStageWindow   - Stage size: 816.0 x 639.0
22:13:52.822 [FXGL Background Thread 1 ] DEBUG Engine               - Initializing environment variables
22:13:52.915 [FXGL Background Thread 1 ] DEBUG FXGLAssetLoaderServi - User app class for loading assets: class com.example.nuclearthroneatomic.Controller
22:13:52.915 [FXGL Background Thread 1 ] DEBUG GameApplicationServi - Applying CSS: fxgl_dark.css
22:13:52.917 [FXGL Background Thread 1 ] DEBUG FXGLAssetLoaderServi - Loading from file system: jar:file:///C:/Users/Usuario/.m2/repository/com/github/almasb/fxgl/17.2/fxgl-17.2.jar!/fxglassets/ui/css/fxgl_dark.css
22:13:52.997 [FXGL Background Thread 1 ] DEBUG GameApplicationServi - Initializing application scenes
22:13:53.054 [FXGL Background Thread 1 ] DEBUG GameWorld            - Game world initialized
22:13:53.166 [FXGL Background Thread 1 ] DEBUG PhysicsWorld         - Physics world initialized: appHeight=600, physics.ppm=50,0
22:13:53.166 [FXGL Background Thread 1 ] DEBUG PhysicsWorld         - Using strategy: BRUTE_FORCE
22:13:53.174 [FXGL Background Thread 1 ] DEBUG GameScene            - Game scene initialized: 800x600
22:13:53.198 [FXGL Background Thread 1 ] DEBUG FXGL.DefaultMenu     - createMenuBodyMainMenu()
22:13:53.235 [FXGL Background Thread 1 ] DEBUG FXGL.DefaultMenu     - createOptionsMenu()
22:13:53.264 [FXGL Background Thread 1 ] DEBUG FXGLAssetLoaderServi - Loading from file system: jar:file:///C:/Users/Usuario/.m2/repository/com/github/almasb/fxgl/17.2/fxgl-17.2.jar!/fxglassets/textures/particles/smoke.png
22:13:53.408 [FXGL Background Thread 1 ] DEBUG FXGLAssetLoaderServi - Loading from file system: jar:file:///C:/Users/Usuario/.m2/repository/com/github/almasb/fxgl/17.2/fxgl-17.2.jar!/fxglassets/textures/particles/trace_horizontal.png
22:13:53.472 [FXGL Background Thread 1 ] DEBUG FXGL.DefaultMenu     - createMenuBodyGameMenu()
22:13:53.474 [FXGL Background Thread 1 ] DEBUG FXGL.DefaultMenu     - createOptionsMenu()
22:13:53.505 [FXGL Background Thread 1 ] DEBUG GameApplicationServi - Application scenes initialized
22:13:53.546 [FXGL Background Thread 1 ] DEBUG SystemBundleService  - Loading FXGL system data
22:13:53.558 [FXGL Background Thread 1 ] DEBUG FileSystemAccess     - Reading from: C:\Users\Usuario\OneDrive - Universidad Icesi (@icesi.edu.co)\APO2\Tareas integradoras\NuclearThroneAtomic\src\nuclearthroneatomic\system\fxgl.bundle
22:13:53.582 [FXGL Background Thread 1 ] DEBUG SystemBundleService  - Bundle FXGL: {}
22:13:53.582 [FXGL Background Thread 1 ] DEBUG UpdaterService       - Checking for updates
22:13:53.595 [FXGL Background Thread 4 ] DEBUG FXGLApplication      - Loading fonts
22:13:53.596 [FXGL Background Thread 1 ] DEBUG FXGLApplication      - Loading default localization
22:13:53.596 [FXGL Background Thread 4 ] DEBUG FXGLAssetLoaderServi - Loading from file system: jar:file:///C:/Users/Usuario/.m2/repository/com/github/almasb/fxgl/17.2/fxgl-17.2.jar!/fxglassets/ui/fonts/VarelaRound-Regular.ttf
22:13:53.598 [FXGL Background Thread 1 ] DEBUG FXGLAssetLoaderServi - Loading from file system: jar:file:///C:/Users/Usuario/.m2/repository/com/github/almasb/fxgl/17.2/fxgl-17.2.jar!/fxglassets/languages/english.lang
22:13:53.638 [FXGL Background Thread 1 ] INFO  FXGLApplication      - FXGL initialization took: 0,815 sec
22:13:53.656 [JavaFX Application Thread] DEBUG Input                - Registered new binding: lucky - Q
22:13:53.657 [JavaFX Application Thread] DEBUG Input                - Registered new binding: health - F
22:13:53.661 [JavaFX Application Thread] DEBUG Input                - Registered new binding: Right - D
22:13:53.661 [JavaFX Application Thread] DEBUG Input                - Registered new binding: Left - A
22:13:53.661 [JavaFX Application Thread] DEBUG Input                - Registered new binding: Up - W
22:13:53.662 [JavaFX Application Thread] DEBUG Input                - Registered new binding: Down - S
22:13:53.665 [JavaFX Application Thread] DEBUG Input                - Registered new binding: Reload - RMB
22:13:53.666 [JavaFX Application Thread] DEBUG Input                - Registered new binding: Shoot - LMB
22:13:53.668 [JavaFX Application Thread] DEBUG FXGLAssetLoaderServi - Loading from file system: jar:file:///C:/Users/Usuario/.m2/repository/com/github/almasb/fxgl/17.2/fxgl-17.2.jar!/fxglassets/textures/fxgl_icon.png
22:13:53.751 [JavaFX Application Thread] DEBUG FXGLAssetLoaderServi - Loading from file system: jar:file:///C:/Users/Usuario/.m2/repository/com/github/almasb/fxgl/17.2/fxgl-17.2.jar!/fxglassets/textures/fxgl_default_cursor.png
22:13:53.763 [JavaFX Application Thread] DEBUG Input                - Registered new binding: Screenshot - CTRL+8
22:13:53.764 [JavaFX Application Thread] DEBUG Input                - Registered new binding: System info dump - CTRL+9
22:13:53.765 [JavaFX Application Thread] DEBUG Input                - Registered new binding: Restart - CTRL+R
22:13:53.767 [JavaFX Application Thread] DEBUG Input                - Registered new binding: Toggle Debug Camera - CTRL+7
22:13:53.777 [JavaFX Application Thread] DEBUG LoopRunner           - Starting loop
22:13:53.778 [JavaFX Application Thread] DEBUG LoopRunner           - Initializing JavaFX AnimationTimerLoop
22:13:53.786 [JavaFX Application Thread] DEBUG Input                - Clearing active input actions
22:13:53.819 [JavaFX Application Thread] DEBUG GameApplicationServi - Removing overlay from FXGLStartupScene and adding to FXGLMainMenuDummyScene
22:13:53.820 [JavaFX Application Thread] DEBUG PrimaryStageWindow   - FXGLStartupScene -> FXGLMainMenuDummyScene
22:13:53.820 [JavaFX Application Thread] DEBUG PrimaryStageWindow   - Push state: FXGLDefaultMenu
22:13:53.855 [JavaFX Application Thread] DEBUG Input                - Clearing active input actions
22:13:53.880 [JavaFX Application Thread] DEBUG GameApplicationServi - Removing overlay from FXGLMainMenuDummyScene and adding to FXGLDefaultMenu
22:13:53.882 [JavaFX Application Thread] DEBUG PrimaryStageWindow   - FXGLMainMenuDummyScene -> FXGLDefaultMenu
22:13:54.258 [FXGL Background Thread 4 ] DEBUG FXGLAssetLoaderServi - Loading from file system: jar:file:///C:/Users/Usuario/.m2/repository/com/github/almasb/fxgl/17.2/fxgl-17.2.jar!/fxglassets/ui/fonts/Abel-Regular.ttf
22:13:54.267 [FXGL Background Thread 4 ] DEBUG FXGLAssetLoaderServi - Loading from file system: jar:file:///C:/Users/Usuario/.m2/repository/com/github/almasb/fxgl/17.2/fxgl-17.2.jar!/fxglassets/ui/fonts/TerminalLandMono-Regular.otf
22:13:54.279 [FXGL Background Thread 4 ] DEBUG FXGLAssetLoaderServi - Loading from file system: jar:file:///C:/Users/Usuario/.m2/repository/com/github/almasb/fxgl/17.2/fxgl-17.2.jar!/fxglassets/ui/fonts/Courier-Prime.ttf
22:13:54.353 [JavaFX Application Thread] DEBUG FXGLApplication      - Registering font factories with UI factory
22:13:55.361 [FXGL Background Thread 2 ] INFO  UpdaterService       - Your current version:  17.2
22:13:55.361 [FXGL Background Thread 2 ] INFO  UpdaterService       - Latest stable version: 17.3
22:13:55.574 [JavaFX Application Thread] DEBUG Menu                 - fireNewGame()
22:13:55.575 [JavaFX Application Thread] DEBUG GameApplicationServi - Starting new game
22:13:55.580 [JavaFX Application Thread] DEBUG PrimaryStageWindow   - Pop state: FXGLDefaultMenu
22:13:55.581 [JavaFX Application Thread] DEBUG Input                - Clearing active input actions
22:13:55.583 [JavaFX Application Thread] DEBUG GameApplicationServi - Removing overlay from FXGLDefaultMenu and adding to FXGLMainMenuDummyScene
22:13:55.584 [JavaFX Application Thread] DEBUG PrimaryStageWindow   - FXGLMainMenuDummyScene <- FXGLDefaultMenu
22:13:55.585 [JavaFX Application Thread] DEBUG Input                - Clearing active input actions
22:13:55.614 [JavaFX Application Thread] DEBUG GameApplicationServi - Removing overlay from FXGLMainMenuDummyScene and adding to FXGLLoadingScene
22:13:55.615 [JavaFX Application Thread] DEBUG PrimaryStageWindow   - FXGLMainMenuDummyScene -> FXGLLoadingScene
22:13:55.615 [JavaFX Application Thread] DEBUG GameApplicationServi - Clearing previous game
22:13:55.615 [JavaFX Application Thread] DEBUG GameScene            - Clearing game scene
22:13:55.615 [JavaFX Application Thread] DEBUG GameWorld            - Clearing game world
22:13:55.616 [JavaFX Application Thread] DEBUG PhysicsWorld         - Clearing physics world
22:13:55.620 [FXGL Background Thread 2 ] DEBUG FXGLApplication      - Initializing game
22:13:55.638 [FXGL Background Thread 2 ] DEBUG FXGLAssetLoaderServi - Loading from file system: file:/C:/Users/Usuario/OneDrive%20-%20Universidad%20Icesi%20(@icesi.edu.co)/APO2/Tareas%20integradoras/NuclearThroneAtomic/src/nuclearthroneatomic/target/classes/assets/textures/Avatar/1-Idle/1.png
22:13:55.643 [FXGL Background Thread 2 ] DEBUG FXGLAssetLoaderServi - Loading from file system: file:/C:/Users/Usuario/OneDrive%20-%20Universidad%20Icesi%20(@icesi.edu.co)/APO2/Tareas%20integradoras/NuclearThroneAtomic/src/nuclearthroneatomic/target/classes/assets/textures/Avatar/1-Idle/2.png
22:13:55.647 [FXGL Background Thread 2 ] DEBUG FXGLAssetLoaderServi - Loading from file system: file:/C:/Users/Usuario/OneDrive%20-%20Universidad%20Icesi%20(@icesi.edu.co)/APO2/Tareas%20integradoras/NuclearThroneAtomic/src/nuclearthroneatomic/target/classes/assets/textures/Avatar/1-Idle/3.png
22:13:55.652 [FXGL Background Thread 2 ] DEBUG FXGLAssetLoaderServi - Loading from file system: file:/C:/Users/Usuario/OneDrive%20-%20Universidad%20Icesi%20(@icesi.edu.co)/APO2/Tareas%20integradoras/NuclearThroneAtomic/src/nuclearthroneatomic/target/classes/assets/textures/Avatar/1-Idle/4.png
22:13:55.708 [FXGL Background Thread 2 ] DEBUG FXGLAssetLoaderServi - Loading from file system: file:/C:/Users/Usuario/OneDrive%20-%20Universidad%20Icesi%20(@icesi.edu.co)/APO2/Tareas%20integradoras/NuclearThroneAtomic/src/nuclearthroneatomic/target/classes/assets/textures/Avatar/2-Run/1.png
22:13:55.713 [FXGL Background Thread 2 ] DEBUG FXGLAssetLoaderServi - Loading from file system: file:/C:/Users/Usuario/OneDrive%20-%20Universidad%20Icesi%20(@icesi.edu.co)/APO2/Tareas%20integradoras/NuclearThroneAtomic/src/nuclearthroneatomic/target/classes/assets/textures/Avatar/2-Run/2.png
22:13:55.717 [FXGL Background Thread 2 ] DEBUG FXGLAssetLoaderServi - Loading from file system: file:/C:/Users/Usuario/OneDrive%20-%20Universidad%20Icesi%20(@icesi.edu.co)/APO2/Tareas%20integradoras/NuclearThroneAtomic/src/nuclearthroneatomic/target/classes/assets/textures/Avatar/2-Run/3.png
22:13:55.722 [FXGL Background Thread 2 ] DEBUG FXGLAssetLoaderServi - Loading from file system: file:/C:/Users/Usuario/OneDrive%20-%20Universidad%20Icesi%20(@icesi.edu.co)/APO2/Tareas%20integradoras/NuclearThroneAtomic/src/nuclearthroneatomic/target/classes/assets/textures/Avatar/2-Run/4.png
22:13:55.727 [FXGL Background Thread 2 ] DEBUG FXGLAssetLoaderServi - Loading from file system: file:/C:/Users/Usuario/OneDrive%20-%20Universidad%20Icesi%20(@icesi.edu.co)/APO2/Tareas%20integradoras/NuclearThroneAtomic/src/nuclearthroneatomic/target/classes/assets/textures/Avatar/2-Run/5.png
22:13:55.732 [FXGL Background Thread 2 ] DEBUG FXGLAssetLoaderServi - Loading from file system: file:/C:/Users/Usuario/OneDrive%20-%20Universidad%20Icesi%20(@icesi.edu.co)/APO2/Tareas%20integradoras/NuclearThroneAtomic/src/nuclearthroneatomic/target/classes/assets/textures/Avatar/2-Run/6.png
22:13:55.745 [FXGL Background Thread 2 ] DEBUG FXGLAssetLoaderServi - Loading from file system: file:/C:/Users/Usuario/OneDrive%20-%20Universidad%20Icesi%20(@icesi.edu.co)/APO2/Tareas%20integradoras/NuclearThroneAtomic/src/nuclearthroneatomic/target/classes/assets/textures/Munition/1.png
22:13:55.809 [FXGL Background Thread 2 ] DEBUG FXGLAssetLoaderServi - Loading from file system: file:/C:/Users/Usuario/OneDrive%20-%20Universidad%20Icesi%20(@icesi.edu.co)/APO2/Tareas%20integradoras/NuclearThroneAtomic/src/nuclearthroneatomic/target/classes/assets/textures/hud/lifeplayer.png
22:13:55.820 [FXGL Background Thread 2 ] DEBUG FXGLAssetLoaderServi - Loading from file system: file:/C:/Users/Usuario/OneDrive%20-%20Universidad%20Icesi%20(@icesi.edu.co)/APO2/Tareas%20integradoras/NuclearThroneAtomic/src/nuclearthroneatomic/target/classes/assets/textures/hud/medkit.png
22:13:55.825 [FXGL Background Thread 2 ] DEBUG FXGLAssetLoaderServi - Loading from file system: file:/C:/Users/Usuario/OneDrive%20-%20Universidad%20Icesi%20(@icesi.edu.co)/APO2/Tareas%20integradoras/NuclearThroneAtomic/src/nuclearthroneatomic/target/classes/assets/textures/hud/trebol.png
22:13:55.836 [FXGL Background Thread 2 ] DEBUG FXGLAssetLoaderServi - Loading from file system: file:/C:/Users/Usuario/OneDrive%20-%20Universidad%20Icesi%20(@icesi.edu.co)/APO2/Tareas%20integradoras/NuclearThroneAtomic/src/nuclearthroneatomic/target/classes/assets/textures/Guns/1.png
22:13:55.846 [FXGL Background Thread 2 ] DEBUG FXGLAssetLoaderServi - Loading from file system: file:/C:/Users/Usuario/OneDrive%20-%20Universidad%20Icesi%20(@icesi.edu.co)/APO2/Tareas%20integradoras/NuclearThroneAtomic/src/nuclearthroneatomic/target/classes/assets/textures/enemy/1-Idle/1.png
22:13:55.851 [FXGL Background Thread 2 ] DEBUG FXGLAssetLoaderServi - Loading from file system: file:/C:/Users/Usuario/OneDrive%20-%20Universidad%20Icesi%20(@icesi.edu.co)/APO2/Tareas%20integradoras/NuclearThroneAtomic/src/nuclearthroneatomic/target/classes/assets/textures/enemy/1-Idle/2.png
22:13:55.855 [FXGL Background Thread 2 ] DEBUG FXGLAssetLoaderServi - Loading from file system: file:/C:/Users/Usuario/OneDrive%20-%20Universidad%20Icesi%20(@icesi.edu.co)/APO2/Tareas%20integradoras/NuclearThroneAtomic/src/nuclearthroneatomic/target/classes/assets/textures/enemy/1-Idle/3.png
22:13:55.859 [FXGL Background Thread 2 ] DEBUG FXGLAssetLoaderServi - Loading from file system: file:/C:/Users/Usuario/OneDrive%20-%20Universidad%20Icesi%20(@icesi.edu.co)/APO2/Tareas%20integradoras/NuclearThroneAtomic/src/nuclearthroneatomic/target/classes/assets/textures/enemy/1-Idle/4.png
22:13:55.870 [FXGL Background Thread 2 ] DEBUG FXGLAssetLoaderServi - Loading from file system: file:/C:/Users/Usuario/OneDrive%20-%20Universidad%20Icesi%20(@icesi.edu.co)/APO2/Tareas%20integradoras/NuclearThroneAtomic/src/nuclearthroneatomic/target/classes/assets/textures/enemy/2-Run/1.png
22:13:55.873 [FXGL Background Thread 2 ] DEBUG FXGLAssetLoaderServi - Loading from file system: file:/C:/Users/Usuario/OneDrive%20-%20Universidad%20Icesi%20(@icesi.edu.co)/APO2/Tareas%20integradoras/NuclearThroneAtomic/src/nuclearthroneatomic/target/classes/assets/textures/enemy/2-Run/2.png
22:13:55.876 [FXGL Background Thread 2 ] DEBUG FXGLAssetLoaderServi - Loading from file system: file:/C:/Users/Usuario/OneDrive%20-%20Universidad%20Icesi%20(@icesi.edu.co)/APO2/Tareas%20integradoras/NuclearThroneAtomic/src/nuclearthroneatomic/target/classes/assets/textures/enemy/2-Run/3.png
22:13:55.880 [FXGL Background Thread 2 ] DEBUG FXGLAssetLoaderServi - Loading from file system: file:/C:/Users/Usuario/OneDrive%20-%20Universidad%20Icesi%20(@icesi.edu.co)/APO2/Tareas%20integradoras/NuclearThroneAtomic/src/nuclearthroneatomic/target/classes/assets/textures/enemy/2-Run/4.png
22:13:55.883 [FXGL Background Thread 2 ] DEBUG FXGLAssetLoaderServi - Loading from file system: file:/C:/Users/Usuario/OneDrive%20-%20Universidad%20Icesi%20(@icesi.edu.co)/APO2/Tareas%20integradoras/NuclearThroneAtomic/src/nuclearthroneatomic/target/classes/assets/textures/enemy/2-Run/5.png
22:13:55.885 [FXGL Background Thread 2 ] DEBUG FXGLAssetLoaderServi - Loading from file system: file:/C:/Users/Usuario/OneDrive%20-%20Universidad%20Icesi%20(@icesi.edu.co)/APO2/Tareas%20integradoras/NuclearThroneAtomic/src/nuclearthroneatomic/target/classes/assets/textures/enemy/2-Run/6.png
22:13:55.914 [FXGL Background Thread 2 ] DEBUG FXGLAssetLoaderServi - Loading from file system: file:/C:/Users/Usuario/OneDrive%20-%20Universidad%20Icesi%20(@icesi.edu.co)/APO2/Tareas%20integradoras/NuclearThroneAtomic/src/nuclearthroneatomic/target/classes/assets/textures/portal/1.png
22:13:55.920 [FXGL Background Thread 2 ] DEBUG FXGLAssetLoaderServi - Loading from file system: file:/C:/Users/Usuario/OneDrive%20-%20Universidad%20Icesi%20(@icesi.edu.co)/APO2/Tareas%20integradoras/NuclearThroneAtomic/src/nuclearthroneatomic/target/classes/assets/textures/portal/2.png
22:13:55.926 [FXGL Background Thread 2 ] DEBUG FXGLAssetLoaderServi - Loading from file system: file:/C:/Users/Usuario/OneDrive%20-%20Universidad%20Icesi%20(@icesi.edu.co)/APO2/Tareas%20integradoras/NuclearThroneAtomic/src/nuclearthroneatomic/target/classes/assets/textures/portal/3.png
22:13:55.933 [FXGL Background Thread 2 ] DEBUG FXGLAssetLoaderServi - Loading from file system: file:/C:/Users/Usuario/OneDrive%20-%20Universidad%20Icesi%20(@icesi.edu.co)/APO2/Tareas%20integradoras/NuclearThroneAtomic/src/nuclearthroneatomic/target/classes/assets/textures/portal/4.png
22:13:55.951 [FXGL Background Thread 2 ] DEBUG FXGLAssetLoaderServi - Loading from file system: file:/C:/Users/Usuario/OneDrive%20-%20Universidad%20Icesi%20(@icesi.edu.co)/APO2/Tareas%20integradoras/NuclearThroneAtomic/src/nuclearthroneatomic/target/classes/assets/textures/Wall/1.png
22:13:56.111 [FXGL Background Thread 2 ] INFO  FXGLApplication      - Game initialization took: 0,490 sec
22:13:56.111 [JavaFX Application Thread] DEBUG Input                - Clearing active input actions
22:13:56.123 [JavaFX Application Thread] DEBUG GameApplicationServi - Removing overlay from FXGLLoadingScene and adding to GameScene
22:13:56.124 [JavaFX Application Thread] DEBUG PrimaryStageWindow   - FXGLLoadingScene -> GameScene
22:13:56.591 [FXGL Background Thread 3 ] DEBUG Engine               - Logging environment variables
22:13:56.592 [FXGL Background Thread 3 ] DEBUG Engine               - achievements: []
22:13:56.592 [FXGL Background Thread 3 ] DEBUG Engine               - actualHeight: 600.0
22:13:56.592 [FXGL Background Thread 3 ] DEBUG Engine               - actualHeightProperty: ReadOnlyDoubleProperty [value: 600.0]
22:13:56.592 [FXGL Background Thread 3 ] DEBUG Engine               - actualWidth: 800.0
22:13:56.592 [FXGL Background Thread 3 ] DEBUG Engine               - actualWidthProperty: ReadOnlyDoubleProperty [value: 800.0]
22:13:56.592 [FXGL Background Thread 3 ] DEBUG Engine               - appIcon: fxgl_icon.png
22:13:56.592 [FXGL Background Thread 3 ] DEBUG Engine               - applicationMode: DEVELOPER
22:13:56.593 [FXGL Background Thread 3 ] DEBUG Engine               - cSSList: [fxgl_dark.css]
22:13:56.593 [FXGL Background Thread 3 ] DEBUG Engine               - collisionDetectionStrategy: BRUTE_FORCE
22:13:56.593 [FXGL Background Thread 3 ] DEBUG Engine               - configClass: Optional.empty
22:13:56.593 [FXGL Background Thread 3 ] DEBUG Engine               - credits: []
22:13:56.593 [FXGL Background Thread 3 ] DEBUG Engine               - defaultCursor: CursorInfo(imageName=fxgl_default_cursor.png, hotspotX=7.0, hotspotY=6.0)
22:13:56.593 [FXGL Background Thread 3 ] DEBUG Engine               - devBBoxColorProperty: ObjectProperty [value: 0xff0000ff]
22:13:56.593 [FXGL Background Thread 3 ] DEBUG Engine               - devEnableDebugCameraProperty: BooleanProperty [value: false]
22:13:56.594 [FXGL Background Thread 3 ] DEBUG Engine               - devSensorColorProperty: ObjectProperty [value: 0xffff00ff]
22:13:56.594 [FXGL Background Thread 3 ] DEBUG Engine               - devShowBBoxProperty: BooleanProperty [value: false]
22:13:56.594 [FXGL Background Thread 3 ] DEBUG Engine               - devShowPositionProperty: BooleanProperty [value: false]
22:13:56.594 [FXGL Background Thread 3 ] DEBUG Engine               - enabledMenuItems: []
22:13:56.594 [FXGL Background Thread 3 ] DEBUG Engine               - engineServices: [class com.almasb.fxgl.app.services.FXGLAssetLoaderService, class com.almasb.fxgl.app.FXGLApplication$GameApplicationService, class com.almasb.fxgl.app.services.FXGLDialogService, class com.almasb.fxgl.app.services.IOTaskExecutorService, class com.almasb.fxgl.io.FileSystemService, class com.almasb.fxgl.localization.LocalizationService, class com.almasb.fxgl.app.services.SystemBundleService, class com.almasb.fxgl.profile.SaveLoadService, class com.almasb.fxgl.ui.FXGLUIFactoryServiceProvider, class com.almasb.fxgl.ui.FXGLDialogFactoryServiceProvider, class com.almasb.fxgl.audio.AudioPlayer, class com.almasb.fxgl.notification.impl.NotificationServiceProvider, class com.almasb.fxgl.achievement.AchievementService, class com.almasb.fxgl.cutscene.CutsceneService, class com.almasb.fxgl.minigames.MiniGameService, class com.almasb.fxgl.net.NetService, class com.almasb.fxgl.app.services.UpdaterService, class com.almasb.fxgl.dev.DevService]
22:13:56.594 [FXGL Background Thread 3 ] DEBUG Engine               - fontGame: Abel-Regular.ttf
22:13:56.594 [FXGL Background Thread 3 ] DEBUG Engine               - fontMono: TerminalLandMono-Regular.otf
22:13:56.594 [FXGL Background Thread 3 ] DEBUG Engine               - fontText: Courier-Prime.ttf
22:13:56.594 [FXGL Background Thread 3 ] DEBUG Engine               - fontUI: VarelaRound-Regular.ttf
22:13:56.594 [FXGL Background Thread 3 ] DEBUG Engine               - fullScreen: BooleanProperty [value: false]
22:13:56.594 [FXGL Background Thread 3 ] DEBUG Engine               - gameDifficulty: MEDIUM
22:13:56.595 [FXGL Background Thread 3 ] DEBUG Engine               - gameDifficultyProperty: ObjectProperty [value: MEDIUM]
22:13:56.595 [FXGL Background Thread 3 ] DEBUG Engine               - globalMusicVolume: 0.5
22:13:56.595 [FXGL Background Thread 3 ] DEBUG Engine               - globalMusicVolumeProperty: DoubleProperty [value: 0.5]
22:13:56.595 [FXGL Background Thread 3 ] DEBUG Engine               - globalSoundVolume: 0.5
22:13:56.595 [FXGL Background Thread 3 ] DEBUG Engine               - globalSoundVolumeProperty: DoubleProperty [value: 0.5]
22:13:56.595 [FXGL Background Thread 3 ] DEBUG Engine               - height: 600
22:13:56.595 [FXGL Background Thread 3 ] DEBUG Engine               - is3D: false
22:13:56.595 [FXGL Background Thread 3 ] DEBUG Engine               - isAndroid: false
22:13:56.595 [FXGL Background Thread 3 ] DEBUG Engine               - isBrowser: false
22:13:56.595 [FXGL Background Thread 3 ] DEBUG Engine               - isClickFeedbackEnabled: false
22:13:56.596 [FXGL Background Thread 3 ] DEBUG Engine               - isCloseConfirmation: false
22:13:56.596 [FXGL Background Thread 3 ] DEBUG Engine               - isDesktop: true
22:13:56.596 [FXGL Background Thread 3 ] DEBUG Engine               - isDeveloperMenuEnabled: false
22:13:56.596 [FXGL Background Thread 3 ] DEBUG Engine               - isEmbedded: false
22:13:56.596 [FXGL Background Thread 3 ] DEBUG Engine               - isEntityPreloadEnabled: true
22:13:56.596 [FXGL Background Thread 3 ] DEBUG Engine               - isExperimentalTiledLargeMap: false
22:13:56.596 [FXGL Background Thread 3 ] DEBUG Engine               - isFileSystemWriteAllowed: true
22:13:56.596 [FXGL Background Thread 3 ] DEBUG Engine               - isFullScreenAllowed: true
22:13:56.596 [FXGL Background Thread 3 ] DEBUG Engine               - isFullScreenFromStart: false
22:13:56.596 [FXGL Background Thread 3 ] DEBUG Engine               - isGameMenuEnabled: true
22:13:56.596 [FXGL Background Thread 3 ] DEBUG Engine               - isIOS: false
22:13:56.597 [FXGL Background Thread 3 ] DEBUG Engine               - isIntroEnabled: false
22:13:56.597 [FXGL Background Thread 3 ] DEBUG Engine               - isLinux: false
22:13:56.597 [FXGL Background Thread 3 ] DEBUG Engine               - isMac: false
22:13:56.597 [FXGL Background Thread 3 ] DEBUG Engine               - isMainMenuEnabled: true
22:13:56.597 [FXGL Background Thread 3 ] DEBUG Engine               - isManualResizeEnabled: false
22:13:56.597 [FXGL Background Thread 3 ] DEBUG Engine               - isMobile: false
22:13:56.597 [FXGL Background Thread 3 ] DEBUG Engine               - isNative: false
22:13:56.597 [FXGL Background Thread 3 ] DEBUG Engine               - isPauseMusicWhenMinimized: true
22:13:56.597 [FXGL Background Thread 3 ] DEBUG Engine               - isPreserveResizeRatio: false
22:13:56.597 [FXGL Background Thread 3 ] DEBUG Engine               - isProfilingEnabled: false
22:13:56.597 [FXGL Background Thread 3 ] DEBUG Engine               - isScaleAffectedOnResize: true
22:13:56.598 [FXGL Background Thread 3 ] DEBUG Engine               - isSingleStep: false
22:13:56.598 [FXGL Background Thread 3 ] DEBUG Engine               - isUserProfileEnabled: false
22:13:56.598 [FXGL Background Thread 3 ] DEBUG Engine               - isWindows: true
22:13:56.598 [FXGL Background Thread 3 ] DEBUG Engine               - language: ObjectProperty [value: ENGLISH]
22:13:56.598 [FXGL Background Thread 3 ] DEBUG Engine               - menuKey: ESCAPE
22:13:56.598 [FXGL Background Thread 3 ] DEBUG Engine               - mouseSensitivity: 0.2
22:13:56.598 [FXGL Background Thread 3 ] DEBUG Engine               - notificationViewClass: class com.almasb.fxgl.notification.view.XboxNotificationView
22:13:56.598 [FXGL Background Thread 3 ] DEBUG Engine               - pixelsPerMeter: 50.0
22:13:56.598 [FXGL Background Thread 3 ] DEBUG Engine               - platform: WINDOWS
22:13:56.598 [FXGL Background Thread 3 ] DEBUG Engine               - prefHeightProperty: ReadOnlyDoubleProperty [value: 600.0]
22:13:56.598 [FXGL Background Thread 3 ] DEBUG Engine               - prefWidthProperty: ReadOnlyDoubleProperty [value: 800.0]
22:13:56.599 [FXGL Background Thread 3 ] DEBUG Engine               - profileDir: profiles/
22:13:56.599 [FXGL Background Thread 3 ] DEBUG Engine               - profileName: StringProperty [value: DEFAULT]
22:13:56.599 [FXGL Background Thread 3 ] DEBUG Engine               - randomSeed: -1
22:13:56.599 [FXGL Background Thread 3 ] DEBUG Engine               - runtimeInfo: RuntimeInfo(platform=WINDOWS, version=17.2, build=20.08.2022 16.50)
22:13:56.600 [FXGL Background Thread 3 ] DEBUG Engine               - saveFileExt: sav
22:13:56.600 [FXGL Background Thread 3 ] DEBUG Engine               - scaledHeightProp$fxgl: DoubleProperty [bound, value: 600.0]
22:13:56.600 [FXGL Background Thread 3 ] DEBUG Engine               - scaledWidthProp$fxgl: DoubleProperty [bound, value: 800.0]
22:13:56.600 [FXGL Background Thread 3 ] DEBUG Engine               - sceneFactory: com.almasb.fxgl.app.scene.SceneFactory@6bf34d19
22:13:56.600 [FXGL Background Thread 3 ] DEBUG Engine               - secondsIn24h: 60
22:13:56.600 [FXGL Background Thread 3 ] DEBUG Engine               - soundMenuBack: menu/back.wav
22:13:56.600 [FXGL Background Thread 3 ] DEBUG Engine               - soundMenuPress: menu/press.wav
22:13:56.600 [FXGL Background Thread 3 ] DEBUG Engine               - soundMenuSelect: menu/select.wav
22:13:56.600 [FXGL Background Thread 3 ] DEBUG Engine               - soundNotification: core/notification.wav
22:13:56.600 [FXGL Background Thread 3 ] DEBUG Engine               - stageStyle: DECORATED
22:13:56.601 [FXGL Background Thread 3 ] DEBUG Engine               - supportedLanguages: [ENGLISH, FRENCH, GERMAN, HUNGARIAN, RUSSIAN]
22:13:56.601 [FXGL Background Thread 3 ] DEBUG Engine               - ticksPerSecond: -1
22:13:56.601 [FXGL Background Thread 3 ] DEBUG Engine               - title: Nuclear Throne Atomic
22:13:56.601 [FXGL Background Thread 3 ] DEBUG Engine               - urlGithub: https://github.com/AlmasB/FXGL
22:13:56.601 [FXGL Background Thread 3 ] DEBUG Engine               - urlLeaderboard: http://fxgl-top.herokuapp.com/
22:13:56.601 [FXGL Background Thread 3 ] DEBUG Engine               - urlPOM: https://raw.githubusercontent.com/AlmasB/FXGL/release/README.md
22:13:56.601 [FXGL Background Thread 3 ] DEBUG Engine               - userAppClass: class com.example.nuclearthroneatomic.Controller
22:13:56.601 [FXGL Background Thread 3 ] DEBUG Engine               - version: 0.0
22:13:56.601 [FXGL Background Thread 3 ] DEBUG Engine               - versionCheckDays: 7
22:13:56.601 [FXGL Background Thread 3 ] DEBUG Engine               - width: 800
22:13:56.601 [FXGL Background Thread 3 ] DEBUG Engine               - Logging services
22:13:56.601 [FXGL Background Thread 3 ] DEBUG Engine               - class com.almasb.fxgl.app.services.FXGLAssetLoaderService
22:13:56.601 [FXGL Background Thread 3 ] DEBUG Engine               - class com.almasb.fxgl.app.FXGLApplication$GameApplicationService
22:13:56.601 [FXGL Background Thread 3 ] DEBUG Engine               - class com.almasb.fxgl.app.services.FXGLDialogService
22:13:56.601 [FXGL Background Thread 3 ] DEBUG Engine               - class com.almasb.fxgl.app.services.IOTaskExecutorService
22:13:56.601 [FXGL Background Thread 3 ] DEBUG Engine               - class com.almasb.fxgl.io.FileSystemService
22:13:56.602 [FXGL Background Thread 3 ] DEBUG Engine               - class com.almasb.fxgl.localization.LocalizationService
22:13:56.602 [FXGL Background Thread 3 ] DEBUG Engine               - class com.almasb.fxgl.app.services.SystemBundleService
22:13:56.602 [FXGL Background Thread 3 ] DEBUG Engine               - class com.almasb.fxgl.profile.SaveLoadService
22:13:56.602 [FXGL Background Thread 3 ] DEBUG Engine               - class com.almasb.fxgl.ui.FXGLUIFactoryServiceProvider
22:13:56.602 [FXGL Background Thread 3 ] DEBUG Engine               - class com.almasb.fxgl.ui.FXGLDialogFactoryServiceProvider
22:13:56.602 [FXGL Background Thread 3 ] DEBUG Engine               - class com.almasb.fxgl.audio.AudioPlayer
22:13:56.602 [FXGL Background Thread 3 ] DEBUG Engine               - class com.almasb.fxgl.notification.impl.NotificationServiceProvider
22:13:56.602 [FXGL Background Thread 3 ] DEBUG Engine               - class com.almasb.fxgl.achievement.AchievementService
22:13:56.602 [FXGL Background Thread 3 ] DEBUG Engine               - class com.almasb.fxgl.cutscene.CutsceneService
22:13:56.602 [FXGL Background Thread 3 ] DEBUG Engine               - class com.almasb.fxgl.minigames.MiniGameService
22:13:56.602 [FXGL Background Thread 3 ] DEBUG Engine               - class com.almasb.fxgl.net.NetService
22:13:56.602 [FXGL Background Thread 3 ] DEBUG Engine               - class com.almasb.fxgl.app.services.UpdaterService
22:13:56.602 [FXGL Background Thread 3 ] DEBUG Engine               - class com.almasb.fxgl.dev.DevService
22:14:02.313 [JavaFX Application Thread] DEBUG FXGLAssetLoaderServi - Loading from file system: file:/C:/Users/Usuario/OneDrive%20-%20Universidad%20Icesi%20(@icesi.edu.co)/APO2/Tareas%20integradoras/NuclearThroneAtomic/src/nuclearthroneatomic/target/classes/assets/textures/Bullet/1.png
22:14:23.257 [JavaFX Application Thread] DEBUG FXGLApplication      - Exiting FXGL
22:14:23.257 [JavaFX Application Thread] DEBUG LoopRunner           - Stopping loop
22:14:23.257 [JavaFX Application Thread] DEBUG SystemBundleService  - Saving FXGL system data
22:14:23.261 [JavaFX Application Thread] DEBUG FileSystemAccess     - Writing to: C:\Users\Usuario\OneDrive - Universidad Icesi (@icesi.edu.co)\APO2\Tareas integradoras\NuclearThroneAtomic\src\nuclearthroneatomic\system\fxgl.bundle
22:14:23.264 [JavaFX Application Thread] DEBUG Async                - Shutting down background threads
22:14:23.265 [JavaFX Application Thread] DEBUG PrimaryStageWindow   - Closing main window
22:14:23.282 [JavaFX Application Thread] DEBUG Logger               - Closing Logger
