09:45:11.429 [main                     ] DEBUG Logger               - Configured Logger
09:45:11.480 [main                     ] DEBUG GameApplication      - Logging settings
Title: Untitled
Version: 0.0
Width: 800
Height: 600
Fullscreen: false
Intro: false
Profiling: false
Single step:false
App Mode: DEVELOPER
Menu Key: ESCAPE
Stage Style: DECORATED
Scene Factory: class com.almasb.fxgl.app.scene.SceneFactory

09:45:12.545 [JavaFX Application Thread] DEBUG FXGLApplication      - Initializing FXGL
09:45:12.559 [JavaFX Application Thread] INFO  Engine               - FXGL-17.2 (20.08.2022 16.50) on WINDOWS (J:20.0.1 FX:18.0.2)
09:45:12.560 [JavaFX Application Thread] DEBUG Engine               - JRE Vendor Name: Oracle Corporation
09:45:12.561 [JavaFX Application Thread] DEBUG Engine               - Running on OS: Windows 10 version 10.0
09:45:12.562 [JavaFX Application Thread] DEBUG Engine               - Architecture: amd64
09:45:12.562 [JavaFX Application Thread] INFO  Engine               - Source code and latest versions at: https://github.com/AlmasB/FXGL
09:45:12.562 [JavaFX Application Thread] INFO  Engine               -       Ask questions and discuss at: https://github.com/AlmasB/FXGL/discussions
09:45:12.563 [JavaFX Application Thread] INFO  Engine               -              Join the FXGL chat at: https://gitter.im/AlmasB/FXGL
09:45:12.709 [JavaFX Application Thread] DEBUG PrimaryStageWindow   - Creating a JavaFX scene
09:45:12.775 [JavaFX Application Thread] DEBUG PrimaryStageWindow   - Target settings size: 800.0 x 600.0
09:45:12.776 [JavaFX Application Thread] DEBUG PrimaryStageWindow   - Scaled scene size:    800.0 x 600.0
09:45:12.776 [JavaFX Application Thread] DEBUG PrimaryStageWindow   - Scaled ratio: (1.0, 1.0)
09:45:12.779 [JavaFX Application Thread] DEBUG PrimaryStageWindow   - Set initial scene to FXGLStartupScene
09:45:12.793 [JavaFX Application Thread] DEBUG PrimaryStageWindow   - Opening main window
09:45:12.933 [JavaFX Application Thread] DEBUG PrimaryStageWindow   - Window border size: (16.0, 39.0)
09:45:12.934 [JavaFX Application Thread] DEBUG PrimaryStageWindow   - Scaled size: 800.0 x 600.0
09:45:12.934 [JavaFX Application Thread] DEBUG PrimaryStageWindow   - Scaled ratio: (1.0, 1.0)
09:45:12.935 [JavaFX Application Thread] DEBUG PrimaryStageWindow   - Scene size: 800.0 x 600.0
09:45:12.935 [JavaFX Application Thread] DEBUG PrimaryStageWindow   - Stage size: 816.0 x 639.0
09:45:12.954 [FXGL Background Thread 1 ] DEBUG Engine               - Initializing environment variables
09:45:13.037 [FXGL Background Thread 1 ] DEBUG FXGLAssetLoaderServi - User app class for loading assets: class com.example.nuclearthroneatomic.Controller
09:45:13.038 [FXGL Background Thread 1 ] DEBUG GameApplicationServi - Applying CSS: fxgl_dark.css
09:45:13.039 [FXGL Background Thread 1 ] DEBUG FXGLAssetLoaderServi - Loading from file system: jar:file:///C:/Users/Usuario/.m2/repository/com/github/almasb/fxgl/17.2/fxgl-17.2.jar!/fxglassets/ui/css/fxgl_dark.css
09:45:13.147 [FXGL Background Thread 1 ] DEBUG GameApplicationServi - Initializing application scenes
09:45:13.235 [FXGL Background Thread 1 ] DEBUG GameWorld            - Game world initialized
09:45:13.350 [FXGL Background Thread 1 ] DEBUG PhysicsWorld         - Physics world initialized: appHeight=600, physics.ppm=50,0
09:45:13.350 [FXGL Background Thread 1 ] DEBUG PhysicsWorld         - Using strategy: BRUTE_FORCE
09:45:13.360 [FXGL Background Thread 1 ] DEBUG GameScene            - Game scene initialized: 800x600
09:45:13.386 [FXGL Background Thread 1 ] DEBUG FXGL.DefaultMenu     - createMenuBodyGameMenu()
09:45:13.418 [FXGL Background Thread 1 ] DEBUG FXGL.DefaultMenu     - createOptionsMenu()
09:45:13.444 [FXGL Background Thread 1 ] DEBUG FXGLAssetLoaderServi - Loading from file system: jar:file:///C:/Users/Usuario/.m2/repository/com/github/almasb/fxgl/17.2/fxgl-17.2.jar!/fxglassets/textures/particles/smoke.png
09:45:13.632 [FXGL Background Thread 1 ] DEBUG FXGLAssetLoaderServi - Loading from file system: jar:file:///C:/Users/Usuario/.m2/repository/com/github/almasb/fxgl/17.2/fxgl-17.2.jar!/fxglassets/textures/particles/trace_horizontal.png
09:45:13.688 [FXGL Background Thread 1 ] DEBUG GameApplicationServi - Application scenes initialized
09:45:13.766 [FXGL Background Thread 1 ] DEBUG SystemBundleService  - Loading default FXGL system data
09:45:13.767 [FXGL Background Thread 1 ] DEBUG UpdaterService       - Checking for updates
09:45:13.780 [FXGL Background Thread 1 ] DEBUG FXGLApplication      - Loading default localization
09:45:13.782 [FXGL Background Thread 1 ] DEBUG FXGLAssetLoaderServi - Loading from file system: jar:file:///C:/Users/Usuario/.m2/repository/com/github/almasb/fxgl/17.2/fxgl-17.2.jar!/fxglassets/languages/english.lang
09:45:13.791 [FXGL Background Thread 4 ] DEBUG FXGLApplication      - Loading fonts
09:45:13.792 [FXGL Background Thread 4 ] DEBUG FXGLAssetLoaderServi - Loading from file system: jar:file:///C:/Users/Usuario/.m2/repository/com/github/almasb/fxgl/17.2/fxgl-17.2.jar!/fxglassets/ui/fonts/VarelaRound-Regular.ttf
09:45:13.821 [FXGL Background Thread 1 ] INFO  FXGLApplication      - FXGL initialization took: 0,867 sec
09:45:13.841 [JavaFX Application Thread] DEBUG Input                - Registered new binding: Right - D
09:45:13.841 [JavaFX Application Thread] DEBUG Input                - Registered new binding: Left - A
09:45:13.841 [JavaFX Application Thread] DEBUG Input                - Registered new binding: Up - W
09:45:13.842 [JavaFX Application Thread] DEBUG Input                - Registered new binding: Down - S
09:45:13.844 [JavaFX Application Thread] DEBUG Input                - Registered new binding: Reload - RMB
09:45:13.845 [JavaFX Application Thread] DEBUG Input                - Registered new binding: Shoot - LMB
09:45:13.846 [JavaFX Application Thread] DEBUG FXGLAssetLoaderServi - Loading from file system: jar:file:///C:/Users/Usuario/.m2/repository/com/github/almasb/fxgl/17.2/fxgl-17.2.jar!/fxglassets/textures/fxgl_icon.png
09:45:13.881 [JavaFX Application Thread] DEBUG FXGLAssetLoaderServi - Loading from file system: jar:file:///C:/Users/Usuario/.m2/repository/com/github/almasb/fxgl/17.2/fxgl-17.2.jar!/fxglassets/textures/fxgl_default_cursor.png
09:45:13.887 [JavaFX Application Thread] DEBUG Input                - Registered new binding: Screenshot - CTRL+8
09:45:13.888 [JavaFX Application Thread] DEBUG Input                - Registered new binding: System info dump - CTRL+9
09:45:13.889 [JavaFX Application Thread] DEBUG Input                - Registered new binding: Restart - CTRL+R
09:45:13.891 [JavaFX Application Thread] DEBUG Input                - Registered new binding: Toggle Debug Camera - CTRL+7
09:45:13.895 [JavaFX Application Thread] DEBUG LoopRunner           - Starting loop
09:45:13.895 [JavaFX Application Thread] DEBUG LoopRunner           - Initializing JavaFX AnimationTimerLoop
09:45:13.899 [JavaFX Application Thread] DEBUG GameApplicationServi - Starting new game
09:45:13.900 [JavaFX Application Thread] DEBUG Input                - Clearing active input actions
09:45:13.919 [JavaFX Application Thread] DEBUG GameApplicationServi - Removing overlay from FXGLStartupScene and adding to FXGLLoadingScene
09:45:13.920 [JavaFX Application Thread] DEBUG PrimaryStageWindow   - FXGLStartupScene -> FXGLLoadingScene
09:45:13.921 [JavaFX Application Thread] DEBUG GameApplicationServi - Clearing previous game
09:45:13.921 [JavaFX Application Thread] DEBUG GameScene            - Clearing game scene
09:45:13.921 [JavaFX Application Thread] DEBUG GameWorld            - Clearing game world
09:45:13.921 [JavaFX Application Thread] DEBUG PhysicsWorld         - Clearing physics world
09:45:13.924 [FXGL Background Thread 1 ] DEBUG FXGLApplication      - Initializing game
09:45:13.943 [FXGL Background Thread 1 ] DEBUG FXGLAssetLoaderServi - Loading from file system: file:/C:/Users/Usuario/OneDrive%20-%20Universidad%20Icesi%20(@icesi.edu.co)/APO2/Tareas%20integradoras/NuclearThroneAtomic/src/nuclearthroneatomic/target/classes/assets/textures/Avatar/1-Idle/1.png
09:45:13.947 [FXGL Background Thread 1 ] DEBUG FXGLAssetLoaderServi - Loading from file system: file:/C:/Users/Usuario/OneDrive%20-%20Universidad%20Icesi%20(@icesi.edu.co)/APO2/Tareas%20integradoras/NuclearThroneAtomic/src/nuclearthroneatomic/target/classes/assets/textures/Avatar/1-Idle/2.png
09:45:13.951 [FXGL Background Thread 1 ] DEBUG FXGLAssetLoaderServi - Loading from file system: file:/C:/Users/Usuario/OneDrive%20-%20Universidad%20Icesi%20(@icesi.edu.co)/APO2/Tareas%20integradoras/NuclearThroneAtomic/src/nuclearthroneatomic/target/classes/assets/textures/Avatar/1-Idle/3.png
09:45:13.955 [FXGL Background Thread 1 ] DEBUG FXGLAssetLoaderServi - Loading from file system: file:/C:/Users/Usuario/OneDrive%20-%20Universidad%20Icesi%20(@icesi.edu.co)/APO2/Tareas%20integradoras/NuclearThroneAtomic/src/nuclearthroneatomic/target/classes/assets/textures/Avatar/1-Idle/4.png
09:45:14.027 [FXGL Background Thread 1 ] DEBUG FXGLAssetLoaderServi - Loading from file system: file:/C:/Users/Usuario/OneDrive%20-%20Universidad%20Icesi%20(@icesi.edu.co)/APO2/Tareas%20integradoras/NuclearThroneAtomic/src/nuclearthroneatomic/target/classes/assets/textures/Avatar/2-Run/1.png
09:45:14.030 [FXGL Background Thread 1 ] DEBUG FXGLAssetLoaderServi - Loading from file system: file:/C:/Users/Usuario/OneDrive%20-%20Universidad%20Icesi%20(@icesi.edu.co)/APO2/Tareas%20integradoras/NuclearThroneAtomic/src/nuclearthroneatomic/target/classes/assets/textures/Avatar/2-Run/2.png
09:45:14.034 [FXGL Background Thread 1 ] DEBUG FXGLAssetLoaderServi - Loading from file system: file:/C:/Users/Usuario/OneDrive%20-%20Universidad%20Icesi%20(@icesi.edu.co)/APO2/Tareas%20integradoras/NuclearThroneAtomic/src/nuclearthroneatomic/target/classes/assets/textures/Avatar/2-Run/3.png
09:45:14.037 [FXGL Background Thread 1 ] DEBUG FXGLAssetLoaderServi - Loading from file system: file:/C:/Users/Usuario/OneDrive%20-%20Universidad%20Icesi%20(@icesi.edu.co)/APO2/Tareas%20integradoras/NuclearThroneAtomic/src/nuclearthroneatomic/target/classes/assets/textures/Avatar/2-Run/4.png
09:45:14.041 [FXGL Background Thread 1 ] DEBUG FXGLAssetLoaderServi - Loading from file system: file:/C:/Users/Usuario/OneDrive%20-%20Universidad%20Icesi%20(@icesi.edu.co)/APO2/Tareas%20integradoras/NuclearThroneAtomic/src/nuclearthroneatomic/target/classes/assets/textures/Avatar/2-Run/5.png
09:45:14.045 [FXGL Background Thread 1 ] DEBUG FXGLAssetLoaderServi - Loading from file system: file:/C:/Users/Usuario/OneDrive%20-%20Universidad%20Icesi%20(@icesi.edu.co)/APO2/Tareas%20integradoras/NuclearThroneAtomic/src/nuclearthroneatomic/target/classes/assets/textures/Avatar/2-Run/6.png
09:45:14.067 [FXGL Background Thread 1 ] DEBUG FXGLAssetLoaderServi - Loading from file system: file:/C:/Users/Usuario/OneDrive%20-%20Universidad%20Icesi%20(@icesi.edu.co)/APO2/Tareas%20integradoras/NuclearThroneAtomic/src/nuclearthroneatomic/target/classes/assets/textures/Munition/1.png
09:45:14.154 [FXGL Background Thread 1 ] DEBUG FXGLAssetLoaderServi - Loading from file system: file:/C:/Users/Usuario/OneDrive%20-%20Universidad%20Icesi%20(@icesi.edu.co)/APO2/Tareas%20integradoras/NuclearThroneAtomic/src/nuclearthroneatomic/target/classes/assets/textures/Guns/1.png
09:45:14.165 [FXGL Background Thread 1 ] DEBUG FXGLAssetLoaderServi - Loading from file system: file:/C:/Users/Usuario/OneDrive%20-%20Universidad%20Icesi%20(@icesi.edu.co)/APO2/Tareas%20integradoras/NuclearThroneAtomic/src/nuclearthroneatomic/target/classes/assets/textures/Guns/2.png
09:45:14.174 [FXGL Background Thread 1 ] DEBUG FXGLAssetLoaderServi - Loading from file system: file:/C:/Users/Usuario/OneDrive%20-%20Universidad%20Icesi%20(@icesi.edu.co)/APO2/Tareas%20integradoras/NuclearThroneAtomic/src/nuclearthroneatomic/target/classes/assets/textures/Wall/1.png
09:45:14.360 [FXGL Background Thread 4 ] DEBUG FXGLAssetLoaderServi - Loading from file system: jar:file:///C:/Users/Usuario/.m2/repository/com/github/almasb/fxgl/17.2/fxgl-17.2.jar!/fxglassets/ui/fonts/Abel-Regular.ttf
09:45:14.368 [FXGL Background Thread 4 ] DEBUG FXGLAssetLoaderServi - Loading from file system: jar:file:///C:/Users/Usuario/.m2/repository/com/github/almasb/fxgl/17.2/fxgl-17.2.jar!/fxglassets/ui/fonts/TerminalLandMono-Regular.otf
09:45:14.404 [FXGL Background Thread 1 ] INFO  FXGLApplication      - Game initialization took: 0,479 sec
09:45:14.414 [JavaFX Application Thread] DEBUG Input                - Clearing active input actions
09:45:14.417 [FXGL Background Thread 4 ] DEBUG FXGLAssetLoaderServi - Loading from file system: jar:file:///C:/Users/Usuario/.m2/repository/com/github/almasb/fxgl/17.2/fxgl-17.2.jar!/fxglassets/ui/fonts/Courier-Prime.ttf
09:45:14.438 [JavaFX Application Thread] DEBUG GameApplicationServi - Removing overlay from FXGLLoadingScene and adding to GameScene
09:45:14.439 [JavaFX Application Thread] DEBUG PrimaryStageWindow   - FXGLLoadingScene -> GameScene
09:45:14.490 [JavaFX Application Thread] DEBUG FXGLApplication      - Registering font factories with UI factory
09:45:15.249 [FXGL Background Thread 2 ] INFO  UpdaterService       - Your current version:  17.2
09:45:15.249 [FXGL Background Thread 2 ] INFO  UpdaterService       - Latest stable version: 17.3
09:45:16.775 [FXGL Background Thread 3 ] DEBUG Engine               - Logging environment variables
09:45:16.776 [FXGL Background Thread 3 ] DEBUG Engine               - achievements: []
09:45:16.776 [FXGL Background Thread 3 ] DEBUG Engine               - actualHeight: 600.0
09:45:16.776 [FXGL Background Thread 3 ] DEBUG Engine               - actualHeightProperty: ReadOnlyDoubleProperty [value: 600.0]
09:45:16.776 [FXGL Background Thread 3 ] DEBUG Engine               - actualWidth: 800.0
09:45:16.776 [FXGL Background Thread 3 ] DEBUG Engine               - actualWidthProperty: ReadOnlyDoubleProperty [value: 800.0]
09:45:16.776 [FXGL Background Thread 3 ] DEBUG Engine               - appIcon: fxgl_icon.png
09:45:16.776 [FXGL Background Thread 3 ] DEBUG Engine               - applicationMode: DEVELOPER
09:45:16.776 [FXGL Background Thread 3 ] DEBUG Engine               - cSSList: [fxgl_dark.css]
09:45:16.777 [FXGL Background Thread 3 ] DEBUG Engine               - collisionDetectionStrategy: BRUTE_FORCE
09:45:16.777 [FXGL Background Thread 3 ] DEBUG Engine               - configClass: Optional.empty
09:45:16.777 [FXGL Background Thread 3 ] DEBUG Engine               - credits: []
09:45:16.777 [FXGL Background Thread 3 ] DEBUG Engine               - defaultCursor: CursorInfo(imageName=fxgl_default_cursor.png, hotspotX=7.0, hotspotY=6.0)
09:45:16.778 [FXGL Background Thread 3 ] DEBUG Engine               - devBBoxColorProperty: ObjectProperty [value: 0xff0000ff]
09:45:16.778 [FXGL Background Thread 3 ] DEBUG Engine               - devEnableDebugCameraProperty: BooleanProperty [value: false]
09:45:16.778 [FXGL Background Thread 3 ] DEBUG Engine               - devSensorColorProperty: ObjectProperty [value: 0xffff00ff]
09:45:16.778 [FXGL Background Thread 3 ] DEBUG Engine               - devShowBBoxProperty: BooleanProperty [value: false]
09:45:16.778 [FXGL Background Thread 3 ] DEBUG Engine               - devShowPositionProperty: BooleanProperty [value: false]
09:45:16.778 [FXGL Background Thread 3 ] DEBUG Engine               - enabledMenuItems: []
09:45:16.778 [FXGL Background Thread 3 ] DEBUG Engine               - engineServices: [class com.almasb.fxgl.app.services.FXGLAssetLoaderService, class com.almasb.fxgl.app.FXGLApplication$GameApplicationService, class com.almasb.fxgl.app.services.FXGLDialogService, class com.almasb.fxgl.app.services.IOTaskExecutorService, class com.almasb.fxgl.io.FileSystemService, class com.almasb.fxgl.localization.LocalizationService, class com.almasb.fxgl.app.services.SystemBundleService, class com.almasb.fxgl.profile.SaveLoadService, class com.almasb.fxgl.ui.FXGLUIFactoryServiceProvider, class com.almasb.fxgl.ui.FXGLDialogFactoryServiceProvider, class com.almasb.fxgl.audio.AudioPlayer, class com.almasb.fxgl.notification.impl.NotificationServiceProvider, class com.almasb.fxgl.achievement.AchievementService, class com.almasb.fxgl.cutscene.CutsceneService, class com.almasb.fxgl.minigames.MiniGameService, class com.almasb.fxgl.net.NetService, class com.almasb.fxgl.app.services.UpdaterService, class com.almasb.fxgl.dev.DevService]
09:45:16.779 [FXGL Background Thread 3 ] DEBUG Engine               - fontGame: Abel-Regular.ttf
09:45:16.779 [FXGL Background Thread 3 ] DEBUG Engine               - fontMono: TerminalLandMono-Regular.otf
09:45:16.779 [FXGL Background Thread 3 ] DEBUG Engine               - fontText: Courier-Prime.ttf
09:45:16.779 [FXGL Background Thread 3 ] DEBUG Engine               - fontUI: VarelaRound-Regular.ttf
09:45:16.779 [FXGL Background Thread 3 ] DEBUG Engine               - fullScreen: BooleanProperty [value: false]
09:45:16.779 [FXGL Background Thread 3 ] DEBUG Engine               - gameDifficulty: MEDIUM
09:45:16.779 [FXGL Background Thread 3 ] DEBUG Engine               - gameDifficultyProperty: ObjectProperty [value: MEDIUM]
09:45:16.779 [FXGL Background Thread 3 ] DEBUG Engine               - globalMusicVolume: 0.5
09:45:16.779 [FXGL Background Thread 3 ] DEBUG Engine               - globalMusicVolumeProperty: DoubleProperty [value: 0.5]
09:45:16.779 [FXGL Background Thread 3 ] DEBUG Engine               - globalSoundVolume: 0.5
09:45:16.779 [FXGL Background Thread 3 ] DEBUG Engine               - globalSoundVolumeProperty: DoubleProperty [value: 0.5]
09:45:16.780 [FXGL Background Thread 3 ] DEBUG Engine               - height: 600
09:45:16.780 [FXGL Background Thread 3 ] DEBUG Engine               - is3D: false
09:45:16.780 [FXGL Background Thread 3 ] DEBUG Engine               - isAndroid: false
09:45:16.780 [FXGL Background Thread 3 ] DEBUG Engine               - isBrowser: false
09:45:16.780 [FXGL Background Thread 3 ] DEBUG Engine               - isClickFeedbackEnabled: false
09:45:16.780 [FXGL Background Thread 3 ] DEBUG Engine               - isCloseConfirmation: false
09:45:16.780 [FXGL Background Thread 3 ] DEBUG Engine               - isDesktop: true
09:45:16.780 [FXGL Background Thread 3 ] DEBUG Engine               - isDeveloperMenuEnabled: false
09:45:16.780 [FXGL Background Thread 3 ] DEBUG Engine               - isEmbedded: false
09:45:16.780 [FXGL Background Thread 3 ] DEBUG Engine               - isEntityPreloadEnabled: true
09:45:16.780 [FXGL Background Thread 3 ] DEBUG Engine               - isExperimentalTiledLargeMap: false
09:45:16.780 [FXGL Background Thread 3 ] DEBUG Engine               - isFileSystemWriteAllowed: true
09:45:16.780 [FXGL Background Thread 3 ] DEBUG Engine               - isFullScreenAllowed: false
09:45:16.780 [FXGL Background Thread 3 ] DEBUG Engine               - isFullScreenFromStart: false
09:45:16.781 [FXGL Background Thread 3 ] DEBUG Engine               - isGameMenuEnabled: true
09:45:16.781 [FXGL Background Thread 3 ] DEBUG Engine               - isIOS: false
09:45:16.781 [FXGL Background Thread 3 ] DEBUG Engine               - isIntroEnabled: false
09:45:16.781 [FXGL Background Thread 3 ] DEBUG Engine               - isLinux: false
09:45:16.781 [FXGL Background Thread 3 ] DEBUG Engine               - isMac: false
09:45:16.781 [FXGL Background Thread 3 ] DEBUG Engine               - isMainMenuEnabled: false
09:45:16.781 [FXGL Background Thread 3 ] DEBUG Engine               - isManualResizeEnabled: false
09:45:16.781 [FXGL Background Thread 3 ] DEBUG Engine               - isMobile: false
09:45:16.781 [FXGL Background Thread 3 ] DEBUG Engine               - isNative: false
09:45:16.781 [FXGL Background Thread 3 ] DEBUG Engine               - isPauseMusicWhenMinimized: true
09:45:16.781 [FXGL Background Thread 3 ] DEBUG Engine               - isPreserveResizeRatio: false
09:45:16.781 [FXGL Background Thread 3 ] DEBUG Engine               - isProfilingEnabled: false
09:45:16.781 [FXGL Background Thread 3 ] DEBUG Engine               - isScaleAffectedOnResize: true
09:45:16.781 [FXGL Background Thread 3 ] DEBUG Engine               - isSingleStep: false
09:45:16.781 [FXGL Background Thread 3 ] DEBUG Engine               - isUserProfileEnabled: false
09:45:16.781 [FXGL Background Thread 3 ] DEBUG Engine               - isWindows: true
09:45:16.782 [FXGL Background Thread 3 ] DEBUG Engine               - language: ObjectProperty [value: ENGLISH]
09:45:16.782 [FXGL Background Thread 3 ] DEBUG Engine               - menuKey: ESCAPE
09:45:16.782 [FXGL Background Thread 3 ] DEBUG Engine               - mouseSensitivity: 0.2
09:45:16.782 [FXGL Background Thread 3 ] DEBUG Engine               - notificationViewClass: class com.almasb.fxgl.notification.view.XboxNotificationView
09:45:16.782 [FXGL Background Thread 3 ] DEBUG Engine               - pixelsPerMeter: 50.0
09:45:16.782 [FXGL Background Thread 3 ] DEBUG Engine               - platform: WINDOWS
09:45:16.782 [FXGL Background Thread 3 ] DEBUG Engine               - prefHeightProperty: ReadOnlyDoubleProperty [value: 600.0]
09:45:16.782 [FXGL Background Thread 3 ] DEBUG Engine               - prefWidthProperty: ReadOnlyDoubleProperty [value: 800.0]
09:45:16.782 [FXGL Background Thread 3 ] DEBUG Engine               - profileDir: profiles/
09:45:16.782 [FXGL Background Thread 3 ] DEBUG Engine               - profileName: StringProperty [value: DEFAULT]
09:45:16.782 [FXGL Background Thread 3 ] DEBUG Engine               - randomSeed: -1
09:45:16.783 [FXGL Background Thread 3 ] DEBUG Engine               - runtimeInfo: RuntimeInfo(platform=WINDOWS, version=17.2, build=20.08.2022 16.50)
09:45:16.783 [FXGL Background Thread 3 ] DEBUG Engine               - saveFileExt: sav
09:45:16.783 [FXGL Background Thread 3 ] DEBUG Engine               - scaledHeightProp$fxgl: DoubleProperty [bound, value: 600.0]
09:45:16.783 [FXGL Background Thread 3 ] DEBUG Engine               - scaledWidthProp$fxgl: DoubleProperty [bound, value: 800.0]
09:45:16.783 [FXGL Background Thread 3 ] DEBUG Engine               - sceneFactory: com.almasb.fxgl.app.scene.SceneFactory@289e0ace
09:45:16.783 [FXGL Background Thread 3 ] DEBUG Engine               - secondsIn24h: 60
09:45:16.783 [FXGL Background Thread 3 ] DEBUG Engine               - soundMenuBack: menu/back.wav
09:45:16.783 [FXGL Background Thread 3 ] DEBUG Engine               - soundMenuPress: menu/press.wav
09:45:16.784 [FXGL Background Thread 3 ] DEBUG Engine               - soundMenuSelect: menu/select.wav
09:45:16.784 [FXGL Background Thread 3 ] DEBUG Engine               - soundNotification: core/notification.wav
09:45:16.784 [FXGL Background Thread 3 ] DEBUG Engine               - stageStyle: DECORATED
09:45:16.784 [FXGL Background Thread 3 ] DEBUG Engine               - supportedLanguages: [ENGLISH, FRENCH, GERMAN, HUNGARIAN, RUSSIAN]
09:45:16.784 [FXGL Background Thread 3 ] DEBUG Engine               - ticksPerSecond: -1
09:45:16.784 [FXGL Background Thread 3 ] DEBUG Engine               - title: Untitled
09:45:16.784 [FXGL Background Thread 3 ] DEBUG Engine               - urlGithub: https://github.com/AlmasB/FXGL
09:45:16.784 [FXGL Background Thread 3 ] DEBUG Engine               - urlLeaderboard: http://fxgl-top.herokuapp.com/
09:45:16.784 [FXGL Background Thread 3 ] DEBUG Engine               - urlPOM: https://raw.githubusercontent.com/AlmasB/FXGL/release/README.md
09:45:16.784 [FXGL Background Thread 3 ] DEBUG Engine               - userAppClass: class com.example.nuclearthroneatomic.Controller
09:45:16.784 [FXGL Background Thread 3 ] DEBUG Engine               - version: 0.0
09:45:16.784 [FXGL Background Thread 3 ] DEBUG Engine               - versionCheckDays: 7
09:45:16.784 [FXGL Background Thread 3 ] DEBUG Engine               - width: 800
09:45:16.784 [FXGL Background Thread 3 ] DEBUG Engine               - Logging services
09:45:16.784 [FXGL Background Thread 3 ] DEBUG Engine               - class com.almasb.fxgl.app.services.FXGLAssetLoaderService
09:45:16.784 [FXGL Background Thread 3 ] DEBUG Engine               - class com.almasb.fxgl.app.FXGLApplication$GameApplicationService
09:45:16.784 [FXGL Background Thread 3 ] DEBUG Engine               - class com.almasb.fxgl.app.services.FXGLDialogService
09:45:16.784 [FXGL Background Thread 3 ] DEBUG Engine               - class com.almasb.fxgl.app.services.IOTaskExecutorService
09:45:16.784 [FXGL Background Thread 3 ] DEBUG Engine               - class com.almasb.fxgl.io.FileSystemService
09:45:16.784 [FXGL Background Thread 3 ] DEBUG Engine               - class com.almasb.fxgl.localization.LocalizationService
09:45:16.785 [FXGL Background Thread 3 ] DEBUG Engine               - class com.almasb.fxgl.app.services.SystemBundleService
09:45:16.785 [FXGL Background Thread 3 ] DEBUG Engine               - class com.almasb.fxgl.profile.SaveLoadService
09:45:16.785 [FXGL Background Thread 3 ] DEBUG Engine               - class com.almasb.fxgl.ui.FXGLUIFactoryServiceProvider
09:45:16.785 [FXGL Background Thread 3 ] DEBUG Engine               - class com.almasb.fxgl.ui.FXGLDialogFactoryServiceProvider
09:45:16.785 [FXGL Background Thread 3 ] DEBUG Engine               - class com.almasb.fxgl.audio.AudioPlayer
09:45:16.785 [FXGL Background Thread 3 ] DEBUG Engine               - class com.almasb.fxgl.notification.impl.NotificationServiceProvider
09:45:16.785 [FXGL Background Thread 3 ] DEBUG Engine               - class com.almasb.fxgl.achievement.AchievementService
09:45:16.785 [FXGL Background Thread 3 ] DEBUG Engine               - class com.almasb.fxgl.cutscene.CutsceneService
09:45:16.785 [FXGL Background Thread 3 ] DEBUG Engine               - class com.almasb.fxgl.minigames.MiniGameService
09:45:16.785 [FXGL Background Thread 3 ] DEBUG Engine               - class com.almasb.fxgl.net.NetService
09:45:16.785 [FXGL Background Thread 3 ] DEBUG Engine               - class com.almasb.fxgl.app.services.UpdaterService
09:45:16.785 [FXGL Background Thread 3 ] DEBUG Engine               - class com.almasb.fxgl.dev.DevService
09:45:21.218 [JavaFX Application Thread] DEBUG FXGLAssetLoaderServi - Loading from file system: file:/C:/Users/Usuario/OneDrive%20-%20Universidad%20Icesi%20(@icesi.edu.co)/APO2/Tareas%20integradoras/NuclearThroneAtomic/src/nuclearthroneatomic/target/classes/assets/textures/Munition/2.png
09:45:23.275 [JavaFX Application Thread] DEBUG FXGLAssetLoaderServi - Loading from file system: file:/C:/Users/Usuario/OneDrive%20-%20Universidad%20Icesi%20(@icesi.edu.co)/APO2/Tareas%20integradoras/NuclearThroneAtomic/src/nuclearthroneatomic/target/classes/assets/textures/Bullet/1.png
09:45:28.497 [JavaFX Application Thread] DEBUG FXGLAssetLoaderServi - Loading from file system: file:/C:/Users/Usuario/OneDrive%20-%20Universidad%20Icesi%20(@icesi.edu.co)/APO2/Tareas%20integradoras/NuclearThroneAtomic/src/nuclearthroneatomic/target/classes/assets/textures/Bullet/2.png
09:46:02.255 [JavaFX Application Thread] DEBUG FXGLApplication      - Exiting FXGL
09:46:02.255 [JavaFX Application Thread] DEBUG LoopRunner           - Stopping loop
09:46:02.256 [JavaFX Application Thread] DEBUG SystemBundleService  - Saving FXGL system data
09:46:02.265 [JavaFX Application Thread] DEBUG FileSystemAccess     - Writing to: C:\Users\Usuario\OneDrive - Universidad Icesi (@icesi.edu.co)\APO2\Tareas integradoras\NuclearThroneAtomic\src\nuclearthroneatomic\system\fxgl.bundle
09:46:02.280 [JavaFX Application Thread] DEBUG Async                - Shutting down background threads
09:46:02.281 [JavaFX Application Thread] DEBUG PrimaryStageWindow   - Closing main window
09:46:02.293 [JavaFX Application Thread] DEBUG Logger               - Closing Logger
