19:56:05.489 [main                     ] DEBUG Logger               - Configured Logger
19:56:05.569 [main                     ] DEBUG GameApplication      - Logging settings
Title: Nuclear Throne Atomic
Version: 0.0
Width: 800
Height: 600
Fullscreen: true
Intro: false
Profiling: false
Single step:false
App Mode: DEVELOPER
Menu Key: ESCAPE
Stage Style: DECORATED
Scene Factory: class com.almasb.fxgl.app.scene.SceneFactory

19:56:07.364 [JavaFX Application Thread] DEBUG FXGLApplication      - Initializing FXGL
19:56:07.375 [JavaFX Application Thread] INFO  Engine               - FXGL-17.2 (20.08.2022 16.50) on WINDOWS (J:20.0.1 FX:19.0.2.1)
19:56:07.376 [JavaFX Application Thread] DEBUG Engine               - JRE Vendor Name: Oracle Corporation
19:56:07.377 [JavaFX Application Thread] DEBUG Engine               - Running on OS: Windows 10 version 10.0
19:56:07.377 [JavaFX Application Thread] DEBUG Engine               - Architecture: amd64
19:56:07.377 [JavaFX Application Thread] INFO  Engine               - Source code and latest versions at: https://github.com/AlmasB/FXGL
19:56:07.378 [JavaFX Application Thread] INFO  Engine               -       Ask questions and discuss at: https://github.com/AlmasB/FXGL/discussions
19:56:07.378 [JavaFX Application Thread] INFO  Engine               -              Join the FXGL chat at: https://gitter.im/AlmasB/FXGL
19:56:07.622 [JavaFX Application Thread] DEBUG PrimaryStageWindow   - Creating a JavaFX scene
19:56:07.702 [JavaFX Application Thread] DEBUG PrimaryStageWindow   - Target settings size: 800.0 x 600.0
19:56:07.703 [JavaFX Application Thread] DEBUG PrimaryStageWindow   - Scaled scene size:    800.0 x 600.0
19:56:07.703 [JavaFX Application Thread] DEBUG PrimaryStageWindow   - Scaled ratio: (1.0, 1.0)
19:56:07.705 [JavaFX Application Thread] DEBUG PrimaryStageWindow   - Set initial scene to FXGLStartupScene
19:56:07.716 [JavaFX Application Thread] DEBUG PrimaryStageWindow   - Opening main window
19:56:07.866 [JavaFX Application Thread] DEBUG PrimaryStageWindow   - Window border size: (16.0, 39.0)
19:56:07.867 [JavaFX Application Thread] DEBUG PrimaryStageWindow   - Scaled size: 800.0 x 600.0
19:56:07.867 [JavaFX Application Thread] DEBUG PrimaryStageWindow   - Scaled ratio: (1.0, 1.0)
19:56:07.868 [JavaFX Application Thread] DEBUG PrimaryStageWindow   - Scene size: 800.0 x 600.0
19:56:07.869 [JavaFX Application Thread] DEBUG PrimaryStageWindow   - Stage size: 816.0 x 639.0
19:56:07.974 [JavaFX Application Thread] DEBUG PrimaryStageWindow   - Going fullscreen
19:56:07.992 [FXGL Background Thread 1 ] DEBUG Engine               - Initializing environment variables
19:56:08.086 [FXGL Background Thread 1 ] DEBUG FXGLAssetLoaderServi - User app class for loading assets: class com.example.nuclearthroneatomic.Controller
19:56:08.086 [FXGL Background Thread 1 ] DEBUG GameApplicationServi - Applying CSS: fxgl_dark.css
19:56:08.089 [FXGL Background Thread 1 ] DEBUG FXGLAssetLoaderServi - Loading from file system: jar:file:///C:/Users/Usuario/.m2/repository/com/github/almasb/fxgl/17.2/fxgl-17.2.jar!/fxglassets/ui/css/fxgl_dark.css
19:56:08.147 [FXGL Background Thread 1 ] DEBUG GameApplicationServi - Initializing application scenes
19:56:08.218 [FXGL Background Thread 1 ] DEBUG GameWorld            - Game world initialized
19:56:08.310 [FXGL Background Thread 1 ] DEBUG PhysicsWorld         - Physics world initialized: appHeight=600, physics.ppm=50,0
19:56:08.311 [FXGL Background Thread 1 ] DEBUG PhysicsWorld         - Using strategy: BRUTE_FORCE
19:56:08.317 [FXGL Background Thread 1 ] DEBUG GameScene            - Game scene initialized: 800x600
19:56:08.338 [FXGL Background Thread 1 ] DEBUG FXGL.DefaultMenu     - createMenuBodyMainMenu()
19:56:08.362 [FXGL Background Thread 1 ] DEBUG FXGL.DefaultMenu     - createOptionsMenu()
19:56:08.371 [FXGL Background Thread 1 ] DEBUG FXGL.DefaultMenu     - createExtraMenu()
19:56:08.381 [FXGL Background Thread 1 ] DEBUG FXGLAssetLoaderServi - Loading from file system: jar:file:///C:/Users/Usuario/.m2/repository/com/github/almasb/fxgl/17.2/fxgl-17.2.jar!/fxglassets/textures/particles/smoke.png
19:56:08.517 [FXGL Background Thread 1 ] DEBUG FXGLAssetLoaderServi - Loading from file system: jar:file:///C:/Users/Usuario/.m2/repository/com/github/almasb/fxgl/17.2/fxgl-17.2.jar!/fxglassets/textures/particles/trace_horizontal.png
19:56:08.557 [FXGL Background Thread 1 ] DEBUG FXGL.DefaultMenu     - createMenuBodyGameMenu()
19:56:08.558 [FXGL Background Thread 1 ] DEBUG FXGL.DefaultMenu     - createOptionsMenu()
19:56:08.561 [FXGL Background Thread 1 ] DEBUG FXGL.DefaultMenu     - createExtraMenu()
19:56:08.581 [FXGL Background Thread 1 ] DEBUG GameApplicationServi - Application scenes initialized
19:56:08.604 [FXGL Background Thread 1 ] DEBUG SystemBundleService  - Loading FXGL system data
19:56:08.613 [FXGL Background Thread 1 ] DEBUG FileSystemAccess     - Reading from: C:\Users\Usuario\OneDrive - Universidad Icesi (@icesi.edu.co)\APO2\Tareas integradoras\NuclearThroneAtomic\src\nuclearthroneatomic\system\fxgl.bundle
19:56:08.632 [FXGL Background Thread 1 ] DEBUG SystemBundleService  - Bundle FXGL: {}
19:56:08.633 [FXGL Background Thread 1 ] DEBUG UpdaterService       - Checking for updates
19:56:08.641 [FXGL Background Thread 4 ] DEBUG FXGLApplication      - Loading fonts
19:56:08.642 [FXGL Background Thread 1 ] DEBUG FXGLApplication      - Loading default localization
19:56:08.642 [FXGL Background Thread 4 ] DEBUG FXGLAssetLoaderServi - Loading from file system: jar:file:///C:/Users/Usuario/.m2/repository/com/github/almasb/fxgl/17.2/fxgl-17.2.jar!/fxglassets/ui/fonts/VarelaRound-Regular.ttf
19:56:08.643 [FXGL Background Thread 1 ] DEBUG FXGLAssetLoaderServi - Loading from file system: jar:file:///C:/Users/Usuario/.m2/repository/com/github/almasb/fxgl/17.2/fxgl-17.2.jar!/fxglassets/languages/english.lang
19:56:08.679 [FXGL Background Thread 1 ] INFO  FXGLApplication      - FXGL initialization took: 0,687 sec
19:56:08.693 [JavaFX Application Thread] DEBUG Input                - Registered new binding: lucky - Q
19:56:08.693 [JavaFX Application Thread] DEBUG Input                - Registered new binding: health - F
19:56:08.694 [JavaFX Application Thread] DEBUG Input                - Registered new binding: Right - D
19:56:08.694 [JavaFX Application Thread] DEBUG Input                - Registered new binding: Left - A
19:56:08.694 [JavaFX Application Thread] DEBUG Input                - Registered new binding: Up - W
19:56:08.695 [JavaFX Application Thread] DEBUG Input                - Registered new binding: Down - S
19:56:08.697 [JavaFX Application Thread] DEBUG Input                - Registered new binding: Reload - RMB
19:56:08.697 [JavaFX Application Thread] DEBUG Input                - Registered new binding: Shoot - LMB
19:56:08.699 [JavaFX Application Thread] DEBUG FXGLAssetLoaderServi - Loading from file system: file:/C:/Users/Usuario/OneDrive%20-%20Universidad%20Icesi%20(@icesi.edu.co)/APO2/Tareas%20integradoras/NuclearThroneAtomic/src/nuclearthroneatomic/target/classes/assets/music/muiscformenus.mp3
19:56:08.822 [FXGL Background Thread 4 ] DEBUG FXGLAssetLoaderServi - Loading from file system: jar:file:///C:/Users/Usuario/.m2/repository/com/github/almasb/fxgl/17.2/fxgl-17.2.jar!/fxglassets/ui/fonts/Abel-Regular.ttf
19:56:08.829 [FXGL Background Thread 4 ] DEBUG FXGLAssetLoaderServi - Loading from file system: jar:file:///C:/Users/Usuario/.m2/repository/com/github/almasb/fxgl/17.2/fxgl-17.2.jar!/fxglassets/ui/fonts/TerminalLandMono-Regular.otf
19:56:08.837 [FXGL Background Thread 4 ] DEBUG FXGLAssetLoaderServi - Loading from file system: jar:file:///C:/Users/Usuario/.m2/repository/com/github/almasb/fxgl/17.2/fxgl-17.2.jar!/fxglassets/ui/fonts/Courier-Prime.ttf
19:56:08.994 [JavaFX Application Thread] DEBUG AudioPlayer          - Playing music com.almasb.fxgl.audio.Music@6bb74726
19:56:08.995 [JavaFX Application Thread] DEBUG FXGLAssetLoaderServi - Loading from file system: jar:file:///C:/Users/Usuario/.m2/repository/com/github/almasb/fxgl/17.2/fxgl-17.2.jar!/fxglassets/textures/fxgl_icon.png
19:56:09.022 [JavaFX Application Thread] DEBUG FXGLAssetLoaderServi - Loading from file system: jar:file:///C:/Users/Usuario/.m2/repository/com/github/almasb/fxgl/17.2/fxgl-17.2.jar!/fxglassets/textures/fxgl_default_cursor.png
19:56:09.026 [JavaFX Application Thread] DEBUG Input                - Registered new binding: Screenshot - CTRL+8
19:56:09.027 [JavaFX Application Thread] DEBUG Input                - Registered new binding: System info dump - CTRL+9
19:56:09.028 [JavaFX Application Thread] DEBUG Input                - Registered new binding: Restart - CTRL+R
19:56:09.028 [JavaFX Application Thread] DEBUG Input                - Registered new binding: Toggle Debug Camera - CTRL+7
19:56:09.032 [JavaFX Application Thread] DEBUG LoopRunner           - Starting loop
19:56:09.032 [JavaFX Application Thread] DEBUG LoopRunner           - Initializing JavaFX AnimationTimerLoop
19:56:09.036 [JavaFX Application Thread] DEBUG Input                - Clearing active input actions
19:56:09.058 [JavaFX Application Thread] DEBUG GameApplicationServi - Removing overlay from FXGLStartupScene and adding to FXGLMainMenuDummyScene
19:56:09.059 [JavaFX Application Thread] DEBUG PrimaryStageWindow   - FXGLStartupScene -> FXGLMainMenuDummyScene
19:56:09.060 [JavaFX Application Thread] DEBUG PrimaryStageWindow   - Push state: FXGLDefaultMenu
19:56:09.066 [JavaFX Application Thread] DEBUG Input                - Clearing active input actions
19:56:09.079 [JavaFX Application Thread] DEBUG GameApplicationServi - Removing overlay from FXGLMainMenuDummyScene and adding to FXGLDefaultMenu
19:56:09.079 [JavaFX Application Thread] DEBUG PrimaryStageWindow   - FXGLMainMenuDummyScene -> FXGLDefaultMenu
19:56:09.080 [JavaFX Application Thread] DEBUG FXGLApplication      - Registering font factories with UI factory
19:56:09.691 [FXGL Background Thread 2 ] INFO  UpdaterService       - Your current version:  17.2
19:56:09.691 [FXGL Background Thread 2 ] INFO  UpdaterService       - Latest stable version: 17.3
19:56:10.374 [JavaFX Application Thread] DEBUG Menu                 - fireNewGame()
19:56:10.374 [JavaFX Application Thread] DEBUG GameApplicationServi - Starting new game
19:56:10.377 [JavaFX Application Thread] DEBUG PrimaryStageWindow   - Pop state: FXGLDefaultMenu
19:56:10.377 [JavaFX Application Thread] DEBUG Input                - Clearing active input actions
19:56:10.379 [JavaFX Application Thread] DEBUG GameApplicationServi - Removing overlay from FXGLDefaultMenu and adding to FXGLMainMenuDummyScene
19:56:10.380 [JavaFX Application Thread] DEBUG PrimaryStageWindow   - FXGLMainMenuDummyScene <- FXGLDefaultMenu
19:56:10.380 [JavaFX Application Thread] DEBUG Input                - Clearing active input actions
19:56:10.390 [JavaFX Application Thread] DEBUG GameApplicationServi - Removing overlay from FXGLMainMenuDummyScene and adding to FXGLLoadingScene
19:56:10.391 [JavaFX Application Thread] DEBUG PrimaryStageWindow   - FXGLMainMenuDummyScene -> FXGLLoadingScene
19:56:10.391 [JavaFX Application Thread] DEBUG GameApplicationServi - Clearing previous game
19:56:10.391 [JavaFX Application Thread] DEBUG GameScene            - Clearing game scene
19:56:10.391 [JavaFX Application Thread] DEBUG GameWorld            - Clearing game world
19:56:10.391 [JavaFX Application Thread] DEBUG PhysicsWorld         - Clearing physics world
19:56:10.393 [FXGL Background Thread 2 ] DEBUG FXGLApplication      - Initializing game
19:56:10.405 [FXGL Background Thread 2 ] DEBUG FXGLAssetLoaderServi - Loading from file system: file:/C:/Users/Usuario/OneDrive%20-%20Universidad%20Icesi%20(@icesi.edu.co)/APO2/Tareas%20integradoras/NuclearThroneAtomic/src/nuclearthroneatomic/target/classes/assets/textures/Background/libraryYesOMG.png
19:56:10.426 [FXGL Background Thread 2 ] DEBUG FXGLAssetLoaderServi - Loading from file system: file:/C:/Users/Usuario/OneDrive%20-%20Universidad%20Icesi%20(@icesi.edu.co)/APO2/Tareas%20integradoras/NuclearThroneAtomic/src/nuclearthroneatomic/target/classes/assets/textures/Avatar/1-Idle/1.png
19:56:10.431 [FXGL Background Thread 2 ] DEBUG FXGLAssetLoaderServi - Loading from file system: file:/C:/Users/Usuario/OneDrive%20-%20Universidad%20Icesi%20(@icesi.edu.co)/APO2/Tareas%20integradoras/NuclearThroneAtomic/src/nuclearthroneatomic/target/classes/assets/textures/Avatar/1-Idle/2.png
19:56:10.434 [FXGL Background Thread 2 ] DEBUG FXGLAssetLoaderServi - Loading from file system: file:/C:/Users/Usuario/OneDrive%20-%20Universidad%20Icesi%20(@icesi.edu.co)/APO2/Tareas%20integradoras/NuclearThroneAtomic/src/nuclearthroneatomic/target/classes/assets/textures/Avatar/1-Idle/3.png
19:56:10.438 [FXGL Background Thread 2 ] DEBUG FXGLAssetLoaderServi - Loading from file system: file:/C:/Users/Usuario/OneDrive%20-%20Universidad%20Icesi%20(@icesi.edu.co)/APO2/Tareas%20integradoras/NuclearThroneAtomic/src/nuclearthroneatomic/target/classes/assets/textures/Avatar/1-Idle/4.png
19:56:10.472 [FXGL Background Thread 2 ] DEBUG FXGLAssetLoaderServi - Loading from file system: file:/C:/Users/Usuario/OneDrive%20-%20Universidad%20Icesi%20(@icesi.edu.co)/APO2/Tareas%20integradoras/NuclearThroneAtomic/src/nuclearthroneatomic/target/classes/assets/textures/Avatar/2-Run/1.png
19:56:10.476 [FXGL Background Thread 2 ] DEBUG FXGLAssetLoaderServi - Loading from file system: file:/C:/Users/Usuario/OneDrive%20-%20Universidad%20Icesi%20(@icesi.edu.co)/APO2/Tareas%20integradoras/NuclearThroneAtomic/src/nuclearthroneatomic/target/classes/assets/textures/Avatar/2-Run/2.png
19:56:10.478 [FXGL Background Thread 2 ] DEBUG FXGLAssetLoaderServi - Loading from file system: file:/C:/Users/Usuario/OneDrive%20-%20Universidad%20Icesi%20(@icesi.edu.co)/APO2/Tareas%20integradoras/NuclearThroneAtomic/src/nuclearthroneatomic/target/classes/assets/textures/Avatar/2-Run/3.png
19:56:10.480 [FXGL Background Thread 2 ] DEBUG FXGLAssetLoaderServi - Loading from file system: file:/C:/Users/Usuario/OneDrive%20-%20Universidad%20Icesi%20(@icesi.edu.co)/APO2/Tareas%20integradoras/NuclearThroneAtomic/src/nuclearthroneatomic/target/classes/assets/textures/Avatar/2-Run/4.png
19:56:10.483 [FXGL Background Thread 2 ] DEBUG FXGLAssetLoaderServi - Loading from file system: file:/C:/Users/Usuario/OneDrive%20-%20Universidad%20Icesi%20(@icesi.edu.co)/APO2/Tareas%20integradoras/NuclearThroneAtomic/src/nuclearthroneatomic/target/classes/assets/textures/Avatar/2-Run/5.png
19:56:10.487 [FXGL Background Thread 2 ] DEBUG FXGLAssetLoaderServi - Loading from file system: file:/C:/Users/Usuario/OneDrive%20-%20Universidad%20Icesi%20(@icesi.edu.co)/APO2/Tareas%20integradoras/NuclearThroneAtomic/src/nuclearthroneatomic/target/classes/assets/textures/Avatar/2-Run/6.png
19:56:10.493 [FXGL Background Thread 2 ] DEBUG FXGLAssetLoaderServi - Loading from file system: file:/C:/Users/Usuario/OneDrive%20-%20Universidad%20Icesi%20(@icesi.edu.co)/APO2/Tareas%20integradoras/NuclearThroneAtomic/src/nuclearthroneatomic/target/classes/assets/textures/Munition/1.png
19:56:10.548 [FXGL Background Thread 2 ] DEBUG FXGLAssetLoaderServi - Loading from file system: file:/C:/Users/Usuario/OneDrive%20-%20Universidad%20Icesi%20(@icesi.edu.co)/APO2/Tareas%20integradoras/NuclearThroneAtomic/src/nuclearthroneatomic/target/classes/assets/textures/hud/lifeplayer.png
19:56:10.558 [FXGL Background Thread 2 ] DEBUG FXGLAssetLoaderServi - Loading from file system: file:/C:/Users/Usuario/OneDrive%20-%20Universidad%20Icesi%20(@icesi.edu.co)/APO2/Tareas%20integradoras/NuclearThroneAtomic/src/nuclearthroneatomic/target/classes/assets/textures/hud/medkit.png
19:56:10.565 [FXGL Background Thread 2 ] DEBUG FXGLAssetLoaderServi - Loading from file system: file:/C:/Users/Usuario/OneDrive%20-%20Universidad%20Icesi%20(@icesi.edu.co)/APO2/Tareas%20integradoras/NuclearThroneAtomic/src/nuclearthroneatomic/target/classes/assets/textures/hud/trebol.png
19:56:10.573 [FXGL Background Thread 2 ] DEBUG FXGLAssetLoaderServi - Loading from file system: file:/C:/Users/Usuario/OneDrive%20-%20Universidad%20Icesi%20(@icesi.edu.co)/APO2/Tareas%20integradoras/NuclearThroneAtomic/src/nuclearthroneatomic/target/classes/assets/textures/Guns/hand.png
19:56:10.636 [FXGL Background Thread 2 ] DEBUG FXGLAssetLoaderServi - Loading from file system: file:/C:/Users/Usuario/OneDrive%20-%20Universidad%20Icesi%20(@icesi.edu.co)/APO2/Tareas%20integradoras/NuclearThroneAtomic/src/nuclearthroneatomic/target/classes/assets/textures/Guns/2.png
19:56:10.656 [FXGL Background Thread 2 ] DEBUG FXGLAssetLoaderServi - Loading from file system: file:/C:/Users/Usuario/OneDrive%20-%20Universidad%20Icesi%20(@icesi.edu.co)/APO2/Tareas%20integradoras/NuclearThroneAtomic/src/nuclearthroneatomic/target/classes/assets/textures/enemy/1-Idle/1.png
19:56:10.660 [FXGL Background Thread 2 ] DEBUG FXGLAssetLoaderServi - Loading from file system: file:/C:/Users/Usuario/OneDrive%20-%20Universidad%20Icesi%20(@icesi.edu.co)/APO2/Tareas%20integradoras/NuclearThroneAtomic/src/nuclearthroneatomic/target/classes/assets/textures/enemy/1-Idle/2.png
19:56:10.663 [FXGL Background Thread 2 ] DEBUG FXGLAssetLoaderServi - Loading from file system: file:/C:/Users/Usuario/OneDrive%20-%20Universidad%20Icesi%20(@icesi.edu.co)/APO2/Tareas%20integradoras/NuclearThroneAtomic/src/nuclearthroneatomic/target/classes/assets/textures/enemy/1-Idle/3.png
19:56:10.665 [FXGL Background Thread 2 ] DEBUG FXGLAssetLoaderServi - Loading from file system: file:/C:/Users/Usuario/OneDrive%20-%20Universidad%20Icesi%20(@icesi.edu.co)/APO2/Tareas%20integradoras/NuclearThroneAtomic/src/nuclearthroneatomic/target/classes/assets/textures/enemy/1-Idle/4.png
19:56:10.675 [FXGL Background Thread 2 ] DEBUG FXGLAssetLoaderServi - Loading from file system: file:/C:/Users/Usuario/OneDrive%20-%20Universidad%20Icesi%20(@icesi.edu.co)/APO2/Tareas%20integradoras/NuclearThroneAtomic/src/nuclearthroneatomic/target/classes/assets/textures/enemy/2-Run/1.png
19:56:10.678 [FXGL Background Thread 2 ] DEBUG FXGLAssetLoaderServi - Loading from file system: file:/C:/Users/Usuario/OneDrive%20-%20Universidad%20Icesi%20(@icesi.edu.co)/APO2/Tareas%20integradoras/NuclearThroneAtomic/src/nuclearthroneatomic/target/classes/assets/textures/enemy/2-Run/2.png
19:56:10.681 [FXGL Background Thread 2 ] DEBUG FXGLAssetLoaderServi - Loading from file system: file:/C:/Users/Usuario/OneDrive%20-%20Universidad%20Icesi%20(@icesi.edu.co)/APO2/Tareas%20integradoras/NuclearThroneAtomic/src/nuclearthroneatomic/target/classes/assets/textures/enemy/2-Run/3.png
19:56:10.684 [FXGL Background Thread 2 ] DEBUG FXGLAssetLoaderServi - Loading from file system: file:/C:/Users/Usuario/OneDrive%20-%20Universidad%20Icesi%20(@icesi.edu.co)/APO2/Tareas%20integradoras/NuclearThroneAtomic/src/nuclearthroneatomic/target/classes/assets/textures/enemy/2-Run/4.png
19:56:10.687 [FXGL Background Thread 2 ] DEBUG FXGLAssetLoaderServi - Loading from file system: file:/C:/Users/Usuario/OneDrive%20-%20Universidad%20Icesi%20(@icesi.edu.co)/APO2/Tareas%20integradoras/NuclearThroneAtomic/src/nuclearthroneatomic/target/classes/assets/textures/enemy/2-Run/5.png
19:56:10.691 [FXGL Background Thread 2 ] DEBUG FXGLAssetLoaderServi - Loading from file system: file:/C:/Users/Usuario/OneDrive%20-%20Universidad%20Icesi%20(@icesi.edu.co)/APO2/Tareas%20integradoras/NuclearThroneAtomic/src/nuclearthroneatomic/target/classes/assets/textures/enemy/2-Run/6.png
19:56:10.695 [FXGL Background Thread 2 ] DEBUG FXGLAssetLoaderServi - Loading from file system: file:/C:/Users/Usuario/OneDrive%20-%20Universidad%20Icesi%20(@icesi.edu.co)/APO2/Tareas%20integradoras/NuclearThroneAtomic/src/nuclearthroneatomic/target/classes/assets/textures/Guns/1.png
19:56:10.703 [FXGL Background Thread 2 ] DEBUG FXGLAssetLoaderServi - Loading from file system: file:/C:/Users/Usuario/OneDrive%20-%20Universidad%20Icesi%20(@icesi.edu.co)/APO2/Tareas%20integradoras/NuclearThroneAtomic/src/nuclearthroneatomic/target/classes/assets/textures/Wall/1.png
19:56:10.735 [FXGL Background Thread 2 ] DEBUG FXGLAssetLoaderServi - Loading from file system: file:/C:/Users/Usuario/OneDrive%20-%20Universidad%20Icesi%20(@icesi.edu.co)/APO2/Tareas%20integradoras/NuclearThroneAtomic/src/nuclearthroneatomic/target/classes/assets/textures/mouse/mousecomplete.png
19:56:10.979 [FXGL Background Thread 2 ] INFO  FXGLApplication      - Game initialization took: 0,586 sec
19:56:10.980 [JavaFX Application Thread] DEBUG Input                - Clearing active input actions
19:56:10.992 [JavaFX Application Thread] DEBUG GameApplicationServi - Removing overlay from FXGLLoadingScene and adding to GameScene
19:56:10.992 [JavaFX Application Thread] DEBUG PrimaryStageWindow   - FXGLLoadingScene -> GameScene
19:56:11.638 [FXGL Background Thread 3 ] DEBUG Engine               - Logging environment variables
19:56:11.639 [FXGL Background Thread 3 ] DEBUG Engine               - achievements: []
19:56:11.639 [FXGL Background Thread 3 ] DEBUG Engine               - actualHeight: 1080.0
19:56:11.639 [FXGL Background Thread 3 ] DEBUG Engine               - actualHeightProperty: ReadOnlyDoubleProperty [value: 1080.0]
19:56:11.639 [FXGL Background Thread 3 ] DEBUG Engine               - actualWidth: 1920.0
19:56:11.639 [FXGL Background Thread 3 ] DEBUG Engine               - actualWidthProperty: ReadOnlyDoubleProperty [value: 1920.0]
19:56:11.639 [FXGL Background Thread 3 ] DEBUG Engine               - appIcon: fxgl_icon.png
19:56:11.639 [FXGL Background Thread 3 ] DEBUG Engine               - applicationMode: DEVELOPER
19:56:11.639 [FXGL Background Thread 3 ] DEBUG Engine               - cSSList: [fxgl_dark.css]
19:56:11.639 [FXGL Background Thread 3 ] DEBUG Engine               - collisionDetectionStrategy: BRUTE_FORCE
19:56:11.639 [FXGL Background Thread 3 ] DEBUG Engine               - configClass: Optional.empty
19:56:11.640 [FXGL Background Thread 3 ] DEBUG Engine               - credits: [Designer . . . . . . . Johan Daniel Aguirre, Program Team . . . . . . Juan Sebastián Libreros,                           Juan Jose Barrera,                           Johan Daniel Aguirre, El mas lindo . . . . . . Juan Sebastián Libreros, Master Thief . . . . . . Johan Daniel Aguirre]
19:56:11.640 [FXGL Background Thread 3 ] DEBUG Engine               - defaultCursor: CursorInfo(imageName=fxgl_default_cursor.png, hotspotX=7.0, hotspotY=6.0)
19:56:11.641 [FXGL Background Thread 3 ] DEBUG Engine               - devBBoxColorProperty: ObjectProperty [value: 0xff0000ff]
19:56:11.641 [FXGL Background Thread 3 ] DEBUG Engine               - devEnableDebugCameraProperty: BooleanProperty [value: false]
19:56:11.641 [FXGL Background Thread 3 ] DEBUG Engine               - devSensorColorProperty: ObjectProperty [value: 0xffff00ff]
19:56:11.641 [FXGL Background Thread 3 ] DEBUG Engine               - devShowBBoxProperty: BooleanProperty [value: false]
19:56:11.641 [FXGL Background Thread 3 ] DEBUG Engine               - devShowPositionProperty: BooleanProperty [value: false]
19:56:11.641 [FXGL Background Thread 3 ] DEBUG Engine               - enabledMenuItems: [EXTRA]
19:56:11.641 [FXGL Background Thread 3 ] DEBUG Engine               - engineServices: [class com.almasb.fxgl.app.services.FXGLAssetLoaderService, class com.almasb.fxgl.app.FXGLApplication$GameApplicationService, class com.almasb.fxgl.app.services.FXGLDialogService, class com.almasb.fxgl.app.services.IOTaskExecutorService, class com.almasb.fxgl.io.FileSystemService, class com.almasb.fxgl.localization.LocalizationService, class com.almasb.fxgl.app.services.SystemBundleService, class com.almasb.fxgl.profile.SaveLoadService, class com.almasb.fxgl.ui.FXGLUIFactoryServiceProvider, class com.almasb.fxgl.ui.FXGLDialogFactoryServiceProvider, class com.almasb.fxgl.audio.AudioPlayer, class com.almasb.fxgl.notification.impl.NotificationServiceProvider, class com.almasb.fxgl.achievement.AchievementService, class com.almasb.fxgl.cutscene.CutsceneService, class com.almasb.fxgl.minigames.MiniGameService, class com.almasb.fxgl.net.NetService, class com.almasb.fxgl.app.services.UpdaterService, class com.almasb.fxgl.dev.DevService]
19:56:11.642 [FXGL Background Thread 3 ] DEBUG Engine               - fontGame: Abel-Regular.ttf
19:56:11.642 [FXGL Background Thread 3 ] DEBUG Engine               - fontMono: TerminalLandMono-Regular.otf
19:56:11.642 [FXGL Background Thread 3 ] DEBUG Engine               - fontText: Courier-Prime.ttf
19:56:11.642 [FXGL Background Thread 3 ] DEBUG Engine               - fontUI: VarelaRound-Regular.ttf
19:56:11.642 [FXGL Background Thread 3 ] DEBUG Engine               - fullScreen: BooleanProperty [value: true]
19:56:11.642 [FXGL Background Thread 3 ] DEBUG Engine               - gameDifficulty: MEDIUM
19:56:11.642 [FXGL Background Thread 3 ] DEBUG Engine               - gameDifficultyProperty: ObjectProperty [value: MEDIUM]
19:56:11.642 [FXGL Background Thread 3 ] DEBUG Engine               - globalMusicVolume: 0.5
19:56:11.642 [FXGL Background Thread 3 ] DEBUG Engine               - globalMusicVolumeProperty: DoubleProperty [value: 1.0]
19:56:11.642 [FXGL Background Thread 3 ] DEBUG Engine               - globalSoundVolume: 0.5
19:56:11.642 [FXGL Background Thread 3 ] DEBUG Engine               - globalSoundVolumeProperty: DoubleProperty [value: 0.1]
19:56:11.642 [FXGL Background Thread 3 ] DEBUG Engine               - height: 600
19:56:11.643 [FXGL Background Thread 3 ] DEBUG Engine               - is3D: false
19:56:11.643 [FXGL Background Thread 3 ] DEBUG Engine               - isAndroid: false
19:56:11.643 [FXGL Background Thread 3 ] DEBUG Engine               - isBrowser: false
19:56:11.643 [FXGL Background Thread 3 ] DEBUG Engine               - isClickFeedbackEnabled: false
19:56:11.643 [FXGL Background Thread 3 ] DEBUG Engine               - isCloseConfirmation: false
19:56:11.643 [FXGL Background Thread 3 ] DEBUG Engine               - isDesktop: true
19:56:11.643 [FXGL Background Thread 3 ] DEBUG Engine               - isDeveloperMenuEnabled: false
19:56:11.643 [FXGL Background Thread 3 ] DEBUG Engine               - isEmbedded: false
19:56:11.643 [FXGL Background Thread 3 ] DEBUG Engine               - isEntityPreloadEnabled: true
19:56:11.643 [FXGL Background Thread 3 ] DEBUG Engine               - isExperimentalTiledLargeMap: false
19:56:11.643 [FXGL Background Thread 3 ] DEBUG Engine               - isFileSystemWriteAllowed: true
19:56:11.643 [FXGL Background Thread 3 ] DEBUG Engine               - isFullScreenAllowed: true
19:56:11.643 [FXGL Background Thread 3 ] DEBUG Engine               - isFullScreenFromStart: true
19:56:11.643 [FXGL Background Thread 3 ] DEBUG Engine               - isGameMenuEnabled: true
19:56:11.643 [FXGL Background Thread 3 ] DEBUG Engine               - isIOS: false
19:56:11.644 [FXGL Background Thread 3 ] DEBUG Engine               - isIntroEnabled: false
19:56:11.644 [FXGL Background Thread 3 ] DEBUG Engine               - isLinux: false
19:56:11.644 [FXGL Background Thread 3 ] DEBUG Engine               - isMac: false
19:56:11.644 [FXGL Background Thread 3 ] DEBUG Engine               - isMainMenuEnabled: true
19:56:11.644 [FXGL Background Thread 3 ] DEBUG Engine               - isManualResizeEnabled: false
19:56:11.644 [FXGL Background Thread 3 ] DEBUG Engine               - isMobile: false
19:56:11.644 [FXGL Background Thread 3 ] DEBUG Engine               - isNative: false
19:56:11.644 [FXGL Background Thread 3 ] DEBUG Engine               - isPauseMusicWhenMinimized: true
19:56:11.644 [FXGL Background Thread 3 ] DEBUG Engine               - isPreserveResizeRatio: false
19:56:11.644 [FXGL Background Thread 3 ] DEBUG Engine               - isProfilingEnabled: false
19:56:11.644 [FXGL Background Thread 3 ] DEBUG Engine               - isScaleAffectedOnResize: true
19:56:11.644 [FXGL Background Thread 3 ] DEBUG Engine               - isSingleStep: false
19:56:11.644 [FXGL Background Thread 3 ] DEBUG Engine               - isUserProfileEnabled: false
19:56:11.644 [FXGL Background Thread 3 ] DEBUG Engine               - isWindows: true
19:56:11.644 [FXGL Background Thread 3 ] DEBUG Engine               - language: ObjectProperty [value: ENGLISH]
19:56:11.644 [FXGL Background Thread 3 ] DEBUG Engine               - menuKey: ESCAPE
19:56:11.644 [FXGL Background Thread 3 ] DEBUG Engine               - mouseSensitivity: 0.2
19:56:11.644 [FXGL Background Thread 3 ] DEBUG Engine               - notificationViewClass: class com.almasb.fxgl.notification.view.XboxNotificationView
19:56:11.644 [FXGL Background Thread 3 ] DEBUG Engine               - pixelsPerMeter: 50.0
19:56:11.645 [FXGL Background Thread 3 ] DEBUG Engine               - platform: WINDOWS
19:56:11.645 [FXGL Background Thread 3 ] DEBUG Engine               - prefHeightProperty: ReadOnlyDoubleProperty [value: 600.0]
19:56:11.645 [FXGL Background Thread 3 ] DEBUG Engine               - prefWidthProperty: ReadOnlyDoubleProperty [value: 800.0]
19:56:11.645 [FXGL Background Thread 3 ] DEBUG Engine               - profileDir: profiles/
19:56:11.645 [FXGL Background Thread 3 ] DEBUG Engine               - profileName: StringProperty [value: DEFAULT]
19:56:11.645 [FXGL Background Thread 3 ] DEBUG Engine               - randomSeed: -1
19:56:11.646 [FXGL Background Thread 3 ] DEBUG Engine               - runtimeInfo: RuntimeInfo(platform=WINDOWS, version=17.2, build=20.08.2022 16.50)
19:56:11.646 [FXGL Background Thread 3 ] DEBUG Engine               - saveFileExt: sav
19:56:11.646 [FXGL Background Thread 3 ] DEBUG Engine               - scaledHeightProp$fxgl: DoubleProperty [bound, value: 1080.0]
19:56:11.646 [FXGL Background Thread 3 ] DEBUG Engine               - scaledWidthProp$fxgl: DoubleProperty [bound, value: 1920.0]
19:56:11.646 [FXGL Background Thread 3 ] DEBUG Engine               - sceneFactory: com.almasb.fxgl.app.scene.SceneFactory@387be7ca
19:56:11.646 [FXGL Background Thread 3 ] DEBUG Engine               - secondsIn24h: 60
19:56:11.646 [FXGL Background Thread 3 ] DEBUG Engine               - soundMenuBack: menu/back.wav
19:56:11.646 [FXGL Background Thread 3 ] DEBUG Engine               - soundMenuPress: menu/press.wav
19:56:11.646 [FXGL Background Thread 3 ] DEBUG Engine               - soundMenuSelect: menu/select.wav
19:56:11.646 [FXGL Background Thread 3 ] DEBUG Engine               - soundNotification: core/notification.wav
19:56:11.646 [FXGL Background Thread 3 ] DEBUG Engine               - stageStyle: DECORATED
19:56:11.646 [FXGL Background Thread 3 ] DEBUG Engine               - supportedLanguages: [ENGLISH, FRENCH, GERMAN, HUNGARIAN, RUSSIAN]
19:56:11.646 [FXGL Background Thread 3 ] DEBUG Engine               - ticksPerSecond: -1
19:56:11.647 [FXGL Background Thread 3 ] DEBUG Engine               - title: Nuclear Throne Atomic
19:56:11.647 [FXGL Background Thread 3 ] DEBUG Engine               - urlGithub: https://github.com/AlmasB/FXGL
19:56:11.647 [FXGL Background Thread 3 ] DEBUG Engine               - urlLeaderboard: http://fxgl-top.herokuapp.com/
19:56:11.647 [FXGL Background Thread 3 ] DEBUG Engine               - urlPOM: https://raw.githubusercontent.com/AlmasB/FXGL/release/README.md
19:56:11.647 [FXGL Background Thread 3 ] DEBUG Engine               - userAppClass: class com.example.nuclearthroneatomic.Controller
19:56:11.647 [FXGL Background Thread 3 ] DEBUG Engine               - version: 0.0
19:56:11.647 [FXGL Background Thread 3 ] DEBUG Engine               - versionCheckDays: 7
19:56:11.647 [FXGL Background Thread 3 ] DEBUG Engine               - width: 800
19:56:11.647 [FXGL Background Thread 3 ] DEBUG Engine               - Logging services
19:56:11.647 [FXGL Background Thread 3 ] DEBUG Engine               - class com.almasb.fxgl.app.services.FXGLAssetLoaderService
19:56:11.647 [FXGL Background Thread 3 ] DEBUG Engine               - class com.almasb.fxgl.app.FXGLApplication$GameApplicationService
19:56:11.647 [FXGL Background Thread 3 ] DEBUG Engine               - class com.almasb.fxgl.app.services.FXGLDialogService
19:56:11.647 [FXGL Background Thread 3 ] DEBUG Engine               - class com.almasb.fxgl.app.services.IOTaskExecutorService
19:56:11.647 [FXGL Background Thread 3 ] DEBUG Engine               - class com.almasb.fxgl.io.FileSystemService
19:56:11.647 [FXGL Background Thread 3 ] DEBUG Engine               - class com.almasb.fxgl.localization.LocalizationService
19:56:11.647 [FXGL Background Thread 3 ] DEBUG Engine               - class com.almasb.fxgl.app.services.SystemBundleService
19:56:11.648 [FXGL Background Thread 3 ] DEBUG Engine               - class com.almasb.fxgl.profile.SaveLoadService
19:56:11.648 [FXGL Background Thread 3 ] DEBUG Engine               - class com.almasb.fxgl.ui.FXGLUIFactoryServiceProvider
19:56:11.648 [FXGL Background Thread 3 ] DEBUG Engine               - class com.almasb.fxgl.ui.FXGLDialogFactoryServiceProvider
19:56:11.648 [FXGL Background Thread 3 ] DEBUG Engine               - class com.almasb.fxgl.audio.AudioPlayer
19:56:11.648 [FXGL Background Thread 3 ] DEBUG Engine               - class com.almasb.fxgl.notification.impl.NotificationServiceProvider
19:56:11.648 [FXGL Background Thread 3 ] DEBUG Engine               - class com.almasb.fxgl.achievement.AchievementService
19:56:11.648 [FXGL Background Thread 3 ] DEBUG Engine               - class com.almasb.fxgl.cutscene.CutsceneService
19:56:11.648 [FXGL Background Thread 3 ] DEBUG Engine               - class com.almasb.fxgl.minigames.MiniGameService
19:56:11.648 [FXGL Background Thread 3 ] DEBUG Engine               - class com.almasb.fxgl.net.NetService
19:56:11.648 [FXGL Background Thread 3 ] DEBUG Engine               - class com.almasb.fxgl.app.services.UpdaterService
19:56:11.648 [FXGL Background Thread 3 ] DEBUG Engine               - class com.almasb.fxgl.dev.DevService
19:56:12.183 [JavaFX Application Thread] DEBUG FXGLAssetLoaderServi - Loading from file system: file:/C:/Users/Usuario/OneDrive%20-%20Universidad%20Icesi%20(@icesi.edu.co)/APO2/Tareas%20integradoras/NuclearThroneAtomic/src/nuclearthroneatomic/target/classes/assets/textures/Munition/2.png
19:56:13.607 [JavaFX Application Thread] DEBUG FXGLAssetLoaderServi - Loading from file system: file:/C:/Users/Usuario/OneDrive%20-%20Universidad%20Icesi%20(@icesi.edu.co)/APO2/Tareas%20integradoras/NuclearThroneAtomic/src/nuclearthroneatomic/target/classes/assets/textures/Bullet/1.png
19:56:17.324 [JavaFX Application Thread] DEBUG PrimaryStageWindow   - Push state: FXGLDefaultMenu
19:56:17.325 [JavaFX Application Thread] DEBUG Input                - Clearing active input actions
19:56:17.327 [JavaFX Application Thread] DEBUG GameApplicationServi - Removing overlay from GameScene and adding to FXGLDefaultMenu
19:56:17.327 [JavaFX Application Thread] DEBUG PrimaryStageWindow   - GameScene -> FXGLDefaultMenu
19:56:18.107 [JavaFX Application Thread] DEBUG Menu                 - fireExitToMainMenu()
19:56:18.110 [JavaFX Application Thread] DEBUG PrimaryStageWindow   - Push state: DialogSubScene
19:56:18.110 [JavaFX Application Thread] DEBUG Input                - Clearing active input actions
19:56:18.110 [JavaFX Application Thread] DEBUG GameApplicationServi - Removing overlay from FXGLDefaultMenu and adding to DialogSubScene
19:56:18.110 [JavaFX Application Thread] DEBUG PrimaryStageWindow   - FXGLDefaultMenu -> DialogSubScene
19:56:18.626 [JavaFX Application Thread] DEBUG PrimaryStageWindow   - Pop state: DialogSubScene
19:56:18.626 [JavaFX Application Thread] DEBUG Input                - Clearing active input actions
19:56:18.627 [JavaFX Application Thread] DEBUG GameApplicationServi - Removing overlay from DialogSubScene and adding to FXGLDefaultMenu
19:56:18.627 [JavaFX Application Thread] DEBUG PrimaryStageWindow   - FXGLDefaultMenu <- DialogSubScene
19:56:18.627 [JavaFX Application Thread] DEBUG PrimaryStageWindow   - Pop state: FXGLDefaultMenu
19:56:18.627 [JavaFX Application Thread] DEBUG Input                - Clearing active input actions
19:56:18.628 [JavaFX Application Thread] DEBUG GameApplicationServi - Removing overlay from FXGLDefaultMenu and adding to GameScene
19:56:18.628 [JavaFX Application Thread] DEBUG PrimaryStageWindow   - GameScene <- FXGLDefaultMenu
19:56:18.628 [JavaFX Application Thread] DEBUG Input                - Clearing active input actions
19:56:18.637 [JavaFX Application Thread] DEBUG GameApplicationServi - Removing overlay from GameScene and adding to FXGLMainMenuDummyScene
19:56:18.638 [JavaFX Application Thread] DEBUG PrimaryStageWindow   - GameScene -> FXGLMainMenuDummyScene
19:56:18.638 [JavaFX Application Thread] DEBUG PrimaryStageWindow   - Push state: FXGLDefaultMenu
19:56:18.638 [JavaFX Application Thread] DEBUG Input                - Clearing active input actions
19:56:18.639 [JavaFX Application Thread] DEBUG GameApplicationServi - Removing overlay from FXGLMainMenuDummyScene and adding to FXGLDefaultMenu
19:56:18.639 [JavaFX Application Thread] DEBUG PrimaryStageWindow   - FXGLMainMenuDummyScene -> FXGLDefaultMenu
19:56:19.782 [JavaFX Application Thread] DEBUG Menu                 - fireExit()
19:56:19.783 [JavaFX Application Thread] DEBUG PrimaryStageWindow   - Push state: DialogSubScene
19:56:19.784 [JavaFX Application Thread] DEBUG Input                - Clearing active input actions
19:56:19.785 [JavaFX Application Thread] DEBUG GameApplicationServi - Removing overlay from FXGLDefaultMenu and adding to DialogSubScene
19:56:19.785 [JavaFX Application Thread] DEBUG PrimaryStageWindow   - FXGLDefaultMenu -> DialogSubScene
19:56:20.256 [JavaFX Application Thread] DEBUG PrimaryStageWindow   - Pop state: DialogSubScene
19:56:20.256 [JavaFX Application Thread] DEBUG Input                - Clearing active input actions
19:56:20.257 [JavaFX Application Thread] DEBUG GameApplicationServi - Removing overlay from DialogSubScene and adding to FXGLDefaultMenu
19:56:20.257 [JavaFX Application Thread] DEBUG PrimaryStageWindow   - FXGLDefaultMenu <- DialogSubScene
19:56:20.257 [JavaFX Application Thread] DEBUG FXGLApplication      - Exiting FXGL
19:56:20.257 [JavaFX Application Thread] DEBUG LoopRunner           - Stopping loop
19:56:20.257 [JavaFX Application Thread] DEBUG SystemBundleService  - Saving FXGL system data
19:56:20.260 [JavaFX Application Thread] DEBUG FileSystemAccess     - Writing to: C:\Users\Usuario\OneDrive - Universidad Icesi (@icesi.edu.co)\APO2\Tareas integradoras\NuclearThroneAtomic\src\nuclearthroneatomic\system\fxgl.bundle
19:56:20.263 [JavaFX Application Thread] DEBUG Async                - Shutting down background threads
19:56:20.263 [JavaFX Application Thread] DEBUG PrimaryStageWindow   - Closing main window
19:56:20.296 [JavaFX Application Thread] DEBUG Logger               - Closing Logger
