04:48:37.584 [main                     ] DEBUG Logger               - Configured Logger
04:48:37.625 [main                     ] DEBUG GameApplication      - Logging settings
Title: Nuclear Throne Atomic
Version: 0.0
Width: 800
Height: 600
Fullscreen: true
Intro: false
Profiling: false
Single step:false
App Mode: DEVELOPER
Menu Key: ESCAPE
Stage Style: DECORATED
Scene Factory: class com.almasb.fxgl.app.scene.SceneFactory

04:48:38.204 [JavaFX Application Thread] DEBUG FXGLApplication      - Initializing FXGL
04:48:38.218 [JavaFX Application Thread] INFO  Engine               - FXGL-17.2 (20.08.2022 16.50) on WINDOWS (J:18.0.2 FX:19.0.2.1)
04:48:38.219 [JavaFX Application Thread] DEBUG Engine               - JRE Vendor Name: Amazon.com Inc.
04:48:38.219 [JavaFX Application Thread] DEBUG Engine               - Running on OS: Windows 10 version 10.0
04:48:38.219 [JavaFX Application Thread] DEBUG Engine               - Architecture: amd64
04:48:38.219 [JavaFX Application Thread] INFO  Engine               - Source code and latest versions at: https://github.com/AlmasB/FXGL
04:48:38.219 [JavaFX Application Thread] INFO  Engine               -       Ask questions and discuss at: https://github.com/AlmasB/FXGL/discussions
04:48:38.220 [JavaFX Application Thread] INFO  Engine               -              Join the FXGL chat at: https://gitter.im/AlmasB/FXGL
04:48:38.379 [JavaFX Application Thread] DEBUG PrimaryStageWindow   - Creating a JavaFX scene
04:48:38.488 [JavaFX Application Thread] DEBUG PrimaryStageWindow   - Target settings size: 800.0 x 600.0
04:48:38.488 [JavaFX Application Thread] DEBUG PrimaryStageWindow   - Scaled scene size:    800.0 x 600.0
04:48:38.488 [JavaFX Application Thread] DEBUG PrimaryStageWindow   - Scaled ratio: (1.0, 1.0)
04:48:38.490 [JavaFX Application Thread] DEBUG PrimaryStageWindow   - Set initial scene to FXGLStartupScene
04:48:38.499 [JavaFX Application Thread] DEBUG PrimaryStageWindow   - Opening main window
04:48:38.703 [JavaFX Application Thread] DEBUG PrimaryStageWindow   - Window border size: (16.0, 39.0)
04:48:38.703 [JavaFX Application Thread] DEBUG PrimaryStageWindow   - Scaled size: 800.0 x 600.0
04:48:38.703 [JavaFX Application Thread] DEBUG PrimaryStageWindow   - Scaled ratio: (1.0, 1.0)
04:48:38.703 [JavaFX Application Thread] DEBUG PrimaryStageWindow   - Scene size: 800.0 x 600.0
04:48:38.704 [JavaFX Application Thread] DEBUG PrimaryStageWindow   - Stage size: 816.0 x 639.0
04:48:38.721 [FXGL Background Thread 1 ] DEBUG Engine               - Initializing environment variables
04:48:38.855 [FXGL Background Thread 1 ] DEBUG FXGLAssetLoaderServi - User app class for loading assets: class com.example.nuclearthroneatomic.Controller
04:48:38.857 [FXGL Background Thread 1 ] DEBUG GameApplicationServi - Applying CSS: fxgl_dark.css
04:48:38.858 [FXGL Background Thread 1 ] DEBUG FXGLAssetLoaderServi - Loading from file system: jar:file:///C:/Users/Juan/.m2/repository/com/github/almasb/fxgl/17.2/fxgl-17.2.jar!/fxglassets/ui/css/fxgl_dark.css
04:48:38.961 [FXGL Background Thread 1 ] DEBUG GameApplicationServi - Initializing application scenes
04:48:39.103 [FXGL Background Thread 1 ] DEBUG GameWorld            - Game world initialized
04:48:39.210 [FXGL Background Thread 1 ] DEBUG PhysicsWorld         - Physics world initialized: appHeight=600, physics.ppm=50,0
04:48:39.211 [FXGL Background Thread 1 ] DEBUG PhysicsWorld         - Using strategy: BRUTE_FORCE
04:48:39.219 [FXGL Background Thread 1 ] DEBUG GameScene            - Game scene initialized: 800x600
04:48:39.239 [FXGL Background Thread 1 ] DEBUG FXGL.DefaultMenu     - createMenuBodyMainMenu()
04:48:39.269 [FXGL Background Thread 1 ] DEBUG FXGL.DefaultMenu     - createOptionsMenu()
04:48:39.287 [FXGL Background Thread 1 ] DEBUG FXGLAssetLoaderServi - Loading from file system: jar:file:///C:/Users/Juan/.m2/repository/com/github/almasb/fxgl/17.2/fxgl-17.2.jar!/fxglassets/textures/particles/smoke.png
04:48:39.527 [FXGL Background Thread 1 ] DEBUG FXGLAssetLoaderServi - Loading from file system: jar:file:///C:/Users/Juan/.m2/repository/com/github/almasb/fxgl/17.2/fxgl-17.2.jar!/fxglassets/textures/particles/trace_horizontal.png
04:48:39.582 [FXGL Background Thread 1 ] DEBUG FXGL.DefaultMenu     - createMenuBodyGameMenu()
04:48:39.584 [FXGL Background Thread 1 ] DEBUG FXGL.DefaultMenu     - createOptionsMenu()
04:48:39.612 [FXGL Background Thread 1 ] DEBUG GameApplicationServi - Application scenes initialized
04:48:39.636 [FXGL Background Thread 1 ] DEBUG SystemBundleService  - Loading FXGL system data
04:48:39.666 [FXGL Background Thread 1 ] DEBUG FileSystemAccess     - Reading from: C:\Users\Juan\Desktop\Apo Integradora 3\NuclearThroneAtomic\src\nuclearthroneatomic\system\fxgl.bundle
04:48:39.693 [FXGL Background Thread 1 ] DEBUG SystemBundleService  - Bundle FXGL: {}
04:48:39.693 [FXGL Background Thread 1 ] DEBUG UpdaterService       - Checking for updates
04:48:39.701 [FXGL Background Thread 1 ] DEBUG FXGLApplication      - Loading default localization
04:48:39.701 [FXGL Background Thread 4 ] DEBUG FXGLApplication      - Loading fonts
04:48:39.703 [FXGL Background Thread 1 ] DEBUG FXGLAssetLoaderServi - Loading from file system: jar:file:///C:/Users/Juan/.m2/repository/com/github/almasb/fxgl/17.2/fxgl-17.2.jar!/fxglassets/languages/english.lang
04:48:39.703 [FXGL Background Thread 4 ] DEBUG FXGLAssetLoaderServi - Loading from file system: jar:file:///C:/Users/Juan/.m2/repository/com/github/almasb/fxgl/17.2/fxgl-17.2.jar!/fxglassets/ui/fonts/VarelaRound-Regular.ttf
04:48:39.747 [FXGL Background Thread 1 ] INFO  FXGLApplication      - FXGL initialization took: 1,025 sec
04:48:39.763 [JavaFX Application Thread] DEBUG Input                - Registered new binding: lucky - Q
04:48:39.763 [JavaFX Application Thread] DEBUG Input                - Registered new binding: health - F
04:48:39.764 [JavaFX Application Thread] DEBUG Input                - Registered new binding: Right - D
04:48:39.764 [JavaFX Application Thread] DEBUG Input                - Registered new binding: Left - A
04:48:39.764 [JavaFX Application Thread] DEBUG Input                - Registered new binding: Up - W
04:48:39.764 [JavaFX Application Thread] DEBUG Input                - Registered new binding: Down - S
04:48:39.765 [JavaFX Application Thread] DEBUG Input                - Registered new binding: Reload - RMB
04:48:39.766 [JavaFX Application Thread] DEBUG Input                - Registered new binding: Shoot - LMB
04:48:39.766 [JavaFX Application Thread] DEBUG FXGLAssetLoaderServi - Loading from file system: jar:file:///C:/Users/Juan/.m2/repository/com/github/almasb/fxgl/17.2/fxgl-17.2.jar!/fxglassets/textures/fxgl_icon.png
04:48:39.802 [JavaFX Application Thread] DEBUG FXGLAssetLoaderServi - Loading from file system: jar:file:///C:/Users/Juan/.m2/repository/com/github/almasb/fxgl/17.2/fxgl-17.2.jar!/fxglassets/textures/fxgl_default_cursor.png
04:48:39.806 [JavaFX Application Thread] DEBUG Input                - Registered new binding: Screenshot - CTRL+8
04:48:39.807 [JavaFX Application Thread] DEBUG Input                - Registered new binding: System info dump - CTRL+9
04:48:39.807 [JavaFX Application Thread] DEBUG Input                - Registered new binding: Restart - CTRL+R
04:48:39.808 [JavaFX Application Thread] DEBUG Input                - Registered new binding: Toggle Debug Camera - CTRL+7
04:48:39.812 [JavaFX Application Thread] DEBUG LoopRunner           - Starting loop
04:48:39.812 [JavaFX Application Thread] DEBUG LoopRunner           - Initializing JavaFX AnimationTimerLoop
04:48:39.816 [JavaFX Application Thread] DEBUG Input                - Clearing active input actions
04:48:39.829 [JavaFX Application Thread] DEBUG GameApplicationServi - Removing overlay from FXGLStartupScene and adding to FXGLMainMenuDummyScene
04:48:39.830 [JavaFX Application Thread] DEBUG PrimaryStageWindow   - FXGLStartupScene -> FXGLMainMenuDummyScene
04:48:39.830 [JavaFX Application Thread] DEBUG PrimaryStageWindow   - Push state: FXGLDefaultMenu
04:48:39.844 [JavaFX Application Thread] DEBUG Input                - Clearing active input actions
04:48:39.856 [JavaFX Application Thread] DEBUG GameApplicationServi - Removing overlay from FXGLMainMenuDummyScene and adding to FXGLDefaultMenu
04:48:39.857 [JavaFX Application Thread] DEBUG PrimaryStageWindow   - FXGLMainMenuDummyScene -> FXGLDefaultMenu
04:48:40.170 [FXGL Background Thread 4 ] DEBUG FXGLAssetLoaderServi - Loading from file system: jar:file:///C:/Users/Juan/.m2/repository/com/github/almasb/fxgl/17.2/fxgl-17.2.jar!/fxglassets/ui/fonts/Abel-Regular.ttf
04:48:40.263 [FXGL Background Thread 4 ] DEBUG FXGLAssetLoaderServi - Loading from file system: jar:file:///C:/Users/Juan/.m2/repository/com/github/almasb/fxgl/17.2/fxgl-17.2.jar!/fxglassets/ui/fonts/TerminalLandMono-Regular.otf
04:48:40.299 [FXGL Background Thread 4 ] DEBUG FXGLAssetLoaderServi - Loading from file system: jar:file:///C:/Users/Juan/.m2/repository/com/github/almasb/fxgl/17.2/fxgl-17.2.jar!/fxglassets/ui/fonts/Courier-Prime.ttf
04:48:40.449 [JavaFX Application Thread] DEBUG FXGLApplication      - Registering font factories with UI factory
04:48:40.794 [FXGL Background Thread 2 ] INFO  UpdaterService       - Your current version:  17.2
04:48:40.796 [FXGL Background Thread 2 ] INFO  UpdaterService       - Latest stable version: 17.3
04:48:42.700 [FXGL Background Thread 3 ] DEBUG Engine               - Logging environment variables
04:48:42.701 [FXGL Background Thread 3 ] DEBUG Engine               - achievements: []
04:48:42.702 [FXGL Background Thread 3 ] DEBUG Engine               - actualHeight: 600.0
04:48:42.702 [FXGL Background Thread 3 ] DEBUG Engine               - actualHeightProperty: ReadOnlyDoubleProperty [value: 600.0]
04:48:42.702 [FXGL Background Thread 3 ] DEBUG Engine               - actualWidth: 800.0
04:48:42.703 [FXGL Background Thread 3 ] DEBUG Engine               - actualWidthProperty: ReadOnlyDoubleProperty [value: 800.0]
04:48:42.703 [FXGL Background Thread 3 ] DEBUG Engine               - appIcon: fxgl_icon.png
04:48:42.703 [FXGL Background Thread 3 ] DEBUG Engine               - applicationMode: DEVELOPER
04:48:42.703 [FXGL Background Thread 3 ] DEBUG Engine               - cSSList: [fxgl_dark.css]
04:48:42.703 [FXGL Background Thread 3 ] DEBUG Engine               - collisionDetectionStrategy: BRUTE_FORCE
04:48:42.704 [FXGL Background Thread 3 ] DEBUG Engine               - configClass: Optional.empty
04:48:42.704 [FXGL Background Thread 3 ] DEBUG Engine               - credits: []
04:48:42.705 [FXGL Background Thread 3 ] DEBUG Engine               - defaultCursor: CursorInfo(imageName=fxgl_default_cursor.png, hotspotX=7.0, hotspotY=6.0)
04:48:42.705 [FXGL Background Thread 3 ] DEBUG Engine               - devBBoxColorProperty: ObjectProperty [value: 0xff0000ff]
04:48:42.706 [FXGL Background Thread 3 ] DEBUG Engine               - devEnableDebugCameraProperty: BooleanProperty [value: false]
04:48:42.706 [FXGL Background Thread 3 ] DEBUG Engine               - devSensorColorProperty: ObjectProperty [value: 0xffff00ff]
04:48:42.706 [FXGL Background Thread 3 ] DEBUG Engine               - devShowBBoxProperty: BooleanProperty [value: false]
04:48:42.706 [FXGL Background Thread 3 ] DEBUG Engine               - devShowPositionProperty: BooleanProperty [value: false]
04:48:42.706 [FXGL Background Thread 3 ] DEBUG Engine               - enabledMenuItems: []
04:48:42.706 [FXGL Background Thread 3 ] DEBUG Engine               - engineServices: [class com.almasb.fxgl.app.services.FXGLAssetLoaderService, class com.almasb.fxgl.app.FXGLApplication$GameApplicationService, class com.almasb.fxgl.app.services.FXGLDialogService, class com.almasb.fxgl.app.services.IOTaskExecutorService, class com.almasb.fxgl.io.FileSystemService, class com.almasb.fxgl.localization.LocalizationService, class com.almasb.fxgl.app.services.SystemBundleService, class com.almasb.fxgl.profile.SaveLoadService, class com.almasb.fxgl.ui.FXGLUIFactoryServiceProvider, class com.almasb.fxgl.ui.FXGLDialogFactoryServiceProvider, class com.almasb.fxgl.audio.AudioPlayer, class com.almasb.fxgl.notification.impl.NotificationServiceProvider, class com.almasb.fxgl.achievement.AchievementService, class com.almasb.fxgl.cutscene.CutsceneService, class com.almasb.fxgl.minigames.MiniGameService, class com.almasb.fxgl.net.NetService, class com.almasb.fxgl.app.services.UpdaterService, class com.almasb.fxgl.dev.DevService]
04:48:42.706 [FXGL Background Thread 3 ] DEBUG Engine               - fontGame: Abel-Regular.ttf
04:48:42.706 [FXGL Background Thread 3 ] DEBUG Engine               - fontMono: TerminalLandMono-Regular.otf
04:48:42.706 [FXGL Background Thread 3 ] DEBUG Engine               - fontText: Courier-Prime.ttf
04:48:42.706 [FXGL Background Thread 3 ] DEBUG Engine               - fontUI: VarelaRound-Regular.ttf
04:48:42.706 [FXGL Background Thread 3 ] DEBUG Engine               - fullScreen: BooleanProperty [value: false]
04:48:42.706 [FXGL Background Thread 3 ] DEBUG Engine               - gameDifficulty: MEDIUM
04:48:42.706 [FXGL Background Thread 3 ] DEBUG Engine               - gameDifficultyProperty: ObjectProperty [value: MEDIUM]
04:48:42.706 [FXGL Background Thread 3 ] DEBUG Engine               - globalMusicVolume: 0.5
04:48:42.707 [FXGL Background Thread 3 ] DEBUG Engine               - globalMusicVolumeProperty: DoubleProperty [value: 0.5]
04:48:42.707 [FXGL Background Thread 3 ] DEBUG Engine               - globalSoundVolume: 0.5
04:48:42.707 [FXGL Background Thread 3 ] DEBUG Engine               - globalSoundVolumeProperty: DoubleProperty [value: 0.5]
04:48:42.707 [FXGL Background Thread 3 ] DEBUG Engine               - height: 600
04:48:42.707 [FXGL Background Thread 3 ] DEBUG Engine               - is3D: false
04:48:42.707 [FXGL Background Thread 3 ] DEBUG Engine               - isAndroid: false
04:48:42.708 [FXGL Background Thread 3 ] DEBUG Engine               - isBrowser: false
04:48:42.708 [FXGL Background Thread 3 ] DEBUG Engine               - isClickFeedbackEnabled: false
04:48:42.708 [FXGL Background Thread 3 ] DEBUG Engine               - isCloseConfirmation: false
04:48:42.708 [FXGL Background Thread 3 ] DEBUG Engine               - isDesktop: true
04:48:42.708 [FXGL Background Thread 3 ] DEBUG Engine               - isDeveloperMenuEnabled: false
04:48:42.708 [FXGL Background Thread 3 ] DEBUG Engine               - isEmbedded: false
04:48:42.708 [FXGL Background Thread 3 ] DEBUG Engine               - isEntityPreloadEnabled: true
04:48:42.708 [FXGL Background Thread 3 ] DEBUG Engine               - isExperimentalTiledLargeMap: false
04:48:42.708 [FXGL Background Thread 3 ] DEBUG Engine               - isFileSystemWriteAllowed: true
04:48:42.708 [FXGL Background Thread 3 ] DEBUG Engine               - isFullScreenAllowed: true
04:48:42.708 [FXGL Background Thread 3 ] DEBUG Engine               - isFullScreenFromStart: false
04:48:42.708 [FXGL Background Thread 3 ] DEBUG Engine               - isGameMenuEnabled: true
04:48:42.708 [FXGL Background Thread 3 ] DEBUG Engine               - isIOS: false
04:48:42.709 [FXGL Background Thread 3 ] DEBUG Engine               - isIntroEnabled: false
04:48:42.709 [FXGL Background Thread 3 ] DEBUG Engine               - isLinux: false
04:48:42.709 [FXGL Background Thread 3 ] DEBUG Engine               - isMac: false
04:48:42.709 [FXGL Background Thread 3 ] DEBUG Engine               - isMainMenuEnabled: true
04:48:42.709 [FXGL Background Thread 3 ] DEBUG Engine               - isManualResizeEnabled: false
04:48:42.709 [FXGL Background Thread 3 ] DEBUG Engine               - isMobile: false
04:48:42.709 [FXGL Background Thread 3 ] DEBUG Engine               - isNative: false
04:48:42.709 [FXGL Background Thread 3 ] DEBUG Engine               - isPauseMusicWhenMinimized: true
04:48:42.709 [FXGL Background Thread 3 ] DEBUG Engine               - isPreserveResizeRatio: false
04:48:42.709 [FXGL Background Thread 3 ] DEBUG Engine               - isProfilingEnabled: false
04:48:42.709 [FXGL Background Thread 3 ] DEBUG Engine               - isScaleAffectedOnResize: true
04:48:42.709 [FXGL Background Thread 3 ] DEBUG Engine               - isSingleStep: false
04:48:42.709 [FXGL Background Thread 3 ] DEBUG Engine               - isUserProfileEnabled: false
04:48:42.709 [FXGL Background Thread 3 ] DEBUG Engine               - isWindows: true
04:48:42.709 [FXGL Background Thread 3 ] DEBUG Engine               - language: ObjectProperty [value: ENGLISH]
04:48:42.710 [FXGL Background Thread 3 ] DEBUG Engine               - menuKey: ESCAPE
04:48:42.710 [FXGL Background Thread 3 ] DEBUG Engine               - mouseSensitivity: 0.2
04:48:42.710 [FXGL Background Thread 3 ] DEBUG Engine               - notificationViewClass: class com.almasb.fxgl.notification.view.XboxNotificationView
04:48:42.710 [FXGL Background Thread 3 ] DEBUG Engine               - pixelsPerMeter: 50.0
04:48:42.710 [FXGL Background Thread 3 ] DEBUG Engine               - platform: WINDOWS
04:48:42.710 [FXGL Background Thread 3 ] DEBUG Engine               - prefHeightProperty: ReadOnlyDoubleProperty [value: 600.0]
04:48:42.710 [FXGL Background Thread 3 ] DEBUG Engine               - prefWidthProperty: ReadOnlyDoubleProperty [value: 800.0]
04:48:42.710 [FXGL Background Thread 3 ] DEBUG Engine               - profileDir: profiles/
04:48:42.710 [FXGL Background Thread 3 ] DEBUG Engine               - profileName: StringProperty [value: DEFAULT]
04:48:42.710 [FXGL Background Thread 3 ] DEBUG Engine               - randomSeed: -1
04:48:42.711 [FXGL Background Thread 3 ] DEBUG Engine               - runtimeInfo: RuntimeInfo(platform=WINDOWS, version=17.2, build=20.08.2022 16.50)
04:48:42.711 [FXGL Background Thread 3 ] DEBUG Engine               - saveFileExt: sav
04:48:42.711 [FXGL Background Thread 3 ] DEBUG Engine               - scaledHeightProp$fxgl: DoubleProperty [bound, value: 600.0]
04:48:42.711 [FXGL Background Thread 3 ] DEBUG Engine               - scaledWidthProp$fxgl: DoubleProperty [bound, value: 800.0]
04:48:42.711 [FXGL Background Thread 3 ] DEBUG Engine               - sceneFactory: com.almasb.fxgl.app.scene.SceneFactory@3c0630e1
04:48:42.711 [FXGL Background Thread 3 ] DEBUG Engine               - secondsIn24h: 60
04:48:42.711 [FXGL Background Thread 3 ] DEBUG Engine               - soundMenuBack: menu/back.wav
04:48:42.711 [FXGL Background Thread 3 ] DEBUG Engine               - soundMenuPress: menu/press.wav
04:48:42.711 [FXGL Background Thread 3 ] DEBUG Engine               - soundMenuSelect: menu/select.wav
04:48:42.711 [FXGL Background Thread 3 ] DEBUG Engine               - soundNotification: core/notification.wav
04:48:42.712 [FXGL Background Thread 3 ] DEBUG Engine               - stageStyle: DECORATED
04:48:42.712 [FXGL Background Thread 3 ] DEBUG Engine               - supportedLanguages: [ENGLISH, FRENCH, GERMAN, HUNGARIAN, RUSSIAN]
04:48:42.712 [FXGL Background Thread 3 ] DEBUG Engine               - ticksPerSecond: -1
04:48:42.712 [FXGL Background Thread 3 ] DEBUG Engine               - title: Nuclear Throne Atomic
04:48:42.712 [FXGL Background Thread 3 ] DEBUG Engine               - urlGithub: https://github.com/AlmasB/FXGL
04:48:42.712 [FXGL Background Thread 3 ] DEBUG Engine               - urlLeaderboard: http://fxgl-top.herokuapp.com/
04:48:42.712 [FXGL Background Thread 3 ] DEBUG Engine               - urlPOM: https://raw.githubusercontent.com/AlmasB/FXGL/release/README.md
04:48:42.712 [FXGL Background Thread 3 ] DEBUG Engine               - userAppClass: class com.example.nuclearthroneatomic.Controller
04:48:42.712 [FXGL Background Thread 3 ] DEBUG Engine               - version: 0.0
04:48:42.712 [FXGL Background Thread 3 ] DEBUG Engine               - versionCheckDays: 7
04:48:42.712 [FXGL Background Thread 3 ] DEBUG Engine               - width: 800
04:48:42.712 [FXGL Background Thread 3 ] DEBUG Engine               - Logging services
04:48:42.712 [FXGL Background Thread 3 ] DEBUG Engine               - class com.almasb.fxgl.app.services.FXGLAssetLoaderService
04:48:42.712 [FXGL Background Thread 3 ] DEBUG Engine               - class com.almasb.fxgl.app.FXGLApplication$GameApplicationService
04:48:42.712 [FXGL Background Thread 3 ] DEBUG Engine               - class com.almasb.fxgl.app.services.FXGLDialogService
04:48:42.712 [FXGL Background Thread 3 ] DEBUG Engine               - class com.almasb.fxgl.app.services.IOTaskExecutorService
04:48:42.712 [FXGL Background Thread 3 ] DEBUG Engine               - class com.almasb.fxgl.io.FileSystemService
04:48:42.712 [FXGL Background Thread 3 ] DEBUG Engine               - class com.almasb.fxgl.localization.LocalizationService
04:48:42.713 [FXGL Background Thread 3 ] DEBUG Engine               - class com.almasb.fxgl.app.services.SystemBundleService
04:48:42.713 [FXGL Background Thread 3 ] DEBUG Engine               - class com.almasb.fxgl.profile.SaveLoadService
04:48:42.713 [FXGL Background Thread 3 ] DEBUG Engine               - class com.almasb.fxgl.ui.FXGLUIFactoryServiceProvider
04:48:42.713 [FXGL Background Thread 3 ] DEBUG Engine               - class com.almasb.fxgl.ui.FXGLDialogFactoryServiceProvider
04:48:42.713 [FXGL Background Thread 3 ] DEBUG Engine               - class com.almasb.fxgl.audio.AudioPlayer
04:48:42.713 [FXGL Background Thread 3 ] DEBUG Engine               - class com.almasb.fxgl.notification.impl.NotificationServiceProvider
04:48:42.713 [FXGL Background Thread 3 ] DEBUG Engine               - class com.almasb.fxgl.achievement.AchievementService
04:48:42.713 [FXGL Background Thread 3 ] DEBUG Engine               - class com.almasb.fxgl.cutscene.CutsceneService
04:48:42.713 [FXGL Background Thread 3 ] DEBUG Engine               - class com.almasb.fxgl.minigames.MiniGameService
04:48:42.713 [FXGL Background Thread 3 ] DEBUG Engine               - class com.almasb.fxgl.net.NetService
04:48:42.713 [FXGL Background Thread 3 ] DEBUG Engine               - class com.almasb.fxgl.app.services.UpdaterService
04:48:42.713 [FXGL Background Thread 3 ] DEBUG Engine               - class com.almasb.fxgl.dev.DevService
04:48:44.220 [JavaFX Application Thread] DEBUG Menu                 - fireNewGame()
04:48:44.220 [JavaFX Application Thread] DEBUG GameApplicationServi - Starting new game
04:48:44.223 [JavaFX Application Thread] DEBUG PrimaryStageWindow   - Pop state: FXGLDefaultMenu
04:48:44.223 [JavaFX Application Thread] DEBUG Input                - Clearing active input actions
04:48:44.225 [JavaFX Application Thread] DEBUG GameApplicationServi - Removing overlay from FXGLDefaultMenu and adding to FXGLMainMenuDummyScene
04:48:44.227 [JavaFX Application Thread] DEBUG PrimaryStageWindow   - FXGLMainMenuDummyScene <- FXGLDefaultMenu
04:48:44.227 [JavaFX Application Thread] DEBUG Input                - Clearing active input actions
04:48:44.235 [JavaFX Application Thread] DEBUG GameApplicationServi - Removing overlay from FXGLMainMenuDummyScene and adding to FXGLLoadingScene
04:48:44.236 [JavaFX Application Thread] DEBUG PrimaryStageWindow   - FXGLMainMenuDummyScene -> FXGLLoadingScene
04:48:44.236 [JavaFX Application Thread] DEBUG GameApplicationServi - Clearing previous game
04:48:44.236 [JavaFX Application Thread] DEBUG GameScene            - Clearing game scene
04:48:44.236 [JavaFX Application Thread] DEBUG GameWorld            - Clearing game world
04:48:44.236 [JavaFX Application Thread] DEBUG PhysicsWorld         - Clearing physics world
04:48:44.238 [FXGL Background Thread 2 ] DEBUG FXGLApplication      - Initializing game
04:48:44.249 [FXGL Background Thread 2 ] DEBUG FXGLAssetLoaderServi - Loading from file system: file:/C:/Users/Juan/Desktop/Apo%20Integradora%203/NuclearThroneAtomic/src/nuclearthroneatomic/target/classes/assets/textures/Avatar/1-Idle/1.png
04:48:44.253 [FXGL Background Thread 2 ] DEBUG FXGLAssetLoaderServi - Loading from file system: file:/C:/Users/Juan/Desktop/Apo%20Integradora%203/NuclearThroneAtomic/src/nuclearthroneatomic/target/classes/assets/textures/Avatar/1-Idle/2.png
04:48:44.257 [FXGL Background Thread 2 ] DEBUG FXGLAssetLoaderServi - Loading from file system: file:/C:/Users/Juan/Desktop/Apo%20Integradora%203/NuclearThroneAtomic/src/nuclearthroneatomic/target/classes/assets/textures/Avatar/1-Idle/3.png
04:48:44.264 [FXGL Background Thread 2 ] DEBUG FXGLAssetLoaderServi - Loading from file system: file:/C:/Users/Juan/Desktop/Apo%20Integradora%203/NuclearThroneAtomic/src/nuclearthroneatomic/target/classes/assets/textures/Avatar/1-Idle/4.png
04:48:44.309 [FXGL Background Thread 2 ] DEBUG FXGLAssetLoaderServi - Loading from file system: file:/C:/Users/Juan/Desktop/Apo%20Integradora%203/NuclearThroneAtomic/src/nuclearthroneatomic/target/classes/assets/textures/Avatar/2-Run/1.png
04:48:44.312 [FXGL Background Thread 2 ] DEBUG FXGLAssetLoaderServi - Loading from file system: file:/C:/Users/Juan/Desktop/Apo%20Integradora%203/NuclearThroneAtomic/src/nuclearthroneatomic/target/classes/assets/textures/Avatar/2-Run/2.png
04:48:44.320 [FXGL Background Thread 2 ] DEBUG FXGLAssetLoaderServi - Loading from file system: file:/C:/Users/Juan/Desktop/Apo%20Integradora%203/NuclearThroneAtomic/src/nuclearthroneatomic/target/classes/assets/textures/Avatar/2-Run/3.png
04:48:44.325 [FXGL Background Thread 2 ] DEBUG FXGLAssetLoaderServi - Loading from file system: file:/C:/Users/Juan/Desktop/Apo%20Integradora%203/NuclearThroneAtomic/src/nuclearthroneatomic/target/classes/assets/textures/Avatar/2-Run/4.png
04:48:44.327 [FXGL Background Thread 2 ] DEBUG FXGLAssetLoaderServi - Loading from file system: file:/C:/Users/Juan/Desktop/Apo%20Integradora%203/NuclearThroneAtomic/src/nuclearthroneatomic/target/classes/assets/textures/Avatar/2-Run/5.png
04:48:44.332 [FXGL Background Thread 2 ] DEBUG FXGLAssetLoaderServi - Loading from file system: file:/C:/Users/Juan/Desktop/Apo%20Integradora%203/NuclearThroneAtomic/src/nuclearthroneatomic/target/classes/assets/textures/Avatar/2-Run/6.png
04:48:44.348 [FXGL Background Thread 2 ] DEBUG FXGLAssetLoaderServi - Loading from file system: file:/C:/Users/Juan/Desktop/Apo%20Integradora%203/NuclearThroneAtomic/src/nuclearthroneatomic/target/classes/assets/textures/Munition/1.png
04:48:44.397 [FXGL Background Thread 2 ] DEBUG FXGLAssetLoaderServi - Loading from file system: file:/C:/Users/Juan/Desktop/Apo%20Integradora%203/NuclearThroneAtomic/src/nuclearthroneatomic/target/classes/assets/textures/hud/lifeplayer.png
04:48:44.412 [FXGL Background Thread 2 ] DEBUG FXGLAssetLoaderServi - Loading from file system: file:/C:/Users/Juan/Desktop/Apo%20Integradora%203/NuclearThroneAtomic/src/nuclearthroneatomic/target/classes/assets/textures/hud/medkit.png
04:48:44.436 [FXGL Background Thread 2 ] DEBUG FXGLAssetLoaderServi - Loading from file system: file:/C:/Users/Juan/Desktop/Apo%20Integradora%203/NuclearThroneAtomic/src/nuclearthroneatomic/target/classes/assets/textures/hud/trebol.png
04:48:44.447 [FXGL Background Thread 2 ] DEBUG FXGLAssetLoaderServi - Loading from file system: file:/C:/Users/Juan/Desktop/Apo%20Integradora%203/NuclearThroneAtomic/src/nuclearthroneatomic/target/classes/assets/textures/Guns/1.png
04:48:44.474 [FXGL Background Thread 2 ] DEBUG FXGLAssetLoaderServi - Loading from file system: file:/C:/Users/Juan/Desktop/Apo%20Integradora%203/NuclearThroneAtomic/src/nuclearthroneatomic/target/classes/assets/textures/enemy/1-Idle/1.png
04:48:44.479 [FXGL Background Thread 2 ] DEBUG FXGLAssetLoaderServi - Loading from file system: file:/C:/Users/Juan/Desktop/Apo%20Integradora%203/NuclearThroneAtomic/src/nuclearthroneatomic/target/classes/assets/textures/enemy/1-Idle/2.png
04:48:44.483 [FXGL Background Thread 2 ] DEBUG FXGLAssetLoaderServi - Loading from file system: file:/C:/Users/Juan/Desktop/Apo%20Integradora%203/NuclearThroneAtomic/src/nuclearthroneatomic/target/classes/assets/textures/enemy/1-Idle/3.png
04:48:44.486 [FXGL Background Thread 2 ] DEBUG FXGLAssetLoaderServi - Loading from file system: file:/C:/Users/Juan/Desktop/Apo%20Integradora%203/NuclearThroneAtomic/src/nuclearthroneatomic/target/classes/assets/textures/enemy/1-Idle/4.png
04:48:44.503 [FXGL Background Thread 2 ] DEBUG FXGLAssetLoaderServi - Loading from file system: file:/C:/Users/Juan/Desktop/Apo%20Integradora%203/NuclearThroneAtomic/src/nuclearthroneatomic/target/classes/assets/textures/enemy/2-Run/1.png
04:48:44.512 [FXGL Background Thread 2 ] DEBUG FXGLAssetLoaderServi - Loading from file system: file:/C:/Users/Juan/Desktop/Apo%20Integradora%203/NuclearThroneAtomic/src/nuclearthroneatomic/target/classes/assets/textures/enemy/2-Run/2.png
04:48:44.514 [FXGL Background Thread 2 ] DEBUG FXGLAssetLoaderServi - Loading from file system: file:/C:/Users/Juan/Desktop/Apo%20Integradora%203/NuclearThroneAtomic/src/nuclearthroneatomic/target/classes/assets/textures/enemy/2-Run/3.png
04:48:44.563 [FXGL Background Thread 2 ] DEBUG FXGLAssetLoaderServi - Loading from file system: file:/C:/Users/Juan/Desktop/Apo%20Integradora%203/NuclearThroneAtomic/src/nuclearthroneatomic/target/classes/assets/textures/enemy/2-Run/4.png
04:48:44.567 [FXGL Background Thread 2 ] DEBUG FXGLAssetLoaderServi - Loading from file system: file:/C:/Users/Juan/Desktop/Apo%20Integradora%203/NuclearThroneAtomic/src/nuclearthroneatomic/target/classes/assets/textures/enemy/2-Run/5.png
04:48:44.580 [FXGL Background Thread 2 ] DEBUG FXGLAssetLoaderServi - Loading from file system: file:/C:/Users/Juan/Desktop/Apo%20Integradora%203/NuclearThroneAtomic/src/nuclearthroneatomic/target/classes/assets/textures/enemy/2-Run/6.png
04:48:44.600 [FXGL Background Thread 2 ] DEBUG FXGLAssetLoaderServi - Loading from file system: file:/C:/Users/Juan/Desktop/Apo%20Integradora%203/NuclearThroneAtomic/src/nuclearthroneatomic/target/classes/assets/textures/portal/1.png
04:48:44.608 [FXGL Background Thread 2 ] DEBUG FXGLAssetLoaderServi - Loading from file system: file:/C:/Users/Juan/Desktop/Apo%20Integradora%203/NuclearThroneAtomic/src/nuclearthroneatomic/target/classes/assets/textures/portal/2.png
04:48:44.617 [FXGL Background Thread 2 ] DEBUG FXGLAssetLoaderServi - Loading from file system: file:/C:/Users/Juan/Desktop/Apo%20Integradora%203/NuclearThroneAtomic/src/nuclearthroneatomic/target/classes/assets/textures/portal/3.png
04:48:44.652 [FXGL Background Thread 2 ] DEBUG FXGLAssetLoaderServi - Loading from file system: file:/C:/Users/Juan/Desktop/Apo%20Integradora%203/NuclearThroneAtomic/src/nuclearthroneatomic/target/classes/assets/textures/portal/4.png
04:48:44.694 [FXGL Background Thread 2 ] DEBUG FXGLAssetLoaderServi - Loading from file system: file:/C:/Users/Juan/Desktop/Apo%20Integradora%203/NuclearThroneAtomic/src/nuclearthroneatomic/target/classes/assets/textures/Wall/1.png
04:48:44.877 [FXGL Background Thread 2 ] INFO  FXGLApplication      - Game initialization took: 0,639 sec
04:48:44.878 [JavaFX Application Thread] DEBUG Input                - Clearing active input actions
04:48:44.886 [JavaFX Application Thread] DEBUG GameApplicationServi - Removing overlay from FXGLLoadingScene and adding to GameScene
04:48:44.886 [JavaFX Application Thread] DEBUG PrimaryStageWindow   - FXGLLoadingScene -> GameScene
04:48:44.894 [JavaFX Application Thread] DEBUG FXGLAssetLoaderServi - Loading from file system: file:/C:/Users/Juan/Desktop/Apo%20Integradora%203/NuclearThroneAtomic/src/nuclearthroneatomic/target/classes/assets/textures/Bullet/1.png
04:48:52.345 [JavaFX Application Thread] DEBUG FXGLApplication      - Exiting FXGL
04:48:52.345 [JavaFX Application Thread] DEBUG LoopRunner           - Stopping loop
04:48:52.345 [JavaFX Application Thread] DEBUG SystemBundleService  - Saving FXGL system data
04:48:52.933 [JavaFX Application Thread] DEBUG FileSystemAccess     - Writing to: C:\Users\Juan\Desktop\Apo Integradora 3\NuclearThroneAtomic\src\nuclearthroneatomic\system\fxgl.bundle
04:48:52.941 [JavaFX Application Thread] DEBUG Async                - Shutting down background threads
04:48:52.941 [JavaFX Application Thread] DEBUG PrimaryStageWindow   - Closing main window
04:48:52.956 [JavaFX Application Thread] DEBUG Logger               - Closing Logger
