23:28:19.161 [main                     ] DEBUG Logger               - Configured Logger
23:28:19.218 [main                     ] DEBUG GameApplication      - Logging settings
Title: Nuclear Throne Atomic
Version: 0.0
Width: 800
Height: 600
Fullscreen: true
Intro: false
Profiling: false
Single step:false
App Mode: DEVELOPER
Menu Key: ESCAPE
Stage Style: DECORATED
Scene Factory: class com.almasb.fxgl.app.scene.SceneFactory

23:28:20.129 [JavaFX Application Thread] DEBUG FXGLApplication      - Initializing FXGL
23:28:20.140 [JavaFX Application Thread] INFO  Engine               - FXGL-17.2 (20.08.2022 16.50) on WINDOWS (J:20.0.1 FX:18.0.2)
23:28:20.141 [JavaFX Application Thread] DEBUG Engine               - JRE Vendor Name: Oracle Corporation
23:28:20.142 [JavaFX Application Thread] DEBUG Engine               - Running on OS: Windows 10 version 10.0
23:28:20.142 [JavaFX Application Thread] DEBUG Engine               - Architecture: amd64
23:28:20.143 [JavaFX Application Thread] INFO  Engine               - Source code and latest versions at: https://github.com/AlmasB/FXGL
23:28:20.143 [JavaFX Application Thread] INFO  Engine               -       Ask questions and discuss at: https://github.com/AlmasB/FXGL/discussions
23:28:20.143 [JavaFX Application Thread] INFO  Engine               -              Join the FXGL chat at: https://gitter.im/AlmasB/FXGL
23:28:20.268 [JavaFX Application Thread] DEBUG PrimaryStageWindow   - Creating a JavaFX scene
23:28:20.330 [JavaFX Application Thread] DEBUG PrimaryStageWindow   - Target settings size: 800.0 x 600.0
23:28:20.330 [JavaFX Application Thread] DEBUG PrimaryStageWindow   - Scaled scene size:    800.0 x 600.0
23:28:20.331 [JavaFX Application Thread] DEBUG PrimaryStageWindow   - Scaled ratio: (1.0, 1.0)
23:28:20.333 [JavaFX Application Thread] DEBUG PrimaryStageWindow   - Set initial scene to FXGLStartupScene
23:28:20.344 [JavaFX Application Thread] DEBUG PrimaryStageWindow   - Opening main window
23:28:20.464 [JavaFX Application Thread] DEBUG PrimaryStageWindow   - Window border size: (16.0, 39.0)
23:28:20.465 [JavaFX Application Thread] DEBUG PrimaryStageWindow   - Scaled size: 800.0 x 600.0
23:28:20.466 [JavaFX Application Thread] DEBUG PrimaryStageWindow   - Scaled ratio: (1.0, 1.0)
23:28:20.466 [JavaFX Application Thread] DEBUG PrimaryStageWindow   - Scene size: 800.0 x 600.0
23:28:20.467 [JavaFX Application Thread] DEBUG PrimaryStageWindow   - Stage size: 816.0 x 639.0
23:28:20.482 [FXGL Background Thread 1 ] DEBUG Engine               - Initializing environment variables
23:28:20.574 [FXGL Background Thread 1 ] DEBUG FXGLAssetLoaderServi - User app class for loading assets: class com.example.nuclearthroneatomic.Controller
23:28:20.575 [FXGL Background Thread 1 ] DEBUG GameApplicationServi - Applying CSS: fxgl_dark.css
23:28:20.577 [FXGL Background Thread 1 ] DEBUG FXGLAssetLoaderServi - Loading from file system: jar:file:///C:/Users/Usuario/.m2/repository/com/github/almasb/fxgl/17.2/fxgl-17.2.jar!/fxglassets/ui/css/fxgl_dark.css
23:28:20.643 [FXGL Background Thread 1 ] DEBUG GameApplicationServi - Initializing application scenes
23:28:20.719 [FXGL Background Thread 1 ] DEBUG GameWorld            - Game world initialized
23:28:20.842 [FXGL Background Thread 1 ] DEBUG PhysicsWorld         - Physics world initialized: appHeight=600, physics.ppm=50,0
23:28:20.843 [FXGL Background Thread 1 ] DEBUG PhysicsWorld         - Using strategy: BRUTE_FORCE
23:28:20.851 [FXGL Background Thread 1 ] DEBUG GameScene            - Game scene initialized: 800x600
23:28:20.876 [FXGL Background Thread 1 ] DEBUG FXGL.DefaultMenu     - createMenuBodyMainMenu()
23:28:20.905 [FXGL Background Thread 1 ] DEBUG FXGL.DefaultMenu     - createOptionsMenu()
23:28:20.920 [FXGL Background Thread 1 ] DEBUG FXGL.DefaultMenu     - createExtraMenu()
23:28:20.934 [FXGL Background Thread 1 ] DEBUG FXGLAssetLoaderServi - Loading from file system: jar:file:///C:/Users/Usuario/.m2/repository/com/github/almasb/fxgl/17.2/fxgl-17.2.jar!/fxglassets/textures/particles/smoke.png
23:28:21.117 [FXGL Background Thread 1 ] DEBUG FXGLAssetLoaderServi - Loading from file system: jar:file:///C:/Users/Usuario/.m2/repository/com/github/almasb/fxgl/17.2/fxgl-17.2.jar!/fxglassets/textures/particles/trace_horizontal.png
23:28:21.176 [FXGL Background Thread 1 ] DEBUG FXGL.DefaultMenu     - createMenuBodyGameMenu()
23:28:21.179 [FXGL Background Thread 1 ] DEBUG FXGL.DefaultMenu     - createOptionsMenu()
23:28:21.185 [FXGL Background Thread 1 ] DEBUG FXGL.DefaultMenu     - createExtraMenu()
23:28:21.220 [FXGL Background Thread 1 ] DEBUG GameApplicationServi - Application scenes initialized
23:28:21.261 [FXGL Background Thread 1 ] DEBUG SystemBundleService  - Loading FXGL system data
23:28:21.275 [FXGL Background Thread 1 ] DEBUG FileSystemAccess     - Reading from: C:\Users\Usuario\OneDrive - Universidad Icesi (@icesi.edu.co)\APO2\Tareas integradoras\NuclearThroneAtomic\src\nuclearthroneatomic\system\fxgl.bundle
23:28:21.300 [FXGL Background Thread 1 ] DEBUG SystemBundleService  - Bundle FXGL: {}
23:28:21.300 [FXGL Background Thread 1 ] DEBUG UpdaterService       - Checking for updates
23:28:21.314 [FXGL Background Thread 4 ] DEBUG FXGLApplication      - Loading fonts
23:28:21.315 [FXGL Background Thread 1 ] DEBUG FXGLApplication      - Loading default localization
23:28:21.316 [FXGL Background Thread 4 ] DEBUG FXGLAssetLoaderServi - Loading from file system: jar:file:///C:/Users/Usuario/.m2/repository/com/github/almasb/fxgl/17.2/fxgl-17.2.jar!/fxglassets/ui/fonts/VarelaRound-Regular.ttf
23:28:21.317 [FXGL Background Thread 1 ] DEBUG FXGLAssetLoaderServi - Loading from file system: jar:file:///C:/Users/Usuario/.m2/repository/com/github/almasb/fxgl/17.2/fxgl-17.2.jar!/fxglassets/languages/english.lang
23:28:21.352 [FXGL Background Thread 1 ] INFO  FXGLApplication      - FXGL initialization took: 0,870 sec
23:28:21.371 [JavaFX Application Thread] DEBUG Input                - Registered new binding: lucky - Q
23:28:21.372 [JavaFX Application Thread] DEBUG Input                - Registered new binding: health - F
23:28:21.372 [JavaFX Application Thread] DEBUG Input                - Registered new binding: Right - D
23:28:21.374 [JavaFX Application Thread] DEBUG Input                - Registered new binding: Left - A
23:28:21.375 [JavaFX Application Thread] DEBUG Input                - Registered new binding: Up - W
23:28:21.375 [JavaFX Application Thread] DEBUG Input                - Registered new binding: Down - S
23:28:21.377 [JavaFX Application Thread] DEBUG Input                - Registered new binding: Reload - RMB
23:28:21.378 [JavaFX Application Thread] DEBUG Input                - Registered new binding: Shoot - LMB
23:28:21.379 [JavaFX Application Thread] DEBUG FXGLAssetLoaderServi - Loading from file system: file:/C:/Users/Usuario/OneDrive%20-%20Universidad%20Icesi%20(@icesi.edu.co)/APO2/Tareas%20integradoras/NuclearThroneAtomic/src/nuclearthroneatomic/target/classes/assets/music/muiscformenus.mp3
23:28:21.788 [FXGL Background Thread 4 ] DEBUG FXGLAssetLoaderServi - Loading from file system: jar:file:///C:/Users/Usuario/.m2/repository/com/github/almasb/fxgl/17.2/fxgl-17.2.jar!/fxglassets/ui/fonts/Abel-Regular.ttf
23:28:21.796 [FXGL Background Thread 4 ] DEBUG FXGLAssetLoaderServi - Loading from file system: jar:file:///C:/Users/Usuario/.m2/repository/com/github/almasb/fxgl/17.2/fxgl-17.2.jar!/fxglassets/ui/fonts/TerminalLandMono-Regular.otf
23:28:21.806 [FXGL Background Thread 4 ] DEBUG FXGLAssetLoaderServi - Loading from file system: jar:file:///C:/Users/Usuario/.m2/repository/com/github/almasb/fxgl/17.2/fxgl-17.2.jar!/fxglassets/ui/fonts/Courier-Prime.ttf
23:28:21.840 [JavaFX Application Thread] DEBUG AudioPlayer          - Playing music com.almasb.fxgl.audio.Music@8ff42ca
23:28:21.842 [JavaFX Application Thread] DEBUG FXGLAssetLoaderServi - Loading from file system: jar:file:///C:/Users/Usuario/.m2/repository/com/github/almasb/fxgl/17.2/fxgl-17.2.jar!/fxglassets/textures/fxgl_icon.png
23:28:21.888 [JavaFX Application Thread] DEBUG FXGLAssetLoaderServi - Loading from file system: jar:file:///C:/Users/Usuario/.m2/repository/com/github/almasb/fxgl/17.2/fxgl-17.2.jar!/fxglassets/textures/fxgl_default_cursor.png
23:28:21.897 [JavaFX Application Thread] DEBUG Input                - Registered new binding: Screenshot - CTRL+8
23:28:21.900 [JavaFX Application Thread] DEBUG Input                - Registered new binding: System info dump - CTRL+9
23:28:21.902 [JavaFX Application Thread] DEBUG Input                - Registered new binding: Restart - CTRL+R
23:28:21.906 [JavaFX Application Thread] DEBUG Input                - Registered new binding: Toggle Debug Camera - CTRL+7
23:28:21.911 [JavaFX Application Thread] DEBUG LoopRunner           - Starting loop
23:28:21.911 [JavaFX Application Thread] DEBUG LoopRunner           - Initializing JavaFX AnimationTimerLoop
23:28:21.917 [JavaFX Application Thread] DEBUG Input                - Clearing active input actions
23:28:21.958 [JavaFX Application Thread] DEBUG GameApplicationServi - Removing overlay from FXGLStartupScene and adding to FXGLMainMenuDummyScene
23:28:21.959 [JavaFX Application Thread] DEBUG PrimaryStageWindow   - FXGLStartupScene -> FXGLMainMenuDummyScene
23:28:21.959 [JavaFX Application Thread] DEBUG PrimaryStageWindow   - Push state: FXGLDefaultMenu
23:28:21.967 [JavaFX Application Thread] DEBUG Input                - Clearing active input actions
23:28:21.981 [JavaFX Application Thread] DEBUG GameApplicationServi - Removing overlay from FXGLMainMenuDummyScene and adding to FXGLDefaultMenu
23:28:21.983 [JavaFX Application Thread] DEBUG PrimaryStageWindow   - FXGLMainMenuDummyScene -> FXGLDefaultMenu
23:28:22.049 [JavaFX Application Thread] DEBUG FXGLApplication      - Registering font factories with UI factory
23:28:22.586 [FXGL Background Thread 2 ] INFO  UpdaterService       - Your current version:  17.2
23:28:22.587 [FXGL Background Thread 2 ] INFO  UpdaterService       - Latest stable version: 17.3
23:28:24.310 [FXGL Background Thread 3 ] DEBUG Engine               - Logging environment variables
23:28:24.311 [FXGL Background Thread 3 ] DEBUG Engine               - achievements: []
23:28:24.311 [FXGL Background Thread 3 ] DEBUG Engine               - actualHeight: 600.0
23:28:24.311 [FXGL Background Thread 3 ] DEBUG Engine               - actualHeightProperty: ReadOnlyDoubleProperty [value: 600.0]
23:28:24.311 [FXGL Background Thread 3 ] DEBUG Engine               - actualWidth: 800.0
23:28:24.311 [FXGL Background Thread 3 ] DEBUG Engine               - actualWidthProperty: ReadOnlyDoubleProperty [value: 800.0]
23:28:24.311 [FXGL Background Thread 3 ] DEBUG Engine               - appIcon: fxgl_icon.png
23:28:24.312 [FXGL Background Thread 3 ] DEBUG Engine               - applicationMode: DEVELOPER
23:28:24.312 [FXGL Background Thread 3 ] DEBUG Engine               - cSSList: [fxgl_dark.css]
23:28:24.312 [FXGL Background Thread 3 ] DEBUG Engine               - collisionDetectionStrategy: BRUTE_FORCE
23:28:24.312 [FXGL Background Thread 3 ] DEBUG Engine               - configClass: Optional.empty
23:28:24.312 [FXGL Background Thread 3 ] DEBUG Engine               - credits: [Designer . . . . . . . Johan Daniel Aguirre, Program Team . . . . . . Juan Sebastián Libreros,                           Juan Jose Barrera,                           Johan Daniel Aguirre, El mas lindo . . . . . . Juan Sebastián Libreros, Master Thief . . . . . . Johan Daniel Aguirre]
23:28:24.313 [FXGL Background Thread 3 ] DEBUG Engine               - defaultCursor: CursorInfo(imageName=fxgl_default_cursor.png, hotspotX=7.0, hotspotY=6.0)
23:28:24.313 [FXGL Background Thread 3 ] DEBUG Engine               - devBBoxColorProperty: ObjectProperty [value: 0xff0000ff]
23:28:24.313 [FXGL Background Thread 3 ] DEBUG Engine               - devEnableDebugCameraProperty: BooleanProperty [value: false]
23:28:24.313 [FXGL Background Thread 3 ] DEBUG Engine               - devSensorColorProperty: ObjectProperty [value: 0xffff00ff]
23:28:24.313 [FXGL Background Thread 3 ] DEBUG Engine               - devShowBBoxProperty: BooleanProperty [value: false]
23:28:24.313 [FXGL Background Thread 3 ] DEBUG Engine               - devShowPositionProperty: BooleanProperty [value: false]
23:28:24.314 [FXGL Background Thread 3 ] DEBUG Engine               - enabledMenuItems: [EXTRA]
23:28:24.314 [FXGL Background Thread 3 ] DEBUG Engine               - engineServices: [class com.almasb.fxgl.app.services.FXGLAssetLoaderService, class com.almasb.fxgl.app.FXGLApplication$GameApplicationService, class com.almasb.fxgl.app.services.FXGLDialogService, class com.almasb.fxgl.app.services.IOTaskExecutorService, class com.almasb.fxgl.io.FileSystemService, class com.almasb.fxgl.localization.LocalizationService, class com.almasb.fxgl.app.services.SystemBundleService, class com.almasb.fxgl.profile.SaveLoadService, class com.almasb.fxgl.ui.FXGLUIFactoryServiceProvider, class com.almasb.fxgl.ui.FXGLDialogFactoryServiceProvider, class com.almasb.fxgl.audio.AudioPlayer, class com.almasb.fxgl.notification.impl.NotificationServiceProvider, class com.almasb.fxgl.achievement.AchievementService, class com.almasb.fxgl.cutscene.CutsceneService, class com.almasb.fxgl.minigames.MiniGameService, class com.almasb.fxgl.net.NetService, class com.almasb.fxgl.app.services.UpdaterService, class com.almasb.fxgl.dev.DevService]
23:28:24.314 [FXGL Background Thread 3 ] DEBUG Engine               - fontGame: Abel-Regular.ttf
23:28:24.314 [FXGL Background Thread 3 ] DEBUG Engine               - fontMono: TerminalLandMono-Regular.otf
23:28:24.314 [FXGL Background Thread 3 ] DEBUG Engine               - fontText: Courier-Prime.ttf
23:28:24.314 [FXGL Background Thread 3 ] DEBUG Engine               - fontUI: VarelaRound-Regular.ttf
23:28:24.314 [FXGL Background Thread 3 ] DEBUG Engine               - fullScreen: BooleanProperty [value: false]
23:28:24.314 [FXGL Background Thread 3 ] DEBUG Engine               - gameDifficulty: MEDIUM
23:28:24.314 [FXGL Background Thread 3 ] DEBUG Engine               - gameDifficultyProperty: ObjectProperty [value: MEDIUM]
23:28:24.314 [FXGL Background Thread 3 ] DEBUG Engine               - globalMusicVolume: 0.5
23:28:24.314 [FXGL Background Thread 3 ] DEBUG Engine               - globalMusicVolumeProperty: DoubleProperty [value: 1.0]
23:28:24.314 [FXGL Background Thread 3 ] DEBUG Engine               - globalSoundVolume: 0.5
23:28:24.315 [FXGL Background Thread 3 ] DEBUG Engine               - globalSoundVolumeProperty: DoubleProperty [value: 0.1]
23:28:24.315 [FXGL Background Thread 3 ] DEBUG Engine               - height: 600
23:28:24.315 [FXGL Background Thread 3 ] DEBUG Engine               - is3D: false
23:28:24.315 [FXGL Background Thread 3 ] DEBUG Engine               - isAndroid: false
23:28:24.315 [FXGL Background Thread 3 ] DEBUG Engine               - isBrowser: false
23:28:24.315 [FXGL Background Thread 3 ] DEBUG Engine               - isClickFeedbackEnabled: false
23:28:24.315 [FXGL Background Thread 3 ] DEBUG Engine               - isCloseConfirmation: false
23:28:24.315 [FXGL Background Thread 3 ] DEBUG Engine               - isDesktop: true
23:28:24.315 [FXGL Background Thread 3 ] DEBUG Engine               - isDeveloperMenuEnabled: false
23:28:24.315 [FXGL Background Thread 3 ] DEBUG Engine               - isEmbedded: false
23:28:24.315 [FXGL Background Thread 3 ] DEBUG Engine               - isEntityPreloadEnabled: true
23:28:24.315 [FXGL Background Thread 3 ] DEBUG Engine               - isExperimentalTiledLargeMap: false
23:28:24.315 [FXGL Background Thread 3 ] DEBUG Engine               - isFileSystemWriteAllowed: true
23:28:24.315 [FXGL Background Thread 3 ] DEBUG Engine               - isFullScreenAllowed: true
23:28:24.315 [FXGL Background Thread 3 ] DEBUG Engine               - isFullScreenFromStart: false
23:28:24.315 [FXGL Background Thread 3 ] DEBUG Engine               - isGameMenuEnabled: true
23:28:24.315 [FXGL Background Thread 3 ] DEBUG Engine               - isIOS: false
23:28:24.316 [FXGL Background Thread 3 ] DEBUG Engine               - isIntroEnabled: false
23:28:24.316 [FXGL Background Thread 3 ] DEBUG Engine               - isLinux: false
23:28:24.316 [FXGL Background Thread 3 ] DEBUG Engine               - isMac: false
23:28:24.316 [FXGL Background Thread 3 ] DEBUG Engine               - isMainMenuEnabled: true
23:28:24.316 [FXGL Background Thread 3 ] DEBUG Engine               - isManualResizeEnabled: false
23:28:24.316 [FXGL Background Thread 3 ] DEBUG Engine               - isMobile: false
23:28:24.316 [FXGL Background Thread 3 ] DEBUG Engine               - isNative: false
23:28:24.316 [FXGL Background Thread 3 ] DEBUG Engine               - isPauseMusicWhenMinimized: true
23:28:24.316 [FXGL Background Thread 3 ] DEBUG Engine               - isPreserveResizeRatio: false
23:28:24.316 [FXGL Background Thread 3 ] DEBUG Engine               - isProfilingEnabled: false
23:28:24.316 [FXGL Background Thread 3 ] DEBUG Engine               - isScaleAffectedOnResize: true
23:28:24.316 [FXGL Background Thread 3 ] DEBUG Engine               - isSingleStep: false
23:28:24.316 [FXGL Background Thread 3 ] DEBUG Engine               - isUserProfileEnabled: false
23:28:24.316 [FXGL Background Thread 3 ] DEBUG Engine               - isWindows: true
23:28:24.316 [FXGL Background Thread 3 ] DEBUG Engine               - language: ObjectProperty [value: ENGLISH]
23:28:24.317 [FXGL Background Thread 3 ] DEBUG Engine               - menuKey: ESCAPE
23:28:24.317 [FXGL Background Thread 3 ] DEBUG Engine               - mouseSensitivity: 0.2
23:28:24.317 [FXGL Background Thread 3 ] DEBUG Engine               - notificationViewClass: class com.almasb.fxgl.notification.view.XboxNotificationView
23:28:24.317 [FXGL Background Thread 3 ] DEBUG Engine               - pixelsPerMeter: 50.0
23:28:24.317 [FXGL Background Thread 3 ] DEBUG Engine               - platform: WINDOWS
23:28:24.317 [FXGL Background Thread 3 ] DEBUG Engine               - prefHeightProperty: ReadOnlyDoubleProperty [value: 600.0]
23:28:24.317 [FXGL Background Thread 3 ] DEBUG Engine               - prefWidthProperty: ReadOnlyDoubleProperty [value: 800.0]
23:28:24.317 [FXGL Background Thread 3 ] DEBUG Engine               - profileDir: profiles/
23:28:24.317 [FXGL Background Thread 3 ] DEBUG Engine               - profileName: StringProperty [value: DEFAULT]
23:28:24.317 [FXGL Background Thread 3 ] DEBUG Engine               - randomSeed: -1
23:28:24.318 [FXGL Background Thread 3 ] DEBUG Engine               - runtimeInfo: RuntimeInfo(platform=WINDOWS, version=17.2, build=20.08.2022 16.50)
23:28:24.318 [FXGL Background Thread 3 ] DEBUG Engine               - saveFileExt: sav
23:28:24.318 [FXGL Background Thread 3 ] DEBUG Engine               - scaledHeightProp$fxgl: DoubleProperty [bound, value: 600.0]
23:28:24.318 [FXGL Background Thread 3 ] DEBUG Engine               - scaledWidthProp$fxgl: DoubleProperty [bound, value: 800.0]
23:28:24.318 [FXGL Background Thread 3 ] DEBUG Engine               - sceneFactory: com.almasb.fxgl.app.scene.SceneFactory@31407f85
23:28:24.318 [FXGL Background Thread 3 ] DEBUG Engine               - secondsIn24h: 60
23:28:24.319 [FXGL Background Thread 3 ] DEBUG Engine               - soundMenuBack: menu/back.wav
23:28:24.319 [FXGL Background Thread 3 ] DEBUG Engine               - soundMenuPress: menu/press.wav
23:28:24.319 [FXGL Background Thread 3 ] DEBUG Engine               - soundMenuSelect: menu/select.wav
23:28:24.319 [FXGL Background Thread 3 ] DEBUG Engine               - soundNotification: core/notification.wav
23:28:24.319 [FXGL Background Thread 3 ] DEBUG Engine               - stageStyle: DECORATED
23:28:24.319 [FXGL Background Thread 3 ] DEBUG Engine               - supportedLanguages: [ENGLISH, FRENCH, GERMAN, HUNGARIAN, RUSSIAN]
23:28:24.319 [FXGL Background Thread 3 ] DEBUG Engine               - ticksPerSecond: -1
23:28:24.319 [FXGL Background Thread 3 ] DEBUG Engine               - title: Nuclear Throne Atomic
23:28:24.319 [FXGL Background Thread 3 ] DEBUG Engine               - urlGithub: https://github.com/AlmasB/FXGL
23:28:24.319 [FXGL Background Thread 3 ] DEBUG Engine               - urlLeaderboard: http://fxgl-top.herokuapp.com/
23:28:24.319 [FXGL Background Thread 3 ] DEBUG Engine               - urlPOM: https://raw.githubusercontent.com/AlmasB/FXGL/release/README.md
23:28:24.320 [FXGL Background Thread 3 ] DEBUG Engine               - userAppClass: class com.example.nuclearthroneatomic.Controller
23:28:24.320 [FXGL Background Thread 3 ] DEBUG Engine               - version: 0.0
23:28:24.320 [FXGL Background Thread 3 ] DEBUG Engine               - versionCheckDays: 7
23:28:24.320 [FXGL Background Thread 3 ] DEBUG Engine               - width: 800
23:28:24.320 [FXGL Background Thread 3 ] DEBUG Engine               - Logging services
23:28:24.320 [FXGL Background Thread 3 ] DEBUG Engine               - class com.almasb.fxgl.app.services.FXGLAssetLoaderService
23:28:24.320 [FXGL Background Thread 3 ] DEBUG Engine               - class com.almasb.fxgl.app.FXGLApplication$GameApplicationService
23:28:24.320 [FXGL Background Thread 3 ] DEBUG Engine               - class com.almasb.fxgl.app.services.FXGLDialogService
23:28:24.320 [FXGL Background Thread 3 ] DEBUG Engine               - class com.almasb.fxgl.app.services.IOTaskExecutorService
23:28:24.320 [FXGL Background Thread 3 ] DEBUG Engine               - class com.almasb.fxgl.io.FileSystemService
23:28:24.320 [FXGL Background Thread 3 ] DEBUG Engine               - class com.almasb.fxgl.localization.LocalizationService
23:28:24.320 [FXGL Background Thread 3 ] DEBUG Engine               - class com.almasb.fxgl.app.services.SystemBundleService
23:28:24.320 [FXGL Background Thread 3 ] DEBUG Engine               - class com.almasb.fxgl.profile.SaveLoadService
23:28:24.321 [FXGL Background Thread 3 ] DEBUG Engine               - class com.almasb.fxgl.ui.FXGLUIFactoryServiceProvider
23:28:24.321 [FXGL Background Thread 3 ] DEBUG Engine               - class com.almasb.fxgl.ui.FXGLDialogFactoryServiceProvider
23:28:24.321 [FXGL Background Thread 3 ] DEBUG Engine               - class com.almasb.fxgl.audio.AudioPlayer
23:28:24.321 [FXGL Background Thread 3 ] DEBUG Engine               - class com.almasb.fxgl.notification.impl.NotificationServiceProvider
23:28:24.321 [FXGL Background Thread 3 ] DEBUG Engine               - class com.almasb.fxgl.achievement.AchievementService
23:28:24.321 [FXGL Background Thread 3 ] DEBUG Engine               - class com.almasb.fxgl.cutscene.CutsceneService
23:28:24.321 [FXGL Background Thread 3 ] DEBUG Engine               - class com.almasb.fxgl.minigames.MiniGameService
23:28:24.321 [FXGL Background Thread 3 ] DEBUG Engine               - class com.almasb.fxgl.net.NetService
23:28:24.321 [FXGL Background Thread 3 ] DEBUG Engine               - class com.almasb.fxgl.app.services.UpdaterService
23:28:24.321 [FXGL Background Thread 3 ] DEBUG Engine               - class com.almasb.fxgl.dev.DevService
23:28:26.174 [JavaFX Application Thread] DEBUG FXGL.DefaultMenu     - createContentAudio()
23:28:32.207 [JavaFX Application Thread] DEBUG Menu                 - fireNewGame()
23:28:32.207 [JavaFX Application Thread] DEBUG GameApplicationServi - Starting new game
23:28:32.207 [JavaFX Application Thread] DEBUG PrimaryStageWindow   - Pop state: FXGLDefaultMenu
23:28:32.208 [JavaFX Application Thread] DEBUG Input                - Clearing active input actions
23:28:32.208 [JavaFX Application Thread] DEBUG GameApplicationServi - Removing overlay from FXGLDefaultMenu and adding to FXGLMainMenuDummyScene
23:28:32.209 [JavaFX Application Thread] DEBUG PrimaryStageWindow   - FXGLMainMenuDummyScene <- FXGLDefaultMenu
23:28:32.209 [JavaFX Application Thread] DEBUG Input                - Clearing active input actions
23:28:32.215 [JavaFX Application Thread] DEBUG GameApplicationServi - Removing overlay from FXGLMainMenuDummyScene and adding to FXGLLoadingScene
23:28:32.215 [JavaFX Application Thread] DEBUG PrimaryStageWindow   - FXGLMainMenuDummyScene -> FXGLLoadingScene
23:28:32.215 [JavaFX Application Thread] DEBUG GameApplicationServi - Clearing previous game
23:28:32.215 [JavaFX Application Thread] DEBUG GameScene            - Clearing game scene
23:28:32.216 [JavaFX Application Thread] DEBUG GameWorld            - Clearing game world
23:28:32.216 [JavaFX Application Thread] DEBUG PhysicsWorld         - Clearing physics world
23:28:32.218 [FXGL Background Thread 2 ] DEBUG FXGLApplication      - Initializing game
23:28:32.229 [FXGL Background Thread 2 ] DEBUG FXGLAssetLoaderServi - Loading from file system: file:/C:/Users/Usuario/OneDrive%20-%20Universidad%20Icesi%20(@icesi.edu.co)/APO2/Tareas%20integradoras/NuclearThroneAtomic/src/nuclearthroneatomic/target/classes/assets/textures/Avatar/1-Idle/1.png
23:28:32.232 [FXGL Background Thread 2 ] DEBUG FXGLAssetLoaderServi - Loading from file system: file:/C:/Users/Usuario/OneDrive%20-%20Universidad%20Icesi%20(@icesi.edu.co)/APO2/Tareas%20integradoras/NuclearThroneAtomic/src/nuclearthroneatomic/target/classes/assets/textures/Avatar/1-Idle/2.png
23:28:32.235 [FXGL Background Thread 2 ] DEBUG FXGLAssetLoaderServi - Loading from file system: file:/C:/Users/Usuario/OneDrive%20-%20Universidad%20Icesi%20(@icesi.edu.co)/APO2/Tareas%20integradoras/NuclearThroneAtomic/src/nuclearthroneatomic/target/classes/assets/textures/Avatar/1-Idle/3.png
23:28:32.237 [FXGL Background Thread 2 ] DEBUG FXGLAssetLoaderServi - Loading from file system: file:/C:/Users/Usuario/OneDrive%20-%20Universidad%20Icesi%20(@icesi.edu.co)/APO2/Tareas%20integradoras/NuclearThroneAtomic/src/nuclearthroneatomic/target/classes/assets/textures/Avatar/1-Idle/4.png
23:28:32.276 [FXGL Background Thread 2 ] DEBUG FXGLAssetLoaderServi - Loading from file system: file:/C:/Users/Usuario/OneDrive%20-%20Universidad%20Icesi%20(@icesi.edu.co)/APO2/Tareas%20integradoras/NuclearThroneAtomic/src/nuclearthroneatomic/target/classes/assets/textures/Avatar/2-Run/1.png
23:28:32.278 [FXGL Background Thread 2 ] DEBUG FXGLAssetLoaderServi - Loading from file system: file:/C:/Users/Usuario/OneDrive%20-%20Universidad%20Icesi%20(@icesi.edu.co)/APO2/Tareas%20integradoras/NuclearThroneAtomic/src/nuclearthroneatomic/target/classes/assets/textures/Avatar/2-Run/2.png
23:28:32.280 [FXGL Background Thread 2 ] DEBUG FXGLAssetLoaderServi - Loading from file system: file:/C:/Users/Usuario/OneDrive%20-%20Universidad%20Icesi%20(@icesi.edu.co)/APO2/Tareas%20integradoras/NuclearThroneAtomic/src/nuclearthroneatomic/target/classes/assets/textures/Avatar/2-Run/3.png
23:28:32.282 [FXGL Background Thread 2 ] DEBUG FXGLAssetLoaderServi - Loading from file system: file:/C:/Users/Usuario/OneDrive%20-%20Universidad%20Icesi%20(@icesi.edu.co)/APO2/Tareas%20integradoras/NuclearThroneAtomic/src/nuclearthroneatomic/target/classes/assets/textures/Avatar/2-Run/4.png
23:28:32.283 [FXGL Background Thread 2 ] DEBUG FXGLAssetLoaderServi - Loading from file system: file:/C:/Users/Usuario/OneDrive%20-%20Universidad%20Icesi%20(@icesi.edu.co)/APO2/Tareas%20integradoras/NuclearThroneAtomic/src/nuclearthroneatomic/target/classes/assets/textures/Avatar/2-Run/5.png
23:28:32.286 [FXGL Background Thread 2 ] DEBUG FXGLAssetLoaderServi - Loading from file system: file:/C:/Users/Usuario/OneDrive%20-%20Universidad%20Icesi%20(@icesi.edu.co)/APO2/Tareas%20integradoras/NuclearThroneAtomic/src/nuclearthroneatomic/target/classes/assets/textures/Avatar/2-Run/6.png
23:28:32.293 [FXGL Background Thread 2 ] DEBUG FXGLAssetLoaderServi - Loading from file system: file:/C:/Users/Usuario/OneDrive%20-%20Universidad%20Icesi%20(@icesi.edu.co)/APO2/Tareas%20integradoras/NuclearThroneAtomic/src/nuclearthroneatomic/target/classes/assets/textures/Munition/1.png
23:28:32.351 [FXGL Background Thread 2 ] DEBUG FXGLAssetLoaderServi - Loading from file system: file:/C:/Users/Usuario/OneDrive%20-%20Universidad%20Icesi%20(@icesi.edu.co)/APO2/Tareas%20integradoras/NuclearThroneAtomic/src/nuclearthroneatomic/target/classes/assets/textures/hud/lifeplayer.png
23:28:32.358 [FXGL Background Thread 2 ] DEBUG FXGLAssetLoaderServi - Loading from file system: file:/C:/Users/Usuario/OneDrive%20-%20Universidad%20Icesi%20(@icesi.edu.co)/APO2/Tareas%20integradoras/NuclearThroneAtomic/src/nuclearthroneatomic/target/classes/assets/textures/hud/medkit.png
23:28:32.361 [FXGL Background Thread 2 ] DEBUG FXGLAssetLoaderServi - Loading from file system: file:/C:/Users/Usuario/OneDrive%20-%20Universidad%20Icesi%20(@icesi.edu.co)/APO2/Tareas%20integradoras/NuclearThroneAtomic/src/nuclearthroneatomic/target/classes/assets/textures/hud/trebol.png
23:28:32.366 [FXGL Background Thread 2 ] DEBUG FXGLAssetLoaderServi - Loading from file system: file:/C:/Users/Usuario/OneDrive%20-%20Universidad%20Icesi%20(@icesi.edu.co)/APO2/Tareas%20integradoras/NuclearThroneAtomic/src/nuclearthroneatomic/target/classes/assets/textures/Guns/1.png
23:28:32.372 [FXGL Background Thread 2 ] DEBUG FXGLAssetLoaderServi - Loading from file system: file:/C:/Users/Usuario/OneDrive%20-%20Universidad%20Icesi%20(@icesi.edu.co)/APO2/Tareas%20integradoras/NuclearThroneAtomic/src/nuclearthroneatomic/target/classes/assets/textures/enemy/1-Idle/1.png
23:28:32.375 [FXGL Background Thread 2 ] DEBUG FXGLAssetLoaderServi - Loading from file system: file:/C:/Users/Usuario/OneDrive%20-%20Universidad%20Icesi%20(@icesi.edu.co)/APO2/Tareas%20integradoras/NuclearThroneAtomic/src/nuclearthroneatomic/target/classes/assets/textures/enemy/1-Idle/2.png
23:28:32.377 [FXGL Background Thread 2 ] DEBUG FXGLAssetLoaderServi - Loading from file system: file:/C:/Users/Usuario/OneDrive%20-%20Universidad%20Icesi%20(@icesi.edu.co)/APO2/Tareas%20integradoras/NuclearThroneAtomic/src/nuclearthroneatomic/target/classes/assets/textures/enemy/1-Idle/3.png
23:28:32.379 [FXGL Background Thread 2 ] DEBUG FXGLAssetLoaderServi - Loading from file system: file:/C:/Users/Usuario/OneDrive%20-%20Universidad%20Icesi%20(@icesi.edu.co)/APO2/Tareas%20integradoras/NuclearThroneAtomic/src/nuclearthroneatomic/target/classes/assets/textures/enemy/1-Idle/4.png
23:28:32.387 [FXGL Background Thread 2 ] DEBUG FXGLAssetLoaderServi - Loading from file system: file:/C:/Users/Usuario/OneDrive%20-%20Universidad%20Icesi%20(@icesi.edu.co)/APO2/Tareas%20integradoras/NuclearThroneAtomic/src/nuclearthroneatomic/target/classes/assets/textures/enemy/2-Run/1.png
23:28:32.389 [FXGL Background Thread 2 ] DEBUG FXGLAssetLoaderServi - Loading from file system: file:/C:/Users/Usuario/OneDrive%20-%20Universidad%20Icesi%20(@icesi.edu.co)/APO2/Tareas%20integradoras/NuclearThroneAtomic/src/nuclearthroneatomic/target/classes/assets/textures/enemy/2-Run/2.png
23:28:32.391 [FXGL Background Thread 2 ] DEBUG FXGLAssetLoaderServi - Loading from file system: file:/C:/Users/Usuario/OneDrive%20-%20Universidad%20Icesi%20(@icesi.edu.co)/APO2/Tareas%20integradoras/NuclearThroneAtomic/src/nuclearthroneatomic/target/classes/assets/textures/enemy/2-Run/3.png
23:28:32.393 [FXGL Background Thread 2 ] DEBUG FXGLAssetLoaderServi - Loading from file system: file:/C:/Users/Usuario/OneDrive%20-%20Universidad%20Icesi%20(@icesi.edu.co)/APO2/Tareas%20integradoras/NuclearThroneAtomic/src/nuclearthroneatomic/target/classes/assets/textures/enemy/2-Run/4.png
23:28:32.394 [FXGL Background Thread 2 ] DEBUG FXGLAssetLoaderServi - Loading from file system: file:/C:/Users/Usuario/OneDrive%20-%20Universidad%20Icesi%20(@icesi.edu.co)/APO2/Tareas%20integradoras/NuclearThroneAtomic/src/nuclearthroneatomic/target/classes/assets/textures/enemy/2-Run/5.png
23:28:32.396 [FXGL Background Thread 2 ] DEBUG FXGLAssetLoaderServi - Loading from file system: file:/C:/Users/Usuario/OneDrive%20-%20Universidad%20Icesi%20(@icesi.edu.co)/APO2/Tareas%20integradoras/NuclearThroneAtomic/src/nuclearthroneatomic/target/classes/assets/textures/enemy/2-Run/6.png
23:28:32.414 [FXGL Background Thread 2 ] DEBUG FXGLAssetLoaderServi - Loading from file system: file:/C:/Users/Usuario/OneDrive%20-%20Universidad%20Icesi%20(@icesi.edu.co)/APO2/Tareas%20integradoras/NuclearThroneAtomic/src/nuclearthroneatomic/target/classes/assets/textures/mouse/mousecomplete.png
23:28:32.417 [FXGL Background Thread 2 ] DEBUG FXGLAssetLoaderServi - Loading from file system: file:/C:/Users/Usuario/OneDrive%20-%20Universidad%20Icesi%20(@icesi.edu.co)/APO2/Tareas%20integradoras/NuclearThroneAtomic/src/nuclearthroneatomic/target/classes/assets/textures/Wall/1.png
23:28:32.587 [FXGL Background Thread 2 ] INFO  FXGLApplication      - Game initialization took: 0,369 sec
23:28:32.590 [JavaFX Application Thread] DEBUG Input                - Clearing active input actions
23:28:32.598 [JavaFX Application Thread] DEBUG GameApplicationServi - Removing overlay from FXGLLoadingScene and adding to GameScene
23:28:32.599 [JavaFX Application Thread] DEBUG PrimaryStageWindow   - FXGLLoadingScene -> GameScene
23:28:32.624 [JavaFX Application Thread] DEBUG LoopRunner           - Stopping loop
23:28:32.626 [JavaFX Application Thread] FATAL FXGLApplication      - Uncaught Exception:
java.util.ConcurrentModificationException
	at java.base/java.util.ArrayList.forEach(ArrayList.java:1513)
	at com.example.nuclearthroneatomic/com.example.nuclearthroneatomic.Controller.loadLevel(Controller.java:73)
	at com.example.nuclearthroneatomic/com.example.nuclearthroneatomic.Controller.onUpdate(Controller.java:248)
	at com.almasb.fxgl.all@17.2/com.almasb.fxgl.app.FXGLApplication$GameApplicationService.onGameUpdate(FXGLApplication.kt:421)
	at com.almasb.fxgl.all@17.2/com.almasb.fxgl.app.Engine.onGameUpdate(Engine.kt:138)
	at com.almasb.fxgl.all@17.2/com.almasb.fxgl.app.FXGLApplication.postServicesInit$lambda-7(FXGLApplication.kt:182)
	at com.almasb.fxgl.scene@17.2/com.almasb.fxgl.scene.Scene.update(Scene.kt:113)
	at com.almasb.fxgl.all@17.2/com.almasb.fxgl.app.MainWindow$update$1.invoke(MainWindow.kt:115)
	at com.almasb.fxgl.all@17.2/com.almasb.fxgl.app.MainWindow$update$1.invoke(MainWindow.kt:115)
	at com.almasb.fxgl.core@17.2/com.almasb.fxgl.core.fsm.StateMachine.runOnActiveStates(StateMachine.kt:69)
	at com.almasb.fxgl.all@17.2/com.almasb.fxgl.app.MainWindow.update(MainWindow.kt:115)
	at com.almasb.fxgl.all@17.2/com.almasb.fxgl.app.FXGLApplication$GameApplicationService.onUpdate(FXGLApplication.kt:426)
	at com.almasb.fxgl.all@17.2/com.almasb.fxgl.app.Engine.loop(Engine.kt:134)
	at com.almasb.fxgl.all@17.2/com.almasb.fxgl.app.Engine.access$loop(Engine.kt:24)
	at com.almasb.fxgl.all@17.2/com.almasb.fxgl.app.Engine$loop$1.invoke(Engine.kt:28)
	at com.almasb.fxgl.all@17.2/com.almasb.fxgl.app.Engine$loop$1.invoke(Engine.kt:28)
	at com.almasb.fxgl.all@17.2/com.almasb.fxgl.app.LoopRunner.frame(LoopRunner.kt:103)
	at com.almasb.fxgl.all@17.2/com.almasb.fxgl.app.LoopRunner.access$frame(LoopRunner.kt:23)
	at com.almasb.fxgl.all@17.2/com.almasb.fxgl.app.LoopRunner$impl$2$1.onTick(LoopRunner.kt:57)
	at com.almasb.fxgl.all@17.2/com.almasb.fxgl.app.AnimationTimerLoop$timer$1.handle(LoopRunner.kt:137)
	at javafx.graphics@18.0.2/javafx.animation.AnimationTimer$AnimationTimerReceiver.lambda$handle$0(AnimationTimer.java:58)
	at java.base/java.security.AccessController.doPrivileged(AccessController.java:400)
	at javafx.graphics@18.0.2/javafx.animation.AnimationTimer$AnimationTimerReceiver.handle(AnimationTimer.java:57)
	at javafx.graphics@18.0.2/com.sun.scenario.animation.AbstractPrimaryTimer.timePulseImpl(AbstractPrimaryTimer.java:356)
	at javafx.graphics@18.0.2/com.sun.scenario.animation.AbstractPrimaryTimer$MainLoop.run(AbstractPrimaryTimer.java:266)
	at javafx.graphics@18.0.2/com.sun.javafx.tk.quantum.QuantumToolkit.pulse(QuantumToolkit.java:571)
	at javafx.graphics@18.0.2/com.sun.javafx.tk.quantum.QuantumToolkit.pulse(QuantumToolkit.java:555)
	at javafx.graphics@18.0.2/com.sun.javafx.tk.quantum.QuantumToolkit.pulseFromQueue(QuantumToolkit.java:548)
	at javafx.graphics@18.0.2/com.sun.javafx.tk.quantum.QuantumToolkit.lambda$runToolkit$11(QuantumToolkit.java:352)
	at javafx.graphics@18.0.2/com.sun.glass.ui.InvokeLaterDispatcher$Future.run(InvokeLaterDispatcher.java:96)
	at javafx.graphics@18.0.2/com.sun.glass.ui.win.WinApplication._runLoop(Native Method)
	at javafx.graphics@18.0.2/com.sun.glass.ui.win.WinApplication.lambda$runLoop$3(WinApplication.java:184)
	at java.base/java.lang.Thread.run(Thread.java:1623)

23:28:32.627 [JavaFX Application Thread] FATAL FXGLApplication      - Application will now exit
23:28:32.649 [JavaFX Application Thread] DEBUG PrimaryStageWindow   - Push state: ErrorSubScene
23:28:32.649 [JavaFX Application Thread] DEBUG Input                - Clearing active input actions
23:28:32.651 [JavaFX Application Thread] DEBUG GameApplicationServi - Removing overlay from GameScene and adding to ErrorSubScene
23:28:32.651 [JavaFX Application Thread] DEBUG PrimaryStageWindow   - GameScene -> ErrorSubScene
23:29:00.481 [JavaFX Application Thread] DEBUG FXGLApplication      - Exiting FXGL
23:29:00.481 [JavaFX Application Thread] DEBUG Async                - Shutting down background threads
23:29:00.481 [JavaFX Application Thread] DEBUG PrimaryStageWindow   - Closing main window
23:29:00.499 [JavaFX Application Thread] DEBUG Logger               - Closing Logger
