12:04:19.342 [main                     ] DEBUG Logger               - Configured Logger
12:04:19.387 [main                     ] DEBUG GameApplication      - Logging settings
Title: Nuclear Throne Atomic
Version: 0.0
Width: 800
Height: 600
Fullscreen: true
Intro: false
Profiling: false
Single step:false
App Mode: DEVELOPER
Menu Key: ESCAPE
Stage Style: DECORATED
Scene Factory: class com.almasb.fxgl.app.scene.SceneFactory

12:04:19.932 [JavaFX Application Thread] DEBUG FXGLApplication      - Initializing FXGL
12:04:19.939 [JavaFX Application Thread] INFO  Engine               - FXGL-17.2 (20.08.2022 16.50) on WINDOWS (J:19.0.2 FX:19.0.2.1)
12:04:19.939 [JavaFX Application Thread] DEBUG Engine               - JRE Vendor Name: Oracle Corporation
12:04:19.939 [JavaFX Application Thread] DEBUG Engine               - Running on OS: Windows 10 version 10.0
12:04:19.940 [JavaFX Application Thread] DEBUG Engine               - Architecture: amd64
12:04:19.940 [JavaFX Application Thread] INFO  Engine               - Source code and latest versions at: https://github.com/AlmasB/FXGL
12:04:19.940 [JavaFX Application Thread] INFO  Engine               -       Ask questions and discuss at: https://github.com/AlmasB/FXGL/discussions
12:04:19.941 [JavaFX Application Thread] INFO  Engine               -              Join the FXGL chat at: https://gitter.im/AlmasB/FXGL
12:04:20.083 [JavaFX Application Thread] DEBUG PrimaryStageWindow   - Creating a JavaFX scene
12:04:20.147 [JavaFX Application Thread] DEBUG PrimaryStageWindow   - Target settings size: 800.0 x 600.0
12:04:20.147 [JavaFX Application Thread] DEBUG PrimaryStageWindow   - Scaled scene size:    800.0 x 600.0
12:04:20.148 [JavaFX Application Thread] DEBUG PrimaryStageWindow   - Scaled ratio: (1.0, 1.0)
12:04:20.149 [JavaFX Application Thread] DEBUG PrimaryStageWindow   - Set initial scene to FXGLStartupScene
12:04:20.157 [JavaFX Application Thread] DEBUG PrimaryStageWindow   - Opening main window
12:04:20.812 [JavaFX Application Thread] DEBUG PrimaryStageWindow   - Window border size: (16.0, 39.0)
12:04:20.812 [JavaFX Application Thread] DEBUG PrimaryStageWindow   - Scaled size: 800.0 x 600.0
12:04:20.813 [JavaFX Application Thread] DEBUG PrimaryStageWindow   - Scaled ratio: (1.0, 1.0)
12:04:20.814 [JavaFX Application Thread] DEBUG PrimaryStageWindow   - Scene size: 800.0 x 600.0
12:04:20.814 [JavaFX Application Thread] DEBUG PrimaryStageWindow   - Stage size: 816.0 x 639.0
12:04:20.974 [JavaFX Application Thread] DEBUG PrimaryStageWindow   - Going fullscreen
12:04:21.049 [FXGL Background Thread 1 ] DEBUG Engine               - Initializing environment variables
12:04:21.174 [FXGL Background Thread 1 ] DEBUG FXGLAssetLoaderServi - User app class for loading assets: class com.example.nuclearthroneatomic.Controller
12:04:21.175 [FXGL Background Thread 1 ] DEBUG GameApplicationServi - Applying CSS: fxgl_dark.css
12:04:21.176 [FXGL Background Thread 1 ] DEBUG FXGLAssetLoaderServi - Loading from file system: jar:file:///C:/Users/Juan/.m2/repository/com/github/almasb/fxgl/17.2/fxgl-17.2.jar!/fxglassets/ui/css/fxgl_dark.css
12:04:21.250 [FXGL Background Thread 1 ] DEBUG GameApplicationServi - Initializing application scenes
12:04:21.559 [FXGL Background Thread 1 ] DEBUG GameWorld            - Game world initialized
12:04:21.698 [FXGL Background Thread 1 ] DEBUG PhysicsWorld         - Physics world initialized: appHeight=600, physics.ppm=50,0
12:04:21.698 [FXGL Background Thread 1 ] DEBUG PhysicsWorld         - Using strategy: BRUTE_FORCE
12:04:21.703 [FXGL Background Thread 1 ] DEBUG GameScene            - Game scene initialized: 800x600
12:04:21.718 [FXGL Background Thread 1 ] DEBUG FXGL.DefaultMenu     - createMenuBodyMainMenu()
12:04:21.736 [FXGL Background Thread 1 ] DEBUG FXGL.DefaultMenu     - createOptionsMenu()
12:04:21.746 [FXGL Background Thread 1 ] DEBUG FXGL.DefaultMenu     - createExtraMenu()
12:04:21.755 [FXGL Background Thread 1 ] DEBUG FXGLAssetLoaderServi - Loading from file system: jar:file:///C:/Users/Juan/.m2/repository/com/github/almasb/fxgl/17.2/fxgl-17.2.jar!/fxglassets/textures/particles/smoke.png
12:04:22.328 [FXGL Background Thread 1 ] DEBUG FXGLAssetLoaderServi - Loading from file system: jar:file:///C:/Users/Juan/.m2/repository/com/github/almasb/fxgl/17.2/fxgl-17.2.jar!/fxglassets/textures/particles/trace_horizontal.png
12:04:22.370 [FXGL Background Thread 1 ] DEBUG FXGL.DefaultMenu     - createMenuBodyGameMenu()
12:04:22.372 [FXGL Background Thread 1 ] DEBUG FXGL.DefaultMenu     - createOptionsMenu()
12:04:22.376 [FXGL Background Thread 1 ] DEBUG FXGL.DefaultMenu     - createExtraMenu()
12:04:22.397 [FXGL Background Thread 1 ] DEBUG GameApplicationServi - Application scenes initialized
12:04:22.456 [FXGL Background Thread 1 ] DEBUG SystemBundleService  - Loading FXGL system data
12:04:22.521 [FXGL Background Thread 1 ] DEBUG FileSystemAccess     - Reading from: C:\Users\Juan\Desktop\APOOOO\NuclearThroneAtomic\src\nuclearthroneatomic\system\fxgl.bundle
12:04:22.554 [FXGL Background Thread 1 ] DEBUG SystemBundleService  - Bundle FXGL: {}
12:04:22.554 [FXGL Background Thread 1 ] DEBUG UpdaterService       - Checking for updates
12:04:22.561 [FXGL Background Thread 4 ] DEBUG FXGLApplication      - Loading fonts
12:04:22.562 [FXGL Background Thread 4 ] DEBUG FXGLAssetLoaderServi - Loading from file system: jar:file:///C:/Users/Juan/.m2/repository/com/github/almasb/fxgl/17.2/fxgl-17.2.jar!/fxglassets/ui/fonts/VarelaRound-Regular.ttf
12:04:22.567 [FXGL Background Thread 1 ] DEBUG FXGLApplication      - Loading default localization
12:04:22.568 [FXGL Background Thread 1 ] DEBUG FXGLAssetLoaderServi - Loading from file system: jar:file:///C:/Users/Juan/.m2/repository/com/github/almasb/fxgl/17.2/fxgl-17.2.jar!/fxglassets/languages/english.lang
12:04:22.674 [FXGL Background Thread 4 ] DEBUG FXGLAssetLoaderServi - Loading from file system: jar:file:///C:/Users/Juan/.m2/repository/com/github/almasb/fxgl/17.2/fxgl-17.2.jar!/fxglassets/ui/fonts/Abel-Regular.ttf
12:04:22.689 [FXGL Background Thread 4 ] DEBUG FXGLAssetLoaderServi - Loading from file system: jar:file:///C:/Users/Juan/.m2/repository/com/github/almasb/fxgl/17.2/fxgl-17.2.jar!/fxglassets/ui/fonts/TerminalLandMono-Regular.otf
12:04:22.711 [FXGL Background Thread 1 ] INFO  FXGLApplication      - FXGL initialization took: 1,661 sec
12:04:22.722 [JavaFX Application Thread] DEBUG Input                - Registered new binding: lucky - Q
12:04:22.722 [JavaFX Application Thread] DEBUG Input                - Registered new binding: health - F
12:04:22.722 [JavaFX Application Thread] DEBUG Input                - Registered new binding: Right - D
12:04:22.722 [JavaFX Application Thread] DEBUG Input                - Registered new binding: Left - A
12:04:22.722 [JavaFX Application Thread] DEBUG Input                - Registered new binding: Up - W
12:04:22.722 [JavaFX Application Thread] DEBUG Input                - Registered new binding: Down - S
12:04:22.724 [JavaFX Application Thread] DEBUG Input                - Registered new binding: Reload - RMB
12:04:22.724 [JavaFX Application Thread] DEBUG Input                - Registered new binding: Shoot - LMB
12:04:22.725 [JavaFX Application Thread] DEBUG FXGLAssetLoaderServi - Loading from file system: file:/C:/Users/Juan/Desktop/APOOOO/NuclearThroneAtomic/src/nuclearthroneatomic/target/classes/assets/music/muiscformenus.mp3
12:04:22.728 [FXGL Background Thread 4 ] DEBUG FXGLAssetLoaderServi - Loading from file system: jar:file:///C:/Users/Juan/.m2/repository/com/github/almasb/fxgl/17.2/fxgl-17.2.jar!/fxglassets/ui/fonts/Courier-Prime.ttf
12:04:22.984 [JavaFX Application Thread] DEBUG AudioPlayer          - Playing music com.almasb.fxgl.audio.Music@4ba4c56b
12:04:22.985 [JavaFX Application Thread] DEBUG FXGLAssetLoaderServi - Loading from file system: jar:file:///C:/Users/Juan/.m2/repository/com/github/almasb/fxgl/17.2/fxgl-17.2.jar!/fxglassets/textures/fxgl_icon.png
12:04:23.021 [JavaFX Application Thread] DEBUG FXGLAssetLoaderServi - Loading from file system: jar:file:///C:/Users/Juan/.m2/repository/com/github/almasb/fxgl/17.2/fxgl-17.2.jar!/fxglassets/textures/fxgl_default_cursor.png
12:04:23.024 [JavaFX Application Thread] DEBUG Input                - Registered new binding: Screenshot - CTRL+8
12:04:23.025 [JavaFX Application Thread] DEBUG Input                - Registered new binding: System info dump - CTRL+9
12:04:23.026 [JavaFX Application Thread] DEBUG Input                - Registered new binding: Restart - CTRL+R
12:04:23.027 [JavaFX Application Thread] DEBUG Input                - Registered new binding: Toggle Debug Camera - CTRL+7
12:04:23.028 [JavaFX Application Thread] DEBUG LoopRunner           - Starting loop
12:04:23.028 [JavaFX Application Thread] DEBUG LoopRunner           - Initializing JavaFX AnimationTimerLoop
12:04:23.031 [JavaFX Application Thread] DEBUG Input                - Clearing active input actions
12:04:23.040 [JavaFX Application Thread] DEBUG GameApplicationServi - Removing overlay from FXGLStartupScene and adding to FXGLMainMenuDummyScene
12:04:23.040 [JavaFX Application Thread] DEBUG PrimaryStageWindow   - FXGLStartupScene -> FXGLMainMenuDummyScene
12:04:23.040 [JavaFX Application Thread] DEBUG PrimaryStageWindow   - Push state: FXGLDefaultMenu
12:04:23.045 [JavaFX Application Thread] DEBUG Input                - Clearing active input actions
12:04:23.065 [JavaFX Application Thread] DEBUG GameApplicationServi - Removing overlay from FXGLMainMenuDummyScene and adding to FXGLDefaultMenu
12:04:23.066 [JavaFX Application Thread] DEBUG PrimaryStageWindow   - FXGLMainMenuDummyScene -> FXGLDefaultMenu
12:04:23.114 [JavaFX Application Thread] DEBUG FXGLApplication      - Registering font factories with UI factory
12:04:23.945 [FXGL Background Thread 2 ] INFO  UpdaterService       - Your current version:  17.2
12:04:23.946 [FXGL Background Thread 2 ] INFO  UpdaterService       - Latest stable version: 17.3
12:04:24.428 [JavaFX Application Thread] DEBUG Menu                 - fireNewGame()
12:04:24.428 [JavaFX Application Thread] DEBUG GameApplicationServi - Starting new game
12:04:24.431 [JavaFX Application Thread] DEBUG PrimaryStageWindow   - Pop state: FXGLDefaultMenu
12:04:24.431 [JavaFX Application Thread] DEBUG Input                - Clearing active input actions
12:04:24.432 [JavaFX Application Thread] DEBUG GameApplicationServi - Removing overlay from FXGLDefaultMenu and adding to FXGLMainMenuDummyScene
12:04:24.433 [JavaFX Application Thread] DEBUG PrimaryStageWindow   - FXGLMainMenuDummyScene <- FXGLDefaultMenu
12:04:24.434 [JavaFX Application Thread] DEBUG Input                - Clearing active input actions
12:04:24.447 [JavaFX Application Thread] DEBUG GameApplicationServi - Removing overlay from FXGLMainMenuDummyScene and adding to FXGLLoadingScene
12:04:24.447 [JavaFX Application Thread] DEBUG PrimaryStageWindow   - FXGLMainMenuDummyScene -> FXGLLoadingScene
12:04:24.447 [JavaFX Application Thread] DEBUG GameApplicationServi - Clearing previous game
12:04:24.447 [JavaFX Application Thread] DEBUG GameScene            - Clearing game scene
12:04:24.447 [JavaFX Application Thread] DEBUG GameWorld            - Clearing game world
12:04:24.447 [JavaFX Application Thread] DEBUG PhysicsWorld         - Clearing physics world
12:04:24.449 [FXGL Background Thread 2 ] DEBUG FXGLApplication      - Initializing game
12:04:24.460 [FXGL Background Thread 2 ] DEBUG FXGLAssetLoaderServi - Loading from file system: file:/C:/Users/Juan/Desktop/APOOOO/NuclearThroneAtomic/src/nuclearthroneatomic/target/classes/assets/textures/Background/libraryYesOMG.png
12:04:24.482 [FXGL Background Thread 2 ] DEBUG FXGLAssetLoaderServi - Loading from file system: file:/C:/Users/Juan/Desktop/APOOOO/NuclearThroneAtomic/src/nuclearthroneatomic/target/classes/assets/textures/Avatar/1-Idle/1.png
12:04:24.485 [FXGL Background Thread 2 ] DEBUG FXGLAssetLoaderServi - Loading from file system: file:/C:/Users/Juan/Desktop/APOOOO/NuclearThroneAtomic/src/nuclearthroneatomic/target/classes/assets/textures/Avatar/1-Idle/2.png
12:04:24.489 [FXGL Background Thread 2 ] DEBUG FXGLAssetLoaderServi - Loading from file system: file:/C:/Users/Juan/Desktop/APOOOO/NuclearThroneAtomic/src/nuclearthroneatomic/target/classes/assets/textures/Avatar/1-Idle/3.png
12:04:24.493 [FXGL Background Thread 2 ] DEBUG FXGLAssetLoaderServi - Loading from file system: file:/C:/Users/Juan/Desktop/APOOOO/NuclearThroneAtomic/src/nuclearthroneatomic/target/classes/assets/textures/Avatar/1-Idle/4.png
12:04:24.540 [FXGL Background Thread 2 ] DEBUG FXGLAssetLoaderServi - Loading from file system: file:/C:/Users/Juan/Desktop/APOOOO/NuclearThroneAtomic/src/nuclearthroneatomic/target/classes/assets/textures/Avatar/2-Run/1.png
12:04:24.545 [FXGL Background Thread 2 ] DEBUG FXGLAssetLoaderServi - Loading from file system: file:/C:/Users/Juan/Desktop/APOOOO/NuclearThroneAtomic/src/nuclearthroneatomic/target/classes/assets/textures/Avatar/2-Run/2.png
12:04:24.551 [FXGL Background Thread 2 ] DEBUG FXGLAssetLoaderServi - Loading from file system: file:/C:/Users/Juan/Desktop/APOOOO/NuclearThroneAtomic/src/nuclearthroneatomic/target/classes/assets/textures/Avatar/2-Run/3.png
12:04:24.559 [FXGL Background Thread 2 ] DEBUG FXGLAssetLoaderServi - Loading from file system: file:/C:/Users/Juan/Desktop/APOOOO/NuclearThroneAtomic/src/nuclearthroneatomic/target/classes/assets/textures/Avatar/2-Run/4.png
12:04:24.561 [FXGL Background Thread 2 ] DEBUG FXGLAssetLoaderServi - Loading from file system: file:/C:/Users/Juan/Desktop/APOOOO/NuclearThroneAtomic/src/nuclearthroneatomic/target/classes/assets/textures/Avatar/2-Run/5.png
12:04:24.563 [FXGL Background Thread 2 ] DEBUG FXGLAssetLoaderServi - Loading from file system: file:/C:/Users/Juan/Desktop/APOOOO/NuclearThroneAtomic/src/nuclearthroneatomic/target/classes/assets/textures/Avatar/2-Run/6.png
12:04:24.572 [FXGL Background Thread 2 ] DEBUG FXGLAssetLoaderServi - Loading from file system: file:/C:/Users/Juan/Desktop/APOOOO/NuclearThroneAtomic/src/nuclearthroneatomic/target/classes/assets/textures/Munition/1.png
12:04:24.629 [FXGL Background Thread 2 ] DEBUG FXGLAssetLoaderServi - Loading from file system: file:/C:/Users/Juan/Desktop/APOOOO/NuclearThroneAtomic/src/nuclearthroneatomic/target/classes/assets/textures/hud/lifeplayer.png
12:04:24.638 [FXGL Background Thread 2 ] DEBUG FXGLAssetLoaderServi - Loading from file system: file:/C:/Users/Juan/Desktop/APOOOO/NuclearThroneAtomic/src/nuclearthroneatomic/target/classes/assets/textures/hud/medkit.png
12:04:24.648 [FXGL Background Thread 2 ] DEBUG FXGLAssetLoaderServi - Loading from file system: file:/C:/Users/Juan/Desktop/APOOOO/NuclearThroneAtomic/src/nuclearthroneatomic/target/classes/assets/textures/hud/trebol.png
12:04:24.652 [FXGL Background Thread 2 ] DEBUG FXGLAssetLoaderServi - Loading from file system: file:/C:/Users/Juan/Desktop/APOOOO/NuclearThroneAtomic/src/nuclearthroneatomic/target/classes/assets/textures/Guns/2.png
12:04:24.663 [FXGL Background Thread 2 ] DEBUG FXGLAssetLoaderServi - Loading from file system: file:/C:/Users/Juan/Desktop/APOOOO/NuclearThroneAtomic/src/nuclearthroneatomic/target/classes/assets/textures/enemy/1-Idle/1.png
12:04:24.665 [FXGL Background Thread 2 ] DEBUG FXGLAssetLoaderServi - Loading from file system: file:/C:/Users/Juan/Desktop/APOOOO/NuclearThroneAtomic/src/nuclearthroneatomic/target/classes/assets/textures/enemy/1-Idle/2.png
12:04:24.667 [FXGL Background Thread 2 ] DEBUG FXGLAssetLoaderServi - Loading from file system: file:/C:/Users/Juan/Desktop/APOOOO/NuclearThroneAtomic/src/nuclearthroneatomic/target/classes/assets/textures/enemy/1-Idle/3.png
12:04:24.669 [FXGL Background Thread 2 ] DEBUG FXGLAssetLoaderServi - Loading from file system: file:/C:/Users/Juan/Desktop/APOOOO/NuclearThroneAtomic/src/nuclearthroneatomic/target/classes/assets/textures/enemy/1-Idle/4.png
12:04:24.682 [FXGL Background Thread 2 ] DEBUG FXGLAssetLoaderServi - Loading from file system: file:/C:/Users/Juan/Desktop/APOOOO/NuclearThroneAtomic/src/nuclearthroneatomic/target/classes/assets/textures/enemy/2-Run/1.png
12:04:24.687 [FXGL Background Thread 2 ] DEBUG FXGLAssetLoaderServi - Loading from file system: file:/C:/Users/Juan/Desktop/APOOOO/NuclearThroneAtomic/src/nuclearthroneatomic/target/classes/assets/textures/enemy/2-Run/2.png
12:04:24.693 [FXGL Background Thread 2 ] DEBUG FXGLAssetLoaderServi - Loading from file system: file:/C:/Users/Juan/Desktop/APOOOO/NuclearThroneAtomic/src/nuclearthroneatomic/target/classes/assets/textures/enemy/2-Run/3.png
12:04:24.696 [FXGL Background Thread 2 ] DEBUG FXGLAssetLoaderServi - Loading from file system: file:/C:/Users/Juan/Desktop/APOOOO/NuclearThroneAtomic/src/nuclearthroneatomic/target/classes/assets/textures/enemy/2-Run/4.png
12:04:24.698 [FXGL Background Thread 2 ] DEBUG FXGLAssetLoaderServi - Loading from file system: file:/C:/Users/Juan/Desktop/APOOOO/NuclearThroneAtomic/src/nuclearthroneatomic/target/classes/assets/textures/enemy/2-Run/5.png
12:04:24.701 [FXGL Background Thread 2 ] DEBUG FXGLAssetLoaderServi - Loading from file system: file:/C:/Users/Juan/Desktop/APOOOO/NuclearThroneAtomic/src/nuclearthroneatomic/target/classes/assets/textures/enemy/2-Run/6.png
12:04:24.709 [FXGL Background Thread 2 ] DEBUG FXGLAssetLoaderServi - Loading from file system: file:/C:/Users/Juan/Desktop/APOOOO/NuclearThroneAtomic/src/nuclearthroneatomic/target/classes/assets/textures/Guns/1.png
12:04:24.739 [FXGL Background Thread 2 ] DEBUG FXGLAssetLoaderServi - Loading from file system: file:/C:/Users/Juan/Desktop/APOOOO/NuclearThroneAtomic/src/nuclearthroneatomic/target/classes/assets/textures/mouse/mousecomplete.png
12:04:24.745 [FXGL Background Thread 2 ] DEBUG FXGLAssetLoaderServi - Loading from file system: file:/C:/Users/Juan/Desktop/APOOOO/NuclearThroneAtomic/src/nuclearthroneatomic/target/classes/assets/textures/Wall/1.png
12:04:25.026 [FXGL Background Thread 2 ] INFO  FXGLApplication      - Game initialization took: 0,577 sec
12:04:25.028 [JavaFX Application Thread] DEBUG Input                - Clearing active input actions
12:04:25.042 [JavaFX Application Thread] DEBUG GameApplicationServi - Removing overlay from FXGLLoadingScene and adding to GameScene
12:04:25.043 [JavaFX Application Thread] DEBUG PrimaryStageWindow   - FXGLLoadingScene -> GameScene
12:04:25.561 [FXGL Background Thread 3 ] DEBUG Engine               - Logging environment variables
12:04:25.561 [FXGL Background Thread 3 ] DEBUG Engine               - achievements: []
12:04:25.562 [FXGL Background Thread 3 ] DEBUG Engine               - actualHeight: 768.0
12:04:25.562 [FXGL Background Thread 3 ] DEBUG Engine               - actualHeightProperty: ReadOnlyDoubleProperty [value: 768.0]
12:04:25.562 [FXGL Background Thread 3 ] DEBUG Engine               - actualWidth: 1366.0
12:04:25.562 [FXGL Background Thread 3 ] DEBUG Engine               - actualWidthProperty: ReadOnlyDoubleProperty [value: 1366.0]
12:04:25.562 [FXGL Background Thread 3 ] DEBUG Engine               - appIcon: fxgl_icon.png
12:04:25.562 [FXGL Background Thread 3 ] DEBUG Engine               - applicationMode: DEVELOPER
12:04:25.562 [FXGL Background Thread 3 ] DEBUG Engine               - cSSList: [fxgl_dark.css]
12:04:25.562 [FXGL Background Thread 3 ] DEBUG Engine               - collisionDetectionStrategy: BRUTE_FORCE
12:04:25.562 [FXGL Background Thread 3 ] DEBUG Engine               - configClass: Optional.empty
12:04:25.562 [FXGL Background Thread 3 ] DEBUG Engine               - credits: [Designer . . . . . . . Johan Daniel Aguirre, Program Team . . . . . . Juan Sebastián Libreros,                           Juan Jose Barrera,                           Johan Daniel Aguirre, El mas lindo . . . . . . Juan Sebastián Libreros, Master Thief . . . . . . Johan Daniel Aguirre]
12:04:25.563 [FXGL Background Thread 3 ] DEBUG Engine               - defaultCursor: CursorInfo(imageName=fxgl_default_cursor.png, hotspotX=7.0, hotspotY=6.0)
12:04:25.563 [FXGL Background Thread 3 ] DEBUG Engine               - devBBoxColorProperty: ObjectProperty [value: 0xff0000ff]
12:04:25.563 [FXGL Background Thread 3 ] DEBUG Engine               - devEnableDebugCameraProperty: BooleanProperty [value: false]
12:04:25.563 [FXGL Background Thread 3 ] DEBUG Engine               - devSensorColorProperty: ObjectProperty [value: 0xffff00ff]
12:04:25.563 [FXGL Background Thread 3 ] DEBUG Engine               - devShowBBoxProperty: BooleanProperty [value: false]
12:04:25.563 [FXGL Background Thread 3 ] DEBUG Engine               - devShowPositionProperty: BooleanProperty [value: false]
12:04:25.564 [FXGL Background Thread 3 ] DEBUG Engine               - enabledMenuItems: [EXTRA]
12:04:25.564 [FXGL Background Thread 3 ] DEBUG Engine               - engineServices: [class com.almasb.fxgl.app.services.FXGLAssetLoaderService, class com.almasb.fxgl.app.FXGLApplication$GameApplicationService, class com.almasb.fxgl.app.services.FXGLDialogService, class com.almasb.fxgl.app.services.IOTaskExecutorService, class com.almasb.fxgl.io.FileSystemService, class com.almasb.fxgl.localization.LocalizationService, class com.almasb.fxgl.app.services.SystemBundleService, class com.almasb.fxgl.profile.SaveLoadService, class com.almasb.fxgl.ui.FXGLUIFactoryServiceProvider, class com.almasb.fxgl.ui.FXGLDialogFactoryServiceProvider, class com.almasb.fxgl.audio.AudioPlayer, class com.almasb.fxgl.notification.impl.NotificationServiceProvider, class com.almasb.fxgl.achievement.AchievementService, class com.almasb.fxgl.cutscene.CutsceneService, class com.almasb.fxgl.minigames.MiniGameService, class com.almasb.fxgl.net.NetService, class com.almasb.fxgl.app.services.UpdaterService, class com.almasb.fxgl.dev.DevService]
12:04:25.564 [FXGL Background Thread 3 ] DEBUG Engine               - fontGame: Abel-Regular.ttf
12:04:25.564 [FXGL Background Thread 3 ] DEBUG Engine               - fontMono: TerminalLandMono-Regular.otf
12:04:25.564 [FXGL Background Thread 3 ] DEBUG Engine               - fontText: Courier-Prime.ttf
12:04:25.564 [FXGL Background Thread 3 ] DEBUG Engine               - fontUI: VarelaRound-Regular.ttf
12:04:25.564 [FXGL Background Thread 3 ] DEBUG Engine               - fullScreen: BooleanProperty [value: true]
12:04:25.564 [FXGL Background Thread 3 ] DEBUG Engine               - gameDifficulty: MEDIUM
12:04:25.564 [FXGL Background Thread 3 ] DEBUG Engine               - gameDifficultyProperty: ObjectProperty [value: MEDIUM]
12:04:25.564 [FXGL Background Thread 3 ] DEBUG Engine               - globalMusicVolume: 0.5
12:04:25.564 [FXGL Background Thread 3 ] DEBUG Engine               - globalMusicVolumeProperty: DoubleProperty [value: 1.0]
12:04:25.564 [FXGL Background Thread 3 ] DEBUG Engine               - globalSoundVolume: 0.5
12:04:25.564 [FXGL Background Thread 3 ] DEBUG Engine               - globalSoundVolumeProperty: DoubleProperty [value: 0.1]
12:04:25.564 [FXGL Background Thread 3 ] DEBUG Engine               - height: 600
12:04:25.564 [FXGL Background Thread 3 ] DEBUG Engine               - is3D: false
12:04:25.565 [FXGL Background Thread 3 ] DEBUG Engine               - isAndroid: false
12:04:25.565 [FXGL Background Thread 3 ] DEBUG Engine               - isBrowser: false
12:04:25.565 [FXGL Background Thread 3 ] DEBUG Engine               - isClickFeedbackEnabled: false
12:04:25.565 [FXGL Background Thread 3 ] DEBUG Engine               - isCloseConfirmation: false
12:04:25.565 [FXGL Background Thread 3 ] DEBUG Engine               - isDesktop: true
12:04:25.565 [FXGL Background Thread 3 ] DEBUG Engine               - isDeveloperMenuEnabled: false
12:04:25.565 [FXGL Background Thread 3 ] DEBUG Engine               - isEmbedded: false
12:04:25.565 [FXGL Background Thread 3 ] DEBUG Engine               - isEntityPreloadEnabled: true
12:04:25.565 [FXGL Background Thread 3 ] DEBUG Engine               - isExperimentalTiledLargeMap: false
12:04:25.565 [FXGL Background Thread 3 ] DEBUG Engine               - isFileSystemWriteAllowed: true
12:04:25.565 [FXGL Background Thread 3 ] DEBUG Engine               - isFullScreenAllowed: true
12:04:25.565 [FXGL Background Thread 3 ] DEBUG Engine               - isFullScreenFromStart: true
12:04:25.565 [FXGL Background Thread 3 ] DEBUG Engine               - isGameMenuEnabled: true
12:04:25.565 [FXGL Background Thread 3 ] DEBUG Engine               - isIOS: false
12:04:25.565 [FXGL Background Thread 3 ] DEBUG Engine               - isIntroEnabled: false
12:04:25.565 [FXGL Background Thread 3 ] DEBUG Engine               - isLinux: false
12:04:25.565 [FXGL Background Thread 3 ] DEBUG Engine               - isMac: false
12:04:25.565 [FXGL Background Thread 3 ] DEBUG Engine               - isMainMenuEnabled: true
12:04:25.565 [FXGL Background Thread 3 ] DEBUG Engine               - isManualResizeEnabled: false
12:04:25.566 [FXGL Background Thread 3 ] DEBUG Engine               - isMobile: false
12:04:25.566 [FXGL Background Thread 3 ] DEBUG Engine               - isNative: false
12:04:25.566 [FXGL Background Thread 3 ] DEBUG Engine               - isPauseMusicWhenMinimized: true
12:04:25.566 [FXGL Background Thread 3 ] DEBUG Engine               - isPreserveResizeRatio: false
12:04:25.566 [FXGL Background Thread 3 ] DEBUG Engine               - isProfilingEnabled: false
12:04:25.566 [FXGL Background Thread 3 ] DEBUG Engine               - isScaleAffectedOnResize: true
12:04:25.566 [FXGL Background Thread 3 ] DEBUG Engine               - isSingleStep: false
12:04:25.566 [FXGL Background Thread 3 ] DEBUG Engine               - isUserProfileEnabled: false
12:04:25.566 [FXGL Background Thread 3 ] DEBUG Engine               - isWindows: true
12:04:25.566 [FXGL Background Thread 3 ] DEBUG Engine               - language: ObjectProperty [value: ENGLISH]
12:04:25.566 [FXGL Background Thread 3 ] DEBUG Engine               - menuKey: ESCAPE
12:04:25.566 [FXGL Background Thread 3 ] DEBUG Engine               - mouseSensitivity: 0.2
12:04:25.566 [FXGL Background Thread 3 ] DEBUG Engine               - notificationViewClass: class com.almasb.fxgl.notification.view.XboxNotificationView
12:04:25.566 [FXGL Background Thread 3 ] DEBUG Engine               - pixelsPerMeter: 50.0
12:04:25.566 [FXGL Background Thread 3 ] DEBUG Engine               - platform: WINDOWS
12:04:25.566 [FXGL Background Thread 3 ] DEBUG Engine               - prefHeightProperty: ReadOnlyDoubleProperty [value: 600.0]
12:04:25.566 [FXGL Background Thread 3 ] DEBUG Engine               - prefWidthProperty: ReadOnlyDoubleProperty [value: 800.0]
12:04:25.566 [FXGL Background Thread 3 ] DEBUG Engine               - profileDir: profiles/
12:04:25.567 [FXGL Background Thread 3 ] DEBUG Engine               - profileName: StringProperty [value: DEFAULT]
12:04:25.567 [FXGL Background Thread 3 ] DEBUG Engine               - randomSeed: -1
12:04:25.567 [FXGL Background Thread 3 ] DEBUG Engine               - runtimeInfo: RuntimeInfo(platform=WINDOWS, version=17.2, build=20.08.2022 16.50)
12:04:25.567 [FXGL Background Thread 3 ] DEBUG Engine               - saveFileExt: sav
12:04:25.567 [FXGL Background Thread 3 ] DEBUG Engine               - scaledHeightProp$fxgl: DoubleProperty [bound, value: 768.0]
12:04:25.567 [FXGL Background Thread 3 ] DEBUG Engine               - scaledWidthProp$fxgl: DoubleProperty [bound, value: 1366.0]
12:04:25.567 [FXGL Background Thread 3 ] DEBUG Engine               - sceneFactory: com.almasb.fxgl.app.scene.SceneFactory@298959a7
12:04:25.568 [FXGL Background Thread 3 ] DEBUG Engine               - secondsIn24h: 60
12:04:25.568 [FXGL Background Thread 3 ] DEBUG Engine               - soundMenuBack: menu/back.wav
12:04:25.568 [FXGL Background Thread 3 ] DEBUG Engine               - soundMenuPress: menu/press.wav
12:04:25.568 [FXGL Background Thread 3 ] DEBUG Engine               - soundMenuSelect: menu/select.wav
12:04:25.568 [FXGL Background Thread 3 ] DEBUG Engine               - soundNotification: core/notification.wav
12:04:25.568 [FXGL Background Thread 3 ] DEBUG Engine               - stageStyle: DECORATED
12:04:25.568 [FXGL Background Thread 3 ] DEBUG Engine               - supportedLanguages: [ENGLISH, FRENCH, GERMAN, HUNGARIAN, RUSSIAN]
12:04:25.568 [FXGL Background Thread 3 ] DEBUG Engine               - ticksPerSecond: -1
12:04:25.568 [FXGL Background Thread 3 ] DEBUG Engine               - title: Nuclear Throne Atomic
12:04:25.568 [FXGL Background Thread 3 ] DEBUG Engine               - urlGithub: https://github.com/AlmasB/FXGL
12:04:25.568 [FXGL Background Thread 3 ] DEBUG Engine               - urlLeaderboard: http://fxgl-top.herokuapp.com/
12:04:25.568 [FXGL Background Thread 3 ] DEBUG Engine               - urlPOM: https://raw.githubusercontent.com/AlmasB/FXGL/release/README.md
12:04:25.568 [FXGL Background Thread 3 ] DEBUG Engine               - userAppClass: class com.example.nuclearthroneatomic.Controller
12:04:25.568 [FXGL Background Thread 3 ] DEBUG Engine               - version: 0.0
12:04:25.568 [FXGL Background Thread 3 ] DEBUG Engine               - versionCheckDays: 7
12:04:25.568 [FXGL Background Thread 3 ] DEBUG Engine               - width: 800
12:04:25.569 [FXGL Background Thread 3 ] DEBUG Engine               - Logging services
12:04:25.569 [FXGL Background Thread 3 ] DEBUG Engine               - class com.almasb.fxgl.app.services.FXGLAssetLoaderService
12:04:25.569 [FXGL Background Thread 3 ] DEBUG Engine               - class com.almasb.fxgl.app.FXGLApplication$GameApplicationService
12:04:25.569 [FXGL Background Thread 3 ] DEBUG Engine               - class com.almasb.fxgl.app.services.FXGLDialogService
12:04:25.569 [FXGL Background Thread 3 ] DEBUG Engine               - class com.almasb.fxgl.app.services.IOTaskExecutorService
12:04:25.569 [FXGL Background Thread 3 ] DEBUG Engine               - class com.almasb.fxgl.io.FileSystemService
12:04:25.569 [FXGL Background Thread 3 ] DEBUG Engine               - class com.almasb.fxgl.localization.LocalizationService
12:04:25.569 [FXGL Background Thread 3 ] DEBUG Engine               - class com.almasb.fxgl.app.services.SystemBundleService
12:04:25.569 [FXGL Background Thread 3 ] DEBUG Engine               - class com.almasb.fxgl.profile.SaveLoadService
12:04:25.569 [FXGL Background Thread 3 ] DEBUG Engine               - class com.almasb.fxgl.ui.FXGLUIFactoryServiceProvider
12:04:25.569 [FXGL Background Thread 3 ] DEBUG Engine               - class com.almasb.fxgl.ui.FXGLDialogFactoryServiceProvider
12:04:25.569 [FXGL Background Thread 3 ] DEBUG Engine               - class com.almasb.fxgl.audio.AudioPlayer
12:04:25.570 [FXGL Background Thread 3 ] DEBUG Engine               - class com.almasb.fxgl.notification.impl.NotificationServiceProvider
12:04:25.570 [FXGL Background Thread 3 ] DEBUG Engine               - class com.almasb.fxgl.achievement.AchievementService
12:04:25.570 [FXGL Background Thread 3 ] DEBUG Engine               - class com.almasb.fxgl.cutscene.CutsceneService
12:04:25.570 [FXGL Background Thread 3 ] DEBUG Engine               - class com.almasb.fxgl.minigames.MiniGameService
12:04:25.570 [FXGL Background Thread 3 ] DEBUG Engine               - class com.almasb.fxgl.net.NetService
12:04:25.570 [FXGL Background Thread 3 ] DEBUG Engine               - class com.almasb.fxgl.app.services.UpdaterService
12:04:25.570 [FXGL Background Thread 3 ] DEBUG Engine               - class com.almasb.fxgl.dev.DevService
12:04:25.841 [JavaFX Application Thread] DEBUG FXGLAssetLoaderServi - Loading from file system: file:/C:/Users/Juan/Desktop/APOOOO/NuclearThroneAtomic/src/nuclearthroneatomic/target/classes/assets/textures/Munition/2.png
12:04:26.432 [JavaFX Application Thread] DEBUG FXGLAssetLoaderServi - Loading from file system: file:/C:/Users/Juan/Desktop/APOOOO/NuclearThroneAtomic/src/nuclearthroneatomic/target/classes/assets/textures/Bullet/2.png
12:04:26.914 [JavaFX Application Thread] DEBUG FXGLAssetLoaderServi - Loading from file system: file:/C:/Users/Juan/Desktop/APOOOO/NuclearThroneAtomic/src/nuclearthroneatomic/target/classes/assets/textures/Bullet/1.png
12:04:37.715 [JavaFX Application Thread] DEBUG FXGLAssetLoaderServi - Loading from file system: file:/C:/Users/Juan/Desktop/APOOOO/NuclearThroneAtomic/src/nuclearthroneatomic/target/classes/assets/textures/portal/1.png
12:04:37.741 [JavaFX Application Thread] DEBUG FXGLAssetLoaderServi - Loading from file system: file:/C:/Users/Juan/Desktop/APOOOO/NuclearThroneAtomic/src/nuclearthroneatomic/target/classes/assets/textures/portal/2.png
12:04:37.744 [JavaFX Application Thread] DEBUG FXGLAssetLoaderServi - Loading from file system: file:/C:/Users/Juan/Desktop/APOOOO/NuclearThroneAtomic/src/nuclearthroneatomic/target/classes/assets/textures/portal/3.png
12:04:37.748 [JavaFX Application Thread] DEBUG FXGLAssetLoaderServi - Loading from file system: file:/C:/Users/Juan/Desktop/APOOOO/NuclearThroneAtomic/src/nuclearthroneatomic/target/classes/assets/textures/portal/4.png
12:04:45.287 [JavaFX Application Thread] DEBUG PrimaryStageWindow   - Push state: DialogSubScene
12:04:45.287 [JavaFX Application Thread] DEBUG Input                - Clearing active input actions
12:04:45.288 [JavaFX Application Thread] DEBUG GameApplicationServi - Removing overlay from GameScene and adding to DialogSubScene
12:04:45.288 [JavaFX Application Thread] DEBUG PrimaryStageWindow   - GameScene -> DialogSubScene
12:04:55.726 [JavaFX Application Thread] DEBUG PrimaryStageWindow   - Pop state: DialogSubScene
12:04:55.726 [JavaFX Application Thread] DEBUG Input                - Clearing active input actions
12:04:55.727 [JavaFX Application Thread] DEBUG GameApplicationServi - Removing overlay from DialogSubScene and adding to GameScene
12:04:55.727 [JavaFX Application Thread] DEBUG PrimaryStageWindow   - GameScene <- DialogSubScene
12:04:55.727 [JavaFX Application Thread] DEBUG FXGLApplication      - Exiting FXGL
12:04:55.728 [JavaFX Application Thread] DEBUG LoopRunner           - Stopping loop
12:04:55.728 [JavaFX Application Thread] DEBUG SystemBundleService  - Saving FXGL system data
12:04:55.737 [JavaFX Application Thread] DEBUG FileSystemAccess     - Writing to: C:\Users\Juan\Desktop\APOOOO\NuclearThroneAtomic\src\nuclearthroneatomic\system\fxgl.bundle
12:04:55.743 [JavaFX Application Thread] DEBUG Async                - Shutting down background threads
12:04:55.744 [JavaFX Application Thread] DEBUG PrimaryStageWindow   - Closing main window
12:04:55.780 [JavaFX Application Thread] DEBUG Logger               - Closing Logger
