08:49:23.544 [main                     ] DEBUG Logger               - Configured Logger
08:49:23.604 [main                     ] DEBUG GameApplication      - Logging settings
Title: Nuclear Throne Atomic
Version: 0.0
Width: 800
Height: 600
Fullscreen: true
Intro: false
Profiling: false
Single step:false
App Mode: DEVELOPER
Menu Key: ESCAPE
Stage Style: DECORATED
Scene Factory: class com.almasb.fxgl.app.scene.SceneFactory

08:49:24.670 [JavaFX Application Thread] DEBUG FXGLApplication      - Initializing FXGL
08:49:24.680 [JavaFX Application Thread] INFO  Engine               - FXGL-17.2 (20.08.2022 16.50) on WINDOWS (J:20.0.1 FX:19.0.2.1)
08:49:24.681 [JavaFX Application Thread] DEBUG Engine               - JRE Vendor Name: Oracle Corporation
08:49:24.681 [JavaFX Application Thread] DEBUG Engine               - Running on OS: Windows 10 version 10.0
08:49:24.681 [JavaFX Application Thread] DEBUG Engine               - Architecture: amd64
08:49:24.682 [JavaFX Application Thread] INFO  Engine               - Source code and latest versions at: https://github.com/AlmasB/FXGL
08:49:24.682 [JavaFX Application Thread] INFO  Engine               -       Ask questions and discuss at: https://github.com/AlmasB/FXGL/discussions
08:49:24.682 [JavaFX Application Thread] INFO  Engine               -              Join the FXGL chat at: https://gitter.im/AlmasB/FXGL
08:49:24.848 [JavaFX Application Thread] DEBUG PrimaryStageWindow   - Creating a JavaFX scene
08:49:24.935 [JavaFX Application Thread] DEBUG PrimaryStageWindow   - Target settings size: 800.0 x 600.0
08:49:24.936 [JavaFX Application Thread] DEBUG PrimaryStageWindow   - Scaled scene size:    800.0 x 600.0
08:49:24.936 [JavaFX Application Thread] DEBUG PrimaryStageWindow   - Scaled ratio: (1.0, 1.0)
08:49:24.938 [JavaFX Application Thread] DEBUG PrimaryStageWindow   - Set initial scene to FXGLStartupScene
08:49:24.945 [JavaFX Application Thread] DEBUG PrimaryStageWindow   - Opening main window
08:49:25.084 [JavaFX Application Thread] DEBUG PrimaryStageWindow   - Window border size: (16.0, 39.0)
08:49:25.085 [JavaFX Application Thread] DEBUG PrimaryStageWindow   - Scaled size: 800.0 x 600.0
08:49:25.086 [JavaFX Application Thread] DEBUG PrimaryStageWindow   - Scaled ratio: (1.0, 1.0)
08:49:25.087 [JavaFX Application Thread] DEBUG PrimaryStageWindow   - Scene size: 800.0 x 600.0
08:49:25.088 [JavaFX Application Thread] DEBUG PrimaryStageWindow   - Stage size: 816.0 x 639.0
08:49:25.113 [FXGL Background Thread 1 ] DEBUG Engine               - Initializing environment variables
08:49:25.226 [FXGL Background Thread 1 ] DEBUG FXGLAssetLoaderServi - User app class for loading assets: class com.example.nuclearthroneatomic.Controller
08:49:25.226 [FXGL Background Thread 1 ] DEBUG GameApplicationServi - Applying CSS: fxgl_dark.css
08:49:25.227 [FXGL Background Thread 1 ] DEBUG FXGLAssetLoaderServi - Loading from file system: jar:file:///C:/Users/Usuario/.m2/repository/com/github/almasb/fxgl/17.2/fxgl-17.2.jar!/fxglassets/ui/css/fxgl_dark.css
08:49:25.312 [FXGL Background Thread 1 ] DEBUG GameApplicationServi - Initializing application scenes
08:49:25.375 [FXGL Background Thread 1 ] DEBUG GameWorld            - Game world initialized
08:49:25.486 [FXGL Background Thread 1 ] DEBUG PhysicsWorld         - Physics world initialized: appHeight=600, physics.ppm=50,0
08:49:25.487 [FXGL Background Thread 1 ] DEBUG PhysicsWorld         - Using strategy: BRUTE_FORCE
08:49:25.496 [FXGL Background Thread 1 ] DEBUG GameScene            - Game scene initialized: 800x600
08:49:25.516 [FXGL Background Thread 1 ] DEBUG FXGL.DefaultMenu     - createMenuBodyMainMenu()
08:49:25.542 [FXGL Background Thread 1 ] DEBUG FXGL.DefaultMenu     - createOptionsMenu()
08:49:25.556 [FXGL Background Thread 1 ] DEBUG FXGL.DefaultMenu     - createExtraMenu()
08:49:25.568 [FXGL Background Thread 1 ] DEBUG FXGLAssetLoaderServi - Loading from file system: jar:file:///C:/Users/Usuario/.m2/repository/com/github/almasb/fxgl/17.2/fxgl-17.2.jar!/fxglassets/textures/particles/smoke.png
08:49:25.725 [FXGL Background Thread 1 ] DEBUG FXGLAssetLoaderServi - Loading from file system: jar:file:///C:/Users/Usuario/.m2/repository/com/github/almasb/fxgl/17.2/fxgl-17.2.jar!/fxglassets/textures/particles/trace_horizontal.png
08:49:25.778 [FXGL Background Thread 1 ] DEBUG FXGL.DefaultMenu     - createMenuBodyGameMenu()
08:49:25.781 [FXGL Background Thread 1 ] DEBUG FXGL.DefaultMenu     - createOptionsMenu()
08:49:25.790 [FXGL Background Thread 1 ] DEBUG FXGL.DefaultMenu     - createExtraMenu()
08:49:25.817 [FXGL Background Thread 1 ] DEBUG GameApplicationServi - Application scenes initialized
08:49:25.846 [FXGL Background Thread 1 ] DEBUG SystemBundleService  - Loading FXGL system data
08:49:25.860 [FXGL Background Thread 1 ] DEBUG FileSystemAccess     - Reading from: C:\Users\Usuario\OneDrive - Universidad Icesi (@icesi.edu.co)\Dicretas 1\NuclearThroneAtomic\src\nuclearthroneatomic\system\fxgl.bundle
08:49:25.887 [FXGL Background Thread 1 ] DEBUG SystemBundleService  - Bundle FXGL: {}
08:49:25.888 [FXGL Background Thread 1 ] DEBUG UpdaterService       - Checking for updates
08:49:25.904 [FXGL Background Thread 1 ] DEBUG FXGLApplication      - Loading default localization
08:49:25.907 [FXGL Background Thread 1 ] DEBUG FXGLAssetLoaderServi - Loading from file system: jar:file:///C:/Users/Usuario/.m2/repository/com/github/almasb/fxgl/17.2/fxgl-17.2.jar!/fxglassets/languages/english.lang
08:49:25.917 [FXGL Background Thread 4 ] DEBUG FXGLApplication      - Loading fonts
08:49:25.921 [FXGL Background Thread 4 ] DEBUG FXGLAssetLoaderServi - Loading from file system: jar:file:///C:/Users/Usuario/.m2/repository/com/github/almasb/fxgl/17.2/fxgl-17.2.jar!/fxglassets/ui/fonts/VarelaRound-Regular.ttf
08:49:25.950 [FXGL Background Thread 1 ] INFO  FXGLApplication      - FXGL initialization took: 0,837 sec
08:49:25.970 [JavaFX Application Thread] DEBUG Input                - Registered new binding: lucky - Q
08:49:25.971 [JavaFX Application Thread] DEBUG Input                - Registered new binding: health - F
08:49:25.971 [JavaFX Application Thread] DEBUG Input                - Registered new binding: Right - D
08:49:25.971 [JavaFX Application Thread] DEBUG Input                - Registered new binding: Left - A
08:49:25.971 [JavaFX Application Thread] DEBUG Input                - Registered new binding: Up - W
08:49:25.972 [JavaFX Application Thread] DEBUG Input                - Registered new binding: Down - S
08:49:25.974 [JavaFX Application Thread] DEBUG Input                - Registered new binding: Reload - RMB
08:49:25.975 [JavaFX Application Thread] DEBUG Input                - Registered new binding: Shoot - LMB
08:49:25.976 [JavaFX Application Thread] DEBUG FXGLAssetLoaderServi - Loading from file system: file:/C:/Users/Usuario/OneDrive%20-%20Universidad%20Icesi%20(@icesi.edu.co)/Dicretas%201/NuclearThroneAtomic/src/nuclearthroneatomic/target/classes/assets/music/muiscformenus.mp3
08:49:26.208 [FXGL Background Thread 4 ] DEBUG FXGLAssetLoaderServi - Loading from file system: jar:file:///C:/Users/Usuario/.m2/repository/com/github/almasb/fxgl/17.2/fxgl-17.2.jar!/fxglassets/ui/fonts/Abel-Regular.ttf
08:49:26.215 [FXGL Background Thread 4 ] DEBUG FXGLAssetLoaderServi - Loading from file system: jar:file:///C:/Users/Usuario/.m2/repository/com/github/almasb/fxgl/17.2/fxgl-17.2.jar!/fxglassets/ui/fonts/TerminalLandMono-Regular.otf
08:49:26.232 [FXGL Background Thread 4 ] DEBUG FXGLAssetLoaderServi - Loading from file system: jar:file:///C:/Users/Usuario/.m2/repository/com/github/almasb/fxgl/17.2/fxgl-17.2.jar!/fxglassets/ui/fonts/Courier-Prime.ttf
08:49:26.296 [JavaFX Application Thread] DEBUG AudioPlayer          - Playing music com.almasb.fxgl.audio.Music@62efeae4
08:49:26.297 [JavaFX Application Thread] DEBUG FXGLAssetLoaderServi - Loading from file system: jar:file:///C:/Users/Usuario/.m2/repository/com/github/almasb/fxgl/17.2/fxgl-17.2.jar!/fxglassets/textures/fxgl_icon.png
08:49:26.341 [JavaFX Application Thread] DEBUG FXGLAssetLoaderServi - Loading from file system: jar:file:///C:/Users/Usuario/.m2/repository/com/github/almasb/fxgl/17.2/fxgl-17.2.jar!/fxglassets/textures/fxgl_default_cursor.png
08:49:26.345 [JavaFX Application Thread] DEBUG Input                - Registered new binding: Screenshot - CTRL+8
08:49:26.346 [JavaFX Application Thread] DEBUG Input                - Registered new binding: System info dump - CTRL+9
08:49:26.347 [JavaFX Application Thread] DEBUG Input                - Registered new binding: Restart - CTRL+R
08:49:26.348 [JavaFX Application Thread] DEBUG Input                - Registered new binding: Toggle Debug Camera - CTRL+7
08:49:26.353 [JavaFX Application Thread] DEBUG LoopRunner           - Starting loop
08:49:26.353 [JavaFX Application Thread] DEBUG LoopRunner           - Initializing JavaFX AnimationTimerLoop
08:49:26.358 [JavaFX Application Thread] DEBUG Input                - Clearing active input actions
08:49:26.382 [JavaFX Application Thread] DEBUG GameApplicationServi - Removing overlay from FXGLStartupScene and adding to FXGLMainMenuDummyScene
08:49:26.383 [JavaFX Application Thread] DEBUG PrimaryStageWindow   - FXGLStartupScene -> FXGLMainMenuDummyScene
08:49:26.383 [JavaFX Application Thread] DEBUG PrimaryStageWindow   - Push state: FXGLDefaultMenu
08:49:26.392 [JavaFX Application Thread] DEBUG Input                - Clearing active input actions
08:49:26.414 [JavaFX Application Thread] DEBUG GameApplicationServi - Removing overlay from FXGLMainMenuDummyScene and adding to FXGLDefaultMenu
08:49:26.415 [JavaFX Application Thread] DEBUG PrimaryStageWindow   - FXGLMainMenuDummyScene -> FXGLDefaultMenu
08:49:26.433 [JavaFX Application Thread] DEBUG FXGLApplication      - Registering font factories with UI factory
08:49:26.991 [FXGL Background Thread 2 ] INFO  UpdaterService       - Your current version:  17.2
08:49:26.991 [FXGL Background Thread 2 ] INFO  UpdaterService       - Latest stable version: 17.3
08:49:27.549 [JavaFX Application Thread] DEBUG Menu                 - fireNewGame()
08:49:27.549 [JavaFX Application Thread] DEBUG GameApplicationServi - Starting new game
08:49:27.552 [JavaFX Application Thread] DEBUG PrimaryStageWindow   - Pop state: FXGLDefaultMenu
08:49:27.552 [JavaFX Application Thread] DEBUG Input                - Clearing active input actions
08:49:27.554 [JavaFX Application Thread] DEBUG GameApplicationServi - Removing overlay from FXGLDefaultMenu and adding to FXGLMainMenuDummyScene
08:49:27.555 [JavaFX Application Thread] DEBUG PrimaryStageWindow   - FXGLMainMenuDummyScene <- FXGLDefaultMenu
08:49:27.555 [JavaFX Application Thread] DEBUG Input                - Clearing active input actions
08:49:27.564 [JavaFX Application Thread] DEBUG GameApplicationServi - Removing overlay from FXGLMainMenuDummyScene and adding to FXGLLoadingScene
08:49:27.565 [JavaFX Application Thread] DEBUG PrimaryStageWindow   - FXGLMainMenuDummyScene -> FXGLLoadingScene
08:49:27.566 [JavaFX Application Thread] DEBUG GameApplicationServi - Clearing previous game
08:49:27.566 [JavaFX Application Thread] DEBUG GameScene            - Clearing game scene
08:49:27.566 [JavaFX Application Thread] DEBUG GameWorld            - Clearing game world
08:49:27.566 [JavaFX Application Thread] DEBUG PhysicsWorld         - Clearing physics world
08:49:27.568 [FXGL Background Thread 2 ] DEBUG FXGLApplication      - Initializing game
08:49:27.578 [FXGL Background Thread 2 ] DEBUG FXGLAssetLoaderServi - Loading from file system: file:/C:/Users/Usuario/OneDrive%20-%20Universidad%20Icesi%20(@icesi.edu.co)/Dicretas%201/NuclearThroneAtomic/src/nuclearthroneatomic/target/classes/assets/textures/Avatar/1-Idle/1.png
08:49:27.581 [FXGL Background Thread 2 ] DEBUG FXGLAssetLoaderServi - Loading from file system: file:/C:/Users/Usuario/OneDrive%20-%20Universidad%20Icesi%20(@icesi.edu.co)/Dicretas%201/NuclearThroneAtomic/src/nuclearthroneatomic/target/classes/assets/textures/Avatar/1-Idle/2.png
08:49:27.585 [FXGL Background Thread 2 ] DEBUG FXGLAssetLoaderServi - Loading from file system: file:/C:/Users/Usuario/OneDrive%20-%20Universidad%20Icesi%20(@icesi.edu.co)/Dicretas%201/NuclearThroneAtomic/src/nuclearthroneatomic/target/classes/assets/textures/Avatar/1-Idle/3.png
08:49:27.588 [FXGL Background Thread 2 ] DEBUG FXGLAssetLoaderServi - Loading from file system: file:/C:/Users/Usuario/OneDrive%20-%20Universidad%20Icesi%20(@icesi.edu.co)/Dicretas%201/NuclearThroneAtomic/src/nuclearthroneatomic/target/classes/assets/textures/Avatar/1-Idle/4.png
08:49:27.629 [FXGL Background Thread 2 ] DEBUG FXGLAssetLoaderServi - Loading from file system: file:/C:/Users/Usuario/OneDrive%20-%20Universidad%20Icesi%20(@icesi.edu.co)/Dicretas%201/NuclearThroneAtomic/src/nuclearthroneatomic/target/classes/assets/textures/Avatar/2-Run/1.png
08:49:27.633 [FXGL Background Thread 2 ] DEBUG FXGLAssetLoaderServi - Loading from file system: file:/C:/Users/Usuario/OneDrive%20-%20Universidad%20Icesi%20(@icesi.edu.co)/Dicretas%201/NuclearThroneAtomic/src/nuclearthroneatomic/target/classes/assets/textures/Avatar/2-Run/2.png
08:49:27.636 [FXGL Background Thread 2 ] DEBUG FXGLAssetLoaderServi - Loading from file system: file:/C:/Users/Usuario/OneDrive%20-%20Universidad%20Icesi%20(@icesi.edu.co)/Dicretas%201/NuclearThroneAtomic/src/nuclearthroneatomic/target/classes/assets/textures/Avatar/2-Run/3.png
08:49:27.639 [FXGL Background Thread 2 ] DEBUG FXGLAssetLoaderServi - Loading from file system: file:/C:/Users/Usuario/OneDrive%20-%20Universidad%20Icesi%20(@icesi.edu.co)/Dicretas%201/NuclearThroneAtomic/src/nuclearthroneatomic/target/classes/assets/textures/Avatar/2-Run/4.png
08:49:27.642 [FXGL Background Thread 2 ] DEBUG FXGLAssetLoaderServi - Loading from file system: file:/C:/Users/Usuario/OneDrive%20-%20Universidad%20Icesi%20(@icesi.edu.co)/Dicretas%201/NuclearThroneAtomic/src/nuclearthroneatomic/target/classes/assets/textures/Avatar/2-Run/5.png
08:49:27.644 [FXGL Background Thread 2 ] DEBUG FXGLAssetLoaderServi - Loading from file system: file:/C:/Users/Usuario/OneDrive%20-%20Universidad%20Icesi%20(@icesi.edu.co)/Dicretas%201/NuclearThroneAtomic/src/nuclearthroneatomic/target/classes/assets/textures/Avatar/2-Run/6.png
08:49:27.653 [FXGL Background Thread 2 ] DEBUG FXGLAssetLoaderServi - Loading from file system: file:/C:/Users/Usuario/OneDrive%20-%20Universidad%20Icesi%20(@icesi.edu.co)/Dicretas%201/NuclearThroneAtomic/src/nuclearthroneatomic/target/classes/assets/textures/Munition/1.png
08:49:27.711 [FXGL Background Thread 2 ] DEBUG FXGLAssetLoaderServi - Loading from file system: file:/C:/Users/Usuario/OneDrive%20-%20Universidad%20Icesi%20(@icesi.edu.co)/Dicretas%201/NuclearThroneAtomic/src/nuclearthroneatomic/target/classes/assets/textures/hud/lifeplayer.png
08:49:27.720 [FXGL Background Thread 2 ] DEBUG FXGLAssetLoaderServi - Loading from file system: file:/C:/Users/Usuario/OneDrive%20-%20Universidad%20Icesi%20(@icesi.edu.co)/Dicretas%201/NuclearThroneAtomic/src/nuclearthroneatomic/target/classes/assets/textures/hud/medkit.png
08:49:27.725 [FXGL Background Thread 2 ] DEBUG FXGLAssetLoaderServi - Loading from file system: file:/C:/Users/Usuario/OneDrive%20-%20Universidad%20Icesi%20(@icesi.edu.co)/Dicretas%201/NuclearThroneAtomic/src/nuclearthroneatomic/target/classes/assets/textures/hud/trebol.png
08:49:27.733 [FXGL Background Thread 2 ] DEBUG FXGLAssetLoaderServi - Loading from file system: file:/C:/Users/Usuario/OneDrive%20-%20Universidad%20Icesi%20(@icesi.edu.co)/Dicretas%201/NuclearThroneAtomic/src/nuclearthroneatomic/target/classes/assets/textures/Guns/1.png
08:49:27.757 [FXGL Background Thread 2 ] DEBUG FXGLAssetLoaderServi - Loading from file system: file:/C:/Users/Usuario/OneDrive%20-%20Universidad%20Icesi%20(@icesi.edu.co)/Dicretas%201/NuclearThroneAtomic/src/nuclearthroneatomic/target/classes/assets/textures/enemy/1-Idle/1.png
08:49:27.761 [FXGL Background Thread 2 ] DEBUG FXGLAssetLoaderServi - Loading from file system: file:/C:/Users/Usuario/OneDrive%20-%20Universidad%20Icesi%20(@icesi.edu.co)/Dicretas%201/NuclearThroneAtomic/src/nuclearthroneatomic/target/classes/assets/textures/enemy/1-Idle/2.png
08:49:27.765 [FXGL Background Thread 2 ] DEBUG FXGLAssetLoaderServi - Loading from file system: file:/C:/Users/Usuario/OneDrive%20-%20Universidad%20Icesi%20(@icesi.edu.co)/Dicretas%201/NuclearThroneAtomic/src/nuclearthroneatomic/target/classes/assets/textures/enemy/1-Idle/3.png
08:49:27.769 [FXGL Background Thread 2 ] DEBUG FXGLAssetLoaderServi - Loading from file system: file:/C:/Users/Usuario/OneDrive%20-%20Universidad%20Icesi%20(@icesi.edu.co)/Dicretas%201/NuclearThroneAtomic/src/nuclearthroneatomic/target/classes/assets/textures/enemy/1-Idle/4.png
08:49:27.782 [FXGL Background Thread 2 ] DEBUG FXGLAssetLoaderServi - Loading from file system: file:/C:/Users/Usuario/OneDrive%20-%20Universidad%20Icesi%20(@icesi.edu.co)/Dicretas%201/NuclearThroneAtomic/src/nuclearthroneatomic/target/classes/assets/textures/enemy/2-Run/1.png
08:49:27.787 [FXGL Background Thread 2 ] DEBUG FXGLAssetLoaderServi - Loading from file system: file:/C:/Users/Usuario/OneDrive%20-%20Universidad%20Icesi%20(@icesi.edu.co)/Dicretas%201/NuclearThroneAtomic/src/nuclearthroneatomic/target/classes/assets/textures/enemy/2-Run/2.png
08:49:27.791 [FXGL Background Thread 2 ] DEBUG FXGLAssetLoaderServi - Loading from file system: file:/C:/Users/Usuario/OneDrive%20-%20Universidad%20Icesi%20(@icesi.edu.co)/Dicretas%201/NuclearThroneAtomic/src/nuclearthroneatomic/target/classes/assets/textures/enemy/2-Run/3.png
08:49:27.794 [FXGL Background Thread 2 ] DEBUG FXGLAssetLoaderServi - Loading from file system: file:/C:/Users/Usuario/OneDrive%20-%20Universidad%20Icesi%20(@icesi.edu.co)/Dicretas%201/NuclearThroneAtomic/src/nuclearthroneatomic/target/classes/assets/textures/enemy/2-Run/4.png
08:49:27.798 [FXGL Background Thread 2 ] DEBUG FXGLAssetLoaderServi - Loading from file system: file:/C:/Users/Usuario/OneDrive%20-%20Universidad%20Icesi%20(@icesi.edu.co)/Dicretas%201/NuclearThroneAtomic/src/nuclearthroneatomic/target/classes/assets/textures/enemy/2-Run/5.png
08:49:27.803 [FXGL Background Thread 2 ] DEBUG FXGLAssetLoaderServi - Loading from file system: file:/C:/Users/Usuario/OneDrive%20-%20Universidad%20Icesi%20(@icesi.edu.co)/Dicretas%201/NuclearThroneAtomic/src/nuclearthroneatomic/target/classes/assets/textures/enemy/2-Run/6.png
08:49:27.861 [FXGL Background Thread 2 ] DEBUG FXGLAssetLoaderServi - Loading from file system: file:/C:/Users/Usuario/OneDrive%20-%20Universidad%20Icesi%20(@icesi.edu.co)/Dicretas%201/NuclearThroneAtomic/src/nuclearthroneatomic/target/classes/assets/textures/mouse/mousecomplete.png
08:49:27.868 [FXGL Background Thread 2 ] DEBUG FXGLAssetLoaderServi - Loading from file system: file:/C:/Users/Usuario/OneDrive%20-%20Universidad%20Icesi%20(@icesi.edu.co)/Dicretas%201/NuclearThroneAtomic/src/nuclearthroneatomic/target/classes/assets/textures/Wall/1.png
08:49:28.162 [FXGL Background Thread 2 ] INFO  FXGLApplication      - Game initialization took: 0,593 sec
08:49:28.173 [JavaFX Application Thread] DEBUG Input                - Clearing active input actions
08:49:28.189 [JavaFX Application Thread] DEBUG GameApplicationServi - Removing overlay from FXGLLoadingScene and adding to GameScene
08:49:28.189 [JavaFX Application Thread] DEBUG PrimaryStageWindow   - FXGLLoadingScene -> GameScene
08:49:28.896 [FXGL Background Thread 3 ] DEBUG Engine               - Logging environment variables
08:49:28.898 [FXGL Background Thread 3 ] DEBUG Engine               - achievements: []
08:49:28.899 [FXGL Background Thread 3 ] DEBUG Engine               - actualHeight: 600.0
08:49:28.900 [FXGL Background Thread 3 ] DEBUG Engine               - actualHeightProperty: ReadOnlyDoubleProperty [value: 600.0]
08:49:28.901 [FXGL Background Thread 3 ] DEBUG Engine               - actualWidth: 800.0
08:49:28.901 [FXGL Background Thread 3 ] DEBUG Engine               - actualWidthProperty: ReadOnlyDoubleProperty [value: 800.0]
08:49:28.901 [FXGL Background Thread 3 ] DEBUG Engine               - appIcon: fxgl_icon.png
08:49:28.901 [FXGL Background Thread 3 ] DEBUG Engine               - applicationMode: DEVELOPER
08:49:28.901 [FXGL Background Thread 3 ] DEBUG Engine               - cSSList: [fxgl_dark.css]
08:49:28.914 [FXGL Background Thread 3 ] DEBUG Engine               - collisionDetectionStrategy: BRUTE_FORCE
08:49:28.914 [FXGL Background Thread 3 ] DEBUG Engine               - configClass: Optional.empty
08:49:28.915 [FXGL Background Thread 3 ] DEBUG Engine               - credits: [Designer . . . . . . . Johan Daniel Aguirre, Program Team . . . . . . Juan Sebastián Libreros,                           Juan Jose Barrera,                           Johan Daniel Aguirre, El mas lindo . . . . . . Juan Sebastián Libreros, Master Thief . . . . . . Johan Daniel Aguirre]
08:49:28.916 [FXGL Background Thread 3 ] DEBUG Engine               - defaultCursor: CursorInfo(imageName=fxgl_default_cursor.png, hotspotX=7.0, hotspotY=6.0)
08:49:28.917 [FXGL Background Thread 3 ] DEBUG Engine               - devBBoxColorProperty: ObjectProperty [value: 0xff0000ff]
08:49:28.917 [FXGL Background Thread 3 ] DEBUG Engine               - devEnableDebugCameraProperty: BooleanProperty [value: false]
08:49:28.917 [FXGL Background Thread 3 ] DEBUG Engine               - devSensorColorProperty: ObjectProperty [value: 0xffff00ff]
08:49:28.917 [FXGL Background Thread 3 ] DEBUG Engine               - devShowBBoxProperty: BooleanProperty [value: false]
08:49:28.917 [FXGL Background Thread 3 ] DEBUG Engine               - devShowPositionProperty: BooleanProperty [value: false]
08:49:28.918 [FXGL Background Thread 3 ] DEBUG Engine               - enabledMenuItems: [EXTRA]
08:49:28.918 [FXGL Background Thread 3 ] DEBUG Engine               - engineServices: [class com.almasb.fxgl.app.services.FXGLAssetLoaderService, class com.almasb.fxgl.app.FXGLApplication$GameApplicationService, class com.almasb.fxgl.app.services.FXGLDialogService, class com.almasb.fxgl.app.services.IOTaskExecutorService, class com.almasb.fxgl.io.FileSystemService, class com.almasb.fxgl.localization.LocalizationService, class com.almasb.fxgl.app.services.SystemBundleService, class com.almasb.fxgl.profile.SaveLoadService, class com.almasb.fxgl.ui.FXGLUIFactoryServiceProvider, class com.almasb.fxgl.ui.FXGLDialogFactoryServiceProvider, class com.almasb.fxgl.audio.AudioPlayer, class com.almasb.fxgl.notification.impl.NotificationServiceProvider, class com.almasb.fxgl.achievement.AchievementService, class com.almasb.fxgl.cutscene.CutsceneService, class com.almasb.fxgl.minigames.MiniGameService, class com.almasb.fxgl.net.NetService, class com.almasb.fxgl.app.services.UpdaterService, class com.almasb.fxgl.dev.DevService]
08:49:28.918 [FXGL Background Thread 3 ] DEBUG Engine               - fontGame: Abel-Regular.ttf
08:49:28.918 [FXGL Background Thread 3 ] DEBUG Engine               - fontMono: TerminalLandMono-Regular.otf
08:49:28.918 [FXGL Background Thread 3 ] DEBUG Engine               - fontText: Courier-Prime.ttf
08:49:28.918 [FXGL Background Thread 3 ] DEBUG Engine               - fontUI: VarelaRound-Regular.ttf
08:49:28.918 [FXGL Background Thread 3 ] DEBUG Engine               - fullScreen: BooleanProperty [value: false]
08:49:28.918 [FXGL Background Thread 3 ] DEBUG Engine               - gameDifficulty: MEDIUM
08:49:28.918 [FXGL Background Thread 3 ] DEBUG Engine               - gameDifficultyProperty: ObjectProperty [value: MEDIUM]
08:49:28.918 [FXGL Background Thread 3 ] DEBUG Engine               - globalMusicVolume: 0.5
08:49:28.918 [FXGL Background Thread 3 ] DEBUG Engine               - globalMusicVolumeProperty: DoubleProperty [value: 1.0]
08:49:28.919 [FXGL Background Thread 3 ] DEBUG Engine               - globalSoundVolume: 0.5
08:49:28.919 [FXGL Background Thread 3 ] DEBUG Engine               - globalSoundVolumeProperty: DoubleProperty [value: 0.1]
08:49:28.919 [FXGL Background Thread 3 ] DEBUG Engine               - height: 600
08:49:28.919 [FXGL Background Thread 3 ] DEBUG Engine               - is3D: false
08:49:28.919 [FXGL Background Thread 3 ] DEBUG Engine               - isAndroid: false
08:49:28.919 [FXGL Background Thread 3 ] DEBUG Engine               - isBrowser: false
08:49:28.919 [FXGL Background Thread 3 ] DEBUG Engine               - isClickFeedbackEnabled: false
08:49:28.919 [FXGL Background Thread 3 ] DEBUG Engine               - isCloseConfirmation: false
08:49:28.919 [FXGL Background Thread 3 ] DEBUG Engine               - isDesktop: true
08:49:28.919 [FXGL Background Thread 3 ] DEBUG Engine               - isDeveloperMenuEnabled: false
08:49:28.919 [FXGL Background Thread 3 ] DEBUG Engine               - isEmbedded: false
08:49:28.920 [FXGL Background Thread 3 ] DEBUG Engine               - isEntityPreloadEnabled: true
08:49:28.920 [FXGL Background Thread 3 ] DEBUG Engine               - isExperimentalTiledLargeMap: false
08:49:28.920 [FXGL Background Thread 3 ] DEBUG Engine               - isFileSystemWriteAllowed: true
08:49:28.920 [FXGL Background Thread 3 ] DEBUG Engine               - isFullScreenAllowed: true
08:49:28.920 [FXGL Background Thread 3 ] DEBUG Engine               - isFullScreenFromStart: false
08:49:28.920 [FXGL Background Thread 3 ] DEBUG Engine               - isGameMenuEnabled: true
08:49:28.920 [FXGL Background Thread 3 ] DEBUG Engine               - isIOS: false
08:49:28.920 [FXGL Background Thread 3 ] DEBUG Engine               - isIntroEnabled: false
08:49:28.920 [FXGL Background Thread 3 ] DEBUG Engine               - isLinux: false
08:49:28.920 [FXGL Background Thread 3 ] DEBUG Engine               - isMac: false
08:49:28.921 [FXGL Background Thread 3 ] DEBUG Engine               - isMainMenuEnabled: true
08:49:28.921 [FXGL Background Thread 3 ] DEBUG Engine               - isManualResizeEnabled: false
08:49:28.921 [FXGL Background Thread 3 ] DEBUG Engine               - isMobile: false
08:49:28.921 [FXGL Background Thread 3 ] DEBUG Engine               - isNative: false
08:49:28.921 [FXGL Background Thread 3 ] DEBUG Engine               - isPauseMusicWhenMinimized: true
08:49:28.921 [FXGL Background Thread 3 ] DEBUG Engine               - isPreserveResizeRatio: false
08:49:28.921 [FXGL Background Thread 3 ] DEBUG Engine               - isProfilingEnabled: false
08:49:28.921 [FXGL Background Thread 3 ] DEBUG Engine               - isScaleAffectedOnResize: true
08:49:28.921 [FXGL Background Thread 3 ] DEBUG Engine               - isSingleStep: false
08:49:28.921 [FXGL Background Thread 3 ] DEBUG Engine               - isUserProfileEnabled: false
08:49:28.921 [FXGL Background Thread 3 ] DEBUG Engine               - isWindows: true
08:49:28.921 [FXGL Background Thread 3 ] DEBUG Engine               - language: ObjectProperty [value: ENGLISH]
08:49:28.922 [FXGL Background Thread 3 ] DEBUG Engine               - menuKey: ESCAPE
08:49:28.922 [FXGL Background Thread 3 ] DEBUG Engine               - mouseSensitivity: 0.2
08:49:28.922 [FXGL Background Thread 3 ] DEBUG Engine               - notificationViewClass: class com.almasb.fxgl.notification.view.XboxNotificationView
08:49:28.922 [FXGL Background Thread 3 ] DEBUG Engine               - pixelsPerMeter: 50.0
08:49:28.922 [FXGL Background Thread 3 ] DEBUG Engine               - platform: WINDOWS
08:49:28.922 [FXGL Background Thread 3 ] DEBUG Engine               - prefHeightProperty: ReadOnlyDoubleProperty [value: 600.0]
08:49:28.922 [FXGL Background Thread 3 ] DEBUG Engine               - prefWidthProperty: ReadOnlyDoubleProperty [value: 800.0]
08:49:28.922 [FXGL Background Thread 3 ] DEBUG Engine               - profileDir: profiles/
08:49:28.922 [FXGL Background Thread 3 ] DEBUG Engine               - profileName: StringProperty [value: DEFAULT]
08:49:28.923 [FXGL Background Thread 3 ] DEBUG Engine               - randomSeed: -1
08:49:28.923 [FXGL Background Thread 3 ] DEBUG Engine               - runtimeInfo: RuntimeInfo(platform=WINDOWS, version=17.2, build=20.08.2022 16.50)
08:49:28.923 [FXGL Background Thread 3 ] DEBUG Engine               - saveFileExt: sav
08:49:28.924 [FXGL Background Thread 3 ] DEBUG Engine               - scaledHeightProp$fxgl: DoubleProperty [bound, value: 600.0]
08:49:28.924 [FXGL Background Thread 3 ] DEBUG Engine               - scaledWidthProp$fxgl: DoubleProperty [bound, value: 800.0]
08:49:28.924 [FXGL Background Thread 3 ] DEBUG Engine               - sceneFactory: com.almasb.fxgl.app.scene.SceneFactory@6b0b19e5
08:49:28.924 [FXGL Background Thread 3 ] DEBUG Engine               - secondsIn24h: 60
08:49:28.924 [FXGL Background Thread 3 ] DEBUG Engine               - soundMenuBack: menu/back.wav
08:49:28.924 [FXGL Background Thread 3 ] DEBUG Engine               - soundMenuPress: menu/press.wav
08:49:28.924 [FXGL Background Thread 3 ] DEBUG Engine               - soundMenuSelect: menu/select.wav
08:49:28.924 [FXGL Background Thread 3 ] DEBUG Engine               - soundNotification: core/notification.wav
08:49:28.924 [FXGL Background Thread 3 ] DEBUG Engine               - stageStyle: DECORATED
08:49:28.924 [FXGL Background Thread 3 ] DEBUG Engine               - supportedLanguages: [ENGLISH, FRENCH, GERMAN, HUNGARIAN, RUSSIAN]
08:49:28.924 [FXGL Background Thread 3 ] DEBUG Engine               - ticksPerSecond: -1
08:49:28.925 [FXGL Background Thread 3 ] DEBUG Engine               - title: Nuclear Throne Atomic
08:49:28.925 [FXGL Background Thread 3 ] DEBUG Engine               - urlGithub: https://github.com/AlmasB/FXGL
08:49:28.925 [FXGL Background Thread 3 ] DEBUG Engine               - urlLeaderboard: http://fxgl-top.herokuapp.com/
08:49:28.925 [FXGL Background Thread 3 ] DEBUG Engine               - urlPOM: https://raw.githubusercontent.com/AlmasB/FXGL/release/README.md
08:49:28.925 [FXGL Background Thread 3 ] DEBUG Engine               - userAppClass: class com.example.nuclearthroneatomic.Controller
08:49:28.925 [FXGL Background Thread 3 ] DEBUG Engine               - version: 0.0
08:49:28.926 [FXGL Background Thread 3 ] DEBUG Engine               - versionCheckDays: 7
08:49:28.926 [FXGL Background Thread 3 ] DEBUG Engine               - width: 800
08:49:28.926 [FXGL Background Thread 3 ] DEBUG Engine               - Logging services
08:49:28.926 [FXGL Background Thread 3 ] DEBUG Engine               - class com.almasb.fxgl.app.services.FXGLAssetLoaderService
08:49:28.926 [FXGL Background Thread 3 ] DEBUG Engine               - class com.almasb.fxgl.app.FXGLApplication$GameApplicationService
08:49:28.926 [FXGL Background Thread 3 ] DEBUG Engine               - class com.almasb.fxgl.app.services.FXGLDialogService
08:49:28.926 [FXGL Background Thread 3 ] DEBUG Engine               - class com.almasb.fxgl.app.services.IOTaskExecutorService
08:49:28.926 [FXGL Background Thread 3 ] DEBUG Engine               - class com.almasb.fxgl.io.FileSystemService
08:49:28.926 [FXGL Background Thread 3 ] DEBUG Engine               - class com.almasb.fxgl.localization.LocalizationService
08:49:28.926 [FXGL Background Thread 3 ] DEBUG Engine               - class com.almasb.fxgl.app.services.SystemBundleService
08:49:28.926 [FXGL Background Thread 3 ] DEBUG Engine               - class com.almasb.fxgl.profile.SaveLoadService
08:49:28.926 [FXGL Background Thread 3 ] DEBUG Engine               - class com.almasb.fxgl.ui.FXGLUIFactoryServiceProvider
08:49:28.926 [FXGL Background Thread 3 ] DEBUG Engine               - class com.almasb.fxgl.ui.FXGLDialogFactoryServiceProvider
08:49:28.927 [FXGL Background Thread 3 ] DEBUG Engine               - class com.almasb.fxgl.audio.AudioPlayer
08:49:28.927 [FXGL Background Thread 3 ] DEBUG Engine               - class com.almasb.fxgl.notification.impl.NotificationServiceProvider
08:49:28.927 [FXGL Background Thread 3 ] DEBUG Engine               - class com.almasb.fxgl.achievement.AchievementService
08:49:28.927 [FXGL Background Thread 3 ] DEBUG Engine               - class com.almasb.fxgl.cutscene.CutsceneService
08:49:28.927 [FXGL Background Thread 3 ] DEBUG Engine               - class com.almasb.fxgl.minigames.MiniGameService
08:49:28.927 [FXGL Background Thread 3 ] DEBUG Engine               - class com.almasb.fxgl.net.NetService
08:49:28.928 [FXGL Background Thread 3 ] DEBUG Engine               - class com.almasb.fxgl.app.services.UpdaterService
08:49:28.928 [FXGL Background Thread 3 ] DEBUG Engine               - class com.almasb.fxgl.dev.DevService
08:49:29.194 [JavaFX Application Thread] DEBUG FXGLAssetLoaderServi - Loading from file system: file:/C:/Users/Usuario/OneDrive%20-%20Universidad%20Icesi%20(@icesi.edu.co)/Dicretas%201/NuclearThroneAtomic/src/nuclearthroneatomic/target/classes/assets/textures/Bullet/1.png
08:49:34.452 [JavaFX Application Thread] DEBUG FXGLAssetLoaderServi - Loading from file system: file:/C:/Users/Usuario/OneDrive%20-%20Universidad%20Icesi%20(@icesi.edu.co)/Dicretas%201/NuclearThroneAtomic/src/nuclearthroneatomic/target/classes/assets/textures/portal/1.png
08:49:34.457 [JavaFX Application Thread] DEBUG FXGLAssetLoaderServi - Loading from file system: file:/C:/Users/Usuario/OneDrive%20-%20Universidad%20Icesi%20(@icesi.edu.co)/Dicretas%201/NuclearThroneAtomic/src/nuclearthroneatomic/target/classes/assets/textures/portal/2.png
08:49:34.462 [JavaFX Application Thread] DEBUG FXGLAssetLoaderServi - Loading from file system: file:/C:/Users/Usuario/OneDrive%20-%20Universidad%20Icesi%20(@icesi.edu.co)/Dicretas%201/NuclearThroneAtomic/src/nuclearthroneatomic/target/classes/assets/textures/portal/3.png
08:49:34.466 [JavaFX Application Thread] DEBUG FXGLAssetLoaderServi - Loading from file system: file:/C:/Users/Usuario/OneDrive%20-%20Universidad%20Icesi%20(@icesi.edu.co)/Dicretas%201/NuclearThroneAtomic/src/nuclearthroneatomic/target/classes/assets/textures/portal/4.png
08:49:38.370 [JavaFX Application Thread] DEBUG FXGLApplication      - Exiting FXGL
08:49:38.370 [JavaFX Application Thread] DEBUG LoopRunner           - Stopping loop
08:49:38.370 [JavaFX Application Thread] DEBUG SystemBundleService  - Saving FXGL system data
08:49:38.373 [JavaFX Application Thread] DEBUG FileSystemAccess     - Writing to: C:\Users\Usuario\OneDrive - Universidad Icesi (@icesi.edu.co)\Dicretas 1\NuclearThroneAtomic\src\nuclearthroneatomic\system\fxgl.bundle
08:49:38.376 [JavaFX Application Thread] DEBUG Async                - Shutting down background threads
08:49:38.376 [JavaFX Application Thread] DEBUG PrimaryStageWindow   - Closing main window
08:49:38.393 [JavaFX Application Thread] DEBUG Logger               - Closing Logger
