08:55:19.838 [main                     ] DEBUG Logger               - Configured Logger
08:55:19.888 [main                     ] DEBUG GameApplication      - Logging settings
Title: Nuclear Throne Atomic
Version: 0.0
Width: 800
Height: 600
Fullscreen: true
Intro: false
Profiling: false
Single step:false
App Mode: DEVELOPER
Menu Key: ESCAPE
Stage Style: DECORATED
Scene Factory: class com.almasb.fxgl.app.scene.SceneFactory

08:55:20.923 [JavaFX Application Thread] DEBUG FXGLApplication      - Initializing FXGL
08:55:20.934 [JavaFX Application Thread] INFO  Engine               - FXGL-17.2 (20.08.2022 16.50) on WINDOWS (J:20.0.1 FX:19.0.2.1)
08:55:20.935 [JavaFX Application Thread] DEBUG Engine               - JRE Vendor Name: Oracle Corporation
08:55:20.935 [JavaFX Application Thread] DEBUG Engine               - Running on OS: Windows 10 version 10.0
08:55:20.936 [JavaFX Application Thread] DEBUG Engine               - Architecture: amd64
08:55:20.936 [JavaFX Application Thread] INFO  Engine               - Source code and latest versions at: https://github.com/AlmasB/FXGL
08:55:20.936 [JavaFX Application Thread] INFO  Engine               -       Ask questions and discuss at: https://github.com/AlmasB/FXGL/discussions
08:55:20.936 [JavaFX Application Thread] INFO  Engine               -              Join the FXGL chat at: https://gitter.im/AlmasB/FXGL
08:55:21.093 [JavaFX Application Thread] DEBUG PrimaryStageWindow   - Creating a JavaFX scene
08:55:21.169 [JavaFX Application Thread] DEBUG PrimaryStageWindow   - Target settings size: 800.0 x 600.0
08:55:21.169 [JavaFX Application Thread] DEBUG PrimaryStageWindow   - Scaled scene size:    800.0 x 600.0
08:55:21.170 [JavaFX Application Thread] DEBUG PrimaryStageWindow   - Scaled ratio: (1.0, 1.0)
08:55:21.172 [JavaFX Application Thread] DEBUG PrimaryStageWindow   - Set initial scene to FXGLStartupScene
08:55:21.183 [JavaFX Application Thread] DEBUG PrimaryStageWindow   - Opening main window
08:55:21.340 [JavaFX Application Thread] DEBUG PrimaryStageWindow   - Window border size: (16.0, 39.0)
08:55:21.340 [JavaFX Application Thread] DEBUG PrimaryStageWindow   - Scaled size: 800.0 x 600.0
08:55:21.341 [JavaFX Application Thread] DEBUG PrimaryStageWindow   - Scaled ratio: (1.0, 1.0)
08:55:21.342 [JavaFX Application Thread] DEBUG PrimaryStageWindow   - Scene size: 800.0 x 600.0
08:55:21.343 [JavaFX Application Thread] DEBUG PrimaryStageWindow   - Stage size: 816.0 x 639.0
08:55:21.359 [FXGL Background Thread 1 ] DEBUG Engine               - Initializing environment variables
08:55:21.455 [FXGL Background Thread 1 ] DEBUG FXGLAssetLoaderServi - User app class for loading assets: class com.example.nuclearthroneatomic.Controller
08:55:21.455 [FXGL Background Thread 1 ] DEBUG GameApplicationServi - Applying CSS: fxgl_dark.css
08:55:21.457 [FXGL Background Thread 1 ] DEBUG FXGLAssetLoaderServi - Loading from file system: jar:file:///C:/Users/Usuario/.m2/repository/com/github/almasb/fxgl/17.2/fxgl-17.2.jar!/fxglassets/ui/css/fxgl_dark.css
08:55:21.539 [FXGL Background Thread 1 ] DEBUG GameApplicationServi - Initializing application scenes
08:55:21.629 [FXGL Background Thread 1 ] DEBUG GameWorld            - Game world initialized
08:55:21.727 [FXGL Background Thread 1 ] DEBUG PhysicsWorld         - Physics world initialized: appHeight=600, physics.ppm=50,0
08:55:21.728 [FXGL Background Thread 1 ] DEBUG PhysicsWorld         - Using strategy: BRUTE_FORCE
08:55:21.735 [FXGL Background Thread 1 ] DEBUG GameScene            - Game scene initialized: 800x600
08:55:21.753 [FXGL Background Thread 1 ] DEBUG FXGL.DefaultMenu     - createMenuBodyMainMenu()
08:55:21.779 [FXGL Background Thread 1 ] DEBUG FXGL.DefaultMenu     - createOptionsMenu()
08:55:21.790 [FXGL Background Thread 1 ] DEBUG FXGL.DefaultMenu     - createExtraMenu()
08:55:21.802 [FXGL Background Thread 1 ] DEBUG FXGLAssetLoaderServi - Loading from file system: jar:file:///C:/Users/Usuario/.m2/repository/com/github/almasb/fxgl/17.2/fxgl-17.2.jar!/fxglassets/textures/particles/smoke.png
08:55:21.968 [FXGL Background Thread 1 ] DEBUG FXGLAssetLoaderServi - Loading from file system: jar:file:///C:/Users/Usuario/.m2/repository/com/github/almasb/fxgl/17.2/fxgl-17.2.jar!/fxglassets/textures/particles/trace_horizontal.png
08:55:22.020 [FXGL Background Thread 1 ] DEBUG FXGL.DefaultMenu     - createMenuBodyGameMenu()
08:55:22.023 [FXGL Background Thread 1 ] DEBUG FXGL.DefaultMenu     - createOptionsMenu()
08:55:22.029 [FXGL Background Thread 1 ] DEBUG FXGL.DefaultMenu     - createExtraMenu()
08:55:22.054 [FXGL Background Thread 1 ] DEBUG GameApplicationServi - Application scenes initialized
08:55:22.085 [FXGL Background Thread 1 ] DEBUG SystemBundleService  - Loading FXGL system data
08:55:22.095 [FXGL Background Thread 1 ] DEBUG FileSystemAccess     - Reading from: C:\Users\Usuario\OneDrive - Universidad Icesi (@icesi.edu.co)\Dicretas 1\NuclearThroneAtomic\src\nuclearthroneatomic\system\fxgl.bundle
08:55:22.113 [FXGL Background Thread 1 ] DEBUG SystemBundleService  - Bundle FXGL: {}
08:55:22.114 [FXGL Background Thread 1 ] DEBUG UpdaterService       - Checking for updates
08:55:22.123 [FXGL Background Thread 1 ] DEBUG FXGLApplication      - Loading default localization
08:55:22.125 [FXGL Background Thread 1 ] DEBUG FXGLAssetLoaderServi - Loading from file system: jar:file:///C:/Users/Usuario/.m2/repository/com/github/almasb/fxgl/17.2/fxgl-17.2.jar!/fxglassets/languages/english.lang
08:55:22.142 [FXGL Background Thread 4 ] DEBUG FXGLApplication      - Loading fonts
08:55:22.144 [FXGL Background Thread 4 ] DEBUG FXGLAssetLoaderServi - Loading from file system: jar:file:///C:/Users/Usuario/.m2/repository/com/github/almasb/fxgl/17.2/fxgl-17.2.jar!/fxglassets/ui/fonts/VarelaRound-Regular.ttf
08:55:22.165 [FXGL Background Thread 1 ] INFO  FXGLApplication      - FXGL initialization took: 0,806 sec
08:55:22.187 [JavaFX Application Thread] DEBUG Input                - Registered new binding: lucky - Q
08:55:22.188 [JavaFX Application Thread] DEBUG Input                - Registered new binding: health - F
08:55:22.188 [JavaFX Application Thread] DEBUG Input                - Registered new binding: Right - D
08:55:22.188 [JavaFX Application Thread] DEBUG Input                - Registered new binding: Left - A
08:55:22.189 [JavaFX Application Thread] DEBUG Input                - Registered new binding: Up - W
08:55:22.189 [JavaFX Application Thread] DEBUG Input                - Registered new binding: Down - S
08:55:22.192 [JavaFX Application Thread] DEBUG Input                - Registered new binding: Reload - RMB
08:55:22.192 [JavaFX Application Thread] DEBUG Input                - Registered new binding: Shoot - LMB
08:55:22.194 [JavaFX Application Thread] DEBUG FXGLAssetLoaderServi - Loading from file system: file:/C:/Users/Usuario/OneDrive%20-%20Universidad%20Icesi%20(@icesi.edu.co)/Dicretas%201/NuclearThroneAtomic/src/nuclearthroneatomic/target/classes/assets/music/muiscformenus.mp3
08:55:22.431 [FXGL Background Thread 4 ] DEBUG FXGLAssetLoaderServi - Loading from file system: jar:file:///C:/Users/Usuario/.m2/repository/com/github/almasb/fxgl/17.2/fxgl-17.2.jar!/fxglassets/ui/fonts/Abel-Regular.ttf
08:55:22.438 [FXGL Background Thread 4 ] DEBUG FXGLAssetLoaderServi - Loading from file system: jar:file:///C:/Users/Usuario/.m2/repository/com/github/almasb/fxgl/17.2/fxgl-17.2.jar!/fxglassets/ui/fonts/TerminalLandMono-Regular.otf
08:55:22.458 [FXGL Background Thread 4 ] DEBUG FXGLAssetLoaderServi - Loading from file system: jar:file:///C:/Users/Usuario/.m2/repository/com/github/almasb/fxgl/17.2/fxgl-17.2.jar!/fxglassets/ui/fonts/Courier-Prime.ttf
08:55:22.539 [JavaFX Application Thread] DEBUG AudioPlayer          - Playing music com.almasb.fxgl.audio.Music@7cb15172
08:55:22.541 [JavaFX Application Thread] DEBUG FXGLAssetLoaderServi - Loading from file system: jar:file:///C:/Users/Usuario/.m2/repository/com/github/almasb/fxgl/17.2/fxgl-17.2.jar!/fxglassets/textures/fxgl_icon.png
08:55:22.584 [JavaFX Application Thread] DEBUG FXGLAssetLoaderServi - Loading from file system: jar:file:///C:/Users/Usuario/.m2/repository/com/github/almasb/fxgl/17.2/fxgl-17.2.jar!/fxglassets/textures/fxgl_default_cursor.png
08:55:22.589 [JavaFX Application Thread] DEBUG Input                - Registered new binding: Screenshot - CTRL+8
08:55:22.590 [JavaFX Application Thread] DEBUG Input                - Registered new binding: System info dump - CTRL+9
08:55:22.591 [JavaFX Application Thread] DEBUG Input                - Registered new binding: Restart - CTRL+R
08:55:22.592 [JavaFX Application Thread] DEBUG Input                - Registered new binding: Toggle Debug Camera - CTRL+7
08:55:22.596 [JavaFX Application Thread] DEBUG LoopRunner           - Starting loop
08:55:22.597 [JavaFX Application Thread] DEBUG LoopRunner           - Initializing JavaFX AnimationTimerLoop
08:55:22.601 [JavaFX Application Thread] DEBUG Input                - Clearing active input actions
08:55:22.620 [JavaFX Application Thread] DEBUG GameApplicationServi - Removing overlay from FXGLStartupScene and adding to FXGLMainMenuDummyScene
08:55:22.621 [JavaFX Application Thread] DEBUG PrimaryStageWindow   - FXGLStartupScene -> FXGLMainMenuDummyScene
08:55:22.621 [JavaFX Application Thread] DEBUG PrimaryStageWindow   - Push state: FXGLDefaultMenu
08:55:22.632 [JavaFX Application Thread] DEBUG Input                - Clearing active input actions
08:55:22.651 [JavaFX Application Thread] DEBUG GameApplicationServi - Removing overlay from FXGLMainMenuDummyScene and adding to FXGLDefaultMenu
08:55:22.652 [JavaFX Application Thread] DEBUG PrimaryStageWindow   - FXGLMainMenuDummyScene -> FXGLDefaultMenu
08:55:22.670 [JavaFX Application Thread] DEBUG FXGLApplication      - Registering font factories with UI factory
08:55:23.135 [FXGL Background Thread 2 ] INFO  UpdaterService       - Your current version:  17.2
08:55:23.136 [FXGL Background Thread 2 ] INFO  UpdaterService       - Latest stable version: 17.3
08:55:24.320 [JavaFX Application Thread] DEBUG Menu                 - fireNewGame()
08:55:24.320 [JavaFX Application Thread] DEBUG GameApplicationServi - Starting new game
08:55:24.323 [JavaFX Application Thread] DEBUG PrimaryStageWindow   - Pop state: FXGLDefaultMenu
08:55:24.323 [JavaFX Application Thread] DEBUG Input                - Clearing active input actions
08:55:24.324 [JavaFX Application Thread] DEBUG GameApplicationServi - Removing overlay from FXGLDefaultMenu and adding to FXGLMainMenuDummyScene
08:55:24.325 [JavaFX Application Thread] DEBUG PrimaryStageWindow   - FXGLMainMenuDummyScene <- FXGLDefaultMenu
08:55:24.325 [JavaFX Application Thread] DEBUG Input                - Clearing active input actions
08:55:24.335 [JavaFX Application Thread] DEBUG GameApplicationServi - Removing overlay from FXGLMainMenuDummyScene and adding to FXGLLoadingScene
08:55:24.335 [JavaFX Application Thread] DEBUG PrimaryStageWindow   - FXGLMainMenuDummyScene -> FXGLLoadingScene
08:55:24.335 [JavaFX Application Thread] DEBUG GameApplicationServi - Clearing previous game
08:55:24.335 [JavaFX Application Thread] DEBUG GameScene            - Clearing game scene
08:55:24.335 [JavaFX Application Thread] DEBUG GameWorld            - Clearing game world
08:55:24.335 [JavaFX Application Thread] DEBUG PhysicsWorld         - Clearing physics world
08:55:24.338 [FXGL Background Thread 2 ] DEBUG FXGLApplication      - Initializing game
08:55:24.347 [FXGL Background Thread 2 ] DEBUG FXGLAssetLoaderServi - Loading from file system: file:/C:/Users/Usuario/OneDrive%20-%20Universidad%20Icesi%20(@icesi.edu.co)/Dicretas%201/NuclearThroneAtomic/src/nuclearthroneatomic/target/classes/assets/textures/Avatar/1-Idle/1.png
08:55:24.349 [FXGL Background Thread 2 ] DEBUG FXGLAssetLoaderServi - Loading from file system: file:/C:/Users/Usuario/OneDrive%20-%20Universidad%20Icesi%20(@icesi.edu.co)/Dicretas%201/NuclearThroneAtomic/src/nuclearthroneatomic/target/classes/assets/textures/Avatar/1-Idle/2.png
08:55:24.351 [FXGL Background Thread 2 ] DEBUG FXGLAssetLoaderServi - Loading from file system: file:/C:/Users/Usuario/OneDrive%20-%20Universidad%20Icesi%20(@icesi.edu.co)/Dicretas%201/NuclearThroneAtomic/src/nuclearthroneatomic/target/classes/assets/textures/Avatar/1-Idle/3.png
08:55:24.354 [FXGL Background Thread 2 ] DEBUG FXGLAssetLoaderServi - Loading from file system: file:/C:/Users/Usuario/OneDrive%20-%20Universidad%20Icesi%20(@icesi.edu.co)/Dicretas%201/NuclearThroneAtomic/src/nuclearthroneatomic/target/classes/assets/textures/Avatar/1-Idle/4.png
08:55:24.388 [FXGL Background Thread 2 ] DEBUG FXGLAssetLoaderServi - Loading from file system: file:/C:/Users/Usuario/OneDrive%20-%20Universidad%20Icesi%20(@icesi.edu.co)/Dicretas%201/NuclearThroneAtomic/src/nuclearthroneatomic/target/classes/assets/textures/Avatar/2-Run/1.png
08:55:24.392 [FXGL Background Thread 2 ] DEBUG FXGLAssetLoaderServi - Loading from file system: file:/C:/Users/Usuario/OneDrive%20-%20Universidad%20Icesi%20(@icesi.edu.co)/Dicretas%201/NuclearThroneAtomic/src/nuclearthroneatomic/target/classes/assets/textures/Avatar/2-Run/2.png
08:55:24.396 [FXGL Background Thread 2 ] DEBUG FXGLAssetLoaderServi - Loading from file system: file:/C:/Users/Usuario/OneDrive%20-%20Universidad%20Icesi%20(@icesi.edu.co)/Dicretas%201/NuclearThroneAtomic/src/nuclearthroneatomic/target/classes/assets/textures/Avatar/2-Run/3.png
08:55:24.399 [FXGL Background Thread 2 ] DEBUG FXGLAssetLoaderServi - Loading from file system: file:/C:/Users/Usuario/OneDrive%20-%20Universidad%20Icesi%20(@icesi.edu.co)/Dicretas%201/NuclearThroneAtomic/src/nuclearthroneatomic/target/classes/assets/textures/Avatar/2-Run/4.png
08:55:24.403 [FXGL Background Thread 2 ] DEBUG FXGLAssetLoaderServi - Loading from file system: file:/C:/Users/Usuario/OneDrive%20-%20Universidad%20Icesi%20(@icesi.edu.co)/Dicretas%201/NuclearThroneAtomic/src/nuclearthroneatomic/target/classes/assets/textures/Avatar/2-Run/5.png
08:55:24.406 [FXGL Background Thread 2 ] DEBUG FXGLAssetLoaderServi - Loading from file system: file:/C:/Users/Usuario/OneDrive%20-%20Universidad%20Icesi%20(@icesi.edu.co)/Dicretas%201/NuclearThroneAtomic/src/nuclearthroneatomic/target/classes/assets/textures/Avatar/2-Run/6.png
08:55:24.415 [FXGL Background Thread 2 ] DEBUG FXGLAssetLoaderServi - Loading from file system: file:/C:/Users/Usuario/OneDrive%20-%20Universidad%20Icesi%20(@icesi.edu.co)/Dicretas%201/NuclearThroneAtomic/src/nuclearthroneatomic/target/classes/assets/textures/Munition/1.png
08:55:24.459 [FXGL Background Thread 2 ] DEBUG FXGLAssetLoaderServi - Loading from file system: file:/C:/Users/Usuario/OneDrive%20-%20Universidad%20Icesi%20(@icesi.edu.co)/Dicretas%201/NuclearThroneAtomic/src/nuclearthroneatomic/target/classes/assets/textures/hud/lifeplayer.png
08:55:24.469 [FXGL Background Thread 2 ] DEBUG FXGLAssetLoaderServi - Loading from file system: file:/C:/Users/Usuario/OneDrive%20-%20Universidad%20Icesi%20(@icesi.edu.co)/Dicretas%201/NuclearThroneAtomic/src/nuclearthroneatomic/target/classes/assets/textures/hud/medkit.png
08:55:24.472 [FXGL Background Thread 2 ] DEBUG FXGLAssetLoaderServi - Loading from file system: file:/C:/Users/Usuario/OneDrive%20-%20Universidad%20Icesi%20(@icesi.edu.co)/Dicretas%201/NuclearThroneAtomic/src/nuclearthroneatomic/target/classes/assets/textures/hud/trebol.png
08:55:24.479 [FXGL Background Thread 2 ] DEBUG FXGLAssetLoaderServi - Loading from file system: file:/C:/Users/Usuario/OneDrive%20-%20Universidad%20Icesi%20(@icesi.edu.co)/Dicretas%201/NuclearThroneAtomic/src/nuclearthroneatomic/target/classes/assets/textures/Guns/1.png
08:55:24.496 [FXGL Background Thread 2 ] DEBUG FXGLAssetLoaderServi - Loading from file system: file:/C:/Users/Usuario/OneDrive%20-%20Universidad%20Icesi%20(@icesi.edu.co)/Dicretas%201/NuclearThroneAtomic/src/nuclearthroneatomic/target/classes/assets/textures/enemy/1-Idle/1.png
08:55:24.498 [FXGL Background Thread 2 ] DEBUG FXGLAssetLoaderServi - Loading from file system: file:/C:/Users/Usuario/OneDrive%20-%20Universidad%20Icesi%20(@icesi.edu.co)/Dicretas%201/NuclearThroneAtomic/src/nuclearthroneatomic/target/classes/assets/textures/enemy/1-Idle/2.png
08:55:24.500 [FXGL Background Thread 2 ] DEBUG FXGLAssetLoaderServi - Loading from file system: file:/C:/Users/Usuario/OneDrive%20-%20Universidad%20Icesi%20(@icesi.edu.co)/Dicretas%201/NuclearThroneAtomic/src/nuclearthroneatomic/target/classes/assets/textures/enemy/1-Idle/3.png
08:55:24.502 [FXGL Background Thread 2 ] DEBUG FXGLAssetLoaderServi - Loading from file system: file:/C:/Users/Usuario/OneDrive%20-%20Universidad%20Icesi%20(@icesi.edu.co)/Dicretas%201/NuclearThroneAtomic/src/nuclearthroneatomic/target/classes/assets/textures/enemy/1-Idle/4.png
08:55:24.509 [FXGL Background Thread 2 ] DEBUG FXGLAssetLoaderServi - Loading from file system: file:/C:/Users/Usuario/OneDrive%20-%20Universidad%20Icesi%20(@icesi.edu.co)/Dicretas%201/NuclearThroneAtomic/src/nuclearthroneatomic/target/classes/assets/textures/enemy/2-Run/1.png
08:55:24.511 [FXGL Background Thread 2 ] DEBUG FXGLAssetLoaderServi - Loading from file system: file:/C:/Users/Usuario/OneDrive%20-%20Universidad%20Icesi%20(@icesi.edu.co)/Dicretas%201/NuclearThroneAtomic/src/nuclearthroneatomic/target/classes/assets/textures/enemy/2-Run/2.png
08:55:24.513 [FXGL Background Thread 2 ] DEBUG FXGLAssetLoaderServi - Loading from file system: file:/C:/Users/Usuario/OneDrive%20-%20Universidad%20Icesi%20(@icesi.edu.co)/Dicretas%201/NuclearThroneAtomic/src/nuclearthroneatomic/target/classes/assets/textures/enemy/2-Run/3.png
08:55:24.515 [FXGL Background Thread 2 ] DEBUG FXGLAssetLoaderServi - Loading from file system: file:/C:/Users/Usuario/OneDrive%20-%20Universidad%20Icesi%20(@icesi.edu.co)/Dicretas%201/NuclearThroneAtomic/src/nuclearthroneatomic/target/classes/assets/textures/enemy/2-Run/4.png
08:55:24.516 [FXGL Background Thread 2 ] DEBUG FXGLAssetLoaderServi - Loading from file system: file:/C:/Users/Usuario/OneDrive%20-%20Universidad%20Icesi%20(@icesi.edu.co)/Dicretas%201/NuclearThroneAtomic/src/nuclearthroneatomic/target/classes/assets/textures/enemy/2-Run/5.png
08:55:24.518 [FXGL Background Thread 2 ] DEBUG FXGLAssetLoaderServi - Loading from file system: file:/C:/Users/Usuario/OneDrive%20-%20Universidad%20Icesi%20(@icesi.edu.co)/Dicretas%201/NuclearThroneAtomic/src/nuclearthroneatomic/target/classes/assets/textures/enemy/2-Run/6.png
08:55:24.543 [FXGL Background Thread 2 ] DEBUG FXGLAssetLoaderServi - Loading from file system: file:/C:/Users/Usuario/OneDrive%20-%20Universidad%20Icesi%20(@icesi.edu.co)/Dicretas%201/NuclearThroneAtomic/src/nuclearthroneatomic/target/classes/assets/textures/mouse/mousecomplete.png
08:55:24.546 [FXGL Background Thread 2 ] DEBUG FXGLAssetLoaderServi - Loading from file system: file:/C:/Users/Usuario/OneDrive%20-%20Universidad%20Icesi%20(@icesi.edu.co)/Dicretas%201/NuclearThroneAtomic/src/nuclearthroneatomic/target/classes/assets/textures/Wall/1.png
08:55:24.757 [FXGL Background Thread 2 ] INFO  FXGLApplication      - Game initialization took: 0,419 sec
08:55:24.758 [JavaFX Application Thread] DEBUG Input                - Clearing active input actions
08:55:24.770 [JavaFX Application Thread] DEBUG GameApplicationServi - Removing overlay from FXGLLoadingScene and adding to GameScene
08:55:24.770 [JavaFX Application Thread] DEBUG PrimaryStageWindow   - FXGLLoadingScene -> GameScene
08:55:25.121 [FXGL Background Thread 3 ] DEBUG Engine               - Logging environment variables
08:55:25.122 [FXGL Background Thread 3 ] DEBUG Engine               - achievements: []
08:55:25.122 [FXGL Background Thread 3 ] DEBUG Engine               - actualHeight: 600.0
08:55:25.122 [FXGL Background Thread 3 ] DEBUG Engine               - actualHeightProperty: ReadOnlyDoubleProperty [value: 600.0]
08:55:25.122 [FXGL Background Thread 3 ] DEBUG Engine               - actualWidth: 800.0
08:55:25.122 [FXGL Background Thread 3 ] DEBUG Engine               - actualWidthProperty: ReadOnlyDoubleProperty [value: 800.0]
08:55:25.122 [FXGL Background Thread 3 ] DEBUG Engine               - appIcon: fxgl_icon.png
08:55:25.122 [FXGL Background Thread 3 ] DEBUG Engine               - applicationMode: DEVELOPER
08:55:25.122 [FXGL Background Thread 3 ] DEBUG Engine               - cSSList: [fxgl_dark.css]
08:55:25.123 [FXGL Background Thread 3 ] DEBUG Engine               - collisionDetectionStrategy: BRUTE_FORCE
08:55:25.123 [FXGL Background Thread 3 ] DEBUG Engine               - configClass: Optional.empty
08:55:25.123 [FXGL Background Thread 3 ] DEBUG Engine               - credits: [Designer . . . . . . . Johan Daniel Aguirre, Program Team . . . . . . Juan Sebastián Libreros,                           Juan Jose Barrera,                           Johan Daniel Aguirre, El mas lindo . . . . . . Juan Sebastián Libreros, Master Thief . . . . . . Johan Daniel Aguirre]
08:55:25.123 [FXGL Background Thread 3 ] DEBUG Engine               - defaultCursor: CursorInfo(imageName=fxgl_default_cursor.png, hotspotX=7.0, hotspotY=6.0)
08:55:25.124 [FXGL Background Thread 3 ] DEBUG Engine               - devBBoxColorProperty: ObjectProperty [value: 0xff0000ff]
08:55:25.124 [FXGL Background Thread 3 ] DEBUG Engine               - devEnableDebugCameraProperty: BooleanProperty [value: false]
08:55:25.124 [FXGL Background Thread 3 ] DEBUG Engine               - devSensorColorProperty: ObjectProperty [value: 0xffff00ff]
08:55:25.124 [FXGL Background Thread 3 ] DEBUG Engine               - devShowBBoxProperty: BooleanProperty [value: false]
08:55:25.124 [FXGL Background Thread 3 ] DEBUG Engine               - devShowPositionProperty: BooleanProperty [value: false]
08:55:25.124 [FXGL Background Thread 3 ] DEBUG Engine               - enabledMenuItems: [EXTRA]
08:55:25.124 [FXGL Background Thread 3 ] DEBUG Engine               - engineServices: [class com.almasb.fxgl.app.services.FXGLAssetLoaderService, class com.almasb.fxgl.app.FXGLApplication$GameApplicationService, class com.almasb.fxgl.app.services.FXGLDialogService, class com.almasb.fxgl.app.services.IOTaskExecutorService, class com.almasb.fxgl.io.FileSystemService, class com.almasb.fxgl.localization.LocalizationService, class com.almasb.fxgl.app.services.SystemBundleService, class com.almasb.fxgl.profile.SaveLoadService, class com.almasb.fxgl.ui.FXGLUIFactoryServiceProvider, class com.almasb.fxgl.ui.FXGLDialogFactoryServiceProvider, class com.almasb.fxgl.audio.AudioPlayer, class com.almasb.fxgl.notification.impl.NotificationServiceProvider, class com.almasb.fxgl.achievement.AchievementService, class com.almasb.fxgl.cutscene.CutsceneService, class com.almasb.fxgl.minigames.MiniGameService, class com.almasb.fxgl.net.NetService, class com.almasb.fxgl.app.services.UpdaterService, class com.almasb.fxgl.dev.DevService]
08:55:25.124 [FXGL Background Thread 3 ] DEBUG Engine               - fontGame: Abel-Regular.ttf
08:55:25.124 [FXGL Background Thread 3 ] DEBUG Engine               - fontMono: TerminalLandMono-Regular.otf
08:55:25.124 [FXGL Background Thread 3 ] DEBUG Engine               - fontText: Courier-Prime.ttf
08:55:25.124 [FXGL Background Thread 3 ] DEBUG Engine               - fontUI: VarelaRound-Regular.ttf
08:55:25.124 [FXGL Background Thread 3 ] DEBUG Engine               - fullScreen: BooleanProperty [value: false]
08:55:25.124 [FXGL Background Thread 3 ] DEBUG Engine               - gameDifficulty: MEDIUM
08:55:25.124 [FXGL Background Thread 3 ] DEBUG Engine               - gameDifficultyProperty: ObjectProperty [value: MEDIUM]
08:55:25.124 [FXGL Background Thread 3 ] DEBUG Engine               - globalMusicVolume: 0.5
08:55:25.125 [FXGL Background Thread 3 ] DEBUG Engine               - globalMusicVolumeProperty: DoubleProperty [value: 1.0]
08:55:25.125 [FXGL Background Thread 3 ] DEBUG Engine               - globalSoundVolume: 0.5
08:55:25.125 [FXGL Background Thread 3 ] DEBUG Engine               - globalSoundVolumeProperty: DoubleProperty [value: 0.1]
08:55:25.125 [FXGL Background Thread 3 ] DEBUG Engine               - height: 600
08:55:25.125 [FXGL Background Thread 3 ] DEBUG Engine               - is3D: false
08:55:25.125 [FXGL Background Thread 3 ] DEBUG Engine               - isAndroid: false
08:55:25.125 [FXGL Background Thread 3 ] DEBUG Engine               - isBrowser: false
08:55:25.125 [FXGL Background Thread 3 ] DEBUG Engine               - isClickFeedbackEnabled: false
08:55:25.125 [FXGL Background Thread 3 ] DEBUG Engine               - isCloseConfirmation: false
08:55:25.125 [FXGL Background Thread 3 ] DEBUG Engine               - isDesktop: true
08:55:25.125 [FXGL Background Thread 3 ] DEBUG Engine               - isDeveloperMenuEnabled: false
08:55:25.125 [FXGL Background Thread 3 ] DEBUG Engine               - isEmbedded: false
08:55:25.125 [FXGL Background Thread 3 ] DEBUG Engine               - isEntityPreloadEnabled: true
08:55:25.125 [FXGL Background Thread 3 ] DEBUG Engine               - isExperimentalTiledLargeMap: false
08:55:25.125 [FXGL Background Thread 3 ] DEBUG Engine               - isFileSystemWriteAllowed: true
08:55:25.126 [FXGL Background Thread 3 ] DEBUG Engine               - isFullScreenAllowed: true
08:55:25.126 [FXGL Background Thread 3 ] DEBUG Engine               - isFullScreenFromStart: false
08:55:25.126 [FXGL Background Thread 3 ] DEBUG Engine               - isGameMenuEnabled: true
08:55:25.126 [FXGL Background Thread 3 ] DEBUG Engine               - isIOS: false
08:55:25.126 [FXGL Background Thread 3 ] DEBUG Engine               - isIntroEnabled: false
08:55:25.126 [FXGL Background Thread 3 ] DEBUG Engine               - isLinux: false
08:55:25.126 [FXGL Background Thread 3 ] DEBUG Engine               - isMac: false
08:55:25.126 [FXGL Background Thread 3 ] DEBUG Engine               - isMainMenuEnabled: true
08:55:25.126 [FXGL Background Thread 3 ] DEBUG Engine               - isManualResizeEnabled: false
08:55:25.126 [FXGL Background Thread 3 ] DEBUG Engine               - isMobile: false
08:55:25.126 [FXGL Background Thread 3 ] DEBUG Engine               - isNative: false
08:55:25.126 [FXGL Background Thread 3 ] DEBUG Engine               - isPauseMusicWhenMinimized: true
08:55:25.126 [FXGL Background Thread 3 ] DEBUG Engine               - isPreserveResizeRatio: false
08:55:25.126 [FXGL Background Thread 3 ] DEBUG Engine               - isProfilingEnabled: false
08:55:25.126 [FXGL Background Thread 3 ] DEBUG Engine               - isScaleAffectedOnResize: true
08:55:25.127 [FXGL Background Thread 3 ] DEBUG Engine               - isSingleStep: false
08:55:25.127 [FXGL Background Thread 3 ] DEBUG Engine               - isUserProfileEnabled: false
08:55:25.127 [FXGL Background Thread 3 ] DEBUG Engine               - isWindows: true
08:55:25.127 [FXGL Background Thread 3 ] DEBUG Engine               - language: ObjectProperty [value: ENGLISH]
08:55:25.127 [FXGL Background Thread 3 ] DEBUG Engine               - menuKey: ESCAPE
08:55:25.127 [FXGL Background Thread 3 ] DEBUG Engine               - mouseSensitivity: 0.2
08:55:25.127 [FXGL Background Thread 3 ] DEBUG Engine               - notificationViewClass: class com.almasb.fxgl.notification.view.XboxNotificationView
08:55:25.127 [FXGL Background Thread 3 ] DEBUG Engine               - pixelsPerMeter: 50.0
08:55:25.127 [FXGL Background Thread 3 ] DEBUG Engine               - platform: WINDOWS
08:55:25.127 [FXGL Background Thread 3 ] DEBUG Engine               - prefHeightProperty: ReadOnlyDoubleProperty [value: 600.0]
08:55:25.127 [FXGL Background Thread 3 ] DEBUG Engine               - prefWidthProperty: ReadOnlyDoubleProperty [value: 800.0]
08:55:25.128 [FXGL Background Thread 3 ] DEBUG Engine               - profileDir: profiles/
08:55:25.128 [FXGL Background Thread 3 ] DEBUG Engine               - profileName: StringProperty [value: DEFAULT]
08:55:25.128 [FXGL Background Thread 3 ] DEBUG Engine               - randomSeed: -1
08:55:25.129 [FXGL Background Thread 3 ] DEBUG Engine               - runtimeInfo: RuntimeInfo(platform=WINDOWS, version=17.2, build=20.08.2022 16.50)
08:55:25.129 [FXGL Background Thread 3 ] DEBUG Engine               - saveFileExt: sav
08:55:25.129 [FXGL Background Thread 3 ] DEBUG Engine               - scaledHeightProp$fxgl: DoubleProperty [bound, value: 600.0]
08:55:25.129 [FXGL Background Thread 3 ] DEBUG Engine               - scaledWidthProp$fxgl: DoubleProperty [bound, value: 800.0]
08:55:25.130 [FXGL Background Thread 3 ] DEBUG Engine               - sceneFactory: com.almasb.fxgl.app.scene.SceneFactory@6c2acc93
08:55:25.130 [FXGL Background Thread 3 ] DEBUG Engine               - secondsIn24h: 60
08:55:25.130 [FXGL Background Thread 3 ] DEBUG Engine               - soundMenuBack: menu/back.wav
08:55:25.130 [FXGL Background Thread 3 ] DEBUG Engine               - soundMenuPress: menu/press.wav
08:55:25.130 [FXGL Background Thread 3 ] DEBUG Engine               - soundMenuSelect: menu/select.wav
08:55:25.131 [FXGL Background Thread 3 ] DEBUG Engine               - soundNotification: core/notification.wav
08:55:25.131 [FXGL Background Thread 3 ] DEBUG Engine               - stageStyle: DECORATED
08:55:25.131 [FXGL Background Thread 3 ] DEBUG Engine               - supportedLanguages: [ENGLISH, FRENCH, GERMAN, HUNGARIAN, RUSSIAN]
08:55:25.131 [FXGL Background Thread 3 ] DEBUG Engine               - ticksPerSecond: -1
08:55:25.131 [FXGL Background Thread 3 ] DEBUG Engine               - title: Nuclear Throne Atomic
08:55:25.131 [FXGL Background Thread 3 ] DEBUG Engine               - urlGithub: https://github.com/AlmasB/FXGL
08:55:25.132 [FXGL Background Thread 3 ] DEBUG Engine               - urlLeaderboard: http://fxgl-top.herokuapp.com/
08:55:25.132 [FXGL Background Thread 3 ] DEBUG Engine               - urlPOM: https://raw.githubusercontent.com/AlmasB/FXGL/release/README.md
08:55:25.132 [FXGL Background Thread 3 ] DEBUG Engine               - userAppClass: class com.example.nuclearthroneatomic.Controller
08:55:25.132 [FXGL Background Thread 3 ] DEBUG Engine               - version: 0.0
08:55:25.132 [FXGL Background Thread 3 ] DEBUG Engine               - versionCheckDays: 7
08:55:25.132 [FXGL Background Thread 3 ] DEBUG Engine               - width: 800
08:55:25.132 [FXGL Background Thread 3 ] DEBUG Engine               - Logging services
08:55:25.132 [FXGL Background Thread 3 ] DEBUG Engine               - class com.almasb.fxgl.app.services.FXGLAssetLoaderService
08:55:25.132 [FXGL Background Thread 3 ] DEBUG Engine               - class com.almasb.fxgl.app.FXGLApplication$GameApplicationService
08:55:25.132 [FXGL Background Thread 3 ] DEBUG Engine               - class com.almasb.fxgl.app.services.FXGLDialogService
08:55:25.132 [FXGL Background Thread 3 ] DEBUG Engine               - class com.almasb.fxgl.app.services.IOTaskExecutorService
08:55:25.133 [FXGL Background Thread 3 ] DEBUG Engine               - class com.almasb.fxgl.io.FileSystemService
08:55:25.133 [FXGL Background Thread 3 ] DEBUG Engine               - class com.almasb.fxgl.localization.LocalizationService
08:55:25.133 [FXGL Background Thread 3 ] DEBUG Engine               - class com.almasb.fxgl.app.services.SystemBundleService
08:55:25.133 [FXGL Background Thread 3 ] DEBUG Engine               - class com.almasb.fxgl.profile.SaveLoadService
08:55:25.133 [FXGL Background Thread 3 ] DEBUG Engine               - class com.almasb.fxgl.ui.FXGLUIFactoryServiceProvider
08:55:25.133 [FXGL Background Thread 3 ] DEBUG Engine               - class com.almasb.fxgl.ui.FXGLDialogFactoryServiceProvider
08:55:25.133 [FXGL Background Thread 3 ] DEBUG Engine               - class com.almasb.fxgl.audio.AudioPlayer
08:55:25.133 [FXGL Background Thread 3 ] DEBUG Engine               - class com.almasb.fxgl.notification.impl.NotificationServiceProvider
08:55:25.133 [FXGL Background Thread 3 ] DEBUG Engine               - class com.almasb.fxgl.achievement.AchievementService
08:55:25.133 [FXGL Background Thread 3 ] DEBUG Engine               - class com.almasb.fxgl.cutscene.CutsceneService
08:55:25.133 [FXGL Background Thread 3 ] DEBUG Engine               - class com.almasb.fxgl.minigames.MiniGameService
08:55:25.133 [FXGL Background Thread 3 ] DEBUG Engine               - class com.almasb.fxgl.net.NetService
08:55:25.133 [FXGL Background Thread 3 ] DEBUG Engine               - class com.almasb.fxgl.app.services.UpdaterService
08:55:25.133 [FXGL Background Thread 3 ] DEBUG Engine               - class com.almasb.fxgl.dev.DevService
08:55:26.600 [JavaFX Application Thread] DEBUG FXGLAssetLoaderServi - Loading from file system: file:/C:/Users/Usuario/OneDrive%20-%20Universidad%20Icesi%20(@icesi.edu.co)/Dicretas%201/NuclearThroneAtomic/src/nuclearthroneatomic/target/classes/assets/textures/Bullet/1.png
08:55:28.363 [JavaFX Application Thread] DEBUG FXGLAssetLoaderServi - Loading from file system: file:/C:/Users/Usuario/OneDrive%20-%20Universidad%20Icesi%20(@icesi.edu.co)/Dicretas%201/NuclearThroneAtomic/src/nuclearthroneatomic/target/classes/assets/textures/portal/1.png
08:55:28.369 [JavaFX Application Thread] DEBUG FXGLAssetLoaderServi - Loading from file system: file:/C:/Users/Usuario/OneDrive%20-%20Universidad%20Icesi%20(@icesi.edu.co)/Dicretas%201/NuclearThroneAtomic/src/nuclearthroneatomic/target/classes/assets/textures/portal/2.png
08:55:28.373 [JavaFX Application Thread] DEBUG FXGLAssetLoaderServi - Loading from file system: file:/C:/Users/Usuario/OneDrive%20-%20Universidad%20Icesi%20(@icesi.edu.co)/Dicretas%201/NuclearThroneAtomic/src/nuclearthroneatomic/target/classes/assets/textures/portal/3.png
08:55:28.377 [JavaFX Application Thread] DEBUG FXGLAssetLoaderServi - Loading from file system: file:/C:/Users/Usuario/OneDrive%20-%20Universidad%20Icesi%20(@icesi.edu.co)/Dicretas%201/NuclearThroneAtomic/src/nuclearthroneatomic/target/classes/assets/textures/portal/4.png
08:55:28.809 [JavaFX Application Thread] DEBUG FXGLAssetLoaderServi - Loading from file system: file:/C:/Users/Usuario/OneDrive%20-%20Universidad%20Icesi%20(@icesi.edu.co)/Dicretas%201/NuclearThroneAtomic/src/nuclearthroneatomic/target/classes/assets/textures/Guns/2.png
08:55:28.996 [JavaFX Application Thread] DEBUG LoopRunner           - Stopping loop
08:55:28.998 [JavaFX Application Thread] FATAL FXGLApplication      - Uncaught Exception:
java.lang.IllegalArgumentException: Component EnemyWeaponComponent not found!
	at com.almasb.fxgl.entity@17.2/com.almasb.fxgl.entity.Entity.getComponent(Entity.java:366)
	at com.example.nuclearthroneatomic/com.example.nuclearthroneatomic.Controller$1.onCollisionBegin(Controller.java:137)
	at com.almasb.fxgl.entity@17.2/com.almasb.fxgl.physics.CollisionPair.collisionBegin(CollisionPair.java:37)
	at com.almasb.fxgl.entity@17.2/com.almasb.fxgl.physics.PhysicsWorld.collisionBeginFor(PhysicsWorld.java:453)
	at com.almasb.fxgl.entity@17.2/com.almasb.fxgl.physics.PhysicsWorld.checkCollisionsInGroup(PhysicsWorld.java:405)
	at com.almasb.fxgl.entity@17.2/com.almasb.fxgl.physics.PhysicsWorld.checkCollisions(PhysicsWorld.java:373)
	at com.almasb.fxgl.entity@17.2/com.almasb.fxgl.physics.PhysicsWorld.onUpdate(PhysicsWorld.java:179)
	at com.almasb.fxgl.all@17.2/com.almasb.fxgl.app.scene.GameScene.step(GameScene.kt:229)
	at com.almasb.fxgl.all@17.2/com.almasb.fxgl.app.scene.GameScene.onUpdate(GameScene.kt:224)
	at com.almasb.fxgl.scene@17.2/com.almasb.fxgl.scene.Scene.update(Scene.kt:105)
	at com.almasb.fxgl.all@17.2/com.almasb.fxgl.app.MainWindow$update$1.invoke(MainWindow.kt:115)
	at com.almasb.fxgl.all@17.2/com.almasb.fxgl.app.MainWindow$update$1.invoke(MainWindow.kt:115)
	at com.almasb.fxgl.core@17.2/com.almasb.fxgl.core.fsm.StateMachine.runOnActiveStates(StateMachine.kt:69)
	at com.almasb.fxgl.all@17.2/com.almasb.fxgl.app.MainWindow.update(MainWindow.kt:115)
	at com.almasb.fxgl.all@17.2/com.almasb.fxgl.app.FXGLApplication$GameApplicationService.onUpdate(FXGLApplication.kt:426)
	at com.almasb.fxgl.all@17.2/com.almasb.fxgl.app.Engine.loop(Engine.kt:134)
	at com.almasb.fxgl.all@17.2/com.almasb.fxgl.app.Engine.access$loop(Engine.kt:24)
	at com.almasb.fxgl.all@17.2/com.almasb.fxgl.app.Engine$loop$1.invoke(Engine.kt:28)
	at com.almasb.fxgl.all@17.2/com.almasb.fxgl.app.Engine$loop$1.invoke(Engine.kt:28)
	at com.almasb.fxgl.all@17.2/com.almasb.fxgl.app.LoopRunner.frame(LoopRunner.kt:103)
	at com.almasb.fxgl.all@17.2/com.almasb.fxgl.app.LoopRunner.access$frame(LoopRunner.kt:23)
	at com.almasb.fxgl.all@17.2/com.almasb.fxgl.app.LoopRunner$impl$2$1.onTick(LoopRunner.kt:57)
	at com.almasb.fxgl.all@17.2/com.almasb.fxgl.app.AnimationTimerLoop$timer$1.handle(LoopRunner.kt:137)
	at javafx.graphics@19.0.2.1/javafx.animation.AnimationTimer$AnimationTimerReceiver.lambda$handle$0(AnimationTimer.java:58)
	at java.base/java.security.AccessController.doPrivileged(AccessController.java:400)
	at javafx.graphics@19.0.2.1/javafx.animation.AnimationTimer$AnimationTimerReceiver.handle(AnimationTimer.java:57)
	at javafx.graphics@19.0.2.1/com.sun.scenario.animation.AbstractPrimaryTimer.timePulseImpl(AbstractPrimaryTimer.java:356)
	at javafx.graphics@19.0.2.1/com.sun.scenario.animation.AbstractPrimaryTimer$MainLoop.run(AbstractPrimaryTimer.java:266)
	at javafx.graphics@19.0.2.1/com.sun.javafx.tk.quantum.QuantumToolkit.pulse(QuantumToolkit.java:571)
	at javafx.graphics@19.0.2.1/com.sun.javafx.tk.quantum.QuantumToolkit.pulse(QuantumToolkit.java:555)
	at javafx.graphics@19.0.2.1/com.sun.javafx.tk.quantum.QuantumToolkit.pulseFromQueue(QuantumToolkit.java:548)
	at javafx.graphics@19.0.2.1/com.sun.javafx.tk.quantum.QuantumToolkit.lambda$runToolkit$11(QuantumToolkit.java:352)
	at javafx.graphics@19.0.2.1/com.sun.glass.ui.InvokeLaterDispatcher$Future.run(InvokeLaterDispatcher.java:96)
	at javafx.graphics@19.0.2.1/com.sun.glass.ui.win.WinApplication._runLoop(Native Method)
	at javafx.graphics@19.0.2.1/com.sun.glass.ui.win.WinApplication.lambda$runLoop$3(WinApplication.java:184)
	at java.base/java.lang.Thread.run(Thread.java:1623)

08:55:28.999 [JavaFX Application Thread] FATAL FXGLApplication      - Application will now exit
08:55:29.025 [JavaFX Application Thread] DEBUG PrimaryStageWindow   - Push state: ErrorSubScene
08:55:29.025 [JavaFX Application Thread] DEBUG Input                - Clearing active input actions
08:55:29.029 [JavaFX Application Thread] DEBUG GameApplicationServi - Removing overlay from GameScene and adding to ErrorSubScene
08:55:29.029 [JavaFX Application Thread] DEBUG PrimaryStageWindow   - GameScene -> ErrorSubScene
08:55:30.620 [JavaFX Application Thread] DEBUG FXGLApplication      - Exiting FXGL
08:55:30.620 [JavaFX Application Thread] DEBUG Async                - Shutting down background threads
08:55:30.620 [JavaFX Application Thread] DEBUG PrimaryStageWindow   - Closing main window
08:55:30.639 [JavaFX Application Thread] DEBUG Logger               - Closing Logger
