19:43:01.107 [main                     ] DEBUG Logger               - Configured Logger
19:43:01.168 [main                     ] DEBUG GameApplication      - Logging settings
Title: Nuclear Throne Atomic
Version: 0.0
Width: 800
Height: 600
Fullscreen: true
Intro: false
Profiling: false
Single step:false
App Mode: DEVELOPER
Menu Key: ESCAPE
Stage Style: DECORATED
Scene Factory: class com.almasb.fxgl.app.scene.SceneFactory

19:43:02.036 [JavaFX Application Thread] DEBUG FXGLApplication      - Initializing FXGL
19:43:02.042 [JavaFX Application Thread] INFO  Engine               - FXGL-17.2 (20.08.2022 16.50) on WINDOWS (J:20.0.1 FX:18.0.2)
19:43:02.043 [JavaFX Application Thread] DEBUG Engine               - JRE Vendor Name: Oracle Corporation
19:43:02.043 [JavaFX Application Thread] DEBUG Engine               - Running on OS: Windows 10 version 10.0
19:43:02.043 [JavaFX Application Thread] DEBUG Engine               - Architecture: amd64
19:43:02.044 [JavaFX Application Thread] INFO  Engine               - Source code and latest versions at: https://github.com/AlmasB/FXGL
19:43:02.044 [JavaFX Application Thread] INFO  Engine               -       Ask questions and discuss at: https://github.com/AlmasB/FXGL/discussions
19:43:02.044 [JavaFX Application Thread] INFO  Engine               -              Join the FXGL chat at: https://gitter.im/AlmasB/FXGL
19:43:02.165 [JavaFX Application Thread] DEBUG PrimaryStageWindow   - Creating a JavaFX scene
19:43:02.224 [JavaFX Application Thread] DEBUG PrimaryStageWindow   - Target settings size: 800.0 x 600.0
19:43:02.224 [JavaFX Application Thread] DEBUG PrimaryStageWindow   - Scaled scene size:    800.0 x 600.0
19:43:02.224 [JavaFX Application Thread] DEBUG PrimaryStageWindow   - Scaled ratio: (1.0, 1.0)
19:43:02.226 [JavaFX Application Thread] DEBUG PrimaryStageWindow   - Set initial scene to FXGLStartupScene
19:43:02.240 [JavaFX Application Thread] DEBUG PrimaryStageWindow   - Opening main window
19:43:02.370 [JavaFX Application Thread] DEBUG PrimaryStageWindow   - Window border size: (16.0, 39.0)
19:43:02.370 [JavaFX Application Thread] DEBUG PrimaryStageWindow   - Scaled size: 800.0 x 600.0
19:43:02.371 [JavaFX Application Thread] DEBUG PrimaryStageWindow   - Scaled ratio: (1.0, 1.0)
19:43:02.372 [JavaFX Application Thread] DEBUG PrimaryStageWindow   - Scene size: 800.0 x 600.0
19:43:02.372 [JavaFX Application Thread] DEBUG PrimaryStageWindow   - Stage size: 816.0 x 639.0
19:43:02.389 [FXGL Background Thread 1 ] DEBUG Engine               - Initializing environment variables
19:43:02.476 [FXGL Background Thread 1 ] DEBUG FXGLAssetLoaderServi - User app class for loading assets: class com.example.nuclearthroneatomic.Controller
19:43:02.477 [FXGL Background Thread 1 ] DEBUG GameApplicationServi - Applying CSS: fxgl_dark.css
19:43:02.479 [FXGL Background Thread 1 ] DEBUG FXGLAssetLoaderServi - Loading from file system: jar:file:///C:/Users/Usuario/.m2/repository/com/github/almasb/fxgl/17.2/fxgl-17.2.jar!/fxglassets/ui/css/fxgl_dark.css
19:43:02.554 [FXGL Background Thread 1 ] DEBUG GameApplicationServi - Initializing application scenes
19:43:02.622 [FXGL Background Thread 1 ] DEBUG GameWorld            - Game world initialized
19:43:02.732 [FXGL Background Thread 1 ] DEBUG PhysicsWorld         - Physics world initialized: appHeight=600, physics.ppm=50,0
19:43:02.733 [FXGL Background Thread 1 ] DEBUG PhysicsWorld         - Using strategy: BRUTE_FORCE
19:43:02.741 [FXGL Background Thread 1 ] DEBUG GameScene            - Game scene initialized: 800x600
19:43:02.769 [FXGL Background Thread 1 ] DEBUG FXGL.DefaultMenu     - createMenuBodyMainMenu()
19:43:02.799 [FXGL Background Thread 1 ] DEBUG FXGL.DefaultMenu     - createOptionsMenu()
19:43:02.821 [FXGL Background Thread 1 ] DEBUG FXGLAssetLoaderServi - Loading from file system: jar:file:///C:/Users/Usuario/.m2/repository/com/github/almasb/fxgl/17.2/fxgl-17.2.jar!/fxglassets/textures/particles/smoke.png
19:43:02.955 [FXGL Background Thread 1 ] DEBUG FXGLAssetLoaderServi - Loading from file system: jar:file:///C:/Users/Usuario/.m2/repository/com/github/almasb/fxgl/17.2/fxgl-17.2.jar!/fxglassets/textures/particles/trace_horizontal.png
19:43:02.993 [FXGL Background Thread 1 ] DEBUG FXGL.DefaultMenu     - createMenuBodyGameMenu()
19:43:02.994 [FXGL Background Thread 1 ] DEBUG FXGL.DefaultMenu     - createOptionsMenu()
19:43:03.013 [FXGL Background Thread 1 ] DEBUG GameApplicationServi - Application scenes initialized
19:43:03.032 [FXGL Background Thread 1 ] DEBUG SystemBundleService  - Loading FXGL system data
19:43:03.037 [FXGL Background Thread 1 ] DEBUG FileSystemAccess     - Reading from: C:\Users\Usuario\OneDrive - Universidad Icesi (@icesi.edu.co)\APO2\Tareas integradoras\NuclearThroneAtomic\src\nuclearthroneatomic\system\fxgl.bundle
19:43:03.053 [FXGL Background Thread 1 ] DEBUG SystemBundleService  - Bundle FXGL: {}
19:43:03.053 [FXGL Background Thread 1 ] DEBUG UpdaterService       - Checking for updates
19:43:03.063 [FXGL Background Thread 1 ] DEBUG FXGLApplication      - Loading default localization
19:43:03.063 [FXGL Background Thread 4 ] DEBUG FXGLApplication      - Loading fonts
19:43:03.064 [FXGL Background Thread 1 ] DEBUG FXGLAssetLoaderServi - Loading from file system: jar:file:///C:/Users/Usuario/.m2/repository/com/github/almasb/fxgl/17.2/fxgl-17.2.jar!/fxglassets/languages/english.lang
19:43:03.064 [FXGL Background Thread 4 ] DEBUG FXGLAssetLoaderServi - Loading from file system: jar:file:///C:/Users/Usuario/.m2/repository/com/github/almasb/fxgl/17.2/fxgl-17.2.jar!/fxglassets/ui/fonts/VarelaRound-Regular.ttf
19:43:03.097 [FXGL Background Thread 1 ] INFO  FXGLApplication      - FXGL initialization took: 0,707 sec
19:43:03.113 [JavaFX Application Thread] DEBUG Input                - Registered new binding: lucky - Q
19:43:03.113 [JavaFX Application Thread] DEBUG Input                - Registered new binding: health - F
19:43:03.113 [JavaFX Application Thread] DEBUG Input                - Registered new binding: Right - D
19:43:03.114 [JavaFX Application Thread] DEBUG Input                - Registered new binding: Left - A
19:43:03.114 [JavaFX Application Thread] DEBUG Input                - Registered new binding: Up - W
19:43:03.114 [JavaFX Application Thread] DEBUG Input                - Registered new binding: Down - S
19:43:03.116 [JavaFX Application Thread] DEBUG Input                - Registered new binding: Reload - RMB
19:43:03.117 [JavaFX Application Thread] DEBUG Input                - Registered new binding: Shoot - LMB
19:43:03.118 [JavaFX Application Thread] DEBUG FXGLAssetLoaderServi - Loading from file system: jar:file:///C:/Users/Usuario/.m2/repository/com/github/almasb/fxgl/17.2/fxgl-17.2.jar!/fxglassets/textures/fxgl_icon.png
19:43:03.161 [JavaFX Application Thread] DEBUG FXGLAssetLoaderServi - Loading from file system: jar:file:///C:/Users/Usuario/.m2/repository/com/github/almasb/fxgl/17.2/fxgl-17.2.jar!/fxglassets/textures/fxgl_default_cursor.png
19:43:03.166 [JavaFX Application Thread] DEBUG Input                - Registered new binding: Screenshot - CTRL+8
19:43:03.167 [JavaFX Application Thread] DEBUG Input                - Registered new binding: System info dump - CTRL+9
19:43:03.168 [JavaFX Application Thread] DEBUG Input                - Registered new binding: Restart - CTRL+R
19:43:03.169 [JavaFX Application Thread] DEBUG Input                - Registered new binding: Toggle Debug Camera - CTRL+7
19:43:03.174 [JavaFX Application Thread] DEBUG LoopRunner           - Starting loop
19:43:03.174 [JavaFX Application Thread] DEBUG LoopRunner           - Initializing JavaFX AnimationTimerLoop
19:43:03.180 [JavaFX Application Thread] DEBUG Input                - Clearing active input actions
19:43:03.194 [JavaFX Application Thread] DEBUG GameApplicationServi - Removing overlay from FXGLStartupScene and adding to FXGLMainMenuDummyScene
19:43:03.195 [JavaFX Application Thread] DEBUG PrimaryStageWindow   - FXGLStartupScene -> FXGLMainMenuDummyScene
19:43:03.195 [JavaFX Application Thread] DEBUG PrimaryStageWindow   - Push state: FXGLDefaultMenu
19:43:03.205 [JavaFX Application Thread] DEBUG Input                - Clearing active input actions
19:43:03.221 [JavaFX Application Thread] DEBUG GameApplicationServi - Removing overlay from FXGLMainMenuDummyScene and adding to FXGLDefaultMenu
19:43:03.222 [JavaFX Application Thread] DEBUG PrimaryStageWindow   - FXGLMainMenuDummyScene -> FXGLDefaultMenu
19:43:03.283 [FXGL Background Thread 4 ] DEBUG FXGLAssetLoaderServi - Loading from file system: jar:file:///C:/Users/Usuario/.m2/repository/com/github/almasb/fxgl/17.2/fxgl-17.2.jar!/fxglassets/ui/fonts/Abel-Regular.ttf
19:43:03.291 [FXGL Background Thread 4 ] DEBUG FXGLAssetLoaderServi - Loading from file system: jar:file:///C:/Users/Usuario/.m2/repository/com/github/almasb/fxgl/17.2/fxgl-17.2.jar!/fxglassets/ui/fonts/TerminalLandMono-Regular.otf
19:43:03.299 [FXGL Background Thread 4 ] DEBUG FXGLAssetLoaderServi - Loading from file system: jar:file:///C:/Users/Usuario/.m2/repository/com/github/almasb/fxgl/17.2/fxgl-17.2.jar!/fxglassets/ui/fonts/Courier-Prime.ttf
19:43:03.371 [JavaFX Application Thread] DEBUG FXGLApplication      - Registering font factories with UI factory
19:43:03.845 [FXGL Background Thread 2 ] INFO  UpdaterService       - Your current version:  17.2
19:43:03.845 [FXGL Background Thread 2 ] INFO  UpdaterService       - Latest stable version: 17.3
19:43:04.772 [JavaFX Application Thread] DEBUG Menu                 - fireNewGame()
19:43:04.773 [JavaFX Application Thread] DEBUG GameApplicationServi - Starting new game
19:43:04.776 [JavaFX Application Thread] DEBUG PrimaryStageWindow   - Pop state: FXGLDefaultMenu
19:43:04.776 [JavaFX Application Thread] DEBUG Input                - Clearing active input actions
19:43:04.778 [JavaFX Application Thread] DEBUG GameApplicationServi - Removing overlay from FXGLDefaultMenu and adding to FXGLMainMenuDummyScene
19:43:04.779 [JavaFX Application Thread] DEBUG PrimaryStageWindow   - FXGLMainMenuDummyScene <- FXGLDefaultMenu
19:43:04.779 [JavaFX Application Thread] DEBUG Input                - Clearing active input actions
19:43:04.791 [JavaFX Application Thread] DEBUG GameApplicationServi - Removing overlay from FXGLMainMenuDummyScene and adding to FXGLLoadingScene
19:43:04.791 [JavaFX Application Thread] DEBUG PrimaryStageWindow   - FXGLMainMenuDummyScene -> FXGLLoadingScene
19:43:04.792 [JavaFX Application Thread] DEBUG GameApplicationServi - Clearing previous game
19:43:04.792 [JavaFX Application Thread] DEBUG GameScene            - Clearing game scene
19:43:04.792 [JavaFX Application Thread] DEBUG GameWorld            - Clearing game world
19:43:04.792 [JavaFX Application Thread] DEBUG PhysicsWorld         - Clearing physics world
19:43:04.795 [FXGL Background Thread 2 ] DEBUG FXGLApplication      - Initializing game
19:43:04.810 [FXGL Background Thread 2 ] DEBUG FXGLAssetLoaderServi - Loading from file system: file:/C:/Users/Usuario/OneDrive%20-%20Universidad%20Icesi%20(@icesi.edu.co)/APO2/Tareas%20integradoras/NuclearThroneAtomic/src/nuclearthroneatomic/target/classes/assets/textures/Avatar/1-Idle/1.png
19:43:04.814 [FXGL Background Thread 2 ] DEBUG FXGLAssetLoaderServi - Loading from file system: file:/C:/Users/Usuario/OneDrive%20-%20Universidad%20Icesi%20(@icesi.edu.co)/APO2/Tareas%20integradoras/NuclearThroneAtomic/src/nuclearthroneatomic/target/classes/assets/textures/Avatar/1-Idle/2.png
19:43:04.819 [FXGL Background Thread 2 ] DEBUG FXGLAssetLoaderServi - Loading from file system: file:/C:/Users/Usuario/OneDrive%20-%20Universidad%20Icesi%20(@icesi.edu.co)/APO2/Tareas%20integradoras/NuclearThroneAtomic/src/nuclearthroneatomic/target/classes/assets/textures/Avatar/1-Idle/3.png
19:43:04.823 [FXGL Background Thread 2 ] DEBUG FXGLAssetLoaderServi - Loading from file system: file:/C:/Users/Usuario/OneDrive%20-%20Universidad%20Icesi%20(@icesi.edu.co)/APO2/Tareas%20integradoras/NuclearThroneAtomic/src/nuclearthroneatomic/target/classes/assets/textures/Avatar/1-Idle/4.png
19:43:04.873 [FXGL Background Thread 2 ] DEBUG FXGLAssetLoaderServi - Loading from file system: file:/C:/Users/Usuario/OneDrive%20-%20Universidad%20Icesi%20(@icesi.edu.co)/APO2/Tareas%20integradoras/NuclearThroneAtomic/src/nuclearthroneatomic/target/classes/assets/textures/Avatar/2-Run/1.png
19:43:04.877 [FXGL Background Thread 2 ] DEBUG FXGLAssetLoaderServi - Loading from file system: file:/C:/Users/Usuario/OneDrive%20-%20Universidad%20Icesi%20(@icesi.edu.co)/APO2/Tareas%20integradoras/NuclearThroneAtomic/src/nuclearthroneatomic/target/classes/assets/textures/Avatar/2-Run/2.png
19:43:04.881 [FXGL Background Thread 2 ] DEBUG FXGLAssetLoaderServi - Loading from file system: file:/C:/Users/Usuario/OneDrive%20-%20Universidad%20Icesi%20(@icesi.edu.co)/APO2/Tareas%20integradoras/NuclearThroneAtomic/src/nuclearthroneatomic/target/classes/assets/textures/Avatar/2-Run/3.png
19:43:04.885 [FXGL Background Thread 2 ] DEBUG FXGLAssetLoaderServi - Loading from file system: file:/C:/Users/Usuario/OneDrive%20-%20Universidad%20Icesi%20(@icesi.edu.co)/APO2/Tareas%20integradoras/NuclearThroneAtomic/src/nuclearthroneatomic/target/classes/assets/textures/Avatar/2-Run/4.png
19:43:04.888 [FXGL Background Thread 2 ] DEBUG FXGLAssetLoaderServi - Loading from file system: file:/C:/Users/Usuario/OneDrive%20-%20Universidad%20Icesi%20(@icesi.edu.co)/APO2/Tareas%20integradoras/NuclearThroneAtomic/src/nuclearthroneatomic/target/classes/assets/textures/Avatar/2-Run/5.png
19:43:04.893 [FXGL Background Thread 2 ] DEBUG FXGLAssetLoaderServi - Loading from file system: file:/C:/Users/Usuario/OneDrive%20-%20Universidad%20Icesi%20(@icesi.edu.co)/APO2/Tareas%20integradoras/NuclearThroneAtomic/src/nuclearthroneatomic/target/classes/assets/textures/Avatar/2-Run/6.png
19:43:04.903 [FXGL Background Thread 2 ] DEBUG FXGLAssetLoaderServi - Loading from file system: file:/C:/Users/Usuario/OneDrive%20-%20Universidad%20Icesi%20(@icesi.edu.co)/APO2/Tareas%20integradoras/NuclearThroneAtomic/src/nuclearthroneatomic/target/classes/assets/textures/Munition/1.png
19:43:04.965 [FXGL Background Thread 2 ] DEBUG FXGLAssetLoaderServi - Loading from file system: file:/C:/Users/Usuario/OneDrive%20-%20Universidad%20Icesi%20(@icesi.edu.co)/APO2/Tareas%20integradoras/NuclearThroneAtomic/src/nuclearthroneatomic/target/classes/assets/textures/hud/lifeplayer.png
19:43:04.977 [FXGL Background Thread 2 ] DEBUG FXGLAssetLoaderServi - Loading from file system: file:/C:/Users/Usuario/OneDrive%20-%20Universidad%20Icesi%20(@icesi.edu.co)/APO2/Tareas%20integradoras/NuclearThroneAtomic/src/nuclearthroneatomic/target/classes/assets/textures/hud/medkit.png
19:43:04.984 [FXGL Background Thread 2 ] DEBUG FXGLAssetLoaderServi - Loading from file system: file:/C:/Users/Usuario/OneDrive%20-%20Universidad%20Icesi%20(@icesi.edu.co)/APO2/Tareas%20integradoras/NuclearThroneAtomic/src/nuclearthroneatomic/target/classes/assets/textures/hud/trebol.png
19:43:04.994 [FXGL Background Thread 2 ] DEBUG FXGLAssetLoaderServi - Loading from file system: file:/C:/Users/Usuario/OneDrive%20-%20Universidad%20Icesi%20(@icesi.edu.co)/APO2/Tareas%20integradoras/NuclearThroneAtomic/src/nuclearthroneatomic/target/classes/assets/textures/Guns/1.png
19:43:05.003 [FXGL Background Thread 2 ] DEBUG FXGLAssetLoaderServi - Loading from file system: file:/C:/Users/Usuario/OneDrive%20-%20Universidad%20Icesi%20(@icesi.edu.co)/APO2/Tareas%20integradoras/NuclearThroneAtomic/src/nuclearthroneatomic/target/classes/assets/textures/enemy/1-Idle/1.png
19:43:05.006 [FXGL Background Thread 2 ] DEBUG FXGLAssetLoaderServi - Loading from file system: file:/C:/Users/Usuario/OneDrive%20-%20Universidad%20Icesi%20(@icesi.edu.co)/APO2/Tareas%20integradoras/NuclearThroneAtomic/src/nuclearthroneatomic/target/classes/assets/textures/enemy/1-Idle/2.png
19:43:05.008 [FXGL Background Thread 2 ] DEBUG FXGLAssetLoaderServi - Loading from file system: file:/C:/Users/Usuario/OneDrive%20-%20Universidad%20Icesi%20(@icesi.edu.co)/APO2/Tareas%20integradoras/NuclearThroneAtomic/src/nuclearthroneatomic/target/classes/assets/textures/enemy/1-Idle/3.png
19:43:05.011 [FXGL Background Thread 2 ] DEBUG FXGLAssetLoaderServi - Loading from file system: file:/C:/Users/Usuario/OneDrive%20-%20Universidad%20Icesi%20(@icesi.edu.co)/APO2/Tareas%20integradoras/NuclearThroneAtomic/src/nuclearthroneatomic/target/classes/assets/textures/enemy/1-Idle/4.png
19:43:05.020 [FXGL Background Thread 2 ] DEBUG FXGLAssetLoaderServi - Loading from file system: file:/C:/Users/Usuario/OneDrive%20-%20Universidad%20Icesi%20(@icesi.edu.co)/APO2/Tareas%20integradoras/NuclearThroneAtomic/src/nuclearthroneatomic/target/classes/assets/textures/enemy/2-Run/1.png
19:43:05.023 [FXGL Background Thread 2 ] DEBUG FXGLAssetLoaderServi - Loading from file system: file:/C:/Users/Usuario/OneDrive%20-%20Universidad%20Icesi%20(@icesi.edu.co)/APO2/Tareas%20integradoras/NuclearThroneAtomic/src/nuclearthroneatomic/target/classes/assets/textures/enemy/2-Run/2.png
19:43:05.025 [FXGL Background Thread 2 ] DEBUG FXGLAssetLoaderServi - Loading from file system: file:/C:/Users/Usuario/OneDrive%20-%20Universidad%20Icesi%20(@icesi.edu.co)/APO2/Tareas%20integradoras/NuclearThroneAtomic/src/nuclearthroneatomic/target/classes/assets/textures/enemy/2-Run/3.png
19:43:05.028 [FXGL Background Thread 2 ] DEBUG FXGLAssetLoaderServi - Loading from file system: file:/C:/Users/Usuario/OneDrive%20-%20Universidad%20Icesi%20(@icesi.edu.co)/APO2/Tareas%20integradoras/NuclearThroneAtomic/src/nuclearthroneatomic/target/classes/assets/textures/enemy/2-Run/4.png
19:43:05.030 [FXGL Background Thread 2 ] DEBUG FXGLAssetLoaderServi - Loading from file system: file:/C:/Users/Usuario/OneDrive%20-%20Universidad%20Icesi%20(@icesi.edu.co)/APO2/Tareas%20integradoras/NuclearThroneAtomic/src/nuclearthroneatomic/target/classes/assets/textures/enemy/2-Run/5.png
19:43:05.034 [FXGL Background Thread 2 ] DEBUG FXGLAssetLoaderServi - Loading from file system: file:/C:/Users/Usuario/OneDrive%20-%20Universidad%20Icesi%20(@icesi.edu.co)/APO2/Tareas%20integradoras/NuclearThroneAtomic/src/nuclearthroneatomic/target/classes/assets/textures/enemy/2-Run/6.png
19:43:05.070 [FXGL Background Thread 2 ] DEBUG FXGLAssetLoaderServi - Loading from file system: file:/C:/Users/Usuario/OneDrive%20-%20Universidad%20Icesi%20(@icesi.edu.co)/APO2/Tareas%20integradoras/NuclearThroneAtomic/src/nuclearthroneatomic/target/classes/assets/textures/portal/1.png
19:43:05.077 [FXGL Background Thread 2 ] DEBUG FXGLAssetLoaderServi - Loading from file system: file:/C:/Users/Usuario/OneDrive%20-%20Universidad%20Icesi%20(@icesi.edu.co)/APO2/Tareas%20integradoras/NuclearThroneAtomic/src/nuclearthroneatomic/target/classes/assets/textures/portal/2.png
19:43:05.085 [FXGL Background Thread 2 ] DEBUG FXGLAssetLoaderServi - Loading from file system: file:/C:/Users/Usuario/OneDrive%20-%20Universidad%20Icesi%20(@icesi.edu.co)/APO2/Tareas%20integradoras/NuclearThroneAtomic/src/nuclearthroneatomic/target/classes/assets/textures/portal/3.png
19:43:05.091 [FXGL Background Thread 2 ] DEBUG FXGLAssetLoaderServi - Loading from file system: file:/C:/Users/Usuario/OneDrive%20-%20Universidad%20Icesi%20(@icesi.edu.co)/APO2/Tareas%20integradoras/NuclearThroneAtomic/src/nuclearthroneatomic/target/classes/assets/textures/portal/4.png
19:43:05.114 [FXGL Background Thread 2 ] DEBUG FXGLAssetLoaderServi - Loading from file system: file:/C:/Users/Usuario/OneDrive%20-%20Universidad%20Icesi%20(@icesi.edu.co)/APO2/Tareas%20integradoras/NuclearThroneAtomic/src/nuclearthroneatomic/target/classes/assets/textures/Wall/1.png
19:43:05.286 [FXGL Background Thread 2 ] INFO  FXGLApplication      - Game initialization took: 0,492 sec
19:43:05.299 [JavaFX Application Thread] DEBUG Input                - Clearing active input actions
19:43:05.310 [JavaFX Application Thread] DEBUG GameApplicationServi - Removing overlay from FXGLLoadingScene and adding to GameScene
19:43:05.311 [JavaFX Application Thread] DEBUG PrimaryStageWindow   - FXGLLoadingScene -> GameScene
19:43:06.060 [FXGL Background Thread 3 ] DEBUG Engine               - Logging environment variables
19:43:06.060 [FXGL Background Thread 3 ] DEBUG Engine               - achievements: []
19:43:06.061 [FXGL Background Thread 3 ] DEBUG Engine               - actualHeight: 600.0
19:43:06.061 [FXGL Background Thread 3 ] DEBUG Engine               - actualHeightProperty: ReadOnlyDoubleProperty [value: 600.0]
19:43:06.061 [FXGL Background Thread 3 ] DEBUG Engine               - actualWidth: 800.0
19:43:06.061 [FXGL Background Thread 3 ] DEBUG Engine               - actualWidthProperty: ReadOnlyDoubleProperty [value: 800.0]
19:43:06.061 [FXGL Background Thread 3 ] DEBUG Engine               - appIcon: fxgl_icon.png
19:43:06.061 [FXGL Background Thread 3 ] DEBUG Engine               - applicationMode: DEVELOPER
19:43:06.062 [FXGL Background Thread 3 ] DEBUG Engine               - cSSList: [fxgl_dark.css]
19:43:06.062 [FXGL Background Thread 3 ] DEBUG Engine               - collisionDetectionStrategy: BRUTE_FORCE
19:43:06.062 [FXGL Background Thread 3 ] DEBUG Engine               - configClass: Optional.empty
19:43:06.062 [FXGL Background Thread 3 ] DEBUG Engine               - credits: []
19:43:06.062 [FXGL Background Thread 3 ] DEBUG Engine               - defaultCursor: CursorInfo(imageName=fxgl_default_cursor.png, hotspotX=7.0, hotspotY=6.0)
19:43:06.063 [FXGL Background Thread 3 ] DEBUG Engine               - devBBoxColorProperty: ObjectProperty [value: 0xff0000ff]
19:43:06.063 [FXGL Background Thread 3 ] DEBUG Engine               - devEnableDebugCameraProperty: BooleanProperty [value: false]
19:43:06.063 [FXGL Background Thread 3 ] DEBUG Engine               - devSensorColorProperty: ObjectProperty [value: 0xffff00ff]
19:43:06.063 [FXGL Background Thread 3 ] DEBUG Engine               - devShowBBoxProperty: BooleanProperty [value: false]
19:43:06.063 [FXGL Background Thread 3 ] DEBUG Engine               - devShowPositionProperty: BooleanProperty [value: false]
19:43:06.063 [FXGL Background Thread 3 ] DEBUG Engine               - enabledMenuItems: []
19:43:06.063 [FXGL Background Thread 3 ] DEBUG Engine               - engineServices: [class com.almasb.fxgl.app.services.FXGLAssetLoaderService, class com.almasb.fxgl.app.FXGLApplication$GameApplicationService, class com.almasb.fxgl.app.services.FXGLDialogService, class com.almasb.fxgl.app.services.IOTaskExecutorService, class com.almasb.fxgl.io.FileSystemService, class com.almasb.fxgl.localization.LocalizationService, class com.almasb.fxgl.app.services.SystemBundleService, class com.almasb.fxgl.profile.SaveLoadService, class com.almasb.fxgl.ui.FXGLUIFactoryServiceProvider, class com.almasb.fxgl.ui.FXGLDialogFactoryServiceProvider, class com.almasb.fxgl.audio.AudioPlayer, class com.almasb.fxgl.notification.impl.NotificationServiceProvider, class com.almasb.fxgl.achievement.AchievementService, class com.almasb.fxgl.cutscene.CutsceneService, class com.almasb.fxgl.minigames.MiniGameService, class com.almasb.fxgl.net.NetService, class com.almasb.fxgl.app.services.UpdaterService, class com.almasb.fxgl.dev.DevService]
19:43:06.063 [FXGL Background Thread 3 ] DEBUG Engine               - fontGame: Abel-Regular.ttf
19:43:06.063 [FXGL Background Thread 3 ] DEBUG Engine               - fontMono: TerminalLandMono-Regular.otf
19:43:06.063 [FXGL Background Thread 3 ] DEBUG Engine               - fontText: Courier-Prime.ttf
19:43:06.063 [FXGL Background Thread 3 ] DEBUG Engine               - fontUI: VarelaRound-Regular.ttf
19:43:06.063 [FXGL Background Thread 3 ] DEBUG Engine               - fullScreen: BooleanProperty [value: false]
19:43:06.063 [FXGL Background Thread 3 ] DEBUG Engine               - gameDifficulty: MEDIUM
19:43:06.064 [FXGL Background Thread 3 ] DEBUG Engine               - gameDifficultyProperty: ObjectProperty [value: MEDIUM]
19:43:06.064 [FXGL Background Thread 3 ] DEBUG Engine               - globalMusicVolume: 0.5
19:43:06.064 [FXGL Background Thread 3 ] DEBUG Engine               - globalMusicVolumeProperty: DoubleProperty [value: 0.5]
19:43:06.064 [FXGL Background Thread 3 ] DEBUG Engine               - globalSoundVolume: 0.5
19:43:06.064 [FXGL Background Thread 3 ] DEBUG Engine               - globalSoundVolumeProperty: DoubleProperty [value: 0.5]
19:43:06.064 [FXGL Background Thread 3 ] DEBUG Engine               - height: 600
19:43:06.064 [FXGL Background Thread 3 ] DEBUG Engine               - is3D: false
19:43:06.064 [FXGL Background Thread 3 ] DEBUG Engine               - isAndroid: false
19:43:06.064 [FXGL Background Thread 3 ] DEBUG Engine               - isBrowser: false
19:43:06.064 [FXGL Background Thread 3 ] DEBUG Engine               - isClickFeedbackEnabled: false
19:43:06.064 [FXGL Background Thread 3 ] DEBUG Engine               - isCloseConfirmation: false
19:43:06.064 [FXGL Background Thread 3 ] DEBUG Engine               - isDesktop: true
19:43:06.064 [FXGL Background Thread 3 ] DEBUG Engine               - isDeveloperMenuEnabled: false
19:43:06.064 [FXGL Background Thread 3 ] DEBUG Engine               - isEmbedded: false
19:43:06.064 [FXGL Background Thread 3 ] DEBUG Engine               - isEntityPreloadEnabled: true
19:43:06.064 [FXGL Background Thread 3 ] DEBUG Engine               - isExperimentalTiledLargeMap: false
19:43:06.064 [FXGL Background Thread 3 ] DEBUG Engine               - isFileSystemWriteAllowed: true
19:43:06.064 [FXGL Background Thread 3 ] DEBUG Engine               - isFullScreenAllowed: true
19:43:06.065 [FXGL Background Thread 3 ] DEBUG Engine               - isFullScreenFromStart: false
19:43:06.065 [FXGL Background Thread 3 ] DEBUG Engine               - isGameMenuEnabled: true
19:43:06.065 [FXGL Background Thread 3 ] DEBUG Engine               - isIOS: false
19:43:06.065 [FXGL Background Thread 3 ] DEBUG Engine               - isIntroEnabled: false
19:43:06.065 [FXGL Background Thread 3 ] DEBUG Engine               - isLinux: false
19:43:06.065 [FXGL Background Thread 3 ] DEBUG Engine               - isMac: false
19:43:06.065 [FXGL Background Thread 3 ] DEBUG Engine               - isMainMenuEnabled: true
19:43:06.065 [FXGL Background Thread 3 ] DEBUG Engine               - isManualResizeEnabled: false
19:43:06.065 [FXGL Background Thread 3 ] DEBUG Engine               - isMobile: false
19:43:06.065 [FXGL Background Thread 3 ] DEBUG Engine               - isNative: false
19:43:06.065 [FXGL Background Thread 3 ] DEBUG Engine               - isPauseMusicWhenMinimized: true
19:43:06.065 [FXGL Background Thread 3 ] DEBUG Engine               - isPreserveResizeRatio: false
19:43:06.065 [FXGL Background Thread 3 ] DEBUG Engine               - isProfilingEnabled: false
19:43:06.066 [FXGL Background Thread 3 ] DEBUG Engine               - isScaleAffectedOnResize: true
19:43:06.066 [FXGL Background Thread 3 ] DEBUG Engine               - isSingleStep: false
19:43:06.066 [FXGL Background Thread 3 ] DEBUG Engine               - isUserProfileEnabled: false
19:43:06.066 [FXGL Background Thread 3 ] DEBUG Engine               - isWindows: true
19:43:06.066 [FXGL Background Thread 3 ] DEBUG Engine               - language: ObjectProperty [value: ENGLISH]
19:43:06.066 [FXGL Background Thread 3 ] DEBUG Engine               - menuKey: ESCAPE
19:43:06.066 [FXGL Background Thread 3 ] DEBUG Engine               - mouseSensitivity: 0.2
19:43:06.066 [FXGL Background Thread 3 ] DEBUG Engine               - notificationViewClass: class com.almasb.fxgl.notification.view.XboxNotificationView
19:43:06.066 [FXGL Background Thread 3 ] DEBUG Engine               - pixelsPerMeter: 50.0
19:43:06.067 [FXGL Background Thread 3 ] DEBUG Engine               - platform: WINDOWS
19:43:06.067 [FXGL Background Thread 3 ] DEBUG Engine               - prefHeightProperty: ReadOnlyDoubleProperty [value: 600.0]
19:43:06.067 [FXGL Background Thread 3 ] DEBUG Engine               - prefWidthProperty: ReadOnlyDoubleProperty [value: 800.0]
19:43:06.068 [FXGL Background Thread 3 ] DEBUG Engine               - profileDir: profiles/
19:43:06.068 [FXGL Background Thread 3 ] DEBUG Engine               - profileName: StringProperty [value: DEFAULT]
19:43:06.068 [FXGL Background Thread 3 ] DEBUG Engine               - randomSeed: -1
19:43:06.069 [FXGL Background Thread 3 ] DEBUG Engine               - runtimeInfo: RuntimeInfo(platform=WINDOWS, version=17.2, build=20.08.2022 16.50)
19:43:06.069 [FXGL Background Thread 3 ] DEBUG Engine               - saveFileExt: sav
19:43:06.069 [FXGL Background Thread 3 ] DEBUG Engine               - scaledHeightProp$fxgl: DoubleProperty [bound, value: 600.0]
19:43:06.069 [FXGL Background Thread 3 ] DEBUG Engine               - scaledWidthProp$fxgl: DoubleProperty [bound, value: 800.0]
19:43:06.069 [FXGL Background Thread 3 ] DEBUG Engine               - sceneFactory: com.almasb.fxgl.app.scene.SceneFactory@1fbeb8a3
19:43:06.069 [FXGL Background Thread 3 ] DEBUG Engine               - secondsIn24h: 60
19:43:06.070 [FXGL Background Thread 3 ] DEBUG Engine               - soundMenuBack: menu/back.wav
19:43:06.070 [FXGL Background Thread 3 ] DEBUG Engine               - soundMenuPress: menu/press.wav
19:43:06.070 [FXGL Background Thread 3 ] DEBUG Engine               - soundMenuSelect: menu/select.wav
19:43:06.070 [FXGL Background Thread 3 ] DEBUG Engine               - soundNotification: core/notification.wav
19:43:06.070 [FXGL Background Thread 3 ] DEBUG Engine               - stageStyle: DECORATED
19:43:06.070 [FXGL Background Thread 3 ] DEBUG Engine               - supportedLanguages: [ENGLISH, FRENCH, GERMAN, HUNGARIAN, RUSSIAN]
19:43:06.070 [FXGL Background Thread 3 ] DEBUG Engine               - ticksPerSecond: -1
19:43:06.070 [FXGL Background Thread 3 ] DEBUG Engine               - title: Nuclear Throne Atomic
19:43:06.070 [FXGL Background Thread 3 ] DEBUG Engine               - urlGithub: https://github.com/AlmasB/FXGL
19:43:06.070 [FXGL Background Thread 3 ] DEBUG Engine               - urlLeaderboard: http://fxgl-top.herokuapp.com/
19:43:06.070 [FXGL Background Thread 3 ] DEBUG Engine               - urlPOM: https://raw.githubusercontent.com/AlmasB/FXGL/release/README.md
19:43:06.070 [FXGL Background Thread 3 ] DEBUG Engine               - userAppClass: class com.example.nuclearthroneatomic.Controller
19:43:06.071 [FXGL Background Thread 3 ] DEBUG Engine               - version: 0.0
19:43:06.071 [FXGL Background Thread 3 ] DEBUG Engine               - versionCheckDays: 7
19:43:06.071 [FXGL Background Thread 3 ] DEBUG Engine               - width: 800
19:43:06.071 [FXGL Background Thread 3 ] DEBUG Engine               - Logging services
19:43:06.071 [FXGL Background Thread 3 ] DEBUG Engine               - class com.almasb.fxgl.app.services.FXGLAssetLoaderService
19:43:06.071 [FXGL Background Thread 3 ] DEBUG Engine               - class com.almasb.fxgl.app.FXGLApplication$GameApplicationService
19:43:06.071 [FXGL Background Thread 3 ] DEBUG Engine               - class com.almasb.fxgl.app.services.FXGLDialogService
19:43:06.071 [FXGL Background Thread 3 ] DEBUG Engine               - class com.almasb.fxgl.app.services.IOTaskExecutorService
19:43:06.071 [FXGL Background Thread 3 ] DEBUG Engine               - class com.almasb.fxgl.io.FileSystemService
19:43:06.071 [FXGL Background Thread 3 ] DEBUG Engine               - class com.almasb.fxgl.localization.LocalizationService
19:43:06.071 [FXGL Background Thread 3 ] DEBUG Engine               - class com.almasb.fxgl.app.services.SystemBundleService
19:43:06.071 [FXGL Background Thread 3 ] DEBUG Engine               - class com.almasb.fxgl.profile.SaveLoadService
19:43:06.072 [FXGL Background Thread 3 ] DEBUG Engine               - class com.almasb.fxgl.ui.FXGLUIFactoryServiceProvider
19:43:06.072 [FXGL Background Thread 3 ] DEBUG Engine               - class com.almasb.fxgl.ui.FXGLDialogFactoryServiceProvider
19:43:06.072 [FXGL Background Thread 3 ] DEBUG Engine               - class com.almasb.fxgl.audio.AudioPlayer
19:43:06.072 [FXGL Background Thread 3 ] DEBUG Engine               - class com.almasb.fxgl.notification.impl.NotificationServiceProvider
19:43:06.072 [FXGL Background Thread 3 ] DEBUG Engine               - class com.almasb.fxgl.achievement.AchievementService
19:43:06.072 [FXGL Background Thread 3 ] DEBUG Engine               - class com.almasb.fxgl.cutscene.CutsceneService
19:43:06.072 [FXGL Background Thread 3 ] DEBUG Engine               - class com.almasb.fxgl.minigames.MiniGameService
19:43:06.072 [FXGL Background Thread 3 ] DEBUG Engine               - class com.almasb.fxgl.net.NetService
19:43:06.072 [FXGL Background Thread 3 ] DEBUG Engine               - class com.almasb.fxgl.app.services.UpdaterService
19:43:06.072 [FXGL Background Thread 3 ] DEBUG Engine               - class com.almasb.fxgl.dev.DevService
19:43:07.473 [JavaFX Application Thread] DEBUG FXGLApplication      - Exiting FXGL
19:43:07.473 [JavaFX Application Thread] DEBUG LoopRunner           - Stopping loop
19:43:07.473 [JavaFX Application Thread] DEBUG SystemBundleService  - Saving FXGL system data
19:43:07.477 [JavaFX Application Thread] DEBUG FileSystemAccess     - Writing to: C:\Users\Usuario\OneDrive - Universidad Icesi (@icesi.edu.co)\APO2\Tareas integradoras\NuclearThroneAtomic\src\nuclearthroneatomic\system\fxgl.bundle
19:43:07.480 [JavaFX Application Thread] DEBUG Async                - Shutting down background threads
19:43:07.480 [JavaFX Application Thread] DEBUG PrimaryStageWindow   - Closing main window
19:43:07.503 [JavaFX Application Thread] DEBUG Logger               - Closing Logger
