12:09:38.621 [main                     ] DEBUG Logger               - Configured Logger
12:09:38.655 [main                     ] DEBUG GameApplication      - Logging settings
Title: Nuclear Throne Atomic
Version: 0.0
Width: 800
Height: 600
Fullscreen: true
Intro: false
Profiling: false
Single step:false
App Mode: DEVELOPER
Menu Key: ESCAPE
Stage Style: DECORATED
Scene Factory: class com.almasb.fxgl.app.scene.SceneFactory

12:09:39.047 [JavaFX Application Thread] DEBUG FXGLApplication      - Initializing FXGL
12:09:39.053 [JavaFX Application Thread] INFO  Engine               - FXGL-17.2 (20.08.2022 16.50) on WINDOWS (J:19.0.2 FX:19.0.2.1)
12:09:39.054 [JavaFX Application Thread] DEBUG Engine               - JRE Vendor Name: Oracle Corporation
12:09:39.054 [JavaFX Application Thread] DEBUG Engine               - Running on OS: Windows 10 version 10.0
12:09:39.054 [JavaFX Application Thread] DEBUG Engine               - Architecture: amd64
12:09:39.054 [JavaFX Application Thread] INFO  Engine               - Source code and latest versions at: https://github.com/AlmasB/FXGL
12:09:39.054 [JavaFX Application Thread] INFO  Engine               -       Ask questions and discuss at: https://github.com/AlmasB/FXGL/discussions
12:09:39.055 [JavaFX Application Thread] INFO  Engine               -              Join the FXGL chat at: https://gitter.im/AlmasB/FXGL
12:09:39.206 [JavaFX Application Thread] DEBUG PrimaryStageWindow   - Creating a JavaFX scene
12:09:39.285 [JavaFX Application Thread] DEBUG PrimaryStageWindow   - Target settings size: 800.0 x 600.0
12:09:39.285 [JavaFX Application Thread] DEBUG PrimaryStageWindow   - Scaled scene size:    800.0 x 600.0
12:09:39.285 [JavaFX Application Thread] DEBUG PrimaryStageWindow   - Scaled ratio: (1.0, 1.0)
12:09:39.286 [JavaFX Application Thread] DEBUG PrimaryStageWindow   - Set initial scene to FXGLStartupScene
12:09:39.294 [JavaFX Application Thread] DEBUG PrimaryStageWindow   - Opening main window
12:09:39.412 [JavaFX Application Thread] DEBUG PrimaryStageWindow   - Window border size: (16.0, 39.0)
12:09:39.412 [JavaFX Application Thread] DEBUG PrimaryStageWindow   - Scaled size: 800.0 x 600.0
12:09:39.412 [JavaFX Application Thread] DEBUG PrimaryStageWindow   - Scaled ratio: (1.0, 1.0)
12:09:39.413 [JavaFX Application Thread] DEBUG PrimaryStageWindow   - Scene size: 800.0 x 600.0
12:09:39.413 [JavaFX Application Thread] DEBUG PrimaryStageWindow   - Stage size: 816.0 x 639.0
12:09:39.507 [JavaFX Application Thread] DEBUG PrimaryStageWindow   - Going fullscreen
12:09:39.542 [FXGL Background Thread 1 ] DEBUG Engine               - Initializing environment variables
12:09:39.638 [FXGL Background Thread 1 ] DEBUG FXGLAssetLoaderServi - User app class for loading assets: class com.example.nuclearthroneatomic.Controller
12:09:39.639 [FXGL Background Thread 1 ] DEBUG GameApplicationServi - Applying CSS: fxgl_dark.css
12:09:39.640 [FXGL Background Thread 1 ] DEBUG FXGLAssetLoaderServi - Loading from file system: jar:file:///C:/Users/Juan/.m2/repository/com/github/almasb/fxgl/17.2/fxgl-17.2.jar!/fxglassets/ui/css/fxgl_dark.css
12:09:39.702 [FXGL Background Thread 1 ] DEBUG GameApplicationServi - Initializing application scenes
12:09:39.807 [FXGL Background Thread 1 ] DEBUG GameWorld            - Game world initialized
12:09:39.899 [FXGL Background Thread 1 ] DEBUG PhysicsWorld         - Physics world initialized: appHeight=600, physics.ppm=50,0
12:09:39.901 [FXGL Background Thread 1 ] DEBUG PhysicsWorld         - Using strategy: BRUTE_FORCE
12:09:39.910 [FXGL Background Thread 1 ] DEBUG GameScene            - Game scene initialized: 800x600
12:09:39.927 [FXGL Background Thread 1 ] DEBUG FXGL.DefaultMenu     - createMenuBodyMainMenu()
12:09:39.944 [FXGL Background Thread 1 ] DEBUG FXGL.DefaultMenu     - createOptionsMenu()
12:09:39.953 [FXGL Background Thread 1 ] DEBUG FXGL.DefaultMenu     - createExtraMenu()
12:09:39.961 [FXGL Background Thread 1 ] DEBUG FXGLAssetLoaderServi - Loading from file system: jar:file:///C:/Users/Juan/.m2/repository/com/github/almasb/fxgl/17.2/fxgl-17.2.jar!/fxglassets/textures/particles/smoke.png
12:09:40.623 [FXGL Background Thread 1 ] DEBUG FXGLAssetLoaderServi - Loading from file system: jar:file:///C:/Users/Juan/.m2/repository/com/github/almasb/fxgl/17.2/fxgl-17.2.jar!/fxglassets/textures/particles/trace_horizontal.png
12:09:40.666 [FXGL Background Thread 1 ] DEBUG FXGL.DefaultMenu     - createMenuBodyGameMenu()
12:09:40.668 [FXGL Background Thread 1 ] DEBUG FXGL.DefaultMenu     - createOptionsMenu()
12:09:40.671 [FXGL Background Thread 1 ] DEBUG FXGL.DefaultMenu     - createExtraMenu()
12:09:40.693 [FXGL Background Thread 1 ] DEBUG GameApplicationServi - Application scenes initialized
12:09:40.712 [FXGL Background Thread 1 ] DEBUG SystemBundleService  - Loading FXGL system data
12:09:40.718 [FXGL Background Thread 1 ] DEBUG FileSystemAccess     - Reading from: C:\Users\Juan\Desktop\APOOOO\NuclearThroneAtomic\src\nuclearthroneatomic\system\fxgl.bundle
12:09:40.730 [FXGL Background Thread 1 ] DEBUG SystemBundleService  - Bundle FXGL: {}
12:09:40.730 [FXGL Background Thread 1 ] DEBUG UpdaterService       - Checking for updates
12:09:40.736 [FXGL Background Thread 1 ] DEBUG FXGLApplication      - Loading default localization
12:09:40.736 [FXGL Background Thread 1 ] DEBUG FXGLAssetLoaderServi - Loading from file system: jar:file:///C:/Users/Juan/.m2/repository/com/github/almasb/fxgl/17.2/fxgl-17.2.jar!/fxglassets/languages/english.lang
12:09:40.752 [FXGL Background Thread 1 ] INFO  FXGLApplication      - FXGL initialization took: 1,209 sec
12:09:40.759 [FXGL Background Thread 4 ] DEBUG FXGLApplication      - Loading fonts
12:09:40.760 [FXGL Background Thread 4 ] DEBUG FXGLAssetLoaderServi - Loading from file system: jar:file:///C:/Users/Juan/.m2/repository/com/github/almasb/fxgl/17.2/fxgl-17.2.jar!/fxglassets/ui/fonts/VarelaRound-Regular.ttf
12:09:40.763 [JavaFX Application Thread] DEBUG Input                - Registered new binding: lucky - Q
12:09:40.763 [JavaFX Application Thread] DEBUG Input                - Registered new binding: health - F
12:09:40.763 [JavaFX Application Thread] DEBUG Input                - Registered new binding: Right - D
12:09:40.763 [JavaFX Application Thread] DEBUG Input                - Registered new binding: Left - A
12:09:40.764 [JavaFX Application Thread] DEBUG Input                - Registered new binding: Up - W
12:09:40.764 [JavaFX Application Thread] DEBUG Input                - Registered new binding: Down - S
12:09:40.765 [JavaFX Application Thread] DEBUG Input                - Registered new binding: Reload - RMB
12:09:40.765 [JavaFX Application Thread] DEBUG Input                - Registered new binding: Shoot - LMB
12:09:40.766 [JavaFX Application Thread] DEBUG FXGLAssetLoaderServi - Loading from file system: file:/C:/Users/Juan/Desktop/APOOOO/NuclearThroneAtomic/src/nuclearthroneatomic/target/classes/assets/music/muiscformenus.mp3
12:09:41.048 [FXGL Background Thread 4 ] DEBUG FXGLAssetLoaderServi - Loading from file system: jar:file:///C:/Users/Juan/.m2/repository/com/github/almasb/fxgl/17.2/fxgl-17.2.jar!/fxglassets/ui/fonts/Abel-Regular.ttf
12:09:41.059 [FXGL Background Thread 4 ] DEBUG FXGLAssetLoaderServi - Loading from file system: jar:file:///C:/Users/Juan/.m2/repository/com/github/almasb/fxgl/17.2/fxgl-17.2.jar!/fxglassets/ui/fonts/TerminalLandMono-Regular.otf
12:09:41.075 [FXGL Background Thread 4 ] DEBUG FXGLAssetLoaderServi - Loading from file system: jar:file:///C:/Users/Juan/.m2/repository/com/github/almasb/fxgl/17.2/fxgl-17.2.jar!/fxglassets/ui/fonts/Courier-Prime.ttf
12:09:41.079 [JavaFX Application Thread] DEBUG AudioPlayer          - Playing music com.almasb.fxgl.audio.Music@3de79b77
12:09:41.080 [JavaFX Application Thread] DEBUG FXGLAssetLoaderServi - Loading from file system: jar:file:///C:/Users/Juan/.m2/repository/com/github/almasb/fxgl/17.2/fxgl-17.2.jar!/fxglassets/textures/fxgl_icon.png
12:09:41.102 [JavaFX Application Thread] DEBUG FXGLAssetLoaderServi - Loading from file system: jar:file:///C:/Users/Juan/.m2/repository/com/github/almasb/fxgl/17.2/fxgl-17.2.jar!/fxglassets/textures/fxgl_default_cursor.png
12:09:41.106 [JavaFX Application Thread] DEBUG Input                - Registered new binding: Screenshot - CTRL+8
12:09:41.106 [JavaFX Application Thread] DEBUG Input                - Registered new binding: System info dump - CTRL+9
12:09:41.132 [JavaFX Application Thread] DEBUG Input                - Registered new binding: Restart - CTRL+R
12:09:41.133 [JavaFX Application Thread] DEBUG Input                - Registered new binding: Toggle Debug Camera - CTRL+7
12:09:41.135 [JavaFX Application Thread] DEBUG LoopRunner           - Starting loop
12:09:41.135 [JavaFX Application Thread] DEBUG LoopRunner           - Initializing JavaFX AnimationTimerLoop
12:09:41.139 [JavaFX Application Thread] DEBUG Input                - Clearing active input actions
12:09:41.151 [JavaFX Application Thread] DEBUG GameApplicationServi - Removing overlay from FXGLStartupScene and adding to FXGLMainMenuDummyScene
12:09:41.152 [JavaFX Application Thread] DEBUG PrimaryStageWindow   - FXGLStartupScene -> FXGLMainMenuDummyScene
12:09:41.152 [JavaFX Application Thread] DEBUG PrimaryStageWindow   - Push state: FXGLDefaultMenu
12:09:41.156 [JavaFX Application Thread] DEBUG Input                - Clearing active input actions
12:09:41.166 [JavaFX Application Thread] DEBUG GameApplicationServi - Removing overlay from FXGLMainMenuDummyScene and adding to FXGLDefaultMenu
12:09:41.167 [JavaFX Application Thread] DEBUG PrimaryStageWindow   - FXGLMainMenuDummyScene -> FXGLDefaultMenu
12:09:41.670 [JavaFX Application Thread] DEBUG FXGLApplication      - Registering font factories with UI factory
12:09:41.889 [FXGL Background Thread 2 ] INFO  UpdaterService       - Your current version:  17.2
12:09:41.889 [FXGL Background Thread 2 ] INFO  UpdaterService       - Latest stable version: 17.3
12:09:43.734 [FXGL Background Thread 3 ] DEBUG Engine               - Logging environment variables
12:09:43.735 [FXGL Background Thread 3 ] DEBUG Engine               - achievements: []
12:09:43.735 [FXGL Background Thread 3 ] DEBUG Engine               - actualHeight: 768.0
12:09:43.736 [FXGL Background Thread 3 ] DEBUG Engine               - actualHeightProperty: ReadOnlyDoubleProperty [value: 768.0]
12:09:43.736 [FXGL Background Thread 3 ] DEBUG Engine               - actualWidth: 1366.0
12:09:43.736 [FXGL Background Thread 3 ] DEBUG Engine               - actualWidthProperty: ReadOnlyDoubleProperty [value: 1366.0]
12:09:43.736 [FXGL Background Thread 3 ] DEBUG Engine               - appIcon: fxgl_icon.png
12:09:43.736 [FXGL Background Thread 3 ] DEBUG Engine               - applicationMode: DEVELOPER
12:09:43.736 [FXGL Background Thread 3 ] DEBUG Engine               - cSSList: [fxgl_dark.css]
12:09:43.736 [FXGL Background Thread 3 ] DEBUG Engine               - collisionDetectionStrategy: BRUTE_FORCE
12:09:43.737 [FXGL Background Thread 3 ] DEBUG Engine               - configClass: Optional.empty
12:09:43.737 [FXGL Background Thread 3 ] DEBUG Engine               - credits: [Designer . . . . . . . Johan Daniel Aguirre, Program Team . . . . . . Juan Sebastián Libreros,                           Juan Jose Barrera,                           Johan Daniel Aguirre, El mas lindo . . . . . . Juan Sebastián Libreros, Master Thief . . . . . . Johan Daniel Aguirre]
12:09:43.737 [FXGL Background Thread 3 ] DEBUG Engine               - defaultCursor: CursorInfo(imageName=fxgl_default_cursor.png, hotspotX=7.0, hotspotY=6.0)
12:09:43.738 [FXGL Background Thread 3 ] DEBUG Engine               - devBBoxColorProperty: ObjectProperty [value: 0xff0000ff]
12:09:43.738 [FXGL Background Thread 3 ] DEBUG Engine               - devEnableDebugCameraProperty: BooleanProperty [value: false]
12:09:43.738 [FXGL Background Thread 3 ] DEBUG Engine               - devSensorColorProperty: ObjectProperty [value: 0xffff00ff]
12:09:43.738 [FXGL Background Thread 3 ] DEBUG Engine               - devShowBBoxProperty: BooleanProperty [value: false]
12:09:43.739 [FXGL Background Thread 3 ] DEBUG Engine               - devShowPositionProperty: BooleanProperty [value: false]
12:09:43.740 [FXGL Background Thread 3 ] DEBUG Engine               - enabledMenuItems: [EXTRA]
12:09:43.740 [FXGL Background Thread 3 ] DEBUG Engine               - engineServices: [class com.almasb.fxgl.app.services.FXGLAssetLoaderService, class com.almasb.fxgl.app.FXGLApplication$GameApplicationService, class com.almasb.fxgl.app.services.FXGLDialogService, class com.almasb.fxgl.app.services.IOTaskExecutorService, class com.almasb.fxgl.io.FileSystemService, class com.almasb.fxgl.localization.LocalizationService, class com.almasb.fxgl.app.services.SystemBundleService, class com.almasb.fxgl.profile.SaveLoadService, class com.almasb.fxgl.ui.FXGLUIFactoryServiceProvider, class com.almasb.fxgl.ui.FXGLDialogFactoryServiceProvider, class com.almasb.fxgl.audio.AudioPlayer, class com.almasb.fxgl.notification.impl.NotificationServiceProvider, class com.almasb.fxgl.achievement.AchievementService, class com.almasb.fxgl.cutscene.CutsceneService, class com.almasb.fxgl.minigames.MiniGameService, class com.almasb.fxgl.net.NetService, class com.almasb.fxgl.app.services.UpdaterService, class com.almasb.fxgl.dev.DevService]
12:09:43.740 [FXGL Background Thread 3 ] DEBUG Engine               - fontGame: Abel-Regular.ttf
12:09:43.740 [FXGL Background Thread 3 ] DEBUG Engine               - fontMono: TerminalLandMono-Regular.otf
12:09:43.741 [FXGL Background Thread 3 ] DEBUG Engine               - fontText: Courier-Prime.ttf
12:09:43.741 [FXGL Background Thread 3 ] DEBUG Engine               - fontUI: VarelaRound-Regular.ttf
12:09:43.741 [FXGL Background Thread 3 ] DEBUG Engine               - fullScreen: BooleanProperty [value: true]
12:09:43.741 [FXGL Background Thread 3 ] DEBUG Engine               - gameDifficulty: MEDIUM
12:09:43.741 [FXGL Background Thread 3 ] DEBUG Engine               - gameDifficultyProperty: ObjectProperty [value: MEDIUM]
12:09:43.741 [FXGL Background Thread 3 ] DEBUG Engine               - globalMusicVolume: 0.5
12:09:43.741 [FXGL Background Thread 3 ] DEBUG Engine               - globalMusicVolumeProperty: DoubleProperty [value: 1.0]
12:09:43.742 [FXGL Background Thread 3 ] DEBUG Engine               - globalSoundVolume: 0.5
12:09:43.742 [FXGL Background Thread 3 ] DEBUG Engine               - globalSoundVolumeProperty: DoubleProperty [value: 0.1]
12:09:43.743 [FXGL Background Thread 3 ] DEBUG Engine               - height: 600
12:09:43.744 [FXGL Background Thread 3 ] DEBUG Engine               - is3D: false
12:09:43.744 [FXGL Background Thread 3 ] DEBUG Engine               - isAndroid: false
12:09:43.744 [FXGL Background Thread 3 ] DEBUG Engine               - isBrowser: false
12:09:43.744 [FXGL Background Thread 3 ] DEBUG Engine               - isClickFeedbackEnabled: false
12:09:43.744 [FXGL Background Thread 3 ] DEBUG Engine               - isCloseConfirmation: false
12:09:43.744 [FXGL Background Thread 3 ] DEBUG Engine               - isDesktop: true
12:09:43.744 [FXGL Background Thread 3 ] DEBUG Engine               - isDeveloperMenuEnabled: false
12:09:43.744 [FXGL Background Thread 3 ] DEBUG Engine               - isEmbedded: false
12:09:43.744 [FXGL Background Thread 3 ] DEBUG Engine               - isEntityPreloadEnabled: true
12:09:43.744 [FXGL Background Thread 3 ] DEBUG Engine               - isExperimentalTiledLargeMap: false
12:09:43.745 [FXGL Background Thread 3 ] DEBUG Engine               - isFileSystemWriteAllowed: true
12:09:43.745 [FXGL Background Thread 3 ] DEBUG Engine               - isFullScreenAllowed: true
12:09:43.745 [FXGL Background Thread 3 ] DEBUG Engine               - isFullScreenFromStart: true
12:09:43.745 [FXGL Background Thread 3 ] DEBUG Engine               - isGameMenuEnabled: true
12:09:43.745 [FXGL Background Thread 3 ] DEBUG Engine               - isIOS: false
12:09:43.745 [FXGL Background Thread 3 ] DEBUG Engine               - isIntroEnabled: false
12:09:43.745 [FXGL Background Thread 3 ] DEBUG Engine               - isLinux: false
12:09:43.745 [FXGL Background Thread 3 ] DEBUG Engine               - isMac: false
12:09:43.745 [FXGL Background Thread 3 ] DEBUG Engine               - isMainMenuEnabled: true
12:09:43.745 [FXGL Background Thread 3 ] DEBUG Engine               - isManualResizeEnabled: false
12:09:43.745 [FXGL Background Thread 3 ] DEBUG Engine               - isMobile: false
12:09:43.745 [FXGL Background Thread 3 ] DEBUG Engine               - isNative: false
12:09:43.745 [FXGL Background Thread 3 ] DEBUG Engine               - isPauseMusicWhenMinimized: true
12:09:43.745 [FXGL Background Thread 3 ] DEBUG Engine               - isPreserveResizeRatio: false
12:09:43.746 [FXGL Background Thread 3 ] DEBUG Engine               - isProfilingEnabled: false
12:09:43.746 [FXGL Background Thread 3 ] DEBUG Engine               - isScaleAffectedOnResize: true
12:09:43.746 [FXGL Background Thread 3 ] DEBUG Engine               - isSingleStep: false
12:09:43.746 [FXGL Background Thread 3 ] DEBUG Engine               - isUserProfileEnabled: false
12:09:43.746 [FXGL Background Thread 3 ] DEBUG Engine               - isWindows: true
12:09:43.746 [FXGL Background Thread 3 ] DEBUG Engine               - language: ObjectProperty [value: ENGLISH]
12:09:43.746 [FXGL Background Thread 3 ] DEBUG Engine               - menuKey: ESCAPE
12:09:43.746 [FXGL Background Thread 3 ] DEBUG Engine               - mouseSensitivity: 0.2
12:09:43.746 [FXGL Background Thread 3 ] DEBUG Engine               - notificationViewClass: class com.almasb.fxgl.notification.view.XboxNotificationView
12:09:43.746 [FXGL Background Thread 3 ] DEBUG Engine               - pixelsPerMeter: 50.0
12:09:43.746 [FXGL Background Thread 3 ] DEBUG Engine               - platform: WINDOWS
12:09:43.746 [FXGL Background Thread 3 ] DEBUG Engine               - prefHeightProperty: ReadOnlyDoubleProperty [value: 600.0]
12:09:43.747 [FXGL Background Thread 3 ] DEBUG Engine               - prefWidthProperty: ReadOnlyDoubleProperty [value: 800.0]
12:09:43.747 [FXGL Background Thread 3 ] DEBUG Engine               - profileDir: profiles/
12:09:43.747 [FXGL Background Thread 3 ] DEBUG Engine               - profileName: StringProperty [value: DEFAULT]
12:09:43.747 [FXGL Background Thread 3 ] DEBUG Engine               - randomSeed: -1
12:09:43.747 [FXGL Background Thread 3 ] DEBUG Engine               - runtimeInfo: RuntimeInfo(platform=WINDOWS, version=17.2, build=20.08.2022 16.50)
12:09:43.747 [FXGL Background Thread 3 ] DEBUG Engine               - saveFileExt: sav
12:09:43.747 [FXGL Background Thread 3 ] DEBUG Engine               - scaledHeightProp$fxgl: DoubleProperty [bound, value: 768.0]
12:09:43.748 [FXGL Background Thread 3 ] DEBUG Engine               - scaledWidthProp$fxgl: DoubleProperty [bound, value: 1366.0]
12:09:43.748 [FXGL Background Thread 3 ] DEBUG Engine               - sceneFactory: com.almasb.fxgl.app.scene.SceneFactory@5cc66818
12:09:43.748 [FXGL Background Thread 3 ] DEBUG Engine               - secondsIn24h: 60
12:09:43.748 [FXGL Background Thread 3 ] DEBUG Engine               - soundMenuBack: menu/back.wav
12:09:43.748 [FXGL Background Thread 3 ] DEBUG Engine               - soundMenuPress: menu/press.wav
12:09:43.748 [FXGL Background Thread 3 ] DEBUG Engine               - soundMenuSelect: menu/select.wav
12:09:43.748 [FXGL Background Thread 3 ] DEBUG Engine               - soundNotification: core/notification.wav
12:09:43.748 [FXGL Background Thread 3 ] DEBUG Engine               - stageStyle: DECORATED
12:09:43.748 [FXGL Background Thread 3 ] DEBUG Engine               - supportedLanguages: [ENGLISH, FRENCH, GERMAN, HUNGARIAN, RUSSIAN]
12:09:43.748 [FXGL Background Thread 3 ] DEBUG Engine               - ticksPerSecond: -1
12:09:43.748 [FXGL Background Thread 3 ] DEBUG Engine               - title: Nuclear Throne Atomic
12:09:43.748 [FXGL Background Thread 3 ] DEBUG Engine               - urlGithub: https://github.com/AlmasB/FXGL
12:09:43.748 [FXGL Background Thread 3 ] DEBUG Engine               - urlLeaderboard: http://fxgl-top.herokuapp.com/
12:09:43.748 [FXGL Background Thread 3 ] DEBUG Engine               - urlPOM: https://raw.githubusercontent.com/AlmasB/FXGL/release/README.md
12:09:43.748 [FXGL Background Thread 3 ] DEBUG Engine               - userAppClass: class com.example.nuclearthroneatomic.Controller
12:09:43.749 [FXGL Background Thread 3 ] DEBUG Engine               - version: 0.0
12:09:43.749 [FXGL Background Thread 3 ] DEBUG Engine               - versionCheckDays: 7
12:09:43.749 [FXGL Background Thread 3 ] DEBUG Engine               - width: 800
12:09:43.749 [FXGL Background Thread 3 ] DEBUG Engine               - Logging services
12:09:43.749 [FXGL Background Thread 3 ] DEBUG Engine               - class com.almasb.fxgl.app.services.FXGLAssetLoaderService
12:09:43.749 [FXGL Background Thread 3 ] DEBUG Engine               - class com.almasb.fxgl.app.FXGLApplication$GameApplicationService
12:09:43.749 [FXGL Background Thread 3 ] DEBUG Engine               - class com.almasb.fxgl.app.services.FXGLDialogService
12:09:43.749 [FXGL Background Thread 3 ] DEBUG Engine               - class com.almasb.fxgl.app.services.IOTaskExecutorService
12:09:43.749 [FXGL Background Thread 3 ] DEBUG Engine               - class com.almasb.fxgl.io.FileSystemService
12:09:43.749 [FXGL Background Thread 3 ] DEBUG Engine               - class com.almasb.fxgl.localization.LocalizationService
12:09:43.750 [FXGL Background Thread 3 ] DEBUG Engine               - class com.almasb.fxgl.app.services.SystemBundleService
12:09:43.750 [FXGL Background Thread 3 ] DEBUG Engine               - class com.almasb.fxgl.profile.SaveLoadService
12:09:43.750 [FXGL Background Thread 3 ] DEBUG Engine               - class com.almasb.fxgl.ui.FXGLUIFactoryServiceProvider
12:09:43.750 [FXGL Background Thread 3 ] DEBUG Engine               - class com.almasb.fxgl.ui.FXGLDialogFactoryServiceProvider
12:09:43.750 [FXGL Background Thread 3 ] DEBUG Engine               - class com.almasb.fxgl.audio.AudioPlayer
12:09:43.750 [FXGL Background Thread 3 ] DEBUG Engine               - class com.almasb.fxgl.notification.impl.NotificationServiceProvider
12:09:43.750 [FXGL Background Thread 3 ] DEBUG Engine               - class com.almasb.fxgl.achievement.AchievementService
12:09:43.751 [FXGL Background Thread 3 ] DEBUG Engine               - class com.almasb.fxgl.cutscene.CutsceneService
12:09:43.751 [FXGL Background Thread 3 ] DEBUG Engine               - class com.almasb.fxgl.minigames.MiniGameService
12:09:43.751 [FXGL Background Thread 3 ] DEBUG Engine               - class com.almasb.fxgl.net.NetService
12:09:43.751 [FXGL Background Thread 3 ] DEBUG Engine               - class com.almasb.fxgl.app.services.UpdaterService
12:09:43.751 [FXGL Background Thread 3 ] DEBUG Engine               - class com.almasb.fxgl.dev.DevService
12:10:04.789 [JavaFX Application Thread] DEBUG Menu                 - fireNewGame()
12:10:04.789 [JavaFX Application Thread] DEBUG GameApplicationServi - Starting new game
12:10:04.793 [JavaFX Application Thread] DEBUG PrimaryStageWindow   - Pop state: FXGLDefaultMenu
12:10:04.793 [JavaFX Application Thread] DEBUG Input                - Clearing active input actions
12:10:04.794 [JavaFX Application Thread] DEBUG GameApplicationServi - Removing overlay from FXGLDefaultMenu and adding to FXGLMainMenuDummyScene
12:10:04.795 [JavaFX Application Thread] DEBUG PrimaryStageWindow   - FXGLMainMenuDummyScene <- FXGLDefaultMenu
12:10:04.795 [JavaFX Application Thread] DEBUG Input                - Clearing active input actions
12:10:04.809 [JavaFX Application Thread] DEBUG GameApplicationServi - Removing overlay from FXGLMainMenuDummyScene and adding to FXGLLoadingScene
12:10:04.809 [JavaFX Application Thread] DEBUG PrimaryStageWindow   - FXGLMainMenuDummyScene -> FXGLLoadingScene
12:10:04.809 [JavaFX Application Thread] DEBUG GameApplicationServi - Clearing previous game
12:10:04.809 [JavaFX Application Thread] DEBUG GameScene            - Clearing game scene
12:10:04.809 [JavaFX Application Thread] DEBUG GameWorld            - Clearing game world
12:10:04.809 [JavaFX Application Thread] DEBUG PhysicsWorld         - Clearing physics world
12:10:04.811 [FXGL Background Thread 2 ] DEBUG FXGLApplication      - Initializing game
12:10:04.823 [FXGL Background Thread 2 ] DEBUG FXGLAssetLoaderServi - Loading from file system: file:/C:/Users/Juan/Desktop/APOOOO/NuclearThroneAtomic/src/nuclearthroneatomic/target/classes/assets/textures/Background/libraryYesOMG.png
12:10:04.835 [FXGL Background Thread 2 ] DEBUG FXGLAssetLoaderServi - Loading from file system: file:/C:/Users/Juan/Desktop/APOOOO/NuclearThroneAtomic/src/nuclearthroneatomic/target/classes/assets/textures/Avatar/1-Idle/1.png
12:10:04.838 [FXGL Background Thread 2 ] DEBUG FXGLAssetLoaderServi - Loading from file system: file:/C:/Users/Juan/Desktop/APOOOO/NuclearThroneAtomic/src/nuclearthroneatomic/target/classes/assets/textures/Avatar/1-Idle/2.png
12:10:04.841 [FXGL Background Thread 2 ] DEBUG FXGLAssetLoaderServi - Loading from file system: file:/C:/Users/Juan/Desktop/APOOOO/NuclearThroneAtomic/src/nuclearthroneatomic/target/classes/assets/textures/Avatar/1-Idle/3.png
12:10:04.846 [FXGL Background Thread 2 ] DEBUG FXGLAssetLoaderServi - Loading from file system: file:/C:/Users/Juan/Desktop/APOOOO/NuclearThroneAtomic/src/nuclearthroneatomic/target/classes/assets/textures/Avatar/1-Idle/4.png
12:10:04.876 [FXGL Background Thread 2 ] DEBUG FXGLAssetLoaderServi - Loading from file system: file:/C:/Users/Juan/Desktop/APOOOO/NuclearThroneAtomic/src/nuclearthroneatomic/target/classes/assets/textures/Avatar/2-Run/1.png
12:10:04.878 [FXGL Background Thread 2 ] DEBUG FXGLAssetLoaderServi - Loading from file system: file:/C:/Users/Juan/Desktop/APOOOO/NuclearThroneAtomic/src/nuclearthroneatomic/target/classes/assets/textures/Avatar/2-Run/2.png
12:10:04.883 [FXGL Background Thread 2 ] DEBUG FXGLAssetLoaderServi - Loading from file system: file:/C:/Users/Juan/Desktop/APOOOO/NuclearThroneAtomic/src/nuclearthroneatomic/target/classes/assets/textures/Avatar/2-Run/3.png
12:10:04.885 [FXGL Background Thread 2 ] DEBUG FXGLAssetLoaderServi - Loading from file system: file:/C:/Users/Juan/Desktop/APOOOO/NuclearThroneAtomic/src/nuclearthroneatomic/target/classes/assets/textures/Avatar/2-Run/4.png
12:10:04.887 [FXGL Background Thread 2 ] DEBUG FXGLAssetLoaderServi - Loading from file system: file:/C:/Users/Juan/Desktop/APOOOO/NuclearThroneAtomic/src/nuclearthroneatomic/target/classes/assets/textures/Avatar/2-Run/5.png
12:10:04.889 [FXGL Background Thread 2 ] DEBUG FXGLAssetLoaderServi - Loading from file system: file:/C:/Users/Juan/Desktop/APOOOO/NuclearThroneAtomic/src/nuclearthroneatomic/target/classes/assets/textures/Avatar/2-Run/6.png
12:10:04.895 [FXGL Background Thread 2 ] DEBUG FXGLAssetLoaderServi - Loading from file system: file:/C:/Users/Juan/Desktop/APOOOO/NuclearThroneAtomic/src/nuclearthroneatomic/target/classes/assets/textures/Munition/1.png
12:10:04.931 [FXGL Background Thread 2 ] DEBUG FXGLAssetLoaderServi - Loading from file system: file:/C:/Users/Juan/Desktop/APOOOO/NuclearThroneAtomic/src/nuclearthroneatomic/target/classes/assets/textures/hud/lifeplayer.png
12:10:04.943 [FXGL Background Thread 2 ] DEBUG FXGLAssetLoaderServi - Loading from file system: file:/C:/Users/Juan/Desktop/APOOOO/NuclearThroneAtomic/src/nuclearthroneatomic/target/classes/assets/textures/hud/medkit.png
12:10:04.950 [FXGL Background Thread 2 ] DEBUG FXGLAssetLoaderServi - Loading from file system: file:/C:/Users/Juan/Desktop/APOOOO/NuclearThroneAtomic/src/nuclearthroneatomic/target/classes/assets/textures/hud/trebol.png
12:10:04.956 [FXGL Background Thread 2 ] DEBUG FXGLAssetLoaderServi - Loading from file system: file:/C:/Users/Juan/Desktop/APOOOO/NuclearThroneAtomic/src/nuclearthroneatomic/target/classes/assets/textures/Guns/2.png
12:10:04.962 [FXGL Background Thread 2 ] DEBUG FXGLAssetLoaderServi - Loading from file system: file:/C:/Users/Juan/Desktop/APOOOO/NuclearThroneAtomic/src/nuclearthroneatomic/target/classes/assets/textures/enemy/1-Idle/1.png
12:10:04.971 [FXGL Background Thread 2 ] DEBUG FXGLAssetLoaderServi - Loading from file system: file:/C:/Users/Juan/Desktop/APOOOO/NuclearThroneAtomic/src/nuclearthroneatomic/target/classes/assets/textures/enemy/1-Idle/2.png
12:10:04.974 [FXGL Background Thread 2 ] DEBUG FXGLAssetLoaderServi - Loading from file system: file:/C:/Users/Juan/Desktop/APOOOO/NuclearThroneAtomic/src/nuclearthroneatomic/target/classes/assets/textures/enemy/1-Idle/3.png
12:10:04.975 [FXGL Background Thread 2 ] DEBUG FXGLAssetLoaderServi - Loading from file system: file:/C:/Users/Juan/Desktop/APOOOO/NuclearThroneAtomic/src/nuclearthroneatomic/target/classes/assets/textures/enemy/1-Idle/4.png
12:10:04.986 [FXGL Background Thread 2 ] DEBUG FXGLAssetLoaderServi - Loading from file system: file:/C:/Users/Juan/Desktop/APOOOO/NuclearThroneAtomic/src/nuclearthroneatomic/target/classes/assets/textures/enemy/2-Run/1.png
12:10:04.988 [FXGL Background Thread 2 ] DEBUG FXGLAssetLoaderServi - Loading from file system: file:/C:/Users/Juan/Desktop/APOOOO/NuclearThroneAtomic/src/nuclearthroneatomic/target/classes/assets/textures/enemy/2-Run/2.png
12:10:04.989 [FXGL Background Thread 2 ] DEBUG FXGLAssetLoaderServi - Loading from file system: file:/C:/Users/Juan/Desktop/APOOOO/NuclearThroneAtomic/src/nuclearthroneatomic/target/classes/assets/textures/enemy/2-Run/3.png
12:10:04.991 [FXGL Background Thread 2 ] DEBUG FXGLAssetLoaderServi - Loading from file system: file:/C:/Users/Juan/Desktop/APOOOO/NuclearThroneAtomic/src/nuclearthroneatomic/target/classes/assets/textures/enemy/2-Run/4.png
12:10:04.992 [FXGL Background Thread 2 ] DEBUG FXGLAssetLoaderServi - Loading from file system: file:/C:/Users/Juan/Desktop/APOOOO/NuclearThroneAtomic/src/nuclearthroneatomic/target/classes/assets/textures/enemy/2-Run/5.png
12:10:04.993 [FXGL Background Thread 2 ] DEBUG FXGLAssetLoaderServi - Loading from file system: file:/C:/Users/Juan/Desktop/APOOOO/NuclearThroneAtomic/src/nuclearthroneatomic/target/classes/assets/textures/enemy/2-Run/6.png
12:10:04.995 [FXGL Background Thread 2 ] DEBUG FXGLAssetLoaderServi - Loading from file system: file:/C:/Users/Juan/Desktop/APOOOO/NuclearThroneAtomic/src/nuclearthroneatomic/target/classes/assets/textures/Guns/1.png
12:10:05.011 [FXGL Background Thread 2 ] DEBUG FXGLAssetLoaderServi - Loading from file system: file:/C:/Users/Juan/Desktop/APOOOO/NuclearThroneAtomic/src/nuclearthroneatomic/target/classes/assets/textures/mouse/mousecomplete.png
12:10:05.014 [FXGL Background Thread 2 ] DEBUG FXGLAssetLoaderServi - Loading from file system: file:/C:/Users/Juan/Desktop/APOOOO/NuclearThroneAtomic/src/nuclearthroneatomic/target/classes/assets/textures/Wall/1.png
12:10:05.154 [FXGL Background Thread 2 ] INFO  FXGLApplication      - Game initialization took: 0,343 sec
12:10:05.154 [JavaFX Application Thread] DEBUG Input                - Clearing active input actions
12:10:05.161 [JavaFX Application Thread] DEBUG GameApplicationServi - Removing overlay from FXGLLoadingScene and adding to GameScene
12:10:05.162 [JavaFX Application Thread] DEBUG PrimaryStageWindow   - FXGLLoadingScene -> GameScene
12:10:06.724 [JavaFX Application Thread] DEBUG FXGLAssetLoaderServi - Loading from file system: file:/C:/Users/Juan/Desktop/APOOOO/NuclearThroneAtomic/src/nuclearthroneatomic/target/classes/assets/textures/Bullet/1.png
12:10:06.921 [JavaFX Application Thread] DEBUG PrimaryStageWindow   - Push state: DialogSubScene
12:10:06.922 [JavaFX Application Thread] DEBUG Input                - Clearing active input actions
12:10:06.922 [JavaFX Application Thread] DEBUG GameApplicationServi - Removing overlay from GameScene and adding to DialogSubScene
12:10:06.922 [JavaFX Application Thread] DEBUG PrimaryStageWindow   - GameScene -> DialogSubScene
12:10:08.726 [JavaFX Application Thread] DEBUG PrimaryStageWindow   - Pop state: DialogSubScene
12:10:08.726 [JavaFX Application Thread] DEBUG Input                - Clearing active input actions
12:10:08.727 [JavaFX Application Thread] DEBUG GameApplicationServi - Removing overlay from DialogSubScene and adding to GameScene
12:10:08.728 [JavaFX Application Thread] DEBUG PrimaryStageWindow   - GameScene <- DialogSubScene
12:10:08.933 [JavaFX Application Thread] DEBUG PrimaryStageWindow   - Push state: DialogSubScene
12:10:08.933 [JavaFX Application Thread] DEBUG Input                - Clearing active input actions
12:10:08.934 [JavaFX Application Thread] DEBUG GameApplicationServi - Removing overlay from GameScene and adding to DialogSubScene
12:10:08.934 [JavaFX Application Thread] DEBUG PrimaryStageWindow   - GameScene -> DialogSubScene
12:10:10.910 [JavaFX Application Thread] DEBUG PrimaryStageWindow   - Pop state: DialogSubScene
12:10:10.910 [JavaFX Application Thread] DEBUG Input                - Clearing active input actions
12:10:10.910 [JavaFX Application Thread] DEBUG GameApplicationServi - Removing overlay from DialogSubScene and adding to GameScene
12:10:10.911 [JavaFX Application Thread] DEBUG PrimaryStageWindow   - GameScene <- DialogSubScene
12:10:13.160 [JavaFX Application Thread] DEBUG PrimaryStageWindow   - Push state: DialogSubScene
12:10:13.161 [JavaFX Application Thread] DEBUG Input                - Clearing active input actions
12:10:13.162 [JavaFX Application Thread] DEBUG GameApplicationServi - Removing overlay from GameScene and adding to DialogSubScene
12:10:13.162 [JavaFX Application Thread] DEBUG PrimaryStageWindow   - GameScene -> DialogSubScene
12:10:14.134 [JavaFX Application Thread] DEBUG PrimaryStageWindow   - Pop state: DialogSubScene
12:10:14.134 [JavaFX Application Thread] DEBUG Input                - Clearing active input actions
12:10:14.135 [JavaFX Application Thread] DEBUG GameApplicationServi - Removing overlay from DialogSubScene and adding to GameScene
12:10:14.136 [JavaFX Application Thread] DEBUG PrimaryStageWindow   - GameScene <- DialogSubScene
12:10:16.407 [JavaFX Application Thread] DEBUG PrimaryStageWindow   - Push state: DialogSubScene
12:10:16.407 [JavaFX Application Thread] DEBUG Input                - Clearing active input actions
12:10:16.408 [JavaFX Application Thread] DEBUG GameApplicationServi - Removing overlay from GameScene and adding to DialogSubScene
12:10:16.409 [JavaFX Application Thread] DEBUG PrimaryStageWindow   - GameScene -> DialogSubScene
12:10:17.926 [JavaFX Application Thread] DEBUG PrimaryStageWindow   - Pop state: DialogSubScene
12:10:17.926 [JavaFX Application Thread] DEBUG Input                - Clearing active input actions
12:10:17.927 [JavaFX Application Thread] DEBUG GameApplicationServi - Removing overlay from DialogSubScene and adding to GameScene
12:10:17.927 [JavaFX Application Thread] DEBUG PrimaryStageWindow   - GameScene <- DialogSubScene
12:10:20.630 [JavaFX Application Thread] DEBUG PrimaryStageWindow   - Push state: DialogSubScene
12:10:20.630 [JavaFX Application Thread] DEBUG Input                - Clearing active input actions
12:10:20.632 [JavaFX Application Thread] DEBUG GameApplicationServi - Removing overlay from GameScene and adding to DialogSubScene
12:10:20.632 [JavaFX Application Thread] DEBUG PrimaryStageWindow   - GameScene -> DialogSubScene
12:10:21.430 [JavaFX Application Thread] DEBUG PrimaryStageWindow   - Pop state: DialogSubScene
12:10:21.431 [JavaFX Application Thread] DEBUG Input                - Clearing active input actions
12:10:21.431 [JavaFX Application Thread] DEBUG GameApplicationServi - Removing overlay from DialogSubScene and adding to GameScene
12:10:21.432 [JavaFX Application Thread] DEBUG PrimaryStageWindow   - GameScene <- DialogSubScene
12:10:23.563 [JavaFX Application Thread] DEBUG PrimaryStageWindow   - Push state: DialogSubScene
12:10:23.563 [JavaFX Application Thread] DEBUG Input                - Clearing active input actions
12:10:23.564 [JavaFX Application Thread] DEBUG GameApplicationServi - Removing overlay from GameScene and adding to DialogSubScene
12:10:23.564 [JavaFX Application Thread] DEBUG PrimaryStageWindow   - GameScene -> DialogSubScene
12:10:24.294 [JavaFX Application Thread] DEBUG PrimaryStageWindow   - Pop state: DialogSubScene
12:10:24.294 [JavaFX Application Thread] DEBUG Input                - Clearing active input actions
12:10:24.295 [JavaFX Application Thread] DEBUG GameApplicationServi - Removing overlay from DialogSubScene and adding to GameScene
12:10:24.295 [JavaFX Application Thread] DEBUG PrimaryStageWindow   - GameScene <- DialogSubScene
12:10:24.517 [JavaFX Application Thread] DEBUG PrimaryStageWindow   - Push state: DialogSubScene
12:10:24.517 [JavaFX Application Thread] DEBUG Input                - Clearing active input actions
12:10:24.518 [JavaFX Application Thread] DEBUG GameApplicationServi - Removing overlay from GameScene and adding to DialogSubScene
12:10:24.518 [JavaFX Application Thread] DEBUG PrimaryStageWindow   - GameScene -> DialogSubScene
12:10:25.606 [JavaFX Application Thread] DEBUG PrimaryStageWindow   - Pop state: DialogSubScene
12:10:25.606 [JavaFX Application Thread] DEBUG Input                - Clearing active input actions
12:10:25.607 [JavaFX Application Thread] DEBUG GameApplicationServi - Removing overlay from DialogSubScene and adding to GameScene
12:10:25.607 [JavaFX Application Thread] DEBUG PrimaryStageWindow   - GameScene <- DialogSubScene
12:10:29.476 [JavaFX Application Thread] DEBUG PrimaryStageWindow   - Push state: DialogSubScene
12:10:29.476 [JavaFX Application Thread] DEBUG Input                - Clearing active input actions
12:10:29.477 [JavaFX Application Thread] DEBUG GameApplicationServi - Removing overlay from GameScene and adding to DialogSubScene
12:10:29.477 [JavaFX Application Thread] DEBUG PrimaryStageWindow   - GameScene -> DialogSubScene
12:10:30.941 [JavaFX Application Thread] DEBUG PrimaryStageWindow   - Pop state: DialogSubScene
12:10:30.941 [JavaFX Application Thread] DEBUG Input                - Clearing active input actions
12:10:30.942 [JavaFX Application Thread] DEBUG GameApplicationServi - Removing overlay from DialogSubScene and adding to GameScene
12:10:30.942 [JavaFX Application Thread] DEBUG PrimaryStageWindow   - GameScene <- DialogSubScene
12:10:33.397 [JavaFX Application Thread] DEBUG PrimaryStageWindow   - Push state: DialogSubScene
12:10:33.397 [JavaFX Application Thread] DEBUG Input                - Clearing active input actions
12:10:33.398 [JavaFX Application Thread] DEBUG GameApplicationServi - Removing overlay from GameScene and adding to DialogSubScene
12:10:33.399 [JavaFX Application Thread] DEBUG PrimaryStageWindow   - GameScene -> DialogSubScene
12:10:35.582 [JavaFX Application Thread] DEBUG PrimaryStageWindow   - Pop state: DialogSubScene
12:10:35.582 [JavaFX Application Thread] DEBUG Input                - Clearing active input actions
12:10:35.582 [JavaFX Application Thread] DEBUG GameApplicationServi - Removing overlay from DialogSubScene and adding to GameScene
12:10:35.583 [JavaFX Application Thread] DEBUG PrimaryStageWindow   - GameScene <- DialogSubScene
12:10:37.909 [JavaFX Application Thread] DEBUG PrimaryStageWindow   - Push state: DialogSubScene
12:10:37.909 [JavaFX Application Thread] DEBUG Input                - Clearing active input actions
12:10:37.910 [JavaFX Application Thread] DEBUG GameApplicationServi - Removing overlay from GameScene and adding to DialogSubScene
12:10:37.911 [JavaFX Application Thread] DEBUG PrimaryStageWindow   - GameScene -> DialogSubScene
12:10:39.773 [JavaFX Application Thread] DEBUG PrimaryStageWindow   - Pop state: DialogSubScene
12:10:39.773 [JavaFX Application Thread] DEBUG Input                - Clearing active input actions
12:10:39.774 [JavaFX Application Thread] DEBUG GameApplicationServi - Removing overlay from DialogSubScene and adding to GameScene
12:10:39.774 [JavaFX Application Thread] DEBUG PrimaryStageWindow   - GameScene <- DialogSubScene
12:10:41.733 [JavaFX Application Thread] DEBUG PrimaryStageWindow   - Push state: DialogSubScene
12:10:41.733 [JavaFX Application Thread] DEBUG Input                - Clearing active input actions
12:10:41.734 [JavaFX Application Thread] DEBUG GameApplicationServi - Removing overlay from GameScene and adding to DialogSubScene
12:10:41.734 [JavaFX Application Thread] DEBUG PrimaryStageWindow   - GameScene -> DialogSubScene
12:10:42.790 [JavaFX Application Thread] DEBUG PrimaryStageWindow   - Pop state: DialogSubScene
12:10:42.791 [JavaFX Application Thread] DEBUG Input                - Clearing active input actions
12:10:42.791 [JavaFX Application Thread] DEBUG GameApplicationServi - Removing overlay from DialogSubScene and adding to GameScene
12:10:42.791 [JavaFX Application Thread] DEBUG PrimaryStageWindow   - GameScene <- DialogSubScene
12:10:45.158 [JavaFX Application Thread] DEBUG PrimaryStageWindow   - Push state: DialogSubScene
12:10:45.159 [JavaFX Application Thread] DEBUG Input                - Clearing active input actions
12:10:45.159 [JavaFX Application Thread] DEBUG GameApplicationServi - Removing overlay from GameScene and adding to DialogSubScene
12:10:45.159 [JavaFX Application Thread] DEBUG PrimaryStageWindow   - GameScene -> DialogSubScene
12:10:47.374 [JavaFX Application Thread] DEBUG PrimaryStageWindow   - Pop state: DialogSubScene
12:10:47.374 [JavaFX Application Thread] DEBUG Input                - Clearing active input actions
12:10:47.374 [JavaFX Application Thread] DEBUG GameApplicationServi - Removing overlay from DialogSubScene and adding to GameScene
12:10:47.374 [JavaFX Application Thread] DEBUG PrimaryStageWindow   - GameScene <- DialogSubScene
12:10:49.619 [JavaFX Application Thread] DEBUG PrimaryStageWindow   - Push state: DialogSubScene
12:10:49.619 [JavaFX Application Thread] DEBUG Input                - Clearing active input actions
12:10:49.619 [JavaFX Application Thread] DEBUG GameApplicationServi - Removing overlay from GameScene and adding to DialogSubScene
12:10:49.619 [JavaFX Application Thread] DEBUG PrimaryStageWindow   - GameScene -> DialogSubScene
12:10:51.542 [JavaFX Application Thread] DEBUG PrimaryStageWindow   - Pop state: DialogSubScene
12:10:51.542 [JavaFX Application Thread] DEBUG Input                - Clearing active input actions
12:10:51.543 [JavaFX Application Thread] DEBUG GameApplicationServi - Removing overlay from DialogSubScene and adding to GameScene
12:10:51.543 [JavaFX Application Thread] DEBUG PrimaryStageWindow   - GameScene <- DialogSubScene
12:10:55.396 [JavaFX Application Thread] DEBUG PrimaryStageWindow   - Push state: DialogSubScene
12:10:55.397 [JavaFX Application Thread] DEBUG Input                - Clearing active input actions
12:10:55.397 [JavaFX Application Thread] DEBUG GameApplicationServi - Removing overlay from GameScene and adding to DialogSubScene
12:10:55.397 [JavaFX Application Thread] DEBUG PrimaryStageWindow   - GameScene -> DialogSubScene
12:10:57.630 [JavaFX Application Thread] DEBUG PrimaryStageWindow   - Pop state: DialogSubScene
12:10:57.630 [JavaFX Application Thread] DEBUG Input                - Clearing active input actions
12:10:57.631 [JavaFX Application Thread] DEBUG GameApplicationServi - Removing overlay from DialogSubScene and adding to GameScene
12:10:57.631 [JavaFX Application Thread] DEBUG PrimaryStageWindow   - GameScene <- DialogSubScene
12:10:59.845 [JavaFX Application Thread] DEBUG PrimaryStageWindow   - Push state: DialogSubScene
12:10:59.845 [JavaFX Application Thread] DEBUG Input                - Clearing active input actions
12:10:59.845 [JavaFX Application Thread] DEBUG GameApplicationServi - Removing overlay from GameScene and adding to DialogSubScene
12:10:59.846 [JavaFX Application Thread] DEBUG PrimaryStageWindow   - GameScene -> DialogSubScene
12:11:01.470 [JavaFX Application Thread] DEBUG PrimaryStageWindow   - Pop state: DialogSubScene
12:11:01.470 [JavaFX Application Thread] DEBUG Input                - Clearing active input actions
12:11:01.470 [JavaFX Application Thread] DEBUG GameApplicationServi - Removing overlay from DialogSubScene and adding to GameScene
12:11:01.471 [JavaFX Application Thread] DEBUG PrimaryStageWindow   - GameScene <- DialogSubScene
12:11:03.670 [JavaFX Application Thread] DEBUG PrimaryStageWindow   - Push state: DialogSubScene
12:11:03.670 [JavaFX Application Thread] DEBUG Input                - Clearing active input actions
12:11:03.671 [JavaFX Application Thread] DEBUG GameApplicationServi - Removing overlay from GameScene and adding to DialogSubScene
12:11:03.671 [JavaFX Application Thread] DEBUG PrimaryStageWindow   - GameScene -> DialogSubScene
12:11:05.238 [JavaFX Application Thread] DEBUG PrimaryStageWindow   - Pop state: DialogSubScene
12:11:05.238 [JavaFX Application Thread] DEBUG Input                - Clearing active input actions
12:11:05.239 [JavaFX Application Thread] DEBUG GameApplicationServi - Removing overlay from DialogSubScene and adding to GameScene
12:11:05.239 [JavaFX Application Thread] DEBUG PrimaryStageWindow   - GameScene <- DialogSubScene
12:11:08.453 [JavaFX Application Thread] DEBUG PrimaryStageWindow   - Push state: DialogSubScene
12:11:08.453 [JavaFX Application Thread] DEBUG Input                - Clearing active input actions
12:11:08.453 [JavaFX Application Thread] DEBUG GameApplicationServi - Removing overlay from GameScene and adding to DialogSubScene
12:11:08.453 [JavaFX Application Thread] DEBUG PrimaryStageWindow   - GameScene -> DialogSubScene
12:11:09.646 [JavaFX Application Thread] DEBUG PrimaryStageWindow   - Pop state: DialogSubScene
12:11:09.646 [JavaFX Application Thread] DEBUG Input                - Clearing active input actions
12:11:09.646 [JavaFX Application Thread] DEBUG GameApplicationServi - Removing overlay from DialogSubScene and adding to GameScene
12:11:09.646 [JavaFX Application Thread] DEBUG PrimaryStageWindow   - GameScene <- DialogSubScene
12:11:12.148 [JavaFX Application Thread] DEBUG PrimaryStageWindow   - Push state: DialogSubScene
12:11:12.149 [JavaFX Application Thread] DEBUG Input                - Clearing active input actions
12:11:12.149 [JavaFX Application Thread] DEBUG GameApplicationServi - Removing overlay from GameScene and adding to DialogSubScene
12:11:12.149 [JavaFX Application Thread] DEBUG PrimaryStageWindow   - GameScene -> DialogSubScene
12:11:13.734 [JavaFX Application Thread] DEBUG PrimaryStageWindow   - Pop state: DialogSubScene
12:11:13.734 [JavaFX Application Thread] DEBUG Input                - Clearing active input actions
12:11:13.735 [JavaFX Application Thread] DEBUG GameApplicationServi - Removing overlay from DialogSubScene and adding to GameScene
12:11:13.735 [JavaFX Application Thread] DEBUG PrimaryStageWindow   - GameScene <- DialogSubScene
12:11:15.925 [JavaFX Application Thread] DEBUG PrimaryStageWindow   - Push state: DialogSubScene
12:11:15.925 [JavaFX Application Thread] DEBUG Input                - Clearing active input actions
12:11:15.926 [JavaFX Application Thread] DEBUG GameApplicationServi - Removing overlay from GameScene and adding to DialogSubScene
12:11:15.926 [JavaFX Application Thread] DEBUG PrimaryStageWindow   - GameScene -> DialogSubScene
12:11:18.022 [JavaFX Application Thread] DEBUG PrimaryStageWindow   - Pop state: DialogSubScene
12:11:18.022 [JavaFX Application Thread] DEBUG Input                - Clearing active input actions
12:11:18.022 [JavaFX Application Thread] DEBUG GameApplicationServi - Removing overlay from DialogSubScene and adding to GameScene
12:11:18.022 [JavaFX Application Thread] DEBUG PrimaryStageWindow   - GameScene <- DialogSubScene
12:11:21.157 [JavaFX Application Thread] DEBUG PrimaryStageWindow   - Push state: DialogSubScene
12:11:21.157 [JavaFX Application Thread] DEBUG Input                - Clearing active input actions
12:11:21.158 [JavaFX Application Thread] DEBUG GameApplicationServi - Removing overlay from GameScene and adding to DialogSubScene
12:11:21.158 [JavaFX Application Thread] DEBUG PrimaryStageWindow   - GameScene -> DialogSubScene
12:11:38.270 [JavaFX Application Thread] DEBUG PrimaryStageWindow   - Pop state: DialogSubScene
12:11:38.270 [JavaFX Application Thread] DEBUG Input                - Clearing active input actions
12:11:38.270 [JavaFX Application Thread] DEBUG GameApplicationServi - Removing overlay from DialogSubScene and adding to GameScene
12:11:38.271 [JavaFX Application Thread] DEBUG PrimaryStageWindow   - GameScene <- DialogSubScene
12:11:41.269 [JavaFX Application Thread] DEBUG PrimaryStageWindow   - Push state: DialogSubScene
12:11:41.269 [JavaFX Application Thread] DEBUG Input                - Clearing active input actions
12:11:41.269 [JavaFX Application Thread] DEBUG GameApplicationServi - Removing overlay from GameScene and adding to DialogSubScene
12:11:41.270 [JavaFX Application Thread] DEBUG PrimaryStageWindow   - GameScene -> DialogSubScene
12:11:42.422 [JavaFX Application Thread] DEBUG PrimaryStageWindow   - Pop state: DialogSubScene
12:11:42.422 [JavaFX Application Thread] DEBUG Input                - Clearing active input actions
12:11:42.423 [JavaFX Application Thread] DEBUG GameApplicationServi - Removing overlay from DialogSubScene and adding to GameScene
12:11:42.423 [JavaFX Application Thread] DEBUG PrimaryStageWindow   - GameScene <- DialogSubScene
12:11:44.981 [JavaFX Application Thread] DEBUG PrimaryStageWindow   - Push state: DialogSubScene
12:11:44.981 [JavaFX Application Thread] DEBUG Input                - Clearing active input actions
12:11:44.982 [JavaFX Application Thread] DEBUG GameApplicationServi - Removing overlay from GameScene and adding to DialogSubScene
12:11:44.982 [JavaFX Application Thread] DEBUG PrimaryStageWindow   - GameScene -> DialogSubScene
12:11:48.342 [JavaFX Application Thread] DEBUG PrimaryStageWindow   - Pop state: DialogSubScene
12:11:48.342 [JavaFX Application Thread] DEBUG Input                - Clearing active input actions
12:11:48.342 [JavaFX Application Thread] DEBUG GameApplicationServi - Removing overlay from DialogSubScene and adding to GameScene
12:11:48.343 [JavaFX Application Thread] DEBUG PrimaryStageWindow   - GameScene <- DialogSubScene
12:11:50.615 [JavaFX Application Thread] DEBUG PrimaryStageWindow   - Push state: DialogSubScene
12:11:50.615 [JavaFX Application Thread] DEBUG Input                - Clearing active input actions
12:11:50.616 [JavaFX Application Thread] DEBUG GameApplicationServi - Removing overlay from GameScene and adding to DialogSubScene
12:11:50.616 [JavaFX Application Thread] DEBUG PrimaryStageWindow   - GameScene -> DialogSubScene
12:11:52.046 [JavaFX Application Thread] DEBUG PrimaryStageWindow   - Pop state: DialogSubScene
12:11:52.046 [JavaFX Application Thread] DEBUG Input                - Clearing active input actions
12:11:52.046 [JavaFX Application Thread] DEBUG GameApplicationServi - Removing overlay from DialogSubScene and adding to GameScene
12:11:52.046 [JavaFX Application Thread] DEBUG PrimaryStageWindow   - GameScene <- DialogSubScene
12:11:54.103 [JavaFX Application Thread] DEBUG PrimaryStageWindow   - Push state: DialogSubScene
12:11:54.103 [JavaFX Application Thread] DEBUG Input                - Clearing active input actions
12:11:54.104 [JavaFX Application Thread] DEBUG GameApplicationServi - Removing overlay from GameScene and adding to DialogSubScene
12:11:54.104 [JavaFX Application Thread] DEBUG PrimaryStageWindow   - GameScene -> DialogSubScene
12:11:57.174 [JavaFX Application Thread] DEBUG PrimaryStageWindow   - Pop state: DialogSubScene
12:11:57.174 [JavaFX Application Thread] DEBUG Input                - Clearing active input actions
12:11:57.174 [JavaFX Application Thread] DEBUG GameApplicationServi - Removing overlay from DialogSubScene and adding to GameScene
12:11:57.174 [JavaFX Application Thread] DEBUG PrimaryStageWindow   - GameScene <- DialogSubScene
12:11:58.981 [JavaFX Application Thread] DEBUG PrimaryStageWindow   - Push state: DialogSubScene
12:11:58.981 [JavaFX Application Thread] DEBUG Input                - Clearing active input actions
12:11:58.981 [JavaFX Application Thread] DEBUG GameApplicationServi - Removing overlay from GameScene and adding to DialogSubScene
12:11:58.982 [JavaFX Application Thread] DEBUG PrimaryStageWindow   - GameScene -> DialogSubScene
12:11:59.582 [JavaFX Application Thread] DEBUG PrimaryStageWindow   - Pop state: DialogSubScene
12:11:59.582 [JavaFX Application Thread] DEBUG Input                - Clearing active input actions
12:11:59.582 [JavaFX Application Thread] DEBUG GameApplicationServi - Removing overlay from DialogSubScene and adding to GameScene
12:11:59.582 [JavaFX Application Thread] DEBUG PrimaryStageWindow   - GameScene <- DialogSubScene
12:12:02.276 [JavaFX Application Thread] DEBUG PrimaryStageWindow   - Push state: DialogSubScene
12:12:02.277 [JavaFX Application Thread] DEBUG Input                - Clearing active input actions
12:12:02.277 [JavaFX Application Thread] DEBUG GameApplicationServi - Removing overlay from GameScene and adding to DialogSubScene
12:12:02.277 [JavaFX Application Thread] DEBUG PrimaryStageWindow   - GameScene -> DialogSubScene
12:12:02.902 [JavaFX Application Thread] DEBUG PrimaryStageWindow   - Pop state: DialogSubScene
12:12:02.902 [JavaFX Application Thread] DEBUG Input                - Clearing active input actions
12:12:02.902 [JavaFX Application Thread] DEBUG GameApplicationServi - Removing overlay from DialogSubScene and adding to GameScene
12:12:02.902 [JavaFX Application Thread] DEBUG PrimaryStageWindow   - GameScene <- DialogSubScene
12:12:05.141 [JavaFX Application Thread] DEBUG PrimaryStageWindow   - Push state: DialogSubScene
12:12:05.141 [JavaFX Application Thread] DEBUG Input                - Clearing active input actions
12:12:05.141 [JavaFX Application Thread] DEBUG GameApplicationServi - Removing overlay from GameScene and adding to DialogSubScene
12:12:05.141 [JavaFX Application Thread] DEBUG PrimaryStageWindow   - GameScene -> DialogSubScene
12:12:06.158 [JavaFX Application Thread] DEBUG PrimaryStageWindow   - Pop state: DialogSubScene
12:12:06.158 [JavaFX Application Thread] DEBUG Input                - Clearing active input actions
12:12:06.158 [JavaFX Application Thread] DEBUG GameApplicationServi - Removing overlay from DialogSubScene and adding to GameScene
12:12:06.159 [JavaFX Application Thread] DEBUG PrimaryStageWindow   - GameScene <- DialogSubScene
12:12:10.069 [JavaFX Application Thread] DEBUG PrimaryStageWindow   - Push state: DialogSubScene
12:12:10.069 [JavaFX Application Thread] DEBUG Input                - Clearing active input actions
12:12:10.069 [JavaFX Application Thread] DEBUG GameApplicationServi - Removing overlay from GameScene and adding to DialogSubScene
12:12:10.069 [JavaFX Application Thread] DEBUG PrimaryStageWindow   - GameScene -> DialogSubScene
12:12:11.214 [JavaFX Application Thread] DEBUG PrimaryStageWindow   - Pop state: DialogSubScene
12:12:11.214 [JavaFX Application Thread] DEBUG Input                - Clearing active input actions
12:12:11.214 [JavaFX Application Thread] DEBUG GameApplicationServi - Removing overlay from DialogSubScene and adding to GameScene
12:12:11.215 [JavaFX Application Thread] DEBUG PrimaryStageWindow   - GameScene <- DialogSubScene
12:12:11.215 [JavaFX Application Thread] DEBUG FXGLApplication      - Exiting FXGL
12:12:11.215 [JavaFX Application Thread] DEBUG LoopRunner           - Stopping loop
12:12:11.215 [JavaFX Application Thread] DEBUG SystemBundleService  - Saving FXGL system data
12:12:11.240 [JavaFX Application Thread] DEBUG FileSystemAccess     - Writing to: C:\Users\Juan\Desktop\APOOOO\NuclearThroneAtomic\src\nuclearthroneatomic\system\fxgl.bundle
12:12:11.247 [JavaFX Application Thread] DEBUG Async                - Shutting down background threads
12:12:11.247 [JavaFX Application Thread] DEBUG PrimaryStageWindow   - Closing main window
12:12:11.270 [JavaFX Application Thread] DEBUG Logger               - Closing Logger
