22:26:48.348 [main                     ] DEBUG Logger               - Configured Logger
22:26:48.391 [main                     ] DEBUG GameApplication      - Logging settings
Title: Nuclear Throne Atomic
Version: 0.0
Width: 800
Height: 600
Fullscreen: true
Intro: false
Profiling: false
Single step:false
App Mode: DEVELOPER
Menu Key: ESCAPE
Stage Style: DECORATED
Scene Factory: class com.almasb.fxgl.app.scene.SceneFactory

22:26:49.251 [JavaFX Application Thread] DEBUG FXGLApplication      - Initializing FXGL
22:26:49.259 [JavaFX Application Thread] INFO  Engine               - FXGL-17.2 (20.08.2022 16.50) on WINDOWS (J:20.0.1 FX:18.0.2)
22:26:49.260 [JavaFX Application Thread] DEBUG Engine               - JRE Vendor Name: Oracle Corporation
22:26:49.260 [JavaFX Application Thread] DEBUG Engine               - Running on OS: Windows 10 version 10.0
22:26:49.261 [JavaFX Application Thread] DEBUG Engine               - Architecture: amd64
22:26:49.261 [JavaFX Application Thread] INFO  Engine               - Source code and latest versions at: https://github.com/AlmasB/FXGL
22:26:49.261 [JavaFX Application Thread] INFO  Engine               -       Ask questions and discuss at: https://github.com/AlmasB/FXGL/discussions
22:26:49.261 [JavaFX Application Thread] INFO  Engine               -              Join the FXGL chat at: https://gitter.im/AlmasB/FXGL
22:26:49.369 [JavaFX Application Thread] DEBUG PrimaryStageWindow   - Creating a JavaFX scene
22:26:49.435 [JavaFX Application Thread] DEBUG PrimaryStageWindow   - Target settings size: 800.0 x 600.0
22:26:49.435 [JavaFX Application Thread] DEBUG PrimaryStageWindow   - Scaled scene size:    800.0 x 600.0
22:26:49.436 [JavaFX Application Thread] DEBUG PrimaryStageWindow   - Scaled ratio: (1.0, 1.0)
22:26:49.437 [JavaFX Application Thread] DEBUG PrimaryStageWindow   - Set initial scene to FXGLStartupScene
22:26:49.451 [JavaFX Application Thread] DEBUG PrimaryStageWindow   - Opening main window
22:26:49.574 [JavaFX Application Thread] DEBUG PrimaryStageWindow   - Window border size: (16.0, 39.0)
22:26:49.575 [JavaFX Application Thread] DEBUG PrimaryStageWindow   - Scaled size: 800.0 x 600.0
22:26:49.576 [JavaFX Application Thread] DEBUG PrimaryStageWindow   - Scaled ratio: (1.0, 1.0)
22:26:49.576 [JavaFX Application Thread] DEBUG PrimaryStageWindow   - Scene size: 800.0 x 600.0
22:26:49.577 [JavaFX Application Thread] DEBUG PrimaryStageWindow   - Stage size: 816.0 x 639.0
22:26:49.596 [FXGL Background Thread 1 ] DEBUG Engine               - Initializing environment variables
22:26:49.687 [FXGL Background Thread 1 ] DEBUG FXGLAssetLoaderServi - User app class for loading assets: class com.example.nuclearthroneatomic.Controller
22:26:49.687 [FXGL Background Thread 1 ] DEBUG GameApplicationServi - Applying CSS: fxgl_dark.css
22:26:49.688 [FXGL Background Thread 1 ] DEBUG FXGLAssetLoaderServi - Loading from file system: jar:file:///C:/Users/Usuario/.m2/repository/com/github/almasb/fxgl/17.2/fxgl-17.2.jar!/fxglassets/ui/css/fxgl_dark.css
22:26:49.757 [FXGL Background Thread 1 ] DEBUG GameApplicationServi - Initializing application scenes
22:26:49.816 [FXGL Background Thread 1 ] DEBUG GameWorld            - Game world initialized
22:26:49.922 [FXGL Background Thread 1 ] DEBUG PhysicsWorld         - Physics world initialized: appHeight=600, physics.ppm=50,0
22:26:49.922 [FXGL Background Thread 1 ] DEBUG PhysicsWorld         - Using strategy: BRUTE_FORCE
22:26:49.930 [FXGL Background Thread 1 ] DEBUG GameScene            - Game scene initialized: 800x600
22:26:49.956 [FXGL Background Thread 1 ] DEBUG FXGL.DefaultMenu     - createMenuBodyMainMenu()
22:26:49.985 [FXGL Background Thread 1 ] DEBUG FXGL.DefaultMenu     - createOptionsMenu()
22:26:49.998 [FXGL Background Thread 1 ] DEBUG FXGL.DefaultMenu     - createExtraMenu()
22:26:50.011 [FXGL Background Thread 1 ] DEBUG FXGLAssetLoaderServi - Loading from file system: jar:file:///C:/Users/Usuario/.m2/repository/com/github/almasb/fxgl/17.2/fxgl-17.2.jar!/fxglassets/textures/particles/smoke.png
22:26:50.158 [FXGL Background Thread 1 ] DEBUG FXGLAssetLoaderServi - Loading from file system: jar:file:///C:/Users/Usuario/.m2/repository/com/github/almasb/fxgl/17.2/fxgl-17.2.jar!/fxglassets/textures/particles/trace_horizontal.png
22:26:50.239 [FXGL Background Thread 1 ] DEBUG FXGL.DefaultMenu     - createMenuBodyGameMenu()
22:26:50.243 [FXGL Background Thread 1 ] DEBUG FXGL.DefaultMenu     - createOptionsMenu()
22:26:50.251 [FXGL Background Thread 1 ] DEBUG FXGL.DefaultMenu     - createExtraMenu()
22:26:50.280 [FXGL Background Thread 1 ] DEBUG GameApplicationServi - Application scenes initialized
22:26:50.317 [FXGL Background Thread 1 ] DEBUG SystemBundleService  - Loading FXGL system data
22:26:50.329 [FXGL Background Thread 1 ] DEBUG FileSystemAccess     - Reading from: C:\Users\Usuario\OneDrive - Universidad Icesi (@icesi.edu.co)\APO2\Tareas integradoras\NuclearThroneAtomic\src\nuclearthroneatomic\system\fxgl.bundle
22:26:50.357 [FXGL Background Thread 1 ] DEBUG SystemBundleService  - Bundle FXGL: {}
22:26:50.357 [FXGL Background Thread 1 ] DEBUG UpdaterService       - Checking for updates
22:26:50.370 [FXGL Background Thread 1 ] DEBUG FXGLApplication      - Loading default localization
22:26:50.372 [FXGL Background Thread 1 ] DEBUG FXGLAssetLoaderServi - Loading from file system: jar:file:///C:/Users/Usuario/.m2/repository/com/github/almasb/fxgl/17.2/fxgl-17.2.jar!/fxglassets/languages/english.lang
22:26:50.406 [FXGL Background Thread 1 ] INFO  FXGLApplication      - FXGL initialization took: 0,809 sec
22:26:50.411 [FXGL Background Thread 4 ] DEBUG FXGLApplication      - Loading fonts
22:26:50.413 [FXGL Background Thread 4 ] DEBUG FXGLAssetLoaderServi - Loading from file system: jar:file:///C:/Users/Usuario/.m2/repository/com/github/almasb/fxgl/17.2/fxgl-17.2.jar!/fxglassets/ui/fonts/VarelaRound-Regular.ttf
22:26:50.437 [JavaFX Application Thread] DEBUG Input                - Registered new binding: lucky - Q
22:26:50.437 [JavaFX Application Thread] DEBUG Input                - Registered new binding: health - F
22:26:50.438 [JavaFX Application Thread] DEBUG Input                - Registered new binding: Right - D
22:26:50.438 [JavaFX Application Thread] DEBUG Input                - Registered new binding: Left - A
22:26:50.438 [JavaFX Application Thread] DEBUG Input                - Registered new binding: Up - W
22:26:50.438 [JavaFX Application Thread] DEBUG Input                - Registered new binding: Down - S
22:26:50.440 [JavaFX Application Thread] DEBUG Input                - Registered new binding: Reload - RMB
22:26:50.441 [JavaFX Application Thread] DEBUG Input                - Registered new binding: Shoot - LMB
22:26:50.442 [JavaFX Application Thread] WARN  FXGLAssetLoaderServi - Asset "/assets/music/music/musicformenus.mp3" was not found!
22:26:50.442 [JavaFX Application Thread] WARN  FXGLAssetLoaderServi - Failed to load MUSIC
22:26:50.444 [JavaFX Application Thread] DEBUG AudioPlayer          - Playing music com.almasb.fxgl.audio.Music@20ed1b7f
22:26:50.445 [JavaFX Application Thread] DEBUG FXGLAssetLoaderServi - Loading from file system: jar:file:///C:/Users/Usuario/.m2/repository/com/github/almasb/fxgl/17.2/fxgl-17.2.jar!/fxglassets/textures/fxgl_icon.png
22:26:50.489 [JavaFX Application Thread] DEBUG FXGLAssetLoaderServi - Loading from file system: jar:file:///C:/Users/Usuario/.m2/repository/com/github/almasb/fxgl/17.2/fxgl-17.2.jar!/fxglassets/textures/fxgl_default_cursor.png
22:26:50.494 [JavaFX Application Thread] DEBUG Input                - Registered new binding: Screenshot - CTRL+8
22:26:50.495 [JavaFX Application Thread] DEBUG Input                - Registered new binding: System info dump - CTRL+9
22:26:50.496 [JavaFX Application Thread] DEBUG Input                - Registered new binding: Restart - CTRL+R
22:26:50.497 [JavaFX Application Thread] DEBUG Input                - Registered new binding: Toggle Debug Camera - CTRL+7
22:26:50.501 [JavaFX Application Thread] DEBUG LoopRunner           - Starting loop
22:26:50.502 [JavaFX Application Thread] DEBUG LoopRunner           - Initializing JavaFX AnimationTimerLoop
22:26:50.506 [JavaFX Application Thread] DEBUG Input                - Clearing active input actions
22:26:50.521 [JavaFX Application Thread] DEBUG GameApplicationServi - Removing overlay from FXGLStartupScene and adding to FXGLMainMenuDummyScene
22:26:50.522 [JavaFX Application Thread] DEBUG PrimaryStageWindow   - FXGLStartupScene -> FXGLMainMenuDummyScene
22:26:50.523 [JavaFX Application Thread] DEBUG PrimaryStageWindow   - Push state: FXGLDefaultMenu
22:26:50.530 [JavaFX Application Thread] DEBUG Input                - Clearing active input actions
22:26:50.545 [JavaFX Application Thread] DEBUG GameApplicationServi - Removing overlay from FXGLMainMenuDummyScene and adding to FXGLDefaultMenu
22:26:50.546 [JavaFX Application Thread] DEBUG PrimaryStageWindow   - FXGLMainMenuDummyScene -> FXGLDefaultMenu
22:26:50.944 [FXGL Background Thread 4 ] DEBUG FXGLAssetLoaderServi - Loading from file system: jar:file:///C:/Users/Usuario/.m2/repository/com/github/almasb/fxgl/17.2/fxgl-17.2.jar!/fxglassets/ui/fonts/Abel-Regular.ttf
22:26:50.960 [FXGL Background Thread 4 ] DEBUG FXGLAssetLoaderServi - Loading from file system: jar:file:///C:/Users/Usuario/.m2/repository/com/github/almasb/fxgl/17.2/fxgl-17.2.jar!/fxglassets/ui/fonts/TerminalLandMono-Regular.otf
22:26:50.970 [FXGL Background Thread 4 ] DEBUG FXGLAssetLoaderServi - Loading from file system: jar:file:///C:/Users/Usuario/.m2/repository/com/github/almasb/fxgl/17.2/fxgl-17.2.jar!/fxglassets/ui/fonts/Courier-Prime.ttf
22:26:50.997 [JavaFX Application Thread] DEBUG FXGLApplication      - Registering font factories with UI factory
22:26:51.539 [FXGL Background Thread 2 ] INFO  UpdaterService       - Your current version:  17.2
22:26:51.539 [FXGL Background Thread 2 ] INFO  UpdaterService       - Latest stable version: 17.3
22:26:53.366 [FXGL Background Thread 3 ] DEBUG Engine               - Logging environment variables
22:26:53.367 [FXGL Background Thread 3 ] DEBUG Engine               - achievements: []
22:26:53.367 [FXGL Background Thread 3 ] DEBUG Engine               - actualHeight: 600.0
22:26:53.367 [FXGL Background Thread 3 ] DEBUG Engine               - actualHeightProperty: ReadOnlyDoubleProperty [value: 600.0]
22:26:53.367 [FXGL Background Thread 3 ] DEBUG Engine               - actualWidth: 800.0
22:26:53.367 [FXGL Background Thread 3 ] DEBUG Engine               - actualWidthProperty: ReadOnlyDoubleProperty [value: 800.0]
22:26:53.367 [FXGL Background Thread 3 ] DEBUG Engine               - appIcon: fxgl_icon.png
22:26:53.368 [FXGL Background Thread 3 ] DEBUG Engine               - applicationMode: DEVELOPER
22:26:53.368 [FXGL Background Thread 3 ] DEBUG Engine               - cSSList: [fxgl_dark.css]
22:26:53.368 [FXGL Background Thread 3 ] DEBUG Engine               - collisionDetectionStrategy: BRUTE_FORCE
22:26:53.368 [FXGL Background Thread 3 ] DEBUG Engine               - configClass: Optional.empty
22:26:53.368 [FXGL Background Thread 3 ] DEBUG Engine               - credits: [Designer . . . . . . . Johan Daniel Aguirre, Program Team . . . . . . Juan Sebastián Libreros,                              Juan Jose Barrera,                              Johan Daniel Aguirre, El mas lindo . . . . . . Juan Sebastián Libreros, Master Thief . . . . . . Johan Daniel Aguirre]
22:26:53.369 [FXGL Background Thread 3 ] DEBUG Engine               - defaultCursor: CursorInfo(imageName=fxgl_default_cursor.png, hotspotX=7.0, hotspotY=6.0)
22:26:53.370 [FXGL Background Thread 3 ] DEBUG Engine               - devBBoxColorProperty: ObjectProperty [value: 0xff0000ff]
22:26:53.370 [FXGL Background Thread 3 ] DEBUG Engine               - devEnableDebugCameraProperty: BooleanProperty [value: false]
22:26:53.370 [FXGL Background Thread 3 ] DEBUG Engine               - devSensorColorProperty: ObjectProperty [value: 0xffff00ff]
22:26:53.370 [FXGL Background Thread 3 ] DEBUG Engine               - devShowBBoxProperty: BooleanProperty [value: false]
22:26:53.371 [FXGL Background Thread 3 ] DEBUG Engine               - devShowPositionProperty: BooleanProperty [value: false]
22:26:53.371 [FXGL Background Thread 3 ] DEBUG Engine               - enabledMenuItems: [EXTRA]
22:26:53.371 [FXGL Background Thread 3 ] DEBUG Engine               - engineServices: [class com.almasb.fxgl.app.services.FXGLAssetLoaderService, class com.almasb.fxgl.app.FXGLApplication$GameApplicationService, class com.almasb.fxgl.app.services.FXGLDialogService, class com.almasb.fxgl.app.services.IOTaskExecutorService, class com.almasb.fxgl.io.FileSystemService, class com.almasb.fxgl.localization.LocalizationService, class com.almasb.fxgl.app.services.SystemBundleService, class com.almasb.fxgl.profile.SaveLoadService, class com.almasb.fxgl.ui.FXGLUIFactoryServiceProvider, class com.almasb.fxgl.ui.FXGLDialogFactoryServiceProvider, class com.almasb.fxgl.audio.AudioPlayer, class com.almasb.fxgl.notification.impl.NotificationServiceProvider, class com.almasb.fxgl.achievement.AchievementService, class com.almasb.fxgl.cutscene.CutsceneService, class com.almasb.fxgl.minigames.MiniGameService, class com.almasb.fxgl.net.NetService, class com.almasb.fxgl.app.services.UpdaterService, class com.almasb.fxgl.dev.DevService]
22:26:53.371 [FXGL Background Thread 3 ] DEBUG Engine               - fontGame: Abel-Regular.ttf
22:26:53.371 [FXGL Background Thread 3 ] DEBUG Engine               - fontMono: TerminalLandMono-Regular.otf
22:26:53.371 [FXGL Background Thread 3 ] DEBUG Engine               - fontText: Courier-Prime.ttf
22:26:53.372 [FXGL Background Thread 3 ] DEBUG Engine               - fontUI: VarelaRound-Regular.ttf
22:26:53.372 [FXGL Background Thread 3 ] DEBUG Engine               - fullScreen: BooleanProperty [value: false]
22:26:53.372 [FXGL Background Thread 3 ] DEBUG Engine               - gameDifficulty: MEDIUM
22:26:53.372 [FXGL Background Thread 3 ] DEBUG Engine               - gameDifficultyProperty: ObjectProperty [value: MEDIUM]
22:26:53.372 [FXGL Background Thread 3 ] DEBUG Engine               - globalMusicVolume: 0.5
22:26:53.372 [FXGL Background Thread 3 ] DEBUG Engine               - globalMusicVolumeProperty: DoubleProperty [value: 1.0]
22:26:53.372 [FXGL Background Thread 3 ] DEBUG Engine               - globalSoundVolume: 0.5
22:26:53.373 [FXGL Background Thread 3 ] DEBUG Engine               - globalSoundVolumeProperty: DoubleProperty [value: 0.1]
22:26:53.373 [FXGL Background Thread 3 ] DEBUG Engine               - height: 600
22:26:53.373 [FXGL Background Thread 3 ] DEBUG Engine               - is3D: false
22:26:53.373 [FXGL Background Thread 3 ] DEBUG Engine               - isAndroid: false
22:26:53.373 [FXGL Background Thread 3 ] DEBUG Engine               - isBrowser: false
22:26:53.373 [FXGL Background Thread 3 ] DEBUG Engine               - isClickFeedbackEnabled: false
22:26:53.373 [FXGL Background Thread 3 ] DEBUG Engine               - isCloseConfirmation: false
22:26:53.373 [FXGL Background Thread 3 ] DEBUG Engine               - isDesktop: true
22:26:53.373 [FXGL Background Thread 3 ] DEBUG Engine               - isDeveloperMenuEnabled: false
22:26:53.373 [FXGL Background Thread 3 ] DEBUG Engine               - isEmbedded: false
22:26:53.373 [FXGL Background Thread 3 ] DEBUG Engine               - isEntityPreloadEnabled: true
22:26:53.374 [FXGL Background Thread 3 ] DEBUG Engine               - isExperimentalTiledLargeMap: false
22:26:53.374 [FXGL Background Thread 3 ] DEBUG Engine               - isFileSystemWriteAllowed: true
22:26:53.374 [FXGL Background Thread 3 ] DEBUG Engine               - isFullScreenAllowed: true
22:26:53.374 [FXGL Background Thread 3 ] DEBUG Engine               - isFullScreenFromStart: false
22:26:53.374 [FXGL Background Thread 3 ] DEBUG Engine               - isGameMenuEnabled: true
22:26:53.374 [FXGL Background Thread 3 ] DEBUG Engine               - isIOS: false
22:26:53.374 [FXGL Background Thread 3 ] DEBUG Engine               - isIntroEnabled: false
22:26:53.374 [FXGL Background Thread 3 ] DEBUG Engine               - isLinux: false
22:26:53.375 [FXGL Background Thread 3 ] DEBUG Engine               - isMac: false
22:26:53.375 [FXGL Background Thread 3 ] DEBUG Engine               - isMainMenuEnabled: true
22:26:53.375 [FXGL Background Thread 3 ] DEBUG Engine               - isManualResizeEnabled: false
22:26:53.375 [FXGL Background Thread 3 ] DEBUG Engine               - isMobile: false
22:26:53.375 [FXGL Background Thread 3 ] DEBUG Engine               - isNative: false
22:26:53.375 [FXGL Background Thread 3 ] DEBUG Engine               - isPauseMusicWhenMinimized: true
22:26:53.375 [FXGL Background Thread 3 ] DEBUG Engine               - isPreserveResizeRatio: false
22:26:53.375 [FXGL Background Thread 3 ] DEBUG Engine               - isProfilingEnabled: false
22:26:53.375 [FXGL Background Thread 3 ] DEBUG Engine               - isScaleAffectedOnResize: true
22:26:53.376 [FXGL Background Thread 3 ] DEBUG Engine               - isSingleStep: false
22:26:53.376 [FXGL Background Thread 3 ] DEBUG Engine               - isUserProfileEnabled: false
22:26:53.376 [FXGL Background Thread 3 ] DEBUG Engine               - isWindows: true
22:26:53.376 [FXGL Background Thread 3 ] DEBUG Engine               - language: ObjectProperty [value: ENGLISH]
22:26:53.376 [FXGL Background Thread 3 ] DEBUG Engine               - menuKey: ESCAPE
22:26:53.376 [FXGL Background Thread 3 ] DEBUG Engine               - mouseSensitivity: 0.2
22:26:53.376 [FXGL Background Thread 3 ] DEBUG Engine               - notificationViewClass: class com.almasb.fxgl.notification.view.XboxNotificationView
22:26:53.377 [FXGL Background Thread 3 ] DEBUG Engine               - pixelsPerMeter: 50.0
22:26:53.377 [FXGL Background Thread 3 ] DEBUG Engine               - platform: WINDOWS
22:26:53.377 [FXGL Background Thread 3 ] DEBUG Engine               - prefHeightProperty: ReadOnlyDoubleProperty [value: 600.0]
22:26:53.377 [FXGL Background Thread 3 ] DEBUG Engine               - prefWidthProperty: ReadOnlyDoubleProperty [value: 800.0]
22:26:53.377 [FXGL Background Thread 3 ] DEBUG Engine               - profileDir: profiles/
22:26:53.377 [FXGL Background Thread 3 ] DEBUG Engine               - profileName: StringProperty [value: DEFAULT]
22:26:53.377 [FXGL Background Thread 3 ] DEBUG Engine               - randomSeed: -1
22:26:53.378 [FXGL Background Thread 3 ] DEBUG Engine               - runtimeInfo: RuntimeInfo(platform=WINDOWS, version=17.2, build=20.08.2022 16.50)
22:26:53.378 [FXGL Background Thread 3 ] DEBUG Engine               - saveFileExt: sav
22:26:53.379 [FXGL Background Thread 3 ] DEBUG Engine               - scaledHeightProp$fxgl: DoubleProperty [bound, value: 600.0]
22:26:53.379 [FXGL Background Thread 3 ] DEBUG Engine               - scaledWidthProp$fxgl: DoubleProperty [bound, value: 800.0]
22:26:53.379 [FXGL Background Thread 3 ] DEBUG Engine               - sceneFactory: com.almasb.fxgl.app.scene.SceneFactory@4ae8a7a5
22:26:53.379 [FXGL Background Thread 3 ] DEBUG Engine               - secondsIn24h: 60
22:26:53.379 [FXGL Background Thread 3 ] DEBUG Engine               - soundMenuBack: menu/back.wav
22:26:53.379 [FXGL Background Thread 3 ] DEBUG Engine               - soundMenuPress: menu/press.wav
22:26:53.379 [FXGL Background Thread 3 ] DEBUG Engine               - soundMenuSelect: menu/select.wav
22:26:53.379 [FXGL Background Thread 3 ] DEBUG Engine               - soundNotification: core/notification.wav
22:26:53.379 [FXGL Background Thread 3 ] DEBUG Engine               - stageStyle: DECORATED
22:26:53.379 [FXGL Background Thread 3 ] DEBUG Engine               - supportedLanguages: [ENGLISH, FRENCH, GERMAN, HUNGARIAN, RUSSIAN]
22:26:53.379 [FXGL Background Thread 3 ] DEBUG Engine               - ticksPerSecond: -1
22:26:53.380 [FXGL Background Thread 3 ] DEBUG Engine               - title: Nuclear Throne Atomic
22:26:53.380 [FXGL Background Thread 3 ] DEBUG Engine               - urlGithub: https://github.com/AlmasB/FXGL
22:26:53.380 [FXGL Background Thread 3 ] DEBUG Engine               - urlLeaderboard: http://fxgl-top.herokuapp.com/
22:26:53.380 [FXGL Background Thread 3 ] DEBUG Engine               - urlPOM: https://raw.githubusercontent.com/AlmasB/FXGL/release/README.md
22:26:53.380 [FXGL Background Thread 3 ] DEBUG Engine               - userAppClass: class com.example.nuclearthroneatomic.Controller
22:26:53.380 [FXGL Background Thread 3 ] DEBUG Engine               - version: 0.0
22:26:53.381 [FXGL Background Thread 3 ] DEBUG Engine               - versionCheckDays: 7
22:26:53.381 [FXGL Background Thread 3 ] DEBUG Engine               - width: 800
22:26:53.381 [FXGL Background Thread 3 ] DEBUG Engine               - Logging services
22:26:53.381 [FXGL Background Thread 3 ] DEBUG Engine               - class com.almasb.fxgl.app.services.FXGLAssetLoaderService
22:26:53.381 [FXGL Background Thread 3 ] DEBUG Engine               - class com.almasb.fxgl.app.FXGLApplication$GameApplicationService
22:26:53.381 [FXGL Background Thread 3 ] DEBUG Engine               - class com.almasb.fxgl.app.services.FXGLDialogService
22:26:53.381 [FXGL Background Thread 3 ] DEBUG Engine               - class com.almasb.fxgl.app.services.IOTaskExecutorService
22:26:53.381 [FXGL Background Thread 3 ] DEBUG Engine               - class com.almasb.fxgl.io.FileSystemService
22:26:53.381 [FXGL Background Thread 3 ] DEBUG Engine               - class com.almasb.fxgl.localization.LocalizationService
22:26:53.381 [FXGL Background Thread 3 ] DEBUG Engine               - class com.almasb.fxgl.app.services.SystemBundleService
22:26:53.381 [FXGL Background Thread 3 ] DEBUG Engine               - class com.almasb.fxgl.profile.SaveLoadService
22:26:53.381 [FXGL Background Thread 3 ] DEBUG Engine               - class com.almasb.fxgl.ui.FXGLUIFactoryServiceProvider
22:26:53.382 [FXGL Background Thread 3 ] DEBUG Engine               - class com.almasb.fxgl.ui.FXGLDialogFactoryServiceProvider
22:26:53.382 [FXGL Background Thread 3 ] DEBUG Engine               - class com.almasb.fxgl.audio.AudioPlayer
22:26:53.382 [FXGL Background Thread 3 ] DEBUG Engine               - class com.almasb.fxgl.notification.impl.NotificationServiceProvider
22:26:53.382 [FXGL Background Thread 3 ] DEBUG Engine               - class com.almasb.fxgl.achievement.AchievementService
22:26:53.382 [FXGL Background Thread 3 ] DEBUG Engine               - class com.almasb.fxgl.cutscene.CutsceneService
22:26:53.382 [FXGL Background Thread 3 ] DEBUG Engine               - class com.almasb.fxgl.minigames.MiniGameService
22:26:53.382 [FXGL Background Thread 3 ] DEBUG Engine               - class com.almasb.fxgl.net.NetService
22:26:53.382 [FXGL Background Thread 3 ] DEBUG Engine               - class com.almasb.fxgl.app.services.UpdaterService
22:26:53.382 [FXGL Background Thread 3 ] DEBUG Engine               - class com.almasb.fxgl.dev.DevService
22:27:02.234 [JavaFX Application Thread] DEBUG Menu                 - fireNewGame()
22:27:02.235 [JavaFX Application Thread] DEBUG GameApplicationServi - Starting new game
22:27:02.237 [JavaFX Application Thread] DEBUG PrimaryStageWindow   - Pop state: FXGLDefaultMenu
22:27:02.237 [JavaFX Application Thread] DEBUG Input                - Clearing active input actions
22:27:02.238 [JavaFX Application Thread] DEBUG GameApplicationServi - Removing overlay from FXGLDefaultMenu and adding to FXGLMainMenuDummyScene
22:27:02.238 [JavaFX Application Thread] DEBUG PrimaryStageWindow   - FXGLMainMenuDummyScene <- FXGLDefaultMenu
22:27:02.239 [JavaFX Application Thread] DEBUG Input                - Clearing active input actions
22:27:02.252 [JavaFX Application Thread] DEBUG GameApplicationServi - Removing overlay from FXGLMainMenuDummyScene and adding to FXGLLoadingScene
22:27:02.252 [JavaFX Application Thread] DEBUG PrimaryStageWindow   - FXGLMainMenuDummyScene -> FXGLLoadingScene
22:27:02.253 [JavaFX Application Thread] DEBUG GameApplicationServi - Clearing previous game
22:27:02.253 [JavaFX Application Thread] DEBUG GameScene            - Clearing game scene
22:27:02.253 [JavaFX Application Thread] DEBUG GameWorld            - Clearing game world
22:27:02.253 [JavaFX Application Thread] DEBUG PhysicsWorld         - Clearing physics world
22:27:02.255 [FXGL Background Thread 2 ] DEBUG FXGLApplication      - Initializing game
22:27:02.265 [FXGL Background Thread 2 ] DEBUG FXGLAssetLoaderServi - Loading from file system: file:/C:/Users/Usuario/OneDrive%20-%20Universidad%20Icesi%20(@icesi.edu.co)/APO2/Tareas%20integradoras/NuclearThroneAtomic/src/nuclearthroneatomic/target/classes/assets/textures/Avatar/1-Idle/1.png
22:27:02.268 [FXGL Background Thread 2 ] DEBUG FXGLAssetLoaderServi - Loading from file system: file:/C:/Users/Usuario/OneDrive%20-%20Universidad%20Icesi%20(@icesi.edu.co)/APO2/Tareas%20integradoras/NuclearThroneAtomic/src/nuclearthroneatomic/target/classes/assets/textures/Avatar/1-Idle/2.png
22:27:02.271 [FXGL Background Thread 2 ] DEBUG FXGLAssetLoaderServi - Loading from file system: file:/C:/Users/Usuario/OneDrive%20-%20Universidad%20Icesi%20(@icesi.edu.co)/APO2/Tareas%20integradoras/NuclearThroneAtomic/src/nuclearthroneatomic/target/classes/assets/textures/Avatar/1-Idle/3.png
22:27:02.274 [FXGL Background Thread 2 ] DEBUG FXGLAssetLoaderServi - Loading from file system: file:/C:/Users/Usuario/OneDrive%20-%20Universidad%20Icesi%20(@icesi.edu.co)/APO2/Tareas%20integradoras/NuclearThroneAtomic/src/nuclearthroneatomic/target/classes/assets/textures/Avatar/1-Idle/4.png
22:27:02.311 [FXGL Background Thread 2 ] DEBUG FXGLAssetLoaderServi - Loading from file system: file:/C:/Users/Usuario/OneDrive%20-%20Universidad%20Icesi%20(@icesi.edu.co)/APO2/Tareas%20integradoras/NuclearThroneAtomic/src/nuclearthroneatomic/target/classes/assets/textures/Avatar/2-Run/1.png
22:27:02.316 [FXGL Background Thread 2 ] DEBUG FXGLAssetLoaderServi - Loading from file system: file:/C:/Users/Usuario/OneDrive%20-%20Universidad%20Icesi%20(@icesi.edu.co)/APO2/Tareas%20integradoras/NuclearThroneAtomic/src/nuclearthroneatomic/target/classes/assets/textures/Avatar/2-Run/2.png
22:27:02.319 [FXGL Background Thread 2 ] DEBUG FXGLAssetLoaderServi - Loading from file system: file:/C:/Users/Usuario/OneDrive%20-%20Universidad%20Icesi%20(@icesi.edu.co)/APO2/Tareas%20integradoras/NuclearThroneAtomic/src/nuclearthroneatomic/target/classes/assets/textures/Avatar/2-Run/3.png
22:27:02.322 [FXGL Background Thread 2 ] DEBUG FXGLAssetLoaderServi - Loading from file system: file:/C:/Users/Usuario/OneDrive%20-%20Universidad%20Icesi%20(@icesi.edu.co)/APO2/Tareas%20integradoras/NuclearThroneAtomic/src/nuclearthroneatomic/target/classes/assets/textures/Avatar/2-Run/4.png
22:27:02.326 [FXGL Background Thread 2 ] DEBUG FXGLAssetLoaderServi - Loading from file system: file:/C:/Users/Usuario/OneDrive%20-%20Universidad%20Icesi%20(@icesi.edu.co)/APO2/Tareas%20integradoras/NuclearThroneAtomic/src/nuclearthroneatomic/target/classes/assets/textures/Avatar/2-Run/5.png
22:27:02.328 [FXGL Background Thread 2 ] DEBUG FXGLAssetLoaderServi - Loading from file system: file:/C:/Users/Usuario/OneDrive%20-%20Universidad%20Icesi%20(@icesi.edu.co)/APO2/Tareas%20integradoras/NuclearThroneAtomic/src/nuclearthroneatomic/target/classes/assets/textures/Avatar/2-Run/6.png
22:27:02.335 [FXGL Background Thread 2 ] DEBUG FXGLAssetLoaderServi - Loading from file system: file:/C:/Users/Usuario/OneDrive%20-%20Universidad%20Icesi%20(@icesi.edu.co)/APO2/Tareas%20integradoras/NuclearThroneAtomic/src/nuclearthroneatomic/target/classes/assets/textures/Munition/1.png
22:27:02.407 [FXGL Background Thread 2 ] DEBUG FXGLAssetLoaderServi - Loading from file system: file:/C:/Users/Usuario/OneDrive%20-%20Universidad%20Icesi%20(@icesi.edu.co)/APO2/Tareas%20integradoras/NuclearThroneAtomic/src/nuclearthroneatomic/target/classes/assets/textures/hud/lifeplayer.png
22:27:02.415 [FXGL Background Thread 2 ] DEBUG FXGLAssetLoaderServi - Loading from file system: file:/C:/Users/Usuario/OneDrive%20-%20Universidad%20Icesi%20(@icesi.edu.co)/APO2/Tareas%20integradoras/NuclearThroneAtomic/src/nuclearthroneatomic/target/classes/assets/textures/hud/medkit.png
22:27:02.420 [FXGL Background Thread 2 ] DEBUG FXGLAssetLoaderServi - Loading from file system: file:/C:/Users/Usuario/OneDrive%20-%20Universidad%20Icesi%20(@icesi.edu.co)/APO2/Tareas%20integradoras/NuclearThroneAtomic/src/nuclearthroneatomic/target/classes/assets/textures/hud/trebol.png
22:27:02.429 [FXGL Background Thread 2 ] DEBUG FXGLAssetLoaderServi - Loading from file system: file:/C:/Users/Usuario/OneDrive%20-%20Universidad%20Icesi%20(@icesi.edu.co)/APO2/Tareas%20integradoras/NuclearThroneAtomic/src/nuclearthroneatomic/target/classes/assets/textures/Guns/1.png
22:27:02.437 [FXGL Background Thread 2 ] DEBUG FXGLAssetLoaderServi - Loading from file system: file:/C:/Users/Usuario/OneDrive%20-%20Universidad%20Icesi%20(@icesi.edu.co)/APO2/Tareas%20integradoras/NuclearThroneAtomic/src/nuclearthroneatomic/target/classes/assets/textures/enemy/1-Idle/1.png
22:27:02.441 [FXGL Background Thread 2 ] DEBUG FXGLAssetLoaderServi - Loading from file system: file:/C:/Users/Usuario/OneDrive%20-%20Universidad%20Icesi%20(@icesi.edu.co)/APO2/Tareas%20integradoras/NuclearThroneAtomic/src/nuclearthroneatomic/target/classes/assets/textures/enemy/1-Idle/2.png
22:27:02.444 [FXGL Background Thread 2 ] DEBUG FXGLAssetLoaderServi - Loading from file system: file:/C:/Users/Usuario/OneDrive%20-%20Universidad%20Icesi%20(@icesi.edu.co)/APO2/Tareas%20integradoras/NuclearThroneAtomic/src/nuclearthroneatomic/target/classes/assets/textures/enemy/1-Idle/3.png
22:27:02.447 [FXGL Background Thread 2 ] DEBUG FXGLAssetLoaderServi - Loading from file system: file:/C:/Users/Usuario/OneDrive%20-%20Universidad%20Icesi%20(@icesi.edu.co)/APO2/Tareas%20integradoras/NuclearThroneAtomic/src/nuclearthroneatomic/target/classes/assets/textures/enemy/1-Idle/4.png
22:27:02.457 [FXGL Background Thread 2 ] DEBUG FXGLAssetLoaderServi - Loading from file system: file:/C:/Users/Usuario/OneDrive%20-%20Universidad%20Icesi%20(@icesi.edu.co)/APO2/Tareas%20integradoras/NuclearThroneAtomic/src/nuclearthroneatomic/target/classes/assets/textures/enemy/2-Run/1.png
22:27:02.459 [FXGL Background Thread 2 ] DEBUG FXGLAssetLoaderServi - Loading from file system: file:/C:/Users/Usuario/OneDrive%20-%20Universidad%20Icesi%20(@icesi.edu.co)/APO2/Tareas%20integradoras/NuclearThroneAtomic/src/nuclearthroneatomic/target/classes/assets/textures/enemy/2-Run/2.png
22:27:02.462 [FXGL Background Thread 2 ] DEBUG FXGLAssetLoaderServi - Loading from file system: file:/C:/Users/Usuario/OneDrive%20-%20Universidad%20Icesi%20(@icesi.edu.co)/APO2/Tareas%20integradoras/NuclearThroneAtomic/src/nuclearthroneatomic/target/classes/assets/textures/enemy/2-Run/3.png
22:27:02.464 [FXGL Background Thread 2 ] DEBUG FXGLAssetLoaderServi - Loading from file system: file:/C:/Users/Usuario/OneDrive%20-%20Universidad%20Icesi%20(@icesi.edu.co)/APO2/Tareas%20integradoras/NuclearThroneAtomic/src/nuclearthroneatomic/target/classes/assets/textures/enemy/2-Run/4.png
22:27:02.465 [FXGL Background Thread 2 ] DEBUG FXGLAssetLoaderServi - Loading from file system: file:/C:/Users/Usuario/OneDrive%20-%20Universidad%20Icesi%20(@icesi.edu.co)/APO2/Tareas%20integradoras/NuclearThroneAtomic/src/nuclearthroneatomic/target/classes/assets/textures/enemy/2-Run/5.png
22:27:02.467 [FXGL Background Thread 2 ] DEBUG FXGLAssetLoaderServi - Loading from file system: file:/C:/Users/Usuario/OneDrive%20-%20Universidad%20Icesi%20(@icesi.edu.co)/APO2/Tareas%20integradoras/NuclearThroneAtomic/src/nuclearthroneatomic/target/classes/assets/textures/enemy/2-Run/6.png
22:27:02.490 [FXGL Background Thread 2 ] DEBUG FXGLAssetLoaderServi - Loading from file system: file:/C:/Users/Usuario/OneDrive%20-%20Universidad%20Icesi%20(@icesi.edu.co)/APO2/Tareas%20integradoras/NuclearThroneAtomic/src/nuclearthroneatomic/target/classes/assets/textures/portal/1.png
22:27:02.496 [FXGL Background Thread 2 ] DEBUG FXGLAssetLoaderServi - Loading from file system: file:/C:/Users/Usuario/OneDrive%20-%20Universidad%20Icesi%20(@icesi.edu.co)/APO2/Tareas%20integradoras/NuclearThroneAtomic/src/nuclearthroneatomic/target/classes/assets/textures/portal/2.png
22:27:02.502 [FXGL Background Thread 2 ] DEBUG FXGLAssetLoaderServi - Loading from file system: file:/C:/Users/Usuario/OneDrive%20-%20Universidad%20Icesi%20(@icesi.edu.co)/APO2/Tareas%20integradoras/NuclearThroneAtomic/src/nuclearthroneatomic/target/classes/assets/textures/portal/3.png
22:27:02.507 [FXGL Background Thread 2 ] DEBUG FXGLAssetLoaderServi - Loading from file system: file:/C:/Users/Usuario/OneDrive%20-%20Universidad%20Icesi%20(@icesi.edu.co)/APO2/Tareas%20integradoras/NuclearThroneAtomic/src/nuclearthroneatomic/target/classes/assets/textures/portal/4.png
22:27:02.523 [FXGL Background Thread 2 ] DEBUG FXGLAssetLoaderServi - Loading from file system: file:/C:/Users/Usuario/OneDrive%20-%20Universidad%20Icesi%20(@icesi.edu.co)/APO2/Tareas%20integradoras/NuclearThroneAtomic/src/nuclearthroneatomic/target/classes/assets/textures/Wall/1.png
22:27:02.664 [FXGL Background Thread 2 ] INFO  FXGLApplication      - Game initialization took: 0,409 sec
22:27:02.665 [JavaFX Application Thread] DEBUG Input                - Clearing active input actions
22:27:02.673 [JavaFX Application Thread] DEBUG GameApplicationServi - Removing overlay from FXGLLoadingScene and adding to GameScene
22:27:02.673 [JavaFX Application Thread] DEBUG PrimaryStageWindow   - FXGLLoadingScene -> GameScene
22:27:04.934 [JavaFX Application Thread] DEBUG FXGLApplication      - Exiting FXGL
22:27:04.934 [JavaFX Application Thread] DEBUG LoopRunner           - Stopping loop
22:27:04.934 [JavaFX Application Thread] DEBUG SystemBundleService  - Saving FXGL system data
22:27:04.938 [JavaFX Application Thread] DEBUG FileSystemAccess     - Writing to: C:\Users\Usuario\OneDrive - Universidad Icesi (@icesi.edu.co)\APO2\Tareas integradoras\NuclearThroneAtomic\src\nuclearthroneatomic\system\fxgl.bundle
22:27:04.942 [JavaFX Application Thread] DEBUG Async                - Shutting down background threads
22:27:04.943 [JavaFX Application Thread] DEBUG PrimaryStageWindow   - Closing main window
22:27:04.958 [JavaFX Application Thread] DEBUG Logger               - Closing Logger
