12:07:13.552 [main                     ] DEBUG Logger               - Configured Logger
12:07:13.588 [main                     ] DEBUG GameApplication      - Logging settings
Title: Nuclear Throne Atomic
Version: 0.0
Width: 800
Height: 600
Fullscreen: true
Intro: false
Profiling: false
Single step:false
App Mode: DEVELOPER
Menu Key: ESCAPE
Stage Style: DECORATED
Scene Factory: class com.almasb.fxgl.app.scene.SceneFactory

12:07:14.043 [JavaFX Application Thread] DEBUG FXGLApplication      - Initializing FXGL
12:07:14.051 [JavaFX Application Thread] INFO  Engine               - FXGL-17.2 (20.08.2022 16.50) on WINDOWS (J:19.0.2 FX:19.0.2.1)
12:07:14.051 [JavaFX Application Thread] DEBUG Engine               - JRE Vendor Name: Oracle Corporation
12:07:14.052 [JavaFX Application Thread] DEBUG Engine               - Running on OS: Windows 10 version 10.0
12:07:14.052 [JavaFX Application Thread] DEBUG Engine               - Architecture: amd64
12:07:14.052 [JavaFX Application Thread] INFO  Engine               - Source code and latest versions at: https://github.com/AlmasB/FXGL
12:07:14.053 [JavaFX Application Thread] INFO  Engine               -       Ask questions and discuss at: https://github.com/AlmasB/FXGL/discussions
12:07:14.053 [JavaFX Application Thread] INFO  Engine               -              Join the FXGL chat at: https://gitter.im/AlmasB/FXGL
12:07:14.641 [JavaFX Application Thread] DEBUG PrimaryStageWindow   - Creating a JavaFX scene
12:07:14.714 [JavaFX Application Thread] DEBUG PrimaryStageWindow   - Target settings size: 800.0 x 600.0
12:07:14.715 [JavaFX Application Thread] DEBUG PrimaryStageWindow   - Scaled scene size:    800.0 x 600.0
12:07:14.715 [JavaFX Application Thread] DEBUG PrimaryStageWindow   - Scaled ratio: (1.0, 1.0)
12:07:14.717 [JavaFX Application Thread] DEBUG PrimaryStageWindow   - Set initial scene to FXGLStartupScene
12:07:14.727 [JavaFX Application Thread] DEBUG PrimaryStageWindow   - Opening main window
12:07:14.834 [JavaFX Application Thread] DEBUG PrimaryStageWindow   - Window border size: (16.0, 39.0)
12:07:14.834 [JavaFX Application Thread] DEBUG PrimaryStageWindow   - Scaled size: 800.0 x 600.0
12:07:14.834 [JavaFX Application Thread] DEBUG PrimaryStageWindow   - Scaled ratio: (1.0, 1.0)
12:07:14.834 [JavaFX Application Thread] DEBUG PrimaryStageWindow   - Scene size: 800.0 x 600.0
12:07:14.835 [JavaFX Application Thread] DEBUG PrimaryStageWindow   - Stage size: 816.0 x 639.0
12:07:14.931 [JavaFX Application Thread] DEBUG PrimaryStageWindow   - Going fullscreen
12:07:14.950 [FXGL Background Thread 1 ] DEBUG Engine               - Initializing environment variables
12:07:15.032 [FXGL Background Thread 1 ] DEBUG FXGLAssetLoaderServi - User app class for loading assets: class com.example.nuclearthroneatomic.Controller
12:07:15.033 [FXGL Background Thread 1 ] DEBUG GameApplicationServi - Applying CSS: fxgl_dark.css
12:07:15.034 [FXGL Background Thread 1 ] DEBUG FXGLAssetLoaderServi - Loading from file system: jar:file:///C:/Users/Juan/.m2/repository/com/github/almasb/fxgl/17.2/fxgl-17.2.jar!/fxglassets/ui/css/fxgl_dark.css
12:07:15.104 [FXGL Background Thread 1 ] DEBUG GameApplicationServi - Initializing application scenes
12:07:15.447 [FXGL Background Thread 1 ] DEBUG GameWorld            - Game world initialized
12:07:15.585 [FXGL Background Thread 1 ] DEBUG PhysicsWorld         - Physics world initialized: appHeight=600, physics.ppm=50,0
12:07:15.586 [FXGL Background Thread 1 ] DEBUG PhysicsWorld         - Using strategy: BRUTE_FORCE
12:07:15.592 [FXGL Background Thread 1 ] DEBUG GameScene            - Game scene initialized: 800x600
12:07:15.609 [FXGL Background Thread 1 ] DEBUG FXGL.DefaultMenu     - createMenuBodyMainMenu()
12:07:15.630 [FXGL Background Thread 1 ] DEBUG FXGL.DefaultMenu     - createOptionsMenu()
12:07:15.640 [FXGL Background Thread 1 ] DEBUG FXGL.DefaultMenu     - createExtraMenu()
12:07:15.648 [FXGL Background Thread 1 ] DEBUG FXGLAssetLoaderServi - Loading from file system: jar:file:///C:/Users/Juan/.m2/repository/com/github/almasb/fxgl/17.2/fxgl-17.2.jar!/fxglassets/textures/particles/smoke.png
12:07:15.791 [FXGL Background Thread 1 ] DEBUG FXGLAssetLoaderServi - Loading from file system: jar:file:///C:/Users/Juan/.m2/repository/com/github/almasb/fxgl/17.2/fxgl-17.2.jar!/fxglassets/textures/particles/trace_horizontal.png
12:07:15.834 [FXGL Background Thread 1 ] DEBUG FXGL.DefaultMenu     - createMenuBodyGameMenu()
12:07:15.835 [FXGL Background Thread 1 ] DEBUG FXGL.DefaultMenu     - createOptionsMenu()
12:07:15.838 [FXGL Background Thread 1 ] DEBUG FXGL.DefaultMenu     - createExtraMenu()
12:07:15.858 [FXGL Background Thread 1 ] DEBUG GameApplicationServi - Application scenes initialized
12:07:15.876 [FXGL Background Thread 1 ] DEBUG SystemBundleService  - Loading FXGL system data
12:07:15.898 [FXGL Background Thread 1 ] DEBUG FileSystemAccess     - Reading from: C:\Users\Juan\Desktop\APOOOO\NuclearThroneAtomic\src\nuclearthroneatomic\system\fxgl.bundle
12:07:15.958 [FXGL Background Thread 1 ] DEBUG SystemBundleService  - Bundle FXGL: {}
12:07:15.959 [FXGL Background Thread 1 ] DEBUG UpdaterService       - Checking for updates
12:07:15.967 [FXGL Background Thread 1 ] DEBUG FXGLApplication      - Loading default localization
12:07:15.967 [FXGL Background Thread 1 ] DEBUG FXGLAssetLoaderServi - Loading from file system: jar:file:///C:/Users/Juan/.m2/repository/com/github/almasb/fxgl/17.2/fxgl-17.2.jar!/fxglassets/languages/english.lang
12:07:15.976 [FXGL Background Thread 4 ] DEBUG FXGLApplication      - Loading fonts
12:07:15.976 [FXGL Background Thread 4 ] DEBUG FXGLAssetLoaderServi - Loading from file system: jar:file:///C:/Users/Juan/.m2/repository/com/github/almasb/fxgl/17.2/fxgl-17.2.jar!/fxglassets/ui/fonts/VarelaRound-Regular.ttf
12:07:16.018 [FXGL Background Thread 1 ] INFO  FXGLApplication      - FXGL initialization took: 1,068 sec
12:07:16.030 [JavaFX Application Thread] DEBUG Input                - Registered new binding: lucky - Q
12:07:16.030 [JavaFX Application Thread] DEBUG Input                - Registered new binding: health - F
12:07:16.031 [JavaFX Application Thread] DEBUG Input                - Registered new binding: Right - D
12:07:16.031 [JavaFX Application Thread] DEBUG Input                - Registered new binding: Left - A
12:07:16.031 [JavaFX Application Thread] DEBUG Input                - Registered new binding: Up - W
12:07:16.031 [JavaFX Application Thread] DEBUG Input                - Registered new binding: Down - S
12:07:16.033 [JavaFX Application Thread] DEBUG Input                - Registered new binding: Reload - RMB
12:07:16.033 [JavaFX Application Thread] DEBUG Input                - Registered new binding: Shoot - LMB
12:07:16.034 [JavaFX Application Thread] DEBUG FXGLAssetLoaderServi - Loading from file system: file:/C:/Users/Juan/Desktop/APOOOO/NuclearThroneAtomic/src/nuclearthroneatomic/target/classes/assets/music/muiscformenus.mp3
12:07:16.279 [FXGL Background Thread 4 ] DEBUG FXGLAssetLoaderServi - Loading from file system: jar:file:///C:/Users/Juan/.m2/repository/com/github/almasb/fxgl/17.2/fxgl-17.2.jar!/fxglassets/ui/fonts/Abel-Regular.ttf
12:07:16.310 [FXGL Background Thread 4 ] DEBUG FXGLAssetLoaderServi - Loading from file system: jar:file:///C:/Users/Juan/.m2/repository/com/github/almasb/fxgl/17.2/fxgl-17.2.jar!/fxglassets/ui/fonts/TerminalLandMono-Regular.otf
12:07:16.315 [FXGL Background Thread 4 ] DEBUG FXGLAssetLoaderServi - Loading from file system: jar:file:///C:/Users/Juan/.m2/repository/com/github/almasb/fxgl/17.2/fxgl-17.2.jar!/fxglassets/ui/fonts/Courier-Prime.ttf
12:07:16.433 [JavaFX Application Thread] DEBUG AudioPlayer          - Playing music com.almasb.fxgl.audio.Music@7850e23
12:07:16.433 [JavaFX Application Thread] DEBUG FXGLAssetLoaderServi - Loading from file system: jar:file:///C:/Users/Juan/.m2/repository/com/github/almasb/fxgl/17.2/fxgl-17.2.jar!/fxglassets/textures/fxgl_icon.png
12:07:16.462 [JavaFX Application Thread] DEBUG FXGLAssetLoaderServi - Loading from file system: jar:file:///C:/Users/Juan/.m2/repository/com/github/almasb/fxgl/17.2/fxgl-17.2.jar!/fxglassets/textures/fxgl_default_cursor.png
12:07:16.466 [JavaFX Application Thread] DEBUG Input                - Registered new binding: Screenshot - CTRL+8
12:07:16.466 [JavaFX Application Thread] DEBUG Input                - Registered new binding: System info dump - CTRL+9
12:07:16.466 [JavaFX Application Thread] DEBUG Input                - Registered new binding: Restart - CTRL+R
12:07:16.468 [JavaFX Application Thread] DEBUG Input                - Registered new binding: Toggle Debug Camera - CTRL+7
12:07:16.470 [JavaFX Application Thread] DEBUG LoopRunner           - Starting loop
12:07:16.470 [JavaFX Application Thread] DEBUG LoopRunner           - Initializing JavaFX AnimationTimerLoop
12:07:16.474 [JavaFX Application Thread] DEBUG Input                - Clearing active input actions
12:07:16.487 [JavaFX Application Thread] DEBUG GameApplicationServi - Removing overlay from FXGLStartupScene and adding to FXGLMainMenuDummyScene
12:07:16.488 [JavaFX Application Thread] DEBUG PrimaryStageWindow   - FXGLStartupScene -> FXGLMainMenuDummyScene
12:07:16.488 [JavaFX Application Thread] DEBUG PrimaryStageWindow   - Push state: FXGLDefaultMenu
12:07:16.493 [JavaFX Application Thread] DEBUG Input                - Clearing active input actions
12:07:16.502 [JavaFX Application Thread] DEBUG GameApplicationServi - Removing overlay from FXGLMainMenuDummyScene and adding to FXGLDefaultMenu
12:07:16.502 [JavaFX Application Thread] DEBUG PrimaryStageWindow   - FXGLMainMenuDummyScene -> FXGLDefaultMenu
12:07:16.503 [JavaFX Application Thread] DEBUG FXGLApplication      - Registering font factories with UI factory
12:07:17.498 [JavaFX Application Thread] DEBUG Menu                 - fireNewGame()
12:07:17.499 [JavaFX Application Thread] DEBUG GameApplicationServi - Starting new game
12:07:17.501 [JavaFX Application Thread] DEBUG PrimaryStageWindow   - Pop state: FXGLDefaultMenu
12:07:17.501 [JavaFX Application Thread] DEBUG Input                - Clearing active input actions
12:07:17.502 [JavaFX Application Thread] DEBUG GameApplicationServi - Removing overlay from FXGLDefaultMenu and adding to FXGLMainMenuDummyScene
12:07:17.503 [JavaFX Application Thread] DEBUG PrimaryStageWindow   - FXGLMainMenuDummyScene <- FXGLDefaultMenu
12:07:17.503 [JavaFX Application Thread] DEBUG Input                - Clearing active input actions
12:07:17.516 [JavaFX Application Thread] DEBUG GameApplicationServi - Removing overlay from FXGLMainMenuDummyScene and adding to FXGLLoadingScene
12:07:17.517 [JavaFX Application Thread] DEBUG PrimaryStageWindow   - FXGLMainMenuDummyScene -> FXGLLoadingScene
12:07:17.517 [JavaFX Application Thread] DEBUG GameApplicationServi - Clearing previous game
12:07:17.517 [JavaFX Application Thread] DEBUG GameScene            - Clearing game scene
12:07:17.517 [JavaFX Application Thread] DEBUG GameWorld            - Clearing game world
12:07:17.517 [JavaFX Application Thread] DEBUG PhysicsWorld         - Clearing physics world
12:07:17.518 [FXGL Background Thread 2 ] INFO  UpdaterService       - Your current version:  17.2
12:07:17.519 [FXGL Background Thread 2 ] INFO  UpdaterService       - Latest stable version: 17.3
12:07:17.520 [FXGL Background Thread 4 ] DEBUG FXGLApplication      - Initializing game
12:07:17.532 [FXGL Background Thread 4 ] DEBUG FXGLAssetLoaderServi - Loading from file system: file:/C:/Users/Juan/Desktop/APOOOO/NuclearThroneAtomic/src/nuclearthroneatomic/target/classes/assets/textures/Background/libraryYesOMG.png
12:07:17.551 [FXGL Background Thread 4 ] DEBUG FXGLAssetLoaderServi - Loading from file system: file:/C:/Users/Juan/Desktop/APOOOO/NuclearThroneAtomic/src/nuclearthroneatomic/target/classes/assets/textures/Avatar/1-Idle/1.png
12:07:17.557 [FXGL Background Thread 4 ] DEBUG FXGLAssetLoaderServi - Loading from file system: file:/C:/Users/Juan/Desktop/APOOOO/NuclearThroneAtomic/src/nuclearthroneatomic/target/classes/assets/textures/Avatar/1-Idle/2.png
12:07:17.560 [FXGL Background Thread 4 ] DEBUG FXGLAssetLoaderServi - Loading from file system: file:/C:/Users/Juan/Desktop/APOOOO/NuclearThroneAtomic/src/nuclearthroneatomic/target/classes/assets/textures/Avatar/1-Idle/3.png
12:07:17.566 [FXGL Background Thread 4 ] DEBUG FXGLAssetLoaderServi - Loading from file system: file:/C:/Users/Juan/Desktop/APOOOO/NuclearThroneAtomic/src/nuclearthroneatomic/target/classes/assets/textures/Avatar/1-Idle/4.png
12:07:17.598 [FXGL Background Thread 4 ] DEBUG FXGLAssetLoaderServi - Loading from file system: file:/C:/Users/Juan/Desktop/APOOOO/NuclearThroneAtomic/src/nuclearthroneatomic/target/classes/assets/textures/Avatar/2-Run/1.png
12:07:17.601 [FXGL Background Thread 4 ] DEBUG FXGLAssetLoaderServi - Loading from file system: file:/C:/Users/Juan/Desktop/APOOOO/NuclearThroneAtomic/src/nuclearthroneatomic/target/classes/assets/textures/Avatar/2-Run/2.png
12:07:17.603 [FXGL Background Thread 4 ] DEBUG FXGLAssetLoaderServi - Loading from file system: file:/C:/Users/Juan/Desktop/APOOOO/NuclearThroneAtomic/src/nuclearthroneatomic/target/classes/assets/textures/Avatar/2-Run/3.png
12:07:17.605 [FXGL Background Thread 4 ] DEBUG FXGLAssetLoaderServi - Loading from file system: file:/C:/Users/Juan/Desktop/APOOOO/NuclearThroneAtomic/src/nuclearthroneatomic/target/classes/assets/textures/Avatar/2-Run/4.png
12:07:17.608 [FXGL Background Thread 4 ] DEBUG FXGLAssetLoaderServi - Loading from file system: file:/C:/Users/Juan/Desktop/APOOOO/NuclearThroneAtomic/src/nuclearthroneatomic/target/classes/assets/textures/Avatar/2-Run/5.png
12:07:17.613 [FXGL Background Thread 4 ] DEBUG FXGLAssetLoaderServi - Loading from file system: file:/C:/Users/Juan/Desktop/APOOOO/NuclearThroneAtomic/src/nuclearthroneatomic/target/classes/assets/textures/Avatar/2-Run/6.png
12:07:17.620 [FXGL Background Thread 4 ] DEBUG FXGLAssetLoaderServi - Loading from file system: file:/C:/Users/Juan/Desktop/APOOOO/NuclearThroneAtomic/src/nuclearthroneatomic/target/classes/assets/textures/Munition/1.png
12:07:17.675 [FXGL Background Thread 4 ] DEBUG FXGLAssetLoaderServi - Loading from file system: file:/C:/Users/Juan/Desktop/APOOOO/NuclearThroneAtomic/src/nuclearthroneatomic/target/classes/assets/textures/hud/lifeplayer.png
12:07:17.685 [FXGL Background Thread 4 ] DEBUG FXGLAssetLoaderServi - Loading from file system: file:/C:/Users/Juan/Desktop/APOOOO/NuclearThroneAtomic/src/nuclearthroneatomic/target/classes/assets/textures/hud/medkit.png
12:07:17.689 [FXGL Background Thread 4 ] DEBUG FXGLAssetLoaderServi - Loading from file system: file:/C:/Users/Juan/Desktop/APOOOO/NuclearThroneAtomic/src/nuclearthroneatomic/target/classes/assets/textures/hud/trebol.png
12:07:17.698 [FXGL Background Thread 4 ] DEBUG FXGLAssetLoaderServi - Loading from file system: file:/C:/Users/Juan/Desktop/APOOOO/NuclearThroneAtomic/src/nuclearthroneatomic/target/classes/assets/textures/Guns/2.png
12:07:17.704 [FXGL Background Thread 4 ] DEBUG FXGLAssetLoaderServi - Loading from file system: file:/C:/Users/Juan/Desktop/APOOOO/NuclearThroneAtomic/src/nuclearthroneatomic/target/classes/assets/textures/enemy/1-Idle/1.png
12:07:17.706 [FXGL Background Thread 4 ] DEBUG FXGLAssetLoaderServi - Loading from file system: file:/C:/Users/Juan/Desktop/APOOOO/NuclearThroneAtomic/src/nuclearthroneatomic/target/classes/assets/textures/enemy/1-Idle/2.png
12:07:17.713 [FXGL Background Thread 4 ] DEBUG FXGLAssetLoaderServi - Loading from file system: file:/C:/Users/Juan/Desktop/APOOOO/NuclearThroneAtomic/src/nuclearthroneatomic/target/classes/assets/textures/enemy/1-Idle/3.png
12:07:17.716 [FXGL Background Thread 4 ] DEBUG FXGLAssetLoaderServi - Loading from file system: file:/C:/Users/Juan/Desktop/APOOOO/NuclearThroneAtomic/src/nuclearthroneatomic/target/classes/assets/textures/enemy/1-Idle/4.png
12:07:17.729 [FXGL Background Thread 4 ] DEBUG FXGLAssetLoaderServi - Loading from file system: file:/C:/Users/Juan/Desktop/APOOOO/NuclearThroneAtomic/src/nuclearthroneatomic/target/classes/assets/textures/enemy/2-Run/1.png
12:07:17.732 [FXGL Background Thread 4 ] DEBUG FXGLAssetLoaderServi - Loading from file system: file:/C:/Users/Juan/Desktop/APOOOO/NuclearThroneAtomic/src/nuclearthroneatomic/target/classes/assets/textures/enemy/2-Run/2.png
12:07:17.734 [FXGL Background Thread 4 ] DEBUG FXGLAssetLoaderServi - Loading from file system: file:/C:/Users/Juan/Desktop/APOOOO/NuclearThroneAtomic/src/nuclearthroneatomic/target/classes/assets/textures/enemy/2-Run/3.png
12:07:17.736 [FXGL Background Thread 4 ] DEBUG FXGLAssetLoaderServi - Loading from file system: file:/C:/Users/Juan/Desktop/APOOOO/NuclearThroneAtomic/src/nuclearthroneatomic/target/classes/assets/textures/enemy/2-Run/4.png
12:07:17.738 [FXGL Background Thread 4 ] DEBUG FXGLAssetLoaderServi - Loading from file system: file:/C:/Users/Juan/Desktop/APOOOO/NuclearThroneAtomic/src/nuclearthroneatomic/target/classes/assets/textures/enemy/2-Run/5.png
12:07:17.742 [FXGL Background Thread 4 ] DEBUG FXGLAssetLoaderServi - Loading from file system: file:/C:/Users/Juan/Desktop/APOOOO/NuclearThroneAtomic/src/nuclearthroneatomic/target/classes/assets/textures/enemy/2-Run/6.png
12:07:17.748 [FXGL Background Thread 4 ] DEBUG FXGLAssetLoaderServi - Loading from file system: file:/C:/Users/Juan/Desktop/APOOOO/NuclearThroneAtomic/src/nuclearthroneatomic/target/classes/assets/textures/Guns/1.png
12:07:17.771 [FXGL Background Thread 4 ] DEBUG FXGLAssetLoaderServi - Loading from file system: file:/C:/Users/Juan/Desktop/APOOOO/NuclearThroneAtomic/src/nuclearthroneatomic/target/classes/assets/textures/mouse/mousecomplete.png
12:07:17.775 [FXGL Background Thread 4 ] DEBUG FXGLAssetLoaderServi - Loading from file system: file:/C:/Users/Juan/Desktop/APOOOO/NuclearThroneAtomic/src/nuclearthroneatomic/target/classes/assets/textures/Wall/1.png
12:07:18.006 [FXGL Background Thread 4 ] INFO  FXGLApplication      - Game initialization took: 0,486 sec
12:07:18.010 [JavaFX Application Thread] DEBUG Input                - Clearing active input actions
12:07:18.025 [JavaFX Application Thread] DEBUG GameApplicationServi - Removing overlay from FXGLLoadingScene and adding to GameScene
12:07:18.027 [JavaFX Application Thread] DEBUG PrimaryStageWindow   - FXGLLoadingScene -> GameScene
12:07:18.983 [FXGL Background Thread 3 ] DEBUG Engine               - Logging environment variables
12:07:18.983 [FXGL Background Thread 3 ] DEBUG Engine               - achievements: []
12:07:18.983 [FXGL Background Thread 3 ] DEBUG Engine               - actualHeight: 768.0
12:07:18.983 [FXGL Background Thread 3 ] DEBUG Engine               - actualHeightProperty: ReadOnlyDoubleProperty [value: 768.0]
12:07:18.983 [FXGL Background Thread 3 ] DEBUG Engine               - actualWidth: 1366.0
12:07:18.983 [FXGL Background Thread 3 ] DEBUG Engine               - actualWidthProperty: ReadOnlyDoubleProperty [value: 1366.0]
12:07:18.983 [FXGL Background Thread 3 ] DEBUG Engine               - appIcon: fxgl_icon.png
12:07:18.983 [FXGL Background Thread 3 ] DEBUG Engine               - applicationMode: DEVELOPER
12:07:18.984 [FXGL Background Thread 3 ] DEBUG Engine               - cSSList: [fxgl_dark.css]
12:07:18.984 [FXGL Background Thread 3 ] DEBUG Engine               - collisionDetectionStrategy: BRUTE_FORCE
12:07:18.984 [FXGL Background Thread 3 ] DEBUG Engine               - configClass: Optional.empty
12:07:18.984 [FXGL Background Thread 3 ] DEBUG Engine               - credits: [Designer . . . . . . . Johan Daniel Aguirre, Program Team . . . . . . Juan Sebastián Libreros,                           Juan Jose Barrera,                           Johan Daniel Aguirre, El mas lindo . . . . . . Juan Sebastián Libreros, Master Thief . . . . . . Johan Daniel Aguirre]
12:07:18.985 [FXGL Background Thread 3 ] DEBUG Engine               - defaultCursor: CursorInfo(imageName=fxgl_default_cursor.png, hotspotX=7.0, hotspotY=6.0)
12:07:18.986 [FXGL Background Thread 3 ] DEBUG Engine               - devBBoxColorProperty: ObjectProperty [value: 0xff0000ff]
12:07:18.986 [FXGL Background Thread 3 ] DEBUG Engine               - devEnableDebugCameraProperty: BooleanProperty [value: false]
12:07:18.986 [FXGL Background Thread 3 ] DEBUG Engine               - devSensorColorProperty: ObjectProperty [value: 0xffff00ff]
12:07:18.986 [FXGL Background Thread 3 ] DEBUG Engine               - devShowBBoxProperty: BooleanProperty [value: false]
12:07:18.986 [FXGL Background Thread 3 ] DEBUG Engine               - devShowPositionProperty: BooleanProperty [value: false]
12:07:18.986 [FXGL Background Thread 3 ] DEBUG Engine               - enabledMenuItems: [EXTRA]
12:07:18.986 [FXGL Background Thread 3 ] DEBUG Engine               - engineServices: [class com.almasb.fxgl.app.services.FXGLAssetLoaderService, class com.almasb.fxgl.app.FXGLApplication$GameApplicationService, class com.almasb.fxgl.app.services.FXGLDialogService, class com.almasb.fxgl.app.services.IOTaskExecutorService, class com.almasb.fxgl.io.FileSystemService, class com.almasb.fxgl.localization.LocalizationService, class com.almasb.fxgl.app.services.SystemBundleService, class com.almasb.fxgl.profile.SaveLoadService, class com.almasb.fxgl.ui.FXGLUIFactoryServiceProvider, class com.almasb.fxgl.ui.FXGLDialogFactoryServiceProvider, class com.almasb.fxgl.audio.AudioPlayer, class com.almasb.fxgl.notification.impl.NotificationServiceProvider, class com.almasb.fxgl.achievement.AchievementService, class com.almasb.fxgl.cutscene.CutsceneService, class com.almasb.fxgl.minigames.MiniGameService, class com.almasb.fxgl.net.NetService, class com.almasb.fxgl.app.services.UpdaterService, class com.almasb.fxgl.dev.DevService]
12:07:18.986 [FXGL Background Thread 3 ] DEBUG Engine               - fontGame: Abel-Regular.ttf
12:07:18.986 [FXGL Background Thread 3 ] DEBUG Engine               - fontMono: TerminalLandMono-Regular.otf
12:07:18.986 [FXGL Background Thread 3 ] DEBUG Engine               - fontText: Courier-Prime.ttf
12:07:18.986 [FXGL Background Thread 3 ] DEBUG Engine               - fontUI: VarelaRound-Regular.ttf
12:07:18.986 [FXGL Background Thread 3 ] DEBUG Engine               - fullScreen: BooleanProperty [value: true]
12:07:18.986 [FXGL Background Thread 3 ] DEBUG Engine               - gameDifficulty: MEDIUM
12:07:18.986 [FXGL Background Thread 3 ] DEBUG Engine               - gameDifficultyProperty: ObjectProperty [value: MEDIUM]
12:07:18.986 [FXGL Background Thread 3 ] DEBUG Engine               - globalMusicVolume: 0.5
12:07:18.987 [FXGL Background Thread 3 ] DEBUG Engine               - globalMusicVolumeProperty: DoubleProperty [value: 1.0]
12:07:18.987 [FXGL Background Thread 3 ] DEBUG Engine               - globalSoundVolume: 0.5
12:07:18.987 [FXGL Background Thread 3 ] DEBUG Engine               - globalSoundVolumeProperty: DoubleProperty [value: 0.1]
12:07:18.987 [FXGL Background Thread 3 ] DEBUG Engine               - height: 600
12:07:18.987 [FXGL Background Thread 3 ] DEBUG Engine               - is3D: false
12:07:18.987 [FXGL Background Thread 3 ] DEBUG Engine               - isAndroid: false
12:07:18.987 [FXGL Background Thread 3 ] DEBUG Engine               - isBrowser: false
12:07:18.988 [FXGL Background Thread 3 ] DEBUG Engine               - isClickFeedbackEnabled: false
12:07:18.988 [FXGL Background Thread 3 ] DEBUG Engine               - isCloseConfirmation: false
12:07:18.988 [FXGL Background Thread 3 ] DEBUG Engine               - isDesktop: true
12:07:18.988 [FXGL Background Thread 3 ] DEBUG Engine               - isDeveloperMenuEnabled: false
12:07:18.988 [FXGL Background Thread 3 ] DEBUG Engine               - isEmbedded: false
12:07:18.988 [FXGL Background Thread 3 ] DEBUG Engine               - isEntityPreloadEnabled: true
12:07:18.988 [FXGL Background Thread 3 ] DEBUG Engine               - isExperimentalTiledLargeMap: false
12:07:18.989 [FXGL Background Thread 3 ] DEBUG Engine               - isFileSystemWriteAllowed: true
12:07:18.989 [FXGL Background Thread 3 ] DEBUG Engine               - isFullScreenAllowed: true
12:07:18.989 [FXGL Background Thread 3 ] DEBUG Engine               - isFullScreenFromStart: true
12:07:18.989 [FXGL Background Thread 3 ] DEBUG Engine               - isGameMenuEnabled: true
12:07:18.989 [FXGL Background Thread 3 ] DEBUG Engine               - isIOS: false
12:07:18.989 [FXGL Background Thread 3 ] DEBUG Engine               - isIntroEnabled: false
12:07:18.989 [FXGL Background Thread 3 ] DEBUG Engine               - isLinux: false
12:07:18.989 [FXGL Background Thread 3 ] DEBUG Engine               - isMac: false
12:07:18.989 [FXGL Background Thread 3 ] DEBUG Engine               - isMainMenuEnabled: true
12:07:18.989 [FXGL Background Thread 3 ] DEBUG Engine               - isManualResizeEnabled: false
12:07:18.989 [FXGL Background Thread 3 ] DEBUG Engine               - isMobile: false
12:07:18.990 [FXGL Background Thread 3 ] DEBUG Engine               - isNative: false
12:07:18.990 [FXGL Background Thread 3 ] DEBUG Engine               - isPauseMusicWhenMinimized: true
12:07:18.990 [FXGL Background Thread 3 ] DEBUG Engine               - isPreserveResizeRatio: false
12:07:18.990 [FXGL Background Thread 3 ] DEBUG Engine               - isProfilingEnabled: false
12:07:18.990 [FXGL Background Thread 3 ] DEBUG Engine               - isScaleAffectedOnResize: true
12:07:18.990 [FXGL Background Thread 3 ] DEBUG Engine               - isSingleStep: false
12:07:18.990 [FXGL Background Thread 3 ] DEBUG Engine               - isUserProfileEnabled: false
12:07:18.990 [FXGL Background Thread 3 ] DEBUG Engine               - isWindows: true
12:07:18.990 [FXGL Background Thread 3 ] DEBUG Engine               - language: ObjectProperty [value: ENGLISH]
12:07:18.991 [FXGL Background Thread 3 ] DEBUG Engine               - menuKey: ESCAPE
12:07:18.991 [FXGL Background Thread 3 ] DEBUG Engine               - mouseSensitivity: 0.2
12:07:18.991 [FXGL Background Thread 3 ] DEBUG Engine               - notificationViewClass: class com.almasb.fxgl.notification.view.XboxNotificationView
12:07:18.993 [FXGL Background Thread 3 ] DEBUG Engine               - pixelsPerMeter: 50.0
12:07:18.993 [FXGL Background Thread 3 ] DEBUG Engine               - platform: WINDOWS
12:07:18.993 [FXGL Background Thread 3 ] DEBUG Engine               - prefHeightProperty: ReadOnlyDoubleProperty [value: 600.0]
12:07:18.993 [FXGL Background Thread 3 ] DEBUG Engine               - prefWidthProperty: ReadOnlyDoubleProperty [value: 800.0]
12:07:18.993 [FXGL Background Thread 3 ] DEBUG Engine               - profileDir: profiles/
12:07:18.993 [FXGL Background Thread 3 ] DEBUG Engine               - profileName: StringProperty [value: DEFAULT]
12:07:18.993 [FXGL Background Thread 3 ] DEBUG Engine               - randomSeed: -1
12:07:18.994 [FXGL Background Thread 3 ] DEBUG Engine               - runtimeInfo: RuntimeInfo(platform=WINDOWS, version=17.2, build=20.08.2022 16.50)
12:07:18.994 [FXGL Background Thread 3 ] DEBUG Engine               - saveFileExt: sav
12:07:18.994 [FXGL Background Thread 3 ] DEBUG Engine               - scaledHeightProp$fxgl: DoubleProperty [bound, value: 768.0]
12:07:18.994 [FXGL Background Thread 3 ] DEBUG Engine               - scaledWidthProp$fxgl: DoubleProperty [bound, value: 1366.0]
12:07:18.994 [FXGL Background Thread 3 ] DEBUG Engine               - sceneFactory: com.almasb.fxgl.app.scene.SceneFactory@385fdc32
12:07:18.995 [FXGL Background Thread 3 ] DEBUG Engine               - secondsIn24h: 60
12:07:18.995 [FXGL Background Thread 3 ] DEBUG Engine               - soundMenuBack: menu/back.wav
12:07:18.995 [FXGL Background Thread 3 ] DEBUG Engine               - soundMenuPress: menu/press.wav
12:07:18.995 [FXGL Background Thread 3 ] DEBUG Engine               - soundMenuSelect: menu/select.wav
12:07:18.995 [FXGL Background Thread 3 ] DEBUG Engine               - soundNotification: core/notification.wav
12:07:18.995 [FXGL Background Thread 3 ] DEBUG Engine               - stageStyle: DECORATED
12:07:18.995 [FXGL Background Thread 3 ] DEBUG Engine               - supportedLanguages: [ENGLISH, FRENCH, GERMAN, HUNGARIAN, RUSSIAN]
12:07:18.995 [FXGL Background Thread 3 ] DEBUG Engine               - ticksPerSecond: -1
12:07:18.995 [FXGL Background Thread 3 ] DEBUG Engine               - title: Nuclear Throne Atomic
12:07:18.995 [FXGL Background Thread 3 ] DEBUG Engine               - urlGithub: https://github.com/AlmasB/FXGL
12:07:18.995 [FXGL Background Thread 3 ] DEBUG Engine               - urlLeaderboard: http://fxgl-top.herokuapp.com/
12:07:18.995 [FXGL Background Thread 3 ] DEBUG Engine               - urlPOM: https://raw.githubusercontent.com/AlmasB/FXGL/release/README.md
12:07:18.995 [FXGL Background Thread 3 ] DEBUG Engine               - userAppClass: class com.example.nuclearthroneatomic.Controller
12:07:18.995 [FXGL Background Thread 3 ] DEBUG Engine               - version: 0.0
12:07:18.995 [FXGL Background Thread 3 ] DEBUG Engine               - versionCheckDays: 7
12:07:18.996 [FXGL Background Thread 3 ] DEBUG Engine               - width: 800
12:07:18.996 [FXGL Background Thread 3 ] DEBUG Engine               - Logging services
12:07:18.996 [FXGL Background Thread 3 ] DEBUG Engine               - class com.almasb.fxgl.app.services.FXGLAssetLoaderService
12:07:18.996 [FXGL Background Thread 3 ] DEBUG Engine               - class com.almasb.fxgl.app.FXGLApplication$GameApplicationService
12:07:18.996 [FXGL Background Thread 3 ] DEBUG Engine               - class com.almasb.fxgl.app.services.FXGLDialogService
12:07:18.996 [FXGL Background Thread 3 ] DEBUG Engine               - class com.almasb.fxgl.app.services.IOTaskExecutorService
12:07:18.996 [FXGL Background Thread 3 ] DEBUG Engine               - class com.almasb.fxgl.io.FileSystemService
12:07:18.996 [FXGL Background Thread 3 ] DEBUG Engine               - class com.almasb.fxgl.localization.LocalizationService
12:07:18.996 [FXGL Background Thread 3 ] DEBUG Engine               - class com.almasb.fxgl.app.services.SystemBundleService
12:07:18.996 [FXGL Background Thread 3 ] DEBUG Engine               - class com.almasb.fxgl.profile.SaveLoadService
12:07:18.996 [FXGL Background Thread 3 ] DEBUG Engine               - class com.almasb.fxgl.ui.FXGLUIFactoryServiceProvider
12:07:18.996 [FXGL Background Thread 3 ] DEBUG Engine               - class com.almasb.fxgl.ui.FXGLDialogFactoryServiceProvider
12:07:18.996 [FXGL Background Thread 3 ] DEBUG Engine               - class com.almasb.fxgl.audio.AudioPlayer
12:07:18.996 [FXGL Background Thread 3 ] DEBUG Engine               - class com.almasb.fxgl.notification.impl.NotificationServiceProvider
12:07:18.996 [FXGL Background Thread 3 ] DEBUG Engine               - class com.almasb.fxgl.achievement.AchievementService
12:07:18.996 [FXGL Background Thread 3 ] DEBUG Engine               - class com.almasb.fxgl.cutscene.CutsceneService
12:07:18.996 [FXGL Background Thread 3 ] DEBUG Engine               - class com.almasb.fxgl.minigames.MiniGameService
12:07:18.996 [FXGL Background Thread 3 ] DEBUG Engine               - class com.almasb.fxgl.net.NetService
12:07:18.996 [FXGL Background Thread 3 ] DEBUG Engine               - class com.almasb.fxgl.app.services.UpdaterService
12:07:18.997 [FXGL Background Thread 3 ] DEBUG Engine               - class com.almasb.fxgl.dev.DevService
12:07:19.813 [JavaFX Application Thread] DEBUG FXGLAssetLoaderServi - Loading from file system: file:/C:/Users/Juan/Desktop/APOOOO/NuclearThroneAtomic/src/nuclearthroneatomic/target/classes/assets/textures/Munition/2.png
12:07:20.410 [JavaFX Application Thread] DEBUG FXGLAssetLoaderServi - Loading from file system: file:/C:/Users/Juan/Desktop/APOOOO/NuclearThroneAtomic/src/nuclearthroneatomic/target/classes/assets/textures/Bullet/1.png
12:07:21.694 [JavaFX Application Thread] DEBUG PrimaryStageWindow   - Push state: DialogSubScene
12:07:21.694 [JavaFX Application Thread] DEBUG Input                - Clearing active input actions
12:07:21.695 [JavaFX Application Thread] DEBUG GameApplicationServi - Removing overlay from GameScene and adding to DialogSubScene
12:07:21.695 [JavaFX Application Thread] DEBUG PrimaryStageWindow   - GameScene -> DialogSubScene
12:07:23.134 [JavaFX Application Thread] DEBUG PrimaryStageWindow   - Pop state: DialogSubScene
12:07:23.134 [JavaFX Application Thread] DEBUG Input                - Clearing active input actions
12:07:23.135 [JavaFX Application Thread] DEBUG GameApplicationServi - Removing overlay from DialogSubScene and adding to GameScene
12:07:23.135 [JavaFX Application Thread] DEBUG PrimaryStageWindow   - GameScene <- DialogSubScene
12:07:26.345 [JavaFX Application Thread] DEBUG PrimaryStageWindow   - Push state: DialogSubScene
12:07:26.345 [JavaFX Application Thread] DEBUG Input                - Clearing active input actions
12:07:26.345 [JavaFX Application Thread] DEBUG GameApplicationServi - Removing overlay from GameScene and adding to DialogSubScene
12:07:26.345 [JavaFX Application Thread] DEBUG PrimaryStageWindow   - GameScene -> DialogSubScene
12:07:34.934 [JavaFX Application Thread] DEBUG PrimaryStageWindow   - Pop state: DialogSubScene
12:07:34.934 [JavaFX Application Thread] DEBUG Input                - Clearing active input actions
12:07:34.935 [JavaFX Application Thread] DEBUG GameApplicationServi - Removing overlay from DialogSubScene and adding to GameScene
12:07:34.935 [JavaFX Application Thread] DEBUG PrimaryStageWindow   - GameScene <- DialogSubScene
12:07:34.935 [JavaFX Application Thread] DEBUG FXGLApplication      - Exiting FXGL
12:07:34.936 [JavaFX Application Thread] DEBUG LoopRunner           - Stopping loop
12:07:34.936 [JavaFX Application Thread] DEBUG SystemBundleService  - Saving FXGL system data
12:07:35.610 [JavaFX Application Thread] DEBUG FileSystemAccess     - Writing to: C:\Users\Juan\Desktop\APOOOO\NuclearThroneAtomic\src\nuclearthroneatomic\system\fxgl.bundle
12:07:35.616 [JavaFX Application Thread] DEBUG Async                - Shutting down background threads
12:07:35.617 [JavaFX Application Thread] DEBUG PrimaryStageWindow   - Closing main window
12:07:35.635 [JavaFX Application Thread] DEBUG Logger               - Closing Logger
