08:55:03.229 [main                     ] DEBUG Logger               - Configured Logger
08:55:03.302 [main                     ] DEBUG GameApplication      - Logging settings
Title: Nuclear Throne Atomic
Version: 0.0
Width: 800
Height: 600
Fullscreen: true
Intro: false
Profiling: false
Single step:false
App Mode: DEVELOPER
Menu Key: ESCAPE
Stage Style: DECORATED
Scene Factory: class com.almasb.fxgl.app.scene.SceneFactory

08:55:04.362 [JavaFX Application Thread] DEBUG FXGLApplication      - Initializing FXGL
08:55:04.370 [JavaFX Application Thread] INFO  Engine               - FXGL-17.2 (20.08.2022 16.50) on WINDOWS (J:20.0.1 FX:19.0.2.1)
08:55:04.371 [JavaFX Application Thread] DEBUG Engine               - JRE Vendor Name: Oracle Corporation
08:55:04.371 [JavaFX Application Thread] DEBUG Engine               - Running on OS: Windows 10 version 10.0
08:55:04.371 [JavaFX Application Thread] DEBUG Engine               - Architecture: amd64
08:55:04.371 [JavaFX Application Thread] INFO  Engine               - Source code and latest versions at: https://github.com/AlmasB/FXGL
08:55:04.371 [JavaFX Application Thread] INFO  Engine               -       Ask questions and discuss at: https://github.com/AlmasB/FXGL/discussions
08:55:04.372 [JavaFX Application Thread] INFO  Engine               -              Join the FXGL chat at: https://gitter.im/AlmasB/FXGL
08:55:04.548 [JavaFX Application Thread] DEBUG PrimaryStageWindow   - Creating a JavaFX scene
08:55:04.650 [JavaFX Application Thread] DEBUG PrimaryStageWindow   - Target settings size: 800.0 x 600.0
08:55:04.650 [JavaFX Application Thread] DEBUG PrimaryStageWindow   - Scaled scene size:    800.0 x 600.0
08:55:04.651 [JavaFX Application Thread] DEBUG PrimaryStageWindow   - Scaled ratio: (1.0, 1.0)
08:55:04.652 [JavaFX Application Thread] DEBUG PrimaryStageWindow   - Set initial scene to FXGLStartupScene
08:55:04.661 [JavaFX Application Thread] DEBUG PrimaryStageWindow   - Opening main window
08:55:04.801 [JavaFX Application Thread] DEBUG PrimaryStageWindow   - Window border size: (16.0, 39.0)
08:55:04.801 [JavaFX Application Thread] DEBUG PrimaryStageWindow   - Scaled size: 800.0 x 600.0
08:55:04.802 [JavaFX Application Thread] DEBUG PrimaryStageWindow   - Scaled ratio: (1.0, 1.0)
08:55:04.803 [JavaFX Application Thread] DEBUG PrimaryStageWindow   - Scene size: 800.0 x 600.0
08:55:04.804 [JavaFX Application Thread] DEBUG PrimaryStageWindow   - Stage size: 816.0 x 639.0
08:55:04.821 [FXGL Background Thread 1 ] DEBUG Engine               - Initializing environment variables
08:55:04.925 [FXGL Background Thread 1 ] DEBUG FXGLAssetLoaderServi - User app class for loading assets: class com.example.nuclearthroneatomic.Controller
08:55:04.926 [FXGL Background Thread 1 ] DEBUG GameApplicationServi - Applying CSS: fxgl_dark.css
08:55:04.928 [FXGL Background Thread 1 ] DEBUG FXGLAssetLoaderServi - Loading from file system: jar:file:///C:/Users/Usuario/.m2/repository/com/github/almasb/fxgl/17.2/fxgl-17.2.jar!/fxglassets/ui/css/fxgl_dark.css
08:55:05.008 [FXGL Background Thread 1 ] DEBUG GameApplicationServi - Initializing application scenes
08:55:05.084 [FXGL Background Thread 1 ] DEBUG GameWorld            - Game world initialized
08:55:05.203 [FXGL Background Thread 1 ] DEBUG PhysicsWorld         - Physics world initialized: appHeight=600, physics.ppm=50,0
08:55:05.203 [FXGL Background Thread 1 ] DEBUG PhysicsWorld         - Using strategy: BRUTE_FORCE
08:55:05.214 [FXGL Background Thread 1 ] DEBUG GameScene            - Game scene initialized: 800x600
08:55:05.250 [FXGL Background Thread 1 ] DEBUG FXGL.DefaultMenu     - createMenuBodyMainMenu()
08:55:05.296 [FXGL Background Thread 1 ] DEBUG FXGL.DefaultMenu     - createOptionsMenu()
08:55:05.314 [FXGL Background Thread 1 ] DEBUG FXGL.DefaultMenu     - createExtraMenu()
08:55:05.329 [FXGL Background Thread 1 ] DEBUG FXGLAssetLoaderServi - Loading from file system: jar:file:///C:/Users/Usuario/.m2/repository/com/github/almasb/fxgl/17.2/fxgl-17.2.jar!/fxglassets/textures/particles/smoke.png
08:55:05.497 [FXGL Background Thread 1 ] DEBUG FXGLAssetLoaderServi - Loading from file system: jar:file:///C:/Users/Usuario/.m2/repository/com/github/almasb/fxgl/17.2/fxgl-17.2.jar!/fxglassets/textures/particles/trace_horizontal.png
08:55:05.548 [FXGL Background Thread 1 ] DEBUG FXGL.DefaultMenu     - createMenuBodyGameMenu()
08:55:05.550 [FXGL Background Thread 1 ] DEBUG FXGL.DefaultMenu     - createOptionsMenu()
08:55:05.553 [FXGL Background Thread 1 ] DEBUG FXGL.DefaultMenu     - createExtraMenu()
08:55:05.573 [FXGL Background Thread 1 ] DEBUG GameApplicationServi - Application scenes initialized
08:55:05.595 [FXGL Background Thread 1 ] DEBUG SystemBundleService  - Loading FXGL system data
08:55:05.603 [FXGL Background Thread 1 ] DEBUG FileSystemAccess     - Reading from: C:\Users\Usuario\OneDrive - Universidad Icesi (@icesi.edu.co)\Dicretas 1\NuclearThroneAtomic\src\nuclearthroneatomic\system\fxgl.bundle
08:55:05.624 [FXGL Background Thread 1 ] DEBUG SystemBundleService  - Bundle FXGL: {}
08:55:05.624 [FXGL Background Thread 1 ] DEBUG UpdaterService       - Checking for updates
08:55:05.639 [FXGL Background Thread 1 ] DEBUG FXGLApplication      - Loading default localization
08:55:05.642 [FXGL Background Thread 1 ] DEBUG FXGLAssetLoaderServi - Loading from file system: jar:file:///C:/Users/Usuario/.m2/repository/com/github/almasb/fxgl/17.2/fxgl-17.2.jar!/fxglassets/languages/english.lang
08:55:05.648 [FXGL Background Thread 4 ] DEBUG FXGLApplication      - Loading fonts
08:55:05.649 [FXGL Background Thread 4 ] DEBUG FXGLAssetLoaderServi - Loading from file system: jar:file:///C:/Users/Usuario/.m2/repository/com/github/almasb/fxgl/17.2/fxgl-17.2.jar!/fxglassets/ui/fonts/VarelaRound-Regular.ttf
08:55:05.678 [FXGL Background Thread 1 ] INFO  FXGLApplication      - FXGL initialization took: 0,857 sec
08:55:05.698 [JavaFX Application Thread] DEBUG Input                - Registered new binding: lucky - Q
08:55:05.699 [JavaFX Application Thread] DEBUG Input                - Registered new binding: health - F
08:55:05.699 [JavaFX Application Thread] DEBUG Input                - Registered new binding: Right - D
08:55:05.700 [JavaFX Application Thread] DEBUG Input                - Registered new binding: Left - A
08:55:05.700 [JavaFX Application Thread] DEBUG Input                - Registered new binding: Up - W
08:55:05.700 [JavaFX Application Thread] DEBUG Input                - Registered new binding: Down - S
08:55:05.702 [JavaFX Application Thread] DEBUG Input                - Registered new binding: Reload - RMB
08:55:05.703 [JavaFX Application Thread] DEBUG Input                - Registered new binding: Shoot - LMB
08:55:05.704 [JavaFX Application Thread] DEBUG FXGLAssetLoaderServi - Loading from file system: file:/C:/Users/Usuario/OneDrive%20-%20Universidad%20Icesi%20(@icesi.edu.co)/Dicretas%201/NuclearThroneAtomic/src/nuclearthroneatomic/target/classes/assets/music/muiscformenus.mp3
08:55:06.007 [FXGL Background Thread 4 ] DEBUG FXGLAssetLoaderServi - Loading from file system: jar:file:///C:/Users/Usuario/.m2/repository/com/github/almasb/fxgl/17.2/fxgl-17.2.jar!/fxglassets/ui/fonts/Abel-Regular.ttf
08:55:06.014 [JavaFX Application Thread] DEBUG AudioPlayer          - Playing music com.almasb.fxgl.audio.Music@3a5e38b5
08:55:06.015 [JavaFX Application Thread] DEBUG FXGLAssetLoaderServi - Loading from file system: jar:file:///C:/Users/Usuario/.m2/repository/com/github/almasb/fxgl/17.2/fxgl-17.2.jar!/fxglassets/textures/fxgl_icon.png
08:55:06.016 [FXGL Background Thread 4 ] DEBUG FXGLAssetLoaderServi - Loading from file system: jar:file:///C:/Users/Usuario/.m2/repository/com/github/almasb/fxgl/17.2/fxgl-17.2.jar!/fxglassets/ui/fonts/TerminalLandMono-Regular.otf
08:55:06.034 [FXGL Background Thread 4 ] DEBUG FXGLAssetLoaderServi - Loading from file system: jar:file:///C:/Users/Usuario/.m2/repository/com/github/almasb/fxgl/17.2/fxgl-17.2.jar!/fxglassets/ui/fonts/Courier-Prime.ttf
08:55:06.071 [JavaFX Application Thread] DEBUG FXGLAssetLoaderServi - Loading from file system: jar:file:///C:/Users/Usuario/.m2/repository/com/github/almasb/fxgl/17.2/fxgl-17.2.jar!/fxglassets/textures/fxgl_default_cursor.png
08:55:06.075 [JavaFX Application Thread] DEBUG Input                - Registered new binding: Screenshot - CTRL+8
08:55:06.075 [JavaFX Application Thread] DEBUG Input                - Registered new binding: System info dump - CTRL+9
08:55:06.076 [JavaFX Application Thread] DEBUG Input                - Registered new binding: Restart - CTRL+R
08:55:06.077 [JavaFX Application Thread] DEBUG Input                - Registered new binding: Toggle Debug Camera - CTRL+7
08:55:06.082 [JavaFX Application Thread] DEBUG LoopRunner           - Starting loop
08:55:06.082 [JavaFX Application Thread] DEBUG LoopRunner           - Initializing JavaFX AnimationTimerLoop
08:55:06.086 [JavaFX Application Thread] DEBUG Input                - Clearing active input actions
08:55:06.109 [JavaFX Application Thread] DEBUG GameApplicationServi - Removing overlay from FXGLStartupScene and adding to FXGLMainMenuDummyScene
08:55:06.110 [JavaFX Application Thread] DEBUG PrimaryStageWindow   - FXGLStartupScene -> FXGLMainMenuDummyScene
08:55:06.110 [JavaFX Application Thread] DEBUG PrimaryStageWindow   - Push state: FXGLDefaultMenu
08:55:06.118 [JavaFX Application Thread] DEBUG Input                - Clearing active input actions
08:55:06.130 [JavaFX Application Thread] DEBUG GameApplicationServi - Removing overlay from FXGLMainMenuDummyScene and adding to FXGLDefaultMenu
08:55:06.131 [JavaFX Application Thread] DEBUG PrimaryStageWindow   - FXGLMainMenuDummyScene -> FXGLDefaultMenu
08:55:06.133 [JavaFX Application Thread] DEBUG FXGLApplication      - Exiting FXGL
08:55:06.133 [JavaFX Application Thread] DEBUG LoopRunner           - Stopping loop
08:55:06.134 [JavaFX Application Thread] DEBUG SystemBundleService  - Saving FXGL system data
08:55:06.138 [JavaFX Application Thread] DEBUG FileSystemAccess     - Writing to: C:\Users\Usuario\OneDrive - Universidad Icesi (@icesi.edu.co)\Dicretas 1\NuclearThroneAtomic\src\nuclearthroneatomic\system\fxgl.bundle
08:55:06.143 [JavaFX Application Thread] DEBUG Async                - Shutting down background threads
08:55:06.143 [JavaFX Application Thread] DEBUG PrimaryStageWindow   - Closing main window
08:55:06.169 [JavaFX Application Thread] DEBUG Logger               - Closing Logger
