17:48:03.922 [main                     ] DEBUG Logger               - Configured Logger
17:48:03.977 [main                     ] DEBUG GameApplication      - Logging settings
Title: Nuclear Throne Atomic
Version: 0.0
Width: 800
Height: 600
Fullscreen: false
Intro: true
Profiling: false
Single step:false
App Mode: DEVELOPER
Menu Key: ESCAPE
Stage Style: DECORATED
Scene Factory: class com.almasb.fxgl.app.scene.SceneFactory

17:48:05.116 [JavaFX Application Thread] DEBUG FXGLApplication      - Initializing FXGL
17:48:05.125 [JavaFX Application Thread] INFO  Engine               - FXGL-17.2 (20.08.2022 16.50) on WINDOWS (J:20.0.1 FX:18.0.2)
17:48:05.126 [JavaFX Application Thread] DEBUG Engine               - JRE Vendor Name: Oracle Corporation
17:48:05.126 [JavaFX Application Thread] DEBUG Engine               - Running on OS: Windows 10 version 10.0
17:48:05.126 [JavaFX Application Thread] DEBUG Engine               - Architecture: amd64
17:48:05.127 [JavaFX Application Thread] INFO  Engine               - Source code and latest versions at: https://github.com/AlmasB/FXGL
17:48:05.127 [JavaFX Application Thread] INFO  Engine               -       Ask questions and discuss at: https://github.com/AlmasB/FXGL/discussions
17:48:05.127 [JavaFX Application Thread] INFO  Engine               -              Join the FXGL chat at: https://gitter.im/AlmasB/FXGL
17:48:05.281 [JavaFX Application Thread] DEBUG PrimaryStageWindow   - Creating a JavaFX scene
17:48:05.358 [JavaFX Application Thread] DEBUG PrimaryStageWindow   - Target settings size: 800.0 x 600.0
17:48:05.358 [JavaFX Application Thread] DEBUG PrimaryStageWindow   - Scaled scene size:    800.0 x 600.0
17:48:05.358 [JavaFX Application Thread] DEBUG PrimaryStageWindow   - Scaled ratio: (1.0, 1.0)
17:48:05.360 [JavaFX Application Thread] DEBUG PrimaryStageWindow   - Set initial scene to FXGLStartupScene
17:48:05.373 [JavaFX Application Thread] DEBUG PrimaryStageWindow   - Opening main window
17:48:05.506 [JavaFX Application Thread] DEBUG PrimaryStageWindow   - Window border size: (16.0, 39.0)
17:48:05.507 [JavaFX Application Thread] DEBUG PrimaryStageWindow   - Scaled size: 800.0 x 600.0
17:48:05.507 [JavaFX Application Thread] DEBUG PrimaryStageWindow   - Scaled ratio: (1.0, 1.0)
17:48:05.508 [JavaFX Application Thread] DEBUG PrimaryStageWindow   - Scene size: 800.0 x 600.0
17:48:05.509 [JavaFX Application Thread] DEBUG PrimaryStageWindow   - Stage size: 816.0 x 639.0
17:48:05.534 [FXGL Background Thread 1 ] DEBUG Engine               - Initializing environment variables
17:48:05.629 [FXGL Background Thread 1 ] DEBUG FXGLAssetLoaderServi - User app class for loading assets: class com.example.nuclearthroneatomic.Controller
17:48:05.630 [FXGL Background Thread 1 ] DEBUG GameApplicationServi - Applying CSS: fxgl_dark.css
17:48:05.632 [FXGL Background Thread 1 ] DEBUG FXGLAssetLoaderServi - Loading from file system: jar:file:///C:/Users/Usuario/.m2/repository/com/github/almasb/fxgl/17.2/fxgl-17.2.jar!/fxglassets/ui/css/fxgl_dark.css
17:48:05.721 [FXGL Background Thread 1 ] DEBUG GameApplicationServi - Initializing application scenes
17:48:05.792 [FXGL Background Thread 1 ] DEBUG GameWorld            - Game world initialized
17:48:05.907 [FXGL Background Thread 1 ] DEBUG PhysicsWorld         - Physics world initialized: appHeight=600, physics.ppm=50,0
17:48:05.908 [FXGL Background Thread 1 ] DEBUG PhysicsWorld         - Using strategy: BRUTE_FORCE
17:48:05.913 [FXGL Background Thread 1 ] DEBUG GameScene            - Game scene initialized: 800x600
17:48:05.918 [FXGL Background Thread 1 ] DEBUG FXGLAssetLoaderServi - Loading from file system: jar:file:///C:/Users/Usuario/.m2/repository/com/github/almasb/fxgl/17.2/fxgl-17.2.jar!/fxglassets/textures/intro/fxgl_logo.png
17:48:05.960 [FXGL Background Thread 1 ] DEBUG FXGLAssetLoaderServi - Loading from file system: jar:file:///C:/Users/Usuario/.m2/repository/com/github/almasb/fxgl/17.2/fxgl-17.2.jar!/fxglassets/textures/intro/javafx_logo.png
17:48:06.179 [FXGL Background Thread 1 ] DEBUG FXGL.DefaultMenu     - createMenuBodyMainMenu()
17:48:06.221 [FXGL Background Thread 1 ] DEBUG FXGL.DefaultMenu     - createOptionsMenu()
17:48:06.247 [FXGL Background Thread 1 ] DEBUG FXGLAssetLoaderServi - Loading from file system: jar:file:///C:/Users/Usuario/.m2/repository/com/github/almasb/fxgl/17.2/fxgl-17.2.jar!/fxglassets/textures/particles/smoke.png
17:48:06.384 [FXGL Background Thread 1 ] DEBUG FXGLAssetLoaderServi - Loading from file system: jar:file:///C:/Users/Usuario/.m2/repository/com/github/almasb/fxgl/17.2/fxgl-17.2.jar!/fxglassets/textures/particles/trace_horizontal.png
17:48:06.430 [FXGL Background Thread 1 ] DEBUG FXGL.DefaultMenu     - createMenuBodyGameMenu()
17:48:06.432 [FXGL Background Thread 1 ] DEBUG FXGL.DefaultMenu     - createOptionsMenu()
17:48:06.459 [FXGL Background Thread 1 ] DEBUG GameApplicationServi - Application scenes initialized
17:48:06.490 [FXGL Background Thread 1 ] DEBUG SystemBundleService  - Loading FXGL system data
17:48:06.503 [FXGL Background Thread 1 ] DEBUG FileSystemAccess     - Reading from: C:\Users\Usuario\OneDrive - Universidad Icesi (@icesi.edu.co)\APO2\Tareas integradoras\NuclearThroneAtomic\src\nuclearthroneatomic\system\fxgl.bundle
17:48:06.522 [FXGL Background Thread 1 ] DEBUG SystemBundleService  - Bundle FXGL: {}
17:48:06.522 [FXGL Background Thread 1 ] DEBUG UpdaterService       - Checking for updates
17:48:06.532 [FXGL Background Thread 4 ] DEBUG FXGLApplication      - Loading fonts
17:48:06.533 [FXGL Background Thread 1 ] DEBUG FXGLApplication      - Loading default localization
17:48:06.534 [FXGL Background Thread 1 ] DEBUG FXGLAssetLoaderServi - Loading from file system: jar:file:///C:/Users/Usuario/.m2/repository/com/github/almasb/fxgl/17.2/fxgl-17.2.jar!/fxglassets/languages/english.lang
17:48:06.571 [FXGL Background Thread 1 ] INFO  FXGLApplication      - FXGL initialization took: 1,036 sec
17:48:06.588 [JavaFX Application Thread] DEBUG Input                - Registered new binding: lucky - Q
17:48:06.589 [JavaFX Application Thread] DEBUG Input                - Registered new binding: health - F
17:48:06.589 [JavaFX Application Thread] DEBUG Input                - Registered new binding: Right - D
17:48:06.589 [JavaFX Application Thread] DEBUG Input                - Registered new binding: Left - A
17:48:06.590 [JavaFX Application Thread] DEBUG Input                - Registered new binding: Up - W
17:48:06.590 [JavaFX Application Thread] DEBUG Input                - Registered new binding: Down - S
17:48:06.592 [JavaFX Application Thread] DEBUG Input                - Registered new binding: Reload - RMB
17:48:06.592 [JavaFX Application Thread] DEBUG Input                - Registered new binding: Shoot - LMB
17:48:06.593 [JavaFX Application Thread] DEBUG FXGLAssetLoaderServi - Loading from file system: jar:file:///C:/Users/Usuario/.m2/repository/com/github/almasb/fxgl/17.2/fxgl-17.2.jar!/fxglassets/textures/fxgl_icon.png
17:48:06.612 [JavaFX Application Thread] DEBUG FXGLAssetLoaderServi - Loading from file system: jar:file:///C:/Users/Usuario/.m2/repository/com/github/almasb/fxgl/17.2/fxgl-17.2.jar!/fxglassets/textures/fxgl_default_cursor.png
17:48:06.616 [JavaFX Application Thread] DEBUG Input                - Registered new binding: Screenshot - CTRL+8
17:48:06.617 [JavaFX Application Thread] DEBUG Input                - Registered new binding: System info dump - CTRL+9
17:48:06.618 [JavaFX Application Thread] DEBUG Input                - Registered new binding: Restart - CTRL+R
17:48:06.619 [JavaFX Application Thread] DEBUG Input                - Registered new binding: Toggle Debug Camera - CTRL+7
17:48:06.623 [JavaFX Application Thread] DEBUG LoopRunner           - Starting loop
17:48:06.624 [JavaFX Application Thread] DEBUG LoopRunner           - Initializing JavaFX AnimationTimerLoop
17:48:06.690 [JavaFX Application Thread] DEBUG Input                - Clearing active input actions
17:48:06.704 [JavaFX Application Thread] DEBUG GameApplicationServi - Removing overlay from FXGLStartupScene and adding to FXGLIntroScene
17:48:06.705 [JavaFX Application Thread] DEBUG PrimaryStageWindow   - FXGLStartupScene -> FXGLIntroScene
17:48:06.725 [FXGL Background Thread 4 ] DEBUG FXGLAssetLoaderServi - Loading from file system: jar:file:///C:/Users/Usuario/.m2/repository/com/github/almasb/fxgl/17.2/fxgl-17.2.jar!/fxglassets/ui/fonts/Abel-Regular.ttf
17:48:06.732 [FXGL Background Thread 4 ] DEBUG FXGLAssetLoaderServi - Loading from file system: jar:file:///C:/Users/Usuario/.m2/repository/com/github/almasb/fxgl/17.2/fxgl-17.2.jar!/fxglassets/ui/fonts/TerminalLandMono-Regular.otf
17:48:06.739 [FXGL Background Thread 4 ] DEBUG FXGLAssetLoaderServi - Loading from file system: jar:file:///C:/Users/Usuario/.m2/repository/com/github/almasb/fxgl/17.2/fxgl-17.2.jar!/fxglassets/ui/fonts/Courier-Prime.ttf
17:48:06.785 [JavaFX Application Thread] DEBUG FXGLApplication      - Registering font factories with UI factory
17:48:07.365 [FXGL Background Thread 2 ] INFO  UpdaterService       - Your current version:  17.2
17:48:07.365 [FXGL Background Thread 2 ] INFO  UpdaterService       - Latest stable version: 17.3
17:48:09.529 [FXGL Background Thread 3 ] DEBUG Engine               - Logging environment variables
17:48:09.530 [FXGL Background Thread 3 ] DEBUG Engine               - achievements: []
17:48:09.530 [FXGL Background Thread 3 ] DEBUG Engine               - actualHeight: 600.0
17:48:09.530 [FXGL Background Thread 3 ] DEBUG Engine               - actualHeightProperty: ReadOnlyDoubleProperty [value: 600.0]
17:48:09.530 [FXGL Background Thread 3 ] DEBUG Engine               - actualWidth: 800.0
17:48:09.530 [FXGL Background Thread 3 ] DEBUG Engine               - actualWidthProperty: ReadOnlyDoubleProperty [value: 800.0]
17:48:09.530 [FXGL Background Thread 3 ] DEBUG Engine               - appIcon: fxgl_icon.png
17:48:09.530 [FXGL Background Thread 3 ] DEBUG Engine               - applicationMode: DEVELOPER
17:48:09.530 [FXGL Background Thread 3 ] DEBUG Engine               - cSSList: [fxgl_dark.css]
17:48:09.530 [FXGL Background Thread 3 ] DEBUG Engine               - collisionDetectionStrategy: BRUTE_FORCE
17:48:09.531 [FXGL Background Thread 3 ] DEBUG Engine               - configClass: Optional.empty
17:48:09.531 [FXGL Background Thread 3 ] DEBUG Engine               - credits: []
17:48:09.531 [FXGL Background Thread 3 ] DEBUG Engine               - defaultCursor: CursorInfo(imageName=fxgl_default_cursor.png, hotspotX=7.0, hotspotY=6.0)
17:48:09.532 [FXGL Background Thread 3 ] DEBUG Engine               - devBBoxColorProperty: ObjectProperty [value: 0xff0000ff]
17:48:09.532 [FXGL Background Thread 3 ] DEBUG Engine               - devEnableDebugCameraProperty: BooleanProperty [value: false]
17:48:09.532 [FXGL Background Thread 3 ] DEBUG Engine               - devSensorColorProperty: ObjectProperty [value: 0xffff00ff]
17:48:09.532 [FXGL Background Thread 3 ] DEBUG Engine               - devShowBBoxProperty: BooleanProperty [value: false]
17:48:09.532 [FXGL Background Thread 3 ] DEBUG Engine               - devShowPositionProperty: BooleanProperty [value: false]
17:48:09.532 [FXGL Background Thread 3 ] DEBUG Engine               - enabledMenuItems: []
17:48:09.532 [FXGL Background Thread 3 ] DEBUG Engine               - engineServices: [class com.almasb.fxgl.app.services.FXGLAssetLoaderService, class com.almasb.fxgl.app.FXGLApplication$GameApplicationService, class com.almasb.fxgl.app.services.FXGLDialogService, class com.almasb.fxgl.app.services.IOTaskExecutorService, class com.almasb.fxgl.io.FileSystemService, class com.almasb.fxgl.localization.LocalizationService, class com.almasb.fxgl.app.services.SystemBundleService, class com.almasb.fxgl.profile.SaveLoadService, class com.almasb.fxgl.ui.FXGLUIFactoryServiceProvider, class com.almasb.fxgl.ui.FXGLDialogFactoryServiceProvider, class com.almasb.fxgl.audio.AudioPlayer, class com.almasb.fxgl.notification.impl.NotificationServiceProvider, class com.almasb.fxgl.achievement.AchievementService, class com.almasb.fxgl.cutscene.CutsceneService, class com.almasb.fxgl.minigames.MiniGameService, class com.almasb.fxgl.net.NetService, class com.almasb.fxgl.app.services.UpdaterService, class com.almasb.fxgl.dev.DevService]
17:48:09.532 [FXGL Background Thread 3 ] DEBUG Engine               - fontGame: Abel-Regular.ttf
17:48:09.533 [FXGL Background Thread 3 ] DEBUG Engine               - fontMono: TerminalLandMono-Regular.otf
17:48:09.533 [FXGL Background Thread 3 ] DEBUG Engine               - fontText: Courier-Prime.ttf
17:48:09.533 [FXGL Background Thread 3 ] DEBUG Engine               - fontUI: VarelaRound-Regular.ttf
17:48:09.533 [FXGL Background Thread 3 ] DEBUG Engine               - fullScreen: BooleanProperty [value: false]
17:48:09.533 [FXGL Background Thread 3 ] DEBUG Engine               - gameDifficulty: MEDIUM
17:48:09.533 [FXGL Background Thread 3 ] DEBUG Engine               - gameDifficultyProperty: ObjectProperty [value: MEDIUM]
17:48:09.533 [FXGL Background Thread 3 ] DEBUG Engine               - globalMusicVolume: 0.5
17:48:09.533 [FXGL Background Thread 3 ] DEBUG Engine               - globalMusicVolumeProperty: DoubleProperty [value: 0.5]
17:48:09.533 [FXGL Background Thread 3 ] DEBUG Engine               - globalSoundVolume: 0.5
17:48:09.533 [FXGL Background Thread 3 ] DEBUG Engine               - globalSoundVolumeProperty: DoubleProperty [value: 0.5]
17:48:09.534 [FXGL Background Thread 3 ] DEBUG Engine               - height: 600
17:48:09.534 [FXGL Background Thread 3 ] DEBUG Engine               - is3D: false
17:48:09.534 [FXGL Background Thread 3 ] DEBUG Engine               - isAndroid: false
17:48:09.534 [FXGL Background Thread 3 ] DEBUG Engine               - isBrowser: false
17:48:09.534 [FXGL Background Thread 3 ] DEBUG Engine               - isClickFeedbackEnabled: false
17:48:09.534 [FXGL Background Thread 3 ] DEBUG Engine               - isCloseConfirmation: false
17:48:09.534 [FXGL Background Thread 3 ] DEBUG Engine               - isDesktop: true
17:48:09.534 [FXGL Background Thread 3 ] DEBUG Engine               - isDeveloperMenuEnabled: false
17:48:09.534 [FXGL Background Thread 3 ] DEBUG Engine               - isEmbedded: false
17:48:09.534 [FXGL Background Thread 3 ] DEBUG Engine               - isEntityPreloadEnabled: true
17:48:09.534 [FXGL Background Thread 3 ] DEBUG Engine               - isExperimentalTiledLargeMap: false
17:48:09.534 [FXGL Background Thread 3 ] DEBUG Engine               - isFileSystemWriteAllowed: true
17:48:09.534 [FXGL Background Thread 3 ] DEBUG Engine               - isFullScreenAllowed: false
17:48:09.534 [FXGL Background Thread 3 ] DEBUG Engine               - isFullScreenFromStart: false
17:48:09.534 [FXGL Background Thread 3 ] DEBUG Engine               - isGameMenuEnabled: true
17:48:09.534 [FXGL Background Thread 3 ] DEBUG Engine               - isIOS: false
17:48:09.535 [FXGL Background Thread 3 ] DEBUG Engine               - isIntroEnabled: true
17:48:09.535 [FXGL Background Thread 3 ] DEBUG Engine               - isLinux: false
17:48:09.535 [FXGL Background Thread 3 ] DEBUG Engine               - isMac: false
17:48:09.535 [FXGL Background Thread 3 ] DEBUG Engine               - isMainMenuEnabled: true
17:48:09.535 [FXGL Background Thread 3 ] DEBUG Engine               - isManualResizeEnabled: false
17:48:09.535 [FXGL Background Thread 3 ] DEBUG Engine               - isMobile: false
17:48:09.535 [FXGL Background Thread 3 ] DEBUG Engine               - isNative: false
17:48:09.535 [FXGL Background Thread 3 ] DEBUG Engine               - isPauseMusicWhenMinimized: true
17:48:09.535 [FXGL Background Thread 3 ] DEBUG Engine               - isPreserveResizeRatio: false
17:48:09.535 [FXGL Background Thread 3 ] DEBUG Engine               - isProfilingEnabled: false
17:48:09.535 [FXGL Background Thread 3 ] DEBUG Engine               - isScaleAffectedOnResize: true
17:48:09.536 [FXGL Background Thread 3 ] DEBUG Engine               - isSingleStep: false
17:48:09.536 [FXGL Background Thread 3 ] DEBUG Engine               - isUserProfileEnabled: false
17:48:09.536 [FXGL Background Thread 3 ] DEBUG Engine               - isWindows: true
17:48:09.536 [FXGL Background Thread 3 ] DEBUG Engine               - language: ObjectProperty [value: ENGLISH]
17:48:09.536 [FXGL Background Thread 3 ] DEBUG Engine               - menuKey: ESCAPE
17:48:09.536 [FXGL Background Thread 3 ] DEBUG Engine               - mouseSensitivity: 0.2
17:48:09.536 [FXGL Background Thread 3 ] DEBUG Engine               - notificationViewClass: class com.almasb.fxgl.notification.view.XboxNotificationView
17:48:09.536 [FXGL Background Thread 3 ] DEBUG Engine               - pixelsPerMeter: 50.0
17:48:09.536 [FXGL Background Thread 3 ] DEBUG Engine               - platform: WINDOWS
17:48:09.536 [FXGL Background Thread 3 ] DEBUG Engine               - prefHeightProperty: ReadOnlyDoubleProperty [value: 600.0]
17:48:09.536 [FXGL Background Thread 3 ] DEBUG Engine               - prefWidthProperty: ReadOnlyDoubleProperty [value: 800.0]
17:48:09.536 [FXGL Background Thread 3 ] DEBUG Engine               - profileDir: profiles/
17:48:09.537 [FXGL Background Thread 3 ] DEBUG Engine               - profileName: StringProperty [value: DEFAULT]
17:48:09.537 [FXGL Background Thread 3 ] DEBUG Engine               - randomSeed: -1
17:48:09.537 [FXGL Background Thread 3 ] DEBUG Engine               - runtimeInfo: RuntimeInfo(platform=WINDOWS, version=17.2, build=20.08.2022 16.50)
17:48:09.538 [FXGL Background Thread 3 ] DEBUG Engine               - saveFileExt: sav
17:48:09.538 [FXGL Background Thread 3 ] DEBUG Engine               - scaledHeightProp$fxgl: DoubleProperty [bound, value: 600.0]
17:48:09.538 [FXGL Background Thread 3 ] DEBUG Engine               - scaledWidthProp$fxgl: DoubleProperty [bound, value: 800.0]
17:48:09.538 [FXGL Background Thread 3 ] DEBUG Engine               - sceneFactory: com.almasb.fxgl.app.scene.SceneFactory@2592967e
17:48:09.538 [FXGL Background Thread 3 ] DEBUG Engine               - secondsIn24h: 60
17:48:09.538 [FXGL Background Thread 3 ] DEBUG Engine               - soundMenuBack: menu/back.wav
17:48:09.538 [FXGL Background Thread 3 ] DEBUG Engine               - soundMenuPress: menu/press.wav
17:48:09.538 [FXGL Background Thread 3 ] DEBUG Engine               - soundMenuSelect: menu/select.wav
17:48:09.538 [FXGL Background Thread 3 ] DEBUG Engine               - soundNotification: core/notification.wav
17:48:09.538 [FXGL Background Thread 3 ] DEBUG Engine               - stageStyle: DECORATED
17:48:09.538 [FXGL Background Thread 3 ] DEBUG Engine               - supportedLanguages: [ENGLISH, FRENCH, GERMAN, HUNGARIAN, RUSSIAN]
17:48:09.538 [FXGL Background Thread 3 ] DEBUG Engine               - ticksPerSecond: -1
17:48:09.538 [FXGL Background Thread 3 ] DEBUG Engine               - title: Nuclear Throne Atomic
17:48:09.539 [FXGL Background Thread 3 ] DEBUG Engine               - urlGithub: https://github.com/AlmasB/FXGL
17:48:09.539 [FXGL Background Thread 3 ] DEBUG Engine               - urlLeaderboard: http://fxgl-top.herokuapp.com/
17:48:09.539 [FXGL Background Thread 3 ] DEBUG Engine               - urlPOM: https://raw.githubusercontent.com/AlmasB/FXGL/release/README.md
17:48:09.539 [FXGL Background Thread 3 ] DEBUG Engine               - userAppClass: class com.example.nuclearthroneatomic.Controller
17:48:09.539 [FXGL Background Thread 3 ] DEBUG Engine               - version: 0.0
17:48:09.539 [FXGL Background Thread 3 ] DEBUG Engine               - versionCheckDays: 7
17:48:09.539 [FXGL Background Thread 3 ] DEBUG Engine               - width: 800
17:48:09.539 [FXGL Background Thread 3 ] DEBUG Engine               - Logging services
17:48:09.539 [FXGL Background Thread 3 ] DEBUG Engine               - class com.almasb.fxgl.app.services.FXGLAssetLoaderService
17:48:09.539 [FXGL Background Thread 3 ] DEBUG Engine               - class com.almasb.fxgl.app.FXGLApplication$GameApplicationService
17:48:09.539 [FXGL Background Thread 3 ] DEBUG Engine               - class com.almasb.fxgl.app.services.FXGLDialogService
17:48:09.539 [FXGL Background Thread 3 ] DEBUG Engine               - class com.almasb.fxgl.app.services.IOTaskExecutorService
17:48:09.539 [FXGL Background Thread 3 ] DEBUG Engine               - class com.almasb.fxgl.io.FileSystemService
17:48:09.539 [FXGL Background Thread 3 ] DEBUG Engine               - class com.almasb.fxgl.localization.LocalizationService
17:48:09.539 [FXGL Background Thread 3 ] DEBUG Engine               - class com.almasb.fxgl.app.services.SystemBundleService
17:48:09.539 [FXGL Background Thread 3 ] DEBUG Engine               - class com.almasb.fxgl.profile.SaveLoadService
17:48:09.540 [FXGL Background Thread 3 ] DEBUG Engine               - class com.almasb.fxgl.ui.FXGLUIFactoryServiceProvider
17:48:09.540 [FXGL Background Thread 3 ] DEBUG Engine               - class com.almasb.fxgl.ui.FXGLDialogFactoryServiceProvider
17:48:09.540 [FXGL Background Thread 3 ] DEBUG Engine               - class com.almasb.fxgl.audio.AudioPlayer
17:48:09.540 [FXGL Background Thread 3 ] DEBUG Engine               - class com.almasb.fxgl.notification.impl.NotificationServiceProvider
17:48:09.540 [FXGL Background Thread 3 ] DEBUG Engine               - class com.almasb.fxgl.achievement.AchievementService
17:48:09.540 [FXGL Background Thread 3 ] DEBUG Engine               - class com.almasb.fxgl.cutscene.CutsceneService
17:48:09.540 [FXGL Background Thread 3 ] DEBUG Engine               - class com.almasb.fxgl.minigames.MiniGameService
17:48:09.540 [FXGL Background Thread 3 ] DEBUG Engine               - class com.almasb.fxgl.net.NetService
17:48:09.540 [FXGL Background Thread 3 ] DEBUG Engine               - class com.almasb.fxgl.app.services.UpdaterService
17:48:09.540 [FXGL Background Thread 3 ] DEBUG Engine               - class com.almasb.fxgl.dev.DevService
17:48:14.635 [JavaFX Application Thread] DEBUG Input                - Clearing active input actions
17:48:14.645 [JavaFX Application Thread] DEBUG GameApplicationServi - Removing overlay from FXGLIntroScene and adding to FXGLMainMenuDummyScene
17:48:14.645 [JavaFX Application Thread] DEBUG PrimaryStageWindow   - FXGLIntroScene -> FXGLMainMenuDummyScene
17:48:14.645 [JavaFX Application Thread] DEBUG PrimaryStageWindow   - Push state: FXGLDefaultMenu
17:48:14.651 [JavaFX Application Thread] DEBUG Input                - Clearing active input actions
17:48:14.661 [JavaFX Application Thread] DEBUG GameApplicationServi - Removing overlay from FXGLMainMenuDummyScene and adding to FXGLDefaultMenu
17:48:14.662 [JavaFX Application Thread] DEBUG PrimaryStageWindow   - FXGLMainMenuDummyScene -> FXGLDefaultMenu
17:48:16.543 [JavaFX Application Thread] DEBUG Menu                 - fireNewGame()
17:48:16.543 [JavaFX Application Thread] DEBUG GameApplicationServi - Starting new game
17:48:16.545 [JavaFX Application Thread] DEBUG PrimaryStageWindow   - Pop state: FXGLDefaultMenu
17:48:16.545 [JavaFX Application Thread] DEBUG Input                - Clearing active input actions
17:48:16.546 [JavaFX Application Thread] DEBUG GameApplicationServi - Removing overlay from FXGLDefaultMenu and adding to FXGLMainMenuDummyScene
17:48:16.546 [JavaFX Application Thread] DEBUG PrimaryStageWindow   - FXGLMainMenuDummyScene <- FXGLDefaultMenu
17:48:16.547 [JavaFX Application Thread] DEBUG Input                - Clearing active input actions
17:48:16.554 [JavaFX Application Thread] DEBUG GameApplicationServi - Removing overlay from FXGLMainMenuDummyScene and adding to FXGLLoadingScene
17:48:16.554 [JavaFX Application Thread] DEBUG PrimaryStageWindow   - FXGLMainMenuDummyScene -> FXGLLoadingScene
17:48:16.554 [JavaFX Application Thread] DEBUG GameApplicationServi - Clearing previous game
17:48:16.554 [JavaFX Application Thread] DEBUG GameScene            - Clearing game scene
17:48:16.554 [JavaFX Application Thread] DEBUG GameWorld            - Clearing game world
17:48:16.555 [JavaFX Application Thread] DEBUG PhysicsWorld         - Clearing physics world
17:48:16.557 [FXGL Background Thread 2 ] DEBUG FXGLApplication      - Initializing game
17:48:16.564 [FXGL Background Thread 2 ] DEBUG FXGLAssetLoaderServi - Loading from file system: file:/C:/Users/Usuario/OneDrive%20-%20Universidad%20Icesi%20(@icesi.edu.co)/APO2/Tareas%20integradoras/NuclearThroneAtomic/src/nuclearthroneatomic/target/classes/assets/textures/Avatar/1-Idle/1.png
17:48:16.567 [FXGL Background Thread 2 ] DEBUG FXGLAssetLoaderServi - Loading from file system: file:/C:/Users/Usuario/OneDrive%20-%20Universidad%20Icesi%20(@icesi.edu.co)/APO2/Tareas%20integradoras/NuclearThroneAtomic/src/nuclearthroneatomic/target/classes/assets/textures/Avatar/1-Idle/2.png
17:48:16.568 [FXGL Background Thread 2 ] DEBUG FXGLAssetLoaderServi - Loading from file system: file:/C:/Users/Usuario/OneDrive%20-%20Universidad%20Icesi%20(@icesi.edu.co)/APO2/Tareas%20integradoras/NuclearThroneAtomic/src/nuclearthroneatomic/target/classes/assets/textures/Avatar/1-Idle/3.png
17:48:16.570 [FXGL Background Thread 2 ] DEBUG FXGLAssetLoaderServi - Loading from file system: file:/C:/Users/Usuario/OneDrive%20-%20Universidad%20Icesi%20(@icesi.edu.co)/APO2/Tareas%20integradoras/NuclearThroneAtomic/src/nuclearthroneatomic/target/classes/assets/textures/Avatar/1-Idle/4.png
17:48:16.597 [FXGL Background Thread 2 ] DEBUG FXGLAssetLoaderServi - Loading from file system: file:/C:/Users/Usuario/OneDrive%20-%20Universidad%20Icesi%20(@icesi.edu.co)/APO2/Tareas%20integradoras/NuclearThroneAtomic/src/nuclearthroneatomic/target/classes/assets/textures/Avatar/2-Run/1.png
17:48:16.601 [FXGL Background Thread 2 ] DEBUG FXGLAssetLoaderServi - Loading from file system: file:/C:/Users/Usuario/OneDrive%20-%20Universidad%20Icesi%20(@icesi.edu.co)/APO2/Tareas%20integradoras/NuclearThroneAtomic/src/nuclearthroneatomic/target/classes/assets/textures/Avatar/2-Run/2.png
17:48:16.605 [FXGL Background Thread 2 ] DEBUG FXGLAssetLoaderServi - Loading from file system: file:/C:/Users/Usuario/OneDrive%20-%20Universidad%20Icesi%20(@icesi.edu.co)/APO2/Tareas%20integradoras/NuclearThroneAtomic/src/nuclearthroneatomic/target/classes/assets/textures/Avatar/2-Run/3.png
17:48:16.607 [FXGL Background Thread 2 ] DEBUG FXGLAssetLoaderServi - Loading from file system: file:/C:/Users/Usuario/OneDrive%20-%20Universidad%20Icesi%20(@icesi.edu.co)/APO2/Tareas%20integradoras/NuclearThroneAtomic/src/nuclearthroneatomic/target/classes/assets/textures/Avatar/2-Run/4.png
17:48:16.610 [FXGL Background Thread 2 ] DEBUG FXGLAssetLoaderServi - Loading from file system: file:/C:/Users/Usuario/OneDrive%20-%20Universidad%20Icesi%20(@icesi.edu.co)/APO2/Tareas%20integradoras/NuclearThroneAtomic/src/nuclearthroneatomic/target/classes/assets/textures/Avatar/2-Run/5.png
17:48:16.612 [FXGL Background Thread 2 ] DEBUG FXGLAssetLoaderServi - Loading from file system: file:/C:/Users/Usuario/OneDrive%20-%20Universidad%20Icesi%20(@icesi.edu.co)/APO2/Tareas%20integradoras/NuclearThroneAtomic/src/nuclearthroneatomic/target/classes/assets/textures/Avatar/2-Run/6.png
17:48:16.619 [FXGL Background Thread 2 ] DEBUG FXGLAssetLoaderServi - Loading from file system: file:/C:/Users/Usuario/OneDrive%20-%20Universidad%20Icesi%20(@icesi.edu.co)/APO2/Tareas%20integradoras/NuclearThroneAtomic/src/nuclearthroneatomic/target/classes/assets/textures/Munition/1.png
17:48:16.657 [FXGL Background Thread 2 ] DEBUG FXGLAssetLoaderServi - Loading from file system: file:/C:/Users/Usuario/OneDrive%20-%20Universidad%20Icesi%20(@icesi.edu.co)/APO2/Tareas%20integradoras/NuclearThroneAtomic/src/nuclearthroneatomic/target/classes/assets/textures/hud/lifeplayer.png
17:48:16.661 [FXGL Background Thread 2 ] DEBUG FXGLAssetLoaderServi - Loading from file system: file:/C:/Users/Usuario/OneDrive%20-%20Universidad%20Icesi%20(@icesi.edu.co)/APO2/Tareas%20integradoras/NuclearThroneAtomic/src/nuclearthroneatomic/target/classes/assets/textures/hud/medkit.png
17:48:16.664 [FXGL Background Thread 2 ] DEBUG FXGLAssetLoaderServi - Loading from file system: file:/C:/Users/Usuario/OneDrive%20-%20Universidad%20Icesi%20(@icesi.edu.co)/APO2/Tareas%20integradoras/NuclearThroneAtomic/src/nuclearthroneatomic/target/classes/assets/textures/hud/trebol.png
17:48:16.671 [FXGL Background Thread 2 ] DEBUG FXGLAssetLoaderServi - Loading from file system: file:/C:/Users/Usuario/OneDrive%20-%20Universidad%20Icesi%20(@icesi.edu.co)/APO2/Tareas%20integradoras/NuclearThroneAtomic/src/nuclearthroneatomic/target/classes/assets/textures/Guns/1.png
17:48:16.677 [FXGL Background Thread 2 ] DEBUG FXGLAssetLoaderServi - Loading from file system: file:/C:/Users/Usuario/OneDrive%20-%20Universidad%20Icesi%20(@icesi.edu.co)/APO2/Tareas%20integradoras/NuclearThroneAtomic/src/nuclearthroneatomic/target/classes/assets/textures/Guns/2.png
17:48:16.682 [FXGL Background Thread 2 ] WARN  FXGLAssetLoaderServi - Asset "/assets/textures/enemy.png" was not found!
17:48:16.682 [FXGL Background Thread 2 ] WARN  FXGLAssetLoaderServi - Failed to load IMAGE
17:48:16.710 [FXGL Background Thread 2 ] DEBUG FXGLAssetLoaderServi - Loading from file system: file:/C:/Users/Usuario/OneDrive%20-%20Universidad%20Icesi%20(@icesi.edu.co)/APO2/Tareas%20integradoras/NuclearThroneAtomic/src/nuclearthroneatomic/target/classes/assets/textures/Wall/1.png
17:48:16.819 [FXGL Background Thread 2 ] INFO  FXGLApplication      - Game initialization took: 0,261 sec
17:48:16.821 [JavaFX Application Thread] DEBUG Input                - Clearing active input actions
17:48:16.829 [JavaFX Application Thread] DEBUG GameApplicationServi - Removing overlay from FXGLLoadingScene and adding to GameScene
17:48:16.830 [JavaFX Application Thread] DEBUG PrimaryStageWindow   - FXGLLoadingScene -> GameScene
17:48:21.074 [JavaFX Application Thread] DEBUG FXGLAssetLoaderServi - Loading from file system: file:/C:/Users/Usuario/OneDrive%20-%20Universidad%20Icesi%20(@icesi.edu.co)/APO2/Tareas%20integradoras/NuclearThroneAtomic/src/nuclearthroneatomic/target/classes/assets/textures/Bullet/1.png
17:48:26.293 [JavaFX Application Thread] DEBUG FXGLApplication      - Exiting FXGL
17:48:26.293 [JavaFX Application Thread] DEBUG LoopRunner           - Stopping loop
17:48:26.293 [JavaFX Application Thread] DEBUG SystemBundleService  - Saving FXGL system data
17:48:26.296 [JavaFX Application Thread] DEBUG FileSystemAccess     - Writing to: C:\Users\Usuario\OneDrive - Universidad Icesi (@icesi.edu.co)\APO2\Tareas integradoras\NuclearThroneAtomic\src\nuclearthroneatomic\system\fxgl.bundle
17:48:26.300 [JavaFX Application Thread] DEBUG Async                - Shutting down background threads
17:48:26.300 [JavaFX Application Thread] DEBUG PrimaryStageWindow   - Closing main window
17:48:26.313 [JavaFX Application Thread] DEBUG Logger               - Closing Logger
