19:29:32.234 [main                     ] DEBUG Logger               - Configured Logger
19:29:32.277 [main                     ] DEBUG GameApplication      - Logging settings
Title: Nuclear Throne Atomic
Version: 0.0
Width: 800
Height: 600
Fullscreen: true
Intro: true
Profiling: false
Single step:false
App Mode: DEVELOPER
Menu Key: ESCAPE
Stage Style: DECORATED
Scene Factory: class com.almasb.fxgl.app.scene.SceneFactory

19:29:33.172 [JavaFX Application Thread] DEBUG FXGLApplication      - Initializing FXGL
19:29:33.181 [JavaFX Application Thread] INFO  Engine               - FXGL-17.2 (20.08.2022 16.50) on WINDOWS (J:20.0.1 FX:18.0.2)
19:29:33.182 [JavaFX Application Thread] DEBUG Engine               - JRE Vendor Name: Oracle Corporation
19:29:33.182 [JavaFX Application Thread] DEBUG Engine               - Running on OS: Windows 10 version 10.0
19:29:33.183 [JavaFX Application Thread] DEBUG Engine               - Architecture: amd64
19:29:33.183 [JavaFX Application Thread] INFO  Engine               - Source code and latest versions at: https://github.com/AlmasB/FXGL
19:29:33.183 [JavaFX Application Thread] INFO  Engine               -       Ask questions and discuss at: https://github.com/AlmasB/FXGL/discussions
19:29:33.183 [JavaFX Application Thread] INFO  Engine               -              Join the FXGL chat at: https://gitter.im/AlmasB/FXGL
19:29:33.309 [JavaFX Application Thread] DEBUG PrimaryStageWindow   - Creating a JavaFX scene
19:29:33.408 [JavaFX Application Thread] DEBUG PrimaryStageWindow   - Target settings size: 800.0 x 600.0
19:29:33.409 [JavaFX Application Thread] DEBUG PrimaryStageWindow   - Scaled scene size:    800.0 x 600.0
19:29:33.410 [JavaFX Application Thread] DEBUG PrimaryStageWindow   - Scaled ratio: (1.0, 1.0)
19:29:33.411 [JavaFX Application Thread] DEBUG PrimaryStageWindow   - Set initial scene to FXGLStartupScene
19:29:33.425 [JavaFX Application Thread] DEBUG PrimaryStageWindow   - Opening main window
19:29:33.593 [JavaFX Application Thread] DEBUG PrimaryStageWindow   - Window border size: (16.0, 39.0)
19:29:33.593 [JavaFX Application Thread] DEBUG PrimaryStageWindow   - Scaled size: 800.0 x 600.0
19:29:33.594 [JavaFX Application Thread] DEBUG PrimaryStageWindow   - Scaled ratio: (1.0, 1.0)
19:29:33.596 [JavaFX Application Thread] DEBUG PrimaryStageWindow   - Scene size: 800.0 x 600.0
19:29:33.598 [JavaFX Application Thread] DEBUG PrimaryStageWindow   - Stage size: 816.0 x 639.0
19:29:33.614 [FXGL Background Thread 1 ] DEBUG Engine               - Initializing environment variables
19:29:33.709 [FXGL Background Thread 1 ] DEBUG FXGLAssetLoaderServi - User app class for loading assets: class com.example.nuclearthroneatomic.Controller
19:29:33.710 [FXGL Background Thread 1 ] DEBUG GameApplicationServi - Applying CSS: fxgl_dark.css
19:29:33.712 [FXGL Background Thread 1 ] DEBUG FXGLAssetLoaderServi - Loading from file system: jar:file:///C:/Users/Usuario/.m2/repository/com/github/almasb/fxgl/17.2/fxgl-17.2.jar!/fxglassets/ui/css/fxgl_dark.css
19:29:33.783 [FXGL Background Thread 1 ] DEBUG GameApplicationServi - Initializing application scenes
19:29:33.845 [FXGL Background Thread 1 ] DEBUG GameWorld            - Game world initialized
19:29:33.960 [FXGL Background Thread 1 ] DEBUG PhysicsWorld         - Physics world initialized: appHeight=600, physics.ppm=50,0
19:29:33.960 [FXGL Background Thread 1 ] DEBUG PhysicsWorld         - Using strategy: BRUTE_FORCE
19:29:33.967 [FXGL Background Thread 1 ] DEBUG GameScene            - Game scene initialized: 800x600
19:29:33.971 [FXGL Background Thread 1 ] DEBUG FXGLAssetLoaderServi - Loading from file system: jar:file:///C:/Users/Usuario/.m2/repository/com/github/almasb/fxgl/17.2/fxgl-17.2.jar!/fxglassets/textures/intro/fxgl_logo.png
19:29:34.008 [FXGL Background Thread 1 ] DEBUG FXGLAssetLoaderServi - Loading from file system: jar:file:///C:/Users/Usuario/.m2/repository/com/github/almasb/fxgl/17.2/fxgl-17.2.jar!/fxglassets/textures/intro/javafx_logo.png
19:29:34.189 [FXGL Background Thread 1 ] DEBUG FXGL.DefaultMenu     - createMenuBodyMainMenu()
19:29:34.213 [FXGL Background Thread 1 ] DEBUG FXGL.DefaultMenu     - createOptionsMenu()
19:29:34.234 [FXGL Background Thread 1 ] DEBUG FXGLAssetLoaderServi - Loading from file system: jar:file:///C:/Users/Usuario/.m2/repository/com/github/almasb/fxgl/17.2/fxgl-17.2.jar!/fxglassets/textures/particles/smoke.png
19:29:34.333 [FXGL Background Thread 1 ] DEBUG FXGLAssetLoaderServi - Loading from file system: jar:file:///C:/Users/Usuario/.m2/repository/com/github/almasb/fxgl/17.2/fxgl-17.2.jar!/fxglassets/textures/particles/trace_horizontal.png
19:29:34.362 [FXGL Background Thread 1 ] DEBUG FXGL.DefaultMenu     - createMenuBodyGameMenu()
19:29:34.365 [FXGL Background Thread 1 ] DEBUG FXGL.DefaultMenu     - createOptionsMenu()
19:29:34.394 [FXGL Background Thread 1 ] DEBUG GameApplicationServi - Application scenes initialized
19:29:34.418 [FXGL Background Thread 1 ] DEBUG SystemBundleService  - Loading FXGL system data
19:29:34.424 [FXGL Background Thread 1 ] DEBUG FileSystemAccess     - Reading from: C:\Users\Usuario\OneDrive - Universidad Icesi (@icesi.edu.co)\APO2\Tareas integradoras\NuclearThroneAtomic\src\nuclearthroneatomic\system\fxgl.bundle
19:29:34.442 [FXGL Background Thread 1 ] DEBUG SystemBundleService  - Bundle FXGL: {}
19:29:34.443 [FXGL Background Thread 1 ] DEBUG UpdaterService       - Checking for updates
19:29:34.455 [FXGL Background Thread 4 ] DEBUG FXGLApplication      - Loading fonts
19:29:34.456 [FXGL Background Thread 1 ] DEBUG FXGLApplication      - Loading default localization
19:29:34.457 [FXGL Background Thread 4 ] DEBUG FXGLAssetLoaderServi - Loading from file system: jar:file:///C:/Users/Usuario/.m2/repository/com/github/almasb/fxgl/17.2/fxgl-17.2.jar!/fxglassets/ui/fonts/VarelaRound-Regular.ttf
19:29:34.458 [FXGL Background Thread 1 ] DEBUG FXGLAssetLoaderServi - Loading from file system: jar:file:///C:/Users/Usuario/.m2/repository/com/github/almasb/fxgl/17.2/fxgl-17.2.jar!/fxglassets/languages/english.lang
19:29:34.495 [FXGL Background Thread 1 ] INFO  FXGLApplication      - FXGL initialization took: 0,880 sec
19:29:34.514 [JavaFX Application Thread] DEBUG Input                - Registered new binding: lucky - Q
19:29:34.515 [JavaFX Application Thread] DEBUG Input                - Registered new binding: health - F
19:29:34.515 [JavaFX Application Thread] DEBUG Input                - Registered new binding: Right - D
19:29:34.515 [JavaFX Application Thread] DEBUG Input                - Registered new binding: Left - A
19:29:34.516 [JavaFX Application Thread] DEBUG Input                - Registered new binding: Up - W
19:29:34.517 [JavaFX Application Thread] DEBUG Input                - Registered new binding: Down - S
19:29:34.519 [JavaFX Application Thread] DEBUG Input                - Registered new binding: Reload - RMB
19:29:34.520 [JavaFX Application Thread] DEBUG Input                - Registered new binding: Shoot - LMB
19:29:34.521 [JavaFX Application Thread] DEBUG FXGLAssetLoaderServi - Loading from file system: jar:file:///C:/Users/Usuario/.m2/repository/com/github/almasb/fxgl/17.2/fxgl-17.2.jar!/fxglassets/textures/fxgl_icon.png
19:29:34.533 [JavaFX Application Thread] DEBUG FXGLAssetLoaderServi - Loading from file system: jar:file:///C:/Users/Usuario/.m2/repository/com/github/almasb/fxgl/17.2/fxgl-17.2.jar!/fxglassets/textures/fxgl_default_cursor.png
19:29:34.538 [JavaFX Application Thread] DEBUG Input                - Registered new binding: Screenshot - CTRL+8
19:29:34.539 [JavaFX Application Thread] DEBUG Input                - Registered new binding: System info dump - CTRL+9
19:29:34.540 [JavaFX Application Thread] DEBUG Input                - Registered new binding: Restart - CTRL+R
19:29:34.541 [JavaFX Application Thread] DEBUG Input                - Registered new binding: Toggle Debug Camera - CTRL+7
19:29:34.545 [JavaFX Application Thread] DEBUG LoopRunner           - Starting loop
19:29:34.546 [JavaFX Application Thread] DEBUG LoopRunner           - Initializing JavaFX AnimationTimerLoop
19:29:34.614 [JavaFX Application Thread] DEBUG Input                - Clearing active input actions
19:29:34.632 [JavaFX Application Thread] DEBUG GameApplicationServi - Removing overlay from FXGLStartupScene and adding to FXGLIntroScene
19:29:34.633 [JavaFX Application Thread] DEBUG PrimaryStageWindow   - FXGLStartupScene -> FXGLIntroScene
19:29:34.742 [FXGL Background Thread 4 ] DEBUG FXGLAssetLoaderServi - Loading from file system: jar:file:///C:/Users/Usuario/.m2/repository/com/github/almasb/fxgl/17.2/fxgl-17.2.jar!/fxglassets/ui/fonts/Abel-Regular.ttf
19:29:34.749 [FXGL Background Thread 4 ] DEBUG FXGLAssetLoaderServi - Loading from file system: jar:file:///C:/Users/Usuario/.m2/repository/com/github/almasb/fxgl/17.2/fxgl-17.2.jar!/fxglassets/ui/fonts/TerminalLandMono-Regular.otf
19:29:34.756 [FXGL Background Thread 4 ] DEBUG FXGLAssetLoaderServi - Loading from file system: jar:file:///C:/Users/Usuario/.m2/repository/com/github/almasb/fxgl/17.2/fxgl-17.2.jar!/fxglassets/ui/fonts/Courier-Prime.ttf
19:29:34.768 [JavaFX Application Thread] DEBUG FXGLApplication      - Registering font factories with UI factory
19:29:35.240 [FXGL Background Thread 2 ] INFO  UpdaterService       - Your current version:  17.2
19:29:35.240 [FXGL Background Thread 2 ] INFO  UpdaterService       - Latest stable version: 17.3
19:29:37.453 [FXGL Background Thread 3 ] DEBUG Engine               - Logging environment variables
19:29:37.453 [FXGL Background Thread 3 ] DEBUG Engine               - achievements: []
19:29:37.454 [FXGL Background Thread 3 ] DEBUG Engine               - actualHeight: 600.0
19:29:37.454 [FXGL Background Thread 3 ] DEBUG Engine               - actualHeightProperty: ReadOnlyDoubleProperty [value: 600.0]
19:29:37.454 [FXGL Background Thread 3 ] DEBUG Engine               - actualWidth: 800.0
19:29:37.454 [FXGL Background Thread 3 ] DEBUG Engine               - actualWidthProperty: ReadOnlyDoubleProperty [value: 800.0]
19:29:37.454 [FXGL Background Thread 3 ] DEBUG Engine               - appIcon: fxgl_icon.png
19:29:37.454 [FXGL Background Thread 3 ] DEBUG Engine               - applicationMode: DEVELOPER
19:29:37.454 [FXGL Background Thread 3 ] DEBUG Engine               - cSSList: [fxgl_dark.css]
19:29:37.454 [FXGL Background Thread 3 ] DEBUG Engine               - collisionDetectionStrategy: BRUTE_FORCE
19:29:37.454 [FXGL Background Thread 3 ] DEBUG Engine               - configClass: Optional.empty
19:29:37.454 [FXGL Background Thread 3 ] DEBUG Engine               - credits: []
19:29:37.455 [FXGL Background Thread 3 ] DEBUG Engine               - defaultCursor: CursorInfo(imageName=fxgl_default_cursor.png, hotspotX=7.0, hotspotY=6.0)
19:29:37.455 [FXGL Background Thread 3 ] DEBUG Engine               - devBBoxColorProperty: ObjectProperty [value: 0xff0000ff]
19:29:37.455 [FXGL Background Thread 3 ] DEBUG Engine               - devEnableDebugCameraProperty: BooleanProperty [value: false]
19:29:37.455 [FXGL Background Thread 3 ] DEBUG Engine               - devSensorColorProperty: ObjectProperty [value: 0xffff00ff]
19:29:37.455 [FXGL Background Thread 3 ] DEBUG Engine               - devShowBBoxProperty: BooleanProperty [value: false]
19:29:37.455 [FXGL Background Thread 3 ] DEBUG Engine               - devShowPositionProperty: BooleanProperty [value: false]
19:29:37.456 [FXGL Background Thread 3 ] DEBUG Engine               - enabledMenuItems: []
19:29:37.456 [FXGL Background Thread 3 ] DEBUG Engine               - engineServices: [class com.almasb.fxgl.app.services.FXGLAssetLoaderService, class com.almasb.fxgl.app.FXGLApplication$GameApplicationService, class com.almasb.fxgl.app.services.FXGLDialogService, class com.almasb.fxgl.app.services.IOTaskExecutorService, class com.almasb.fxgl.io.FileSystemService, class com.almasb.fxgl.localization.LocalizationService, class com.almasb.fxgl.app.services.SystemBundleService, class com.almasb.fxgl.profile.SaveLoadService, class com.almasb.fxgl.ui.FXGLUIFactoryServiceProvider, class com.almasb.fxgl.ui.FXGLDialogFactoryServiceProvider, class com.almasb.fxgl.audio.AudioPlayer, class com.almasb.fxgl.notification.impl.NotificationServiceProvider, class com.almasb.fxgl.achievement.AchievementService, class com.almasb.fxgl.cutscene.CutsceneService, class com.almasb.fxgl.minigames.MiniGameService, class com.almasb.fxgl.net.NetService, class com.almasb.fxgl.app.services.UpdaterService, class com.almasb.fxgl.dev.DevService]
19:29:37.456 [FXGL Background Thread 3 ] DEBUG Engine               - fontGame: Abel-Regular.ttf
19:29:37.456 [FXGL Background Thread 3 ] DEBUG Engine               - fontMono: TerminalLandMono-Regular.otf
19:29:37.456 [FXGL Background Thread 3 ] DEBUG Engine               - fontText: Courier-Prime.ttf
19:29:37.456 [FXGL Background Thread 3 ] DEBUG Engine               - fontUI: VarelaRound-Regular.ttf
19:29:37.456 [FXGL Background Thread 3 ] DEBUG Engine               - fullScreen: BooleanProperty [value: false]
19:29:37.456 [FXGL Background Thread 3 ] DEBUG Engine               - gameDifficulty: MEDIUM
19:29:37.456 [FXGL Background Thread 3 ] DEBUG Engine               - gameDifficultyProperty: ObjectProperty [value: MEDIUM]
19:29:37.456 [FXGL Background Thread 3 ] DEBUG Engine               - globalMusicVolume: 0.5
19:29:37.456 [FXGL Background Thread 3 ] DEBUG Engine               - globalMusicVolumeProperty: DoubleProperty [value: 0.5]
19:29:37.457 [FXGL Background Thread 3 ] DEBUG Engine               - globalSoundVolume: 0.5
19:29:37.457 [FXGL Background Thread 3 ] DEBUG Engine               - globalSoundVolumeProperty: DoubleProperty [value: 0.5]
19:29:37.457 [FXGL Background Thread 3 ] DEBUG Engine               - height: 600
19:29:37.457 [FXGL Background Thread 3 ] DEBUG Engine               - is3D: false
19:29:37.457 [FXGL Background Thread 3 ] DEBUG Engine               - isAndroid: false
19:29:37.457 [FXGL Background Thread 3 ] DEBUG Engine               - isBrowser: false
19:29:37.457 [FXGL Background Thread 3 ] DEBUG Engine               - isClickFeedbackEnabled: false
19:29:37.457 [FXGL Background Thread 3 ] DEBUG Engine               - isCloseConfirmation: false
19:29:37.457 [FXGL Background Thread 3 ] DEBUG Engine               - isDesktop: true
19:29:37.457 [FXGL Background Thread 3 ] DEBUG Engine               - isDeveloperMenuEnabled: false
19:29:37.457 [FXGL Background Thread 3 ] DEBUG Engine               - isEmbedded: false
19:29:37.457 [FXGL Background Thread 3 ] DEBUG Engine               - isEntityPreloadEnabled: true
19:29:37.457 [FXGL Background Thread 3 ] DEBUG Engine               - isExperimentalTiledLargeMap: false
19:29:37.457 [FXGL Background Thread 3 ] DEBUG Engine               - isFileSystemWriteAllowed: true
19:29:37.458 [FXGL Background Thread 3 ] DEBUG Engine               - isFullScreenAllowed: true
19:29:37.458 [FXGL Background Thread 3 ] DEBUG Engine               - isFullScreenFromStart: false
19:29:37.458 [FXGL Background Thread 3 ] DEBUG Engine               - isGameMenuEnabled: true
19:29:37.458 [FXGL Background Thread 3 ] DEBUG Engine               - isIOS: false
19:29:37.458 [FXGL Background Thread 3 ] DEBUG Engine               - isIntroEnabled: true
19:29:37.458 [FXGL Background Thread 3 ] DEBUG Engine               - isLinux: false
19:29:37.458 [FXGL Background Thread 3 ] DEBUG Engine               - isMac: false
19:29:37.458 [FXGL Background Thread 3 ] DEBUG Engine               - isMainMenuEnabled: true
19:29:37.458 [FXGL Background Thread 3 ] DEBUG Engine               - isManualResizeEnabled: false
19:29:37.458 [FXGL Background Thread 3 ] DEBUG Engine               - isMobile: false
19:29:37.458 [FXGL Background Thread 3 ] DEBUG Engine               - isNative: false
19:29:37.458 [FXGL Background Thread 3 ] DEBUG Engine               - isPauseMusicWhenMinimized: true
19:29:37.458 [FXGL Background Thread 3 ] DEBUG Engine               - isPreserveResizeRatio: false
19:29:37.458 [FXGL Background Thread 3 ] DEBUG Engine               - isProfilingEnabled: false
19:29:37.458 [FXGL Background Thread 3 ] DEBUG Engine               - isScaleAffectedOnResize: true
19:29:37.459 [FXGL Background Thread 3 ] DEBUG Engine               - isSingleStep: false
19:29:37.459 [FXGL Background Thread 3 ] DEBUG Engine               - isUserProfileEnabled: false
19:29:37.459 [FXGL Background Thread 3 ] DEBUG Engine               - isWindows: true
19:29:37.459 [FXGL Background Thread 3 ] DEBUG Engine               - language: ObjectProperty [value: ENGLISH]
19:29:37.459 [FXGL Background Thread 3 ] DEBUG Engine               - menuKey: ESCAPE
19:29:37.459 [FXGL Background Thread 3 ] DEBUG Engine               - mouseSensitivity: 0.2
19:29:37.459 [FXGL Background Thread 3 ] DEBUG Engine               - notificationViewClass: class com.almasb.fxgl.notification.view.XboxNotificationView
19:29:37.459 [FXGL Background Thread 3 ] DEBUG Engine               - pixelsPerMeter: 50.0
19:29:37.459 [FXGL Background Thread 3 ] DEBUG Engine               - platform: WINDOWS
19:29:37.459 [FXGL Background Thread 3 ] DEBUG Engine               - prefHeightProperty: ReadOnlyDoubleProperty [value: 600.0]
19:29:37.459 [FXGL Background Thread 3 ] DEBUG Engine               - prefWidthProperty: ReadOnlyDoubleProperty [value: 800.0]
19:29:37.459 [FXGL Background Thread 3 ] DEBUG Engine               - profileDir: profiles/
19:29:37.459 [FXGL Background Thread 3 ] DEBUG Engine               - profileName: StringProperty [value: DEFAULT]
19:29:37.459 [FXGL Background Thread 3 ] DEBUG Engine               - randomSeed: -1
19:29:37.460 [FXGL Background Thread 3 ] DEBUG Engine               - runtimeInfo: RuntimeInfo(platform=WINDOWS, version=17.2, build=20.08.2022 16.50)
19:29:37.460 [FXGL Background Thread 3 ] DEBUG Engine               - saveFileExt: sav
19:29:37.460 [FXGL Background Thread 3 ] DEBUG Engine               - scaledHeightProp$fxgl: DoubleProperty [bound, value: 600.0]
19:29:37.460 [FXGL Background Thread 3 ] DEBUG Engine               - scaledWidthProp$fxgl: DoubleProperty [bound, value: 800.0]
19:29:37.460 [FXGL Background Thread 3 ] DEBUG Engine               - sceneFactory: com.almasb.fxgl.app.scene.SceneFactory@6c2acc93
19:29:37.460 [FXGL Background Thread 3 ] DEBUG Engine               - secondsIn24h: 60
19:29:37.460 [FXGL Background Thread 3 ] DEBUG Engine               - soundMenuBack: menu/back.wav
19:29:37.460 [FXGL Background Thread 3 ] DEBUG Engine               - soundMenuPress: menu/press.wav
19:29:37.461 [FXGL Background Thread 3 ] DEBUG Engine               - soundMenuSelect: menu/select.wav
19:29:37.461 [FXGL Background Thread 3 ] DEBUG Engine               - soundNotification: core/notification.wav
19:29:37.461 [FXGL Background Thread 3 ] DEBUG Engine               - stageStyle: DECORATED
19:29:37.461 [FXGL Background Thread 3 ] DEBUG Engine               - supportedLanguages: [ENGLISH, FRENCH, GERMAN, HUNGARIAN, RUSSIAN]
19:29:37.461 [FXGL Background Thread 3 ] DEBUG Engine               - ticksPerSecond: -1
19:29:37.461 [FXGL Background Thread 3 ] DEBUG Engine               - title: Nuclear Throne Atomic
19:29:37.461 [FXGL Background Thread 3 ] DEBUG Engine               - urlGithub: https://github.com/AlmasB/FXGL
19:29:37.461 [FXGL Background Thread 3 ] DEBUG Engine               - urlLeaderboard: http://fxgl-top.herokuapp.com/
19:29:37.461 [FXGL Background Thread 3 ] DEBUG Engine               - urlPOM: https://raw.githubusercontent.com/AlmasB/FXGL/release/README.md
19:29:37.461 [FXGL Background Thread 3 ] DEBUG Engine               - userAppClass: class com.example.nuclearthroneatomic.Controller
19:29:37.461 [FXGL Background Thread 3 ] DEBUG Engine               - version: 0.0
19:29:37.461 [FXGL Background Thread 3 ] DEBUG Engine               - versionCheckDays: 7
19:29:37.461 [FXGL Background Thread 3 ] DEBUG Engine               - width: 800
19:29:37.461 [FXGL Background Thread 3 ] DEBUG Engine               - Logging services
19:29:37.461 [FXGL Background Thread 3 ] DEBUG Engine               - class com.almasb.fxgl.app.services.FXGLAssetLoaderService
19:29:37.462 [FXGL Background Thread 3 ] DEBUG Engine               - class com.almasb.fxgl.app.FXGLApplication$GameApplicationService
19:29:37.462 [FXGL Background Thread 3 ] DEBUG Engine               - class com.almasb.fxgl.app.services.FXGLDialogService
19:29:37.462 [FXGL Background Thread 3 ] DEBUG Engine               - class com.almasb.fxgl.app.services.IOTaskExecutorService
19:29:37.462 [FXGL Background Thread 3 ] DEBUG Engine               - class com.almasb.fxgl.io.FileSystemService
19:29:37.462 [FXGL Background Thread 3 ] DEBUG Engine               - class com.almasb.fxgl.localization.LocalizationService
19:29:37.462 [FXGL Background Thread 3 ] DEBUG Engine               - class com.almasb.fxgl.app.services.SystemBundleService
19:29:37.462 [FXGL Background Thread 3 ] DEBUG Engine               - class com.almasb.fxgl.profile.SaveLoadService
19:29:37.462 [FXGL Background Thread 3 ] DEBUG Engine               - class com.almasb.fxgl.ui.FXGLUIFactoryServiceProvider
19:29:37.462 [FXGL Background Thread 3 ] DEBUG Engine               - class com.almasb.fxgl.ui.FXGLDialogFactoryServiceProvider
19:29:37.462 [FXGL Background Thread 3 ] DEBUG Engine               - class com.almasb.fxgl.audio.AudioPlayer
19:29:37.462 [FXGL Background Thread 3 ] DEBUG Engine               - class com.almasb.fxgl.notification.impl.NotificationServiceProvider
19:29:37.462 [FXGL Background Thread 3 ] DEBUG Engine               - class com.almasb.fxgl.achievement.AchievementService
19:29:37.462 [FXGL Background Thread 3 ] DEBUG Engine               - class com.almasb.fxgl.cutscene.CutsceneService
19:29:37.462 [FXGL Background Thread 3 ] DEBUG Engine               - class com.almasb.fxgl.minigames.MiniGameService
19:29:37.462 [FXGL Background Thread 3 ] DEBUG Engine               - class com.almasb.fxgl.net.NetService
19:29:37.462 [FXGL Background Thread 3 ] DEBUG Engine               - class com.almasb.fxgl.app.services.UpdaterService
19:29:37.462 [FXGL Background Thread 3 ] DEBUG Engine               - class com.almasb.fxgl.dev.DevService
19:29:42.548 [JavaFX Application Thread] DEBUG Input                - Clearing active input actions
19:29:42.559 [JavaFX Application Thread] DEBUG GameApplicationServi - Removing overlay from FXGLIntroScene and adding to FXGLMainMenuDummyScene
19:29:42.560 [JavaFX Application Thread] DEBUG PrimaryStageWindow   - FXGLIntroScene -> FXGLMainMenuDummyScene
19:29:42.560 [JavaFX Application Thread] DEBUG PrimaryStageWindow   - Push state: FXGLDefaultMenu
19:29:42.564 [JavaFX Application Thread] DEBUG Input                - Clearing active input actions
19:29:42.573 [JavaFX Application Thread] DEBUG GameApplicationServi - Removing overlay from FXGLMainMenuDummyScene and adding to FXGLDefaultMenu
19:29:42.573 [JavaFX Application Thread] DEBUG PrimaryStageWindow   - FXGLMainMenuDummyScene -> FXGLDefaultMenu
19:29:44.161 [JavaFX Application Thread] DEBUG Menu                 - fireNewGame()
19:29:44.162 [JavaFX Application Thread] DEBUG GameApplicationServi - Starting new game
19:29:44.164 [JavaFX Application Thread] DEBUG PrimaryStageWindow   - Pop state: FXGLDefaultMenu
19:29:44.164 [JavaFX Application Thread] DEBUG Input                - Clearing active input actions
19:29:44.165 [JavaFX Application Thread] DEBUG GameApplicationServi - Removing overlay from FXGLDefaultMenu and adding to FXGLMainMenuDummyScene
19:29:44.166 [JavaFX Application Thread] DEBUG PrimaryStageWindow   - FXGLMainMenuDummyScene <- FXGLDefaultMenu
19:29:44.166 [JavaFX Application Thread] DEBUG Input                - Clearing active input actions
19:29:44.175 [JavaFX Application Thread] DEBUG GameApplicationServi - Removing overlay from FXGLMainMenuDummyScene and adding to FXGLLoadingScene
19:29:44.175 [JavaFX Application Thread] DEBUG PrimaryStageWindow   - FXGLMainMenuDummyScene -> FXGLLoadingScene
19:29:44.175 [JavaFX Application Thread] DEBUG GameApplicationServi - Clearing previous game
19:29:44.175 [JavaFX Application Thread] DEBUG GameScene            - Clearing game scene
19:29:44.176 [JavaFX Application Thread] DEBUG GameWorld            - Clearing game world
19:29:44.176 [JavaFX Application Thread] DEBUG PhysicsWorld         - Clearing physics world
19:29:44.180 [FXGL Background Thread 2 ] DEBUG FXGLApplication      - Initializing game
19:29:44.191 [FXGL Background Thread 2 ] DEBUG FXGLAssetLoaderServi - Loading from file system: file:/C:/Users/Usuario/OneDrive%20-%20Universidad%20Icesi%20(@icesi.edu.co)/APO2/Tareas%20integradoras/NuclearThroneAtomic/src/nuclearthroneatomic/target/classes/assets/textures/Avatar/1-Idle/1.png
19:29:44.193 [FXGL Background Thread 2 ] DEBUG FXGLAssetLoaderServi - Loading from file system: file:/C:/Users/Usuario/OneDrive%20-%20Universidad%20Icesi%20(@icesi.edu.co)/APO2/Tareas%20integradoras/NuclearThroneAtomic/src/nuclearthroneatomic/target/classes/assets/textures/Avatar/1-Idle/2.png
19:29:44.195 [FXGL Background Thread 2 ] DEBUG FXGLAssetLoaderServi - Loading from file system: file:/C:/Users/Usuario/OneDrive%20-%20Universidad%20Icesi%20(@icesi.edu.co)/APO2/Tareas%20integradoras/NuclearThroneAtomic/src/nuclearthroneatomic/target/classes/assets/textures/Avatar/1-Idle/3.png
19:29:44.198 [FXGL Background Thread 2 ] DEBUG FXGLAssetLoaderServi - Loading from file system: file:/C:/Users/Usuario/OneDrive%20-%20Universidad%20Icesi%20(@icesi.edu.co)/APO2/Tareas%20integradoras/NuclearThroneAtomic/src/nuclearthroneatomic/target/classes/assets/textures/Avatar/1-Idle/4.png
19:29:44.237 [FXGL Background Thread 2 ] DEBUG FXGLAssetLoaderServi - Loading from file system: file:/C:/Users/Usuario/OneDrive%20-%20Universidad%20Icesi%20(@icesi.edu.co)/APO2/Tareas%20integradoras/NuclearThroneAtomic/src/nuclearthroneatomic/target/classes/assets/textures/Avatar/2-Run/1.png
19:29:44.241 [FXGL Background Thread 2 ] DEBUG FXGLAssetLoaderServi - Loading from file system: file:/C:/Users/Usuario/OneDrive%20-%20Universidad%20Icesi%20(@icesi.edu.co)/APO2/Tareas%20integradoras/NuclearThroneAtomic/src/nuclearthroneatomic/target/classes/assets/textures/Avatar/2-Run/2.png
19:29:44.244 [FXGL Background Thread 2 ] DEBUG FXGLAssetLoaderServi - Loading from file system: file:/C:/Users/Usuario/OneDrive%20-%20Universidad%20Icesi%20(@icesi.edu.co)/APO2/Tareas%20integradoras/NuclearThroneAtomic/src/nuclearthroneatomic/target/classes/assets/textures/Avatar/2-Run/3.png
19:29:44.247 [FXGL Background Thread 2 ] DEBUG FXGLAssetLoaderServi - Loading from file system: file:/C:/Users/Usuario/OneDrive%20-%20Universidad%20Icesi%20(@icesi.edu.co)/APO2/Tareas%20integradoras/NuclearThroneAtomic/src/nuclearthroneatomic/target/classes/assets/textures/Avatar/2-Run/4.png
19:29:44.251 [FXGL Background Thread 2 ] DEBUG FXGLAssetLoaderServi - Loading from file system: file:/C:/Users/Usuario/OneDrive%20-%20Universidad%20Icesi%20(@icesi.edu.co)/APO2/Tareas%20integradoras/NuclearThroneAtomic/src/nuclearthroneatomic/target/classes/assets/textures/Avatar/2-Run/5.png
19:29:44.253 [FXGL Background Thread 2 ] DEBUG FXGLAssetLoaderServi - Loading from file system: file:/C:/Users/Usuario/OneDrive%20-%20Universidad%20Icesi%20(@icesi.edu.co)/APO2/Tareas%20integradoras/NuclearThroneAtomic/src/nuclearthroneatomic/target/classes/assets/textures/Avatar/2-Run/6.png
19:29:44.259 [FXGL Background Thread 2 ] DEBUG FXGLAssetLoaderServi - Loading from file system: file:/C:/Users/Usuario/OneDrive%20-%20Universidad%20Icesi%20(@icesi.edu.co)/APO2/Tareas%20integradoras/NuclearThroneAtomic/src/nuclearthroneatomic/target/classes/assets/textures/Munition/1.png
19:29:44.299 [FXGL Background Thread 2 ] DEBUG FXGLAssetLoaderServi - Loading from file system: file:/C:/Users/Usuario/OneDrive%20-%20Universidad%20Icesi%20(@icesi.edu.co)/APO2/Tareas%20integradoras/NuclearThroneAtomic/src/nuclearthroneatomic/target/classes/assets/textures/hud/lifeplayer.png
19:29:44.304 [FXGL Background Thread 2 ] DEBUG FXGLAssetLoaderServi - Loading from file system: file:/C:/Users/Usuario/OneDrive%20-%20Universidad%20Icesi%20(@icesi.edu.co)/APO2/Tareas%20integradoras/NuclearThroneAtomic/src/nuclearthroneatomic/target/classes/assets/textures/hud/medkit.png
19:29:44.308 [FXGL Background Thread 2 ] DEBUG FXGLAssetLoaderServi - Loading from file system: file:/C:/Users/Usuario/OneDrive%20-%20Universidad%20Icesi%20(@icesi.edu.co)/APO2/Tareas%20integradoras/NuclearThroneAtomic/src/nuclearthroneatomic/target/classes/assets/textures/hud/trebol.png
19:29:44.315 [FXGL Background Thread 2 ] DEBUG FXGLAssetLoaderServi - Loading from file system: file:/C:/Users/Usuario/OneDrive%20-%20Universidad%20Icesi%20(@icesi.edu.co)/APO2/Tareas%20integradoras/NuclearThroneAtomic/src/nuclearthroneatomic/target/classes/assets/textures/Guns/1.png
19:29:44.320 [FXGL Background Thread 2 ] DEBUG FXGLAssetLoaderServi - Loading from file system: file:/C:/Users/Usuario/OneDrive%20-%20Universidad%20Icesi%20(@icesi.edu.co)/APO2/Tareas%20integradoras/NuclearThroneAtomic/src/nuclearthroneatomic/target/classes/assets/textures/enemy/1-Idle/1.png
19:29:44.322 [FXGL Background Thread 2 ] DEBUG FXGLAssetLoaderServi - Loading from file system: file:/C:/Users/Usuario/OneDrive%20-%20Universidad%20Icesi%20(@icesi.edu.co)/APO2/Tareas%20integradoras/NuclearThroneAtomic/src/nuclearthroneatomic/target/classes/assets/textures/enemy/1-Idle/2.png
19:29:44.324 [FXGL Background Thread 2 ] DEBUG FXGLAssetLoaderServi - Loading from file system: file:/C:/Users/Usuario/OneDrive%20-%20Universidad%20Icesi%20(@icesi.edu.co)/APO2/Tareas%20integradoras/NuclearThroneAtomic/src/nuclearthroneatomic/target/classes/assets/textures/enemy/1-Idle/3.png
19:29:44.325 [FXGL Background Thread 2 ] DEBUG FXGLAssetLoaderServi - Loading from file system: file:/C:/Users/Usuario/OneDrive%20-%20Universidad%20Icesi%20(@icesi.edu.co)/APO2/Tareas%20integradoras/NuclearThroneAtomic/src/nuclearthroneatomic/target/classes/assets/textures/enemy/1-Idle/4.png
19:29:44.353 [FXGL Background Thread 2 ] DEBUG FXGLAssetLoaderServi - Loading from file system: file:/C:/Users/Usuario/OneDrive%20-%20Universidad%20Icesi%20(@icesi.edu.co)/APO2/Tareas%20integradoras/NuclearThroneAtomic/src/nuclearthroneatomic/target/classes/assets/textures/portal/1.png
19:29:44.358 [FXGL Background Thread 2 ] DEBUG FXGLAssetLoaderServi - Loading from file system: file:/C:/Users/Usuario/OneDrive%20-%20Universidad%20Icesi%20(@icesi.edu.co)/APO2/Tareas%20integradoras/NuclearThroneAtomic/src/nuclearthroneatomic/target/classes/assets/textures/portal/2.png
19:29:44.362 [FXGL Background Thread 2 ] DEBUG FXGLAssetLoaderServi - Loading from file system: file:/C:/Users/Usuario/OneDrive%20-%20Universidad%20Icesi%20(@icesi.edu.co)/APO2/Tareas%20integradoras/NuclearThroneAtomic/src/nuclearthroneatomic/target/classes/assets/textures/portal/3.png
19:29:44.367 [FXGL Background Thread 2 ] DEBUG FXGLAssetLoaderServi - Loading from file system: file:/C:/Users/Usuario/OneDrive%20-%20Universidad%20Icesi%20(@icesi.edu.co)/APO2/Tareas%20integradoras/NuclearThroneAtomic/src/nuclearthroneatomic/target/classes/assets/textures/portal/4.png
19:29:44.382 [FXGL Background Thread 2 ] DEBUG FXGLAssetLoaderServi - Loading from file system: file:/C:/Users/Usuario/OneDrive%20-%20Universidad%20Icesi%20(@icesi.edu.co)/APO2/Tareas%20integradoras/NuclearThroneAtomic/src/nuclearthroneatomic/target/classes/assets/textures/Wall/1.png
19:29:44.508 [FXGL Background Thread 2 ] INFO  FXGLApplication      - Game initialization took: 0,328 sec
19:29:44.515 [JavaFX Application Thread] DEBUG Input                - Clearing active input actions
19:29:44.523 [JavaFX Application Thread] DEBUG GameApplicationServi - Removing overlay from FXGLLoadingScene and adding to GameScene
19:29:44.524 [JavaFX Application Thread] DEBUG PrimaryStageWindow   - FXGLLoadingScene -> GameScene
19:29:49.021 [JavaFX Application Thread] DEBUG PrimaryStageWindow   - Push state: FXGLDefaultMenu
19:29:49.022 [JavaFX Application Thread] DEBUG Input                - Clearing active input actions
19:29:49.023 [JavaFX Application Thread] DEBUG GameApplicationServi - Removing overlay from GameScene and adding to FXGLDefaultMenu
19:29:49.023 [JavaFX Application Thread] DEBUG PrimaryStageWindow   - GameScene -> FXGLDefaultMenu
19:29:54.515 [JavaFX Application Thread] DEBUG FXGL.DefaultMenu     - createContentVideo()
19:29:58.065 [JavaFX Application Thread] DEBUG PrimaryStageWindow   - Pop state: FXGLDefaultMenu
19:29:58.065 [JavaFX Application Thread] DEBUG Input                - Clearing active input actions
19:29:58.066 [JavaFX Application Thread] DEBUG GameApplicationServi - Removing overlay from FXGLDefaultMenu and adding to GameScene
19:29:58.066 [JavaFX Application Thread] DEBUG PrimaryStageWindow   - GameScene <- FXGLDefaultMenu
19:30:08.813 [JavaFX Application Thread] DEBUG PrimaryStageWindow   - Push state: FXGLDefaultMenu
19:30:08.814 [JavaFX Application Thread] DEBUG Input                - Clearing active input actions
19:30:08.815 [JavaFX Application Thread] DEBUG GameApplicationServi - Removing overlay from GameScene and adding to FXGLDefaultMenu
19:30:08.815 [JavaFX Application Thread] DEBUG PrimaryStageWindow   - GameScene -> FXGLDefaultMenu
19:30:09.913 [JavaFX Application Thread] DEBUG Menu                 - fireExitToMainMenu()
19:30:09.918 [JavaFX Application Thread] DEBUG PrimaryStageWindow   - Push state: DialogSubScene
19:30:09.918 [JavaFX Application Thread] DEBUG Input                - Clearing active input actions
19:30:09.919 [JavaFX Application Thread] DEBUG GameApplicationServi - Removing overlay from FXGLDefaultMenu and adding to DialogSubScene
19:30:09.919 [JavaFX Application Thread] DEBUG PrimaryStageWindow   - FXGLDefaultMenu -> DialogSubScene
19:30:10.553 [JavaFX Application Thread] DEBUG PrimaryStageWindow   - Pop state: DialogSubScene
19:30:10.553 [JavaFX Application Thread] DEBUG Input                - Clearing active input actions
19:30:10.553 [JavaFX Application Thread] DEBUG GameApplicationServi - Removing overlay from DialogSubScene and adding to FXGLDefaultMenu
19:30:10.554 [JavaFX Application Thread] DEBUG PrimaryStageWindow   - FXGLDefaultMenu <- DialogSubScene
19:30:10.554 [JavaFX Application Thread] DEBUG PrimaryStageWindow   - Pop state: FXGLDefaultMenu
19:30:10.554 [JavaFX Application Thread] DEBUG Input                - Clearing active input actions
19:30:10.554 [JavaFX Application Thread] DEBUG GameApplicationServi - Removing overlay from FXGLDefaultMenu and adding to GameScene
19:30:10.554 [JavaFX Application Thread] DEBUG PrimaryStageWindow   - GameScene <- FXGLDefaultMenu
19:30:10.554 [JavaFX Application Thread] DEBUG Input                - Clearing active input actions
19:30:10.567 [JavaFX Application Thread] DEBUG GameApplicationServi - Removing overlay from GameScene and adding to FXGLMainMenuDummyScene
19:30:10.568 [JavaFX Application Thread] DEBUG PrimaryStageWindow   - GameScene -> FXGLMainMenuDummyScene
19:30:10.568 [JavaFX Application Thread] DEBUG PrimaryStageWindow   - Push state: FXGLDefaultMenu
19:30:10.568 [JavaFX Application Thread] DEBUG Input                - Clearing active input actions
19:30:10.570 [JavaFX Application Thread] DEBUG GameApplicationServi - Removing overlay from FXGLMainMenuDummyScene and adding to FXGLDefaultMenu
19:30:10.570 [JavaFX Application Thread] DEBUG PrimaryStageWindow   - FXGLMainMenuDummyScene -> FXGLDefaultMenu
19:30:11.385 [JavaFX Application Thread] DEBUG Menu                 - fireExit()
19:30:11.386 [JavaFX Application Thread] DEBUG PrimaryStageWindow   - Push state: DialogSubScene
19:30:11.387 [JavaFX Application Thread] DEBUG Input                - Clearing active input actions
19:30:11.387 [JavaFX Application Thread] DEBUG GameApplicationServi - Removing overlay from FXGLDefaultMenu and adding to DialogSubScene
19:30:11.388 [JavaFX Application Thread] DEBUG PrimaryStageWindow   - FXGLDefaultMenu -> DialogSubScene
19:30:11.943 [JavaFX Application Thread] DEBUG PrimaryStageWindow   - Pop state: DialogSubScene
19:30:11.943 [JavaFX Application Thread] DEBUG Input                - Clearing active input actions
19:30:11.943 [JavaFX Application Thread] DEBUG GameApplicationServi - Removing overlay from DialogSubScene and adding to FXGLDefaultMenu
19:30:11.943 [JavaFX Application Thread] DEBUG PrimaryStageWindow   - FXGLDefaultMenu <- DialogSubScene
19:30:11.943 [JavaFX Application Thread] DEBUG FXGLApplication      - Exiting FXGL
19:30:11.943 [JavaFX Application Thread] DEBUG LoopRunner           - Stopping loop
19:30:11.943 [JavaFX Application Thread] DEBUG SystemBundleService  - Saving FXGL system data
19:30:11.946 [JavaFX Application Thread] DEBUG FileSystemAccess     - Writing to: C:\Users\Usuario\OneDrive - Universidad Icesi (@icesi.edu.co)\APO2\Tareas integradoras\NuclearThroneAtomic\src\nuclearthroneatomic\system\fxgl.bundle
19:30:11.950 [JavaFX Application Thread] DEBUG Async                - Shutting down background threads
19:30:11.950 [JavaFX Application Thread] DEBUG PrimaryStageWindow   - Closing main window
19:30:11.976 [JavaFX Application Thread] DEBUG Logger               - Closing Logger
