09:20:54.199 [main                     ] DEBUG Logger               - Configured Logger
09:20:54.241 [main                     ] DEBUG GameApplication      - Logging settings
Title: Nuclear Throne Atomic
Version: 0.0
Width: 800
Height: 600
Fullscreen: true
Intro: false
Profiling: false
Single step:false
App Mode: DEVELOPER
Menu Key: ESCAPE
Stage Style: DECORATED
Scene Factory: class com.almasb.fxgl.app.scene.SceneFactory

09:20:55.445 [JavaFX Application Thread] DEBUG FXGLApplication      - Initializing FXGL
09:20:55.452 [JavaFX Application Thread] INFO  Engine               - FXGL-17.2 (20.08.2022 16.50) on WINDOWS (J:20.0.1 FX:19.0.2.1)
09:20:55.453 [JavaFX Application Thread] DEBUG Engine               - JRE Vendor Name: Oracle Corporation
09:20:55.454 [JavaFX Application Thread] DEBUG Engine               - Running on OS: Windows 10 version 10.0
09:20:55.454 [JavaFX Application Thread] DEBUG Engine               - Architecture: amd64
09:20:55.454 [JavaFX Application Thread] INFO  Engine               - Source code and latest versions at: https://github.com/AlmasB/FXGL
09:20:55.454 [JavaFX Application Thread] INFO  Engine               -       Ask questions and discuss at: https://github.com/AlmasB/FXGL/discussions
09:20:55.454 [JavaFX Application Thread] INFO  Engine               -              Join the FXGL chat at: https://gitter.im/AlmasB/FXGL
09:20:55.585 [JavaFX Application Thread] DEBUG PrimaryStageWindow   - Creating a JavaFX scene
09:20:55.673 [JavaFX Application Thread] DEBUG PrimaryStageWindow   - Target settings size: 800.0 x 600.0
09:20:55.674 [JavaFX Application Thread] DEBUG PrimaryStageWindow   - Scaled scene size:    800.0 x 600.0
09:20:55.674 [JavaFX Application Thread] DEBUG PrimaryStageWindow   - Scaled ratio: (1.0, 1.0)
09:20:55.676 [JavaFX Application Thread] DEBUG PrimaryStageWindow   - Set initial scene to FXGLStartupScene
09:20:55.683 [JavaFX Application Thread] DEBUG PrimaryStageWindow   - Opening main window
09:20:55.801 [JavaFX Application Thread] DEBUG PrimaryStageWindow   - Window border size: (16.0, 39.0)
09:20:55.802 [JavaFX Application Thread] DEBUG PrimaryStageWindow   - Scaled size: 800.0 x 600.0
09:20:55.802 [JavaFX Application Thread] DEBUG PrimaryStageWindow   - Scaled ratio: (1.0, 1.0)
09:20:55.802 [JavaFX Application Thread] DEBUG PrimaryStageWindow   - Scene size: 800.0 x 600.0
09:20:55.803 [JavaFX Application Thread] DEBUG PrimaryStageWindow   - Stage size: 816.0 x 639.0
09:20:55.819 [FXGL Background Thread 1 ] DEBUG Engine               - Initializing environment variables
09:20:55.920 [FXGL Background Thread 1 ] DEBUG FXGLAssetLoaderServi - User app class for loading assets: class com.example.nuclearthroneatomic.Controller
09:20:55.920 [FXGL Background Thread 1 ] DEBUG GameApplicationServi - Applying CSS: fxgl_dark.css
09:20:55.922 [FXGL Background Thread 1 ] DEBUG FXGLAssetLoaderServi - Loading from file system: jar:file:///C:/Users/Usuario/.m2/repository/com/github/almasb/fxgl/17.2/fxgl-17.2.jar!/fxglassets/ui/css/fxgl_dark.css
09:20:56.000 [FXGL Background Thread 1 ] DEBUG GameApplicationServi - Initializing application scenes
09:20:56.075 [FXGL Background Thread 1 ] DEBUG GameWorld            - Game world initialized
09:20:56.188 [FXGL Background Thread 1 ] DEBUG PhysicsWorld         - Physics world initialized: appHeight=600, physics.ppm=50,0
09:20:56.189 [FXGL Background Thread 1 ] DEBUG PhysicsWorld         - Using strategy: BRUTE_FORCE
09:20:56.200 [FXGL Background Thread 1 ] DEBUG GameScene            - Game scene initialized: 800x600
09:20:56.222 [FXGL Background Thread 1 ] DEBUG FXGL.DefaultMenu     - createMenuBodyMainMenu()
09:20:56.262 [FXGL Background Thread 1 ] DEBUG FXGL.DefaultMenu     - createOptionsMenu()
09:20:56.280 [FXGL Background Thread 1 ] DEBUG FXGL.DefaultMenu     - createExtraMenu()
09:20:56.298 [FXGL Background Thread 1 ] DEBUG FXGLAssetLoaderServi - Loading from file system: jar:file:///C:/Users/Usuario/.m2/repository/com/github/almasb/fxgl/17.2/fxgl-17.2.jar!/fxglassets/textures/particles/smoke.png
09:20:56.477 [FXGL Background Thread 1 ] DEBUG FXGLAssetLoaderServi - Loading from file system: jar:file:///C:/Users/Usuario/.m2/repository/com/github/almasb/fxgl/17.2/fxgl-17.2.jar!/fxglassets/textures/particles/trace_horizontal.png
09:20:56.535 [FXGL Background Thread 1 ] DEBUG FXGL.DefaultMenu     - createMenuBodyGameMenu()
09:20:56.538 [FXGL Background Thread 1 ] DEBUG FXGL.DefaultMenu     - createOptionsMenu()
09:20:56.545 [FXGL Background Thread 1 ] DEBUG FXGL.DefaultMenu     - createExtraMenu()
09:20:56.571 [FXGL Background Thread 1 ] DEBUG GameApplicationServi - Application scenes initialized
09:20:56.600 [FXGL Background Thread 1 ] DEBUG SystemBundleService  - Loading FXGL system data
09:20:56.609 [FXGL Background Thread 1 ] DEBUG FileSystemAccess     - Reading from: C:\Users\Usuario\OneDrive - Universidad Icesi (@icesi.edu.co)\APO2\Tareas integradoras\NuclearThroneAtomic\src\nuclearthroneatomic\system\fxgl.bundle
09:20:56.626 [FXGL Background Thread 1 ] DEBUG SystemBundleService  - Bundle FXGL: {}
09:20:56.627 [FXGL Background Thread 1 ] DEBUG UpdaterService       - Checking for updates
09:20:56.637 [FXGL Background Thread 4 ] DEBUG FXGLApplication      - Loading fonts
09:20:56.638 [FXGL Background Thread 1 ] DEBUG FXGLApplication      - Loading default localization
09:20:56.639 [FXGL Background Thread 4 ] DEBUG FXGLAssetLoaderServi - Loading from file system: jar:file:///C:/Users/Usuario/.m2/repository/com/github/almasb/fxgl/17.2/fxgl-17.2.jar!/fxglassets/ui/fonts/VarelaRound-Regular.ttf
09:20:56.641 [FXGL Background Thread 1 ] DEBUG FXGLAssetLoaderServi - Loading from file system: jar:file:///C:/Users/Usuario/.m2/repository/com/github/almasb/fxgl/17.2/fxgl-17.2.jar!/fxglassets/languages/english.lang
09:20:56.676 [FXGL Background Thread 1 ] INFO  FXGLApplication      - FXGL initialization took: 0,857 sec
09:20:56.695 [JavaFX Application Thread] DEBUG Input                - Registered new binding: lucky - Q
09:20:56.695 [JavaFX Application Thread] DEBUG Input                - Registered new binding: health - F
09:20:56.696 [JavaFX Application Thread] DEBUG Input                - Registered new binding: Right - D
09:20:56.696 [JavaFX Application Thread] DEBUG Input                - Registered new binding: Left - A
09:20:56.696 [JavaFX Application Thread] DEBUG Input                - Registered new binding: Up - W
09:20:56.696 [JavaFX Application Thread] DEBUG Input                - Registered new binding: Down - S
09:20:56.699 [JavaFX Application Thread] DEBUG Input                - Registered new binding: Reload - RMB
09:20:56.699 [JavaFX Application Thread] DEBUG Input                - Registered new binding: Shoot - LMB
09:20:56.701 [JavaFX Application Thread] DEBUG FXGLAssetLoaderServi - Loading from file system: file:/C:/Users/Usuario/OneDrive%20-%20Universidad%20Icesi%20(@icesi.edu.co)/APO2/Tareas%20integradoras/NuclearThroneAtomic/src/nuclearthroneatomic/target/classes/assets/music/muiscformenus.mp3
09:20:56.862 [FXGL Background Thread 4 ] DEBUG FXGLAssetLoaderServi - Loading from file system: jar:file:///C:/Users/Usuario/.m2/repository/com/github/almasb/fxgl/17.2/fxgl-17.2.jar!/fxglassets/ui/fonts/Abel-Regular.ttf
09:20:56.868 [FXGL Background Thread 4 ] DEBUG FXGLAssetLoaderServi - Loading from file system: jar:file:///C:/Users/Usuario/.m2/repository/com/github/almasb/fxgl/17.2/fxgl-17.2.jar!/fxglassets/ui/fonts/TerminalLandMono-Regular.otf
09:20:56.886 [FXGL Background Thread 4 ] DEBUG FXGLAssetLoaderServi - Loading from file system: jar:file:///C:/Users/Usuario/.m2/repository/com/github/almasb/fxgl/17.2/fxgl-17.2.jar!/fxglassets/ui/fonts/Courier-Prime.ttf
09:20:56.977 [JavaFX Application Thread] DEBUG AudioPlayer          - Playing music com.almasb.fxgl.audio.Music@755481f
09:20:56.979 [JavaFX Application Thread] DEBUG FXGLAssetLoaderServi - Loading from file system: jar:file:///C:/Users/Usuario/.m2/repository/com/github/almasb/fxgl/17.2/fxgl-17.2.jar!/fxglassets/textures/fxgl_icon.png
09:20:57.017 [JavaFX Application Thread] DEBUG FXGLAssetLoaderServi - Loading from file system: jar:file:///C:/Users/Usuario/.m2/repository/com/github/almasb/fxgl/17.2/fxgl-17.2.jar!/fxglassets/textures/fxgl_default_cursor.png
09:20:57.021 [JavaFX Application Thread] DEBUG Input                - Registered new binding: Screenshot - CTRL+8
09:20:57.022 [JavaFX Application Thread] DEBUG Input                - Registered new binding: System info dump - CTRL+9
09:20:57.022 [JavaFX Application Thread] DEBUG Input                - Registered new binding: Restart - CTRL+R
09:20:57.023 [JavaFX Application Thread] DEBUG Input                - Registered new binding: Toggle Debug Camera - CTRL+7
09:20:57.028 [JavaFX Application Thread] DEBUG LoopRunner           - Starting loop
09:20:57.029 [JavaFX Application Thread] DEBUG LoopRunner           - Initializing JavaFX AnimationTimerLoop
09:20:57.034 [JavaFX Application Thread] DEBUG Input                - Clearing active input actions
09:20:57.051 [JavaFX Application Thread] DEBUG GameApplicationServi - Removing overlay from FXGLStartupScene and adding to FXGLMainMenuDummyScene
09:20:57.052 [JavaFX Application Thread] DEBUG PrimaryStageWindow   - FXGLStartupScene -> FXGLMainMenuDummyScene
09:20:57.053 [JavaFX Application Thread] DEBUG PrimaryStageWindow   - Push state: FXGLDefaultMenu
09:20:57.061 [JavaFX Application Thread] DEBUG Input                - Clearing active input actions
09:20:57.076 [JavaFX Application Thread] DEBUG GameApplicationServi - Removing overlay from FXGLMainMenuDummyScene and adding to FXGLDefaultMenu
09:20:57.077 [JavaFX Application Thread] DEBUG PrimaryStageWindow   - FXGLMainMenuDummyScene -> FXGLDefaultMenu
09:20:57.094 [JavaFX Application Thread] DEBUG FXGLApplication      - Registering font factories with UI factory
09:20:57.374 [FXGL Background Thread 2 ] INFO  UpdaterService       - Your current version:  17.2
09:20:57.375 [FXGL Background Thread 2 ] INFO  UpdaterService       - Latest stable version: 17.3
09:20:58.195 [JavaFX Application Thread] DEBUG Menu                 - fireNewGame()
09:20:58.195 [JavaFX Application Thread] DEBUG GameApplicationServi - Starting new game
09:20:58.198 [JavaFX Application Thread] DEBUG PrimaryStageWindow   - Pop state: FXGLDefaultMenu
09:20:58.199 [JavaFX Application Thread] DEBUG Input                - Clearing active input actions
09:20:58.200 [JavaFX Application Thread] DEBUG GameApplicationServi - Removing overlay from FXGLDefaultMenu and adding to FXGLMainMenuDummyScene
09:20:58.201 [JavaFX Application Thread] DEBUG PrimaryStageWindow   - FXGLMainMenuDummyScene <- FXGLDefaultMenu
09:20:58.201 [JavaFX Application Thread] DEBUG Input                - Clearing active input actions
09:20:58.212 [JavaFX Application Thread] DEBUG GameApplicationServi - Removing overlay from FXGLMainMenuDummyScene and adding to FXGLLoadingScene
09:20:58.213 [JavaFX Application Thread] DEBUG PrimaryStageWindow   - FXGLMainMenuDummyScene -> FXGLLoadingScene
09:20:58.213 [JavaFX Application Thread] DEBUG GameApplicationServi - Clearing previous game
09:20:58.213 [JavaFX Application Thread] DEBUG GameScene            - Clearing game scene
09:20:58.213 [JavaFX Application Thread] DEBUG GameWorld            - Clearing game world
09:20:58.213 [JavaFX Application Thread] DEBUG PhysicsWorld         - Clearing physics world
09:20:58.216 [FXGL Background Thread 2 ] DEBUG FXGLApplication      - Initializing game
09:20:58.225 [FXGL Background Thread 2 ] DEBUG FXGLAssetLoaderServi - Loading from file system: file:/C:/Users/Usuario/OneDrive%20-%20Universidad%20Icesi%20(@icesi.edu.co)/APO2/Tareas%20integradoras/NuclearThroneAtomic/src/nuclearthroneatomic/target/classes/assets/textures/Avatar/1-Idle/1.png
09:20:58.229 [FXGL Background Thread 2 ] DEBUG FXGLAssetLoaderServi - Loading from file system: file:/C:/Users/Usuario/OneDrive%20-%20Universidad%20Icesi%20(@icesi.edu.co)/APO2/Tareas%20integradoras/NuclearThroneAtomic/src/nuclearthroneatomic/target/classes/assets/textures/Avatar/1-Idle/2.png
09:20:58.233 [FXGL Background Thread 2 ] DEBUG FXGLAssetLoaderServi - Loading from file system: file:/C:/Users/Usuario/OneDrive%20-%20Universidad%20Icesi%20(@icesi.edu.co)/APO2/Tareas%20integradoras/NuclearThroneAtomic/src/nuclearthroneatomic/target/classes/assets/textures/Avatar/1-Idle/3.png
09:20:58.236 [FXGL Background Thread 2 ] DEBUG FXGLAssetLoaderServi - Loading from file system: file:/C:/Users/Usuario/OneDrive%20-%20Universidad%20Icesi%20(@icesi.edu.co)/APO2/Tareas%20integradoras/NuclearThroneAtomic/src/nuclearthroneatomic/target/classes/assets/textures/Avatar/1-Idle/4.png
09:20:58.273 [FXGL Background Thread 2 ] DEBUG FXGLAssetLoaderServi - Loading from file system: file:/C:/Users/Usuario/OneDrive%20-%20Universidad%20Icesi%20(@icesi.edu.co)/APO2/Tareas%20integradoras/NuclearThroneAtomic/src/nuclearthroneatomic/target/classes/assets/textures/Avatar/2-Run/1.png
09:20:58.277 [FXGL Background Thread 2 ] DEBUG FXGLAssetLoaderServi - Loading from file system: file:/C:/Users/Usuario/OneDrive%20-%20Universidad%20Icesi%20(@icesi.edu.co)/APO2/Tareas%20integradoras/NuclearThroneAtomic/src/nuclearthroneatomic/target/classes/assets/textures/Avatar/2-Run/2.png
09:20:58.281 [FXGL Background Thread 2 ] DEBUG FXGLAssetLoaderServi - Loading from file system: file:/C:/Users/Usuario/OneDrive%20-%20Universidad%20Icesi%20(@icesi.edu.co)/APO2/Tareas%20integradoras/NuclearThroneAtomic/src/nuclearthroneatomic/target/classes/assets/textures/Avatar/2-Run/3.png
09:20:58.283 [FXGL Background Thread 2 ] DEBUG FXGLAssetLoaderServi - Loading from file system: file:/C:/Users/Usuario/OneDrive%20-%20Universidad%20Icesi%20(@icesi.edu.co)/APO2/Tareas%20integradoras/NuclearThroneAtomic/src/nuclearthroneatomic/target/classes/assets/textures/Avatar/2-Run/4.png
09:20:58.286 [FXGL Background Thread 2 ] DEBUG FXGLAssetLoaderServi - Loading from file system: file:/C:/Users/Usuario/OneDrive%20-%20Universidad%20Icesi%20(@icesi.edu.co)/APO2/Tareas%20integradoras/NuclearThroneAtomic/src/nuclearthroneatomic/target/classes/assets/textures/Avatar/2-Run/5.png
09:20:58.288 [FXGL Background Thread 2 ] DEBUG FXGLAssetLoaderServi - Loading from file system: file:/C:/Users/Usuario/OneDrive%20-%20Universidad%20Icesi%20(@icesi.edu.co)/APO2/Tareas%20integradoras/NuclearThroneAtomic/src/nuclearthroneatomic/target/classes/assets/textures/Avatar/2-Run/6.png
09:20:58.296 [FXGL Background Thread 2 ] DEBUG FXGLAssetLoaderServi - Loading from file system: file:/C:/Users/Usuario/OneDrive%20-%20Universidad%20Icesi%20(@icesi.edu.co)/APO2/Tareas%20integradoras/NuclearThroneAtomic/src/nuclearthroneatomic/target/classes/assets/textures/Munition/1.png
09:20:58.348 [FXGL Background Thread 2 ] DEBUG FXGLAssetLoaderServi - Loading from file system: file:/C:/Users/Usuario/OneDrive%20-%20Universidad%20Icesi%20(@icesi.edu.co)/APO2/Tareas%20integradoras/NuclearThroneAtomic/src/nuclearthroneatomic/target/classes/assets/textures/hud/lifeplayer.png
09:20:58.356 [FXGL Background Thread 2 ] DEBUG FXGLAssetLoaderServi - Loading from file system: file:/C:/Users/Usuario/OneDrive%20-%20Universidad%20Icesi%20(@icesi.edu.co)/APO2/Tareas%20integradoras/NuclearThroneAtomic/src/nuclearthroneatomic/target/classes/assets/textures/hud/medkit.png
09:20:58.360 [FXGL Background Thread 2 ] DEBUG FXGLAssetLoaderServi - Loading from file system: file:/C:/Users/Usuario/OneDrive%20-%20Universidad%20Icesi%20(@icesi.edu.co)/APO2/Tareas%20integradoras/NuclearThroneAtomic/src/nuclearthroneatomic/target/classes/assets/textures/hud/trebol.png
09:20:58.366 [FXGL Background Thread 2 ] DEBUG FXGLAssetLoaderServi - Loading from file system: file:/C:/Users/Usuario/OneDrive%20-%20Universidad%20Icesi%20(@icesi.edu.co)/APO2/Tareas%20integradoras/NuclearThroneAtomic/src/nuclearthroneatomic/target/classes/assets/textures/Guns/2.png
09:20:58.372 [FXGL Background Thread 2 ] DEBUG FXGLAssetLoaderServi - Loading from file system: file:/C:/Users/Usuario/OneDrive%20-%20Universidad%20Icesi%20(@icesi.edu.co)/APO2/Tareas%20integradoras/NuclearThroneAtomic/src/nuclearthroneatomic/target/classes/assets/textures/enemy/1-Idle/1.png
09:20:58.373 [FXGL Background Thread 2 ] DEBUG FXGLAssetLoaderServi - Loading from file system: file:/C:/Users/Usuario/OneDrive%20-%20Universidad%20Icesi%20(@icesi.edu.co)/APO2/Tareas%20integradoras/NuclearThroneAtomic/src/nuclearthroneatomic/target/classes/assets/textures/enemy/1-Idle/2.png
09:20:58.375 [FXGL Background Thread 2 ] DEBUG FXGLAssetLoaderServi - Loading from file system: file:/C:/Users/Usuario/OneDrive%20-%20Universidad%20Icesi%20(@icesi.edu.co)/APO2/Tareas%20integradoras/NuclearThroneAtomic/src/nuclearthroneatomic/target/classes/assets/textures/enemy/1-Idle/3.png
09:20:58.377 [FXGL Background Thread 2 ] DEBUG FXGLAssetLoaderServi - Loading from file system: file:/C:/Users/Usuario/OneDrive%20-%20Universidad%20Icesi%20(@icesi.edu.co)/APO2/Tareas%20integradoras/NuclearThroneAtomic/src/nuclearthroneatomic/target/classes/assets/textures/enemy/1-Idle/4.png
09:20:58.388 [FXGL Background Thread 2 ] DEBUG FXGLAssetLoaderServi - Loading from file system: file:/C:/Users/Usuario/OneDrive%20-%20Universidad%20Icesi%20(@icesi.edu.co)/APO2/Tareas%20integradoras/NuclearThroneAtomic/src/nuclearthroneatomic/target/classes/assets/textures/enemy/2-Run/1.png
09:20:58.390 [FXGL Background Thread 2 ] DEBUG FXGLAssetLoaderServi - Loading from file system: file:/C:/Users/Usuario/OneDrive%20-%20Universidad%20Icesi%20(@icesi.edu.co)/APO2/Tareas%20integradoras/NuclearThroneAtomic/src/nuclearthroneatomic/target/classes/assets/textures/enemy/2-Run/2.png
09:20:58.392 [FXGL Background Thread 2 ] DEBUG FXGLAssetLoaderServi - Loading from file system: file:/C:/Users/Usuario/OneDrive%20-%20Universidad%20Icesi%20(@icesi.edu.co)/APO2/Tareas%20integradoras/NuclearThroneAtomic/src/nuclearthroneatomic/target/classes/assets/textures/enemy/2-Run/3.png
09:20:58.394 [FXGL Background Thread 2 ] DEBUG FXGLAssetLoaderServi - Loading from file system: file:/C:/Users/Usuario/OneDrive%20-%20Universidad%20Icesi%20(@icesi.edu.co)/APO2/Tareas%20integradoras/NuclearThroneAtomic/src/nuclearthroneatomic/target/classes/assets/textures/enemy/2-Run/4.png
09:20:58.397 [FXGL Background Thread 2 ] DEBUG FXGLAssetLoaderServi - Loading from file system: file:/C:/Users/Usuario/OneDrive%20-%20Universidad%20Icesi%20(@icesi.edu.co)/APO2/Tareas%20integradoras/NuclearThroneAtomic/src/nuclearthroneatomic/target/classes/assets/textures/enemy/2-Run/5.png
09:20:58.400 [FXGL Background Thread 2 ] DEBUG FXGLAssetLoaderServi - Loading from file system: file:/C:/Users/Usuario/OneDrive%20-%20Universidad%20Icesi%20(@icesi.edu.co)/APO2/Tareas%20integradoras/NuclearThroneAtomic/src/nuclearthroneatomic/target/classes/assets/textures/enemy/2-Run/6.png
09:20:58.404 [FXGL Background Thread 2 ] DEBUG FXGLAssetLoaderServi - Loading from file system: file:/C:/Users/Usuario/OneDrive%20-%20Universidad%20Icesi%20(@icesi.edu.co)/APO2/Tareas%20integradoras/NuclearThroneAtomic/src/nuclearthroneatomic/target/classes/assets/textures/Guns/1.png
09:20:58.437 [FXGL Background Thread 2 ] DEBUG FXGLAssetLoaderServi - Loading from file system: file:/C:/Users/Usuario/OneDrive%20-%20Universidad%20Icesi%20(@icesi.edu.co)/APO2/Tareas%20integradoras/NuclearThroneAtomic/src/nuclearthroneatomic/target/classes/assets/textures/mouse/mousecomplete.png
09:20:58.441 [FXGL Background Thread 2 ] DEBUG FXGLAssetLoaderServi - Loading from file system: file:/C:/Users/Usuario/OneDrive%20-%20Universidad%20Icesi%20(@icesi.edu.co)/APO2/Tareas%20integradoras/NuclearThroneAtomic/src/nuclearthroneatomic/target/classes/assets/textures/Wall/1.png
09:20:58.687 [FXGL Background Thread 2 ] INFO  FXGLApplication      - Game initialization took: 0,472 sec
09:20:58.688 [JavaFX Application Thread] DEBUG Input                - Clearing active input actions
09:20:58.705 [JavaFX Application Thread] DEBUG GameApplicationServi - Removing overlay from FXGLLoadingScene and adding to GameScene
09:20:58.706 [JavaFX Application Thread] DEBUG PrimaryStageWindow   - FXGLLoadingScene -> GameScene
09:20:59.382 [JavaFX Application Thread] DEBUG FXGLAssetLoaderServi - Loading from file system: file:/C:/Users/Usuario/OneDrive%20-%20Universidad%20Icesi%20(@icesi.edu.co)/APO2/Tareas%20integradoras/NuclearThroneAtomic/src/nuclearthroneatomic/target/classes/assets/textures/Munition/2.png
09:20:59.646 [FXGL Background Thread 3 ] DEBUG Engine               - Logging environment variables
09:20:59.647 [FXGL Background Thread 3 ] DEBUG Engine               - achievements: []
09:20:59.647 [FXGL Background Thread 3 ] DEBUG Engine               - actualHeight: 600.0
09:20:59.647 [FXGL Background Thread 3 ] DEBUG Engine               - actualHeightProperty: ReadOnlyDoubleProperty [value: 600.0]
09:20:59.647 [FXGL Background Thread 3 ] DEBUG Engine               - actualWidth: 800.0
09:20:59.647 [FXGL Background Thread 3 ] DEBUG Engine               - actualWidthProperty: ReadOnlyDoubleProperty [value: 800.0]
09:20:59.648 [FXGL Background Thread 3 ] DEBUG Engine               - appIcon: fxgl_icon.png
09:20:59.648 [FXGL Background Thread 3 ] DEBUG Engine               - applicationMode: DEVELOPER
09:20:59.648 [FXGL Background Thread 3 ] DEBUG Engine               - cSSList: [fxgl_dark.css]
09:20:59.648 [FXGL Background Thread 3 ] DEBUG Engine               - collisionDetectionStrategy: BRUTE_FORCE
09:20:59.648 [FXGL Background Thread 3 ] DEBUG Engine               - configClass: Optional.empty
09:20:59.648 [FXGL Background Thread 3 ] DEBUG Engine               - credits: [Designer . . . . . . . Johan Daniel Aguirre, Program Team . . . . . . Juan Sebastián Libreros,                           Juan Jose Barrera,                           Johan Daniel Aguirre, El mas lindo . . . . . . Juan Sebastián Libreros, Master Thief . . . . . . Johan Daniel Aguirre]
09:20:59.649 [FXGL Background Thread 3 ] DEBUG Engine               - defaultCursor: CursorInfo(imageName=fxgl_default_cursor.png, hotspotX=7.0, hotspotY=6.0)
09:20:59.649 [FXGL Background Thread 3 ] DEBUG Engine               - devBBoxColorProperty: ObjectProperty [value: 0xff0000ff]
09:20:59.649 [FXGL Background Thread 3 ] DEBUG Engine               - devEnableDebugCameraProperty: BooleanProperty [value: false]
09:20:59.650 [FXGL Background Thread 3 ] DEBUG Engine               - devSensorColorProperty: ObjectProperty [value: 0xffff00ff]
09:20:59.650 [FXGL Background Thread 3 ] DEBUG Engine               - devShowBBoxProperty: BooleanProperty [value: false]
09:20:59.650 [FXGL Background Thread 3 ] DEBUG Engine               - devShowPositionProperty: BooleanProperty [value: false]
09:20:59.650 [FXGL Background Thread 3 ] DEBUG Engine               - enabledMenuItems: [EXTRA]
09:20:59.650 [FXGL Background Thread 3 ] DEBUG Engine               - engineServices: [class com.almasb.fxgl.app.services.FXGLAssetLoaderService, class com.almasb.fxgl.app.FXGLApplication$GameApplicationService, class com.almasb.fxgl.app.services.FXGLDialogService, class com.almasb.fxgl.app.services.IOTaskExecutorService, class com.almasb.fxgl.io.FileSystemService, class com.almasb.fxgl.localization.LocalizationService, class com.almasb.fxgl.app.services.SystemBundleService, class com.almasb.fxgl.profile.SaveLoadService, class com.almasb.fxgl.ui.FXGLUIFactoryServiceProvider, class com.almasb.fxgl.ui.FXGLDialogFactoryServiceProvider, class com.almasb.fxgl.audio.AudioPlayer, class com.almasb.fxgl.notification.impl.NotificationServiceProvider, class com.almasb.fxgl.achievement.AchievementService, class com.almasb.fxgl.cutscene.CutsceneService, class com.almasb.fxgl.minigames.MiniGameService, class com.almasb.fxgl.net.NetService, class com.almasb.fxgl.app.services.UpdaterService, class com.almasb.fxgl.dev.DevService]
09:20:59.650 [FXGL Background Thread 3 ] DEBUG Engine               - fontGame: Abel-Regular.ttf
09:20:59.650 [FXGL Background Thread 3 ] DEBUG Engine               - fontMono: TerminalLandMono-Regular.otf
09:20:59.650 [FXGL Background Thread 3 ] DEBUG Engine               - fontText: Courier-Prime.ttf
09:20:59.650 [FXGL Background Thread 3 ] DEBUG Engine               - fontUI: VarelaRound-Regular.ttf
09:20:59.650 [FXGL Background Thread 3 ] DEBUG Engine               - fullScreen: BooleanProperty [value: false]
09:20:59.651 [FXGL Background Thread 3 ] DEBUG Engine               - gameDifficulty: MEDIUM
09:20:59.651 [FXGL Background Thread 3 ] DEBUG Engine               - gameDifficultyProperty: ObjectProperty [value: MEDIUM]
09:20:59.651 [FXGL Background Thread 3 ] DEBUG Engine               - globalMusicVolume: 0.5
09:20:59.651 [FXGL Background Thread 3 ] DEBUG Engine               - globalMusicVolumeProperty: DoubleProperty [value: 1.0]
09:20:59.651 [FXGL Background Thread 3 ] DEBUG Engine               - globalSoundVolume: 0.5
09:20:59.651 [FXGL Background Thread 3 ] DEBUG Engine               - globalSoundVolumeProperty: DoubleProperty [value: 0.1]
09:20:59.651 [FXGL Background Thread 3 ] DEBUG Engine               - height: 600
09:20:59.651 [FXGL Background Thread 3 ] DEBUG Engine               - is3D: false
09:20:59.651 [FXGL Background Thread 3 ] DEBUG Engine               - isAndroid: false
09:20:59.651 [FXGL Background Thread 3 ] DEBUG Engine               - isBrowser: false
09:20:59.651 [FXGL Background Thread 3 ] DEBUG Engine               - isClickFeedbackEnabled: false
09:20:59.651 [FXGL Background Thread 3 ] DEBUG Engine               - isCloseConfirmation: false
09:20:59.652 [FXGL Background Thread 3 ] DEBUG Engine               - isDesktop: true
09:20:59.652 [FXGL Background Thread 3 ] DEBUG Engine               - isDeveloperMenuEnabled: false
09:20:59.652 [FXGL Background Thread 3 ] DEBUG Engine               - isEmbedded: false
09:20:59.652 [FXGL Background Thread 3 ] DEBUG Engine               - isEntityPreloadEnabled: true
09:20:59.652 [FXGL Background Thread 3 ] DEBUG Engine               - isExperimentalTiledLargeMap: false
09:20:59.652 [FXGL Background Thread 3 ] DEBUG Engine               - isFileSystemWriteAllowed: true
09:20:59.652 [FXGL Background Thread 3 ] DEBUG Engine               - isFullScreenAllowed: true
09:20:59.652 [FXGL Background Thread 3 ] DEBUG Engine               - isFullScreenFromStart: false
09:20:59.652 [FXGL Background Thread 3 ] DEBUG Engine               - isGameMenuEnabled: true
09:20:59.652 [FXGL Background Thread 3 ] DEBUG Engine               - isIOS: false
09:20:59.652 [FXGL Background Thread 3 ] DEBUG Engine               - isIntroEnabled: false
09:20:59.652 [FXGL Background Thread 3 ] DEBUG Engine               - isLinux: false
09:20:59.652 [FXGL Background Thread 3 ] DEBUG Engine               - isMac: false
09:20:59.652 [FXGL Background Thread 3 ] DEBUG Engine               - isMainMenuEnabled: true
09:20:59.652 [FXGL Background Thread 3 ] DEBUG Engine               - isManualResizeEnabled: false
09:20:59.653 [FXGL Background Thread 3 ] DEBUG Engine               - isMobile: false
09:20:59.653 [FXGL Background Thread 3 ] DEBUG Engine               - isNative: false
09:20:59.653 [FXGL Background Thread 3 ] DEBUG Engine               - isPauseMusicWhenMinimized: true
09:20:59.653 [FXGL Background Thread 3 ] DEBUG Engine               - isPreserveResizeRatio: false
09:20:59.653 [FXGL Background Thread 3 ] DEBUG Engine               - isProfilingEnabled: false
09:20:59.653 [FXGL Background Thread 3 ] DEBUG Engine               - isScaleAffectedOnResize: true
09:20:59.653 [FXGL Background Thread 3 ] DEBUG Engine               - isSingleStep: false
09:20:59.653 [FXGL Background Thread 3 ] DEBUG Engine               - isUserProfileEnabled: false
09:20:59.653 [FXGL Background Thread 3 ] DEBUG Engine               - isWindows: true
09:20:59.653 [FXGL Background Thread 3 ] DEBUG Engine               - language: ObjectProperty [value: ENGLISH]
09:20:59.653 [FXGL Background Thread 3 ] DEBUG Engine               - menuKey: ESCAPE
09:20:59.653 [FXGL Background Thread 3 ] DEBUG Engine               - mouseSensitivity: 0.2
09:20:59.654 [FXGL Background Thread 3 ] DEBUG Engine               - notificationViewClass: class com.almasb.fxgl.notification.view.XboxNotificationView
09:20:59.654 [FXGL Background Thread 3 ] DEBUG Engine               - pixelsPerMeter: 50.0
09:20:59.654 [FXGL Background Thread 3 ] DEBUG Engine               - platform: WINDOWS
09:20:59.654 [FXGL Background Thread 3 ] DEBUG Engine               - prefHeightProperty: ReadOnlyDoubleProperty [value: 600.0]
09:20:59.654 [FXGL Background Thread 3 ] DEBUG Engine               - prefWidthProperty: ReadOnlyDoubleProperty [value: 800.0]
09:20:59.654 [FXGL Background Thread 3 ] DEBUG Engine               - profileDir: profiles/
09:20:59.654 [FXGL Background Thread 3 ] DEBUG Engine               - profileName: StringProperty [value: DEFAULT]
09:20:59.654 [FXGL Background Thread 3 ] DEBUG Engine               - randomSeed: -1
09:20:59.655 [FXGL Background Thread 3 ] DEBUG Engine               - runtimeInfo: RuntimeInfo(platform=WINDOWS, version=17.2, build=20.08.2022 16.50)
09:20:59.656 [FXGL Background Thread 3 ] DEBUG Engine               - saveFileExt: sav
09:20:59.656 [FXGL Background Thread 3 ] DEBUG Engine               - scaledHeightProp$fxgl: DoubleProperty [bound, value: 600.0]
09:20:59.656 [FXGL Background Thread 3 ] DEBUG Engine               - scaledWidthProp$fxgl: DoubleProperty [bound, value: 800.0]
09:20:59.656 [FXGL Background Thread 3 ] DEBUG Engine               - sceneFactory: com.almasb.fxgl.app.scene.SceneFactory@5af835b3
09:20:59.656 [FXGL Background Thread 3 ] DEBUG Engine               - secondsIn24h: 60
09:20:59.656 [FXGL Background Thread 3 ] DEBUG Engine               - soundMenuBack: menu/back.wav
09:20:59.656 [FXGL Background Thread 3 ] DEBUG Engine               - soundMenuPress: menu/press.wav
09:20:59.657 [FXGL Background Thread 3 ] DEBUG Engine               - soundMenuSelect: menu/select.wav
09:20:59.657 [FXGL Background Thread 3 ] DEBUG Engine               - soundNotification: core/notification.wav
09:20:59.657 [FXGL Background Thread 3 ] DEBUG Engine               - stageStyle: DECORATED
09:20:59.657 [FXGL Background Thread 3 ] DEBUG Engine               - supportedLanguages: [ENGLISH, FRENCH, GERMAN, HUNGARIAN, RUSSIAN]
09:20:59.657 [FXGL Background Thread 3 ] DEBUG Engine               - ticksPerSecond: -1
09:20:59.657 [FXGL Background Thread 3 ] DEBUG Engine               - title: Nuclear Throne Atomic
09:20:59.657 [FXGL Background Thread 3 ] DEBUG Engine               - urlGithub: https://github.com/AlmasB/FXGL
09:20:59.657 [FXGL Background Thread 3 ] DEBUG Engine               - urlLeaderboard: http://fxgl-top.herokuapp.com/
09:20:59.657 [FXGL Background Thread 3 ] DEBUG Engine               - urlPOM: https://raw.githubusercontent.com/AlmasB/FXGL/release/README.md
09:20:59.657 [FXGL Background Thread 3 ] DEBUG Engine               - userAppClass: class com.example.nuclearthroneatomic.Controller
09:20:59.657 [FXGL Background Thread 3 ] DEBUG Engine               - version: 0.0
09:20:59.657 [FXGL Background Thread 3 ] DEBUG Engine               - versionCheckDays: 7
09:20:59.657 [FXGL Background Thread 3 ] DEBUG Engine               - width: 800
09:20:59.658 [FXGL Background Thread 3 ] DEBUG Engine               - Logging services
09:20:59.658 [FXGL Background Thread 3 ] DEBUG Engine               - class com.almasb.fxgl.app.services.FXGLAssetLoaderService
09:20:59.658 [FXGL Background Thread 3 ] DEBUG Engine               - class com.almasb.fxgl.app.FXGLApplication$GameApplicationService
09:20:59.658 [FXGL Background Thread 3 ] DEBUG Engine               - class com.almasb.fxgl.app.services.FXGLDialogService
09:20:59.658 [FXGL Background Thread 3 ] DEBUG Engine               - class com.almasb.fxgl.app.services.IOTaskExecutorService
09:20:59.658 [FXGL Background Thread 3 ] DEBUG Engine               - class com.almasb.fxgl.io.FileSystemService
09:20:59.658 [FXGL Background Thread 3 ] DEBUG Engine               - class com.almasb.fxgl.localization.LocalizationService
09:20:59.658 [FXGL Background Thread 3 ] DEBUG Engine               - class com.almasb.fxgl.app.services.SystemBundleService
09:20:59.658 [FXGL Background Thread 3 ] DEBUG Engine               - class com.almasb.fxgl.profile.SaveLoadService
09:20:59.658 [FXGL Background Thread 3 ] DEBUG Engine               - class com.almasb.fxgl.ui.FXGLUIFactoryServiceProvider
09:20:59.658 [FXGL Background Thread 3 ] DEBUG Engine               - class com.almasb.fxgl.ui.FXGLDialogFactoryServiceProvider
09:20:59.658 [FXGL Background Thread 3 ] DEBUG Engine               - class com.almasb.fxgl.audio.AudioPlayer
09:20:59.658 [FXGL Background Thread 3 ] DEBUG Engine               - class com.almasb.fxgl.notification.impl.NotificationServiceProvider
09:20:59.658 [FXGL Background Thread 3 ] DEBUG Engine               - class com.almasb.fxgl.achievement.AchievementService
09:20:59.658 [FXGL Background Thread 3 ] DEBUG Engine               - class com.almasb.fxgl.cutscene.CutsceneService
09:20:59.658 [FXGL Background Thread 3 ] DEBUG Engine               - class com.almasb.fxgl.minigames.MiniGameService
09:20:59.659 [FXGL Background Thread 3 ] DEBUG Engine               - class com.almasb.fxgl.net.NetService
09:20:59.659 [FXGL Background Thread 3 ] DEBUG Engine               - class com.almasb.fxgl.app.services.UpdaterService
09:20:59.659 [FXGL Background Thread 3 ] DEBUG Engine               - class com.almasb.fxgl.dev.DevService
09:21:00.434 [JavaFX Application Thread] DEBUG FXGLAssetLoaderServi - Loading from file system: file:/C:/Users/Usuario/OneDrive%20-%20Universidad%20Icesi%20(@icesi.edu.co)/APO2/Tareas%20integradoras/NuclearThroneAtomic/src/nuclearthroneatomic/target/classes/assets/textures/Bullet/2.png
09:21:00.518 [JavaFX Application Thread] DEBUG FXGLAssetLoaderServi - Loading from file system: file:/C:/Users/Usuario/OneDrive%20-%20Universidad%20Icesi%20(@icesi.edu.co)/APO2/Tareas%20integradoras/NuclearThroneAtomic/src/nuclearthroneatomic/target/classes/assets/textures/Bullet/1.png
09:21:02.392 [JavaFX Application Thread] DEBUG PrimaryStageWindow   - Push state: DialogSubScene
09:21:02.392 [JavaFX Application Thread] DEBUG Input                - Clearing active input actions
09:21:02.393 [JavaFX Application Thread] DEBUG GameApplicationServi - Removing overlay from GameScene and adding to DialogSubScene
09:21:02.394 [JavaFX Application Thread] DEBUG PrimaryStageWindow   - GameScene -> DialogSubScene
09:21:03.728 [JavaFX Application Thread] DEBUG PrimaryStageWindow   - Pop state: DialogSubScene
09:21:03.728 [JavaFX Application Thread] DEBUG Input                - Clearing active input actions
09:21:03.729 [JavaFX Application Thread] DEBUG GameApplicationServi - Removing overlay from DialogSubScene and adding to GameScene
09:21:03.729 [JavaFX Application Thread] DEBUG PrimaryStageWindow   - GameScene <- DialogSubScene
09:21:03.729 [JavaFX Application Thread] DEBUG FXGLApplication      - Exiting FXGL
09:21:03.729 [JavaFX Application Thread] DEBUG LoopRunner           - Stopping loop
09:21:03.729 [JavaFX Application Thread] DEBUG SystemBundleService  - Saving FXGL system data
09:21:03.732 [JavaFX Application Thread] DEBUG FileSystemAccess     - Writing to: C:\Users\Usuario\OneDrive - Universidad Icesi (@icesi.edu.co)\APO2\Tareas integradoras\NuclearThroneAtomic\src\nuclearthroneatomic\system\fxgl.bundle
09:21:03.735 [JavaFX Application Thread] DEBUG Async                - Shutting down background threads
09:21:03.736 [JavaFX Application Thread] DEBUG PrimaryStageWindow   - Closing main window
09:21:03.753 [JavaFX Application Thread] DEBUG Logger               - Closing Logger
