19:39:53.794 [main                     ] DEBUG Logger               - Configured Logger
19:39:53.861 [main                     ] DEBUG GameApplication      - Logging settings
Title: Nuclear Throne Atomic
Version: 0.0
Width: 800
Height: 600
Fullscreen: true
Intro: false
Profiling: false
Single step:false
App Mode: DEVELOPER
Menu Key: ESCAPE
Stage Style: DECORATED
Scene Factory: class com.almasb.fxgl.app.scene.SceneFactory

19:39:54.821 [JavaFX Application Thread] DEBUG FXGLApplication      - Initializing FXGL
19:39:54.830 [JavaFX Application Thread] INFO  Engine               - FXGL-17.2 (20.08.2022 16.50) on WINDOWS (J:20.0.1 FX:18.0.2)
19:39:54.831 [JavaFX Application Thread] DEBUG Engine               - JRE Vendor Name: Oracle Corporation
19:39:54.831 [JavaFX Application Thread] DEBUG Engine               - Running on OS: Windows 10 version 10.0
19:39:54.831 [JavaFX Application Thread] DEBUG Engine               - Architecture: amd64
19:39:54.832 [JavaFX Application Thread] INFO  Engine               - Source code and latest versions at: https://github.com/AlmasB/FXGL
19:39:54.832 [JavaFX Application Thread] INFO  Engine               -       Ask questions and discuss at: https://github.com/AlmasB/FXGL/discussions
19:39:54.832 [JavaFX Application Thread] INFO  Engine               -              Join the FXGL chat at: https://gitter.im/AlmasB/FXGL
19:39:54.965 [JavaFX Application Thread] DEBUG PrimaryStageWindow   - Creating a JavaFX scene
19:39:55.029 [JavaFX Application Thread] DEBUG PrimaryStageWindow   - Target settings size: 800.0 x 600.0
19:39:55.030 [JavaFX Application Thread] DEBUG PrimaryStageWindow   - Scaled scene size:    800.0 x 600.0
19:39:55.030 [JavaFX Application Thread] DEBUG PrimaryStageWindow   - Scaled ratio: (1.0, 1.0)
19:39:55.031 [JavaFX Application Thread] DEBUG PrimaryStageWindow   - Set initial scene to FXGLStartupScene
19:39:55.046 [JavaFX Application Thread] DEBUG PrimaryStageWindow   - Opening main window
19:39:55.179 [JavaFX Application Thread] DEBUG PrimaryStageWindow   - Window border size: (16.0, 39.0)
19:39:55.179 [JavaFX Application Thread] DEBUG PrimaryStageWindow   - Scaled size: 800.0 x 600.0
19:39:55.180 [JavaFX Application Thread] DEBUG PrimaryStageWindow   - Scaled ratio: (1.0, 1.0)
19:39:55.180 [JavaFX Application Thread] DEBUG PrimaryStageWindow   - Scene size: 800.0 x 600.0
19:39:55.181 [JavaFX Application Thread] DEBUG PrimaryStageWindow   - Stage size: 816.0 x 639.0
19:39:55.193 [FXGL Background Thread 1 ] DEBUG Engine               - Initializing environment variables
19:39:55.281 [FXGL Background Thread 1 ] DEBUG FXGLAssetLoaderServi - User app class for loading assets: class com.example.nuclearthroneatomic.Controller
19:39:55.282 [FXGL Background Thread 1 ] DEBUG GameApplicationServi - Applying CSS: fxgl_dark.css
19:39:55.283 [FXGL Background Thread 1 ] DEBUG FXGLAssetLoaderServi - Loading from file system: jar:file:///C:/Users/Usuario/.m2/repository/com/github/almasb/fxgl/17.2/fxgl-17.2.jar!/fxglassets/ui/css/fxgl_dark.css
19:39:55.355 [FXGL Background Thread 1 ] DEBUG GameApplicationServi - Initializing application scenes
19:39:55.422 [FXGL Background Thread 1 ] DEBUG GameWorld            - Game world initialized
19:39:55.524 [FXGL Background Thread 1 ] DEBUG PhysicsWorld         - Physics world initialized: appHeight=600, physics.ppm=50,0
19:39:55.524 [FXGL Background Thread 1 ] DEBUG PhysicsWorld         - Using strategy: BRUTE_FORCE
19:39:55.530 [FXGL Background Thread 1 ] DEBUG GameScene            - Game scene initialized: 800x600
19:39:55.552 [FXGL Background Thread 1 ] DEBUG FXGL.DefaultMenu     - createMenuBodyMainMenu()
19:39:55.581 [FXGL Background Thread 1 ] DEBUG FXGL.DefaultMenu     - createOptionsMenu()
19:39:55.607 [FXGL Background Thread 1 ] DEBUG FXGLAssetLoaderServi - Loading from file system: jar:file:///C:/Users/Usuario/.m2/repository/com/github/almasb/fxgl/17.2/fxgl-17.2.jar!/fxglassets/textures/particles/smoke.png
19:39:55.777 [FXGL Background Thread 1 ] DEBUG FXGLAssetLoaderServi - Loading from file system: jar:file:///C:/Users/Usuario/.m2/repository/com/github/almasb/fxgl/17.2/fxgl-17.2.jar!/fxglassets/textures/particles/trace_horizontal.png
19:39:55.836 [FXGL Background Thread 1 ] DEBUG FXGL.DefaultMenu     - createMenuBodyGameMenu()
19:39:55.839 [FXGL Background Thread 1 ] DEBUG FXGL.DefaultMenu     - createOptionsMenu()
19:39:55.865 [FXGL Background Thread 1 ] DEBUG GameApplicationServi - Application scenes initialized
19:39:55.899 [FXGL Background Thread 1 ] DEBUG SystemBundleService  - Loading FXGL system data
19:39:55.913 [FXGL Background Thread 1 ] DEBUG FileSystemAccess     - Reading from: C:\Users\Usuario\OneDrive - Universidad Icesi (@icesi.edu.co)\APO2\Tareas integradoras\NuclearThroneAtomic\src\nuclearthroneatomic\system\fxgl.bundle
19:39:55.932 [FXGL Background Thread 1 ] DEBUG SystemBundleService  - Bundle FXGL: {}
19:39:55.932 [FXGL Background Thread 1 ] DEBUG UpdaterService       - Checking for updates
19:39:55.942 [FXGL Background Thread 4 ] DEBUG FXGLApplication      - Loading fonts
19:39:55.943 [FXGL Background Thread 4 ] DEBUG FXGLAssetLoaderServi - Loading from file system: jar:file:///C:/Users/Usuario/.m2/repository/com/github/almasb/fxgl/17.2/fxgl-17.2.jar!/fxglassets/ui/fonts/VarelaRound-Regular.ttf
19:39:55.944 [FXGL Background Thread 1 ] DEBUG FXGLApplication      - Loading default localization
19:39:55.945 [FXGL Background Thread 1 ] DEBUG FXGLAssetLoaderServi - Loading from file system: jar:file:///C:/Users/Usuario/.m2/repository/com/github/almasb/fxgl/17.2/fxgl-17.2.jar!/fxglassets/languages/english.lang
19:39:55.977 [FXGL Background Thread 1 ] INFO  FXGLApplication      - FXGL initialization took: 0,783 sec
19:39:56.019 [JavaFX Application Thread] DEBUG FXGLApplication      - Exiting FXGL
19:39:56.019 [JavaFX Application Thread] DEBUG LoopRunner           - Stopping loop
19:39:56.020 [JavaFX Application Thread] DEBUG LoopRunner           - Initializing JavaFX AnimationTimerLoop
19:39:56.021 [JavaFX Application Thread] DEBUG SystemBundleService  - Saving FXGL system data
19:39:56.026 [JavaFX Application Thread] DEBUG FileSystemAccess     - Writing to: C:\Users\Usuario\OneDrive - Universidad Icesi (@icesi.edu.co)\APO2\Tareas integradoras\NuclearThroneAtomic\src\nuclearthroneatomic\system\fxgl.bundle
19:39:56.032 [JavaFX Application Thread] DEBUG Async                - Shutting down background threads
19:39:56.033 [JavaFX Application Thread] DEBUG PrimaryStageWindow   - Closing main window
19:39:56.050 [JavaFX Application Thread] DEBUG Logger               - Closing Logger
