16:14:54.754 [main                     ] DEBUG Logger               - Configured Logger
16:14:54.787 [main                     ] DEBUG GameApplication      - Logging settings
Title: Untitled
Version: 0.0
Width: 800
Height: 600
Fullscreen: false
Intro: false
Profiling: false
Single step:false
App Mode: DEVELOPER
Menu Key: ESCAPE
Stage Style: DECORATED
Scene Factory: class com.almasb.fxgl.app.scene.SceneFactory

16:14:55.494 [JavaFX Application Thread] DEBUG FXGLApplication      - Initializing FXGL
16:14:55.508 [JavaFX Application Thread] INFO  Engine               - FXGL-17.2 (20.08.2022 16.50) on WINDOWS (J:19.0.2 FX:18.0.2)
16:14:55.509 [JavaFX Application Thread] DEBUG Engine               - JRE Vendor Name: Oracle Corporation
16:14:55.510 [JavaFX Application Thread] DEBUG Engine               - Running on OS: Windows 10 version 10.0
16:14:55.510 [JavaFX Application Thread] DEBUG Engine               - Architecture: amd64
16:14:55.510 [JavaFX Application Thread] INFO  Engine               - Source code and latest versions at: https://github.com/AlmasB/FXGL
16:14:55.511 [JavaFX Application Thread] INFO  Engine               -       Ask questions and discuss at: https://github.com/AlmasB/FXGL/discussions
16:14:55.511 [JavaFX Application Thread] INFO  Engine               -              Join the FXGL chat at: https://gitter.im/AlmasB/FXGL
16:14:55.678 [JavaFX Application Thread] DEBUG PrimaryStageWindow   - Creating a JavaFX scene
16:14:55.757 [JavaFX Application Thread] DEBUG PrimaryStageWindow   - Target settings size: 800.0 x 600.0
16:14:55.757 [JavaFX Application Thread] DEBUG PrimaryStageWindow   - Scaled scene size:    800.0 x 600.0
16:14:55.758 [JavaFX Application Thread] DEBUG PrimaryStageWindow   - Scaled ratio: (1.0, 1.0)
16:14:55.760 [JavaFX Application Thread] DEBUG PrimaryStageWindow   - Set initial scene to FXGLStartupScene
16:14:55.772 [JavaFX Application Thread] DEBUG PrimaryStageWindow   - Opening main window
16:14:55.951 [JavaFX Application Thread] DEBUG PrimaryStageWindow   - Window border size: (16.0, 39.0)
16:14:55.952 [JavaFX Application Thread] DEBUG PrimaryStageWindow   - Scaled size: 800.0 x 600.0
16:14:55.952 [JavaFX Application Thread] DEBUG PrimaryStageWindow   - Scaled ratio: (1.0, 1.0)
16:14:55.952 [JavaFX Application Thread] DEBUG PrimaryStageWindow   - Scene size: 800.0 x 600.0
16:14:55.953 [JavaFX Application Thread] DEBUG PrimaryStageWindow   - Stage size: 816.0 x 639.0
16:14:55.998 [FXGL Background Thread 1 ] DEBUG Engine               - Initializing environment variables
16:14:56.123 [FXGL Background Thread 1 ] DEBUG FXGLAssetLoaderServi - User app class for loading assets: class com.example.nuclearthroneatomic.Controller
16:14:56.123 [FXGL Background Thread 1 ] DEBUG GameApplicationServi - Applying CSS: fxgl_dark.css
16:14:56.125 [FXGL Background Thread 1 ] DEBUG FXGLAssetLoaderServi - Loading from file system: jar:file:///C:/Users/Juan/.m2/repository/com/github/almasb/fxgl/17.2/fxgl-17.2.jar!/fxglassets/ui/css/fxgl_dark.css
16:14:56.213 [FXGL Background Thread 1 ] DEBUG GameApplicationServi - Initializing application scenes
16:14:56.350 [FXGL Background Thread 1 ] DEBUG GameWorld            - Game world initialized
16:14:56.462 [FXGL Background Thread 1 ] DEBUG PhysicsWorld         - Physics world initialized: appHeight=600, physics.ppm=50,0
16:14:56.462 [FXGL Background Thread 1 ] DEBUG PhysicsWorld         - Using strategy: BRUTE_FORCE
16:14:56.468 [FXGL Background Thread 1 ] DEBUG GameScene            - Game scene initialized: 800x600
16:14:56.485 [FXGL Background Thread 1 ] DEBUG FXGL.DefaultMenu     - createMenuBodyGameMenu()
16:14:56.513 [FXGL Background Thread 1 ] DEBUG FXGL.DefaultMenu     - createOptionsMenu()
16:14:56.533 [FXGL Background Thread 1 ] DEBUG FXGLAssetLoaderServi - Loading from file system: jar:file:///C:/Users/Juan/.m2/repository/com/github/almasb/fxgl/17.2/fxgl-17.2.jar!/fxglassets/textures/particles/smoke.png
16:14:56.741 [FXGL Background Thread 1 ] DEBUG FXGLAssetLoaderServi - Loading from file system: jar:file:///C:/Users/Juan/.m2/repository/com/github/almasb/fxgl/17.2/fxgl-17.2.jar!/fxglassets/textures/particles/trace_horizontal.png
16:14:56.791 [FXGL Background Thread 1 ] DEBUG GameApplicationServi - Application scenes initialized
16:14:56.838 [FXGL Background Thread 1 ] DEBUG SystemBundleService  - Loading FXGL system data
16:14:56.853 [FXGL Background Thread 1 ] DEBUG FileSystemAccess     - Reading from: C:\Users\Juan\Desktop\Tarea Integradora III\NuclearThroneAtomic\system\fxgl.bundle
16:14:56.919 [FXGL Background Thread 1 ] DEBUG SystemBundleService  - Bundle FXGL: {}
16:14:56.919 [FXGL Background Thread 1 ] DEBUG UpdaterService       - Checking for updates
16:14:56.927 [FXGL Background Thread 4 ] DEBUG FXGLApplication      - Loading fonts
16:14:56.928 [FXGL Background Thread 4 ] DEBUG FXGLAssetLoaderServi - Loading from file system: jar:file:///C:/Users/Juan/.m2/repository/com/github/almasb/fxgl/17.2/fxgl-17.2.jar!/fxglassets/ui/fonts/VarelaRound-Regular.ttf
16:14:56.930 [FXGL Background Thread 1 ] DEBUG FXGLApplication      - Loading default localization
16:14:56.931 [FXGL Background Thread 1 ] DEBUG FXGLAssetLoaderServi - Loading from file system: jar:file:///C:/Users/Juan/.m2/repository/com/github/almasb/fxgl/17.2/fxgl-17.2.jar!/fxglassets/languages/english.lang
16:14:57.054 [FXGL Background Thread 1 ] INFO  FXGLApplication      - FXGL initialization took: 1,057 sec
16:14:57.075 [JavaFX Application Thread] DEBUG Input                - Registered new binding: Right - D
16:14:57.075 [JavaFX Application Thread] DEBUG Input                - Registered new binding: Left - A
16:14:57.076 [JavaFX Application Thread] DEBUG Input                - Registered new binding: Up - W
16:14:57.076 [JavaFX Application Thread] DEBUG Input                - Registered new binding: Down - S
16:14:57.077 [JavaFX Application Thread] DEBUG Input                - Registered new binding: Reload - RMB
16:14:57.077 [JavaFX Application Thread] DEBUG Input                - Registered new binding: Shoot - LMB
16:14:57.078 [JavaFX Application Thread] DEBUG FXGLAssetLoaderServi - Loading from file system: jar:file:///C:/Users/Juan/.m2/repository/com/github/almasb/fxgl/17.2/fxgl-17.2.jar!/fxglassets/textures/fxgl_icon.png
16:14:57.197 [JavaFX Application Thread] DEBUG FXGLAssetLoaderServi - Loading from file system: jar:file:///C:/Users/Juan/.m2/repository/com/github/almasb/fxgl/17.2/fxgl-17.2.jar!/fxglassets/textures/fxgl_default_cursor.png
16:14:57.212 [JavaFX Application Thread] DEBUG Input                - Registered new binding: Screenshot - CTRL+8
16:14:57.213 [JavaFX Application Thread] DEBUG Input                - Registered new binding: System info dump - CTRL+9
16:14:57.213 [JavaFX Application Thread] DEBUG Input                - Registered new binding: Restart - CTRL+R
16:14:57.214 [JavaFX Application Thread] DEBUG Input                - Registered new binding: Toggle Debug Camera - CTRL+7
16:14:57.217 [JavaFX Application Thread] DEBUG LoopRunner           - Starting loop
16:14:57.217 [JavaFX Application Thread] DEBUG LoopRunner           - Initializing JavaFX AnimationTimerLoop
16:14:57.243 [JavaFX Application Thread] DEBUG GameApplicationServi - Starting new game
16:14:57.244 [JavaFX Application Thread] DEBUG Input                - Clearing active input actions
16:14:57.274 [JavaFX Application Thread] DEBUG GameApplicationServi - Removing overlay from FXGLStartupScene and adding to FXGLLoadingScene
16:14:57.275 [JavaFX Application Thread] DEBUG PrimaryStageWindow   - FXGLStartupScene -> FXGLLoadingScene
16:14:57.275 [JavaFX Application Thread] DEBUG GameApplicationServi - Clearing previous game
16:14:57.276 [JavaFX Application Thread] DEBUG GameScene            - Clearing game scene
16:14:57.276 [JavaFX Application Thread] DEBUG GameWorld            - Clearing game world
16:14:57.276 [JavaFX Application Thread] DEBUG PhysicsWorld         - Clearing physics world
16:14:57.278 [FXGL Background Thread 1 ] DEBUG FXGLApplication      - Initializing game
16:14:57.289 [FXGL Background Thread 1 ] DEBUG FXGLAssetLoaderServi - Loading from file system: file:/C:/Users/Juan/Desktop/Tarea%20Integradora%20III/NuclearThroneAtomic/src/nuclearthroneatomic/target/classes/assets/textures/Avatar/1-Idle/1.png
16:14:57.303 [FXGL Background Thread 4 ] DEBUG FXGLAssetLoaderServi - Loading from file system: jar:file:///C:/Users/Juan/.m2/repository/com/github/almasb/fxgl/17.2/fxgl-17.2.jar!/fxglassets/ui/fonts/Abel-Regular.ttf
16:14:57.312 [FXGL Background Thread 4 ] DEBUG FXGLAssetLoaderServi - Loading from file system: jar:file:///C:/Users/Juan/.m2/repository/com/github/almasb/fxgl/17.2/fxgl-17.2.jar!/fxglassets/ui/fonts/TerminalLandMono-Regular.otf
16:14:57.315 [FXGL Background Thread 1 ] DEBUG FXGLAssetLoaderServi - Loading from file system: file:/C:/Users/Juan/Desktop/Tarea%20Integradora%20III/NuclearThroneAtomic/src/nuclearthroneatomic/target/classes/assets/textures/Avatar/1-Idle/2.png
16:14:57.321 [FXGL Background Thread 4 ] DEBUG FXGLAssetLoaderServi - Loading from file system: jar:file:///C:/Users/Juan/.m2/repository/com/github/almasb/fxgl/17.2/fxgl-17.2.jar!/fxglassets/ui/fonts/Courier-Prime.ttf
16:14:57.325 [FXGL Background Thread 1 ] DEBUG FXGLAssetLoaderServi - Loading from file system: file:/C:/Users/Juan/Desktop/Tarea%20Integradora%20III/NuclearThroneAtomic/src/nuclearthroneatomic/target/classes/assets/textures/Avatar/1-Idle/3.png
16:14:57.334 [FXGL Background Thread 1 ] DEBUG FXGLAssetLoaderServi - Loading from file system: file:/C:/Users/Juan/Desktop/Tarea%20Integradora%20III/NuclearThroneAtomic/src/nuclearthroneatomic/target/classes/assets/textures/Avatar/1-Idle/4.png
16:14:57.374 [JavaFX Application Thread] DEBUG FXGLApplication      - Registering font factories with UI factory
16:14:57.397 [FXGL Background Thread 1 ] DEBUG FXGLAssetLoaderServi - Loading from file system: file:/C:/Users/Juan/Desktop/Tarea%20Integradora%20III/NuclearThroneAtomic/src/nuclearthroneatomic/target/classes/assets/textures/Avatar/2-Run/1.png
16:14:57.402 [FXGL Background Thread 1 ] DEBUG FXGLAssetLoaderServi - Loading from file system: file:/C:/Users/Juan/Desktop/Tarea%20Integradora%20III/NuclearThroneAtomic/src/nuclearthroneatomic/target/classes/assets/textures/Avatar/2-Run/2.png
16:14:57.407 [FXGL Background Thread 1 ] DEBUG FXGLAssetLoaderServi - Loading from file system: file:/C:/Users/Juan/Desktop/Tarea%20Integradora%20III/NuclearThroneAtomic/src/nuclearthroneatomic/target/classes/assets/textures/Avatar/2-Run/3.png
16:14:57.411 [FXGL Background Thread 1 ] DEBUG FXGLAssetLoaderServi - Loading from file system: file:/C:/Users/Juan/Desktop/Tarea%20Integradora%20III/NuclearThroneAtomic/src/nuclearthroneatomic/target/classes/assets/textures/Avatar/2-Run/4.png
16:14:57.414 [FXGL Background Thread 1 ] DEBUG FXGLAssetLoaderServi - Loading from file system: file:/C:/Users/Juan/Desktop/Tarea%20Integradora%20III/NuclearThroneAtomic/src/nuclearthroneatomic/target/classes/assets/textures/Avatar/2-Run/5.png
16:14:57.417 [FXGL Background Thread 1 ] DEBUG FXGLAssetLoaderServi - Loading from file system: file:/C:/Users/Juan/Desktop/Tarea%20Integradora%20III/NuclearThroneAtomic/src/nuclearthroneatomic/target/classes/assets/textures/Avatar/2-Run/6.png
16:14:57.434 [FXGL Background Thread 1 ] DEBUG FXGLAssetLoaderServi - Loading from file system: file:/C:/Users/Juan/Desktop/Tarea%20Integradora%20III/NuclearThroneAtomic/src/nuclearthroneatomic/target/classes/assets/textures/Munition/1.png
16:14:57.492 [FXGL Background Thread 1 ] DEBUG FXGLAssetLoaderServi - Loading from file system: file:/C:/Users/Juan/Desktop/Tarea%20Integradora%20III/NuclearThroneAtomic/src/nuclearthroneatomic/target/classes/assets/textures/Guns/1.png
16:14:57.506 [FXGL Background Thread 1 ] DEBUG FXGLAssetLoaderServi - Loading from file system: file:/C:/Users/Juan/Desktop/Tarea%20Integradora%20III/NuclearThroneAtomic/src/nuclearthroneatomic/target/classes/assets/textures/Guns/2.png
16:14:57.515 [FXGL Background Thread 1 ] DEBUG FXGLAssetLoaderServi - Loading from file system: file:/C:/Users/Juan/Desktop/Tarea%20Integradora%20III/NuclearThroneAtomic/src/nuclearthroneatomic/target/classes/assets/textures/Wall/1.png
16:14:57.622 [FXGL Background Thread 1 ] INFO  FXGLApplication      - Game initialization took: 0,343 sec
16:14:57.636 [JavaFX Application Thread] DEBUG Input                - Clearing active input actions
16:14:57.650 [JavaFX Application Thread] DEBUG GameApplicationServi - Removing overlay from FXGLLoadingScene and adding to GameScene
16:14:57.651 [JavaFX Application Thread] DEBUG PrimaryStageWindow   - FXGLLoadingScene -> GameScene
16:14:59.429 [FXGL Background Thread 2 ] INFO  UpdaterService       - Your current version:  17.2
16:14:59.430 [FXGL Background Thread 2 ] INFO  UpdaterService       - Latest stable version: 17.3
16:14:59.927 [FXGL Background Thread 3 ] DEBUG Engine               - Logging environment variables
16:14:59.927 [FXGL Background Thread 3 ] DEBUG Engine               - achievements: []
16:14:59.927 [FXGL Background Thread 3 ] DEBUG Engine               - actualHeight: 600.0
16:14:59.927 [FXGL Background Thread 3 ] DEBUG Engine               - actualHeightProperty: ReadOnlyDoubleProperty [value: 600.0]
16:14:59.928 [FXGL Background Thread 3 ] DEBUG Engine               - actualWidth: 800.0
16:14:59.928 [FXGL Background Thread 3 ] DEBUG Engine               - actualWidthProperty: ReadOnlyDoubleProperty [value: 800.0]
16:14:59.928 [FXGL Background Thread 3 ] DEBUG Engine               - appIcon: fxgl_icon.png
16:14:59.928 [FXGL Background Thread 3 ] DEBUG Engine               - applicationMode: DEVELOPER
16:14:59.928 [FXGL Background Thread 3 ] DEBUG Engine               - cSSList: [fxgl_dark.css]
16:14:59.928 [FXGL Background Thread 3 ] DEBUG Engine               - collisionDetectionStrategy: BRUTE_FORCE
16:14:59.928 [FXGL Background Thread 3 ] DEBUG Engine               - configClass: Optional.empty
16:14:59.928 [FXGL Background Thread 3 ] DEBUG Engine               - credits: []
16:14:59.929 [FXGL Background Thread 3 ] DEBUG Engine               - defaultCursor: CursorInfo(imageName=fxgl_default_cursor.png, hotspotX=7.0, hotspotY=6.0)
16:14:59.929 [FXGL Background Thread 3 ] DEBUG Engine               - devBBoxColorProperty: ObjectProperty [value: 0xff0000ff]
16:14:59.930 [FXGL Background Thread 3 ] DEBUG Engine               - devEnableDebugCameraProperty: BooleanProperty [value: false]
16:14:59.930 [FXGL Background Thread 3 ] DEBUG Engine               - devSensorColorProperty: ObjectProperty [value: 0xffff00ff]
16:14:59.930 [FXGL Background Thread 3 ] DEBUG Engine               - devShowBBoxProperty: BooleanProperty [value: false]
16:14:59.930 [FXGL Background Thread 3 ] DEBUG Engine               - devShowPositionProperty: BooleanProperty [value: false]
16:14:59.930 [FXGL Background Thread 3 ] DEBUG Engine               - enabledMenuItems: []
16:14:59.930 [FXGL Background Thread 3 ] DEBUG Engine               - engineServices: [class com.almasb.fxgl.app.services.FXGLAssetLoaderService, class com.almasb.fxgl.app.FXGLApplication$GameApplicationService, class com.almasb.fxgl.app.services.FXGLDialogService, class com.almasb.fxgl.app.services.IOTaskExecutorService, class com.almasb.fxgl.io.FileSystemService, class com.almasb.fxgl.localization.LocalizationService, class com.almasb.fxgl.app.services.SystemBundleService, class com.almasb.fxgl.profile.SaveLoadService, class com.almasb.fxgl.ui.FXGLUIFactoryServiceProvider, class com.almasb.fxgl.ui.FXGLDialogFactoryServiceProvider, class com.almasb.fxgl.audio.AudioPlayer, class com.almasb.fxgl.notification.impl.NotificationServiceProvider, class com.almasb.fxgl.achievement.AchievementService, class com.almasb.fxgl.cutscene.CutsceneService, class com.almasb.fxgl.minigames.MiniGameService, class com.almasb.fxgl.net.NetService, class com.almasb.fxgl.app.services.UpdaterService, class com.almasb.fxgl.dev.DevService]
16:14:59.930 [FXGL Background Thread 3 ] DEBUG Engine               - fontGame: Abel-Regular.ttf
16:14:59.930 [FXGL Background Thread 3 ] DEBUG Engine               - fontMono: TerminalLandMono-Regular.otf
16:14:59.930 [FXGL Background Thread 3 ] DEBUG Engine               - fontText: Courier-Prime.ttf
16:14:59.930 [FXGL Background Thread 3 ] DEBUG Engine               - fontUI: VarelaRound-Regular.ttf
16:14:59.930 [FXGL Background Thread 3 ] DEBUG Engine               - fullScreen: BooleanProperty [value: false]
16:14:59.930 [FXGL Background Thread 3 ] DEBUG Engine               - gameDifficulty: MEDIUM
16:14:59.930 [FXGL Background Thread 3 ] DEBUG Engine               - gameDifficultyProperty: ObjectProperty [value: MEDIUM]
16:14:59.931 [FXGL Background Thread 3 ] DEBUG Engine               - globalMusicVolume: 0.5
16:14:59.931 [FXGL Background Thread 3 ] DEBUG Engine               - globalMusicVolumeProperty: DoubleProperty [value: 0.5]
16:14:59.931 [FXGL Background Thread 3 ] DEBUG Engine               - globalSoundVolume: 0.5
16:14:59.931 [FXGL Background Thread 3 ] DEBUG Engine               - globalSoundVolumeProperty: DoubleProperty [value: 0.5]
16:14:59.931 [FXGL Background Thread 3 ] DEBUG Engine               - height: 600
16:14:59.931 [FXGL Background Thread 3 ] DEBUG Engine               - is3D: false
16:14:59.931 [FXGL Background Thread 3 ] DEBUG Engine               - isAndroid: false
16:14:59.931 [FXGL Background Thread 3 ] DEBUG Engine               - isBrowser: false
16:14:59.931 [FXGL Background Thread 3 ] DEBUG Engine               - isClickFeedbackEnabled: false
16:14:59.931 [FXGL Background Thread 3 ] DEBUG Engine               - isCloseConfirmation: false
16:14:59.931 [FXGL Background Thread 3 ] DEBUG Engine               - isDesktop: true
16:14:59.931 [FXGL Background Thread 3 ] DEBUG Engine               - isDeveloperMenuEnabled: false
16:14:59.931 [FXGL Background Thread 3 ] DEBUG Engine               - isEmbedded: false
16:14:59.931 [FXGL Background Thread 3 ] DEBUG Engine               - isEntityPreloadEnabled: true
16:14:59.931 [FXGL Background Thread 3 ] DEBUG Engine               - isExperimentalTiledLargeMap: false
16:14:59.932 [FXGL Background Thread 3 ] DEBUG Engine               - isFileSystemWriteAllowed: true
16:14:59.932 [FXGL Background Thread 3 ] DEBUG Engine               - isFullScreenAllowed: false
16:14:59.932 [FXGL Background Thread 3 ] DEBUG Engine               - isFullScreenFromStart: false
16:14:59.932 [FXGL Background Thread 3 ] DEBUG Engine               - isGameMenuEnabled: true
16:14:59.932 [FXGL Background Thread 3 ] DEBUG Engine               - isIOS: false
16:14:59.932 [FXGL Background Thread 3 ] DEBUG Engine               - isIntroEnabled: false
16:14:59.932 [FXGL Background Thread 3 ] DEBUG Engine               - isLinux: false
16:14:59.932 [FXGL Background Thread 3 ] DEBUG Engine               - isMac: false
16:14:59.932 [FXGL Background Thread 3 ] DEBUG Engine               - isMainMenuEnabled: false
16:14:59.932 [FXGL Background Thread 3 ] DEBUG Engine               - isManualResizeEnabled: false
16:14:59.932 [FXGL Background Thread 3 ] DEBUG Engine               - isMobile: false
16:14:59.932 [FXGL Background Thread 3 ] DEBUG Engine               - isNative: false
16:14:59.933 [FXGL Background Thread 3 ] DEBUG Engine               - isPauseMusicWhenMinimized: true
16:14:59.933 [FXGL Background Thread 3 ] DEBUG Engine               - isPreserveResizeRatio: false
16:14:59.933 [FXGL Background Thread 3 ] DEBUG Engine               - isProfilingEnabled: false
16:14:59.933 [FXGL Background Thread 3 ] DEBUG Engine               - isScaleAffectedOnResize: true
16:14:59.933 [FXGL Background Thread 3 ] DEBUG Engine               - isSingleStep: false
16:14:59.933 [FXGL Background Thread 3 ] DEBUG Engine               - isUserProfileEnabled: false
16:14:59.933 [FXGL Background Thread 3 ] DEBUG Engine               - isWindows: true
16:14:59.933 [FXGL Background Thread 3 ] DEBUG Engine               - language: ObjectProperty [value: ENGLISH]
16:14:59.933 [FXGL Background Thread 3 ] DEBUG Engine               - menuKey: ESCAPE
16:14:59.933 [FXGL Background Thread 3 ] DEBUG Engine               - mouseSensitivity: 0.2
16:14:59.934 [FXGL Background Thread 3 ] DEBUG Engine               - notificationViewClass: class com.almasb.fxgl.notification.view.XboxNotificationView
16:14:59.934 [FXGL Background Thread 3 ] DEBUG Engine               - pixelsPerMeter: 50.0
16:14:59.934 [FXGL Background Thread 3 ] DEBUG Engine               - platform: WINDOWS
16:14:59.934 [FXGL Background Thread 3 ] DEBUG Engine               - prefHeightProperty: ReadOnlyDoubleProperty [value: 600.0]
16:14:59.934 [FXGL Background Thread 3 ] DEBUG Engine               - prefWidthProperty: ReadOnlyDoubleProperty [value: 800.0]
16:14:59.934 [FXGL Background Thread 3 ] DEBUG Engine               - profileDir: profiles/
16:14:59.934 [FXGL Background Thread 3 ] DEBUG Engine               - profileName: StringProperty [value: DEFAULT]
16:14:59.934 [FXGL Background Thread 3 ] DEBUG Engine               - randomSeed: -1
16:14:59.934 [FXGL Background Thread 3 ] DEBUG Engine               - runtimeInfo: RuntimeInfo(platform=WINDOWS, version=17.2, build=20.08.2022 16.50)
16:14:59.935 [FXGL Background Thread 3 ] DEBUG Engine               - saveFileExt: sav
16:14:59.935 [FXGL Background Thread 3 ] DEBUG Engine               - scaledHeightProp$fxgl: DoubleProperty [bound, value: 600.0]
16:14:59.935 [FXGL Background Thread 3 ] DEBUG Engine               - scaledWidthProp$fxgl: DoubleProperty [bound, value: 800.0]
16:14:59.935 [FXGL Background Thread 3 ] DEBUG Engine               - sceneFactory: com.almasb.fxgl.app.scene.SceneFactory@b586616
16:14:59.935 [FXGL Background Thread 3 ] DEBUG Engine               - secondsIn24h: 60
16:14:59.935 [FXGL Background Thread 3 ] DEBUG Engine               - soundMenuBack: menu/back.wav
16:14:59.935 [FXGL Background Thread 3 ] DEBUG Engine               - soundMenuPress: menu/press.wav
16:14:59.936 [FXGL Background Thread 3 ] DEBUG Engine               - soundMenuSelect: menu/select.wav
16:14:59.936 [FXGL Background Thread 3 ] DEBUG Engine               - soundNotification: core/notification.wav
16:14:59.936 [FXGL Background Thread 3 ] DEBUG Engine               - stageStyle: DECORATED
16:14:59.936 [FXGL Background Thread 3 ] DEBUG Engine               - supportedLanguages: [ENGLISH, FRENCH, GERMAN, HUNGARIAN, RUSSIAN]
16:14:59.936 [FXGL Background Thread 3 ] DEBUG Engine               - ticksPerSecond: -1
16:14:59.936 [FXGL Background Thread 3 ] DEBUG Engine               - title: Untitled
16:14:59.936 [FXGL Background Thread 3 ] DEBUG Engine               - urlGithub: https://github.com/AlmasB/FXGL
16:14:59.936 [FXGL Background Thread 3 ] DEBUG Engine               - urlLeaderboard: http://fxgl-top.herokuapp.com/
16:14:59.936 [FXGL Background Thread 3 ] DEBUG Engine               - urlPOM: https://raw.githubusercontent.com/AlmasB/FXGL/release/README.md
16:14:59.936 [FXGL Background Thread 3 ] DEBUG Engine               - userAppClass: class com.example.nuclearthroneatomic.Controller
16:14:59.936 [FXGL Background Thread 3 ] DEBUG Engine               - version: 0.0
16:14:59.936 [FXGL Background Thread 3 ] DEBUG Engine               - versionCheckDays: 7
16:14:59.936 [FXGL Background Thread 3 ] DEBUG Engine               - width: 800
16:14:59.936 [FXGL Background Thread 3 ] DEBUG Engine               - Logging services
16:14:59.936 [FXGL Background Thread 3 ] DEBUG Engine               - class com.almasb.fxgl.app.services.FXGLAssetLoaderService
16:14:59.936 [FXGL Background Thread 3 ] DEBUG Engine               - class com.almasb.fxgl.app.FXGLApplication$GameApplicationService
16:14:59.936 [FXGL Background Thread 3 ] DEBUG Engine               - class com.almasb.fxgl.app.services.FXGLDialogService
16:14:59.937 [FXGL Background Thread 3 ] DEBUG Engine               - class com.almasb.fxgl.app.services.IOTaskExecutorService
16:14:59.937 [FXGL Background Thread 3 ] DEBUG Engine               - class com.almasb.fxgl.io.FileSystemService
16:14:59.937 [FXGL Background Thread 3 ] DEBUG Engine               - class com.almasb.fxgl.localization.LocalizationService
16:14:59.937 [FXGL Background Thread 3 ] DEBUG Engine               - class com.almasb.fxgl.app.services.SystemBundleService
16:14:59.937 [FXGL Background Thread 3 ] DEBUG Engine               - class com.almasb.fxgl.profile.SaveLoadService
16:14:59.937 [FXGL Background Thread 3 ] DEBUG Engine               - class com.almasb.fxgl.ui.FXGLUIFactoryServiceProvider
16:14:59.937 [FXGL Background Thread 3 ] DEBUG Engine               - class com.almasb.fxgl.ui.FXGLDialogFactoryServiceProvider
16:14:59.937 [FXGL Background Thread 3 ] DEBUG Engine               - class com.almasb.fxgl.audio.AudioPlayer
16:14:59.937 [FXGL Background Thread 3 ] DEBUG Engine               - class com.almasb.fxgl.notification.impl.NotificationServiceProvider
16:14:59.937 [FXGL Background Thread 3 ] DEBUG Engine               - class com.almasb.fxgl.achievement.AchievementService
16:14:59.937 [FXGL Background Thread 3 ] DEBUG Engine               - class com.almasb.fxgl.cutscene.CutsceneService
16:14:59.937 [FXGL Background Thread 3 ] DEBUG Engine               - class com.almasb.fxgl.minigames.MiniGameService
16:14:59.937 [FXGL Background Thread 3 ] DEBUG Engine               - class com.almasb.fxgl.net.NetService
16:14:59.938 [FXGL Background Thread 3 ] DEBUG Engine               - class com.almasb.fxgl.app.services.UpdaterService
16:14:59.938 [FXGL Background Thread 3 ] DEBUG Engine               - class com.almasb.fxgl.dev.DevService
16:15:00.423 [JavaFX Application Thread] DEBUG FXGLAssetLoaderServi - Loading from file system: file:/C:/Users/Juan/Desktop/Tarea%20Integradora%20III/NuclearThroneAtomic/src/nuclearthroneatomic/target/classes/assets/textures/Bullet/1.png
16:15:02.851 [JavaFX Application Thread] DEBUG FXGLAssetLoaderServi - Loading from file system: file:/C:/Users/Juan/Desktop/Tarea%20Integradora%20III/NuclearThroneAtomic/src/nuclearthroneatomic/target/classes/assets/textures/Munition/2.png
16:15:03.320 [JavaFX Application Thread] DEBUG FXGLAssetLoaderServi - Loading from file system: file:/C:/Users/Juan/Desktop/Tarea%20Integradora%20III/NuclearThroneAtomic/src/nuclearthroneatomic/target/classes/assets/textures/Bullet/2.png
16:15:14.557 [JavaFX Application Thread] DEBUG FXGLApplication      - Exiting FXGL
16:15:14.558 [JavaFX Application Thread] DEBUG LoopRunner           - Stopping loop
16:15:14.558 [JavaFX Application Thread] DEBUG SystemBundleService  - Saving FXGL system data
16:15:14.564 [JavaFX Application Thread] DEBUG FileSystemAccess     - Writing to: C:\Users\Juan\Desktop\Tarea Integradora III\NuclearThroneAtomic\system\fxgl.bundle
16:15:14.568 [JavaFX Application Thread] DEBUG Async                - Shutting down background threads
16:15:14.568 [JavaFX Application Thread] DEBUG PrimaryStageWindow   - Closing main window
16:15:14.582 [JavaFX Application Thread] DEBUG Logger               - Closing Logger
