10:54:21.457 [main                     ] DEBUG Logger               - Configured Logger
10:54:21.488 [main                     ] DEBUG GameApplication      - Logging settings
Title: Untitled
Version: 0.0
Width: 800
Height: 600
Fullscreen: false
Intro: false
Profiling: false
Single step:false
App Mode: DEVELOPER
Menu Key: ESCAPE
Stage Style: DECORATED
Scene Factory: class com.almasb.fxgl.app.scene.SceneFactory

10:54:21.837 [JavaFX Application Thread] DEBUG FXGLApplication      - Initializing FXGL
10:54:21.845 [JavaFX Application Thread] INFO  Engine               - FXGL-17.2 (20.08.2022 16.50) on WINDOWS (J:18.0.2 FX:18.0.2)
10:54:21.845 [JavaFX Application Thread] DEBUG Engine               - JRE Vendor Name: Amazon.com Inc.
10:54:21.846 [JavaFX Application Thread] DEBUG Engine               - Running on OS: Windows 10 version 10.0
10:54:21.846 [JavaFX Application Thread] DEBUG Engine               - Architecture: amd64
10:54:21.846 [JavaFX Application Thread] INFO  Engine               - Source code and latest versions at: https://github.com/AlmasB/FXGL
10:54:21.846 [JavaFX Application Thread] INFO  Engine               -       Ask questions and discuss at: https://github.com/AlmasB/FXGL/discussions
10:54:21.846 [JavaFX Application Thread] INFO  Engine               -              Join the FXGL chat at: https://gitter.im/AlmasB/FXGL
10:54:21.953 [JavaFX Application Thread] DEBUG PrimaryStageWindow   - Creating a JavaFX scene
10:54:22.001 [JavaFX Application Thread] DEBUG PrimaryStageWindow   - Target settings size: 800.0 x 600.0
10:54:22.002 [JavaFX Application Thread] DEBUG PrimaryStageWindow   - Scaled scene size:    800.0 x 600.0
10:54:22.002 [JavaFX Application Thread] DEBUG PrimaryStageWindow   - Scaled ratio: (1.0, 1.0)
10:54:22.003 [JavaFX Application Thread] DEBUG PrimaryStageWindow   - Set initial scene to FXGLStartupScene
10:54:22.010 [JavaFX Application Thread] DEBUG PrimaryStageWindow   - Opening main window
10:54:22.104 [JavaFX Application Thread] DEBUG PrimaryStageWindow   - Window border size: (14.66668701171875, 37.33331298828125)
10:54:22.105 [JavaFX Application Thread] DEBUG PrimaryStageWindow   - Scaled size: 800.0 x 600.0
10:54:22.105 [JavaFX Application Thread] DEBUG PrimaryStageWindow   - Scaled ratio: (1.0, 1.0)
10:54:22.105 [JavaFX Application Thread] DEBUG PrimaryStageWindow   - Scene size: 800.0 x 600.0
10:54:22.106 [JavaFX Application Thread] DEBUG PrimaryStageWindow   - Stage size: 814.6666870117188 x 637.3333129882812
10:54:22.113 [FXGL Background Thread 1 ] DEBUG Engine               - Initializing environment variables
10:54:22.168 [FXGL Background Thread 1 ] DEBUG FXGLAssetLoaderServi - User app class for loading assets: class com.example.nuclearthroneatomic.Controller
10:54:22.169 [FXGL Background Thread 1 ] DEBUG GameApplicationServi - Applying CSS: fxgl_dark.css
10:54:22.170 [FXGL Background Thread 1 ] DEBUG FXGLAssetLoaderServi - Loading from file system: jar:file:///C:/Users/aguir/.m2/repository/com/github/almasb/fxgl/17.2/fxgl-17.2.jar!/fxglassets/ui/css/fxgl_dark.css
10:54:22.222 [FXGL Background Thread 1 ] DEBUG GameApplicationServi - Initializing application scenes
10:54:22.276 [FXGL Background Thread 1 ] DEBUG GameWorld            - Game world initialized
10:54:22.350 [FXGL Background Thread 1 ] DEBUG PhysicsWorld         - Physics world initialized: appHeight=600, physics.ppm=50,0
10:54:22.350 [FXGL Background Thread 1 ] DEBUG PhysicsWorld         - Using strategy: BRUTE_FORCE
10:54:22.355 [FXGL Background Thread 1 ] DEBUG GameScene            - Game scene initialized: 800x600
10:54:22.367 [FXGL Background Thread 1 ] DEBUG FXGL.DefaultMenu     - createMenuBodyGameMenu()
10:54:22.381 [FXGL Background Thread 1 ] DEBUG FXGL.DefaultMenu     - createOptionsMenu()
10:54:22.392 [FXGL Background Thread 1 ] DEBUG FXGLAssetLoaderServi - Loading from file system: jar:file:///C:/Users/aguir/.m2/repository/com/github/almasb/fxgl/17.2/fxgl-17.2.jar!/fxglassets/textures/particles/smoke.png
10:54:22.490 [FXGL Background Thread 1 ] DEBUG FXGLAssetLoaderServi - Loading from file system: jar:file:///C:/Users/aguir/.m2/repository/com/github/almasb/fxgl/17.2/fxgl-17.2.jar!/fxglassets/textures/particles/trace_horizontal.png
10:54:22.523 [FXGL Background Thread 1 ] DEBUG GameApplicationServi - Application scenes initialized
10:54:22.536 [FXGL Background Thread 1 ] DEBUG SystemBundleService  - Loading FXGL system data
10:54:22.541 [FXGL Background Thread 1 ] DEBUG FileSystemAccess     - Reading from: C:\Users\aguir\Downloads\NuclearThroneAtomic\system\fxgl.bundle
10:54:22.551 [FXGL Background Thread 1 ] DEBUG SystemBundleService  - Bundle FXGL: {}
10:54:22.551 [FXGL Background Thread 1 ] DEBUG UpdaterService       - Checking for updates
10:54:22.556 [FXGL Background Thread 4 ] DEBUG FXGLApplication      - Loading fonts
10:54:22.556 [FXGL Background Thread 1 ] DEBUG FXGLApplication      - Loading default localization
10:54:22.556 [FXGL Background Thread 4 ] DEBUG FXGLAssetLoaderServi - Loading from file system: jar:file:///C:/Users/aguir/.m2/repository/com/github/almasb/fxgl/17.2/fxgl-17.2.jar!/fxglassets/ui/fonts/VarelaRound-Regular.ttf
10:54:22.557 [FXGL Background Thread 1 ] DEBUG FXGLAssetLoaderServi - Loading from file system: jar:file:///C:/Users/aguir/.m2/repository/com/github/almasb/fxgl/17.2/fxgl-17.2.jar!/fxglassets/languages/english.lang
10:54:22.598 [FXGL Background Thread 1 ] INFO  FXGLApplication      - FXGL initialization took: 0,485 sec
10:54:22.599 [FXGL Background Thread 4 ] DEBUG FXGLAssetLoaderServi - Loading from file system: jar:file:///C:/Users/aguir/.m2/repository/com/github/almasb/fxgl/17.2/fxgl-17.2.jar!/fxglassets/ui/fonts/Abel-Regular.ttf
10:54:22.607 [FXGL Background Thread 4 ] DEBUG FXGLAssetLoaderServi - Loading from file system: jar:file:///C:/Users/aguir/.m2/repository/com/github/almasb/fxgl/17.2/fxgl-17.2.jar!/fxglassets/ui/fonts/TerminalLandMono-Regular.otf
10:54:22.615 [JavaFX Application Thread] DEBUG Input                - Registered new binding: Right - D
10:54:22.615 [JavaFX Application Thread] DEBUG Input                - Registered new binding: Left - A
10:54:22.615 [FXGL Background Thread 4 ] DEBUG FXGLAssetLoaderServi - Loading from file system: jar:file:///C:/Users/aguir/.m2/repository/com/github/almasb/fxgl/17.2/fxgl-17.2.jar!/fxglassets/ui/fonts/Courier-Prime.ttf
10:54:22.615 [JavaFX Application Thread] DEBUG Input                - Registered new binding: Up - W
10:54:22.615 [JavaFX Application Thread] DEBUG Input                - Registered new binding: Down - S
10:54:22.619 [JavaFX Application Thread] DEBUG Input                - Registered new binding: Reload - RMB
10:54:22.619 [JavaFX Application Thread] DEBUG Input                - Registered new binding: Shoot - LMB
10:54:22.619 [JavaFX Application Thread] DEBUG FXGLAssetLoaderServi - Loading from file system: jar:file:///C:/Users/aguir/.m2/repository/com/github/almasb/fxgl/17.2/fxgl-17.2.jar!/fxglassets/textures/fxgl_icon.png
10:54:22.641 [JavaFX Application Thread] DEBUG FXGLAssetLoaderServi - Loading from file system: jar:file:///C:/Users/aguir/.m2/repository/com/github/almasb/fxgl/17.2/fxgl-17.2.jar!/fxglassets/textures/fxgl_default_cursor.png
10:54:22.644 [JavaFX Application Thread] DEBUG Input                - Registered new binding: Screenshot - CTRL+8
10:54:22.645 [JavaFX Application Thread] DEBUG Input                - Registered new binding: System info dump - CTRL+9
10:54:22.646 [JavaFX Application Thread] DEBUG Input                - Registered new binding: Restart - CTRL+R
10:54:22.648 [JavaFX Application Thread] DEBUG Input                - Registered new binding: Toggle Debug Camera - CTRL+7
10:54:22.654 [JavaFX Application Thread] DEBUG LoopRunner           - Starting loop
10:54:22.654 [JavaFX Application Thread] DEBUG LoopRunner           - Initializing JavaFX AnimationTimerLoop
10:54:22.659 [JavaFX Application Thread] DEBUG GameApplicationServi - Starting new game
10:54:22.660 [JavaFX Application Thread] DEBUG Input                - Clearing active input actions
10:54:22.673 [JavaFX Application Thread] DEBUG GameApplicationServi - Removing overlay from FXGLStartupScene and adding to FXGLLoadingScene
10:54:22.674 [JavaFX Application Thread] DEBUG PrimaryStageWindow   - FXGLStartupScene -> FXGLLoadingScene
10:54:22.674 [JavaFX Application Thread] DEBUG GameApplicationServi - Clearing previous game
10:54:22.674 [JavaFX Application Thread] DEBUG GameScene            - Clearing game scene
10:54:22.674 [JavaFX Application Thread] DEBUG GameWorld            - Clearing game world
10:54:22.674 [JavaFX Application Thread] DEBUG PhysicsWorld         - Clearing physics world
10:54:22.676 [JavaFX Application Thread] DEBUG FXGLApplication      - Registering font factories with UI factory
10:54:22.676 [FXGL Background Thread 4 ] DEBUG FXGLApplication      - Initializing game
10:54:22.685 [FXGL Background Thread 4 ] DEBUG FXGLAssetLoaderServi - Loading from file system: file:/C:/Users/aguir/Downloads/NuclearThroneAtomic/src/nuclearthroneatomic/target/classes/assets/textures/Avatar/1-Idle/1.png
10:54:22.688 [FXGL Background Thread 4 ] DEBUG FXGLAssetLoaderServi - Loading from file system: file:/C:/Users/aguir/Downloads/NuclearThroneAtomic/src/nuclearthroneatomic/target/classes/assets/textures/Avatar/1-Idle/2.png
10:54:22.689 [FXGL Background Thread 4 ] DEBUG FXGLAssetLoaderServi - Loading from file system: file:/C:/Users/aguir/Downloads/NuclearThroneAtomic/src/nuclearthroneatomic/target/classes/assets/textures/Avatar/1-Idle/3.png
10:54:22.691 [FXGL Background Thread 4 ] DEBUG FXGLAssetLoaderServi - Loading from file system: file:/C:/Users/aguir/Downloads/NuclearThroneAtomic/src/nuclearthroneatomic/target/classes/assets/textures/Avatar/1-Idle/4.png
10:54:22.750 [FXGL Background Thread 4 ] DEBUG FXGLAssetLoaderServi - Loading from file system: file:/C:/Users/aguir/Downloads/NuclearThroneAtomic/src/nuclearthroneatomic/target/classes/assets/textures/Avatar/2-Run/1.png
10:54:22.751 [FXGL Background Thread 4 ] DEBUG FXGLAssetLoaderServi - Loading from file system: file:/C:/Users/aguir/Downloads/NuclearThroneAtomic/src/nuclearthroneatomic/target/classes/assets/textures/Avatar/2-Run/2.png
10:54:22.752 [FXGL Background Thread 4 ] DEBUG FXGLAssetLoaderServi - Loading from file system: file:/C:/Users/aguir/Downloads/NuclearThroneAtomic/src/nuclearthroneatomic/target/classes/assets/textures/Avatar/2-Run/3.png
10:54:22.754 [FXGL Background Thread 4 ] DEBUG FXGLAssetLoaderServi - Loading from file system: file:/C:/Users/aguir/Downloads/NuclearThroneAtomic/src/nuclearthroneatomic/target/classes/assets/textures/Avatar/2-Run/4.png
10:54:22.755 [FXGL Background Thread 4 ] DEBUG FXGLAssetLoaderServi - Loading from file system: file:/C:/Users/aguir/Downloads/NuclearThroneAtomic/src/nuclearthroneatomic/target/classes/assets/textures/Avatar/2-Run/5.png
10:54:22.756 [FXGL Background Thread 4 ] DEBUG FXGLAssetLoaderServi - Loading from file system: file:/C:/Users/aguir/Downloads/NuclearThroneAtomic/src/nuclearthroneatomic/target/classes/assets/textures/Avatar/2-Run/6.png
10:54:22.763 [FXGL Background Thread 4 ] DEBUG FXGLAssetLoaderServi - Loading from file system: file:/C:/Users/aguir/Downloads/NuclearThroneAtomic/src/nuclearthroneatomic/target/classes/assets/textures/Munition/1.png
10:54:22.829 [FXGL Background Thread 4 ] DEBUG FXGLAssetLoaderServi - Loading from file system: file:/C:/Users/aguir/Downloads/NuclearThroneAtomic/src/nuclearthroneatomic/target/classes/assets/textures/hud/lifeplayer.png
10:54:22.835 [FXGL Background Thread 4 ] DEBUG FXGLAssetLoaderServi - Loading from file system: file:/C:/Users/aguir/Downloads/NuclearThroneAtomic/src/nuclearthroneatomic/target/classes/assets/textures/hud/trebol.png
10:54:22.844 [FXGL Background Thread 4 ] DEBUG FXGLAssetLoaderServi - Loading from file system: file:/C:/Users/aguir/Downloads/NuclearThroneAtomic/src/nuclearthroneatomic/target/classes/assets/textures/Guns/1.png
10:54:22.849 [FXGL Background Thread 4 ] DEBUG FXGLAssetLoaderServi - Loading from file system: file:/C:/Users/aguir/Downloads/NuclearThroneAtomic/src/nuclearthroneatomic/target/classes/assets/textures/Guns/2.png
10:54:22.854 [FXGL Background Thread 4 ] DEBUG FXGLAssetLoaderServi - Loading from file system: file:/C:/Users/aguir/Downloads/NuclearThroneAtomic/src/nuclearthroneatomic/target/classes/assets/textures/Wall/1.png
10:54:22.917 [FXGL Background Thread 4 ] INFO  FXGLApplication      - Game initialization took: 0,240 sec
10:54:22.924 [JavaFX Application Thread] DEBUG Input                - Clearing active input actions
10:54:22.940 [JavaFX Application Thread] DEBUG GameApplicationServi - Removing overlay from FXGLLoadingScene and adding to GameScene
10:54:22.940 [JavaFX Application Thread] DEBUG PrimaryStageWindow   - FXGLLoadingScene -> GameScene
10:54:22.977 [JavaFX Application Thread] DEBUG FXGLAssetLoaderServi - Loading from file system: file:/C:/Users/aguir/Downloads/NuclearThroneAtomic/src/nuclearthroneatomic/target/classes/assets/textures/Munition/2.png
10:54:23.252 [FXGL Background Thread 2 ] INFO  UpdaterService       - Your current version:  17.2
10:54:23.252 [FXGL Background Thread 2 ] INFO  UpdaterService       - Latest stable version: 17.3
10:54:25.555 [FXGL Background Thread 3 ] DEBUG Engine               - Logging environment variables
10:54:25.555 [FXGL Background Thread 3 ] DEBUG Engine               - achievements: []
10:54:25.555 [FXGL Background Thread 3 ] DEBUG Engine               - actualHeight: 600.0
10:54:25.555 [FXGL Background Thread 3 ] DEBUG Engine               - actualHeightProperty: ReadOnlyDoubleProperty [value: 600.0]
10:54:25.555 [FXGL Background Thread 3 ] DEBUG Engine               - actualWidth: 800.0
10:54:25.555 [FXGL Background Thread 3 ] DEBUG Engine               - actualWidthProperty: ReadOnlyDoubleProperty [value: 800.0]
10:54:25.556 [FXGL Background Thread 3 ] DEBUG Engine               - appIcon: fxgl_icon.png
10:54:25.556 [FXGL Background Thread 3 ] DEBUG Engine               - applicationMode: DEVELOPER
10:54:25.556 [FXGL Background Thread 3 ] DEBUG Engine               - cSSList: [fxgl_dark.css]
10:54:25.556 [FXGL Background Thread 3 ] DEBUG Engine               - collisionDetectionStrategy: BRUTE_FORCE
10:54:25.556 [FXGL Background Thread 3 ] DEBUG Engine               - configClass: Optional.empty
10:54:25.556 [FXGL Background Thread 3 ] DEBUG Engine               - credits: []
10:54:25.556 [FXGL Background Thread 3 ] DEBUG Engine               - defaultCursor: CursorInfo(imageName=fxgl_default_cursor.png, hotspotX=7.0, hotspotY=6.0)
10:54:25.557 [FXGL Background Thread 3 ] DEBUG Engine               - devBBoxColorProperty: ObjectProperty [value: 0xff0000ff]
10:54:25.557 [FXGL Background Thread 3 ] DEBUG Engine               - devEnableDebugCameraProperty: BooleanProperty [value: false]
10:54:25.557 [FXGL Background Thread 3 ] DEBUG Engine               - devSensorColorProperty: ObjectProperty [value: 0xffff00ff]
10:54:25.557 [FXGL Background Thread 3 ] DEBUG Engine               - devShowBBoxProperty: BooleanProperty [value: false]
10:54:25.557 [FXGL Background Thread 3 ] DEBUG Engine               - devShowPositionProperty: BooleanProperty [value: false]
10:54:25.557 [FXGL Background Thread 3 ] DEBUG Engine               - enabledMenuItems: []
10:54:25.557 [FXGL Background Thread 3 ] DEBUG Engine               - engineServices: [class com.almasb.fxgl.app.services.FXGLAssetLoaderService, class com.almasb.fxgl.app.FXGLApplication$GameApplicationService, class com.almasb.fxgl.app.services.FXGLDialogService, class com.almasb.fxgl.app.services.IOTaskExecutorService, class com.almasb.fxgl.io.FileSystemService, class com.almasb.fxgl.localization.LocalizationService, class com.almasb.fxgl.app.services.SystemBundleService, class com.almasb.fxgl.profile.SaveLoadService, class com.almasb.fxgl.ui.FXGLUIFactoryServiceProvider, class com.almasb.fxgl.ui.FXGLDialogFactoryServiceProvider, class com.almasb.fxgl.audio.AudioPlayer, class com.almasb.fxgl.notification.impl.NotificationServiceProvider, class com.almasb.fxgl.achievement.AchievementService, class com.almasb.fxgl.cutscene.CutsceneService, class com.almasb.fxgl.minigames.MiniGameService, class com.almasb.fxgl.net.NetService, class com.almasb.fxgl.app.services.UpdaterService, class com.almasb.fxgl.dev.DevService]
10:54:25.557 [FXGL Background Thread 3 ] DEBUG Engine               - fontGame: Abel-Regular.ttf
10:54:25.557 [FXGL Background Thread 3 ] DEBUG Engine               - fontMono: TerminalLandMono-Regular.otf
10:54:25.557 [FXGL Background Thread 3 ] DEBUG Engine               - fontText: Courier-Prime.ttf
10:54:25.557 [FXGL Background Thread 3 ] DEBUG Engine               - fontUI: VarelaRound-Regular.ttf
10:54:25.557 [FXGL Background Thread 3 ] DEBUG Engine               - fullScreen: BooleanProperty [value: false]
10:54:25.557 [FXGL Background Thread 3 ] DEBUG Engine               - gameDifficulty: MEDIUM
10:54:25.557 [FXGL Background Thread 3 ] DEBUG Engine               - gameDifficultyProperty: ObjectProperty [value: MEDIUM]
10:54:25.557 [FXGL Background Thread 3 ] DEBUG Engine               - globalMusicVolume: 0.5
10:54:25.558 [FXGL Background Thread 3 ] DEBUG Engine               - globalMusicVolumeProperty: DoubleProperty [value: 0.5]
10:54:25.558 [FXGL Background Thread 3 ] DEBUG Engine               - globalSoundVolume: 0.5
10:54:25.558 [FXGL Background Thread 3 ] DEBUG Engine               - globalSoundVolumeProperty: DoubleProperty [value: 0.5]
10:54:25.558 [FXGL Background Thread 3 ] DEBUG Engine               - height: 600
10:54:25.558 [FXGL Background Thread 3 ] DEBUG Engine               - is3D: false
10:54:25.558 [FXGL Background Thread 3 ] DEBUG Engine               - isAndroid: false
10:54:25.558 [FXGL Background Thread 3 ] DEBUG Engine               - isBrowser: false
10:54:25.558 [FXGL Background Thread 3 ] DEBUG Engine               - isClickFeedbackEnabled: false
10:54:25.558 [FXGL Background Thread 3 ] DEBUG Engine               - isCloseConfirmation: false
10:54:25.558 [FXGL Background Thread 3 ] DEBUG Engine               - isDesktop: true
10:54:25.558 [FXGL Background Thread 3 ] DEBUG Engine               - isDeveloperMenuEnabled: false
10:54:25.558 [FXGL Background Thread 3 ] DEBUG Engine               - isEmbedded: false
10:54:25.558 [FXGL Background Thread 3 ] DEBUG Engine               - isEntityPreloadEnabled: true
10:54:25.558 [FXGL Background Thread 3 ] DEBUG Engine               - isExperimentalTiledLargeMap: false
10:54:25.558 [FXGL Background Thread 3 ] DEBUG Engine               - isFileSystemWriteAllowed: true
10:54:25.558 [FXGL Background Thread 3 ] DEBUG Engine               - isFullScreenAllowed: false
10:54:25.558 [FXGL Background Thread 3 ] DEBUG Engine               - isFullScreenFromStart: false
10:54:25.559 [FXGL Background Thread 3 ] DEBUG Engine               - isGameMenuEnabled: true
10:54:25.559 [FXGL Background Thread 3 ] DEBUG Engine               - isIOS: false
10:54:25.559 [FXGL Background Thread 3 ] DEBUG Engine               - isIntroEnabled: false
10:54:25.559 [FXGL Background Thread 3 ] DEBUG Engine               - isLinux: false
10:54:25.559 [FXGL Background Thread 3 ] DEBUG Engine               - isMac: false
10:54:25.559 [FXGL Background Thread 3 ] DEBUG Engine               - isMainMenuEnabled: false
10:54:25.559 [FXGL Background Thread 3 ] DEBUG Engine               - isManualResizeEnabled: false
10:54:25.559 [FXGL Background Thread 3 ] DEBUG Engine               - isMobile: false
10:54:25.559 [FXGL Background Thread 3 ] DEBUG Engine               - isNative: false
10:54:25.559 [FXGL Background Thread 3 ] DEBUG Engine               - isPauseMusicWhenMinimized: true
10:54:25.559 [FXGL Background Thread 3 ] DEBUG Engine               - isPreserveResizeRatio: false
10:54:25.559 [FXGL Background Thread 3 ] DEBUG Engine               - isProfilingEnabled: false
10:54:25.559 [FXGL Background Thread 3 ] DEBUG Engine               - isScaleAffectedOnResize: true
10:54:25.559 [FXGL Background Thread 3 ] DEBUG Engine               - isSingleStep: false
10:54:25.559 [FXGL Background Thread 3 ] DEBUG Engine               - isUserProfileEnabled: false
10:54:25.559 [FXGL Background Thread 3 ] DEBUG Engine               - isWindows: true
10:54:25.559 [FXGL Background Thread 3 ] DEBUG Engine               - language: ObjectProperty [value: ENGLISH]
10:54:25.559 [FXGL Background Thread 3 ] DEBUG Engine               - menuKey: ESCAPE
10:54:25.559 [FXGL Background Thread 3 ] DEBUG Engine               - mouseSensitivity: 0.2
10:54:25.560 [FXGL Background Thread 3 ] DEBUG Engine               - notificationViewClass: class com.almasb.fxgl.notification.view.XboxNotificationView
10:54:25.560 [FXGL Background Thread 3 ] DEBUG Engine               - pixelsPerMeter: 50.0
10:54:25.560 [FXGL Background Thread 3 ] DEBUG Engine               - platform: WINDOWS
10:54:25.560 [FXGL Background Thread 3 ] DEBUG Engine               - prefHeightProperty: ReadOnlyDoubleProperty [value: 600.0]
10:54:25.560 [FXGL Background Thread 3 ] DEBUG Engine               - prefWidthProperty: ReadOnlyDoubleProperty [value: 800.0]
10:54:25.560 [FXGL Background Thread 3 ] DEBUG Engine               - profileDir: profiles/
10:54:25.560 [FXGL Background Thread 3 ] DEBUG Engine               - profileName: StringProperty [value: DEFAULT]
10:54:25.560 [FXGL Background Thread 3 ] DEBUG Engine               - randomSeed: -1
10:54:25.560 [FXGL Background Thread 3 ] DEBUG Engine               - runtimeInfo: RuntimeInfo(platform=WINDOWS, version=17.2, build=20.08.2022 16.50)
10:54:25.560 [FXGL Background Thread 3 ] DEBUG Engine               - saveFileExt: sav
10:54:25.560 [FXGL Background Thread 3 ] DEBUG Engine               - scaledHeightProp$fxgl: DoubleProperty [bound, value: 600.0]
10:54:25.561 [FXGL Background Thread 3 ] DEBUG Engine               - scaledWidthProp$fxgl: DoubleProperty [bound, value: 800.0]
10:54:25.561 [FXGL Background Thread 3 ] DEBUG Engine               - sceneFactory: com.almasb.fxgl.app.scene.SceneFactory@55c24812
10:54:25.561 [FXGL Background Thread 3 ] DEBUG Engine               - secondsIn24h: 60
10:54:25.561 [FXGL Background Thread 3 ] DEBUG Engine               - soundMenuBack: menu/back.wav
10:54:25.561 [FXGL Background Thread 3 ] DEBUG Engine               - soundMenuPress: menu/press.wav
10:54:25.561 [FXGL Background Thread 3 ] DEBUG Engine               - soundMenuSelect: menu/select.wav
10:54:25.561 [FXGL Background Thread 3 ] DEBUG Engine               - soundNotification: core/notification.wav
10:54:25.561 [FXGL Background Thread 3 ] DEBUG Engine               - stageStyle: DECORATED
10:54:25.561 [FXGL Background Thread 3 ] DEBUG Engine               - supportedLanguages: [ENGLISH, FRENCH, GERMAN, HUNGARIAN, RUSSIAN]
10:54:25.561 [FXGL Background Thread 3 ] DEBUG Engine               - ticksPerSecond: -1
10:54:25.561 [FXGL Background Thread 3 ] DEBUG Engine               - title: Untitled
10:54:25.561 [FXGL Background Thread 3 ] DEBUG Engine               - urlGithub: https://github.com/AlmasB/FXGL
10:54:25.561 [FXGL Background Thread 3 ] DEBUG Engine               - urlLeaderboard: http://fxgl-top.herokuapp.com/
10:54:25.561 [FXGL Background Thread 3 ] DEBUG Engine               - urlPOM: https://raw.githubusercontent.com/AlmasB/FXGL/release/README.md
10:54:25.561 [FXGL Background Thread 3 ] DEBUG Engine               - userAppClass: class com.example.nuclearthroneatomic.Controller
10:54:25.561 [FXGL Background Thread 3 ] DEBUG Engine               - version: 0.0
10:54:25.561 [FXGL Background Thread 3 ] DEBUG Engine               - versionCheckDays: 7
10:54:25.561 [FXGL Background Thread 3 ] DEBUG Engine               - width: 800
10:54:25.561 [FXGL Background Thread 3 ] DEBUG Engine               - Logging services
10:54:25.561 [FXGL Background Thread 3 ] DEBUG Engine               - class com.almasb.fxgl.app.services.FXGLAssetLoaderService
10:54:25.562 [FXGL Background Thread 3 ] DEBUG Engine               - class com.almasb.fxgl.app.FXGLApplication$GameApplicationService
10:54:25.562 [FXGL Background Thread 3 ] DEBUG Engine               - class com.almasb.fxgl.app.services.FXGLDialogService
10:54:25.562 [FXGL Background Thread 3 ] DEBUG Engine               - class com.almasb.fxgl.app.services.IOTaskExecutorService
10:54:25.562 [FXGL Background Thread 3 ] DEBUG Engine               - class com.almasb.fxgl.io.FileSystemService
10:54:25.562 [FXGL Background Thread 3 ] DEBUG Engine               - class com.almasb.fxgl.localization.LocalizationService
10:54:25.562 [FXGL Background Thread 3 ] DEBUG Engine               - class com.almasb.fxgl.app.services.SystemBundleService
10:54:25.562 [FXGL Background Thread 3 ] DEBUG Engine               - class com.almasb.fxgl.profile.SaveLoadService
10:54:25.562 [FXGL Background Thread 3 ] DEBUG Engine               - class com.almasb.fxgl.ui.FXGLUIFactoryServiceProvider
10:54:25.562 [FXGL Background Thread 3 ] DEBUG Engine               - class com.almasb.fxgl.ui.FXGLDialogFactoryServiceProvider
10:54:25.562 [FXGL Background Thread 3 ] DEBUG Engine               - class com.almasb.fxgl.audio.AudioPlayer
10:54:25.562 [FXGL Background Thread 3 ] DEBUG Engine               - class com.almasb.fxgl.notification.impl.NotificationServiceProvider
10:54:25.562 [FXGL Background Thread 3 ] DEBUG Engine               - class com.almasb.fxgl.achievement.AchievementService
10:54:25.562 [FXGL Background Thread 3 ] DEBUG Engine               - class com.almasb.fxgl.cutscene.CutsceneService
10:54:25.562 [FXGL Background Thread 3 ] DEBUG Engine               - class com.almasb.fxgl.minigames.MiniGameService
10:54:25.562 [FXGL Background Thread 3 ] DEBUG Engine               - class com.almasb.fxgl.net.NetService
10:54:25.562 [FXGL Background Thread 3 ] DEBUG Engine               - class com.almasb.fxgl.app.services.UpdaterService
10:54:25.562 [FXGL Background Thread 3 ] DEBUG Engine               - class com.almasb.fxgl.dev.DevService
10:54:27.570 [JavaFX Application Thread] DEBUG FXGLApplication      - Exiting FXGL
10:54:27.570 [JavaFX Application Thread] DEBUG LoopRunner           - Stopping loop
10:54:27.570 [JavaFX Application Thread] DEBUG SystemBundleService  - Saving FXGL system data
10:54:27.573 [JavaFX Application Thread] DEBUG FileSystemAccess     - Writing to: C:\Users\aguir\Downloads\NuclearThroneAtomic\system\fxgl.bundle
10:54:27.575 [JavaFX Application Thread] DEBUG Async                - Shutting down background threads
10:54:27.575 [JavaFX Application Thread] DEBUG PrimaryStageWindow   - Closing main window
10:54:27.584 [JavaFX Application Thread] DEBUG Logger               - Closing Logger
