16:30:08.139 [main                     ] DEBUG Logger               - Configured Logger
16:30:08.179 [main                     ] DEBUG GameApplication      - Logging settings
Title: Untitled
Version: 0.0
Width: 800
Height: 600
Fullscreen: false
Intro: false
Profiling: false
Single step:false
App Mode: DEVELOPER
Menu Key: ESCAPE
Stage Style: DECORATED
Scene Factory: class com.almasb.fxgl.app.scene.SceneFactory

16:30:08.973 [JavaFX Application Thread] DEBUG FXGLApplication      - Initializing FXGL
16:30:08.994 [JavaFX Application Thread] INFO  Engine               - FXGL-17.2 (20.08.2022 16.50) on WINDOWS (J:19.0.2 FX:18.0.2)
16:30:08.995 [JavaFX Application Thread] DEBUG Engine               - JRE Vendor Name: Oracle Corporation
16:30:08.995 [JavaFX Application Thread] DEBUG Engine               - Running on OS: Windows 10 version 10.0
16:30:08.996 [JavaFX Application Thread] DEBUG Engine               - Architecture: amd64
16:30:08.996 [JavaFX Application Thread] INFO  Engine               - Source code and latest versions at: https://github.com/AlmasB/FXGL
16:30:08.996 [JavaFX Application Thread] INFO  Engine               -       Ask questions and discuss at: https://github.com/AlmasB/FXGL/discussions
16:30:08.996 [JavaFX Application Thread] INFO  Engine               -              Join the FXGL chat at: https://gitter.im/AlmasB/FXGL
16:30:09.234 [JavaFX Application Thread] DEBUG PrimaryStageWindow   - Creating a JavaFX scene
16:30:09.303 [JavaFX Application Thread] DEBUG PrimaryStageWindow   - Target settings size: 800.0 x 600.0
16:30:09.304 [JavaFX Application Thread] DEBUG PrimaryStageWindow   - Scaled scene size:    800.0 x 600.0
16:30:09.304 [JavaFX Application Thread] DEBUG PrimaryStageWindow   - Scaled ratio: (1.0, 1.0)
16:30:09.305 [JavaFX Application Thread] DEBUG PrimaryStageWindow   - Set initial scene to FXGLStartupScene
16:30:09.314 [JavaFX Application Thread] DEBUG PrimaryStageWindow   - Opening main window
16:30:09.465 [JavaFX Application Thread] DEBUG PrimaryStageWindow   - Window border size: (16.0, 39.0)
16:30:09.466 [JavaFX Application Thread] DEBUG PrimaryStageWindow   - Scaled size: 800.0 x 600.0
16:30:09.466 [JavaFX Application Thread] DEBUG PrimaryStageWindow   - Scaled ratio: (1.0, 1.0)
16:30:09.467 [JavaFX Application Thread] DEBUG PrimaryStageWindow   - Scene size: 800.0 x 600.0
16:30:09.467 [JavaFX Application Thread] DEBUG PrimaryStageWindow   - Stage size: 816.0 x 639.0
16:30:09.481 [FXGL Background Thread 1 ] DEBUG Engine               - Initializing environment variables
16:30:09.569 [FXGL Background Thread 1 ] DEBUG FXGLAssetLoaderServi - User app class for loading assets: class com.example.nuclearthroneatomic.Controller
16:30:09.569 [FXGL Background Thread 1 ] DEBUG GameApplicationServi - Applying CSS: fxgl_dark.css
16:30:09.571 [FXGL Background Thread 1 ] DEBUG FXGLAssetLoaderServi - Loading from file system: jar:file:///C:/Users/Juan/.m2/repository/com/github/almasb/fxgl/17.2/fxgl-17.2.jar!/fxglassets/ui/css/fxgl_dark.css
16:30:09.647 [FXGL Background Thread 1 ] DEBUG GameApplicationServi - Initializing application scenes
16:30:09.774 [FXGL Background Thread 1 ] DEBUG GameWorld            - Game world initialized
16:30:10.006 [FXGL Background Thread 1 ] DEBUG PhysicsWorld         - Physics world initialized: appHeight=600, physics.ppm=50,0
16:30:10.007 [FXGL Background Thread 1 ] DEBUG PhysicsWorld         - Using strategy: BRUTE_FORCE
16:30:10.014 [FXGL Background Thread 1 ] DEBUG GameScene            - Game scene initialized: 800x600
16:30:10.031 [FXGL Background Thread 1 ] DEBUG FXGL.DefaultMenu     - createMenuBodyGameMenu()
16:30:10.150 [FXGL Background Thread 1 ] DEBUG FXGL.DefaultMenu     - createOptionsMenu()
16:30:10.172 [FXGL Background Thread 1 ] DEBUG FXGLAssetLoaderServi - Loading from file system: jar:file:///C:/Users/Juan/.m2/repository/com/github/almasb/fxgl/17.2/fxgl-17.2.jar!/fxglassets/textures/particles/smoke.png
16:30:10.619 [FXGL Background Thread 1 ] DEBUG FXGLAssetLoaderServi - Loading from file system: jar:file:///C:/Users/Juan/.m2/repository/com/github/almasb/fxgl/17.2/fxgl-17.2.jar!/fxglassets/textures/particles/trace_horizontal.png
16:30:10.665 [FXGL Background Thread 1 ] DEBUG GameApplicationServi - Application scenes initialized
16:30:10.688 [FXGL Background Thread 1 ] DEBUG SystemBundleService  - Loading FXGL system data
16:30:10.727 [FXGL Background Thread 1 ] DEBUG FileSystemAccess     - Reading from: C:\Users\Juan\Desktop\Tarea Integradora III\NuclearThroneAtomic\system\fxgl.bundle
16:30:10.771 [FXGL Background Thread 1 ] DEBUG SystemBundleService  - Bundle FXGL: {}
16:30:10.771 [FXGL Background Thread 1 ] DEBUG UpdaterService       - Checking for updates
16:30:10.778 [FXGL Background Thread 1 ] DEBUG FXGLApplication      - Loading default localization
16:30:10.777 [FXGL Background Thread 4 ] DEBUG FXGLApplication      - Loading fonts
16:30:10.778 [FXGL Background Thread 1 ] DEBUG FXGLAssetLoaderServi - Loading from file system: jar:file:///C:/Users/Juan/.m2/repository/com/github/almasb/fxgl/17.2/fxgl-17.2.jar!/fxglassets/languages/english.lang
16:30:10.795 [FXGL Background Thread 4 ] DEBUG FXGLAssetLoaderServi - Loading from file system: jar:file:///C:/Users/Juan/.m2/repository/com/github/almasb/fxgl/17.2/fxgl-17.2.jar!/fxglassets/ui/fonts/VarelaRound-Regular.ttf
16:30:10.982 [FXGL Background Thread 1 ] INFO  FXGLApplication      - FXGL initialization took: 1,501 sec
16:30:10.992 [JavaFX Application Thread] DEBUG Input                - Registered new binding: Right - D
16:30:10.992 [JavaFX Application Thread] DEBUG Input                - Registered new binding: Left - A
16:30:10.992 [JavaFX Application Thread] DEBUG Input                - Registered new binding: Up - W
16:30:10.992 [JavaFX Application Thread] DEBUG Input                - Registered new binding: Down - S
16:30:10.994 [JavaFX Application Thread] DEBUG Input                - Registered new binding: Reload - RMB
16:30:10.995 [JavaFX Application Thread] DEBUG Input                - Registered new binding: Shoot - LMB
16:30:10.995 [JavaFX Application Thread] DEBUG FXGLAssetLoaderServi - Loading from file system: jar:file:///C:/Users/Juan/.m2/repository/com/github/almasb/fxgl/17.2/fxgl-17.2.jar!/fxglassets/textures/fxgl_icon.png
16:30:11.022 [JavaFX Application Thread] DEBUG FXGLAssetLoaderServi - Loading from file system: jar:file:///C:/Users/Juan/.m2/repository/com/github/almasb/fxgl/17.2/fxgl-17.2.jar!/fxglassets/textures/fxgl_default_cursor.png
16:30:11.028 [JavaFX Application Thread] DEBUG Input                - Registered new binding: Screenshot - CTRL+8
16:30:11.028 [JavaFX Application Thread] DEBUG Input                - Registered new binding: System info dump - CTRL+9
16:30:11.029 [JavaFX Application Thread] DEBUG Input                - Registered new binding: Restart - CTRL+R
16:30:11.029 [JavaFX Application Thread] DEBUG Input                - Registered new binding: Toggle Debug Camera - CTRL+7
16:30:11.031 [FXGL Background Thread 4 ] DEBUG FXGLAssetLoaderServi - Loading from file system: jar:file:///C:/Users/Juan/.m2/repository/com/github/almasb/fxgl/17.2/fxgl-17.2.jar!/fxglassets/ui/fonts/Abel-Regular.ttf
16:30:11.032 [JavaFX Application Thread] DEBUG LoopRunner           - Starting loop
16:30:11.033 [JavaFX Application Thread] DEBUG LoopRunner           - Initializing JavaFX AnimationTimerLoop
16:30:11.035 [JavaFX Application Thread] DEBUG GameApplicationServi - Starting new game
16:30:11.036 [JavaFX Application Thread] DEBUG Input                - Clearing active input actions
16:30:11.045 [FXGL Background Thread 4 ] DEBUG FXGLAssetLoaderServi - Loading from file system: jar:file:///C:/Users/Juan/.m2/repository/com/github/almasb/fxgl/17.2/fxgl-17.2.jar!/fxglassets/ui/fonts/TerminalLandMono-Regular.otf
16:30:11.048 [JavaFX Application Thread] DEBUG GameApplicationServi - Removing overlay from FXGLStartupScene and adding to FXGLLoadingScene
16:30:11.049 [JavaFX Application Thread] DEBUG PrimaryStageWindow   - FXGLStartupScene -> FXGLLoadingScene
16:30:11.049 [JavaFX Application Thread] DEBUG GameApplicationServi - Clearing previous game
16:30:11.049 [JavaFX Application Thread] DEBUG GameScene            - Clearing game scene
16:30:11.049 [JavaFX Application Thread] DEBUG GameWorld            - Clearing game world
16:30:11.049 [JavaFX Application Thread] DEBUG PhysicsWorld         - Clearing physics world
16:30:11.050 [FXGL Background Thread 1 ] DEBUG FXGLApplication      - Initializing game
16:30:11.057 [FXGL Background Thread 1 ] DEBUG FXGLAssetLoaderServi - Loading from file system: file:/C:/Users/Juan/Desktop/Tarea%20Integradora%20III/NuclearThroneAtomic/src/nuclearthroneatomic/target/classes/assets/textures/Avatar/1-Idle/1.png
16:30:11.058 [FXGL Background Thread 4 ] DEBUG FXGLAssetLoaderServi - Loading from file system: jar:file:///C:/Users/Juan/.m2/repository/com/github/almasb/fxgl/17.2/fxgl-17.2.jar!/fxglassets/ui/fonts/Courier-Prime.ttf
16:30:11.067 [FXGL Background Thread 1 ] DEBUG FXGLAssetLoaderServi - Loading from file system: file:/C:/Users/Juan/Desktop/Tarea%20Integradora%20III/NuclearThroneAtomic/src/nuclearthroneatomic/target/classes/assets/textures/Avatar/1-Idle/2.png
16:30:11.071 [FXGL Background Thread 1 ] DEBUG FXGLAssetLoaderServi - Loading from file system: file:/C:/Users/Juan/Desktop/Tarea%20Integradora%20III/NuclearThroneAtomic/src/nuclearthroneatomic/target/classes/assets/textures/Avatar/1-Idle/3.png
16:30:11.074 [FXGL Background Thread 1 ] DEBUG FXGLAssetLoaderServi - Loading from file system: file:/C:/Users/Juan/Desktop/Tarea%20Integradora%20III/NuclearThroneAtomic/src/nuclearthroneatomic/target/classes/assets/textures/Avatar/1-Idle/4.png
16:30:11.114 [JavaFX Application Thread] DEBUG FXGLApplication      - Registering font factories with UI factory
16:30:11.127 [FXGL Background Thread 1 ] DEBUG FXGLAssetLoaderServi - Loading from file system: file:/C:/Users/Juan/Desktop/Tarea%20Integradora%20III/NuclearThroneAtomic/src/nuclearthroneatomic/target/classes/assets/textures/Avatar/2-Run/1.png
16:30:11.268 [FXGL Background Thread 1 ] DEBUG FXGLAssetLoaderServi - Loading from file system: file:/C:/Users/Juan/Desktop/Tarea%20Integradora%20III/NuclearThroneAtomic/src/nuclearthroneatomic/target/classes/assets/textures/Avatar/2-Run/2.png
16:30:11.358 [FXGL Background Thread 1 ] DEBUG FXGLAssetLoaderServi - Loading from file system: file:/C:/Users/Juan/Desktop/Tarea%20Integradora%20III/NuclearThroneAtomic/src/nuclearthroneatomic/target/classes/assets/textures/Avatar/2-Run/3.png
16:30:11.362 [FXGL Background Thread 1 ] DEBUG FXGLAssetLoaderServi - Loading from file system: file:/C:/Users/Juan/Desktop/Tarea%20Integradora%20III/NuclearThroneAtomic/src/nuclearthroneatomic/target/classes/assets/textures/Avatar/2-Run/4.png
16:30:11.384 [FXGL Background Thread 1 ] DEBUG FXGLAssetLoaderServi - Loading from file system: file:/C:/Users/Juan/Desktop/Tarea%20Integradora%20III/NuclearThroneAtomic/src/nuclearthroneatomic/target/classes/assets/textures/Avatar/2-Run/5.png
16:30:11.403 [FXGL Background Thread 1 ] DEBUG FXGLAssetLoaderServi - Loading from file system: file:/C:/Users/Juan/Desktop/Tarea%20Integradora%20III/NuclearThroneAtomic/src/nuclearthroneatomic/target/classes/assets/textures/Avatar/2-Run/6.png
16:30:11.441 [FXGL Background Thread 1 ] DEBUG FXGLAssetLoaderServi - Loading from file system: file:/C:/Users/Juan/Desktop/Tarea%20Integradora%20III/NuclearThroneAtomic/src/nuclearthroneatomic/target/classes/assets/textures/Munition/1.png
16:30:11.548 [FXGL Background Thread 1 ] DEBUG FXGLAssetLoaderServi - Loading from file system: file:/C:/Users/Juan/Desktop/Tarea%20Integradora%20III/NuclearThroneAtomic/src/nuclearthroneatomic/target/classes/assets/textures/Guns/1.png
16:30:11.560 [FXGL Background Thread 1 ] DEBUG FXGLAssetLoaderServi - Loading from file system: file:/C:/Users/Juan/Desktop/Tarea%20Integradora%20III/NuclearThroneAtomic/src/nuclearthroneatomic/target/classes/assets/textures/Guns/2.png
16:30:11.568 [FXGL Background Thread 1 ] DEBUG FXGLAssetLoaderServi - Loading from file system: file:/C:/Users/Juan/Desktop/Tarea%20Integradora%20III/NuclearThroneAtomic/src/nuclearthroneatomic/target/classes/assets/textures/Wall/1.png
16:30:11.678 [FXGL Background Thread 1 ] INFO  FXGLApplication      - Game initialization took: 0,628 sec
16:30:11.759 [JavaFX Application Thread] DEBUG Input                - Clearing active input actions
16:30:11.772 [JavaFX Application Thread] DEBUG GameApplicationServi - Removing overlay from FXGLLoadingScene and adding to GameScene
16:30:11.773 [JavaFX Application Thread] DEBUG PrimaryStageWindow   - FXGLLoadingScene -> GameScene
16:30:12.532 [FXGL Background Thread 2 ] INFO  UpdaterService       - Your current version:  17.2
16:30:12.533 [FXGL Background Thread 2 ] INFO  UpdaterService       - Latest stable version: 17.3
16:30:13.777 [FXGL Background Thread 3 ] DEBUG Engine               - Logging environment variables
16:30:13.778 [FXGL Background Thread 3 ] DEBUG Engine               - achievements: []
16:30:13.779 [FXGL Background Thread 3 ] DEBUG Engine               - actualHeight: 600.0
16:30:13.779 [FXGL Background Thread 3 ] DEBUG Engine               - actualHeightProperty: ReadOnlyDoubleProperty [value: 600.0]
16:30:13.779 [FXGL Background Thread 3 ] DEBUG Engine               - actualWidth: 800.0
16:30:13.779 [FXGL Background Thread 3 ] DEBUG Engine               - actualWidthProperty: ReadOnlyDoubleProperty [value: 800.0]
16:30:13.779 [FXGL Background Thread 3 ] DEBUG Engine               - appIcon: fxgl_icon.png
16:30:13.780 [FXGL Background Thread 3 ] DEBUG Engine               - applicationMode: DEVELOPER
16:30:13.780 [FXGL Background Thread 3 ] DEBUG Engine               - cSSList: [fxgl_dark.css]
16:30:13.780 [FXGL Background Thread 3 ] DEBUG Engine               - collisionDetectionStrategy: BRUTE_FORCE
16:30:13.780 [FXGL Background Thread 3 ] DEBUG Engine               - configClass: Optional.empty
16:30:13.780 [FXGL Background Thread 3 ] DEBUG Engine               - credits: []
16:30:13.781 [FXGL Background Thread 3 ] DEBUG Engine               - defaultCursor: CursorInfo(imageName=fxgl_default_cursor.png, hotspotX=7.0, hotspotY=6.0)
16:30:13.782 [FXGL Background Thread 3 ] DEBUG Engine               - devBBoxColorProperty: ObjectProperty [value: 0xff0000ff]
16:30:13.782 [FXGL Background Thread 3 ] DEBUG Engine               - devEnableDebugCameraProperty: BooleanProperty [value: false]
16:30:13.782 [FXGL Background Thread 3 ] DEBUG Engine               - devSensorColorProperty: ObjectProperty [value: 0xffff00ff]
16:30:13.782 [FXGL Background Thread 3 ] DEBUG Engine               - devShowBBoxProperty: BooleanProperty [value: false]
16:30:13.782 [FXGL Background Thread 3 ] DEBUG Engine               - devShowPositionProperty: BooleanProperty [value: false]
16:30:13.782 [FXGL Background Thread 3 ] DEBUG Engine               - enabledMenuItems: []
16:30:13.782 [FXGL Background Thread 3 ] DEBUG Engine               - engineServices: [class com.almasb.fxgl.app.services.FXGLAssetLoaderService, class com.almasb.fxgl.app.FXGLApplication$GameApplicationService, class com.almasb.fxgl.app.services.FXGLDialogService, class com.almasb.fxgl.app.services.IOTaskExecutorService, class com.almasb.fxgl.io.FileSystemService, class com.almasb.fxgl.localization.LocalizationService, class com.almasb.fxgl.app.services.SystemBundleService, class com.almasb.fxgl.profile.SaveLoadService, class com.almasb.fxgl.ui.FXGLUIFactoryServiceProvider, class com.almasb.fxgl.ui.FXGLDialogFactoryServiceProvider, class com.almasb.fxgl.audio.AudioPlayer, class com.almasb.fxgl.notification.impl.NotificationServiceProvider, class com.almasb.fxgl.achievement.AchievementService, class com.almasb.fxgl.cutscene.CutsceneService, class com.almasb.fxgl.minigames.MiniGameService, class com.almasb.fxgl.net.NetService, class com.almasb.fxgl.app.services.UpdaterService, class com.almasb.fxgl.dev.DevService]
16:30:13.782 [FXGL Background Thread 3 ] DEBUG Engine               - fontGame: Abel-Regular.ttf
16:30:13.782 [FXGL Background Thread 3 ] DEBUG Engine               - fontMono: TerminalLandMono-Regular.otf
16:30:13.783 [FXGL Background Thread 3 ] DEBUG Engine               - fontText: Courier-Prime.ttf
16:30:13.783 [FXGL Background Thread 3 ] DEBUG Engine               - fontUI: VarelaRound-Regular.ttf
16:30:13.783 [FXGL Background Thread 3 ] DEBUG Engine               - fullScreen: BooleanProperty [value: false]
16:30:13.783 [FXGL Background Thread 3 ] DEBUG Engine               - gameDifficulty: MEDIUM
16:30:13.783 [FXGL Background Thread 3 ] DEBUG Engine               - gameDifficultyProperty: ObjectProperty [value: MEDIUM]
16:30:13.783 [FXGL Background Thread 3 ] DEBUG Engine               - globalMusicVolume: 0.5
16:30:13.783 [FXGL Background Thread 3 ] DEBUG Engine               - globalMusicVolumeProperty: DoubleProperty [value: 0.5]
16:30:13.783 [FXGL Background Thread 3 ] DEBUG Engine               - globalSoundVolume: 0.5
16:30:13.784 [FXGL Background Thread 3 ] DEBUG Engine               - globalSoundVolumeProperty: DoubleProperty [value: 0.5]
16:30:13.784 [FXGL Background Thread 3 ] DEBUG Engine               - height: 600
16:30:13.784 [FXGL Background Thread 3 ] DEBUG Engine               - is3D: false
16:30:13.784 [FXGL Background Thread 3 ] DEBUG Engine               - isAndroid: false
16:30:13.784 [FXGL Background Thread 3 ] DEBUG Engine               - isBrowser: false
16:30:13.784 [FXGL Background Thread 3 ] DEBUG Engine               - isClickFeedbackEnabled: false
16:30:13.785 [FXGL Background Thread 3 ] DEBUG Engine               - isCloseConfirmation: false
16:30:13.785 [FXGL Background Thread 3 ] DEBUG Engine               - isDesktop: true
16:30:13.785 [FXGL Background Thread 3 ] DEBUG Engine               - isDeveloperMenuEnabled: false
16:30:13.785 [FXGL Background Thread 3 ] DEBUG Engine               - isEmbedded: false
16:30:13.785 [FXGL Background Thread 3 ] DEBUG Engine               - isEntityPreloadEnabled: true
16:30:13.785 [FXGL Background Thread 3 ] DEBUG Engine               - isExperimentalTiledLargeMap: false
16:30:13.785 [FXGL Background Thread 3 ] DEBUG Engine               - isFileSystemWriteAllowed: true
16:30:13.785 [FXGL Background Thread 3 ] DEBUG Engine               - isFullScreenAllowed: false
16:30:13.785 [FXGL Background Thread 3 ] DEBUG Engine               - isFullScreenFromStart: false
16:30:13.785 [FXGL Background Thread 3 ] DEBUG Engine               - isGameMenuEnabled: true
16:30:13.785 [FXGL Background Thread 3 ] DEBUG Engine               - isIOS: false
16:30:13.785 [FXGL Background Thread 3 ] DEBUG Engine               - isIntroEnabled: false
16:30:13.786 [FXGL Background Thread 3 ] DEBUG Engine               - isLinux: false
16:30:13.786 [FXGL Background Thread 3 ] DEBUG Engine               - isMac: false
16:30:13.786 [FXGL Background Thread 3 ] DEBUG Engine               - isMainMenuEnabled: false
16:30:13.786 [FXGL Background Thread 3 ] DEBUG Engine               - isManualResizeEnabled: false
16:30:13.786 [FXGL Background Thread 3 ] DEBUG Engine               - isMobile: false
16:30:13.786 [FXGL Background Thread 3 ] DEBUG Engine               - isNative: false
16:30:13.786 [FXGL Background Thread 3 ] DEBUG Engine               - isPauseMusicWhenMinimized: true
16:30:13.786 [FXGL Background Thread 3 ] DEBUG Engine               - isPreserveResizeRatio: false
16:30:13.786 [FXGL Background Thread 3 ] DEBUG Engine               - isProfilingEnabled: false
16:30:13.786 [FXGL Background Thread 3 ] DEBUG Engine               - isScaleAffectedOnResize: true
16:30:13.786 [FXGL Background Thread 3 ] DEBUG Engine               - isSingleStep: false
16:30:13.786 [FXGL Background Thread 3 ] DEBUG Engine               - isUserProfileEnabled: false
16:30:13.786 [FXGL Background Thread 3 ] DEBUG Engine               - isWindows: true
16:30:13.786 [FXGL Background Thread 3 ] DEBUG Engine               - language: ObjectProperty [value: ENGLISH]
16:30:13.787 [FXGL Background Thread 3 ] DEBUG Engine               - menuKey: ESCAPE
16:30:13.787 [FXGL Background Thread 3 ] DEBUG Engine               - mouseSensitivity: 0.2
16:30:13.787 [FXGL Background Thread 3 ] DEBUG Engine               - notificationViewClass: class com.almasb.fxgl.notification.view.XboxNotificationView
16:30:13.787 [FXGL Background Thread 3 ] DEBUG Engine               - pixelsPerMeter: 50.0
16:30:13.787 [FXGL Background Thread 3 ] DEBUG Engine               - platform: WINDOWS
16:30:13.787 [FXGL Background Thread 3 ] DEBUG Engine               - prefHeightProperty: ReadOnlyDoubleProperty [value: 600.0]
16:30:13.787 [FXGL Background Thread 3 ] DEBUG Engine               - prefWidthProperty: ReadOnlyDoubleProperty [value: 800.0]
16:30:13.787 [FXGL Background Thread 3 ] DEBUG Engine               - profileDir: profiles/
16:30:13.787 [FXGL Background Thread 3 ] DEBUG Engine               - profileName: StringProperty [value: DEFAULT]
16:30:13.787 [FXGL Background Thread 3 ] DEBUG Engine               - randomSeed: -1
16:30:13.788 [FXGL Background Thread 3 ] DEBUG Engine               - runtimeInfo: RuntimeInfo(platform=WINDOWS, version=17.2, build=20.08.2022 16.50)
16:30:13.788 [FXGL Background Thread 3 ] DEBUG Engine               - saveFileExt: sav
16:30:13.788 [FXGL Background Thread 3 ] DEBUG Engine               - scaledHeightProp$fxgl: DoubleProperty [bound, value: 600.0]
16:30:13.788 [FXGL Background Thread 3 ] DEBUG Engine               - scaledWidthProp$fxgl: DoubleProperty [bound, value: 800.0]
16:30:13.788 [FXGL Background Thread 3 ] DEBUG Engine               - sceneFactory: com.almasb.fxgl.app.scene.SceneFactory@4209fa96
16:30:13.788 [FXGL Background Thread 3 ] DEBUG Engine               - secondsIn24h: 60
16:30:13.788 [FXGL Background Thread 3 ] DEBUG Engine               - soundMenuBack: menu/back.wav
16:30:13.788 [FXGL Background Thread 3 ] DEBUG Engine               - soundMenuPress: menu/press.wav
16:30:13.788 [FXGL Background Thread 3 ] DEBUG Engine               - soundMenuSelect: menu/select.wav
16:30:13.788 [FXGL Background Thread 3 ] DEBUG Engine               - soundNotification: core/notification.wav
16:30:13.788 [FXGL Background Thread 3 ] DEBUG Engine               - stageStyle: DECORATED
16:30:13.788 [FXGL Background Thread 3 ] DEBUG Engine               - supportedLanguages: [ENGLISH, FRENCH, GERMAN, HUNGARIAN, RUSSIAN]
16:30:13.788 [FXGL Background Thread 3 ] DEBUG Engine               - ticksPerSecond: -1
16:30:13.789 [FXGL Background Thread 3 ] DEBUG Engine               - title: Untitled
16:30:13.789 [FXGL Background Thread 3 ] DEBUG Engine               - urlGithub: https://github.com/AlmasB/FXGL
16:30:13.789 [FXGL Background Thread 3 ] DEBUG Engine               - urlLeaderboard: http://fxgl-top.herokuapp.com/
16:30:13.789 [FXGL Background Thread 3 ] DEBUG Engine               - urlPOM: https://raw.githubusercontent.com/AlmasB/FXGL/release/README.md
16:30:13.789 [FXGL Background Thread 3 ] DEBUG Engine               - userAppClass: class com.example.nuclearthroneatomic.Controller
16:30:13.789 [FXGL Background Thread 3 ] DEBUG Engine               - version: 0.0
16:30:13.789 [FXGL Background Thread 3 ] DEBUG Engine               - versionCheckDays: 7
16:30:13.789 [FXGL Background Thread 3 ] DEBUG Engine               - width: 800
16:30:13.789 [FXGL Background Thread 3 ] DEBUG Engine               - Logging services
16:30:13.789 [FXGL Background Thread 3 ] DEBUG Engine               - class com.almasb.fxgl.app.services.FXGLAssetLoaderService
16:30:13.789 [FXGL Background Thread 3 ] DEBUG Engine               - class com.almasb.fxgl.app.FXGLApplication$GameApplicationService
16:30:13.789 [FXGL Background Thread 3 ] DEBUG Engine               - class com.almasb.fxgl.app.services.FXGLDialogService
16:30:13.790 [FXGL Background Thread 3 ] DEBUG Engine               - class com.almasb.fxgl.app.services.IOTaskExecutorService
16:30:13.790 [FXGL Background Thread 3 ] DEBUG Engine               - class com.almasb.fxgl.io.FileSystemService
16:30:13.790 [FXGL Background Thread 3 ] DEBUG Engine               - class com.almasb.fxgl.localization.LocalizationService
16:30:13.790 [FXGL Background Thread 3 ] DEBUG Engine               - class com.almasb.fxgl.app.services.SystemBundleService
16:30:13.790 [FXGL Background Thread 3 ] DEBUG Engine               - class com.almasb.fxgl.profile.SaveLoadService
16:30:13.790 [FXGL Background Thread 3 ] DEBUG Engine               - class com.almasb.fxgl.ui.FXGLUIFactoryServiceProvider
16:30:13.790 [FXGL Background Thread 3 ] DEBUG Engine               - class com.almasb.fxgl.ui.FXGLDialogFactoryServiceProvider
16:30:13.790 [FXGL Background Thread 3 ] DEBUG Engine               - class com.almasb.fxgl.audio.AudioPlayer
16:30:13.790 [FXGL Background Thread 3 ] DEBUG Engine               - class com.almasb.fxgl.notification.impl.NotificationServiceProvider
16:30:13.790 [FXGL Background Thread 3 ] DEBUG Engine               - class com.almasb.fxgl.achievement.AchievementService
16:30:13.790 [FXGL Background Thread 3 ] DEBUG Engine               - class com.almasb.fxgl.cutscene.CutsceneService
16:30:13.790 [FXGL Background Thread 3 ] DEBUG Engine               - class com.almasb.fxgl.minigames.MiniGameService
16:30:13.790 [FXGL Background Thread 3 ] DEBUG Engine               - class com.almasb.fxgl.net.NetService
16:30:13.791 [FXGL Background Thread 3 ] DEBUG Engine               - class com.almasb.fxgl.app.services.UpdaterService
16:30:13.791 [FXGL Background Thread 3 ] DEBUG Engine               - class com.almasb.fxgl.dev.DevService
16:30:15.226 [JavaFX Application Thread] DEBUG FXGLAssetLoaderServi - Loading from file system: file:/C:/Users/Juan/Desktop/Tarea%20Integradora%20III/NuclearThroneAtomic/src/nuclearthroneatomic/target/classes/assets/textures/Munition/2.png
16:30:23.782 [JavaFX Application Thread] DEBUG FXGLApplication      - Exiting FXGL
16:30:23.782 [JavaFX Application Thread] DEBUG LoopRunner           - Stopping loop
16:30:23.782 [JavaFX Application Thread] DEBUG SystemBundleService  - Saving FXGL system data
16:30:23.791 [JavaFX Application Thread] DEBUG FileSystemAccess     - Writing to: C:\Users\Juan\Desktop\Tarea Integradora III\NuclearThroneAtomic\system\fxgl.bundle
16:30:23.797 [JavaFX Application Thread] DEBUG Async                - Shutting down background threads
16:30:23.797 [JavaFX Application Thread] DEBUG PrimaryStageWindow   - Closing main window
16:30:23.814 [JavaFX Application Thread] DEBUG Logger               - Closing Logger
