16:18:40.298 [main                     ] DEBUG Logger               - Configured Logger
16:18:40.336 [main                     ] DEBUG GameApplication      - Logging settings
Title: Untitled
Version: 0.0
Width: 800
Height: 600
Fullscreen: false
Intro: false
Profiling: false
Single step:false
App Mode: DEVELOPER
Menu Key: ESCAPE
Stage Style: DECORATED
Scene Factory: class com.almasb.fxgl.app.scene.SceneFactory

16:18:41.185 [JavaFX Application Thread] DEBUG FXGLApplication      - Initializing FXGL
16:18:41.192 [JavaFX Application Thread] INFO  Engine               - FXGL-17.2 (20.08.2022 16.50) on WINDOWS (J:19.0.2 FX:18.0.2)
16:18:41.193 [JavaFX Application Thread] DEBUG Engine               - JRE Vendor Name: Oracle Corporation
16:18:41.193 [JavaFX Application Thread] DEBUG Engine               - Running on OS: Windows 10 version 10.0
16:18:41.193 [JavaFX Application Thread] DEBUG Engine               - Architecture: amd64
16:18:41.193 [JavaFX Application Thread] INFO  Engine               - Source code and latest versions at: https://github.com/AlmasB/FXGL
16:18:41.193 [JavaFX Application Thread] INFO  Engine               -       Ask questions and discuss at: https://github.com/AlmasB/FXGL/discussions
16:18:41.193 [JavaFX Application Thread] INFO  Engine               -              Join the FXGL chat at: https://gitter.im/AlmasB/FXGL
16:18:41.342 [JavaFX Application Thread] DEBUG PrimaryStageWindow   - Creating a JavaFX scene
16:18:41.402 [JavaFX Application Thread] DEBUG PrimaryStageWindow   - Target settings size: 800.0 x 600.0
16:18:41.403 [JavaFX Application Thread] DEBUG PrimaryStageWindow   - Scaled scene size:    800.0 x 600.0
16:18:41.404 [JavaFX Application Thread] DEBUG PrimaryStageWindow   - Scaled ratio: (1.0, 1.0)
16:18:41.405 [JavaFX Application Thread] DEBUG PrimaryStageWindow   - Set initial scene to FXGLStartupScene
16:18:41.414 [JavaFX Application Thread] DEBUG PrimaryStageWindow   - Opening main window
16:18:41.586 [JavaFX Application Thread] DEBUG PrimaryStageWindow   - Window border size: (16.0, 39.0)
16:18:41.587 [JavaFX Application Thread] DEBUG PrimaryStageWindow   - Scaled size: 800.0 x 600.0
16:18:41.587 [JavaFX Application Thread] DEBUG PrimaryStageWindow   - Scaled ratio: (1.0, 1.0)
16:18:41.587 [JavaFX Application Thread] DEBUG PrimaryStageWindow   - Scene size: 800.0 x 600.0
16:18:41.587 [JavaFX Application Thread] DEBUG PrimaryStageWindow   - Stage size: 816.0 x 639.0
16:18:41.621 [FXGL Background Thread 1 ] DEBUG Engine               - Initializing environment variables
16:18:41.705 [FXGL Background Thread 1 ] DEBUG FXGLAssetLoaderServi - User app class for loading assets: class com.example.nuclearthroneatomic.Controller
16:18:41.705 [FXGL Background Thread 1 ] DEBUG GameApplicationServi - Applying CSS: fxgl_dark.css
16:18:41.706 [FXGL Background Thread 1 ] DEBUG FXGLAssetLoaderServi - Loading from file system: jar:file:///C:/Users/Juan/.m2/repository/com/github/almasb/fxgl/17.2/fxgl-17.2.jar!/fxglassets/ui/css/fxgl_dark.css
16:18:41.792 [FXGL Background Thread 1 ] DEBUG GameApplicationServi - Initializing application scenes
16:18:41.934 [FXGL Background Thread 1 ] DEBUG GameWorld            - Game world initialized
16:18:42.050 [FXGL Background Thread 1 ] DEBUG PhysicsWorld         - Physics world initialized: appHeight=600, physics.ppm=50,0
16:18:42.051 [FXGL Background Thread 1 ] DEBUG PhysicsWorld         - Using strategy: BRUTE_FORCE
16:18:42.057 [FXGL Background Thread 1 ] DEBUG GameScene            - Game scene initialized: 800x600
16:18:42.073 [FXGL Background Thread 1 ] DEBUG FXGL.DefaultMenu     - createMenuBodyGameMenu()
16:18:42.103 [FXGL Background Thread 1 ] DEBUG FXGL.DefaultMenu     - createOptionsMenu()
16:18:42.148 [FXGL Background Thread 1 ] DEBUG FXGLAssetLoaderServi - Loading from file system: jar:file:///C:/Users/Juan/.m2/repository/com/github/almasb/fxgl/17.2/fxgl-17.2.jar!/fxglassets/textures/particles/smoke.png
16:18:42.567 [FXGL Background Thread 1 ] DEBUG FXGLAssetLoaderServi - Loading from file system: jar:file:///C:/Users/Juan/.m2/repository/com/github/almasb/fxgl/17.2/fxgl-17.2.jar!/fxglassets/textures/particles/trace_horizontal.png
16:18:42.618 [FXGL Background Thread 1 ] DEBUG GameApplicationServi - Application scenes initialized
16:18:42.710 [FXGL Background Thread 1 ] DEBUG SystemBundleService  - Loading FXGL system data
16:18:42.739 [FXGL Background Thread 1 ] DEBUG FileSystemAccess     - Reading from: C:\Users\Juan\Desktop\Tarea Integradora III\NuclearThroneAtomic\system\fxgl.bundle
16:18:42.889 [FXGL Background Thread 1 ] DEBUG SystemBundleService  - Bundle FXGL: {}
16:18:42.889 [FXGL Background Thread 1 ] DEBUG UpdaterService       - Checking for updates
16:18:42.897 [FXGL Background Thread 4 ] DEBUG FXGLApplication      - Loading fonts
16:18:42.899 [FXGL Background Thread 4 ] DEBUG FXGLAssetLoaderServi - Loading from file system: jar:file:///C:/Users/Juan/.m2/repository/com/github/almasb/fxgl/17.2/fxgl-17.2.jar!/fxglassets/ui/fonts/VarelaRound-Regular.ttf
16:18:42.933 [FXGL Background Thread 1 ] DEBUG FXGLApplication      - Loading default localization
16:18:42.934 [FXGL Background Thread 1 ] DEBUG FXGLAssetLoaderServi - Loading from file system: jar:file:///C:/Users/Juan/.m2/repository/com/github/almasb/fxgl/17.2/fxgl-17.2.jar!/fxglassets/languages/english.lang
16:18:43.085 [FXGL Background Thread 1 ] INFO  FXGLApplication      - FXGL initialization took: 1,463 sec
16:18:43.097 [JavaFX Application Thread] DEBUG Input                - Registered new binding: Right - D
16:18:43.097 [JavaFX Application Thread] DEBUG Input                - Registered new binding: Left - A
16:18:43.097 [JavaFX Application Thread] DEBUG Input                - Registered new binding: Up - W
16:18:43.097 [JavaFX Application Thread] DEBUG Input                - Registered new binding: Down - S
16:18:43.100 [JavaFX Application Thread] DEBUG Input                - Registered new binding: Reload - RMB
16:18:43.100 [JavaFX Application Thread] DEBUG Input                - Registered new binding: Shoot - LMB
16:18:43.101 [JavaFX Application Thread] DEBUG FXGLAssetLoaderServi - Loading from file system: jar:file:///C:/Users/Juan/.m2/repository/com/github/almasb/fxgl/17.2/fxgl-17.2.jar!/fxglassets/textures/fxgl_icon.png
16:18:43.148 [JavaFX Application Thread] DEBUG FXGLAssetLoaderServi - Loading from file system: jar:file:///C:/Users/Juan/.m2/repository/com/github/almasb/fxgl/17.2/fxgl-17.2.jar!/fxglassets/textures/fxgl_default_cursor.png
16:18:43.154 [JavaFX Application Thread] DEBUG Input                - Registered new binding: Screenshot - CTRL+8
16:18:43.156 [JavaFX Application Thread] DEBUG Input                - Registered new binding: System info dump - CTRL+9
16:18:43.156 [JavaFX Application Thread] DEBUG Input                - Registered new binding: Restart - CTRL+R
16:18:43.157 [JavaFX Application Thread] DEBUG Input                - Registered new binding: Toggle Debug Camera - CTRL+7
16:18:43.159 [JavaFX Application Thread] DEBUG LoopRunner           - Starting loop
16:18:43.159 [JavaFX Application Thread] DEBUG LoopRunner           - Initializing JavaFX AnimationTimerLoop
16:18:43.163 [JavaFX Application Thread] DEBUG GameApplicationServi - Starting new game
16:18:43.164 [JavaFX Application Thread] DEBUG Input                - Clearing active input actions
16:18:43.178 [JavaFX Application Thread] DEBUG GameApplicationServi - Removing overlay from FXGLStartupScene and adding to FXGLLoadingScene
16:18:43.179 [JavaFX Application Thread] DEBUG PrimaryStageWindow   - FXGLStartupScene -> FXGLLoadingScene
16:18:43.180 [JavaFX Application Thread] DEBUG GameApplicationServi - Clearing previous game
16:18:43.180 [JavaFX Application Thread] DEBUG GameScene            - Clearing game scene
16:18:43.180 [JavaFX Application Thread] DEBUG GameWorld            - Clearing game world
16:18:43.180 [JavaFX Application Thread] DEBUG PhysicsWorld         - Clearing physics world
16:18:43.183 [FXGL Background Thread 1 ] DEBUG FXGLApplication      - Initializing game
16:18:43.188 [FXGL Background Thread 4 ] DEBUG FXGLAssetLoaderServi - Loading from file system: jar:file:///C:/Users/Juan/.m2/repository/com/github/almasb/fxgl/17.2/fxgl-17.2.jar!/fxglassets/ui/fonts/Abel-Regular.ttf
16:18:43.199 [FXGL Background Thread 1 ] DEBUG FXGLAssetLoaderServi - Loading from file system: file:/C:/Users/Juan/Desktop/Tarea%20Integradora%20III/NuclearThroneAtomic/src/nuclearthroneatomic/target/classes/assets/textures/Avatar/1-Idle/1.png
16:18:43.221 [FXGL Background Thread 1 ] DEBUG FXGLAssetLoaderServi - Loading from file system: file:/C:/Users/Juan/Desktop/Tarea%20Integradora%20III/NuclearThroneAtomic/src/nuclearthroneatomic/target/classes/assets/textures/Avatar/1-Idle/2.png
16:18:43.223 [FXGL Background Thread 4 ] DEBUG FXGLAssetLoaderServi - Loading from file system: jar:file:///C:/Users/Juan/.m2/repository/com/github/almasb/fxgl/17.2/fxgl-17.2.jar!/fxglassets/ui/fonts/TerminalLandMono-Regular.otf
16:18:43.234 [FXGL Background Thread 1 ] DEBUG FXGLAssetLoaderServi - Loading from file system: file:/C:/Users/Juan/Desktop/Tarea%20Integradora%20III/NuclearThroneAtomic/src/nuclearthroneatomic/target/classes/assets/textures/Avatar/1-Idle/3.png
16:18:43.251 [FXGL Background Thread 1 ] DEBUG FXGLAssetLoaderServi - Loading from file system: file:/C:/Users/Juan/Desktop/Tarea%20Integradora%20III/NuclearThroneAtomic/src/nuclearthroneatomic/target/classes/assets/textures/Avatar/1-Idle/4.png
16:18:43.269 [FXGL Background Thread 4 ] DEBUG FXGLAssetLoaderServi - Loading from file system: jar:file:///C:/Users/Juan/.m2/repository/com/github/almasb/fxgl/17.2/fxgl-17.2.jar!/fxglassets/ui/fonts/Courier-Prime.ttf
16:18:43.385 [FXGL Background Thread 1 ] DEBUG FXGLAssetLoaderServi - Loading from file system: file:/C:/Users/Juan/Desktop/Tarea%20Integradora%20III/NuclearThroneAtomic/src/nuclearthroneatomic/target/classes/assets/textures/Avatar/2-Run/1.png
16:18:43.397 [FXGL Background Thread 1 ] DEBUG FXGLAssetLoaderServi - Loading from file system: file:/C:/Users/Juan/Desktop/Tarea%20Integradora%20III/NuclearThroneAtomic/src/nuclearthroneatomic/target/classes/assets/textures/Avatar/2-Run/2.png
16:18:43.409 [FXGL Background Thread 1 ] DEBUG FXGLAssetLoaderServi - Loading from file system: file:/C:/Users/Juan/Desktop/Tarea%20Integradora%20III/NuclearThroneAtomic/src/nuclearthroneatomic/target/classes/assets/textures/Avatar/2-Run/3.png
16:18:43.416 [FXGL Background Thread 1 ] DEBUG FXGLAssetLoaderServi - Loading from file system: file:/C:/Users/Juan/Desktop/Tarea%20Integradora%20III/NuclearThroneAtomic/src/nuclearthroneatomic/target/classes/assets/textures/Avatar/2-Run/4.png
16:18:43.430 [FXGL Background Thread 1 ] DEBUG FXGLAssetLoaderServi - Loading from file system: file:/C:/Users/Juan/Desktop/Tarea%20Integradora%20III/NuclearThroneAtomic/src/nuclearthroneatomic/target/classes/assets/textures/Avatar/2-Run/5.png
16:18:43.446 [FXGL Background Thread 1 ] DEBUG FXGLAssetLoaderServi - Loading from file system: file:/C:/Users/Juan/Desktop/Tarea%20Integradora%20III/NuclearThroneAtomic/src/nuclearthroneatomic/target/classes/assets/textures/Avatar/2-Run/6.png
16:18:43.481 [FXGL Background Thread 1 ] DEBUG FXGLAssetLoaderServi - Loading from file system: file:/C:/Users/Juan/Desktop/Tarea%20Integradora%20III/NuclearThroneAtomic/src/nuclearthroneatomic/target/classes/assets/textures/Munition/1.png
16:18:43.530 [FXGL Background Thread 1 ] DEBUG FXGLAssetLoaderServi - Loading from file system: file:/C:/Users/Juan/Desktop/Tarea%20Integradora%20III/NuclearThroneAtomic/src/nuclearthroneatomic/target/classes/assets/textures/Guns/1.png
16:18:43.549 [FXGL Background Thread 1 ] DEBUG FXGLAssetLoaderServi - Loading from file system: file:/C:/Users/Juan/Desktop/Tarea%20Integradora%20III/NuclearThroneAtomic/src/nuclearthroneatomic/target/classes/assets/textures/Guns/2.png
16:18:43.565 [FXGL Background Thread 1 ] DEBUG FXGLAssetLoaderServi - Loading from file system: file:/C:/Users/Juan/Desktop/Tarea%20Integradora%20III/NuclearThroneAtomic/src/nuclearthroneatomic/target/classes/assets/textures/Wall/1.png
16:18:43.699 [FXGL Background Thread 1 ] INFO  FXGLApplication      - Game initialization took: 0,516 sec
16:18:43.752 [JavaFX Application Thread] DEBUG FXGLApplication      - Registering font factories with UI factory
16:18:43.761 [JavaFX Application Thread] DEBUG Input                - Clearing active input actions
16:18:43.784 [JavaFX Application Thread] DEBUG GameApplicationServi - Removing overlay from FXGLLoadingScene and adding to GameScene
16:18:43.784 [JavaFX Application Thread] DEBUG PrimaryStageWindow   - FXGLLoadingScene -> GameScene
16:18:45.030 [JavaFX Application Thread] DEBUG FXGLAssetLoaderServi - Loading from file system: file:/C:/Users/Juan/Desktop/Tarea%20Integradora%20III/NuclearThroneAtomic/src/nuclearthroneatomic/target/classes/assets/textures/Bullet/1.png
16:18:45.334 [FXGL Background Thread 2 ] INFO  UpdaterService       - Your current version:  17.2
16:18:45.334 [FXGL Background Thread 2 ] INFO  UpdaterService       - Latest stable version: 17.3
16:18:45.950 [FXGL Background Thread 3 ] DEBUG Engine               - Logging environment variables
16:18:45.950 [FXGL Background Thread 3 ] DEBUG Engine               - achievements: []
16:18:45.951 [FXGL Background Thread 3 ] DEBUG Engine               - actualHeight: 600.0
16:18:45.951 [FXGL Background Thread 3 ] DEBUG Engine               - actualHeightProperty: ReadOnlyDoubleProperty [value: 600.0]
16:18:45.951 [FXGL Background Thread 3 ] DEBUG Engine               - actualWidth: 800.0
16:18:45.951 [FXGL Background Thread 3 ] DEBUG Engine               - actualWidthProperty: ReadOnlyDoubleProperty [value: 800.0]
16:18:45.951 [FXGL Background Thread 3 ] DEBUG Engine               - appIcon: fxgl_icon.png
16:18:45.951 [FXGL Background Thread 3 ] DEBUG Engine               - applicationMode: DEVELOPER
16:18:45.951 [FXGL Background Thread 3 ] DEBUG Engine               - cSSList: [fxgl_dark.css]
16:18:45.951 [FXGL Background Thread 3 ] DEBUG Engine               - collisionDetectionStrategy: BRUTE_FORCE
16:18:45.951 [FXGL Background Thread 3 ] DEBUG Engine               - configClass: Optional.empty
16:18:45.951 [FXGL Background Thread 3 ] DEBUG Engine               - credits: []
16:18:45.952 [FXGL Background Thread 3 ] DEBUG Engine               - defaultCursor: CursorInfo(imageName=fxgl_default_cursor.png, hotspotX=7.0, hotspotY=6.0)
16:18:45.953 [FXGL Background Thread 3 ] DEBUG Engine               - devBBoxColorProperty: ObjectProperty [value: 0xff0000ff]
16:18:45.953 [FXGL Background Thread 3 ] DEBUG Engine               - devEnableDebugCameraProperty: BooleanProperty [value: false]
16:18:45.953 [FXGL Background Thread 3 ] DEBUG Engine               - devSensorColorProperty: ObjectProperty [value: 0xffff00ff]
16:18:45.953 [FXGL Background Thread 3 ] DEBUG Engine               - devShowBBoxProperty: BooleanProperty [value: false]
16:18:45.953 [FXGL Background Thread 3 ] DEBUG Engine               - devShowPositionProperty: BooleanProperty [value: false]
16:18:45.953 [FXGL Background Thread 3 ] DEBUG Engine               - enabledMenuItems: []
16:18:45.953 [FXGL Background Thread 3 ] DEBUG Engine               - engineServices: [class com.almasb.fxgl.app.services.FXGLAssetLoaderService, class com.almasb.fxgl.app.FXGLApplication$GameApplicationService, class com.almasb.fxgl.app.services.FXGLDialogService, class com.almasb.fxgl.app.services.IOTaskExecutorService, class com.almasb.fxgl.io.FileSystemService, class com.almasb.fxgl.localization.LocalizationService, class com.almasb.fxgl.app.services.SystemBundleService, class com.almasb.fxgl.profile.SaveLoadService, class com.almasb.fxgl.ui.FXGLUIFactoryServiceProvider, class com.almasb.fxgl.ui.FXGLDialogFactoryServiceProvider, class com.almasb.fxgl.audio.AudioPlayer, class com.almasb.fxgl.notification.impl.NotificationServiceProvider, class com.almasb.fxgl.achievement.AchievementService, class com.almasb.fxgl.cutscene.CutsceneService, class com.almasb.fxgl.minigames.MiniGameService, class com.almasb.fxgl.net.NetService, class com.almasb.fxgl.app.services.UpdaterService, class com.almasb.fxgl.dev.DevService]
16:18:45.953 [FXGL Background Thread 3 ] DEBUG Engine               - fontGame: Abel-Regular.ttf
16:18:45.953 [FXGL Background Thread 3 ] DEBUG Engine               - fontMono: TerminalLandMono-Regular.otf
16:18:45.953 [FXGL Background Thread 3 ] DEBUG Engine               - fontText: Courier-Prime.ttf
16:18:45.953 [FXGL Background Thread 3 ] DEBUG Engine               - fontUI: VarelaRound-Regular.ttf
16:18:45.954 [FXGL Background Thread 3 ] DEBUG Engine               - fullScreen: BooleanProperty [value: false]
16:18:45.954 [FXGL Background Thread 3 ] DEBUG Engine               - gameDifficulty: MEDIUM
16:18:45.954 [FXGL Background Thread 3 ] DEBUG Engine               - gameDifficultyProperty: ObjectProperty [value: MEDIUM]
16:18:45.954 [FXGL Background Thread 3 ] DEBUG Engine               - globalMusicVolume: 0.5
16:18:45.954 [FXGL Background Thread 3 ] DEBUG Engine               - globalMusicVolumeProperty: DoubleProperty [value: 0.5]
16:18:45.954 [FXGL Background Thread 3 ] DEBUG Engine               - globalSoundVolume: 0.5
16:18:45.954 [FXGL Background Thread 3 ] DEBUG Engine               - globalSoundVolumeProperty: DoubleProperty [value: 0.5]
16:18:45.954 [FXGL Background Thread 3 ] DEBUG Engine               - height: 600
16:18:45.954 [FXGL Background Thread 3 ] DEBUG Engine               - is3D: false
16:18:45.954 [FXGL Background Thread 3 ] DEBUG Engine               - isAndroid: false
16:18:45.954 [FXGL Background Thread 3 ] DEBUG Engine               - isBrowser: false
16:18:45.954 [FXGL Background Thread 3 ] DEBUG Engine               - isClickFeedbackEnabled: false
16:18:45.955 [FXGL Background Thread 3 ] DEBUG Engine               - isCloseConfirmation: false
16:18:45.955 [FXGL Background Thread 3 ] DEBUG Engine               - isDesktop: true
16:18:45.955 [FXGL Background Thread 3 ] DEBUG Engine               - isDeveloperMenuEnabled: false
16:18:45.955 [FXGL Background Thread 3 ] DEBUG Engine               - isEmbedded: false
16:18:45.955 [FXGL Background Thread 3 ] DEBUG Engine               - isEntityPreloadEnabled: true
16:18:45.955 [FXGL Background Thread 3 ] DEBUG Engine               - isExperimentalTiledLargeMap: false
16:18:45.955 [FXGL Background Thread 3 ] DEBUG Engine               - isFileSystemWriteAllowed: true
16:18:45.955 [FXGL Background Thread 3 ] DEBUG Engine               - isFullScreenAllowed: false
16:18:45.955 [FXGL Background Thread 3 ] DEBUG Engine               - isFullScreenFromStart: false
16:18:45.955 [FXGL Background Thread 3 ] DEBUG Engine               - isGameMenuEnabled: true
16:18:45.955 [FXGL Background Thread 3 ] DEBUG Engine               - isIOS: false
16:18:45.955 [FXGL Background Thread 3 ] DEBUG Engine               - isIntroEnabled: false
16:18:45.955 [FXGL Background Thread 3 ] DEBUG Engine               - isLinux: false
16:18:45.955 [FXGL Background Thread 3 ] DEBUG Engine               - isMac: false
16:18:45.955 [FXGL Background Thread 3 ] DEBUG Engine               - isMainMenuEnabled: false
16:18:45.955 [FXGL Background Thread 3 ] DEBUG Engine               - isManualResizeEnabled: false
16:18:45.955 [FXGL Background Thread 3 ] DEBUG Engine               - isMobile: false
16:18:45.955 [FXGL Background Thread 3 ] DEBUG Engine               - isNative: false
16:18:45.955 [FXGL Background Thread 3 ] DEBUG Engine               - isPauseMusicWhenMinimized: true
16:18:45.955 [FXGL Background Thread 3 ] DEBUG Engine               - isPreserveResizeRatio: false
16:18:45.955 [FXGL Background Thread 3 ] DEBUG Engine               - isProfilingEnabled: false
16:18:45.956 [FXGL Background Thread 3 ] DEBUG Engine               - isScaleAffectedOnResize: true
16:18:45.956 [FXGL Background Thread 3 ] DEBUG Engine               - isSingleStep: false
16:18:45.956 [FXGL Background Thread 3 ] DEBUG Engine               - isUserProfileEnabled: false
16:18:45.956 [FXGL Background Thread 3 ] DEBUG Engine               - isWindows: true
16:18:45.957 [FXGL Background Thread 3 ] DEBUG Engine               - language: ObjectProperty [value: ENGLISH]
16:18:45.957 [FXGL Background Thread 3 ] DEBUG Engine               - menuKey: ESCAPE
16:18:45.957 [FXGL Background Thread 3 ] DEBUG Engine               - mouseSensitivity: 0.2
16:18:45.957 [FXGL Background Thread 3 ] DEBUG Engine               - notificationViewClass: class com.almasb.fxgl.notification.view.XboxNotificationView
16:18:45.957 [FXGL Background Thread 3 ] DEBUG Engine               - pixelsPerMeter: 50.0
16:18:45.957 [FXGL Background Thread 3 ] DEBUG Engine               - platform: WINDOWS
16:18:45.957 [FXGL Background Thread 3 ] DEBUG Engine               - prefHeightProperty: ReadOnlyDoubleProperty [value: 600.0]
16:18:45.957 [FXGL Background Thread 3 ] DEBUG Engine               - prefWidthProperty: ReadOnlyDoubleProperty [value: 800.0]
16:18:45.957 [FXGL Background Thread 3 ] DEBUG Engine               - profileDir: profiles/
16:18:45.957 [FXGL Background Thread 3 ] DEBUG Engine               - profileName: StringProperty [value: DEFAULT]
16:18:45.957 [FXGL Background Thread 3 ] DEBUG Engine               - randomSeed: -1
16:18:45.958 [FXGL Background Thread 3 ] DEBUG Engine               - runtimeInfo: RuntimeInfo(platform=WINDOWS, version=17.2, build=20.08.2022 16.50)
16:18:45.958 [FXGL Background Thread 3 ] DEBUG Engine               - saveFileExt: sav
16:18:45.958 [FXGL Background Thread 3 ] DEBUG Engine               - scaledHeightProp$fxgl: DoubleProperty [bound, value: 600.0]
16:18:45.958 [FXGL Background Thread 3 ] DEBUG Engine               - scaledWidthProp$fxgl: DoubleProperty [bound, value: 800.0]
16:18:45.958 [FXGL Background Thread 3 ] DEBUG Engine               - sceneFactory: com.almasb.fxgl.app.scene.SceneFactory@6e5d6ced
16:18:45.958 [FXGL Background Thread 3 ] DEBUG Engine               - secondsIn24h: 60
16:18:45.958 [FXGL Background Thread 3 ] DEBUG Engine               - soundMenuBack: menu/back.wav
16:18:45.958 [FXGL Background Thread 3 ] DEBUG Engine               - soundMenuPress: menu/press.wav
16:18:45.958 [FXGL Background Thread 3 ] DEBUG Engine               - soundMenuSelect: menu/select.wav
16:18:45.958 [FXGL Background Thread 3 ] DEBUG Engine               - soundNotification: core/notification.wav
16:18:45.958 [FXGL Background Thread 3 ] DEBUG Engine               - stageStyle: DECORATED
16:18:45.958 [FXGL Background Thread 3 ] DEBUG Engine               - supportedLanguages: [ENGLISH, FRENCH, GERMAN, HUNGARIAN, RUSSIAN]
16:18:45.958 [FXGL Background Thread 3 ] DEBUG Engine               - ticksPerSecond: -1
16:18:45.958 [FXGL Background Thread 3 ] DEBUG Engine               - title: Untitled
16:18:45.958 [FXGL Background Thread 3 ] DEBUG Engine               - urlGithub: https://github.com/AlmasB/FXGL
16:18:45.959 [FXGL Background Thread 3 ] DEBUG Engine               - urlLeaderboard: http://fxgl-top.herokuapp.com/
16:18:45.959 [FXGL Background Thread 3 ] DEBUG Engine               - urlPOM: https://raw.githubusercontent.com/AlmasB/FXGL/release/README.md
16:18:45.959 [FXGL Background Thread 3 ] DEBUG Engine               - userAppClass: class com.example.nuclearthroneatomic.Controller
16:18:45.959 [FXGL Background Thread 3 ] DEBUG Engine               - version: 0.0
16:18:45.959 [FXGL Background Thread 3 ] DEBUG Engine               - versionCheckDays: 7
16:18:45.959 [FXGL Background Thread 3 ] DEBUG Engine               - width: 800
16:18:45.959 [FXGL Background Thread 3 ] DEBUG Engine               - Logging services
16:18:45.959 [FXGL Background Thread 3 ] DEBUG Engine               - class com.almasb.fxgl.app.services.FXGLAssetLoaderService
16:18:45.960 [FXGL Background Thread 3 ] DEBUG Engine               - class com.almasb.fxgl.app.FXGLApplication$GameApplicationService
16:18:45.960 [FXGL Background Thread 3 ] DEBUG Engine               - class com.almasb.fxgl.app.services.FXGLDialogService
16:18:45.960 [FXGL Background Thread 3 ] DEBUG Engine               - class com.almasb.fxgl.app.services.IOTaskExecutorService
16:18:45.960 [FXGL Background Thread 3 ] DEBUG Engine               - class com.almasb.fxgl.io.FileSystemService
16:18:45.960 [FXGL Background Thread 3 ] DEBUG Engine               - class com.almasb.fxgl.localization.LocalizationService
16:18:45.960 [FXGL Background Thread 3 ] DEBUG Engine               - class com.almasb.fxgl.app.services.SystemBundleService
16:18:45.960 [FXGL Background Thread 3 ] DEBUG Engine               - class com.almasb.fxgl.profile.SaveLoadService
16:18:45.960 [FXGL Background Thread 3 ] DEBUG Engine               - class com.almasb.fxgl.ui.FXGLUIFactoryServiceProvider
16:18:45.960 [FXGL Background Thread 3 ] DEBUG Engine               - class com.almasb.fxgl.ui.FXGLDialogFactoryServiceProvider
16:18:45.960 [FXGL Background Thread 3 ] DEBUG Engine               - class com.almasb.fxgl.audio.AudioPlayer
16:18:45.961 [FXGL Background Thread 3 ] DEBUG Engine               - class com.almasb.fxgl.notification.impl.NotificationServiceProvider
16:18:45.961 [FXGL Background Thread 3 ] DEBUG Engine               - class com.almasb.fxgl.achievement.AchievementService
16:18:45.961 [FXGL Background Thread 3 ] DEBUG Engine               - class com.almasb.fxgl.cutscene.CutsceneService
16:18:45.961 [FXGL Background Thread 3 ] DEBUG Engine               - class com.almasb.fxgl.minigames.MiniGameService
16:18:45.961 [FXGL Background Thread 3 ] DEBUG Engine               - class com.almasb.fxgl.net.NetService
16:18:45.961 [FXGL Background Thread 3 ] DEBUG Engine               - class com.almasb.fxgl.app.services.UpdaterService
16:18:45.961 [FXGL Background Thread 3 ] DEBUG Engine               - class com.almasb.fxgl.dev.DevService
16:18:55.649 [JavaFX Application Thread] DEBUG FXGLAssetLoaderServi - Loading from file system: file:/C:/Users/Juan/Desktop/Tarea%20Integradora%20III/NuclearThroneAtomic/src/nuclearthroneatomic/target/classes/assets/textures/Munition/2.png
16:18:56.039 [JavaFX Application Thread] DEBUG FXGLAssetLoaderServi - Loading from file system: file:/C:/Users/Juan/Desktop/Tarea%20Integradora%20III/NuclearThroneAtomic/src/nuclearthroneatomic/target/classes/assets/textures/Bullet/2.png
16:19:20.982 [JavaFX Application Thread] DEBUG FXGLApplication      - Exiting FXGL
16:19:20.982 [JavaFX Application Thread] DEBUG LoopRunner           - Stopping loop
16:19:20.982 [JavaFX Application Thread] DEBUG SystemBundleService  - Saving FXGL system data
16:19:20.989 [JavaFX Application Thread] DEBUG FileSystemAccess     - Writing to: C:\Users\Juan\Desktop\Tarea Integradora III\NuclearThroneAtomic\system\fxgl.bundle
16:19:20.995 [JavaFX Application Thread] DEBUG Async                - Shutting down background threads
16:19:20.995 [JavaFX Application Thread] DEBUG PrimaryStageWindow   - Closing main window
16:19:21.007 [JavaFX Application Thread] DEBUG Logger               - Closing Logger
